[20/12/2010 14:12:14] /t
[20/12/2010 14:12:16] /a 2
[20/12/2010 14:13:36] /storage [adm] dash, 100, 1
[20/12/2010 14:13:40] /storage [adm] dash, 101, 1
[20/12/2010 14:13:42] /storage [adm] dash, 102, 1
[20/12/2010 14:13:44] /storage [adm] dash, 103, 1
[20/12/2010 14:13:46] /storage [adm] dash, 104, 1
[20/12/2010 14:13:48] /storage [adm] dash, 105, 1
[20/12/2010 14:13:50] /storage [adm] dash, 106, 1
[20/12/2010 14:13:52] /storage [adm] dash, 107, 1
[20/12/2010 14:21:05] /i 2147
[20/12/2010 14:21:59] /i 2272
[20/12/2010 14:22:00] /i 2272
[20/12/2010 14:22:01] /i 2272
[20/12/2010 14:22:01] /i 2272
[20/12/2010 14:22:01] /i 2272
[20/12/2010 14:22:08] /i 2272
[20/12/2010 14:22:10] /i 2272
[20/12/2010 14:22:11] /i 2272
[20/12/2010 14:23:16] /t
[20/12/2010 14:36:40] /i 2146
[20/12/2010 14:39:47] /goto leader ash
[20/12/2010 14:42:40] /i 2272
[20/12/2010 14:43:14] /i 2272
[20/12/2010 14:43:37] /r
[20/12/2010 14:43:38] /r
[20/12/2010 14:43:40] /r
[20/12/2010 14:43:41] /r
[20/12/2010 14:43:42] /r
[20/12/2010 14:43:42] /r
[20/12/2010 14:44:28] /i 2272
[20/12/2010 14:46:37] /i 2272
[20/12/2010 14:46:38] /i 2272
[20/12/2010 14:46:54] /t
[20/12/2010 14:48:34] /goto leader ash
[20/12/2010 14:48:51] /i 2272
[20/12/2010 14:50:55] /i 2278
[20/12/2010 14:52:10] /m rattata s
[20/12/2010 14:52:47] /i 2272
[20/12/2010 14:52:47] /i 2272
[20/12/2010 14:52:48] /i 2272
[20/12/2010 14:53:20] /t
[20/12/2010 14:53:21] /a 45
[20/12/2010 14:53:36] /i 2146
[20/12/2010 14:54:29] /i 2272
[20/12/2010 14:56:26] /goto leader ash
[20/12/2010 14:58:41] /c fenix
[20/12/2010 15:02:50] /a 3
[20/12/2010 15:03:35] /a 2
[20/12/2010 15:05:47] /goto leader ash
[20/12/2010 15:07:18] /attr +health 1
[20/12/2010 15:08:46] /attr +health 10000000
[20/12/2010 15:08:52] /m golem
[20/12/2010 15:08:54] /r
[20/12/2010 15:08:56] /m golem s
[20/12/2010 15:09:01] /r
[20/12/2010 15:09:05] /r
[20/12/2010 15:10:14] /n nurse
[20/12/2010 15:10:20] /r
[20/12/2010 15:10:39] /a 13
[20/12/2010 15:10:39] /a 13
[20/12/2010 15:10:42] /c leader ash
[20/12/2010 15:11:05] /attr +health 50000
[20/12/2010 15:11:41] /goto fenix
[20/12/2010 15:11:45] /i 2246
[20/12/2010 15:11:54] /r
[20/12/2010 15:12:02] /i 2146
[20/12/2010 15:12:23] /goto leader ash
[20/12/2010 15:12:29] /attr health +5000
[20/12/2010 15:13:22] /ghost
[20/12/2010 15:18:26] /addskill Leader Ash, fishing
[20/12/2010 15:18:26] /addskill Leader Ash, fishing
[20/12/2010 15:21:18] tst
[20/12/2010 15:21:59] /m golem s
[20/12/2010 15:23:05] /r
[20/12/2010 15:23:14] /i defeated golem
[20/12/2010 15:23:30] /i 2276
[20/12/2010 15:24:19] /i 2277
[20/12/2010 15:26:27] tst
[20/12/2010 15:26:56] /a 45
[20/12/2010 15:26:58] /t
[20/12/2010 15:28:57] /i 2277
[20/12/2010 15:31:15] /m pidgeot s
[20/12/2010 15:32:37] /i hyper potion
[20/12/2010 15:34:09] /goto leader ash
[20/12/2010 15:34:56] /m pidgeot s
[20/12/2010 15:37:48] /goto fenix
[20/12/2010 15:41:37] /i 2272
[20/12/2010 15:44:00] /t
[20/12/2010 15:44:47] /m poliwhirl s
[20/12/2010 15:44:53] /r
[20/12/2010 15:44:54] /r
[20/12/2010 15:44:55] /r
[20/12/2010 15:44:56] /r
[20/12/2010 15:44:56] /r
[20/12/2010 15:44:57] /r
[20/12/2010 15:44:59] /r
[20/12/2010 15:45:24] /c fenix
[20/12/2010 15:45:37] /a 4
[20/12/2010 15:45:41] /i remains of magikarp
[20/12/2010 15:45:44] /i remain of magikarp
[20/12/2010 15:47:06] /goto leader ash
[20/12/2010 15:47:42] /t
[20/12/2010 15:50:57] /i 2272
[20/12/2010 15:57:47] /goto leader ash
[20/12/2010 15:58:16] /i 2277
[20/12/2010 16:00:28] /i defeated zubat
[20/12/2010 16:00:44] /n nurse
[20/12/2010 16:02:11] /i defeated zubat
[20/12/2010 16:02:15] /i 2146
[20/12/2010 16:02:19] /i 2147
[20/12/2010 16:02:21] /i defeated zubat
[20/12/2010 16:02:24] /i defeated zubat
[20/12/2010 16:02:28] /i defeated zubat
[20/12/2010 16:02:36] /i defeated zubat
[20/12/2010 16:02:45] /i defeated zubat
[20/12/2010 16:02:55] /i defeated zubat
[20/12/2010 16:02:55] /i defeated zubat
[20/12/2010 16:02:55] /i defeated zubat
[20/12/2010 16:02:56] /i defeated zubat
[20/12/2010 16:02:56] /i defeated zubat
[20/12/2010 16:02:56] /i defeated zubat
[20/12/2010 16:02:56] /i defeated zubat
[20/12/2010 16:05:36] /ghost
[20/12/2010 16:09:30] /ghost
[20/12/2010 16:09:36] /m pidgeot s
[20/12/2010 16:09:49] /r
[20/12/2010 16:09:50] /ghost
[20/12/2010 16:10:34] /ghost
[20/12/2010 16:10:38] /m pidgeot s
[20/12/2010 16:12:00] /m poliwrath s
[20/12/2010 16:12:52] /ghost
[20/12/2010 16:13:11] /m vileplume s
[20/12/2010 16:13:13] /ghost
[20/12/2010 16:14:00] /goto fenix
[20/12/2010 16:14:01] /ghost
[20/12/2010 16:14:11] /t
[20/12/2010 16:14:12] /c fenix
[20/12/2010 16:14:26] /a 2
[20/12/2010 16:16:27] /goto leader ash
[20/12/2010 16:16:55] /a 4
[20/12/2010 16:16:58] /ghost
[20/12/2010 16:17:00] /ghost
[20/12/2010 16:17:47] /m pidgeot s
[20/12/2010 16:19:00] /i fainted rattata
[20/12/2010 16:19:05] /i defeated rattata
[20/12/2010 16:19:05] /i defeated rattata
[20/12/2010 16:19:05] /i defeated rattata
[20/12/2010 16:19:06] /i defeated rattata
[20/12/2010 16:19:06] /i defeated rattata
[20/12/2010 16:19:06] /i defeated rattata
[20/12/2010 16:19:07] /i defeated rattata
[20/12/2010 16:19:07] /i defeated rattata
[20/12/2010 16:19:28] /goto fenix
[20/12/2010 16:20:14] /n nurse
[20/12/2010 16:20:23] /r
[20/12/2010 16:23:26] /i 2272
[20/12/2010 16:23:47] /i hyper potion
[20/12/2010 16:24:27] /i 2276
[20/12/2010 16:25:47] /s grimer
[20/12/2010 16:26:02] /r
[20/12/2010 16:27:41] /t
[20/12/2010 16:29:18] /ghost
[20/12/2010 16:29:19] /ghost
[20/12/2010 16:30:39] /i bat wing
[20/12/2010 16:34:11] /s abra
[20/12/2010 16:35:04] /a 5
[20/12/2010 16:36:11] /r
[20/12/2010 16:36:50] /m geodude s
[20/12/2010 16:37:14] /r
[20/12/2010 16:37:15] /r
[20/12/2010 16:42:33] /a 45
[20/12/2010 16:42:36] /c elite hero
[20/12/2010 16:42:57] /goto leader ash
[20/12/2010 16:43:02] /a 2
[20/12/2010 16:43:08] /s porygon
[20/12/2010 16:43:16] /t
[20/12/2010 16:43:20] /c leader ash
[20/12/2010 16:45:00] /c leader ash
[20/12/2010 16:45:18] /i 2278
[20/12/2010 16:45:23] /r
[20/12/2010 16:45:23] /r
[20/12/2010 16:45:24] /r
[20/12/2010 16:45:24] /r
[20/12/2010 16:45:24] /r
[20/12/2010 16:45:25] /r
[20/12/2010 16:45:25] /r
[20/12/2010 16:45:25] /r
[20/12/2010 16:45:26] /r
[20/12/2010 16:45:26] /r
[20/12/2010 16:45:26] /r
[20/12/2010 16:45:26] /r
[20/12/2010 16:45:27] /r
[20/12/2010 16:45:27] /r
[20/12/2010 16:45:27] /r
[20/12/2010 16:45:28] /r
[20/12/2010 16:45:28] /r
[20/12/2010 16:45:28] /r
[20/12/2010 16:45:29] /r
[20/12/2010 16:45:30] /r 100
[20/12/2010 16:45:49] /i defeated grimer
[20/12/2010 16:45:51] /i defeated grimer
[20/12/2010 16:45:57] /i defeated grimer
[20/12/2010 16:46:05] /i defeated grimer
[20/12/2010 16:46:15] /i defeated grimer
[20/12/2010 16:46:40] /i defeated grimer
[20/12/2010 16:47:18] /i defeated grimer
[20/12/2010 16:47:19] /i defeated grimer
[20/12/2010 16:47:29] /i 2278
[20/12/2010 16:47:52] /a 55
[20/12/2010 16:47:53] /a 55
[20/12/2010 16:47:55] /a 12
[20/12/2010 16:47:57] /a 3
[20/12/2010 16:47:58] /a 3
[20/12/2010 16:48:01] /c leader ash
[20/12/2010 16:49:58] /m victreebel s
[20/12/2010 16:50:47] /addskill Leader Ash, level
[20/12/2010 16:50:49] /addskill Leader Ash, level
[20/12/2010 16:50:49] /addskill Leader Ash, level
[20/12/2010 16:50:50] /addskill Leader Ash, level
[20/12/2010 16:50:50] /addskill Leader Ash, level
[20/12/2010 16:50:53] /addskill Leader Ash, level
[20/12/2010 16:50:53] /addskill Leader Ash, level
[20/12/2010 16:50:53] /addskill Leader Ash, level
[20/12/2010 16:50:54] /addskill Leader Ash, level
[20/12/2010 16:53:20] /t
[20/12/2010 16:53:24] /c leader ash
[20/12/2010 16:54:25] /addskill Leader Ash, level
[20/12/2010 16:54:27] /addskill Leader Ash, level, 15
[20/12/2010 16:54:30] /addskill Leader Ash, level, 15
[20/12/2010 16:54:33] /addskill Leader Ash, level, 4
[20/12/2010 16:54:37] /addskill Leader Ash, level, 3
[20/12/2010 16:54:49] /i 2288
[20/12/2010 16:54:51] /i 2289
[20/12/2010 16:54:53] /i 2289
[20/12/2010 16:54:57] /r
[20/12/2010 16:55:03] /i 2276
[20/12/2010 16:55:04] /i 2276
[20/12/2010 16:55:07] /i 2276
[20/12/2010 16:55:10] /i 2278
[20/12/2010 16:57:34] /addskill Andres Willian, 40
[20/12/2010 16:57:40] /addskill Andres Willian, level, 50
[20/12/2010 16:58:07] /i defeated horsea
[20/12/2010 16:58:19] /i 2277
[20/12/2010 16:58:41] /i 2277
[20/12/2010 16:59:08] /addskill Elite Hero, level, 50
[20/12/2010 16:59:59] /i 2278
[20/12/2010 17:01:00] /i 2277
[20/12/2010 17:01:04] /i 2281
[20/12/2010 17:01:18] /i 2277
[20/12/2010 17:01:29] /i 2277
[20/12/2010 17:01:35] /i 2278
[20/12/2010 17:01:37] /i 2281
[20/12/2010 17:01:48] /addskill Andres Wellian, level, 2
[20/12/2010 17:01:57] /addskill Andres Willian, level, 2
[20/12/2010 17:03:02] /s pidgeot
[20/12/2010 17:05:40] /r
[20/12/2010 17:05:52] /m pidgeot s
[20/12/2010 17:05:53] /ghost
[20/12/2010 17:06:02] /m pidgeot s
[20/12/2010 17:06:21] /m pidgeot s
[20/12/2010 17:06:41] /r
[20/12/2010 17:06:45] /n nurse
[20/12/2010 17:07:26] /m pidgeot s
[20/12/2010 17:08:26] /r
[20/12/2010 17:08:28] /n nurse
[20/12/2010 17:08:31] /m pidgeot s
[20/12/2010 17:09:13] /m pidgeot s
[20/12/2010 17:09:38] /m pidgeot s
[20/12/2010 17:10:41] /addskill Leader Ash, level, 80
[20/12/2010 17:11:00] /goto andres willian
[20/12/2010 17:11:05] /i 2146
[20/12/2010 17:11:36] /ghost
[20/12/2010 17:11:52] /i 2160
[20/12/2010 17:11:56] /goto leader ash
[20/12/2010 17:12:03] /m articuno
[20/12/2010 17:12:50] /r
[20/12/2010 17:13:21] /i 2160
[20/12/2010 17:13:35] /i 2160
[20/12/2010 17:13:35] /i 2160
[20/12/2010 17:13:36] /i 2160
[20/12/2010 17:13:43] /i 2160
[20/12/2010 17:15:02] /goto elite hero
[20/12/2010 17:15:07] /ghost
[20/12/2010 17:15:08] /ghost
[20/12/2010 17:15:16] /i defeated bellsprout
[20/12/2010 17:15:21] /i fainted bellsprout
[20/12/2010 17:15:24] /i fainted bellsprout
[20/12/2010 17:15:35] /i 2276
[20/12/2010 17:15:35] /i 2276
[20/12/2010 17:15:36] /i 2276
[20/12/2010 17:15:51] /addskill Elite Hero, level, 4
[20/12/2010 17:16:09] /i 2278
[20/12/2010 17:16:46] /i defeated grimer
[20/12/2010 17:16:46] /i defeated grimer
[20/12/2010 17:16:47] /i defeated grimer
[20/12/2010 17:17:33] /c leader ash
[20/12/2010 17:17:59] /s porygon
[20/12/2010 17:18:06] /c leader ash
[20/12/2010 17:18:14] /r
[20/12/2010 17:18:47] /owner Leader Ash
[20/12/2010 17:18:50] /a 2
[20/12/2010 17:18:51] /owner Leader Ash
[20/12/2010 17:19:14] /owner
[20/12/2010 17:19:19] /owner !
[20/12/2010 17:19:36] /t
[20/12/2010 17:19:38] /c leader ash
[20/12/2010 17:19:39] /a 14
[20/12/2010 17:19:45] /owner Leader Ash
[20/12/2010 17:19:48] /c leader ash
[20/12/2010 17:19:56] /a 4
[20/12/2010 17:19:56] /a 4
[20/12/2010 17:19:56] /a 4
[20/12/2010 17:19:57] /a 4
[20/12/2010 17:19:58] /a 4
[20/12/2010 17:20:00] /i 2160
[20/12/2010 17:20:06] /a 14
[20/12/2010 17:20:06] /a 14
[20/12/2010 17:20:28] /a 5
[20/12/2010 17:20:32] /owner leader ash
[20/12/2010 17:21:28] /t
[20/12/2010 17:21:29] /a 
[20/12/2010 17:21:31] /a 4
[20/12/2010 17:21:32] /a 4
[20/12/2010 17:21:32] /a 4
[20/12/2010 17:21:35] /c leader ash
[20/12/2010 17:23:29] /goto andres william
[20/12/2010 17:23:32] /goto andres willian
[20/12/2010 17:23:58] /i 2289
[20/12/2010 17:23:58] /i 2289
[20/12/2010 17:24:06] /goto leader ash
[20/12/2010 17:24:46] /a 14
[20/12/2010 17:24:46] /a 14
[20/12/2010 17:24:47] /a 14
[20/12/2010 17:24:56] /r
[20/12/2010 17:24:57] /r
[20/12/2010 17:25:00] /i 1112
[20/12/2010 17:25:01] /i 1112
[20/12/2010 17:25:05] /c leader ash
[20/12/2010 17:25:08] /r
[20/12/2010 17:25:09] /r
[20/12/2010 17:25:11] /c leader ash
[20/12/2010 17:25:14] /i 1112
[20/12/2010 17:25:15] /i 1112
[20/12/2010 17:25:42] /i 1023
[20/12/2010 17:25:52] /s pidgeot
[20/12/2010 17:26:00] /i 1015
[20/12/2010 17:26:01] /i 1015
[20/12/2010 17:26:02] /i 1015
[20/12/2010 17:26:03] /i 1015
[20/12/2010 17:26:03] /i 1015
[20/12/2010 17:26:04] /i 1015
[20/12/2010 17:26:04] /i 1015
[20/12/2010 17:26:05] /i 1015
[20/12/2010 17:26:06] /i 1015
[20/12/2010 17:26:07] /i 1015
[20/12/2010 17:26:07] /i 1015
[20/12/2010 17:26:08] /i 1015
[20/12/2010 17:26:09] /i 1015
[20/12/2010 17:26:09] /r
[20/12/2010 17:26:11] /r
[20/12/2010 17:26:14] /i 1012
[20/12/2010 17:26:18] /i 1112
[20/12/2010 17:26:19] /r
[20/12/2010 17:26:23] /r
[20/12/2010 17:26:24] /r
[20/12/2010 17:26:26] /r
[20/12/2010 17:26:27] /r
[20/12/2010 17:26:28] /r
[20/12/2010 17:26:29] /r
[20/12/2010 17:26:32] /r
[20/12/2010 17:26:34] /r
[20/12/2010 17:26:35] /r
[20/12/2010 17:26:37] /i 1112
[20/12/2010 17:26:40] /i 1012
[20/12/2010 17:26:41] /i 1015
[20/12/2010 17:26:42] /i 1015
[20/12/2010 17:26:44] /i 1015
[20/12/2010 17:26:44] /i 1015
[20/12/2010 17:26:45] /i 1015
[20/12/2010 17:26:52] /r
[20/12/2010 17:26:53] /r
[20/12/2010 17:26:58] /r
[20/12/2010 17:26:59] /r
[20/12/2010 17:27:01] /r
[20/12/2010 17:27:02] /r
[20/12/2010 17:27:04] /r
[20/12/2010 17:27:04] /r
[20/12/2010 17:27:05] /r
[20/12/2010 17:27:06] /r
[20/12/2010 17:27:07] /r
[20/12/2010 17:27:08] /r
[20/12/2010 17:27:09] /r
[20/12/2010 17:27:10] /r
[20/12/2010 17:27:10] /r
[20/12/2010 17:27:11] /r
[20/12/2010 17:27:13] /r
[20/12/2010 17:27:15] /r
[20/12/2010 17:27:16] /r
[20/12/2010 17:27:16] /r
[20/12/2010 17:27:18] /r
[20/12/2010 17:28:12] /attr group 6
[20/12/2010 17:29:08] /a 1
[20/12/2010 17:29:40] /goto andres william
[20/12/2010 17:29:41] /goto andres willian
[20/12/2010 17:29:46] /i 2277
[20/12/2010 17:29:46] /i 2277
[20/12/2010 17:29:51] /i 2276
[20/12/2010 17:29:51] /i 2276
[20/12/2010 17:30:54] /t
[20/12/2010 17:37:00] /r
[20/12/2010 17:39:12] /r
[20/12/2010 17:39:27] /i 2276
[20/12/2010 17:39:29] /i 2276
[20/12/2010 17:39:32] /i 2276
[20/12/2010 17:39:34] /i 2276
[20/12/2010 17:39:37] /i 2278
[20/12/2010 17:39:39] /i 2278
[20/12/2010 17:39:41] /t
[20/12/2010 17:39:48] /goto leader ash
[20/12/2010 17:41:04] /goto andres willian
[20/12/2010 17:41:06] /i 2289
[20/12/2010 17:41:08] /i 2289
[20/12/2010 17:41:35] /t
[20/12/2010 17:41:52] /c andres willian
[20/12/2010 17:42:47] /i 2278
[20/12/2010 17:43:37] /ghost
[20/12/2010 17:44:38] /goto elite hero
[20/12/2010 17:44:42] /i 2289
[20/12/2010 17:44:45] /i 2289
[20/12/2010 17:44:47] /i 2289
[20/12/2010 17:44:49] /t
[20/12/2010 17:45:41] /goto andres willian
[20/12/2010 17:49:17] /a 2
[20/12/2010 17:49:18] /a 2
[20/12/2010 17:49:18] /a 2
[20/12/2010 17:49:18] /a 2
[20/12/2010 17:50:32] /a 2
[20/12/2010 17:50:34] /a 5
[20/12/2010 17:50:38] /a 1
[20/12/2010 17:51:10] /a 2
[20/12/2010 17:51:34] /a 14
[20/12/2010 17:51:35] /a 2
[20/12/2010 17:52:35] /ghost
[20/12/2010 17:52:57] /a 3
[20/12/2010 17:52:58] /a 3
[20/12/2010 17:54:52] /a 2
[20/12/2010 17:54:55] /a 4
[20/12/2010 17:55:18] /a 2
[20/12/2010 17:55:19] /a 2
[20/12/2010 17:55:19] /a 2
[20/12/2010 17:56:51] /a 2
[20/12/2010 17:56:52] /a 2
[20/12/2010 17:56:52] /a 2
[20/12/2010 17:56:53] /a 2
[20/12/2010 17:56:53] /a 2
[20/12/2010 17:56:55] /a 2
[20/12/2010 17:56:56] /a 1
[20/12/2010 17:57:00] /a 5
[20/12/2010 17:57:26] /t
[20/12/2010 18:01:28] /a 3
[20/12/2010 18:04:37] /goto leader ash
[20/12/2010 18:05:23] /goto leader ash
[20/12/2010 18:05:26] /goto leader ash
[20/12/2010 18:05:33] /goto leader ash
[20/12/2010 18:05:35] /goto leader ash
[20/12/2010 18:05:35] /goto leader ash
[20/12/2010 18:05:36] /goto leader ash
[20/12/2010 18:05:37] /goto leader ash
[20/12/2010 18:06:08] /goto leader ash
[20/12/2010 18:08:21] /a 2
[20/12/2010 18:08:53] /goto leader ash
[20/12/2010 18:08:58] /attr group 1
[20/12/2010 18:09:20] /goto andres wllian
[20/12/2010 18:09:29] /goto andres willian
[20/12/2010 18:10:05] /goto lucashgas
[20/12/2010 18:12:29] /a 2
[20/12/2010 18:12:29] /a 2
[20/12/2010 18:12:30] /a 2
[20/12/2010 18:12:30] /a 2
[20/12/2010 18:15:30] /attr group 6
[20/12/2010 18:16:33] /a 2
[20/12/2010 18:16:56] /attr health 10000
[20/12/2010 18:18:47] /addskill Ash Ketchun, level, 200
[20/12/2010 18:19:51] /i tusk chair
[20/12/2010 18:19:55] /r
[20/12/2010 18:19:59] /i heavy package
[20/12/2010 18:20:57] /c ash ketchun
[20/12/2010 18:20:59] /c ash ketchun
[20/12/2010 18:21:00] /c ash ketchun
[20/12/2010 18:21:01] /c ash ketchun
[20/12/2010 18:21:02] /c ash ketchun
[20/12/2010 18:21:04] /c ash ketchun
[20/12/2010 18:21:05] /c ash ketchun
[20/12/2010 18:21:06] /c ash ketchun
[20/12/2010 18:21:07] /c ash ketchun
[20/12/2010 18:21:09] /c ash ketchun
[20/12/2010 18:21:44] /goto andres willian
[20/12/2010 18:22:11] /t
[20/12/2010 18:28:34] /goto andres willian
[20/12/2010 18:31:38] /m victreebel s
[20/12/2010 18:32:07] /m golem s
[20/12/2010 18:32:23] /r
[20/12/2010 18:34:11] /addskill Andres Willian, level, 15
[20/12/2010 18:34:26] /m golem s
[20/12/2010 18:34:33] /a 4
[20/12/2010 18:34:34] /a 4
[20/12/2010 18:34:36] /r
[20/12/2010 18:34:36] /r
[20/12/2010 18:34:53] /m golem s
[20/12/2010 18:35:41] /m articuno
[20/12/2010 18:35:44] /r
[20/12/2010 18:36:05] /i defeated oddish
[20/12/2010 18:36:16] /i 2276
[20/12/2010 18:36:20] /i 2276
[20/12/2010 18:36:22] /i 2278
[20/12/2010 18:38:02] /m articuno
[20/12/2010 18:43:11] /goto leader ash
[20/12/2010 18:43:25] /a 15
[20/12/2010 18:48:24] /s abra
[20/12/2010 18:48:47] /r
[20/12/2010 18:48:48] /r
[20/12/2010 18:48:50] /r
[20/12/2010 18:51:22] /goto leader ash
[20/12/2010 18:52:32] /ghost
[20/12/2010 18:52:34] /ghost
[20/12/2010 18:52:51] /a 2
[20/12/2010 18:52:53] /a 2
[20/12/2010 18:52:54] /a 2
[20/12/2010 18:52:54] /a 2
[20/12/2010 18:56:08] /goto leader ash
[20/12/2010 18:57:17] /goto elite hero
[20/12/2010 18:57:21] /goto Elite Hero
[20/12/2010 18:57:36] /goto Elite  hero
[20/12/2010 18:57:39] /goto Elite hero
[20/12/2010 18:57:53] /t
[20/12/2010 18:57:56] /a 12
[20/12/2010 18:57:57] /a 12
[20/12/2010 18:57:57] /a 12
[20/12/2010 18:57:58] /a 12
[20/12/2010 18:58:04] /t
[20/12/2010 18:58:23] /b test
[20/12/2010 19:02:30] /s pidgeot
[20/12/2010 19:04:20] /r
[20/12/2010 19:04:21] /r
[20/12/2010 19:04:27] /t
[20/12/2010 19:06:26] /s abra
[20/12/2010 19:14:37] /r
[20/12/2010 19:17:19] /attr [adm] dash, group 1
[20/12/2010 19:17:31] /attr [adm] dash, group
[20/12/2010 19:17:37] /attr group 1
[20/12/2010 19:17:50] /a 2
[20/12/2010 19:17:50] /a 2
[20/12/2010 19:17:51] /a 2
[20/12/2010 19:17:52] /a 2
[20/12/2010 19:17:58] /s abra
[20/12/2010 19:18:03] /r
[20/12/2010 19:18:05] /s abra
[20/12/2010 19:18:08] /r
[20/12/2010 19:18:09] /r
[20/12/2010 19:18:10] /r
[20/12/2010 19:19:55] /i bloody edge
[20/12/2010 19:20:05] /r
[20/12/2010 19:21:12] /t
[20/12/2010 19:23:34] /attr group 1
[20/12/2010 19:28:59] /a 12
[20/12/2010 19:29:03] /c lucashgas
[20/12/2010 19:29:09] /attr group 6
[20/12/2010 19:29:16] /closeserver
[20/12/2010 19:29:36] /a 2
[20/12/2010 19:33:30] /s weedle
[20/12/2010 19:33:45] /m articuno
[20/12/2010 19:37:22] /r
[20/12/2010 19:46:06] /i 2272
[20/12/2010 20:14:19] /a 1
[20/12/2010 20:14:20] /a 1
[20/12/2010 20:14:21] /a 1
[20/12/2010 20:14:22] /a 1
[20/12/2010 20:14:23] /a 1
[20/12/2010 20:14:24] /a 1
[20/12/2010 20:14:25] /a 1
[20/12/2010 20:14:26] /a 1
[20/12/2010 20:14:27] /a 1
[20/12/2010 20:19:05] /c
[20/12/2010 20:19:07] /c a
[20/12/2010 20:19:18] /r
[20/12/2010 20:19:24] /r
[20/12/2010 20:19:30] /m pidgeot s
[20/12/2010 20:20:38] /i super potion
[20/12/2010 20:21:08] /i mega potion
[20/12/2010 20:21:13] /i super potion
[20/12/2010 20:21:19] /m weepinbell s
[20/12/2010 20:23:43] /s weedle
[20/12/2010 20:23:46] /m articuno
[20/12/2010 20:23:47] /r
[20/12/2010 20:23:49] /r
[20/12/2010 20:23:51] /r
[20/12/2010 20:42:12] /m pidgeot s
[20/12/2010 20:43:13] /i defeated pidge
[20/12/2010 20:43:14] /i defeated pidgey
[20/12/2010 20:43:15] /i defeated pidgey
[20/12/2010 20:43:16] /i defeated pidgey
[20/12/2010 20:43:16] /i defeated pidgey
[20/12/2010 20:43:16] /i defeated pidgey
[20/12/2010 20:43:24] /r
[20/12/2010 20:43:27] /s articuno
[20/12/2010 20:43:37] /r
[20/12/2010 20:52:35] /i 5964
[20/12/2010 20:54:42] /i 5964
[20/12/2010 20:54:44] /i 2147
[20/12/2010 20:54:56] /r
[20/12/2010 20:54:57] /r
[20/12/2010 20:54:58] /r
[20/12/2010 21:11:12] /i 5964
[20/12/2010 21:11:12] /i 5964
[20/12/2010 21:11:13] /i 5964
[20/12/2010 21:11:16] /closeserver
[20/12/2010 21:13:09] /i 2284
[20/12/2010 21:21:05] /m articuno
[20/12/2010 21:22:29] /s weedle
[20/12/2010 21:22:36] /r
[20/12/2010 21:22:38] /r
[20/12/2010 21:48:53] /s kakuna
[20/12/2010 21:49:41] /s kakuna
[20/12/2010 21:49:58] /r
[20/12/2010 21:49:59] /s kakuna
[20/12/2010 21:55:13] /r
[20/12/2010 21:55:33] /m weepinbell s
[20/12/2010 21:57:58] /m weepinbell s
[20/12/2010 21:58:35] /m weepinbell s
[20/12/2010 22:03:14] /s kakuna
[20/12/2010 22:24:42] /r
[20/12/2010 22:36:22] /r
[20/12/2010 22:36:23] /r
[20/12/2010 22:36:39] /m weepinbell s
[20/12/2010 22:36:49] /attr group 1
[20/12/2010 22:37:03] /r
[20/12/2010 22:39:47] /m articuno
[20/12/2010 22:41:37] /m weepinbell s
[20/12/2010 22:46:21] /m weepinbell s
[20/12/2010 22:46:58] /m weepinbell s
[20/12/2010 22:47:36] /m weepinbell s
[20/12/2010 22:47:59] /m weepinbell s
[20/12/2010 22:48:30] /i mega potion
[20/12/2010 22:49:50] /m weepinbell s
[20/12/2010 22:50:47] /m weepinbell s
[20/12/2010 22:51:27] /m weepinbell s
[20/12/2010 22:52:00] /m weepinbell s
[20/12/2010 22:52:23] /i super potion
[20/12/2010 22:54:07] /m weepinbell s
[20/12/2010 22:54:16] /m weepinbell s
[20/12/2010 22:55:43] /m weepinbell s
[20/12/2010 22:58:11] /m beedrill
[20/12/2010 22:58:32] /r
[20/12/2010 22:58:37] /i hyper potion
[20/12/2010 22:58:57] /m beedrill
[20/12/2010 22:59:01] /r
[20/12/2010 23:00:09] /m beedrill
[20/12/2010 23:00:14] /r
[20/12/2010 23:03:47] /m beedrill
[20/12/2010 23:04:21] /r
[20/12/2010 23:13:54] /i super potion
[20/12/2010 23:28:22] /i 2284
[20/12/2010 23:28:22] /i 2284
[20/12/2010 23:29:31] /m articuno
[20/12/2010 23:45:17] /r
[21/12/2010 00:00:03] /addskill [adm] dash, level, 90
[21/12/2010 00:00:05] /addskill [adm] dash, level, 90
[21/12/2010 00:07:20] /addskill [adm] dash, level, -90
[21/12/2010 00:22:01] /a 4
[21/12/2010 00:22:14] /i remains of magikarp
[21/12/2010 00:22:17] /i remain of magikarp
[21/12/2010 00:22:27] /n eric
[21/12/2010 00:22:38] /i water gem
[21/12/2010 01:11:53] /m articuno
[21/12/2010 01:13:12] /m articuno
[21/12/2010 01:24:48] /i 1123
[21/12/2010 01:24:55] /r
[21/12/2010 01:24:59] /i 1111
[21/12/2010 01:25:00] /i 1111
[21/12/2010 01:25:00] /i 1111
[21/12/2010 01:25:01] /i 1111
[21/12/2010 01:25:01] /i 1111
[21/12/2010 01:25:02] /i 1111
[21/12/2010 01:25:03] /i 1111
[21/12/2010 01:25:03] /i 1111
[21/12/2010 01:25:04] /i 1111
[21/12/2010 01:25:05] /i 1111
[21/12/2010 01:25:05] /i 1111
[21/12/2010 01:25:06] /i 1111
[21/12/2010 01:25:07] /i 1111
[21/12/2010 01:25:08] /i 1111
[21/12/2010 01:25:09] /i 1111
[21/12/2010 01:25:09] /i 1111
[21/12/2010 01:25:17] /s alakazam
[21/12/2010 01:25:30] /i 1111
[21/12/2010 01:25:31] /i 1111
[21/12/2010 01:25:31] /i 1111
[21/12/2010 01:25:32] /i 1111
[21/12/2010 01:25:33] /i 1111
[21/12/2010 01:25:33] /i 1111
[21/12/2010 01:25:34] /i 1111
[21/12/2010 01:25:34] /i 1111
[21/12/2010 01:25:36] /a 2
[21/12/2010 01:25:37] /a 2
[21/12/2010 01:25:38] /a 2
[21/12/2010 01:25:38] /a 2
[21/12/2010 01:25:39] /a 2
[21/12/2010 01:25:39] /a 2
[21/12/2010 01:25:39] /a 2
[21/12/2010 01:25:39] /a 2
[21/12/2010 01:25:40] /a 2
[21/12/2010 01:25:40] /a 2
[21/12/2010 01:25:40] /a 2
[21/12/2010 01:25:44] /i 111
[21/12/2010 01:25:45] /i 1111
[21/12/2010 01:25:46] /i 1111
[21/12/2010 01:25:47] /i 1111
[21/12/2010 01:25:47] /i 1111
[21/12/2010 01:25:48] /i 1111
[21/12/2010 01:25:48] /i 1111
[21/12/2010 01:25:49] /i 1111
[21/12/2010 01:25:50] /i 1111
[21/12/2010 01:25:50] /i 1111
[21/12/2010 01:25:52] /i 1111
[21/12/2010 01:25:54] /a 2
[21/12/2010 01:25:55] /a 2
[21/12/2010 01:25:55] /a 2
[21/12/2010 01:25:56] /a 2
[21/12/2010 01:25:56] /a 2
[21/12/2010 01:25:56] /a 2
[21/12/2010 01:25:57] /a 2
[21/12/2010 01:25:57] /a 2
[21/12/2010 01:25:59] /s alakazam
[21/12/2010 01:27:48] /r
[21/12/2010 01:27:49] /r
[21/12/2010 01:28:01] /i 1111
[21/12/2010 01:30:25] /a 2
[21/12/2010 01:30:25] /a 2
[21/12/2010 01:30:30] /i 1111
[21/12/2010 01:30:31] /i 1111
[21/12/2010 01:30:32] /i 1111
[21/12/2010 01:30:32] /i 1111
[21/12/2010 01:30:33] /i 1111
[21/12/2010 01:30:35] /a 2
[21/12/2010 01:30:42] /s alakazam
[21/12/2010 01:30:44] /a 2
[21/12/2010 01:30:48] /a 2
[21/12/2010 01:30:58] /i 1112
[21/12/2010 01:30:59] /i 1112
[21/12/2010 01:31:00] /i 1112
[21/12/2010 01:31:01] /i 1112
[21/12/2010 01:31:06] /a 2
[21/12/2010 01:31:07] /i 1112
[21/12/2010 01:31:08] /i 1112
[21/12/2010 01:31:09] /i 1112
[21/12/2010 01:31:09] /i 1112
[21/12/2010 01:31:10] /i 1112
[21/12/2010 01:31:10] /i 1112
[21/12/2010 01:31:11] /i 1112
[21/12/2010 01:31:14] /a 13
[21/12/2010 01:31:21] /a 2
[21/12/2010 01:31:24] /a 12
[21/12/2010 01:31:27] /a 3
[21/12/2010 01:31:27] /a 3
[21/12/2010 01:31:32] /i 1112
[21/12/2010 01:31:33] /i 1112
[21/12/2010 01:31:34] /i 1112
[21/12/2010 01:31:34] /i 1112
[21/12/2010 01:31:36] /a 5
[21/12/2010 01:31:37] /a 5
[21/12/2010 01:31:38] /a 5
[21/12/2010 01:31:43] /a 2
[21/12/2010 01:31:46] /m articuno
[21/12/2010 01:31:47] /a 2
[21/12/2010 01:42:32] /r
[21/12/2010 01:42:42] /i 1111
[21/12/2010 01:54:45] /r
[21/12/2010 01:54:47] /r
[21/12/2010 01:54:48] /r
[21/12/2010 01:54:48] /r
[21/12/2010 01:54:49] /r
[21/12/2010 01:54:50] /r
[21/12/2010 01:54:50] /r
[21/12/2010 02:02:26] /s alakazam
[21/12/2010 02:02:28] /m articuno
[21/12/2010 02:03:24] /a 2
[21/12/2010 02:03:26] /s alakazam
[21/12/2010 02:03:28] /m articuno
[21/12/2010 02:05:38] /s alakazam
[21/12/2010 02:05:40] /m articuno
[21/12/2010 02:06:56] /r
[21/12/2010 02:06:57] /s abra
[21/12/2010 02:07:24] /s abra
[21/12/2010 02:07:26] /m articuno
[21/12/2010 02:31:18] /r
[21/12/2010 02:31:20] /r
[21/12/2010 02:31:23] /a 45
[21/12/2010 03:17:09] /s seadra
[21/12/2010 03:19:05] /t
[21/12/2010 19:34:34] /s pidgeotto
[21/12/2010 19:34:37] /m pidgeotto s
[21/12/2010 19:34:49] /m pidgeotto s
[21/12/2010 20:32:06] /a 55
[22/12/2010 16:37:27] /s pidgey
[22/12/2010 16:37:56] /m articuno
[22/12/2010 16:41:58] /c 1
[22/12/2010 16:56:48] /s pidgeotto
[22/12/2010 16:56:57] /r
[22/12/2010 16:57:00] /s pidgeot
[22/12/2010 16:57:02] /m pidgeotto
[23/12/2010 17:03:04] /t
[23/12/2010 17:03:10] /a 2
[23/12/2010 17:54:28] /a 2
[23/12/2010 17:54:29] /a 2
[23/12/2010 17:54:30] /a 2
[23/12/2010 17:54:31] /a 2
[23/12/2010 17:57:35] /owner Mulher
[23/12/2010 18:15:40] /a 4
[23/12/2010 18:15:42] /a 4
[23/12/2010 18:15:42] /a 4
[23/12/2010 18:15:42] /a 4
[23/12/2010 18:15:44] /m articuno
[23/12/2010 19:25:40] /m articuno
[23/12/2010 19:36:28] /a 2
[23/12/2010 19:36:28] /a 2
[23/12/2010 19:36:29] /a 2
[23/12/2010 19:36:29] /a 2
[23/12/2010 19:36:29] /a 2
[23/12/2010 19:36:30] /a 2
[23/12/2010 19:36:30] /a 2
[23/12/2010 19:36:31] /a 15
[23/12/2010 19:36:33] /a 5
[23/12/2010 19:36:34] /a 3
[23/12/2010 19:36:46] /a 44
[23/12/2010 19:36:48] /a 66
[23/12/2010 19:36:50] /a 15
[23/12/2010 19:36:51] /a 15
[23/12/2010 19:36:51] /a 15
[23/12/2010 19:36:52] /a 15
[23/12/2010 19:36:53] /a 15
[23/12/2010 19:36:55] /a 15
[23/12/2010 19:36:57] /a 5
[23/12/2010 19:36:58] /a 7
[23/12/2010 19:36:59] /a 7
[23/12/2010 19:46:39] /m articuno
[23/12/2010 19:46:50] /r
[23/12/2010 23:24:17] /m articuno
[24/12/2010 00:35:16] /m articuno
[24/12/2010 01:04:01] /m articuno
[25/12/2010 21:51:14] /storage [adm] dash, 1020
[25/12/2010 21:51:16] /storage [adm] dash, 1020
[25/12/2010 21:51:16] /storage [adm] dash, 1020
[25/12/2010 21:51:17] /storage [adm] dash, 1020
[25/12/2010 22:36:28] /storage Mulher, 10333
[25/12/2010 22:36:30] /t
[25/12/2010 22:36:37] /s porygon
[25/12/2010 22:36:41] /r
[25/12/2010 22:36:42] /a 3
[25/12/2010 22:36:43] /a 3
[25/12/2010 22:36:44] /a 3
[25/12/2010 22:36:44] /a 3
[25/12/2010 22:36:44] /a 3
[25/12/2010 22:36:46] /a 3
[25/12/2010 22:36:47] /a 3
[25/12/2010 22:36:55] /owner [adm] dash
[25/12/2010 22:37:24] /t
[25/12/2010 22:38:09] /s porygon
[25/12/2010 22:38:17] /a 4
[25/12/2010 22:38:17] /a 4
[25/12/2010 22:38:17] /a 4
[25/12/2010 22:38:21] /a /r
[25/12/2010 22:38:25] /r
[25/12/2010 22:38:46] /s beedrill
[25/12/2010 22:45:47] /s
[26/12/2010 03:29:10] /m caterpie
[26/12/2010 03:30:01] /s beedrill
[26/12/2010 03:30:42] /r
[26/12/2010 03:30:49] /i 1263
[26/12/2010 03:30:50] /i 1263
[26/12/2010 03:30:50] /i 1263
[26/12/2010 03:30:51] /i 1263
[26/12/2010 03:30:52] /i 1263
[26/12/2010 03:30:56] /a 2
[26/12/2010 03:48:36] /a 4
[26/12/2010 03:48:43] /a 6
[26/12/2010 03:48:44] /a 6
[26/12/2010 03:48:45] /a 6
[26/12/2010 03:48:46] /a 6
[26/12/2010 03:48:47] /a 6
[26/12/2010 03:58:54] /t
[26/12/2010 03:59:04] /a 2
[26/12/2010 03:59:08] /a 5
[26/12/2010 03:59:34] /a 2
[26/12/2010 03:59:34] /a 2
[26/12/2010 03:59:35] /a 2
[26/12/2010 03:59:35] /a 2
[26/12/2010 03:59:39] /a 2
[26/12/2010 03:59:40] /a 2
[26/12/2010 03:59:40] /a 2
[26/12/2010 03:59:41] /a 2
[26/12/2010 03:59:42] /a 2
[26/12/2010 04:00:08] /s porygon
[26/12/2010 04:00:12] /r
[26/12/2010 04:00:13] /r
[26/12/2010 04:00:14] /a 6
[26/12/2010 04:00:15] /a 6
[26/12/2010 04:00:16] /a 2
[26/12/2010 04:00:19] /a 2
[26/12/2010 04:00:19] /a 2
[26/12/2010 04:00:20] /a 2
[26/12/2010 04:00:20] /a 2
[26/12/2010 04:00:31] /owner Danny
[26/12/2010 04:00:56] /owner Danny
[26/12/2010 04:17:58] /m articuno
[26/12/2010 04:55:37] /r
[26/12/2010 04:55:39] /r
[26/12/2010 17:55:19] /m aerodactyl
[26/12/2010 17:58:38] /r
[26/12/2010 17:58:42] /m aerodactyl
[26/12/2010 18:00:00] /m aerodactyl
[26/12/2010 18:00:53] /m aerodactyl
[26/12/2010 19:41:57] /i straw
[26/12/2010 19:41:58] /a 2
[26/12/2010 19:41:59] /a 2
[26/12/2010 19:41:59] /a 2
[26/12/2010 19:41:59] /a 2
[26/12/2010 19:42:00] /a 2
[26/12/2010 19:42:00] /a 2
[26/12/2010 19:42:01] /a 2
[26/12/2010 19:42:01] /a 2
[26/12/2010 19:42:02] /a 2
[26/12/2010 19:42:02] /a 2
[26/12/2010 19:42:02] /a 2
[26/12/2010 19:42:03] /a 2
[26/12/2010 19:42:03] /a 2
[26/12/2010 19:42:03] /a 2
[26/12/2010 19:42:04] /a 2
[26/12/2010 19:42:04] /a 2
[26/12/2010 19:42:05] /a 2
[26/12/2010 19:42:05] /a 2
[26/12/2010 19:42:06] /a 2
[26/12/2010 19:42:06] /a 2
[26/12/2010 19:42:07] /a 2
[26/12/2010 19:42:08] /a 2
[26/12/2010 19:43:13] /m golem s
[26/12/2010 19:43:26] /m golem s
[26/12/2010 19:43:31] /m golem s
[26/12/2010 19:43:39] /m golem s
[26/12/2010 19:46:16] /ghost
[26/12/2010 19:46:17] /ghost
[26/12/2010 19:50:02] /i 2767
[26/12/2010 19:50:03] /i 2767
[26/12/2010 19:50:03] /i 2767
[26/12/2010 19:50:04] /i 2767
[26/12/2010 19:50:05] /i 2767
[26/12/2010 19:50:07] /i 2767
[26/12/2010 19:50:07] /i 2767
[26/12/2010 19:50:12] /i 2767
[26/12/2010 19:50:13] /i 2767
[26/12/2010 19:50:14] /i 2767
[26/12/2010 19:50:14] /i 2767
[26/12/2010 19:50:19] /m articuno
[26/12/2010 19:50:20] /a 2
[26/12/2010 19:50:36] /r
[26/12/2010 19:50:39] /i 1111
[26/12/2010 19:50:40] /r
[26/12/2010 19:50:42] /i 1111
[26/12/2010 19:50:43] /r
[26/12/2010 19:50:44] /i 1111
[26/12/2010 19:52:19] /r
[26/12/2010 19:52:21] /r
[26/12/2010 19:52:24] /r
[26/12/2010 19:52:53] /s beedrill
[26/12/2010 19:55:12] /i hyper potion
[26/12/2010 19:55:44] /i hyper potion
[26/12/2010 20:06:12] /m articuno
[26/12/2010 20:07:49] /addskill [adm] dash, level, 200
[26/12/2010 20:07:49] /addskill [adm] dash, level, 200
[26/12/2010 20:08:03] /addskill [adm] dash, level, 200
[26/12/2010 20:08:06] /addskill [adm] dash, level, 200
[26/12/2010 20:08:09] /addskill [adm] dash, level, 200
[26/12/2010 20:08:11] /addskill [adm] dash, level, 200
[26/12/2010 20:08:13] /addskill [adm] dash, level, 200
[26/12/2010 20:08:14] /addskill [adm] dash, level, 200
[26/12/2010 20:08:19] /addskill [adm] dash, level, 2000
[26/12/2010 20:08:38] /addskill [adm] dash, level, 20000
[26/12/2010 20:09:19] /r
[26/12/2010 20:54:53] /s pidgey
[26/12/2010 21:03:37] /r
[26/12/2010 21:03:40] /s poliwrath
[26/12/2010 21:05:23] /r
[26/12/2010 21:05:25] /s gloom
[26/12/2010 21:05:32] /r
[26/12/2010 21:05:34] /r
[26/12/2010 21:05:37] /s vileplume
[26/12/2010 21:05:44] /r
[26/12/2010 21:05:46] /s pidgeot
[26/12/2010 21:06:17] /r
[26/12/2010 21:06:19] /s pidgeot
[26/12/2010 21:06:22] /r
[26/12/2010 21:06:24] /s pidgeotto
[26/12/2010 21:06:36] /r
[26/12/2010 21:07:03] /s golbat
[26/12/2010 21:14:28] /r
[26/12/2010 21:14:31] /s muk
[26/12/2010 21:15:44] /r
[26/12/2010 21:16:28] /r
[26/12/2010 21:16:30] /s pidgeot
[26/12/2010 21:16:35] /r
[26/12/2010 21:16:43] /s victreebel
[26/12/2010 21:17:18] /r
[26/12/2010 21:17:20] /s vileplume
[26/12/2010 21:20:07] /r
[26/12/2010 21:20:28] /r
[26/12/2010 21:20:30] /s pidgeot
[26/12/2010 21:23:40] /r
[27/12/2010 00:18:44] /a 45
[27/12/2010 00:18:45] /a 45
[27/12/2010 00:18:48] /a 14
[27/12/2010 00:18:50] /a 3
[27/12/2010 00:58:24] /m pidgeotto s
[27/12/2010 01:01:08] /i hyper potion
[27/12/2010 01:02:02] /m bellsprout s
[27/12/2010 01:05:18] /m pidgeotto s
[27/12/2010 01:05:59] /m pidgeotto s
[28/12/2010 06:24:40] /i 2429
[28/12/2010 06:25:35] /i 2399
[28/12/2010 16:38:30] /m articuno
[28/12/2010 16:38:49] /r
[28/12/2010 16:38:50] /r
[28/12/2010 16:38:54] /r
[28/12/2010 16:39:16] /m articuno
[28/12/2010 16:40:31] /r
[28/12/2010 16:41:06] /m articuno
[28/12/2010 16:51:43] /m articuno
[28/12/2010 17:45:28] /t
[28/12/2010 17:45:32] /a 
[28/12/2010 17:45:34] /a 4
[28/12/2010 17:45:34] /a 4
[28/12/2010 17:45:35] /a 4
[28/12/2010 17:45:35] /a 4
[28/12/2010 17:45:40] /i 1719
[28/12/2010 17:45:40] /i 1719
[28/12/2010 17:45:43] /a 2
[28/12/2010 17:45:45] /a 1
[28/12/2010 17:45:47] /i 1719
[28/12/2010 17:45:48] /i 1719
[28/12/2010 17:45:50] /i 1719
[28/12/2010 17:45:57] /i 1719
[28/12/2010 17:45:57] /i 1719
[28/12/2010 17:45:59] /i 1719
[28/12/2010 17:46:02] /a 1
[28/12/2010 17:46:03] /i 1719
[28/12/2010 17:46:06] /a 1
[28/12/2010 17:46:07] /i 1719
[28/12/2010 17:46:08] /i 1719
[28/12/2010 18:13:34] /i 1455
[28/12/2010 18:13:47] /i 3811
[28/12/2010 18:13:48] /i 1455
[28/12/2010 18:13:51] /i 1455
[28/12/2010 18:13:52] /i 3811
[28/12/2010 18:15:30] /r
[28/12/2010 18:15:31] /r
[28/12/2010 18:15:32] /r
[28/12/2010 18:15:33] /r
[28/12/2010 18:15:33] /r
[28/12/2010 23:23:44] /a 2
[28/12/2010 23:23:45] /a 2
[28/12/2010 23:23:45] /a 2
[28/12/2010 23:23:46] /a 2
[28/12/2010 23:23:48] /a 2
[29/12/2010 00:02:28] /m pidgeot
[29/12/2010 00:03:58] /r
[29/12/2010 00:03:59] /r
[29/12/2010 00:04:02] /m pidgeot
[29/12/2010 00:04:12] /r
[29/12/2010 00:05:32] /m pidgeot
[29/12/2010 00:15:28] /a 1
[29/12/2010 00:15:30] /a 1
[29/12/2010 00:15:31] /a 1
[29/12/2010 00:15:31] /a 1
[29/12/2010 00:15:32] /a 1
[29/12/2010 00:15:34] /a 1
[29/12/2010 19:57:52] /goto hiker johnny
[29/12/2010 19:59:38] /storage [adm] dash, 200, -1
[29/12/2010 19:59:43] /storage bruninho, 200, -1
[29/12/2010 19:59:56] /storage bruninho, 107 -1
[29/12/2010 20:00:03] /storage bruninho, 107, -1
[29/12/2010 20:00:12] /storage [adm] dash, 107, -1
[29/12/2010 20:08:20] /t
[29/12/2010 20:09:19] /s muk
[29/12/2010 20:30:01] /r
[29/12/2010 20:54:09] /m poliwhirl s
[29/12/2010 21:23:35] /s dodrio
[29/12/2010 21:54:46] /m articuno
[29/12/2010 21:54:47] /s dodrio
[29/12/2010 21:59:11] /s dodrio
[29/12/2010 22:38:51] /i bug antenna
[29/12/2010 22:38:56] /i 2842
[29/12/2010 22:39:35] /i 2842
[29/12/2010 22:39:55] /i bug antenna
[29/12/2010 22:40:01] /i 8859
[29/12/2010 22:42:23] /i bug antenna
[29/12/2010 22:42:33] /i pidgeot doll
[29/12/2010 22:50:36] /goto
[29/12/2010 22:51:39] /s pidgeot
[29/12/2010 22:52:23] /t
[29/12/2010 22:52:27] /r
[29/12/2010 22:53:24] /t
[29/12/2010 22:59:37] /a 55
[30/12/2010 00:46:44] /i defeated horsea
[30/12/2010 00:46:47] /i defeated horsea
[30/12/2010 00:46:49] /i defeated horsea
[30/12/2010 00:46:51] /i defeated horsea
[30/12/2010 00:47:05] /i 2277
[30/12/2010 00:47:08] /a 12
[30/12/2010 00:47:09] /a 12
[30/12/2010 00:47:13] /a 12
[30/12/2010 00:47:20] /r
[30/12/2010 00:51:08] /r
[30/12/2010 00:51:18] /i hyper potion
[30/12/2010 00:51:38] /i 2277
[30/12/2010 00:53:24] /r
[30/12/2010 00:53:26] /r
[30/12/2010 00:57:34] /r
[30/12/2010 00:57:40] /r
[30/12/2010 00:58:24] /storage [adm] dash, 63215
[30/12/2010 00:58:28] /storage [adm] dash, 63215
[30/12/2010 00:58:29] /storage [adm] dash, 63215
[30/12/2010 01:02:55] /t
[30/12/2010 01:02:59] /a 44
[30/12/2010 01:03:01] /a 44
[30/12/2010 01:03:10] /a 12
[30/12/2010 01:03:11] /a 12
[30/12/2010 01:03:14] /a 12
[30/12/2010 01:03:15] /a 12
[30/12/2010 01:03:16] /a 12
[30/12/2010 01:04:37] /a 12
[30/12/2010 01:04:59] /r
[30/12/2010 01:05:00] /r
[30/12/2010 01:05:10] /r
[30/12/2010 01:07:46] /a 12
[30/12/2010 01:07:47] /a 12
[30/12/2010 01:07:48] /a 12
[30/12/2010 01:07:50] /a 12
[30/12/2010 01:13:26] /a 2
[30/12/2010 01:13:26] /a 2
[30/12/2010 01:13:27] /a 2
[30/12/2010 01:15:58] /a 2
[30/12/2010 01:15:59] /a 2
[30/12/2010 01:15:59] /a 2
[30/12/2010 01:16:13] /a 55
[30/12/2010 13:43:40] /t
[30/12/2010 13:44:46] /m bellsprout s
[30/12/2010 13:51:13] /t
[30/12/2010 13:58:10] /s porygon
[30/12/2010 13:58:19] /r
[30/12/2010 14:02:06] /s porygon
[30/12/2010 14:02:10] /r
[30/12/2010 14:02:12] /r
[30/12/2010 14:02:15] /r
[30/12/2010 14:03:41] /i 3236
[30/12/2010 14:04:20] /s porygon
[30/12/2010 14:11:31] /r
[30/12/2010 14:12:02] /s porygon
[30/12/2010 14:12:11] /r
[30/12/2010 14:12:19] /a 2
[30/12/2010 14:14:19] /s abra
[30/12/2010 14:14:29] /r
[30/12/2010 14:14:29] /r
[30/12/2010 14:35:29] /i 2626
[30/12/2010 14:35:43] /i 2628
[30/12/2010 14:35:57] /i 2630
[30/12/2010 14:35:59] /i 2625
[30/12/2010 15:41:02] /s pidgeot
[30/12/2010 15:42:11] /a 4
[30/12/2010 15:42:12] /a 4
[30/12/2010 15:42:12] /a 4
[30/12/2010 15:42:13] /a 4
[30/12/2010 15:42:15] /a 4
[30/12/2010 15:42:59] /s pidgeot
[30/12/2010 15:43:45] /r
[30/12/2010 16:23:27] /t
[30/12/2010 16:23:31] /s porygon
[30/12/2010 16:23:34] /r
[30/12/2010 16:44:04] /i 2650
[30/12/2010 16:46:31] /a 1
[30/12/2010 16:46:34] /i 1618
[30/12/2010 16:49:21] /a 1
[30/12/2010 16:51:50] /s blastoise
[30/12/2010 16:51:58] /r
[30/12/2010 16:52:00] /s blastoise
[30/12/2010 16:56:02] /r
[30/12/2010 16:56:08] /s articuno
[30/12/2010 16:58:05] /m dodrio s
[30/12/2010 16:58:43] /t
[30/12/2010 17:39:11] /a 55
[30/12/2010 17:39:14] /s weepinbell
[30/12/2010 17:39:21] /r
[30/12/2010 17:45:09] /m bellsprout s
[30/12/2010 17:46:09] /m bellsprout s
[30/12/2010 17:46:29] /m bellsprout s
[30/12/2010 17:46:34] /r
[30/12/2010 17:47:39] /m bellsprout s
[30/12/2010 17:47:46] /r
[30/12/2010 17:47:48] /r
[30/12/2010 17:49:46] /a 77
[30/12/2010 17:49:49] /s weepinbell s
[30/12/2010 17:57:01] /r
[01/01/2011 20:18:21] /t
[01/01/2011 20:18:22] /a 12
[01/01/2011 20:18:22] /a 12
[01/01/2011 20:18:24] /a 12
[01/01/2011 20:18:25] /a 2
[01/01/2011 20:19:56] /i 1880
[01/01/2011 20:20:10] /i 1869
[01/01/2011 20:20:27] /i 1872
[01/01/2011 20:20:29] /i 1863
[01/01/2011 20:20:43] /i 1860
[01/01/2011 20:20:45] /i 1866
[01/01/2011 20:20:48] /i 1884
[01/01/2011 20:21:30] /a 1
[01/01/2011 20:21:34] /i white tapestry
[01/01/2011 20:21:45] /r
[01/01/2011 20:26:01] /i 1877
[01/01/2011 20:26:16] /i 1881
[01/01/2011 20:26:30] /r
[01/01/2011 20:28:03] /a 2
[01/01/2011 22:45:22] /t
[01/01/2011 22:45:25] /s magnemite
[01/01/2011 22:45:28] /m articuno
[01/01/2011 22:45:34] /m test
[01/01/2011 22:47:22] /a 4
[01/01/2011 22:47:39] /goto magnemite
[01/01/2011 22:52:25] /m bellsprout s
[01/01/2011 22:52:34] /r
[01/01/2011 22:52:36] /r
[01/01/2011 22:52:49] /m bellsprout s
[01/01/2011 22:53:47] /r
[01/01/2011 22:53:50] /s magnemite
[01/01/2011 22:53:53] /m bellsprout s
[01/01/2011 22:56:24] /m test
[01/01/2011 22:57:14] /m test
[01/01/2011 22:57:56] /m test
[01/01/2011 22:58:32] /m test
[02/01/2011 03:52:13] /s magnemite
[02/01/2011 03:52:14] /m test
[02/01/2011 03:52:22] /m test
[02/01/2011 03:52:22] /m test
[02/01/2011 03:52:23] /m test
[02/01/2011 03:52:23] /m test
[02/01/2011 03:53:00] /m pidgeot s
[02/01/2011 03:59:20] /m articuno
[02/01/2011 04:00:42] /r
[02/01/2011 04:00:48] /m pidgey s
[02/01/2011 04:01:19] /i venom stone
[02/01/2011 04:01:44] /m pidgeotto s
[02/01/2011 18:40:43] /goto articuno
[02/01/2011 18:40:45] /s magneton
[02/01/2011 18:41:05] /m articuno
[02/01/2011 18:41:06] /m articuno
[02/01/2011 18:41:28] /m pidgeot s
[02/01/2011 18:42:00] /m pidgeot s
[02/01/2011 18:49:13] /s victreebel
[02/01/2011 19:06:03] /goto victreebel
[02/01/2011 19:06:49] /r
[02/01/2011 19:06:51] /s victreebel
[02/01/2011 19:07:02] /r
[02/01/2011 19:07:08] /s victreebel
[02/01/2011 19:07:42] /r
[02/01/2011 19:07:45] /s victreebel
[02/01/2011 19:09:42] /r
[02/01/2011 19:09:43] /r
[02/01/2011 19:09:45] /s victreebel
[02/01/2011 19:11:14] /r
[02/01/2011 19:11:16] /r
[02/01/2011 19:11:17] /s victreebel
[02/01/2011 19:11:39] /r
[02/01/2011 19:11:42] /s victreebel
[02/01/2011 19:12:53] /r
[02/01/2011 19:12:55] /s victreebel
[02/01/2011 19:13:17] /r
[02/01/2011 19:13:19] /s victreebel
[02/01/2011 19:22:47] /r
[02/01/2011 19:36:57] /r
[02/01/2011 19:37:01] /r
[02/01/2011 19:37:05] /s golbat
[02/01/2011 19:47:44] /r
[02/01/2011 19:47:47] /s golbat
[02/01/2011 19:56:00] /r
[02/01/2011 19:56:03] /s golbat
[03/01/2011 00:10:10] /t
[04/01/2011 03:30:35] /t
[04/01/2011 04:36:00] /m magneton s
[04/01/2011 04:36:20] /m voltorb
[04/01/2011 04:38:49] /r
[04/01/2011 04:49:00] /s voltorb
[04/01/2011 04:49:02] /m articuno
[04/01/2011 04:58:18] /m articuno
[04/01/2011 05:08:31] /r
[04/01/2011 05:24:24] /m voltorb
[04/01/2011 05:24:33] /r
[04/01/2011 05:29:03] /m voltorb
[04/01/2011 05:29:17] /m voltorb
[04/01/2011 05:30:21] /m test
[04/01/2011 05:30:27] /r
[04/01/2011 05:30:28] /s voltorb
[04/01/2011 05:31:31] /m voltorb
[04/01/2011 05:40:47] /m magnemite s
[04/01/2011 06:00:08] /s voltorb
[04/01/2011 06:00:18] /s voltorb
[04/01/2011 06:00:30] /s voltorb
[04/01/2011 06:01:23] /s voltorb
[04/01/2011 06:01:28] /s voltorb
[04/01/2011 06:01:31] /s voltorb
[04/01/2011 06:01:35] /s voltorb
[04/01/2011 06:01:50] /s voltorb
[04/01/2011 06:02:42] /m voltorb
[04/01/2011 06:02:46] /r
[04/01/2011 06:02:48] /s voltorb
[04/01/2011 06:02:51] /s voltorb
[04/01/2011 06:02:52] /s voltorb
[04/01/2011 06:02:55] /s voltorb
[04/01/2011 06:02:58] /s voltorb
[04/01/2011 06:03:02] /s voltorb
[04/01/2011 06:03:22] /s voltorb
[04/01/2011 06:03:22] /s voltorb
[04/01/2011 06:03:22] /s voltorb
[04/01/2011 06:03:23] /s voltorb
[04/01/2011 06:03:23] /s voltorb
[04/01/2011 06:03:23] /s voltorb
[04/01/2011 06:03:24] /s voltorb
[04/01/2011 06:03:24] /s voltorb
[04/01/2011 06:03:24] /s voltorb
[04/01/2011 06:03:33] /s voltorb
[04/01/2011 06:15:10] /s voltorb
[04/01/2011 06:15:16] /r
[04/01/2011 06:15:18] /r
[04/01/2011 06:15:20] /r
[04/01/2011 06:15:21] /r
[04/01/2011 06:15:22] /r
[04/01/2011 06:15:25] /r
[04/01/2011 06:15:26] /r
[04/01/2011 06:15:26] /r
[04/01/2011 06:15:27] /r
[04/01/2011 06:15:29] /r
[04/01/2011 06:15:30] /r
[04/01/2011 06:15:31] /r
[04/01/2011 06:15:31] /r
[04/01/2011 06:15:32] /r
[04/01/2011 06:15:32] /r
[04/01/2011 06:15:33] /r
[04/01/2011 06:15:33] /r
[04/01/2011 06:15:33] /r
[04/01/2011 06:15:34] /r
[04/01/2011 06:15:35] /r
[04/01/2011 06:15:35] /r
[04/01/2011 06:15:36] /r
[04/01/2011 06:15:37] /r
[04/01/2011 06:15:37] /r
[04/01/2011 06:15:38] /r
[04/01/2011 06:15:42] /r
[04/01/2011 06:15:44] /r
[04/01/2011 06:15:46] /r
[04/01/2011 06:15:47] /r
[04/01/2011 06:15:49] /r
[04/01/2011 06:15:51] /r
[04/01/2011 06:15:53] /r
[04/01/2011 06:15:54] /r
[04/01/2011 06:15:55] /r
[04/01/2011 08:23:00] /m voltorb
[04/01/2011 08:23:08] /i defeated voltorb
[04/01/2011 08:23:09] /i defeated voltorb
[04/01/2011 08:23:09] /i defeated voltorb
[04/01/2011 08:23:09] /i defeated voltorb
[04/01/2011 08:23:10] /i defeated voltorb
[04/01/2011 08:23:10] /i defeated voltorb
[04/01/2011 08:23:10] /i defeated voltorb
[04/01/2011 08:23:27] /i defeated voltorb
[04/01/2011 08:23:27] /i defeated voltorb
[04/01/2011 08:23:27] /i defeated voltorb
[04/01/2011 08:23:28] /i defeated voltorb
[04/01/2011 08:23:28] /i defeated voltorb
[04/01/2011 08:23:28] /i defeated voltorb
[04/01/2011 08:23:29] /i defeated voltorb
[04/01/2011 08:23:29] /i defeated voltorb
[04/01/2011 08:23:29] /i defeated voltorb
[04/01/2011 08:23:30] /i defeated voltorb
[04/01/2011 08:23:30] /i defeated voltorb
[04/01/2011 08:23:30] /i defeated voltorb
[04/01/2011 08:23:50] /i defeated voltorb
[04/01/2011 08:23:50] /i defeated voltorb
[04/01/2011 08:23:50] /i defeated voltorb
[04/01/2011 08:23:51] /i defeated voltorb
[04/01/2011 08:23:51] /i defeated voltorb
[04/01/2011 08:23:52] /i defeated voltorb
[04/01/2011 08:23:52] /i defeated voltorb
[04/01/2011 08:23:52] /i defeated voltorb
[04/01/2011 08:23:53] /i defeated voltorb
[04/01/2011 08:23:53] /i defeated voltorb
[04/01/2011 08:23:53] /i defeated voltorb
[04/01/2011 08:23:54] /i defeated voltorb
[04/01/2011 08:24:49] /i thunder stone
[04/01/2011 08:29:29] /m magneton s
[04/01/2011 08:29:33] /s voltorb
[04/01/2011 08:49:16] /m articuno
[04/01/2011 09:24:45] /s voltorb
[04/01/2011 09:24:50] /s electrode
[04/01/2011 09:25:34] /s electrode
[04/01/2011 09:34:17] /r
[04/01/2011 15:06:46] /owner
[04/01/2011 15:07:11] /a 2
[04/01/2011 15:07:15] /a 2
[04/01/2011 15:07:16] /a 2
[04/01/2011 15:07:17] /r
[04/01/2011 15:07:18] /r
[04/01/2011 15:07:19] /r
[04/01/2011 15:07:20] /r
[04/01/2011 15:07:21] /r
[04/01/2011 15:07:21] /r
[04/01/2011 15:07:22] /r
[04/01/2011 15:07:24] /r
[04/01/2011 15:07:24] /r
[04/01/2011 15:07:25] /r
[04/01/2011 15:07:25] /r
[04/01/2011 15:07:26] /r
[04/01/2011 15:07:26] /r
[04/01/2011 15:07:26] /r
[04/01/2011 15:07:27] /r
[04/01/2011 15:07:28] /r
[04/01/2011 15:07:29] /r
[04/01/2011 15:07:31] /t
[04/01/2011 15:07:43] /a 5
[04/01/2011 15:07:43] /a 5
[04/01/2011 15:07:44] /a 5
[04/01/2011 15:07:45] /a 5
[04/01/2011 15:07:45] /a 5
[04/01/2011 15:07:48] /r
[04/01/2011 15:07:48] /r
[04/01/2011 15:07:50] /r
[04/01/2011 15:07:52] /r
[04/01/2011 15:07:53] /r
[04/01/2011 15:07:53] /r
[04/01/2011 15:07:54] /r
[04/01/2011 15:07:56] /a 2
[04/01/2011 15:07:56] /a 2
[04/01/2011 15:07:57] /a 2
[04/01/2011 15:07:57] /a 2
[04/01/2011 15:07:58] /a 2
[04/01/2011 15:07:59] /a 2
[04/01/2011 15:08:00] /a 2
[04/01/2011 15:08:01] /a 2
[04/01/2011 15:08:01] /a 2
[04/01/2011 15:08:02] /a 2
[04/01/2011 15:08:06] /a 2
[04/01/2011 15:08:06] /a 2
[04/01/2011 15:08:07] /a 2
[04/01/2011 15:08:15] /a 2
[04/01/2011 15:08:18] /r
[04/01/2011 15:08:20] /a 4
[04/01/2011 15:08:20] /a 4
[04/01/2011 15:08:21] /a 4
[04/01/2011 15:08:23] /t
[04/01/2011 15:14:20] /a 3
[04/01/2011 15:14:20] /a 3
[04/01/2011 15:14:21] /a 3
[04/01/2011 15:14:22] /a 3
[04/01/2011 15:14:22] /a 3
[04/01/2011 15:14:23] /a 3
[04/01/2011 15:14:27] /owner [adm] dash
[04/01/2011 15:14:47] /a 44
[04/01/2011 15:14:49] /a 12
[04/01/2011 15:14:51] /a 3
[04/01/2011 15:14:57] /owner [adm] dash
[04/01/2011 19:16:06] /t
[04/01/2011 19:16:07] /a 55
[04/01/2011 19:16:10] /goto kakuna
[04/01/2011 19:16:15] /goto electrode
[04/01/2011 19:16:46] /t
[04/01/2011 19:18:26] /attr group 1
[04/01/2011 19:33:10] /i 2160
[04/01/2011 21:38:52] /goto marshall
[04/01/2011 21:39:31] /i defeated voltorb
[04/01/2011 21:39:33] /i 2147
[04/01/2011 21:39:35] /i 2147
[04/01/2011 21:39:38] /i defeated voltorb
[04/01/2011 21:39:40] /i defeated voltorb
[04/01/2011 21:39:40] /i defeated voltorb
[04/01/2011 21:39:40] /i defeated voltorb
[04/01/2011 21:39:41] /i defeated voltorb
[04/01/2011 21:39:59] /addskill Marshall, level, 2
[04/01/2011 21:40:14] /t
[04/01/2011 21:40:33] /b quem perdeu algo importante nesse rollback?
[04/01/2011 21:40:45] /i coccon stone
[04/01/2011 21:40:48] /i leaf stone
[04/01/2011 21:40:59] /goto nakuzo oamo
[04/01/2011 21:41:10] /goto nakuzo obamo
[04/01/2011 21:41:22] /i defeated weepinbell
[04/01/2011 21:41:22] /i defeated weepinbell
[04/01/2011 21:41:29] /i fainted weepinbell
[04/01/2011 21:41:30] /i fainted weepinbell
[04/01/2011 21:41:33] /i fainted weepinbell
[04/01/2011 21:41:35] /i fainted weepinbell
[04/01/2011 21:41:36] /i fainted weepinbell
[04/01/2011 21:41:49] /addskill Nakuzo Obamo, level, 3
[04/01/2011 21:42:03] /goto coringa
[04/01/2011 21:42:08] /ghost
[04/01/2011 21:42:09] /ghost
[04/01/2011 21:45:17] /b Vou configurar outro pokemon agora, quem vocês preferem: sandshrew/sandslash ou geodude/graveler/golem ?
[04/01/2011 21:45:26] /ghost
[04/01/2011 21:45:27] /t
[04/01/2011 21:45:31] /ghost
[04/01/2011 21:46:06] /b Geodude: 2 votos // Sandshrew: 0 votos, pode ser geodude então ?
[04/01/2011 21:47:01] /a 4
[04/01/2011 21:47:01] /a 4
[04/01/2011 21:47:02] /a 4
[04/01/2011 21:47:25] /b Vou ficar ocupado fazendo geodude então.
[04/01/2011 21:49:27] /b Se vocês conseguirem alguma coisa boa, deêm logout para salvar logo. Estou adicionando novos pokemons e durante os reloads pode dar crash e acontecer rollback novamente.
[04/01/2011 21:57:36] /goto nakuzo obamo
[04/01/2011 21:57:57] /t
[04/01/2011 22:01:36] /s geodude
[04/01/2011 22:01:46] /m articuno
[04/01/2011 22:10:21] /m kakuna s
[04/01/2011 22:10:31] /r
[04/01/2011 22:10:33] /r
[04/01/2011 22:10:36] /r
[04/01/2011 22:10:40] /s geodude
[04/01/2011 22:12:36] /r
[04/01/2011 22:12:38] /s geodude
[04/01/2011 22:16:49] /s geodude
[04/01/2011 22:17:52] /i 1294
[04/01/2011 22:34:41] /m articuno
[04/01/2011 22:34:43] /s geodude
[04/01/2011 22:35:00] /s geodude
[04/01/2011 22:35:18] /m geodude s
[04/01/2011 22:35:42] /r
[04/01/2011 22:35:52] /t
[04/01/2011 22:36:04] /i rock stone
[04/01/2011 22:36:21] /ghost
[04/01/2011 22:36:23] /goto coringa
[04/01/2011 22:36:27] /goto marshall
[04/01/2011 22:38:00] /ghost
[04/01/2011 22:38:23] /ghost
[04/01/2011 22:38:51] /t
[04/01/2011 22:39:04] /goto nakuzo obamo
[04/01/2011 22:39:07] /ghost
[04/01/2011 22:40:09] /b Deu crash denovo :/
[04/01/2011 22:40:20] /ghost
[04/01/2011 22:40:20] /ghost
[04/01/2011 22:40:28] /goto coringa
[04/01/2011 22:41:34] /c lupita
[04/01/2011 22:43:37] /i defeated voltorb
[04/01/2011 22:43:37] /i defeated voltorb
[04/01/2011 22:43:38] /i defeated voltorb
[04/01/2011 22:43:43] /i defeated voltorb
[04/01/2011 22:43:45] /i defeated voltorb
[04/01/2011 22:43:47] /i defeated voltorb
[04/01/2011 22:43:49] /i defeated voltorb
[04/01/2011 22:43:50] /i defeated voltorb
[04/01/2011 22:43:52] /i defeated voltorb
[04/01/2011 22:43:55] /i defeated voltorb
[04/01/2011 22:43:56] /i defeated voltorb
[04/01/2011 22:43:58] /i defeated voltorb
[04/01/2011 22:43:59] /i defeated voltorb
[04/01/2011 22:44:02] /i defeated voltorb
[04/01/2011 22:44:04] /i defeated voltorb
[04/01/2011 22:44:06] /i defeated voltorb
[04/01/2011 22:46:07] /goto marshall
[04/01/2011 22:46:43] /a 2
[04/01/2011 22:46:54] /t
[04/01/2011 22:47:09] /n nurse
[04/01/2011 22:47:51] /r
[04/01/2011 22:48:32] /i stone orb
[04/01/2011 22:48:38] /r 100
[04/01/2011 22:50:10] /m geodude s
[04/01/2011 22:50:43] /r
[04/01/2011 22:51:49] /m geodude s
[04/01/2011 22:52:17] /r
[04/01/2011 22:57:39] /c lupita
[04/01/2011 22:57:41] /m test
[04/01/2011 22:58:00] /r
[04/01/2011 23:02:10] /goto marshall
[04/01/2011 23:02:16] /i small potion
[04/01/2011 23:02:27] /i mega potion
[04/01/2011 23:02:32] /i small potion
[04/01/2011 23:02:35] /i potion
[04/01/2011 23:03:19] /t
[04/01/2011 23:03:45] /t
[04/01/2011 23:05:42] /i rock stone
[04/01/2011 23:06:17] /s pidgeot
[04/01/2011 23:06:28] /r
[04/01/2011 23:07:22] /a 44
[04/01/2011 23:07:25] /a 11
[04/01/2011 23:07:27] /a 14
[04/01/2011 23:07:34] /c cassiow
[04/01/2011 23:15:47] /goto coringa
[04/01/2011 23:19:30] /goto coringa
[04/01/2011 23:19:51] /r
[04/01/2011 23:20:12] /ghost
[04/01/2011 23:23:06] /goto Pidgeot
[04/01/2011 23:30:43] /a 55
[04/01/2011 23:30:47] /c ninja bomberman
[04/01/2011 23:33:55] /goto marshall
[04/01/2011 23:34:23] /t
[04/01/2011 23:34:27] /c ninja bomberman
[04/01/2011 23:34:29] /goto marshall
[04/01/2011 23:34:48] /t
[04/01/2011 23:35:08] /n nurse
[04/01/2011 23:35:11] /r
[04/01/2011 23:36:19] /n nurse
[04/01/2011 23:36:22] /r
[04/01/2011 23:36:23] /ghost
[04/01/2011 23:40:02] /s doduo
[04/01/2011 23:48:42] /goto coringa
[04/01/2011 23:51:19] /goto nakuzo obamo
[04/01/2011 23:52:14] /m graveler s
[04/01/2011 23:53:12] /m geodude s
[04/01/2011 23:53:33] /r
[04/01/2011 23:53:36] /m geodude s
[04/01/2011 23:54:00] /m geodude s
[04/01/2011 23:54:17] /m geodude s
[04/01/2011 23:54:45] /m geodude s
[04/01/2011 23:54:50] /m geodude s
[04/01/2011 23:55:26] /t
[04/01/2011 23:55:52] /goto coringa
[04/01/2011 23:55:57] /goto cassiow
[04/01/2011 23:56:13] /r
[04/01/2011 23:56:14] /r
[04/01/2011 23:56:20] /a 1
[04/01/2011 23:56:30] /i 1025
[04/01/2011 23:56:35] /i 1514
[04/01/2011 23:56:49] /t
[04/01/2011 23:58:21] /a 12
[04/01/2011 23:58:22] /a 12
[04/01/2011 23:58:24] /a 3
[04/01/2011 23:58:24] /a 3
[04/01/2011 23:58:25] /a 3
[04/01/2011 23:58:25] /a 3
[04/01/2011 23:58:27] /a 3
[04/01/2011 23:58:27] /a 3
[04/01/2011 23:58:35] /a 6
[04/01/2011 23:58:41] /a 5
[04/01/2011 23:58:43] /a 2
[04/01/2011 23:59:36] /ghost
[05/01/2011 00:01:28] /m snorlax
[05/01/2011 00:01:55] /r
[05/01/2011 00:01:57] /m mew
[05/01/2011 00:02:04] /r
[05/01/2011 00:02:05] /t
[05/01/2011 00:02:09] /s geodude
[05/01/2011 00:02:13] /r
[05/01/2011 00:03:14] /goto coringa
[05/01/2011 00:03:19] /goto cassiow
[05/01/2011 00:03:48] /t
[05/01/2011 00:03:54] /goto coringa
[05/01/2011 00:03:58] /ghost
[05/01/2011 00:04:20] /goto cassiow
[05/01/2011 00:04:23] /a 2
[05/01/2011 00:05:05] /goto cassiow
[05/01/2011 00:05:39] /t
[05/01/2011 00:05:55] /goto marshall
[05/01/2011 00:07:07] /m graveler s
[05/01/2011 00:08:59] /r
[05/01/2011 00:09:13] /m geodude s
[05/01/2011 00:09:36] /m geodude s
[05/01/2011 00:10:05] /m geodude s
[05/01/2011 00:10:27] /m geodude s
[05/01/2011 00:10:28] /m geodude s
[05/01/2011 00:11:27] /m geodude s
[05/01/2011 00:12:17] /t
[05/01/2011 00:14:18] /s graveler
[05/01/2011 00:20:44] /r
[05/01/2011 00:20:46] /goto coringa
[05/01/2011 00:21:31] /ghost
[05/01/2011 00:25:13] /s greveler
[05/01/2011 00:26:24] /s graveler
[05/01/2011 00:44:07] /c nakuzo obamo
[05/01/2011 00:44:12] /i venom stone
[05/01/2011 00:45:24] /s geodude
[05/01/2011 00:45:28] /r
[05/01/2011 00:45:34] /m articuno
[05/01/2011 00:55:36] /goto nakuzo obamo
[05/01/2011 00:55:45] /ghost
[05/01/2011 00:56:25] /t
[05/01/2011 00:56:42] /s graveler
[05/01/2011 00:57:42] /goto nakuzo obamo
[05/01/2011 00:57:49] /t
[05/01/2011 00:57:51] /a 4
[05/01/2011 00:58:07] /s graveler 
[05/01/2011 01:00:40] /s graveler
[05/01/2011 01:00:46] /s rattata
[05/01/2011 01:00:53] /r
[05/01/2011 01:00:55] /s electrode
[05/01/2011 01:01:31] /b alguem ae?
[05/01/2011 01:01:47] /t
[05/01/2011 01:01:53] /c coringa
[05/01/2011 01:11:24] /s graveler
[05/01/2011 01:11:30] /m graveler s
[05/01/2011 01:18:00] /m articuno
[05/01/2011 01:18:09] /s graveler
[05/01/2011 01:34:21] /m articuno
[05/01/2011 01:42:16] /m graveler s
[05/01/2011 01:47:05] /a 2
[05/01/2011 01:47:06] /a 2
[05/01/2011 01:49:34] /m golem s
[05/01/2011 01:54:27] /i rock stone
[05/01/2011 02:16:48] /i 1285
[05/01/2011 03:11:10] /goto nakuzo obamo
[05/01/2011 03:11:21] /ghost
[05/01/2011 03:11:22] /ghost
[05/01/2011 03:12:31] /s golem
[05/01/2011 03:12:46] /r
[05/01/2011 03:12:47] /m golem s
[05/01/2011 03:12:53] /s golem
[05/01/2011 03:13:10] /r
[05/01/2011 03:13:12] /s golem
[05/01/2011 03:13:36] /r
[05/01/2011 03:15:02] /i rock stone
[05/01/2011 03:15:08] /r
[05/01/2011 03:16:59] /n nurse
[05/01/2011 03:17:04] /r
[05/01/2011 03:18:25] /s rhyhorn
[05/01/2011 03:18:30] /r
[05/01/2011 03:19:28] /m rhydon
[05/01/2011 03:20:04] /r
[05/01/2011 13:45:21] /ghost
[05/01/2011 13:45:24] /goto nakuzo obamo
[05/01/2011 13:47:30] /ghost
[05/01/2011 13:51:25] /goto nakuzo obamo
[05/01/2011 13:51:31] /m golem s
[05/01/2011 13:52:41] /m golem s
[05/01/2011 13:54:33] /t
[05/01/2011 13:54:35] /c nakuzo obamo
[05/01/2011 13:58:08] /ghost
[05/01/2011 14:10:52] /goto nakuzo obamo
[05/01/2011 14:11:12] /ghost
[05/01/2011 14:11:38] /t
[05/01/2011 14:11:40] /ghost
[05/01/2011 14:12:32] /goto nakuzo obamo
[05/01/2011 14:12:38] /m pidgeot s
[05/01/2011 14:13:43] /m pidgeot s
[05/01/2011 14:14:03] /t
[05/01/2011 14:14:37] /s sandshrew
[05/01/2011 14:27:55] /m articuno
[05/01/2011 14:29:21] /r
[05/01/2011 14:29:28] /r
[05/01/2011 14:29:43] /n nurse
[05/01/2011 14:29:46] /r
[05/01/2011 14:32:36] /i 2887
[05/01/2011 14:32:39] /i 2287
[05/01/2011 14:32:46] /i 2287
[05/01/2011 14:45:03] /m articuno
[05/01/2011 14:55:15] /ghost
[05/01/2011 14:55:19] /r
[05/01/2011 14:55:23] /ghost
[05/01/2011 15:29:13] /m sandslash s
[05/01/2011 15:31:36] /i earth stone
[05/01/2011 15:36:17] /ghost
[05/01/2011 15:36:20] /t
[05/01/2011 15:36:36] /goto nakuzo obamo
[05/01/2011 15:37:26] /m sandslash s
[05/01/2011 15:37:27] /m sandslash s
[05/01/2011 15:37:28] /m sandslash s
[05/01/2011 15:37:28] /m sandslash s
[05/01/2011 15:37:29] /m sandslash s
[05/01/2011 15:37:39] /r
[05/01/2011 15:37:46] /r
[05/01/2011 15:37:47] /r
[05/01/2011 15:37:50] /r
[05/01/2011 15:37:51] /r
[05/01/2011 15:37:53] /r
[05/01/2011 15:38:13] /m sandslash s
[05/01/2011 15:39:09] /m sandshrew s
[05/01/2011 15:39:28] /r
[05/01/2011 15:39:29] /r
[05/01/2011 15:39:47] /ghost
[05/01/2011 15:42:18] /ghost
[05/01/2011 15:48:36] /ghost
[05/01/2011 15:48:39] /goto cassiow
[05/01/2011 15:49:23] /ghost
[05/01/2011 15:49:24] /ghost
[05/01/2011 15:50:55] /t
[05/01/2011 16:10:00] /ghost
[05/01/2011 16:11:13] /goto nakuzo obamo
[05/01/2011 16:11:14] /ghost
[05/01/2011 16:11:15] /ghost
[05/01/2011 16:12:56] /m sandslash s
[05/01/2011 16:12:56] /m sandslash s
[05/01/2011 16:12:57] /m sandslash s
[05/01/2011 16:14:25] /m golem s
[05/01/2011 16:16:39] /m pidgeot s
[05/01/2011 16:16:39] /m pidgeot s
[05/01/2011 16:22:44] /m chamarnder s
[05/01/2011 16:22:47] /m chamarnder
[05/01/2011 16:22:51] /m charmander
[05/01/2011 16:23:47] /m tentacruel
[05/01/2011 16:24:59] /r
[05/01/2011 16:25:00] /r
[05/01/2011 16:27:14] /s alakazam
[05/01/2011 16:27:28] /r
[05/01/2011 16:27:29] /r
[05/01/2011 16:27:34] /i 103
[05/01/2011 16:28:09] /t
[05/01/2011 16:31:37] /goto nakuzo obamo
[05/01/2011 16:31:52] /m gyarados
[05/01/2011 16:32:13] /r
[05/01/2011 16:40:11] /ghost
[05/01/2011 16:40:12] /goto cassiow
[05/01/2011 16:43:30] /ghost
[05/01/2011 16:52:22] /ghost
[05/01/2011 16:54:03] /ghost
[05/01/2011 16:54:46] /m graveler s
[05/01/2011 16:55:15] /m graveler s
[05/01/2011 16:55:16] /m graveler s
[05/01/2011 16:55:45] /m graveler s
[05/01/2011 16:55:46] /m graveler s
[05/01/2011 16:55:46] /m graveler s
[05/01/2011 16:56:50] /m golem s
[05/01/2011 16:57:25] /m golem s
[05/01/2011 16:58:03] /i mega potion
[05/01/2011 17:00:12] /m graveler s
[05/01/2011 17:03:06] /i defeated golem
[05/01/2011 17:03:17] /i defeated graveler
[05/01/2011 17:03:19] /i defeated graveler
[05/01/2011 17:03:22] /i defeated graveler
[05/01/2011 17:03:47] /r 100
[05/01/2011 17:03:57] /m golem s
[05/01/2011 17:04:47] /i mega potion
[05/01/2011 17:05:39] /m golem s
[05/01/2011 17:05:40] /ghost
[05/01/2011 17:05:41] /ghost
[05/01/2011 17:06:20] /m golem s
[05/01/2011 17:07:53] /m graveler s
[05/01/2011 17:08:05] /m graveler s
[05/01/2011 17:08:16] /m graveler s
[05/01/2011 17:08:57] /m graveler s
[05/01/2011 17:09:10] /m graveler s
[05/01/2011 17:09:10] /m graveler s
[05/01/2011 17:09:59] /m graveler s
[05/01/2011 17:10:00] /m graveler s
[05/01/2011 17:10:27] /m graveler s
[05/01/2011 17:10:39] /m graveler s
[05/01/2011 17:11:53] /t
[05/01/2011 17:32:25] /t
[05/01/2011 17:32:27] /ghost
[05/01/2011 17:32:28] /ghost
[05/01/2011 17:32:53] /ghost
[05/01/2011 17:32:56] /goto coringa
[05/01/2011 17:33:17] /ghost
[05/01/2011 17:33:18] /ghost
[05/01/2011 17:44:06] /t
[05/01/2011 17:44:13] /ghost
[05/01/2011 17:44:14] /ghost
[05/01/2011 17:48:29] /a 5
[05/01/2011 17:48:29] /a 5
[05/01/2011 17:48:30] /a 5
[05/01/2011 17:48:47] /i 1294
[05/01/2011 17:49:00] /i 1294
[05/01/2011 17:50:09] /a 1
[05/01/2011 17:50:13] /ghost
[05/01/2011 17:50:14] /ghost
[05/01/2011 17:53:41] /ghost
[05/01/2011 17:53:41] /ghost
[05/01/2011 17:53:45] /goto yohken
[05/01/2011 17:54:38] /t
[05/01/2011 17:55:09] /goto yohken
[05/01/2011 17:55:48] /ghost
[05/01/2011 17:58:19] /goto cassiow
[05/01/2011 17:59:22] /t
[05/01/2011 17:59:26] /goto coringa
[05/01/2011 18:05:25] /save
[05/01/2011 18:07:07] /t
[05/01/2011 18:44:10] /b Vai dar um pouco de lag porque preciso baixar uma coisinha aqui.
[05/01/2011 18:44:14] /ghost
[05/01/2011 18:44:35] /ghost
[05/01/2011 18:51:54] /ghost
[05/01/2011 18:51:59] /goto cassiow
[05/01/2011 18:52:49] /t
[05/01/2011 18:56:48] /a 1
[05/01/2011 18:56:50] /a 1
[05/01/2011 18:56:50] /a 1
[05/01/2011 18:56:52] /a 1
[05/01/2011 18:56:52] /a 1
[05/01/2011 18:56:53] /a 1
[05/01/2011 18:56:53] /a 1
[05/01/2011 18:56:54] /a 1
[05/01/2011 18:56:54] /a 1
[05/01/2011 18:56:55] /a 1
[05/01/2011 18:59:26] /a 55
[05/01/2011 18:59:29] /a 12
[05/01/2011 18:59:43] /a 12
[05/01/2011 18:59:44] /a 12
[05/01/2011 19:36:19] /goto cassiow
[05/01/2011 19:36:24] /ghost
[05/01/2011 19:44:15] /ghost
[05/01/2011 19:44:16] /ghost
[05/01/2011 19:46:19] /n nurse
[05/01/2011 19:46:24] /r
[05/01/2011 19:47:37] /storage Yohken, 9500
[05/01/2011 19:47:38] /storage Yohken, 9501
[05/01/2011 19:47:39] /storage Yohken, 9502
[05/01/2011 19:47:40] /storage Yohken, 9503
[05/01/2011 19:47:40] /storage Yohken, 9504
[05/01/2011 19:47:41] /storage Yohken, 9505
[05/01/2011 19:47:41] /storage Yohken, 9506
[05/01/2011 19:47:46] /storage Yohken, 9506, -1
[05/01/2011 19:51:11] /n nurse
[05/01/2011 19:51:24] /r
[05/01/2011 19:53:01] /i 2147
[05/01/2011 19:56:13] /s lapras
[05/01/2011 19:57:25] /r
[05/01/2011 20:08:03] /ghost
[05/01/2011 20:08:05] /goto yohken
[05/01/2011 20:21:19] /t
[05/01/2011 21:31:42] /ghost
[05/01/2011 21:31:44] /ghost
[05/01/2011 21:31:53] /goto mjubinha
[05/01/2011 21:34:24] /goto mjubinha
[05/01/2011 21:48:21] /goto burning rush
[05/01/2011 21:48:31] /goto fear
[05/01/2011 21:48:39] /goto fear
[05/01/2011 21:48:46] /goto coringa
[05/01/2011 21:48:56] /goto mjubinha
[05/01/2011 21:49:16] /goto burning rush
[05/01/2011 21:49:22] /t
[05/01/2011 22:12:58] /ghost
[05/01/2011 22:14:25] /goto coringa
[05/01/2011 23:18:42] /ghost
[05/01/2011 23:19:26] /b Gente, vou reiniciar o server daqui a 2 minutos. O motivo é pelo qual eu coloquei que as pessoas que não baixassem o cliente levariam fatal ao logar com o account manager, vou retirar isso.
[05/01/2011 23:19:41] /goto coringa
[05/01/2011 23:20:12] /b Ta muito lag pessoal ?
[06/01/2011 00:05:25] /ghost
[06/01/2011 00:07:43] /goto lord prince
[06/01/2011 00:08:24] /t
[06/01/2011 00:27:59] /b Vou reiniciar rapidinho.
[06/01/2011 00:35:13] /ghost
[06/01/2011 00:35:16] /ghost
[06/01/2011 00:35:19] /goto lord prince
[06/01/2011 00:37:10] /t
[06/01/2011 00:37:12] /c lord prince
[06/01/2011 00:38:13] /goto lord prince
[06/01/2011 00:39:54] /t
[06/01/2011 00:39:55] /a 12
[06/01/2011 00:39:56] /a 12
[06/01/2011 00:39:58] /a 4
[06/01/2011 00:39:59] /a 4
[06/01/2011 00:39:59] /a 4
[06/01/2011 00:41:40] /ghost
[06/01/2011 00:41:41] /ghost
[06/01/2011 00:43:01] /t
[06/01/2011 00:44:37] /goto william junior
[06/01/2011 00:45:32] /t
[06/01/2011 00:47:49] /a 12
[06/01/2011 00:47:51] /a 2
[06/01/2011 00:47:52] /a 2
[06/01/2011 00:47:53] /a 2
[06/01/2011 00:47:54] /a 2
[06/01/2011 00:47:55] /a 2
[06/01/2011 00:47:55] /a 2
[06/01/2011 00:47:56] /a 2
[06/01/2011 00:47:56] /a 2
[06/01/2011 00:47:56] /a 2
[06/01/2011 01:33:45] /ghost
[06/01/2011 01:33:46] /t
[06/01/2011 01:33:48] /a 44
[06/01/2011 01:35:35] /goto gabriel fodaum
[06/01/2011 02:03:34] /goto pidgeot
[06/01/2011 02:05:35] /r
[06/01/2011 02:05:44] /r
[06/01/2011 02:10:46] /m sandlash s
[06/01/2011 02:10:50] /m sandslash s
[06/01/2011 02:10:54] /m sandslash s
[06/01/2011 02:10:56] /m sandslash s
[06/01/2011 02:10:57] /m sandslash s
[06/01/2011 02:10:57] /m sandslash s
[06/01/2011 02:10:58] /m sandslash s
[06/01/2011 02:10:58] /m sandslash s
[06/01/2011 02:10:59] /m sandslash s
[06/01/2011 02:10:59] /m sandslash s
[06/01/2011 02:11:10] /m sandslash s
[06/01/2011 02:11:11] /m sandslash s
[06/01/2011 02:11:11] /m sandslash s
[06/01/2011 02:11:11] /m sandslash s
[06/01/2011 02:11:12] /m sandslash s
[06/01/2011 02:11:12] /m sandslash s
[06/01/2011 02:11:12] /m sandslash s
[06/01/2011 02:11:13] /m sandslash s
[06/01/2011 02:11:19] /m sandslash s
[06/01/2011 02:11:19] /m sandslash s
[06/01/2011 02:11:19] /m sandslash s
[06/01/2011 02:11:20] /m sandslash s
[06/01/2011 02:11:20] /m sandslash s
[06/01/2011 02:11:20] /m sandslash s
[06/01/2011 02:11:21] /m sandslash s
[06/01/2011 02:11:25] /m sandslash s
[06/01/2011 02:11:25] /m sandslash s
[06/01/2011 02:11:26] /m sandslash s
[06/01/2011 02:11:26] /m sandslash s
[06/01/2011 02:11:26] /m sandslash s
[06/01/2011 02:11:27] /m sandslash s
[06/01/2011 02:11:27] /m sandslash s
[06/01/2011 02:11:27] /m sandslash s
[06/01/2011 02:11:28] /m sandslash s
[06/01/2011 02:11:28] /m sandslash s
[06/01/2011 02:11:40] /m sandslash s
[06/01/2011 02:11:40] /m sandslash s
[06/01/2011 02:11:40] /m sandslash s
[06/01/2011 02:11:41] /m sandslash s
[06/01/2011 02:11:41] /m sandslash s
[06/01/2011 02:11:41] /m sandslash s
[06/01/2011 02:11:42] /m sandslash s
[06/01/2011 02:11:42] /m sandslash s
[06/01/2011 02:11:47] /m sandslash s
[06/01/2011 02:11:47] /m sandslash s
[06/01/2011 02:11:47] /m sandslash s
[06/01/2011 02:11:48] /m sandslash s
[06/01/2011 02:11:48] /m sandslash s
[06/01/2011 02:11:48] /m sandslash s
[06/01/2011 02:11:49] /m sandslash s
[06/01/2011 02:11:49] /m sandslash s
[06/01/2011 02:11:49] /m sandslash s
[06/01/2011 02:11:55] /m sandslash s
[06/01/2011 02:11:55] /m sandslash s
[06/01/2011 02:11:56] /m sandslash s
[06/01/2011 02:11:56] /m sandslash s
[06/01/2011 02:11:56] /m sandslash s
[06/01/2011 02:11:57] /m sandslash s
[06/01/2011 02:11:57] /m sandslash s
[06/01/2011 02:11:58] /m sandslash s
[06/01/2011 02:12:03] /m sandslash s
[06/01/2011 02:12:04] /m sandslash s
[06/01/2011 02:12:04] /m sandslash s
[06/01/2011 02:12:04] /m sandslash s
[06/01/2011 02:12:05] /m sandslash s
[06/01/2011 02:12:05] /m sandslash s
[06/01/2011 02:12:05] /m sandslash s
[06/01/2011 02:12:06] /m sandslash s
[06/01/2011 02:12:06] /m sandslash s
[06/01/2011 02:20:06] /r 100
[06/01/2011 02:20:07] /r 100
[06/01/2011 02:20:07] /r 100
[06/01/2011 02:20:08] /r 100
[06/01/2011 02:20:08] /r 100
[06/01/2011 02:20:08] /r 100
[06/01/2011 02:20:09] /r 100
[06/01/2011 02:20:09] /r 100
[06/01/2011 02:20:09] /r 100
[06/01/2011 02:20:10] /r 100
[06/01/2011 02:20:10] /r 100
[06/01/2011 02:20:11] /r 100
[06/01/2011 02:20:11] /r 100
[06/01/2011 02:20:11] /r 100
[06/01/2011 02:20:12] /r 100
[06/01/2011 02:20:19] /r
[06/01/2011 02:20:20] /r
[06/01/2011 02:20:20] /r
[06/01/2011 02:20:20] /r
[06/01/2011 02:20:20] /r
[06/01/2011 02:20:20] /r
[06/01/2011 02:20:20] /r
[06/01/2011 02:20:20] /r
[06/01/2011 02:20:20] /r
[06/01/2011 02:20:20] /r
[06/01/2011 02:20:20] /r
[06/01/2011 02:20:20] /r
[06/01/2011 02:20:20] /r
[06/01/2011 02:20:20] /r
[06/01/2011 02:20:20] /r
[06/01/2011 02:20:20] /r
[06/01/2011 02:20:20] /r
[06/01/2011 02:20:20] /r
[06/01/2011 02:20:20] /r
[06/01/2011 02:20:20] /r
[06/01/2011 02:20:20] /r
[06/01/2011 02:20:20] /r
[06/01/2011 02:20:20] /r
[06/01/2011 02:20:20] /r
[06/01/2011 02:20:20] /r
[06/01/2011 02:20:20] /r
[06/01/2011 02:20:20] /r
[06/01/2011 02:20:20] /r
[06/01/2011 02:20:20] /r
[06/01/2011 02:20:20] /r
[06/01/2011 02:20:20] /r
[06/01/2011 02:20:20] /r
[06/01/2011 02:20:21] /r
[06/01/2011 02:20:21] /r
[06/01/2011 02:20:21] /r
[06/01/2011 02:20:21] /r
[06/01/2011 02:20:21] /r
[06/01/2011 02:20:21] /r
[06/01/2011 02:20:21] /r
[06/01/2011 02:20:21] /r
[06/01/2011 02:20:21] /r
[06/01/2011 02:20:21] /r
[06/01/2011 02:20:21] /r
[06/01/2011 02:20:21] /r
[06/01/2011 02:20:21] /r
[06/01/2011 02:20:21] /r
[06/01/2011 02:20:21] /r
[06/01/2011 02:20:21] /r
[06/01/2011 02:20:21] /r
[06/01/2011 02:20:21] /r
[06/01/2011 02:20:21] /r
[06/01/2011 02:20:21] /r
[06/01/2011 02:20:21] /r
[06/01/2011 02:20:21] /r
[06/01/2011 02:20:21] /r
[06/01/2011 02:20:21] /r
[06/01/2011 02:20:21] /r
[06/01/2011 02:20:21] /r
[06/01/2011 02:20:21] /r
[06/01/2011 02:20:21] /r
[06/01/2011 02:20:21] /r
[06/01/2011 02:20:21] /r
[06/01/2011 02:20:21] /r
[06/01/2011 02:20:22] /r
[06/01/2011 02:20:22] /r
[06/01/2011 02:20:22] /r
[06/01/2011 02:20:22] /r
[06/01/2011 02:20:22] /r
[06/01/2011 02:20:22] /r
[06/01/2011 02:20:22] /r
[06/01/2011 02:20:22] /r
[06/01/2011 02:20:22] /r
[06/01/2011 02:20:22] /r
[06/01/2011 02:20:22] /r
[06/01/2011 02:20:25] /ghost
[06/01/2011 02:20:27] /ghost
[06/01/2011 02:20:31] /goto coringa
[06/01/2011 02:22:45] /goto coringa
[06/01/2011 02:26:04] /goto coringa
[06/01/2011 02:27:21] /ghost
[06/01/2011 02:29:07] /i potion
[06/01/2011 02:29:12] /i bloody edge
[06/01/2011 02:29:16] /i bloody edge
[06/01/2011 02:29:47] /a 3
[06/01/2011 02:42:00] /ghost
[06/01/2011 02:42:03] /goto coringa
[06/01/2011 02:48:12] /t
[06/01/2011 02:48:22] /c coringa
[06/01/2011 02:50:18] /goto pidgeot
[06/01/2011 02:50:24] /a 2
[06/01/2011 02:50:30] /a 12
[06/01/2011 02:50:31] /a 12
[06/01/2011 02:51:42] /s gyarados
[06/01/2011 02:51:44] /a 14
[06/01/2011 02:52:41] /c coringa
[06/01/2011 03:01:42] /t
[06/01/2011 03:17:27] /goto vileplume
[06/01/2011 03:17:40] /r
[06/01/2011 03:17:43] /i 2160
[06/01/2011 03:17:45] /i 2146
[06/01/2011 03:22:34] /i 2146
[06/01/2011 03:22:37] /r 18
[06/01/2011 03:25:06] /i 2146
[06/01/2011 03:25:33] /i 2146
[06/01/2011 03:27:49] /i 2146
[06/01/2011 03:29:16] /t
[06/01/2011 03:29:58] /ghost
[06/01/2011 03:29:59] /ghost
[06/01/2011 03:30:01] /goto coringa
[06/01/2011 03:37:58] /t
[06/01/2011 03:39:10] /m graveler s
[06/01/2011 03:39:29] /r
[06/01/2011 03:39:31] /m graveler s
[06/01/2011 03:39:32] /m graveler s
[06/01/2011 03:39:32] /m graveler s
[06/01/2011 03:40:07] /r
[06/01/2011 03:40:09] /r
[06/01/2011 03:40:09] /r
[06/01/2011 03:43:11] /i 2147
[06/01/2011 03:44:14] /i ultraball, 1
[06/01/2011 03:44:18] /i ultra ball, 1
[06/01/2011 03:44:20] /i 2146
[06/01/2011 03:44:25] /i 2146
[06/01/2011 03:44:38] /i poke ball
[06/01/2011 03:44:41] /i poke ball
[06/01/2011 03:44:53] /i ultra ball
[06/01/2011 03:45:03] /i ultra ball 1
[06/01/2011 03:45:09] /i 1, ultra ball
[06/01/2011 03:45:12] /a 1
[06/01/2011 03:45:15] /i 969
[06/01/2011 03:45:36] /r
[06/01/2011 03:46:01] /i 2144, 1
[06/01/2011 03:46:08] /i 2146, 1
[06/01/2011 03:46:15] /i ultra ball
[06/01/2011 03:46:20] /i ultra ball
[06/01/2011 03:48:50] /r
[06/01/2011 03:48:51] /r 100
[06/01/2011 03:48:52] /r 100
[06/01/2011 03:48:53] /r 100
[06/01/2011 03:48:54] /r 100
[06/01/2011 03:48:54] /r 100
[06/01/2011 03:48:55] /r 100
[06/01/2011 03:48:56] /r 100
[06/01/2011 03:48:57] /r 100
[06/01/2011 03:49:06] /goto vileplume
[06/01/2011 03:52:37] /i 2221
[06/01/2011 03:53:15] /goto vileplume
[06/01/2011 03:53:18] /i 2219
[06/01/2011 03:53:23] /i 2221
[06/01/2011 03:54:36] /goto coringa
[06/01/2011 03:54:39] /ghost
[06/01/2011 03:54:55] /addskill coringa, level, 3
[06/01/2011 03:55:01] /i screw 100
[06/01/2011 03:55:14] /i 8861, 100
[06/01/2011 03:57:58] /t
[06/01/2011 03:58:01] /c coringa
[06/01/2011 03:58:04] /c coringa
[06/01/2011 03:58:06] /c coringa
[06/01/2011 03:59:44] /i defeated pidgey
[06/01/2011 03:59:47] /i 2146
[06/01/2011 04:00:02] /r
[06/01/2011 04:00:35] /i defeated pidgey
[06/01/2011 04:00:49] /r
[06/01/2011 04:00:52] /r 100
[06/01/2011 04:00:59] /i defeated pidgey
[06/01/2011 04:01:05] /i 2147
[06/01/2011 04:01:12] /i defeated pidgey
[06/01/2011 04:01:17] /i defeated pidgey
[06/01/2011 04:01:20] /i defeated pidgey
[06/01/2011 04:01:23] /i defeated pidgey
[06/01/2011 04:01:25] /i defeated pidgey
[06/01/2011 04:04:57] /i defeated raticate
[06/01/2011 04:05:02] /r
[06/01/2011 04:05:05] /r 100
[06/01/2011 04:05:07] /i 2146
[06/01/2011 04:05:10] /r 100
[06/01/2011 04:05:16] /i defeated raticate
[06/01/2011 04:05:19] /i defeated raticate
[06/01/2011 04:05:20] /i defeated raticate
[06/01/2011 04:05:21] /i defeated raticate
[06/01/2011 04:05:49] /r
[06/01/2011 04:05:59] /i defeated raticate
[06/01/2011 04:05:59] /i defeated raticate
[06/01/2011 04:06:00] /i defeated raticate
[06/01/2011 04:06:00] /i defeated raticate
[06/01/2011 04:06:08] /i defeated raticate
[06/01/2011 04:06:27] /i defeated raticate
[06/01/2011 04:06:27] /i defeated raticate
[06/01/2011 04:06:27] /i defeated raticate
[06/01/2011 04:06:28] /i defeated raticate
[06/01/2011 04:06:28] /i defeated raticate
[06/01/2011 04:06:28] /i defeated raticate
[06/01/2011 04:06:29] /i defeated raticate
[06/01/2011 04:06:29] /i defeated raticate
[06/01/2011 04:06:29] /i defeated raticate
[06/01/2011 04:06:30] /i defeated raticate
[06/01/2011 04:06:30] /i defeated raticate
[06/01/2011 04:06:30] /i defeated raticate
[06/01/2011 04:06:31] /i defeated raticate
[06/01/2011 04:06:31] /i defeated raticate
[06/01/2011 04:06:31] /i defeated raticate
[06/01/2011 04:06:32] /i defeated raticate
[06/01/2011 04:06:33] /i defeated raticate
[06/01/2011 04:06:33] /i defeated raticate
[06/01/2011 04:06:33] /i defeated raticate
[06/01/2011 04:06:58] /r 100
[06/01/2011 04:06:59] /r 100
[06/01/2011 04:07:02] /goto golem
[06/01/2011 04:07:05] /a 2
[06/01/2011 04:07:05] /a 2
[06/01/2011 04:07:06] /a 2
[06/01/2011 04:07:11] /s porgyon
[06/01/2011 04:07:13] /s porygon
[06/01/2011 04:07:25] /s porygon
[06/01/2011 04:07:28] /ghost
[06/01/2011 04:07:30] /r
[06/01/2011 04:07:33] /r
[06/01/2011 04:07:35] /s porygon
[06/01/2011 04:08:04] /r
[06/01/2011 04:08:05] /r
[06/01/2011 04:08:11] /i 4552
[06/01/2011 04:08:13] /a 2
[06/01/2011 04:08:14] /a 2
[06/01/2011 04:08:14] /a 2
[06/01/2011 04:08:14] /a 2
[06/01/2011 04:08:15] /a 2
[06/01/2011 04:08:15] /a 2
[06/01/2011 04:08:16] /a 2
[06/01/2011 04:08:16] /a 2
[06/01/2011 04:08:17] /a 2
[06/01/2011 04:08:17] /a 2
[06/01/2011 04:08:17] /a 2
[06/01/2011 04:08:18] /a 2
[06/01/2011 04:08:18] /a 2
[06/01/2011 04:08:19] /a 2
[06/01/2011 04:08:19] /a 2
[06/01/2011 04:08:20] /a 2
[06/01/2011 04:08:20] /a 2
[06/01/2011 04:08:20] /a 2
[06/01/2011 04:08:21] /a 2
[06/01/2011 04:08:22] /a 2
[06/01/2011 04:08:24] /a 2
[06/01/2011 04:08:24] /a 2
[06/01/2011 04:08:25] /c coringa
[06/01/2011 04:12:54] /c coringa
[06/01/2011 04:13:09] /r
[06/01/2011 04:13:11] /n nurse
[06/01/2011 04:13:13] /r
[06/01/2011 04:13:15] /r
[06/01/2011 04:13:20] /r
[06/01/2011 04:13:21] /r
[06/01/2011 04:25:45] /t
[06/01/2011 04:25:50] /a 12
[06/01/2011 04:29:30] /r
[06/01/2011 04:29:30] /r
[06/01/2011 04:29:30] /r
[06/01/2011 04:29:30] /r
[06/01/2011 04:29:30] /r
[06/01/2011 04:29:30] /r
[06/01/2011 04:29:30] /r
[06/01/2011 04:29:30] /r
[06/01/2011 04:29:30] /r
[06/01/2011 04:29:30] /r
[06/01/2011 04:29:30] /r
[06/01/2011 04:29:30] /r
[06/01/2011 04:29:31] /r
[06/01/2011 04:29:31] /r
[06/01/2011 04:29:31] /r
[06/01/2011 04:29:31] /r
[06/01/2011 04:29:31] /r
[06/01/2011 04:29:31] /r
[06/01/2011 04:29:31] /r
[06/01/2011 04:29:31] /r
[06/01/2011 04:29:31] /r
[06/01/2011 04:29:31] /r
[06/01/2011 04:29:31] /r
[06/01/2011 04:29:31] /r
[06/01/2011 04:29:31] /r
[06/01/2011 04:29:31] /r
[06/01/2011 04:29:31] /r
[06/01/2011 04:29:31] /r
[06/01/2011 04:29:31] /r
[06/01/2011 04:29:31] /r
[06/01/2011 04:29:31] /r
[06/01/2011 04:29:31] /r
[06/01/2011 04:29:31] /r
[06/01/2011 04:29:31] /r
[06/01/2011 04:29:31] /r
[06/01/2011 04:29:31] /r
[06/01/2011 04:29:31] /r
[06/01/2011 04:29:31] /r
[06/01/2011 04:29:31] /r
[06/01/2011 04:29:31] /r
[06/01/2011 04:29:31] /r
[06/01/2011 04:29:31] /r
[06/01/2011 04:29:31] /r
[06/01/2011 04:29:31] /r
[06/01/2011 04:29:32] /r
[06/01/2011 04:29:32] /r
[06/01/2011 04:29:32] /r
[06/01/2011 04:29:32] /r
[06/01/2011 04:29:32] /r
[06/01/2011 04:29:32] /r
[06/01/2011 04:29:32] /r
[06/01/2011 04:29:32] /r
[06/01/2011 04:29:33] /r
[06/01/2011 04:29:33] /r
[06/01/2011 04:29:33] /r
[06/01/2011 04:29:33] /r
[06/01/2011 04:29:33] /r
[06/01/2011 04:29:33] /r
[06/01/2011 04:29:33] /r
[06/01/2011 04:29:33] /r
[06/01/2011 04:29:33] /r
[06/01/2011 04:29:33] /r
[06/01/2011 04:29:33] /r
[06/01/2011 04:29:33] /r
[06/01/2011 04:29:34] /r
[06/01/2011 04:29:34] /r
[06/01/2011 04:29:34] /r
[06/01/2011 04:29:34] /r
[06/01/2011 04:29:34] /r
[06/01/2011 04:29:34] /r
[06/01/2011 04:29:34] /r
[06/01/2011 04:29:34] /r
[06/01/2011 04:29:34] /r
[06/01/2011 04:29:35] /r
[06/01/2011 04:29:35] /r
[06/01/2011 04:29:35] /r
[06/01/2011 04:29:35] /r
[06/01/2011 04:29:35] /r
[06/01/2011 04:29:35] /r
[06/01/2011 04:29:35] /r
[06/01/2011 04:29:35] /r
[06/01/2011 04:29:35] /r
[06/01/2011 04:29:36] /r
[06/01/2011 04:29:36] /r
[06/01/2011 04:29:36] /r
[06/01/2011 04:29:36] /r
[06/01/2011 04:29:36] /r
[06/01/2011 04:29:36] /r
[06/01/2011 04:29:36] /r
[06/01/2011 04:29:36] /r
[06/01/2011 04:29:36] /r
[06/01/2011 04:29:36] /r
[06/01/2011 04:29:36] /r
[06/01/2011 04:29:36] /r
[06/01/2011 04:29:36] /r
[06/01/2011 04:29:37] /r
[06/01/2011 04:29:37] /r
[06/01/2011 04:29:37] /r
[06/01/2011 04:29:37] /r
[06/01/2011 04:29:37] /r
[06/01/2011 04:29:37] /r
[06/01/2011 04:29:37] /r
[06/01/2011 04:29:37] /r
[06/01/2011 04:29:37] /r
[06/01/2011 04:29:37] /r
[06/01/2011 04:29:37] /r
[06/01/2011 04:29:37] /r
[06/01/2011 04:29:37] /r
[06/01/2011 04:29:37] /r
[06/01/2011 04:29:37] /r
[06/01/2011 04:29:37] /r
[06/01/2011 04:29:37] /r
[06/01/2011 04:29:37] /r
[06/01/2011 04:29:37] /r
[06/01/2011 04:29:37] /r
[06/01/2011 04:29:38] /r
[06/01/2011 04:29:38] /r
[06/01/2011 04:29:38] /r
[06/01/2011 04:29:38] /r
[06/01/2011 04:29:38] /r
[06/01/2011 04:32:06] /i 2146
[06/01/2011 04:35:36] /r
[06/01/2011 04:35:36] /r
[06/01/2011 04:35:37] /r
[06/01/2011 04:35:38] /r
[06/01/2011 04:35:38] /r
[06/01/2011 04:35:38] /r
[06/01/2011 04:35:38] /r
[06/01/2011 04:35:38] /r
[06/01/2011 04:35:38] /r
[06/01/2011 04:35:38] /r
[06/01/2011 04:35:38] /r
[06/01/2011 04:35:38] /r
[06/01/2011 04:35:38] /r
[06/01/2011 04:35:38] /r
[06/01/2011 04:35:38] /r
[06/01/2011 04:35:38] /r
[06/01/2011 04:35:38] /r
[06/01/2011 04:35:38] /r
[06/01/2011 04:35:38] /r
[06/01/2011 04:35:38] /r
[06/01/2011 04:35:38] /r
[06/01/2011 04:35:38] /r
[06/01/2011 04:35:38] /r
[06/01/2011 04:35:38] /r
[06/01/2011 04:35:39] /r
[06/01/2011 04:35:39] /r
[06/01/2011 04:35:39] /r
[06/01/2011 04:35:39] /r
[06/01/2011 04:35:39] /r
[06/01/2011 04:35:39] /r
[06/01/2011 04:35:39] /r
[06/01/2011 04:35:39] /r
[06/01/2011 04:35:39] /r
[06/01/2011 04:35:39] /r
[06/01/2011 04:35:39] /r
[06/01/2011 04:35:39] /r
[06/01/2011 04:35:39] /r
[06/01/2011 04:35:39] /r
[06/01/2011 04:35:39] /r
[06/01/2011 04:35:39] /r
[06/01/2011 04:35:39] /r
[06/01/2011 04:35:39] /r
[06/01/2011 04:35:39] /r
[06/01/2011 04:35:39] /r
[06/01/2011 04:35:39] /r
[06/01/2011 04:35:39] /r
[06/01/2011 04:35:39] /r
[06/01/2011 04:35:39] /r
[06/01/2011 04:35:39] /r
[06/01/2011 04:35:39] /r
[06/01/2011 04:35:39] /r
[06/01/2011 04:35:39] /r
[06/01/2011 04:35:39] /r
[06/01/2011 04:35:39] /r
[06/01/2011 04:35:39] /r
[06/01/2011 04:35:40] /r
[06/01/2011 04:35:40] /r
[06/01/2011 04:35:40] /r
[06/01/2011 04:35:40] /r
[06/01/2011 04:35:40] /r
[06/01/2011 04:35:40] /r
[06/01/2011 04:35:40] /r
[06/01/2011 04:35:40] /r
[06/01/2011 04:35:41] /r
[06/01/2011 04:35:41] /r
[06/01/2011 04:35:41] /r
[06/01/2011 04:35:41] /r
[06/01/2011 04:35:41] /r
[06/01/2011 04:35:41] /r
[06/01/2011 04:35:41] /r
[06/01/2011 04:35:41] /r
[06/01/2011 04:35:41] /r
[06/01/2011 04:35:41] /r
[06/01/2011 04:35:41] /r
[06/01/2011 04:35:41] /r
[06/01/2011 04:35:41] /r
[06/01/2011 04:35:41] /r
[06/01/2011 04:35:41] /r
[06/01/2011 04:35:41] /r
[06/01/2011 04:35:41] /r
[06/01/2011 04:35:41] /r
[06/01/2011 04:35:41] /r
[06/01/2011 04:35:41] /r
[06/01/2011 04:35:41] /r
[06/01/2011 04:35:41] /r
[06/01/2011 04:35:41] /r
[06/01/2011 04:35:41] /r
[06/01/2011 04:35:41] /r
[06/01/2011 04:35:41] /r
[06/01/2011 04:35:41] /r
[06/01/2011 04:35:41] /r
[06/01/2011 04:35:41] /r
[06/01/2011 04:35:41] /r
[06/01/2011 04:35:41] /r
[06/01/2011 04:35:41] /r
[06/01/2011 04:35:42] /r
[06/01/2011 04:35:42] /r
[06/01/2011 04:35:42] /r
[06/01/2011 04:35:42] /r
[06/01/2011 04:35:42] /r
[06/01/2011 04:35:42] /r
[06/01/2011 04:35:49] /i 4542
[06/01/2011 04:41:09] /m articuno
[06/01/2011 04:46:09] /n nurse
[06/01/2011 04:46:13] /r
[06/01/2011 04:46:57] /ghost
[06/01/2011 04:46:58] /ghost
[06/01/2011 04:48:37] /s alakazam
[06/01/2011 04:49:00] /r
[06/01/2011 04:49:03] /r
[06/01/2011 04:49:44] /m golem s
[06/01/2011 04:49:53] /r
[06/01/2011 04:50:01] /a 4
[06/01/2011 04:50:07] /r
[06/01/2011 04:51:41] /a 67
[06/01/2011 05:43:05] /m crystal onix
[06/01/2011 23:31:21] /goto magneton
[06/01/2011 23:31:26] /s sandslash
[06/01/2011 23:31:38] /r
[06/01/2011 23:31:42] /r
[06/01/2011 23:31:43] /r
[06/01/2011 23:31:44] /r
[06/01/2011 23:31:50] /r
[06/01/2011 23:31:51] /r
[06/01/2011 23:31:52] /r
[06/01/2011 23:31:53] /r
[06/01/2011 23:31:55] /r
[06/01/2011 23:31:57] /r
[06/01/2011 23:32:58] /n nurse
[06/01/2011 23:33:03] /r
[06/01/2011 23:51:33] /m electrode s
