[31/10/2010 14:17:11] /s dragon
[31/10/2010 14:18:14] /s demon
[31/10/2010 14:18:34] /i 2147
[31/10/2010 14:25:24] /i 2147
[31/10/2010 14:25:29] /s demon
[31/10/2010 14:27:25] /i 2147
[31/10/2010 14:27:29] /s demon
[31/10/2010 14:28:03] /m dragon
[31/10/2010 14:33:30] /m dragon
[31/10/2010 14:45:56] /m demon
[31/10/2010 14:47:32] /m dragon
[31/10/2010 14:48:59] /m dragon
[31/10/2010 15:16:40] /m dragon
[31/10/2010 15:19:18] /m dragon
[31/10/2010 15:19:34] /m demon
[31/10/2010 15:23:04] /m dragon
[31/10/2010 15:23:25] /m dragon
[31/10/2010 15:24:25] /m dragon
[31/10/2010 15:26:11] /m dragon
[31/10/2010 15:32:51] /m dragon
[31/10/2010 15:36:17] /m dragon
[31/10/2010 15:39:15] /m dragon
[01/11/2010 00:31:51] /s demon
[01/11/2010 00:32:05] /m dragon
[01/11/2010 00:32:30] /s demon
[01/11/2010 00:33:11] /m demon
[01/11/2010 00:35:55] /m dragon
[01/11/2010 00:52:05] /m demon
[01/11/2010 00:56:08] /m demon
[01/11/2010 00:58:08] /s
[01/11/2010 00:58:11] /s
[01/11/2010 00:58:15] /s
[01/11/2010 00:58:17] /s ae
[01/11/2010 00:58:20] /r
[01/11/2010 00:58:22] /r
[01/11/2010 00:58:24] /r
[01/11/2010 00:58:39] /r
[01/11/2010 00:58:45] /r
[01/11/2010 00:58:46] /r
[01/11/2010 00:58:47] /r
[01/11/2010 00:58:55] /r
[01/11/2010 00:58:56] /r
[01/11/2010 00:58:57] /r
[01/11/2010 00:59:03] /r 100
[01/11/2010 00:59:04] /r 100
[01/11/2010 00:59:07] /r 100
[01/11/2010 00:59:07] /r 100
[01/11/2010 00:59:09] /r 100
[01/11/2010 00:59:16] /r 100
[01/11/2010 00:59:26] /r Auehuahsua
[01/11/2010 00:59:30] /r Auehuahsua
[01/11/2010 00:59:32] /r Auehuahsua
[01/11/2010 00:59:36] /r Auehuahsua
[01/11/2010 00:59:39] /r
[01/11/2010 00:59:40] /r
[01/11/2010 00:59:51] /kick Auehuahsua
[01/11/2010 12:49:07] /m dragon
[01/11/2010 12:50:18] /s demon
[01/11/2010 12:50:29] /i 2147
[01/11/2010 12:52:31] /m dragon
[01/11/2010 13:03:17] /m dragon
[01/11/2010 13:05:45] /m dragon
[01/11/2010 13:06:41] /m dragon
[01/11/2010 13:20:25] /m dragon
[01/11/2010 13:23:03] /m dragon
[01/11/2010 13:33:26] /a 2
[01/11/2010 13:33:28] /a 2
[01/11/2010 13:33:29] /a 2
[01/11/2010 13:33:29] /a 2
[01/11/2010 13:33:29] /a 2
[01/11/2010 13:55:05] /m dragon
[01/11/2010 13:56:00] /m dragon
[01/11/2010 14:00:09] /m dragon
[01/11/2010 14:00:32] /m dragon
[01/11/2010 14:12:39] /m dragon
[01/11/2010 18:25:22] /m dragon
[01/11/2010 18:26:28] /m dragon
[01/11/2010 18:27:29] /m dragon
[01/11/2010 18:28:17] /m dragon
[01/11/2010 18:28:55] /m dragon
[01/11/2010 18:30:10] /m dragon
[01/11/2010 18:31:34] /m dragon
[01/11/2010 18:32:51] /m dragon
[01/11/2010 18:33:51] /m dragon
[01/11/2010 18:36:00] /m dragon
[01/11/2010 18:37:13] /m dragon
[01/11/2010 18:42:07] /m dragon
[01/11/2010 18:43:34] /m dragon
[01/11/2010 18:46:48] /m dragon
[01/11/2010 18:47:12] /m demon
[01/11/2010 18:48:02] /m demon
[01/11/2010 18:48:18] /m demon
[01/11/2010 18:48:18] /m demon
[01/11/2010 18:48:18] /m demon
[01/11/2010 18:48:19] /m demon
[01/11/2010 18:48:19] /m demon
[01/11/2010 22:51:54] /m dragon
[01/11/2010 23:00:18] /m dragon
[01/11/2010 23:03:39] /m dragon
[01/11/2010 23:04:08] /s demon
[01/11/2010 23:07:21] /m dragon
[01/11/2010 23:07:39] /m demon
[01/11/2010 23:08:01] /m dragon
[01/11/2010 23:09:26] /m dragon
[01/11/2010 23:10:08] /m dragon
[01/11/2010 23:12:38] /m dragon
[01/11/2010 23:14:02] /m dragon
[01/11/2010 23:17:00] /m dragon
[01/11/2010 23:25:09] /m dragon
[01/11/2010 23:38:12] /m dragon
[02/11/2010 00:59:22] /m 2
[02/11/2010 00:59:25] /m dragon
[02/11/2010 01:00:47] /m dragon
[02/11/2010 01:02:41] /m dragon
[02/11/2010 01:09:50] /a 25
[02/11/2010 01:09:51] /a 25
[02/11/2010 01:10:00] /m dragon
[02/11/2010 01:20:02] /a 60
[02/11/2010 01:20:06] /m dragon
[02/11/2010 01:26:06] /m dragon
[02/11/2010 01:59:30] /m dragon
[02/11/2010 01:59:48] /a 2
[02/11/2010 01:59:51] /a 2
[02/11/2010 02:00:51] /m dragon
[02/11/2010 02:02:39] /a 2
[02/11/2010 02:02:45] /a 2
[02/11/2010 02:02:47] /a 2
[02/11/2010 02:03:18] /a 2
[02/11/2010 02:03:21] /a 2
[02/11/2010 02:03:22] /a 2
[02/11/2010 02:03:24] /a 2
[02/11/2010 02:03:26] /a 2
[02/11/2010 02:04:11] /a 2
[02/11/2010 02:04:15] /a 2
[02/11/2010 02:04:17] /a 2
[02/11/2010 02:06:31] /a 2
[02/11/2010 02:06:40] /m dragon
[02/11/2010 14:49:37] /s demon
[02/11/2010 14:49:38] /s demon
[02/11/2010 14:49:38] /s demon
[02/11/2010 14:49:41] /s demon
[02/11/2010 14:49:41] /s demon
[02/11/2010 14:49:42] /s demon
[02/11/2010 14:50:56] /m demon
[02/11/2010 14:52:40] /m demon
[02/11/2010 14:53:15] /r 
[02/11/2010 18:22:54] /m dragon
[02/11/2010 18:28:45] /m demon
[03/11/2010 16:41:42] /a 2
[03/11/2010 16:42:08] /m demon
[03/11/2010 16:47:45] /a 2
[03/11/2010 16:49:51] /m dragon
[03/11/2010 16:50:10] /m dragon
[03/11/2010 16:50:39] /r
[03/11/2010 16:55:05] /m dragon
[03/11/2010 16:55:53] /r
[03/11/2010 16:55:55] /r
[03/11/2010 16:56:02] /r
[03/11/2010 16:56:02] /r
[03/11/2010 16:56:03] /r
[03/11/2010 16:56:03] /r
[03/11/2010 16:56:04] /r
[03/11/2010 16:56:05] /r
[03/11/2010 16:56:07] /r
[03/11/2010 16:56:08] /r
[03/11/2010 16:56:09] /r
[03/11/2010 16:56:11] /r
[03/11/2010 16:59:48] /m dragon
[03/11/2010 17:05:36] /s dragon
[03/11/2010 17:06:00] /s demon
[03/11/2010 17:10:26] /m demon
[03/11/2010 17:10:43] /s demon
[03/11/2010 17:10:44] /s demon
[03/11/2010 17:10:44] /s demon
[03/11/2010 17:11:31] /r
[03/11/2010 17:14:26] /s demon
[03/11/2010 17:35:17] /s demon
[03/11/2010 17:45:58] /s demon
[03/11/2010 18:02:55] /a 2
[03/11/2010 18:03:00] /r 
[03/11/2010 18:03:08] /s
[03/11/2010 18:03:11] /s demon
[03/11/2010 19:36:43] /s demon
[03/11/2010 20:23:15] /m test
[03/11/2010 20:28:12] /m test
[03/11/2010 20:28:12] /m test
[03/11/2010 20:28:12] /m test
[03/11/2010 20:28:13] /m test
[04/11/2010 16:12:25] /s demon
[04/11/2010 16:30:57] /s demon
[04/11/2010 16:34:56] /s demon
[04/11/2010 16:35:43] /r
[04/11/2010 16:54:32] /s demon
[04/11/2010 17:17:07] /m test
[04/11/2010 17:17:07] /m test
[04/11/2010 17:17:09] /m test
[04/11/2010 17:17:09] /m test
[04/11/2010 17:17:13] /m test
[04/11/2010 17:17:13] /m test
[04/11/2010 17:17:15] /m test
[04/11/2010 17:17:16] /m test
[04/11/2010 17:30:04] /s demon
[04/11/2010 17:30:55] /s demon
[04/11/2010 17:38:11] /s demon
[04/11/2010 17:47:01] /s demon
[05/11/2010 00:24:38] /s demon
[05/11/2010 00:42:16] /s demon
[05/11/2010 00:42:25] /s demon
[05/11/2010 00:44:02] /s demon
[05/11/2010 13:07:26] /s demon
[05/11/2010 13:08:58] /s demon
[05/11/2010 13:20:46] /s drago
[05/11/2010 13:20:49] /s dragon
[05/11/2010 14:02:09] /a 2
[05/11/2010 14:03:23] /s demon
[05/11/2010 14:03:24] /s demon
[05/11/2010 14:03:24] /s demon
[05/11/2010 14:03:24] /s demon
[05/11/2010 14:03:31] /s demon
[05/11/2010 14:03:32] /s demon
[05/11/2010 14:03:32] /s demon
[05/11/2010 14:08:30] /s demon
[05/11/2010 14:08:33] /s demon
[05/11/2010 14:08:34] /s demon
[05/11/2010 14:08:34] /s demon
[05/11/2010 14:08:35] /s demon
[05/11/2010 14:08:35] /s demon
[05/11/2010 14:08:36] /s demon
[05/11/2010 14:08:37] /s demon
[05/11/2010 14:08:37] /s demon
[05/11/2010 14:19:48] /s demon
[05/11/2010 14:19:49] /s demon
[05/11/2010 14:19:50] /s demon
[05/11/2010 14:19:51] /s demon
[05/11/2010 18:47:37] /m demon
[05/11/2010 18:48:13] /a 1
[05/11/2010 19:28:46] /m demon
[05/11/2010 22:01:27] /a 2
[05/11/2010 22:01:30] /a 1
[05/11/2010 22:01:32] /a 1
[05/11/2010 22:01:45] /s demon
[05/11/2010 22:18:01] /i 2901
[05/11/2010 22:18:08] /i 3901
[05/11/2010 22:18:15] /s demon
[05/11/2010 22:18:18] /m demon
[05/11/2010 22:18:30] /r
[05/11/2010 22:18:31] /r
[05/11/2010 22:18:32] /r
[05/11/2010 22:18:35] /r
[05/11/2010 22:20:25] /i 2016
[05/11/2010 22:20:42] /i 2046
[05/11/2010 22:20:45] /i 2016
[05/11/2010 22:21:08] /i 2016
[05/11/2010 22:22:00] /i 2016
[05/11/2010 22:22:23] /i 2016
[05/11/2010 22:23:00] /m demon
[05/11/2010 22:23:39] /s demon
[05/11/2010 22:24:02] /m demon
[05/11/2010 22:24:12] /s demon
[05/11/2010 22:24:19] /s demon
[05/11/2010 22:24:20] /s demon
[05/11/2010 22:24:20] /s demon
[05/11/2010 22:24:21] /s demon
[05/11/2010 22:24:23] /m demon
[05/11/2010 22:24:44] /s demon
[05/11/2010 22:24:45] /s demon
[05/11/2010 22:24:45] /s demon
[05/11/2010 22:24:46] /s demon
[05/11/2010 22:24:51] /m demon
[05/11/2010 22:25:08] /s demon
[05/11/2010 22:25:10] /s demon
[05/11/2010 22:28:26] /i 2147
[05/11/2010 22:35:33] /s demon
[05/11/2010 22:35:33] /s demon
[05/11/2010 22:35:34] /s demon
[05/11/2010 22:35:34] /s demon
[05/11/2010 22:35:37] /m demon
[05/11/2010 22:43:51] /s demon
[05/11/2010 22:46:10] /s demon
[05/11/2010 22:46:57] /s demon
[05/11/2010 22:47:30] /s demon
[05/11/2010 22:48:21] /s demon
[05/11/2010 22:49:31] /s demon
[05/11/2010 22:50:03] /i 2222 "poke" demon
[06/11/2010 00:06:40] /m demon
[06/11/2010 00:08:55] /a 20
[06/11/2010 00:08:58] /a 20
[06/11/2010 15:20:55] /s demon
[06/11/2010 15:48:48] /r
[06/11/2010 15:49:33] /up
[06/11/2010 16:42:32] /m demon
[06/11/2010 16:59:13] /m demon
[06/11/2010 17:05:22] /r
[06/11/2010 18:17:15] /m demon
[06/11/2010 18:19:00] /a 4
[06/11/2010 18:19:01] /a 4
[06/11/2010 18:19:02] /a 4
[06/11/2010 18:19:04] /a 4
[06/11/2010 18:19:04] /a 4
[06/11/2010 18:19:04] /a 4
[06/11/2010 18:19:08] /a 4
[06/11/2010 18:19:08] /a 4
[06/11/2010 18:19:09] /a 4
[06/11/2010 18:19:14] /a 4
[06/11/2010 18:19:14] /a 4
[06/11/2010 18:19:14] /a 4
[06/11/2010 18:19:26] /a 4
[06/11/2010 18:19:26] /a 4
[06/11/2010 18:19:27] /a 4
[06/11/2010 18:19:27] /a 4
[06/11/2010 18:19:28] /a 4
[06/11/2010 18:19:29] /a 4
[06/11/2010 18:19:29] /a 4
[06/11/2010 18:19:30] /a 4
[06/11/2010 18:19:32] /a 4
[06/11/2010 18:19:32] /a 4
[06/11/2010 18:19:33] /a 4
[06/11/2010 18:19:34] /a 4
[06/11/2010 18:19:38] /r
[06/11/2010 18:19:49] /a 1
[06/11/2010 18:19:49] /a 1
[06/11/2010 18:19:49] /a 1
[06/11/2010 18:19:49] /a 1
[06/11/2010 18:19:50] /a 1
[06/11/2010 18:19:50] /a 1
[06/11/2010 18:19:50] /a 1
[06/11/2010 18:19:50] /a 1
[06/11/2010 18:19:50] /a 1
[06/11/2010 18:19:51] /a 1
[06/11/2010 18:19:51] /a 1
[06/11/2010 18:19:51] /a 1
[06/11/2010 18:19:51] /a 1
[06/11/2010 18:19:51] /a 1
[06/11/2010 18:19:51] /a 1
[06/11/2010 18:19:51] /a 1
[06/11/2010 18:19:51] /a 1
[06/11/2010 18:19:51] /a 1
[06/11/2010 18:19:51] /a 1
[06/11/2010 18:19:51] /a 1
[06/11/2010 18:19:51] /a 1
[06/11/2010 18:19:51] /a 1
[06/11/2010 18:19:52] /a 1
[06/11/2010 18:19:52] /a 1
[06/11/2010 18:19:52] /a 1
[06/11/2010 18:19:52] /a 1
[06/11/2010 18:19:52] /a 1
[06/11/2010 18:19:52] /a 1
[06/11/2010 18:19:52] /a 1
[06/11/2010 18:19:52] /a 1
[06/11/2010 18:19:52] /a 1
[06/11/2010 18:19:52] /a 1
[06/11/2010 18:19:53] /a 1
[06/11/2010 18:19:53] /a 1
[06/11/2010 18:19:53] /a 1
[06/11/2010 18:19:54] /a 1
[06/11/2010 18:19:54] /a 1
[06/11/2010 18:19:54] /a 1
[06/11/2010 18:19:54] /a 1
[06/11/2010 18:19:55] /a 1
[06/11/2010 18:19:55] /a 1
[06/11/2010 18:19:55] /a 1
[06/11/2010 18:19:55] /a 1
[06/11/2010 18:19:55] /a 1
[06/11/2010 18:19:56] /a 1
[06/11/2010 18:19:56] /a 1
[06/11/2010 18:19:56] /a 1
[06/11/2010 18:19:56] /a 1
[06/11/2010 18:19:56] /a 1
[06/11/2010 18:19:56] /a 1
[06/11/2010 18:19:57] /a 1
[06/11/2010 18:19:58] /a 1
[06/11/2010 18:19:58] /a 1
[06/11/2010 18:19:58] /a 1
[06/11/2010 18:19:58] /a 1
[06/11/2010 18:19:58] /a 1
[06/11/2010 18:19:58] /a 1
[06/11/2010 18:19:58] /a 1
[06/11/2010 18:19:59] /a 1
[06/11/2010 18:19:59] /a 1
[06/11/2010 18:19:59] /a 1
[06/11/2010 18:19:59] /a 1
[06/11/2010 18:19:59] /a 1
[06/11/2010 18:19:59] /a 1
[06/11/2010 18:19:59] /a 1
[06/11/2010 18:19:59] /a 1
[06/11/2010 18:19:59] /a 1
[06/11/2010 18:19:59] /a 1
[06/11/2010 18:19:59] /a 1
[06/11/2010 18:19:59] /a 1
[06/11/2010 18:19:59] /a 1
[06/11/2010 18:19:59] /a 1
[06/11/2010 18:19:59] /a 1
[06/11/2010 18:19:59] /a 1
[06/11/2010 18:19:59] /a 1
[06/11/2010 18:19:59] /a 1
[06/11/2010 18:19:59] /a 1
[06/11/2010 18:19:59] /a 1
[06/11/2010 18:19:59] /a 1
[06/11/2010 18:19:59] /a 1
[06/11/2010 18:19:59] /a 1
[06/11/2010 18:19:59] /a 1
[06/11/2010 18:19:59] /a 1
[06/11/2010 18:19:59] /a 1
[06/11/2010 18:19:59] /a 1
[06/11/2010 18:19:59] /a 1
[06/11/2010 18:19:59] /a 1
[06/11/2010 18:19:59] /a 1
[06/11/2010 18:20:00] /a 1
[06/11/2010 18:20:00] /a 1
[06/11/2010 18:20:00] /a 1
[06/11/2010 18:20:00] /a 1
[06/11/2010 18:20:00] /a 1
[06/11/2010 18:20:00] /a 1
[06/11/2010 18:20:00] /a 1
[06/11/2010 18:20:00] /a 1
[06/11/2010 18:20:00] /a 1
[06/11/2010 18:20:00] /a 1
[06/11/2010 18:20:00] /a 1
[06/11/2010 18:20:00] /a 1
[06/11/2010 18:20:00] /a 1
[06/11/2010 18:20:00] /a 1
[06/11/2010 18:20:00] /a 1
[06/11/2010 18:20:01] /a 1
[06/11/2010 18:20:01] /a 1
[06/11/2010 18:20:01] /a 1
[06/11/2010 18:20:01] /a 1
[06/11/2010 18:20:01] /a 1
[06/11/2010 18:20:01] /a 1
[06/11/2010 18:20:01] /a 1
[06/11/2010 18:20:01] /a 1
[06/11/2010 18:20:01] /a 1
[06/11/2010 18:20:02] /a 1
[06/11/2010 18:20:02] /a 1
[06/11/2010 18:20:02] /a 1
[06/11/2010 18:20:02] /a 1
[06/11/2010 18:20:02] /a 1
[06/11/2010 18:20:02] /a 1
[06/11/2010 18:20:02] /a 1
[06/11/2010 18:20:02] /a 1
[06/11/2010 18:20:02] /a 1
[06/11/2010 18:20:02] /a 1
[06/11/2010 18:20:03] /a 1
[06/11/2010 18:20:03] /a 1
[06/11/2010 18:20:03] /a 1
[06/11/2010 18:20:03] /a 1
[06/11/2010 18:20:03] /a 1
[06/11/2010 18:20:03] /a 1
[06/11/2010 18:20:03] /a 1
[06/11/2010 18:20:03] /a 1
[06/11/2010 18:20:03] /a 1
[06/11/2010 18:20:03] /a 1
[06/11/2010 18:20:03] /a 1
[06/11/2010 18:20:03] /a 1
[06/11/2010 18:20:03] /a 1
[06/11/2010 18:20:03] /a 1
[06/11/2010 18:20:03] /a 1
[06/11/2010 18:20:03] /a 1
[06/11/2010 18:20:03] /a 1
[06/11/2010 18:20:03] /a 1
[06/11/2010 18:20:03] /a 1
[06/11/2010 18:20:03] /a 1
[06/11/2010 18:20:03] /a 1
[06/11/2010 18:20:03] /a 1
[06/11/2010 18:20:03] /a 1
[06/11/2010 18:20:03] /a 1
[06/11/2010 18:20:03] /a 1
[06/11/2010 18:20:03] /a 1
[06/11/2010 18:20:03] /a 1
[06/11/2010 18:20:03] /a 1
[06/11/2010 18:20:03] /a 1
[06/11/2010 18:20:03] /a 1
[06/11/2010 18:20:03] /a 1
[06/11/2010 18:20:03] /a 1
[06/11/2010 18:20:04] /a 1
[06/11/2010 18:20:04] /a 1
[06/11/2010 18:20:04] /a 1
[06/11/2010 18:20:04] /a 1
[06/11/2010 18:20:04] /a 1
[06/11/2010 18:20:04] /a 1
[06/11/2010 18:20:04] /a 1
[06/11/2010 18:20:04] /a 1
[06/11/2010 18:20:04] /a 1
[06/11/2010 18:20:04] /a 1
[06/11/2010 18:20:04] /a 1
[06/11/2010 18:20:04] /a 1
[06/11/2010 18:20:04] /a 1
[06/11/2010 18:20:04] /a 1
[06/11/2010 18:20:04] /a 1
[06/11/2010 18:20:04] /a 1
[06/11/2010 18:20:04] /a 1
[06/11/2010 18:20:04] /a 1
[06/11/2010 18:20:04] /a 1
[06/11/2010 18:20:04] /a 1
[06/11/2010 18:20:04] /a 1
[06/11/2010 18:20:04] /a 1
[06/11/2010 18:20:04] /a 1
[06/11/2010 18:20:04] /a 1
[06/11/2010 18:20:04] /a 1
[06/11/2010 18:20:04] /a 1
[06/11/2010 18:20:04] /a 1
[06/11/2010 18:20:04] /a 1
[06/11/2010 18:20:04] /a 1
[06/11/2010 18:20:04] /a 1
[06/11/2010 18:20:04] /a 1
[06/11/2010 18:20:05] /a 1
[06/11/2010 18:20:05] /a 1
[06/11/2010 18:20:05] /a 1
[06/11/2010 18:20:05] /a 1
[06/11/2010 18:20:05] /a 1
[06/11/2010 18:20:05] /a 1
[06/11/2010 18:20:05] /a 1
[06/11/2010 18:20:05] /a 1
[06/11/2010 18:20:05] /a 1
[06/11/2010 18:20:05] /a 1
[06/11/2010 18:20:05] /a 1
[06/11/2010 18:20:05] /a 1
[06/11/2010 18:20:05] /a 1
[06/11/2010 18:20:05] /a 1
[06/11/2010 18:20:05] /a 1
[06/11/2010 18:20:05] /a 1
[06/11/2010 18:20:05] /a 1
[06/11/2010 18:20:05] /a 1
[06/11/2010 18:20:05] /a 1
[06/11/2010 18:20:05] /a 1
[06/11/2010 18:20:05] /a 1
[06/11/2010 18:20:05] /a 1
[06/11/2010 18:20:05] /a 1
[06/11/2010 18:20:05] /a 1
[06/11/2010 18:20:05] /a 1
[06/11/2010 18:20:05] /a 1
[06/11/2010 18:20:05] /a 1
[06/11/2010 18:20:05] /a 1
[06/11/2010 18:20:05] /a 1
[06/11/2010 18:20:05] /a 1
[06/11/2010 18:20:05] /a 1
[06/11/2010 18:20:05] /a 1
[06/11/2010 18:20:06] /a 1
[06/11/2010 18:20:06] /a 1
[06/11/2010 18:20:06] /a 1
[06/11/2010 18:20:06] /a 1
[06/11/2010 18:20:06] /a 1
[06/11/2010 18:20:06] /a 1
[06/11/2010 18:20:06] /a 1
[06/11/2010 18:20:06] /a 1
[06/11/2010 18:20:06] /a 1
[06/11/2010 18:20:06] /a 1
[06/11/2010 18:20:06] /a 1
[06/11/2010 18:20:06] /a 1
[06/11/2010 18:20:06] /a 1
[06/11/2010 18:20:06] /a 1
[06/11/2010 18:20:06] /a 1
[06/11/2010 18:20:06] /a 1
[06/11/2010 18:20:06] /a 1
[06/11/2010 18:20:06] /a 1
[06/11/2010 18:20:06] /a 1
[06/11/2010 18:20:06] /a 1
[06/11/2010 18:20:06] /a 1
[06/11/2010 18:20:06] /a 1
[06/11/2010 18:20:06] /a 1
[06/11/2010 18:20:06] /a 1
[06/11/2010 18:20:06] /a 1
[06/11/2010 18:20:06] /a 1
[06/11/2010 18:20:06] /a 1
[06/11/2010 18:20:06] /a 1
[06/11/2010 18:20:06] /a 1
[06/11/2010 18:20:06] /a 1
[06/11/2010 18:20:06] /a 1
[06/11/2010 18:20:07] /a 1
[06/11/2010 18:20:07] /a 1
[06/11/2010 18:20:07] /a 1
[06/11/2010 18:20:07] /a 1
[06/11/2010 18:20:07] /a 1
[06/11/2010 18:20:07] /a 1
[06/11/2010 18:20:07] /a 1
[06/11/2010 18:20:07] /a 1
[06/11/2010 18:20:07] /a 1
[06/11/2010 18:20:07] /a 1
[06/11/2010 18:20:07] /a 1
[06/11/2010 18:20:07] /a 1
[06/11/2010 18:20:07] /a 1
[06/11/2010 18:20:07] /a 1
[06/11/2010 18:20:07] /a 1
[06/11/2010 18:20:07] /a 1
[06/11/2010 18:20:07] /a 1
[06/11/2010 18:20:07] /a 1
[06/11/2010 18:20:07] /a 1
[06/11/2010 18:20:07] /a 1
[06/11/2010 18:20:07] /a 1
[06/11/2010 18:20:07] /a 1
[06/11/2010 18:20:07] /a 1
[06/11/2010 18:20:07] /a 1
[06/11/2010 18:20:07] /a 1
[06/11/2010 18:20:07] /a 1
[06/11/2010 18:20:07] /a 1
[06/11/2010 18:20:07] /a 1
[06/11/2010 18:20:07] /a 1
[06/11/2010 18:20:07] /a 1
[06/11/2010 18:20:07] /a 1
[06/11/2010 18:20:07] /a 1
[06/11/2010 18:20:08] /a 1
[06/11/2010 18:20:08] /a 1
[06/11/2010 18:20:08] /a 1
[06/11/2010 18:20:08] /a 1
[06/11/2010 18:20:08] /a 1
[06/11/2010 18:20:08] /a 1
[06/11/2010 18:20:08] /a 1
[06/11/2010 18:20:08] /a 1
[06/11/2010 18:20:08] /a 1
[06/11/2010 18:20:08] /a 1
[06/11/2010 18:20:08] /a 1
[06/11/2010 18:20:08] /a 1
[06/11/2010 18:20:08] /a 1
[06/11/2010 18:20:08] /a 1
[06/11/2010 18:20:08] /a 1
[06/11/2010 18:20:08] /a 1
[06/11/2010 18:20:08] /a 1
[06/11/2010 18:20:08] /a 1
[06/11/2010 18:20:08] /a 1
[06/11/2010 18:20:08] /a 1
[06/11/2010 18:20:08] /a 1
[06/11/2010 18:20:08] /a 1
[06/11/2010 18:20:08] /a 1
[06/11/2010 18:20:08] /a 1
[06/11/2010 18:20:08] /a 1
[06/11/2010 18:20:08] /a 1
[06/11/2010 18:20:08] /a 1
[06/11/2010 18:20:08] /a 1
[06/11/2010 18:20:08] /a 1
[06/11/2010 18:20:08] /a 1
[06/11/2010 18:20:08] /a 1
[06/11/2010 18:20:09] /a 1
[06/11/2010 18:20:09] /a 1
[06/11/2010 18:20:09] /a 1
[06/11/2010 18:20:09] /a 1
[06/11/2010 18:20:09] /a 1
[06/11/2010 18:20:09] /a 1
[06/11/2010 18:20:09] /a 1
[06/11/2010 18:20:09] /a 1
[06/11/2010 18:20:09] /a 1
[06/11/2010 18:20:09] /a 1
[06/11/2010 18:20:09] /a 1
[06/11/2010 18:20:09] /a 1
[06/11/2010 18:20:09] /a 1
[06/11/2010 18:20:09] /a 1
[06/11/2010 18:20:09] /a 1
[06/11/2010 18:20:09] /a 1
[06/11/2010 18:20:09] /a 1
[06/11/2010 18:20:09] /a 1
[06/11/2010 18:20:09] /a 1
[06/11/2010 18:20:09] /a 1
[06/11/2010 18:20:09] /a 1
[06/11/2010 18:20:09] /a 1
[06/11/2010 18:20:09] /a 1
[06/11/2010 18:20:09] /a 1
[06/11/2010 18:20:09] /a 1
[06/11/2010 18:20:09] /a 1
[06/11/2010 18:20:09] /a 1
[06/11/2010 18:20:09] /a 1
[06/11/2010 18:20:09] /a 1
[06/11/2010 18:20:09] /a 1
[06/11/2010 18:20:09] /a 1
[06/11/2010 18:20:09] /a 1
[06/11/2010 18:20:10] /a 1
[06/11/2010 18:20:10] /a 1
[06/11/2010 18:20:10] /a 1
[06/11/2010 18:20:10] /a 1
[06/11/2010 18:20:10] /a 1
[06/11/2010 18:20:10] /a 1
[06/11/2010 18:20:10] /a 1
[06/11/2010 18:20:10] /a 1
[06/11/2010 18:20:10] /a 1
[06/11/2010 18:20:10] /a 1
[06/11/2010 18:20:10] /a 1
[06/11/2010 18:20:10] /a 1
[06/11/2010 18:20:10] /a 1
[06/11/2010 18:20:10] /a 1
[06/11/2010 18:20:10] /a 1
[06/11/2010 18:20:10] /a 1
[06/11/2010 18:20:10] /a 1
[06/11/2010 18:20:10] /a 1
[06/11/2010 18:20:10] /a 1
[06/11/2010 18:20:10] /a 1
[06/11/2010 18:20:10] /a 1
[06/11/2010 18:20:10] /a 1
[06/11/2010 18:20:10] /a 1
[06/11/2010 18:20:10] /a 1
[06/11/2010 18:20:10] /a 1
[06/11/2010 18:20:10] /a 1
[06/11/2010 18:20:10] /a 1
[06/11/2010 18:20:10] /a 1
[06/11/2010 18:20:10] /a 1
[06/11/2010 18:20:10] /a 1
[06/11/2010 18:20:10] /a 1
[06/11/2010 18:20:11] /a 1
[06/11/2010 18:20:11] /a 1
[06/11/2010 18:20:11] /a 1
[06/11/2010 18:20:11] /a 1
[06/11/2010 18:20:11] /a 1
[06/11/2010 18:20:11] /a 1
[06/11/2010 18:20:11] /a 1
[06/11/2010 18:20:11] /a 1
[06/11/2010 18:20:11] /a 1
[06/11/2010 18:20:11] /a 1
[06/11/2010 18:20:11] /a 1
[06/11/2010 18:20:11] /a 1
[06/11/2010 18:20:11] /a 1
[06/11/2010 18:20:11] /a 1
[06/11/2010 18:20:11] /a 1
[06/11/2010 18:20:11] /a 1
[06/11/2010 18:20:11] /a 1
[06/11/2010 18:20:11] /a 1
[06/11/2010 18:20:11] /a 1
[06/11/2010 18:20:11] /a 1
[06/11/2010 18:20:11] /a 1
[06/11/2010 18:20:11] /a 1
[06/11/2010 18:20:11] /a 1
[06/11/2010 18:20:11] /a 1
[06/11/2010 18:20:11] /a 1
[06/11/2010 18:20:11] /a 1
[06/11/2010 18:20:11] /a 1
[06/11/2010 18:20:11] /a 1
[06/11/2010 18:20:11] /a 1
[06/11/2010 18:20:11] /a 1
[06/11/2010 18:20:11] /a 1
[06/11/2010 18:20:11] /a 1
[06/11/2010 18:20:12] /a 1
[06/11/2010 18:20:12] /a 1
[06/11/2010 18:20:12] /a 1
[06/11/2010 18:20:12] /a 1
[06/11/2010 18:20:12] /a 1
[06/11/2010 18:20:12] /a 1
[06/11/2010 18:20:12] /a 1
[06/11/2010 18:20:12] /a 1
[06/11/2010 18:20:12] /a 1
[06/11/2010 18:20:12] /a 1
[06/11/2010 18:20:12] /a 1
[06/11/2010 18:20:12] /a 1
[06/11/2010 18:20:12] /a 1
[06/11/2010 18:20:12] /a 1
[06/11/2010 18:20:12] /a 1
[06/11/2010 18:20:12] /a 1
[06/11/2010 18:20:12] /a 1
[06/11/2010 18:20:12] /a 1
[06/11/2010 18:20:12] /a 1
[06/11/2010 18:20:12] /a 1
[06/11/2010 18:20:12] /a 1
[06/11/2010 18:20:12] /a 1
[06/11/2010 18:20:12] /a 1
[06/11/2010 18:20:12] /a 1
[06/11/2010 18:20:12] /a 1
[06/11/2010 18:20:12] /a 1
[06/11/2010 18:20:12] /a 1
[06/11/2010 18:20:12] /a 1
[06/11/2010 18:20:12] /a 1
[06/11/2010 18:20:12] /a 1
[06/11/2010 18:20:12] /a 1
[06/11/2010 18:20:13] /a 1
[06/11/2010 18:20:13] /a 1
[06/11/2010 18:20:13] /a 1
[06/11/2010 18:20:13] /a 1
[06/11/2010 18:20:13] /a 1
[06/11/2010 18:20:13] /a 1
[06/11/2010 18:20:13] /a 1
[06/11/2010 18:20:13] /a 1
[06/11/2010 18:20:13] /a 1
[06/11/2010 18:20:13] /a 1
[06/11/2010 18:20:13] /a 1
[06/11/2010 18:20:13] /a 1
[06/11/2010 18:20:13] /a 1
[06/11/2010 18:20:13] /a 1
[06/11/2010 18:20:13] /a 1
[06/11/2010 18:20:13] /a 1
[06/11/2010 18:20:13] /a 1
[06/11/2010 18:20:13] /a 1
[06/11/2010 18:20:13] /a 1
[06/11/2010 18:20:13] /a 1
[06/11/2010 18:20:13] /a 1
[06/11/2010 18:20:13] /a 1
[06/11/2010 18:20:13] /a 1
[06/11/2010 18:20:13] /a 1
[06/11/2010 18:20:13] /a 1
[06/11/2010 18:20:13] /a 1
[06/11/2010 18:20:13] /a 1
[06/11/2010 18:20:13] /a 1
[06/11/2010 18:20:13] /a 1
[06/11/2010 18:20:13] /a 1
[06/11/2010 18:20:13] /a 1
[06/11/2010 18:20:13] /a 1
[06/11/2010 18:20:14] /a 1
[06/11/2010 18:20:14] /a 1
[06/11/2010 18:20:14] /a 1
[06/11/2010 18:20:14] /a 1
[06/11/2010 18:20:14] /a 1
[06/11/2010 18:20:14] /a 1
[06/11/2010 18:20:14] /a 1
[06/11/2010 18:20:14] /a 1
[06/11/2010 18:20:14] /a 1
[06/11/2010 18:20:14] /a 1
[06/11/2010 18:20:14] /a 1
[06/11/2010 18:20:14] /a 1
[06/11/2010 18:20:14] /a 1
[06/11/2010 18:20:14] /a 1
[06/11/2010 18:20:14] /a 1
[06/11/2010 18:20:14] /a 1
[06/11/2010 18:20:14] /a 1
[06/11/2010 18:20:14] /a 1
[06/11/2010 18:20:14] /a 1
[06/11/2010 18:20:14] /a 1
[06/11/2010 18:20:14] /a 1
[06/11/2010 18:20:14] /a 1
[06/11/2010 18:20:14] /a 1
[06/11/2010 18:20:14] /a 1
[06/11/2010 18:20:14] /a 1
[06/11/2010 18:20:14] /a 1
[06/11/2010 18:20:14] /a 1
[06/11/2010 18:20:14] /a 1
[06/11/2010 18:20:14] /a 1
[06/11/2010 18:20:14] /a 1
[06/11/2010 18:20:14] /a 1
[06/11/2010 18:20:15] /a 1
[06/11/2010 18:20:15] /a 1
[06/11/2010 18:20:15] /a 1
[06/11/2010 18:20:15] /a 1
[06/11/2010 18:20:15] /a 1
[06/11/2010 18:20:15] /a 1
[06/11/2010 18:20:15] /a 1
[06/11/2010 18:20:15] /a 1
[06/11/2010 18:20:15] /a 1
[06/11/2010 18:20:15] /a 1
[06/11/2010 18:20:15] /a 1
[06/11/2010 18:20:15] /a 1
[06/11/2010 18:20:15] /a 1
[06/11/2010 18:20:15] /a 1
[06/11/2010 18:20:15] /a 1
[06/11/2010 18:20:15] /a 1
[06/11/2010 18:20:15] /a 1
[06/11/2010 18:20:15] /a 1
[06/11/2010 18:20:15] /a 1
[06/11/2010 18:20:15] /a 1
[06/11/2010 18:20:15] /a 1
[06/11/2010 18:20:15] /a 1
[06/11/2010 18:20:15] /a 1
[06/11/2010 18:20:15] /a 1
[06/11/2010 18:20:15] /a 1
[06/11/2010 18:20:15] /a 1
[06/11/2010 18:20:15] /a 1
[06/11/2010 18:20:15] /a 1
[06/11/2010 18:20:15] /a 1
[06/11/2010 18:20:15] /a 1
[06/11/2010 18:20:15] /a 1
[06/11/2010 18:20:15] /a 1
[06/11/2010 18:20:16] /a 1
[06/11/2010 18:20:16] /a 1
[06/11/2010 18:20:16] /a 1
[06/11/2010 18:20:16] /a 1
[06/11/2010 18:20:16] /a 1
[06/11/2010 18:20:16] /a 1
[06/11/2010 18:20:16] /a 1
[06/11/2010 18:20:16] /a 1
[06/11/2010 18:20:16] /a 1
[06/11/2010 18:20:16] /a 1
[06/11/2010 18:20:16] /a 1
[06/11/2010 18:20:16] /a 1
[06/11/2010 18:20:16] /a 1
[06/11/2010 18:20:16] /a 1
[06/11/2010 18:20:16] /a 1
[06/11/2010 18:20:16] /a 1
[06/11/2010 18:20:16] /a 1
[06/11/2010 18:20:16] /a 1
[06/11/2010 18:20:16] /a 1
[06/11/2010 18:20:16] /a 1
[06/11/2010 18:20:16] /a 1
[06/11/2010 18:20:16] /a 1
[06/11/2010 18:20:16] /a 1
[06/11/2010 18:20:16] /a 1
[06/11/2010 18:20:16] /a 1
[06/11/2010 18:20:16] /a 1
[06/11/2010 18:20:16] /a 1
[06/11/2010 18:20:16] /a 1
[06/11/2010 18:20:16] /a 1
[06/11/2010 18:20:16] /a 1
[06/11/2010 18:20:16] /a 1
[06/11/2010 18:20:16] /a 1
[06/11/2010 18:20:17] /a 1
[06/11/2010 18:20:17] /a 1
[06/11/2010 18:20:17] /a 1
[06/11/2010 18:20:17] /a 1
[06/11/2010 18:20:17] /a 1
[06/11/2010 18:20:17] /a 1
[06/11/2010 18:20:17] /a 1
[06/11/2010 18:20:17] /a 1
[06/11/2010 18:20:17] /a 1
[06/11/2010 18:20:17] /a 1
[06/11/2010 18:20:17] /a 1
[06/11/2010 18:20:17] /a 1
[06/11/2010 18:20:17] /a 1
[06/11/2010 18:20:17] /a 1
[06/11/2010 18:20:17] /a 1
[06/11/2010 18:20:17] /a 1
[06/11/2010 18:20:17] /a 1
[06/11/2010 18:20:17] /a 1
[06/11/2010 18:20:17] /a 1
[06/11/2010 18:20:17] /a 1
[06/11/2010 18:20:17] /a 1
[06/11/2010 18:20:17] /a 1
[06/11/2010 18:20:17] /a 1
[06/11/2010 18:20:17] /a 1
[06/11/2010 18:20:17] /a 1
[06/11/2010 18:20:17] /a 1
[06/11/2010 18:20:17] /a 1
[06/11/2010 18:20:17] /a 1
[06/11/2010 18:20:17] /a 1
[06/11/2010 18:20:17] /a 1
[06/11/2010 18:20:17] /a 1
[06/11/2010 18:20:18] /a 1
[06/11/2010 18:20:18] /a 1
[06/11/2010 18:20:18] /a 1
[06/11/2010 18:20:18] /a 1
[06/11/2010 18:20:18] /a 1
[06/11/2010 18:20:18] /a 1
[06/11/2010 18:20:18] /a 1
[06/11/2010 18:20:18] /a 1
[06/11/2010 18:20:18] /a 1
[06/11/2010 18:20:18] /a 1
[06/11/2010 18:20:18] /a 1
[06/11/2010 18:20:18] /a 1
[06/11/2010 18:20:18] /a 1
[06/11/2010 18:20:18] /a 1
[06/11/2010 18:20:18] /a 1
[06/11/2010 18:20:18] /a 1
[06/11/2010 18:20:18] /a 1
[06/11/2010 18:20:18] /a 1
[06/11/2010 18:20:18] /a 1
[06/11/2010 18:20:18] /a 1
[06/11/2010 18:20:18] /a 1
[06/11/2010 18:20:18] /a 1
[06/11/2010 18:20:18] /a 1
[06/11/2010 18:20:18] /a 1
[06/11/2010 18:20:18] /a 1
[06/11/2010 18:20:18] /a 1
[06/11/2010 18:20:18] /a 1
[06/11/2010 18:20:18] /a 1
[06/11/2010 18:20:18] /a 1
[06/11/2010 18:20:18] /a 1
[06/11/2010 18:20:18] /a 1
[06/11/2010 18:20:18] /a 1
[06/11/2010 18:20:19] /a 1
[06/11/2010 18:20:19] /a 1
[06/11/2010 18:20:19] /a 1
[06/11/2010 18:20:19] /a 1
[06/11/2010 18:20:19] /a 1
[06/11/2010 18:20:19] /a 1
[06/11/2010 18:20:19] /a 1
[06/11/2010 18:20:19] /a 1
[06/11/2010 18:20:19] /a 1
[06/11/2010 18:20:19] /a 1
[06/11/2010 18:20:19] /a 1
[06/11/2010 18:20:19] /a 1
[06/11/2010 18:20:19] /a 1
[06/11/2010 18:20:19] /a 1
[06/11/2010 18:20:19] /a 1
[06/11/2010 18:20:19] /a 1
[06/11/2010 18:20:19] /a 1
[06/11/2010 18:20:19] /a 1
[06/11/2010 18:20:19] /a 1
[06/11/2010 18:20:19] /a 1
[06/11/2010 18:20:19] /a 1
[06/11/2010 18:20:19] /a 1
[06/11/2010 18:20:19] /a 1
[06/11/2010 18:20:19] /a 1
[06/11/2010 18:20:19] /a 1
[06/11/2010 18:20:19] /a 1
[06/11/2010 18:20:19] /a 1
[06/11/2010 18:20:19] /a 1
[06/11/2010 18:20:19] /a 1
[06/11/2010 18:20:19] /a 1
[06/11/2010 18:20:19] /a 1
[06/11/2010 18:20:20] /a 1
[06/11/2010 18:20:20] /a 1
[06/11/2010 18:20:20] /a 1
[06/11/2010 18:20:20] /a 1
[06/11/2010 18:20:20] /a 1
[06/11/2010 18:20:20] /a 1
[06/11/2010 18:20:20] /a 1
[06/11/2010 18:20:20] /a 1
[06/11/2010 18:20:20] /a 1
[06/11/2010 18:20:20] /a 1
[06/11/2010 18:20:20] /a 1
[06/11/2010 18:20:20] /a 1
[06/11/2010 18:20:20] /a 1
[06/11/2010 18:20:20] /a 1
[06/11/2010 18:20:20] /a 1
[06/11/2010 18:20:20] /a 1
[06/11/2010 18:20:20] /a 1
[06/11/2010 18:20:20] /a 1
[06/11/2010 18:20:20] /a 1
[06/11/2010 18:20:20] /a 1
[06/11/2010 18:20:20] /a 1
[06/11/2010 18:20:20] /a 1
[06/11/2010 18:20:20] /a 1
[06/11/2010 18:20:20] /a 1
[06/11/2010 18:20:20] /a 1
[06/11/2010 18:20:20] /a 1
[06/11/2010 18:20:20] /a 1
[06/11/2010 18:20:20] /a 1
[06/11/2010 18:20:20] /a 1
[06/11/2010 18:20:20] /a 1
[06/11/2010 18:20:20] /a 1
[06/11/2010 18:20:20] /a 1
[06/11/2010 18:20:21] /a 1
[06/11/2010 18:20:21] /a 1
[06/11/2010 18:20:21] /a 1
[06/11/2010 18:20:21] /a 1
[06/11/2010 18:20:21] /a 1
[06/11/2010 18:20:21] /a 1
[06/11/2010 18:20:21] /a 1
[06/11/2010 18:20:21] /a 1
[06/11/2010 18:20:21] /a 1
[06/11/2010 18:20:21] /a 1
[06/11/2010 18:20:21] /a 1
[06/11/2010 18:20:21] /a 1
[06/11/2010 18:20:21] /a 1
[06/11/2010 18:20:21] /a 1
[06/11/2010 18:20:21] /a 1
[06/11/2010 18:20:21] /a 1
[06/11/2010 18:20:21] /a 1
[06/11/2010 18:20:21] /a 1
[06/11/2010 18:20:21] /a 1
[06/11/2010 18:20:21] /a 1
[06/11/2010 18:20:21] /a 1
[06/11/2010 18:20:21] /a 1
[06/11/2010 18:20:21] /a 1
[06/11/2010 18:20:21] /a 1
[06/11/2010 18:20:21] /a 1
[06/11/2010 18:20:21] /a 1
[06/11/2010 18:20:21] /a 1
[06/11/2010 18:20:21] /a 1
[06/11/2010 18:20:21] /a 1
[06/11/2010 18:20:21] /a 1
[06/11/2010 18:20:21] /a 1
[06/11/2010 18:20:22] /a 1
[06/11/2010 18:20:22] /a 1
[06/11/2010 18:20:22] /a 1
[06/11/2010 18:20:22] /a 1
[06/11/2010 18:20:22] /a 1
[06/11/2010 18:20:22] /a 1
[06/11/2010 18:20:22] /a 1
[06/11/2010 18:20:22] /a 1
[06/11/2010 18:20:22] /a 1
[06/11/2010 18:20:22] /a 1
[06/11/2010 18:20:22] /a 1
[06/11/2010 18:20:22] /a 1
[06/11/2010 18:20:22] /a 1
[06/11/2010 18:20:22] /a 1
[06/11/2010 18:20:22] /a 1
[06/11/2010 18:20:22] /a 1
[06/11/2010 18:20:22] /a 1
[06/11/2010 18:20:22] /a 1
[06/11/2010 18:20:22] /a 1
[06/11/2010 18:20:22] /a 1
[06/11/2010 18:20:22] /a 1
[06/11/2010 18:20:22] /a 1
[06/11/2010 18:20:22] /a 1
[06/11/2010 18:20:22] /a 1
[06/11/2010 18:20:22] /a 1
[06/11/2010 18:20:22] /a 1
[06/11/2010 18:20:22] /a 1
[06/11/2010 18:20:22] /a 1
[06/11/2010 18:20:22] /a 1
[06/11/2010 18:20:22] /a 1
[06/11/2010 18:20:22] /a 1
[06/11/2010 18:20:22] /a 1
[06/11/2010 18:20:23] /a 1
[06/11/2010 18:20:23] /a 1
[06/11/2010 18:20:23] /a 1
[06/11/2010 18:20:23] /a 1
[06/11/2010 18:20:23] /a 1
[06/11/2010 18:20:23] /a 1
[06/11/2010 18:20:23] /a 1
[06/11/2010 18:20:23] /a 1
[06/11/2010 18:20:23] /a 1
[06/11/2010 18:20:23] /a 1
[06/11/2010 18:20:23] /a 1
[06/11/2010 18:20:23] /a 1
[06/11/2010 18:20:23] /a 1
[06/11/2010 18:20:23] /a 1
[06/11/2010 18:20:23] /a 1
[06/11/2010 18:20:23] /a 1
[06/11/2010 18:20:23] /a 1
[06/11/2010 18:20:23] /a 1
[06/11/2010 18:20:23] /a 1
[06/11/2010 18:20:23] /a 1
[06/11/2010 18:20:23] /a 1
[06/11/2010 18:20:23] /a 1
[06/11/2010 18:20:23] /a 1
[06/11/2010 18:20:23] /a 1
[06/11/2010 18:20:23] /a 1
[06/11/2010 18:20:23] /a 1
[06/11/2010 18:20:23] /a 1
[06/11/2010 18:20:23] /a 1
[06/11/2010 18:20:23] /a 1
[06/11/2010 18:20:23] /a 1
[06/11/2010 18:20:23] /a 1
[06/11/2010 18:20:24] /a 1
[06/11/2010 18:20:24] /a 1
[06/11/2010 18:20:24] /a 1
[06/11/2010 18:20:24] /a 1
[06/11/2010 18:20:24] /a 1
[06/11/2010 18:20:24] /a 1
[06/11/2010 18:20:24] /a 1
[06/11/2010 18:20:24] /a 1
[06/11/2010 18:20:24] /a 1
[06/11/2010 18:20:24] /a 1
[06/11/2010 18:20:24] /a 1
[06/11/2010 18:20:24] /a 1
[06/11/2010 18:20:24] /a 1
[06/11/2010 18:20:24] /a 1
[06/11/2010 18:20:24] /a 1
[06/11/2010 18:20:24] /a 1
[06/11/2010 18:20:24] /a 1
[06/11/2010 18:20:24] /a 1
[06/11/2010 18:20:24] /a 1
[06/11/2010 18:20:24] /a 1
[06/11/2010 18:20:24] /a 1
[06/11/2010 18:20:24] /a 1
[06/11/2010 18:20:24] /a 1
[06/11/2010 18:20:24] /a 1
[06/11/2010 18:20:24] /a 1
[06/11/2010 18:20:24] /a 1
[06/11/2010 18:20:24] /a 1
[06/11/2010 18:20:24] /a 1
[06/11/2010 18:20:24] /a 1
[06/11/2010 18:20:24] /a 1
[06/11/2010 18:20:24] /a 1
[06/11/2010 18:20:24] /a 1
[06/11/2010 18:20:25] /a 1
[06/11/2010 18:20:25] /a 1
[06/11/2010 18:20:25] /a 1
[06/11/2010 18:20:25] /a 1
[06/11/2010 18:20:25] /a 1
[06/11/2010 18:20:25] /a 1
[06/11/2010 18:20:25] /a 1
[06/11/2010 18:20:25] /a 1
[06/11/2010 18:20:25] /a 1
[06/11/2010 18:20:25] /a 1
[06/11/2010 18:20:25] /a 1
[06/11/2010 18:20:25] /a 1
[06/11/2010 18:20:25] /a 1
[06/11/2010 18:20:25] /a 1
[06/11/2010 18:20:25] /a 1
[06/11/2010 18:20:25] /a 1
[06/11/2010 18:20:25] /a 1
[06/11/2010 18:20:25] /a 1
[06/11/2010 18:20:25] /a 1
[06/11/2010 18:20:25] /a 1
[06/11/2010 18:20:25] /a 1
[06/11/2010 18:20:25] /a 1
[06/11/2010 18:20:25] /a 1
[06/11/2010 18:20:25] /a 1
[06/11/2010 18:20:25] /a 1
[06/11/2010 18:20:25] /a 1
[06/11/2010 18:20:25] /a 1
[06/11/2010 18:20:25] /a 1
[06/11/2010 18:20:25] /a 1
[06/11/2010 18:20:25] /a 1
[06/11/2010 18:20:25] /a 1
[06/11/2010 18:20:26] /a 1
[06/11/2010 18:20:26] /a 1
[06/11/2010 18:20:26] /a 1
[06/11/2010 18:20:26] /a 1
[06/11/2010 18:20:26] /a 1
[06/11/2010 18:20:26] /a 1
[06/11/2010 18:20:26] /a 1
[06/11/2010 18:20:26] /a 1
[06/11/2010 18:20:26] /a 1
[06/11/2010 18:20:26] /a 1
[06/11/2010 18:20:26] /a 1
[06/11/2010 18:20:26] /a 1
[06/11/2010 18:20:26] /a 1
[06/11/2010 18:20:26] /a 1
[06/11/2010 18:20:26] /a 1
[06/11/2010 18:20:26] /a 1
[06/11/2010 18:20:26] /a 1
[06/11/2010 18:20:26] /a 1
[06/11/2010 18:20:26] /a 1
[06/11/2010 18:20:26] /a 1
[06/11/2010 18:20:26] /a 1
[06/11/2010 18:20:26] /a 1
[06/11/2010 18:20:26] /a 1
[06/11/2010 18:20:26] /a 1
[06/11/2010 18:20:26] /a 1
[06/11/2010 18:20:26] /a 1
[06/11/2010 18:20:26] /a 1
[06/11/2010 18:20:26] /a 1
[06/11/2010 18:20:26] /a 1
[06/11/2010 18:20:26] /a 1
[06/11/2010 18:20:26] /a 1
[06/11/2010 18:20:26] /a 1
[06/11/2010 18:20:27] /a 1
[06/11/2010 18:20:27] /a 1
[06/11/2010 18:20:27] /a 1
[06/11/2010 18:20:27] /a 1
[06/11/2010 18:20:27] /a 1
[06/11/2010 18:20:27] /a 1
[06/11/2010 18:20:27] /a 1
[06/11/2010 18:20:27] /a 1
[06/11/2010 18:20:27] /a 1
[06/11/2010 18:20:27] /a 1
[06/11/2010 18:20:27] /a 1
[06/11/2010 18:20:27] /a 1
[06/11/2010 18:20:27] /a 1
[06/11/2010 18:20:27] /a 1
[06/11/2010 18:20:27] /a 1
[06/11/2010 18:20:27] /a 1
[06/11/2010 18:20:27] /a 1
[06/11/2010 18:20:27] /a 1
[06/11/2010 18:20:27] /a 1
[06/11/2010 18:20:27] /a 1
[06/11/2010 18:20:27] /a 1
[06/11/2010 18:20:27] /a 1
[06/11/2010 18:20:27] /a 1
[06/11/2010 18:20:27] /a 1
[06/11/2010 18:20:27] /a 1
[06/11/2010 18:20:27] /a 1
[06/11/2010 18:20:27] /a 1
[06/11/2010 18:20:27] /a 1
[06/11/2010 18:20:27] /a 1
[06/11/2010 18:20:27] /a 1
[06/11/2010 18:20:27] /a 1
[06/11/2010 18:20:27] /a 1
[06/11/2010 18:20:28] /a 1
[06/11/2010 18:20:28] /a 1
[06/11/2010 18:20:28] /a 1
[06/11/2010 18:20:28] /a 1
[06/11/2010 18:20:28] /a 1
[06/11/2010 18:20:28] /a 1
[06/11/2010 18:20:28] /a 1
[06/11/2010 18:20:28] /a 1
[06/11/2010 18:20:28] /a 1
[06/11/2010 18:20:28] /a 1
[06/11/2010 18:20:28] /a 1
[06/11/2010 18:20:28] /a 1
[06/11/2010 18:20:28] /a 1
[06/11/2010 18:20:28] /a 1
[06/11/2010 18:20:28] /a 1
[06/11/2010 18:20:28] /a 1
[06/11/2010 18:20:28] /a 1
[06/11/2010 18:20:28] /a 1
[06/11/2010 18:20:28] /a 1
[06/11/2010 18:20:28] /a 1
[06/11/2010 18:20:28] /a 1
[06/11/2010 18:20:28] /a 1
[06/11/2010 18:20:28] /a 1
[06/11/2010 18:20:28] /a 1
[06/11/2010 18:20:28] /a 1
[06/11/2010 18:20:28] /a 1
[06/11/2010 18:20:28] /a 1
[06/11/2010 18:20:28] /a 1
[06/11/2010 18:20:28] /a 1
[06/11/2010 18:20:28] /a 1
[06/11/2010 18:20:28] /a 1
[06/11/2010 18:20:29] /a 1
[06/11/2010 18:20:29] /a 1
[07/12/2010 01:38:17] /i 2550
[07/12/2010 01:38:23] /s poliwrath
[07/12/2010 01:39:36] /i 2550
[07/12/2010 01:40:05] /s poliwrath
[07/12/2010 01:44:09] /i 2550
[07/12/2010 01:44:11] /s poliwrath
