[29/05/2011 16:36:49] /i defeated magikarp
[29/05/2011 16:36:50] /i defeated magikarp
[29/05/2011 16:36:50] /i defeated magikarp
[29/05/2011 16:36:50] /i defeated magikarp
[29/05/2011 16:36:51] /i defeated magikarp
[29/05/2011 16:36:51] /i defeated magikarp
[29/05/2011 16:36:51] /i defeated magikarp
[29/05/2011 16:36:54] /i great ball
[29/05/2011 16:37:31] /i super ball
[29/05/2011 16:37:34] /i defeated magikarp
[29/05/2011 16:40:10] /a 2
[29/05/2011 16:40:15] /a 2
[29/05/2011 16:44:04] /i 2591
[29/05/2011 16:44:05] /i 2592
[29/05/2011 16:45:45] /i defeated magikarp
[29/05/2011 16:47:41] /i defeated magikarp
[29/05/2011 16:48:18] /i defeated magikarp
[29/05/2011 16:48:20] /i defeated magikarp
[29/05/2011 16:48:21] /i defeated magikarp
[29/05/2011 16:48:22] /i defeated magikarp
[29/05/2011 16:48:24] /i defeated magikarp
[29/05/2011 16:48:26] /i defeated magikarp
[29/05/2011 16:53:30] /i defeated magikarp
[29/05/2011 16:54:01] /i defeated magikarp
[29/05/2011 16:54:08] /i defeated magikarp
[29/05/2011 17:06:25] /m pidgeot s
[29/05/2011 17:06:48] /addskill Aaaana, level, 60
[29/05/2011 17:06:52] /m pidgeot s
[29/05/2011 17:09:52] /i defeated magikarp
[29/05/2011 17:21:09] /m pidgeot s
[29/05/2011 17:25:22] /m pidgeot s
[29/05/2011 17:30:03] /i defeated magikarp
[29/05/2011 17:30:24] /m pidgeot s
[29/05/2011 17:30:46] /i defeated magikarp
[29/05/2011 17:34:06] /i defeated magikarp
[29/05/2011 17:34:21] /m pidgeot s
[29/05/2011 17:35:41] /m pidgeot s
[29/05/2011 17:36:46] /m charizard s
[29/05/2011 17:37:37] /i defeated poliwag
[29/05/2011 17:37:40] /i ultra ball
[29/05/2011 17:37:45] /i water stone
[29/05/2011 17:37:49] /i defeated poliwag
[29/05/2011 17:38:51] /i defeated poliwag
[29/05/2011 17:38:53] /i defeated poliwag
[29/05/2011 17:38:58] /i defeated poliwag
[29/05/2011 17:39:02] /i water stone
[29/05/2011 17:39:09] /i water stone
[29/05/2011 17:39:13] /i punch stone
[29/05/2011 17:39:24] /addskill Aaaana, level, 5
[29/05/2011 17:39:32] /m charizard s
[30/05/2011 13:48:12] /n nurse
[30/05/2011 13:48:14] /r
[30/05/2011 13:51:18] /i 1285
[30/05/2011 13:51:58] /i 1285
[30/05/2011 13:51:59] /i 1285
[30/05/2011 13:56:40] /a 14
[30/05/2011 13:56:41] /a 14
[30/05/2011 13:56:42] /a 14
[30/05/2011 13:56:43] /a 14
[30/05/2011 13:56:44] /a 14
[30/05/2011 13:56:45] /a 14
[30/05/2011 13:56:46] /a 14
[30/05/2011 13:56:46] /a 14
[30/05/2011 13:56:47] /a 14
[30/05/2011 13:56:49] /a 4
[30/05/2011 13:56:54] /a 4
[30/05/2011 13:56:54] /a 4
[30/05/2011 13:57:21] /t
[30/05/2011 14:20:51] /i 468
[30/05/2011 14:20:53] /r
[30/05/2011 14:20:55] /r
[30/05/2011 14:20:55] /r
[30/05/2011 14:20:57] /r
[30/05/2011 14:20:58] /r
[30/05/2011 14:20:58] /r
[30/05/2011 14:21:01] /i 481
[30/05/2011 14:21:04] /r
[30/05/2011 14:21:04] /r
[30/05/2011 14:21:10] /i 483
[30/05/2011 14:24:17] /i 483
[30/05/2011 14:24:19] /i 481
[30/05/2011 16:50:42] /a 1
[30/05/2011 16:50:44] /a 1
[30/05/2011 16:50:45] /a 1
[30/05/2011 16:51:19] /a 1
[30/05/2011 16:51:20] /a 1
[30/05/2011 16:51:21] /a 1
[30/05/2011 16:51:21] /a 1
[30/05/2011 16:51:22] /a 1
[30/05/2011 16:51:23] /a 1
[30/05/2011 18:03:00] /n name
[30/05/2011 18:03:30] /n name
[30/05/2011 18:03:45] /n name
[30/05/2011 18:03:58] /i defeated magikarp
[30/05/2011 18:04:25] /r
[30/05/2011 18:04:27] /n namer
[30/05/2011 18:04:47] /n name
[30/05/2011 18:07:52] /r
[30/05/2011 18:07:55] /n name
[30/05/2011 18:09:22] /r
[30/05/2011 18:09:23] /n name
[30/05/2011 18:10:16] /r
[30/05/2011 18:10:17] /n name
[30/05/2011 18:14:49] /i defeated magikarp
[30/05/2011 18:15:14] /n name
[30/05/2011 18:17:55] /s Aaaana0
[30/05/2011 18:17:57] /r
[30/05/2011 18:17:59] /r
[30/05/2011 18:20:57] /storage Aaaana, 9912
[30/05/2011 18:21:01] /storage Aaaana, 9912, -1
[30/05/2011 18:21:13] /i defeated magikarp
[30/05/2011 18:21:17] /n name
[30/05/2011 18:22:07] /r
[30/05/2011 18:32:44] /n name
[30/05/2011 18:34:53] /r
[30/05/2011 18:34:54] /n name
[30/05/2011 18:36:12] /r
[30/05/2011 18:36:13] /n name
[30/05/2011 18:37:17] /s Aaaana3
[30/05/2011 18:37:23] /a 12
[30/05/2011 18:37:24] /s Aaaana3
[30/05/2011 18:37:28] /s Aaaana3
[30/05/2011 18:37:37] /s IHSUAHS
[30/05/2011 18:37:42] /s Aaaana3
[30/05/2011 18:37:45] /r
[30/05/2011 18:40:47] /n nurse
[30/05/2011 18:40:51] /r
[30/05/2011 18:41:44] /n name
[30/05/2011 18:42:00] /i defeated magikarp
[30/05/2011 18:43:07] /n name
[30/05/2011 18:43:13] /i defeated magikarp
[30/05/2011 18:49:40] /r
[30/05/2011 18:49:43] /i defeated Magikarp
[30/05/2011 18:49:47] /n name
[30/05/2011 18:51:11] /r
[30/05/2011 18:51:28] /i defeated magikarp
[30/05/2011 18:51:38] /n name
[30/05/2011 18:51:51] /n name
[30/05/2011 18:52:43] /storage Aaaana, 9912
[30/05/2011 18:53:18] /r
[30/05/2011 18:53:19] /n name
[30/05/2011 18:54:53] /r
[30/05/2011 18:54:56] /n name
[30/05/2011 18:56:08] /r
[30/05/2011 18:56:09] /n name
[30/05/2011 18:57:36] /r
[30/05/2011 18:57:38] /n name
[30/05/2011 18:58:22] /r
[30/05/2011 18:58:23] /n name
[30/05/2011 22:11:43] /n name
[30/05/2011 22:13:04] /n name
[30/05/2011 22:14:43] /r
[30/05/2011 22:14:46] /n name
[30/05/2011 22:27:13] /r
[30/05/2011 22:27:15] /n name
[30/05/2011 22:28:50] /n name
[30/05/2011 22:29:08] /r
[30/05/2011 22:29:09] /n name
[30/05/2011 22:30:26] /r
[30/05/2011 22:30:27] /n name
[30/05/2011 22:30:40] /i 2160
[30/05/2011 22:39:04] /n name
[30/05/2011 22:42:16] /r
[30/05/2011 22:50:52] /n name
[30/05/2011 22:51:17] /r
[30/05/2011 22:53:51] /n name
[30/05/2011 22:59:08] /r
[30/05/2011 22:59:09] /n name
[30/05/2011 23:00:10] /n name
[30/05/2011 23:00:21] /i 2160
[30/05/2011 23:02:30] /i enigma stone
[30/05/2011 23:17:19] /i 481
[30/05/2011 23:17:20] /r
[30/05/2011 23:17:21] /r
[30/05/2011 23:18:25] /i fire stone
[30/05/2011 23:18:54] /r
[30/05/2011 23:19:03] /n name
[30/05/2011 23:19:30] /i fire stone
[30/05/2011 23:21:00] /r
[30/05/2011 23:21:02] /n name
[30/05/2011 23:21:13] /r
[30/05/2011 23:21:15] /r
[30/05/2011 23:21:35] /i fire stone
[30/05/2011 23:25:05] /s aaaana32
[30/05/2011 23:25:07] /r
[30/05/2011 23:25:12] /n nurse
[30/05/2011 23:25:16] /r
[30/05/2011 23:29:22] /i 2160
[01/06/2011 12:56:52] /t
[01/06/2011 12:58:05] /n name
[01/06/2011 12:59:46] /n name
[01/06/2011 13:09:36] /a 222
[02/06/2011 16:27:57] /i name
[02/06/2011 16:28:00] /n name
[02/06/2011 16:28:50] /n name
[02/06/2011 16:29:07] /i thunder stone
[02/06/2011 16:38:18] /i earth stone
[02/06/2011 16:38:21] /i earth stone
[02/06/2011 16:39:08] /i earth stone
[02/06/2011 16:39:09] /i earth stone
[02/06/2011 16:59:38] /n namer
[02/06/2011 16:59:39] /n name
[02/06/2011 16:59:55] /i fire stone
[02/06/2011 17:00:02] /i fire stone
[02/06/2011 17:00:03] /i fire stone
[02/06/2011 17:00:50] /s bulbasaur
[02/06/2011 17:00:51] /s ivysaur
[02/06/2011 17:00:53] /s venusaur
[02/06/2011 17:00:57] /s charmander
[02/06/2011 17:01:00] /s squirtle
[02/06/2011 17:01:02] /s wartortle
[02/06/2011 17:01:04] /s blastoise
[02/06/2011 17:01:29] /addskill aaaana, level, 20
[02/06/2011 17:03:54] /r
[02/06/2011 17:03:56] /r
[02/06/2011 17:03:57] /r
[03/06/2011 12:56:30] /i defeated magikarp
[03/06/2011 12:56:44] /i defeated weepinbell
[03/06/2011 12:56:52] /i fainted weepinbell
[03/06/2011 12:56:55] /i fainted weepinbell
[03/06/2011 12:56:59] /i fainted weepinbell
[03/06/2011 12:57:00] /i fainted weepinbell
[03/06/2011 12:57:03] /i fainted weepinbell
[03/06/2011 12:57:04] /i fainted weepinbell
[03/06/2011 12:57:05] /i fainted weepinbell
[03/06/2011 12:57:05] /i fainted weepinbell
[03/06/2011 12:57:06] /i fainted weepinbell
[03/06/2011 12:57:06] /i fainted weepinbell
[03/06/2011 12:57:15] /i defeated weepinbell
[03/06/2011 12:57:16] /i defeated weepinbell
[03/06/2011 12:57:17] /i defeated weepinbell
[03/06/2011 12:57:19] /i fainted weepinbell
[03/06/2011 12:57:20] /i fainted weepinbell
[03/06/2011 12:57:20] /i fainted weepinbell
[03/06/2011 12:57:21] /i fainted weepinbell
[03/06/2011 12:57:21] /i fainted weepinbell
[03/06/2011 12:57:29] /i fainted weepinbell
[03/06/2011 12:57:30] /i fainted weepinbell
[03/06/2011 12:57:30] /i fainted weepinbell
[03/06/2011 12:57:30] /i fainted weepinbell
[03/06/2011 12:57:31] /i fainted weepinbell
[03/06/2011 12:57:31] /i fainted weepinbell
[03/06/2011 12:57:31] /i fainted weepinbell
[03/06/2011 12:57:32] /i fainted weepinbell
[03/06/2011 12:57:32] /i fainted weepinbell
[03/06/2011 12:57:32] /i fainted weepinbell
[03/06/2011 12:57:33] /i fainted weepinbell
[03/06/2011 12:57:33] /i fainted weepinbell
[03/06/2011 12:57:33] /i fainted weepinbell
[03/06/2011 12:57:34] /i fainted weepinbell
[03/06/2011 12:57:34] /i fainted weepinbell
[03/06/2011 12:58:06] /n namer
[03/06/2011 12:58:07] /n name
[03/06/2011 12:58:36] /r
[03/06/2011 12:58:39] /i leaf stone
[03/06/2011 12:58:40] /i leaf stone
[03/06/2011 13:22:34] /storage Aaaana, 54821
[03/06/2011 13:22:36] /storage Aaaana, 54822
[03/06/2011 13:22:40] /storage Aaaana, 54282
[03/06/2011 13:22:44] /storage Aaaana, 58242
[03/06/2011 13:23:05] /storage Aaaana, 54282
[03/06/2011 13:23:08] /storage Aaaana, 54242
[03/06/2011 13:23:14] /storage Aaaana, 54842
[03/06/2011 13:25:53] /n name
[03/06/2011 13:26:15] /i 2160
[03/06/2011 13:49:41] /r
[03/06/2011 13:52:57] /r
[03/06/2011 13:52:59] /n nurse
[03/06/2011 13:53:01] /r
[03/06/2011 13:53:10] /r
[03/06/2011 13:53:57] /n nurse
[03/06/2011 13:53:59] /r
[03/06/2011 13:54:00] /n nurse
[03/06/2011 13:54:04] /r
[03/06/2011 14:49:45] /m bellsprout s
[03/06/2011 14:50:01] /m victreebel s
[03/06/2011 14:50:07] /r
[03/06/2011 14:50:13] /r
[03/06/2011 14:55:53] /storage Aaaana, 17000, 1
[03/06/2011 14:56:00] /storage Aaaana, 17000, 0
[03/06/2011 15:00:56] /storage aaaana, 17000
[03/06/2011 15:01:14] /storage aaaana, 17000
[03/06/2011 15:01:22] /storage aaaana, 17000
[03/06/2011 15:01:26] /storage aaaana, 17000
[03/06/2011 15:21:52] /m pidgeot s
[03/06/2011 15:36:16] /m articuno
[03/06/2011 15:36:22] /r
[03/06/2011 16:16:21] /n nurse
[03/06/2011 16:19:38] /n nurse
[03/06/2011 16:23:06] /n nurse
[03/06/2011 16:29:41] /n nurse
[03/06/2011 16:39:08] /r
[03/06/2011 16:39:09] /n nurse
[03/06/2011 16:39:43] /r
[03/06/2011 16:39:44] /n nurse
[03/06/2011 16:40:02] /r
[03/06/2011 16:40:03] /n nurse
[03/06/2011 16:57:20] /n nurse
[03/06/2011 17:04:21] /r
[03/06/2011 17:04:23] /n nurse
[03/06/2011 17:04:59] /r
[03/06/2011 17:05:00] /n nurse
[03/06/2011 17:05:28] /n nurse
[03/06/2011 17:05:53] /r
[03/06/2011 17:05:55] /n nurse
[03/06/2011 17:05:59] /r
[03/06/2011 17:06:14] /n nurse
[03/06/2011 17:06:58] /n nurse
[03/06/2011 17:09:02] /r
[03/06/2011 17:09:05] /n nurse
[03/06/2011 17:10:34] /n nurse
[03/06/2011 17:14:29] /n nurse
[03/06/2011 17:18:40] /n nurse
[03/06/2011 17:27:11] /n nurse
[03/06/2011 17:47:21] /t
[03/06/2011 21:07:12] /i earth stone
[03/06/2011 21:07:21] /i rock stone
[03/06/2011 21:09:51] /i leaf stone
[03/06/2011 21:09:51] /i leaf stone
[03/06/2011 21:10:09] /m poliwrath s
[03/06/2011 21:14:43] /m charizard s
[03/06/2011 23:09:45] /i 11494
[03/06/2011 23:09:53] /i 11490
[03/06/2011 23:09:54] /i 11491
[03/06/2011 23:09:55] /i 11492
[03/06/2011 23:09:56] /i 11493
[03/06/2011 23:09:58] /i 11494
[03/06/2011 23:09:59] /i 11495
[03/06/2011 23:10:01] /i 11496
[03/06/2011 23:10:02] /i 11497
[03/06/2011 23:10:03] /i 11498
[03/06/2011 23:10:04] /i 11499
[03/06/2011 23:15:50] /i 11492
[03/06/2011 23:15:55] /i 11491
[03/06/2011 23:15:57] /i 11490
[03/06/2011 23:24:02] /i fainted chikorita
[03/06/2011 23:24:08] /i 11491
[03/06/2011 23:24:09] /i 11492
[03/06/2011 23:24:10] /i 11493
[03/06/2011 23:24:11] /i 11494
[03/06/2011 23:24:12] /i 11495
[03/06/2011 23:24:14] /i 11496
[03/06/2011 23:24:14] /i 11497
[03/06/2011 23:24:15] /i 11498
[03/06/2011 23:26:56] /i 11490
[03/06/2011 23:26:58] /i 11491
[03/06/2011 23:27:00] /i 11492
[03/06/2011 23:27:02] /i 11493
[03/06/2011 23:27:05] /i 11494
[03/06/2011 23:27:08] /i 11495
[03/06/2011 23:27:10] /i 11496
[03/06/2011 23:27:15] /i 11497
[03/06/2011 23:27:17] /i 11498
[04/06/2011 00:45:42] /i defeated bellsprout
[04/06/2011 00:45:47] /i fainted bellsprout
[04/06/2011 00:46:21] /i fainted bellsprout
[04/06/2011 00:46:24] /i 2806
[04/06/2011 00:46:37] /t
[04/06/2011 00:50:32] /i leaf stone
[04/06/2011 00:50:35] /i leaf stone
[04/06/2011 00:50:35] /i leaf stone
[04/06/2011 00:51:12] /i fainted bellsprout
[04/06/2011 00:51:16] /i fainted weepinbell
[04/06/2011 00:51:21] /i fainted weepinbells
[04/06/2011 00:51:26] /i fainted bellsprouts
[04/06/2011 00:51:29] /i 2806
[04/06/2011 00:51:38] /i fainted bellsprout.
[04/06/2011 00:51:49] /m charizard s
[04/06/2011 00:52:04] /r
[04/06/2011 00:52:23] /m charizard s
[04/06/2011 00:52:45] /r
[04/06/2011 01:05:54] /i defeated magikarp
[04/06/2011 01:05:58] /i fainted magikarp
[04/06/2011 01:06:01] /i fainted magikarp
[04/06/2011 01:06:02] /i fainted magikarp
[04/06/2011 01:08:26] /i fainted magikarp
[04/06/2011 01:08:26] /i fainted magikarp
[04/06/2011 01:08:27] /i fainted magikarp
[04/06/2011 01:08:31] /i fainted magikarp
[04/06/2011 01:08:32] /i fainted magikarp
[04/06/2011 01:08:33] /i fainted magikarp
[04/06/2011 01:22:35] /i fainted magikarp
[04/06/2011 01:22:36] /i fainted magikarp
[04/06/2011 01:22:36] /i fainted magikarp
[04/06/2011 01:23:08] /i fainted magikarp
[04/06/2011 01:25:38] /i 11362
[04/06/2011 01:48:10] /i fainted magikarp
[04/06/2011 01:48:24] /i fainted magikarp
[04/06/2011 01:48:34] /i fainted magikarp
[04/06/2011 01:48:36] /i fainted magikarp
[04/06/2011 13:58:17] /s totodiel
[04/06/2011 13:58:20] /s totodile
[04/06/2011 13:58:26] /s croconow
[04/06/2011 13:58:28] /s feraligatr
[04/06/2011 13:58:36] /s chikorita
[04/06/2011 13:58:37] /r
[04/06/2011 13:58:38] /r
[04/06/2011 13:58:39] /r
[04/06/2011 13:58:40] /r
[04/06/2011 13:58:42] /r
[04/06/2011 13:58:43] /r
[04/06/2011 13:58:44] /r
[04/06/2011 13:58:45] /r
[04/06/2011 13:58:46] /r
[04/06/2011 13:58:47] /r
[04/06/2011 13:58:48] /r
[04/06/2011 13:58:55] /s bayleef
[04/06/2011 13:58:58] /s meganium
[04/06/2011 13:59:00] /s cyndaquil
[04/06/2011 13:59:02] /s quilava
[04/06/2011 13:59:05] /s typhlosion
[04/06/2011 13:59:10] /s hoothoot
[04/06/2011 13:59:12] /s noctowl
[04/06/2011 13:59:14] /s ledyba
[04/06/2011 13:59:20] /s ledian
[04/06/2011 13:59:24] /s spinarak
[04/06/2011 13:59:26] /s ariados
[04/06/2011 13:59:30] /s mareep
[04/06/2011 13:59:33] /s flaaffy
[04/06/2011 13:59:35] /s ampharos
[04/06/2011 13:59:59] /s natu
[04/06/2011 14:00:00] /s xatu
[04/06/2011 14:00:03] /s togepi
[04/06/2011 14:00:05] /s togetic
[04/06/2011 14:00:12] /s crobat
[04/06/2011 14:00:14] /s chincou
[04/06/2011 14:00:17] /s chinchou
[04/06/2011 14:00:18] /s lanturn
[04/06/2011 14:00:30] /s sentret
[04/06/2011 14:00:38] /s furret
[04/06/2011 14:04:47] /r
[04/06/2011 14:05:08] /s bellossom
[04/06/2011 14:05:11] /s pichu
[04/06/2011 14:05:14] /s cleffa
[04/06/2011 14:05:16] /s iglybuff
[04/06/2011 14:05:54] /s pichu
[04/06/2011 14:06:10] /s cleffa
[04/06/2011 14:06:57] /s pichu
[04/06/2011 14:06:58] /s cleffa
[04/06/2011 14:07:03] /s crobat
[04/06/2011 14:07:43] /r
[04/06/2011 14:11:26] /n nurse
[04/06/2011 14:11:28] /r
[04/06/2011 14:43:44] /s marill
[04/06/2011 14:43:46] /s azumarill
[04/06/2011 14:43:55] /s sudowoodo
[04/06/2011 14:43:56] /s politoed
[04/06/2011 14:43:59] /s hoppip
[04/06/2011 14:44:02] /s skiploom
[04/06/2011 14:44:05] /s jumpluff
[04/06/2011 14:44:14] /s aipom
[04/06/2011 14:44:15] /s sunkern
[04/06/2011 14:44:17] /s sunflora
[04/06/2011 14:44:23] /s yanma
[04/06/2011 14:44:25] /s wooper
[04/06/2011 14:44:28] /s quagsire
[04/06/2011 14:44:39] /s espeon
[04/06/2011 14:44:41] /s umbreon
[04/06/2011 14:44:44] /s murkrow
[04/06/2011 14:44:47] /s slowking
[04/06/2011 14:48:19] /s crobat
[04/06/2011 14:48:22] /r
[04/06/2011 15:23:02] /s misdreavus
[04/06/2011 15:23:05] /s wobbuffet
[04/06/2011 15:23:12] /s girafarig
[04/06/2011 15:23:14] /s pineco
[04/06/2011 15:23:16] /s forretress
[04/06/2011 15:23:44] /r
[04/06/2011 15:23:46] /s forretress
[04/06/2011 15:23:49] /s ledian
[04/06/2011 15:23:58] /s gligar
[04/06/2011 15:24:00] /s dunsparce
[04/06/2011 15:24:02] /s steelix
[04/06/2011 15:24:04] /s scizor
[04/06/2011 15:24:15] /s snubbull
[04/06/2011 15:24:18] /s qwilfish
[04/06/2011 15:24:27] /s shuckle
[04/06/2011 15:24:29] /s heracross
[04/06/2011 15:24:37] /s granbull
[04/06/2011 15:29:49] /s ampharos
[04/06/2011 15:29:58] /r
[04/06/2011 17:19:57] /a 2
[04/06/2011 17:19:59] /a 3
[04/06/2011 17:20:01] /a 1
[04/06/2011 17:20:02] /a 2
[04/06/2011 17:20:04] /a 5
[04/06/2011 17:21:28] /storage aaaana, 17000, 0
[04/06/2011 17:21:40] /t
[04/06/2011 17:21:47] /m umbreon
[04/06/2011 17:21:57] /m steelix
[04/06/2011 17:22:23] /s misdreavus
[04/06/2011 17:22:34] /i 1285
[04/06/2011 17:22:35] /i 1285
[04/06/2011 17:22:35] /i 1285
[04/06/2011 17:22:41] /r
[04/06/2011 17:22:45] /i 1222
[04/06/2011 17:22:50] /r
[04/06/2011 17:22:52] /i 1221
[04/06/2011 17:22:53] /r
[04/06/2011 17:22:55] /r
[04/06/2011 17:22:56] /i 1221
[04/06/2011 17:23:28] /a 2
[04/06/2011 17:23:30] /m articuno
[04/06/2011 17:23:32] /a 2
[04/06/2011 17:23:43] /r
[04/06/2011 17:23:46] /r
[04/06/2011 17:23:48] /i 12221
[04/06/2011 17:23:50] /i 1221
[04/06/2011 17:24:31] /r
[04/06/2011 17:24:36] /s gengar
[04/06/2011 17:24:42] /r
[04/06/2011 17:24:49] /i 1285
[04/06/2011 17:24:50] /i 1285
[04/06/2011 17:24:52] /i 1285
[04/06/2011 17:24:53] /i 1285
[04/06/2011 17:24:55] /i 1285
[04/06/2011 17:24:59] /r
[04/06/2011 17:24:59] /r
[04/06/2011 17:25:03] /r
[04/06/2011 17:33:54] /addskill Aaaana, level, 12
[04/06/2011 17:34:28] /s scize
[04/06/2011 17:34:31] /s scizor
[04/06/2011 17:34:59] /r
[04/06/2011 17:35:46] /a 2
[04/06/2011 17:35:47] /a 1
[04/06/2011 17:35:48] /a 3
[04/06/2011 17:36:07] /a 4
[04/06/2011 17:36:09] /a 2
[04/06/2011 17:36:12] /t
[04/06/2011 17:36:13] /a 12
[04/06/2011 17:36:14] /a 12
[04/06/2011 17:36:14] /a 12
[04/06/2011 17:36:15] /a 12
[04/06/2011 17:36:15] /a 12
[04/06/2011 17:36:15] /a 12
[04/06/2011 17:36:16] /a 12
[04/06/2011 17:36:16] /a 12
[04/06/2011 17:36:16] /a 12
[04/06/2011 17:36:17] /a 12
[04/06/2011 17:36:17] /a 12
[04/06/2011 17:36:17] /a 12
[04/06/2011 18:07:19] /a 2
[04/06/2011 18:07:20] /a 2
[04/06/2011 18:07:21] /a 5
[04/06/2011 18:07:26] /t
[04/06/2011 21:36:54] /i 2192
[04/06/2011 21:36:56] /i 2193
[04/06/2011 21:36:58] /i 2194
[04/06/2011 21:38:25] /i metal coat
[04/06/2011 21:39:41] /i earth stone
[04/06/2011 21:39:45] /i metal coat
[04/06/2011 21:40:03] /i metal coat
[04/06/2011 21:40:09] /i coccon stone
[04/06/2011 21:40:32] /i coccon stone
[04/06/2011 21:40:33] /i metal coat
[04/06/2011 21:40:45] /i enigma stone
[04/06/2011 21:42:43] /i darkness stone
[04/06/2011 21:43:04] /i fire stone
[04/06/2011 21:43:13] /i thunder stone
[04/06/2011 21:43:15] /i water stone
[04/06/2011 21:45:12] /i leaf stone
[04/06/2011 23:34:26] /i enigma
[04/06/2011 23:34:28] /i enigma stone
[04/06/2011 23:37:09] /i king's rock
[04/06/2011 23:37:31] /i venom
[04/06/2011 23:37:33] /i venom stone
[04/06/2011 23:37:46] /i leaf
[04/06/2011 23:37:50] /i leaf stone
[04/06/2011 23:38:13] /i venom stone
[04/06/2011 23:38:15] /i leaf stone
[04/06/2011 23:38:27] /i leaf stone
[04/06/2011 23:38:30] /i venom stone
[04/06/2011 23:38:42] /i venom stone
[04/06/2011 23:38:44] /i leaf stone
[04/06/2011 23:38:47] /i sun stone
[04/06/2011 23:39:05] /i sun stone
[04/06/2011 23:39:07] /i leaf stone
[04/06/2011 23:39:23] /i leaf stone
[04/06/2011 23:39:40] /i water stone
[04/06/2011 23:40:18] /i water stone
[04/06/2011 23:40:25] /i punch stone
[04/06/2011 23:40:28] /i king's rock
[04/06/2011 23:43:58] /i water stone
[04/06/2011 23:44:01] /i king's rock
[04/06/2011 23:44:14] /i water stone
[04/06/2011 23:44:17] /i king's rock
[04/06/2011 23:46:56] /i metal coat
[04/06/2011 23:47:02] /i sun stone
[05/06/2011 20:29:10] /addskill Aaaana, level, 30
[05/06/2011 20:32:37] /s sneasel
[05/06/2011 20:33:20] /m sneasel
[05/06/2011 20:33:50] /s teddiursa
[05/06/2011 20:33:52] /s ursaring
[05/06/2011 20:34:26] /s slugma
[05/06/2011 20:34:28] /s magcargo
[05/06/2011 20:34:45] /s swinub
[05/06/2011 20:34:48] /s piloswine
[05/06/2011 20:35:09] /s corsola
[05/06/2011 20:35:11] /s remoraid
[05/06/2011 20:35:13] /s octillery
[05/06/2011 20:35:46] /s corsola
[05/06/2011 20:36:17] /s delibird
[05/06/2011 20:36:19] /s mantine
[05/06/2011 20:36:23] /s skarmory
[05/06/2011 20:36:34] /s houndour
[05/06/2011 20:36:36] /s houndoom
[05/06/2011 20:37:24] /s kingdra
[05/06/2011 20:37:27] /s phanpy
[05/06/2011 20:37:29] /s donphan
[05/06/2011 20:37:31] /s porygon2
[05/06/2011 20:37:34] /s stantler
[05/06/2011 20:37:36] /s smeargle
[05/06/2011 20:37:39] /s tyrogue
[05/06/2011 20:37:41] /s hitmontop
[05/06/2011 20:37:49] /r
[05/06/2011 20:37:50] /r
[05/06/2011 20:37:51] /r
[05/06/2011 20:38:57] /s phanpy
[05/06/2011 20:41:35] /s smoochum
[05/06/2011 20:41:36] /s elekid
[05/06/2011 20:41:42] /s magby
[05/06/2011 20:41:49] /s miltank
[05/06/2011 20:41:51] /s blissey
[05/06/2011 20:41:55] /s entei
[05/06/2011 20:41:57] /s suicune
[05/06/2011 20:42:00] /s larvitar
[05/06/2011 20:42:02] /s pupitar
[05/06/2011 20:42:03] /s tyranitar
[05/06/2011 20:42:12] /s lugia
[05/06/2011 20:42:27] /s ho-oh
[05/06/2011 20:42:28] /s celebi
[05/06/2011 20:43:23] /s blissey
[05/06/2011 20:44:13] /s alakazam
[05/06/2011 20:44:25] /r
[05/06/2011 21:13:03] /s heracross
[05/06/2011 21:13:37] /r
[05/06/2011 21:13:49] /s tyranitar
[05/06/2011 21:14:03] /r
[05/06/2011 21:14:04] /r
[05/06/2011 21:14:06] /r
[05/06/2011 21:14:07] /r
[05/06/2011 21:14:09] /s espeon
[05/06/2011 21:14:24] /r
[05/06/2011 22:45:14] /a 2
[06/06/2011 14:24:32] /i metal coat
[06/06/2011 14:24:45] /i coccon stone
[06/06/2011 14:25:13] /s steelix
[06/06/2011 14:25:40] /r
[06/06/2011 14:26:59] /r
[06/06/2011 14:27:33] /s sunflora
[06/06/2011 14:28:19] /r
[06/06/2011 14:28:21] /r
[06/06/2011 14:28:22] /r
[06/06/2011 14:28:23] /r
[06/06/2011 14:29:40] /m spinarak
[06/06/2011 14:29:41] /m spinarak
[06/06/2011 14:29:43] /m ariados
[06/06/2011 14:34:03] /m magby
[06/06/2011 14:34:57] /t
[06/06/2011 14:35:13] /a 22
[06/06/2011 14:35:15] /a 222
[06/06/2011 14:35:16] /a 222
[06/06/2011 14:35:18] /a 12
[06/06/2011 14:35:20] /a 120
[06/06/2011 14:35:22] /a 60
[06/06/2011 14:35:23] /a 60
[06/06/2011 14:35:25] /a 44
[06/06/2011 14:35:27] /a 2
[06/06/2011 14:35:27] /a 2
[06/06/2011 14:35:28] /a 2
[06/06/2011 14:35:28] /a 2
[06/06/2011 14:35:29] /a 2
[06/06/2011 14:35:30] /a 2
[06/06/2011 14:35:30] /a 2
[06/06/2011 14:35:31] /a 2
[06/06/2011 14:35:41] /s Blissey
[06/06/2011 14:35:48] /r
[06/06/2011 14:35:51] /r
[06/06/2011 14:36:31] /t
[06/06/2011 14:36:32] /a 2
[06/06/2011 14:36:33] /a 2
[06/06/2011 14:36:33] /a 2
[06/06/2011 14:36:34] /a 2
[06/06/2011 14:36:34] /a 2
[06/06/2011 14:36:35] /a 2
[06/06/2011 14:36:35] /a 2
[06/06/2011 14:36:35] /a 2
[06/06/2011 14:36:36] /a 2
[06/06/2011 14:36:36] /a 2
[06/06/2011 14:36:45] /m teddiursa
[06/06/2011 14:36:46] /m teddiursa
[06/06/2011 14:37:20] /n nurse
[06/06/2011 14:37:22] /r
[06/06/2011 14:38:23] /r
[06/06/2011 14:38:25] /r
[06/06/2011 14:38:27] /s espeon
[06/06/2011 14:38:29] /s umbreon
[06/06/2011 14:38:39] /s vaporeon
[06/06/2011 14:38:41] /s jolteon
[06/06/2011 14:38:42] /s flareon
[06/06/2011 14:40:21] /r
[06/06/2011 14:40:30] /r
[06/06/2011 14:40:32] /r
[06/06/2011 14:40:34] /r
[06/06/2011 14:40:37] /r
[06/06/2011 15:34:04] /n nurse
[06/06/2011 15:34:06] /r
[06/06/2011 15:34:11] /i 1285
[06/06/2011 15:59:49] /i 1285
[06/06/2011 15:59:53] /i 1285
[06/06/2011 16:25:29] /a 2
[06/06/2011 16:25:30] /a 2
[06/06/2011 16:25:31] /a 2
[06/06/2011 16:25:32] /a 2
[06/06/2011 16:25:33] /a 2
[06/06/2011 16:25:34] /a 2
[06/06/2011 16:29:50] /i 1285
[06/06/2011 16:29:51] /i 1285
[06/06/2011 16:29:51] /i 1285
[06/06/2011 17:03:28] /i 1285
[06/06/2011 17:03:29] /i 1285
[06/06/2011 17:03:30] /i 1285
[06/06/2011 18:20:56] /i 1222
[06/06/2011 18:20:56] /i 1222
[06/06/2011 18:20:57] /i 1222
[06/06/2011 18:20:57] /i 1222
[06/06/2011 18:20:58] /i 1222
[06/06/2011 18:21:33] /r
[06/06/2011 18:21:48] /i 2705
[06/06/2011 18:21:49] /i 2705
[06/06/2011 18:21:49] /i 2705
[06/06/2011 18:21:50] /i 2705
[06/06/2011 18:21:55] /i 2705
[06/06/2011 18:26:18] /s lapras
[06/06/2011 18:26:20] /r
[06/06/2011 18:26:32] /storage aaaana, 17000, 1
[06/06/2011 18:27:10] /i 1285
[06/06/2011 18:27:11] /i 1285
[06/06/2011 18:27:12] /i 1285
[06/06/2011 18:27:12] /i 1285
[06/06/2011 18:27:13] /i 1285
[06/06/2011 18:27:14] /i 1285
[06/06/2011 18:27:15] /i 1285
[06/06/2011 18:27:15] /i 1285
[06/06/2011 18:27:16] /i 1285
[06/06/2011 18:27:17] /i 1285
[06/06/2011 18:27:19] /r
[06/06/2011 18:27:21] /r
[06/06/2011 18:27:22] /i 1285
[06/06/2011 18:27:23] /i 1285
[07/06/2011 17:58:48] /i defeated magikarp
[07/06/2011 17:59:21] /m articuno
[07/06/2011 18:08:10] /r
[07/06/2011 18:08:14] /s raikou
[07/06/2011 18:08:18] /r
[07/06/2011 18:08:41] /r
[07/06/2011 18:33:02] /n brock
[07/06/2011 18:33:28] /r
[07/06/2011 18:33:33] /r
[07/06/2011 18:34:20] /r
[07/06/2011 18:34:28] /s raikou
[07/06/2011 18:34:29] /s suicune
[07/06/2011 18:34:30] /s entei
[09/06/2011 19:19:54] /s gengar
[09/06/2011 19:20:00] /r
[09/06/2011 19:20:02] /r
[09/06/2011 19:20:03] /r
[09/06/2011 20:01:01] /m kingdra
[09/06/2011 20:01:16] /r
[09/06/2011 20:01:19] /m kingdra
[09/06/2011 20:01:53] /r
[09/06/2011 20:01:55] /m kingdra
[09/06/2011 20:03:33] /m kingdra
[10/06/2011 20:12:36] /m articuno
[10/06/2011 20:28:18] /m articuno
[10/06/2011 21:33:50] /i crystal stone
[10/06/2011 21:33:59] /i water stone
[10/06/2011 21:36:15] /n name
[10/06/2011 21:39:46] /r
[10/06/2011 21:39:50] /n name
[10/06/2011 21:41:10] /r
[10/06/2011 21:41:12] /n name
[10/06/2011 21:41:23] /r
[10/06/2011 21:41:58] /n name
[10/06/2011 21:42:43] /i crystal stone
[10/06/2011 21:42:45] /i water stone
[10/06/2011 21:44:15] /i crystal stone
[10/06/2011 21:44:17] /i water stone
[10/06/2011 21:44:32] /i water stone
[10/06/2011 21:44:34] /i crystal stone
[10/06/2011 21:46:56] /i crystal stone
[10/06/2011 21:47:00] /i water stone
[10/06/2011 21:47:00] /i crystal stone
[10/06/2011 21:47:01] /i water stone
[10/06/2011 22:36:35] /s abra
[10/06/2011 22:43:16] /t
[10/06/2011 23:28:42] /n nurse
[10/06/2011 23:28:47] /r
[11/06/2011 14:27:07] /m articuno
[11/06/2011 14:27:26] /r
[11/06/2011 14:27:29] /m kingdra
[11/06/2011 15:28:25] /i 1285
[11/06/2011 15:28:26] /i 1285
[11/06/2011 15:28:29] /i 1285
[11/06/2011 15:28:32] /i 1285
[11/06/2011 15:28:38] /a 3
[11/06/2011 15:28:39] /i 1285
[11/06/2011 15:28:45] /i 1285
[11/06/2011 15:28:48] /a 2
[11/06/2011 15:28:49] /a 2
[11/06/2011 15:29:23] /i 1285
[11/06/2011 15:29:24] /i 1285
[11/06/2011 15:29:30] /m weedle
[11/06/2011 15:29:42] /r
[11/06/2011 15:29:44] /r
[11/06/2011 15:29:51] /m kingdra
[11/06/2011 15:30:05] /r
[11/06/2011 15:30:14] /r
[11/06/2011 15:30:19] /m skarmory
[11/06/2011 15:31:26] /m dratini
[11/06/2011 15:31:31] /r
[11/06/2011 15:31:40] /m golbat
[11/06/2011 15:31:44] /r
[11/06/2011 15:32:17] /m tyrogue
[11/06/2011 16:57:19] /m skarmory
[11/06/2011 22:32:08] /i dragon scale
[11/06/2011 22:32:18] /i up-grade
[11/06/2011 22:32:34] /i soothe bell
[11/06/2011 22:33:14] /i thousand dollar
[11/06/2011 22:33:21] /i a thousand dollar
[11/06/2011 22:33:23] /i dollar
[11/06/2011 22:33:28] /i 2149
[11/06/2011 22:36:39] /i stun stone
[11/06/2011 22:36:43] /i sun stone
[12/06/2011 00:12:46] /m kingdra
[12/06/2011 00:13:42] /m kingdra
[12/06/2011 00:15:34] /m kingdra
[12/06/2011 00:19:04] /m kingdra
[12/06/2011 00:21:28] /m kingdra
[12/06/2011 00:23:45] /m kingdra
[12/06/2011 00:24:42] /m kingdra
[12/06/2011 00:29:01] /m kingdra
[12/06/2011 00:30:15] /m kindra
[12/06/2011 00:30:18] /m kingdra
[12/06/2011 00:30:52] /m kingdra
[12/06/2011 00:32:43] /m kingdra
[12/06/2011 00:34:33] /m kingdra
[12/06/2011 00:35:50] /m kingdra
[12/06/2011 00:36:46] /m kingdra
[12/06/2011 00:37:46] /m kingdra
[12/06/2011 00:38:36] /m kingdra
[12/06/2011 00:39:00] /m kingdra
[12/06/2011 00:40:59] /m kingdra
[12/06/2011 00:41:16] /m kingdra
[12/06/2011 00:41:26] /m kingdra
[12/06/2011 00:41:45] /m kingdra
[12/06/2011 00:42:03] /m kingdra
[12/06/2011 00:43:15] /m kingdra
[12/06/2011 00:47:06] /m kingdra
[12/06/2011 00:47:21] /m kingdra
[12/06/2011 00:48:01] /m kingdra
[12/06/2011 00:48:18] /m kingdra
[12/06/2011 00:48:22] /m kingdra
[12/06/2011 00:48:23] /m kingdra
[12/06/2011 00:48:49] /m kingdra
[12/06/2011 00:48:58] /m kingdra
[12/06/2011 00:49:06] /m kingdra
[12/06/2011 01:01:16] /m kingdra
[12/06/2011 01:03:47] /m kingdra
[12/06/2011 01:03:54] /m kingdra
[12/06/2011 01:04:12] /m kingdra
[12/06/2011 01:04:18] /m kingdra
[12/06/2011 01:04:24] /m kingdra
[12/06/2011 01:05:17] /m kingdra
[12/06/2011 01:05:19] /m kingdra
[12/06/2011 01:05:19] /m kingdra
[12/06/2011 01:05:24] /m kingdra
[12/06/2011 01:05:30] /m kingdra
[12/06/2011 01:06:14] /m kingdra
[12/06/2011 01:06:16] /m kingdra
[12/06/2011 01:06:21] /m kingdra
[12/06/2011 01:06:24] /m kingdra
[12/06/2011 01:07:07] /m weedle
[12/06/2011 01:07:08] /m weedle
[12/06/2011 01:07:14] /m weedle
[12/06/2011 01:07:17] /m weedle
[12/06/2011 01:07:21] /m weedle
[12/06/2011 01:07:25] /m weedle
[12/06/2011 01:07:29] /m weedle
[12/06/2011 01:07:37] /m kingdra
[12/06/2011 01:07:40] /m kingdra
[12/06/2011 01:07:45] /m kingdra
[12/06/2011 01:08:16] /m kingdra
[12/06/2011 01:08:20] /m kingdra
[12/06/2011 01:08:24] /m kingdra
[12/06/2011 01:08:29] /m kingdra
[12/06/2011 01:08:34] /m kingdra
[12/06/2011 01:09:22] /m kingdra
[12/06/2011 01:09:29] /m kingdra
[12/06/2011 01:09:33] /m kingdra
[12/06/2011 01:09:38] /m kingdra
[12/06/2011 01:09:43] /m kingdra
[12/06/2011 01:14:52] /m kingdra
[12/06/2011 01:14:57] /m kingdra
[12/06/2011 01:15:58] /m kingdra
[12/06/2011 01:23:27] /s gengar
[12/06/2011 01:23:35] /r
[12/06/2011 01:23:37] /r
[12/06/2011 01:23:40] /s misdreavus
[12/06/2011 01:23:43] /i 185
[12/06/2011 01:23:45] /i 1285
[12/06/2011 01:23:46] /i 1285
[12/06/2011 01:23:48] /i 1285
[12/06/2011 01:23:49] /i 1285
[12/06/2011 01:23:51] /i 1285
[12/06/2011 01:23:51] /i 1285
[12/06/2011 01:23:53] /i 1285
[12/06/2011 01:23:54] /i 1285
[12/06/2011 01:23:54] /i 1285
[12/06/2011 02:43:57] /s misdreavus
[12/06/2011 02:44:02] /i 1285
[12/06/2011 02:44:03] /i 1285
[12/06/2011 02:44:04] /i 1285
[12/06/2011 02:44:04] /i 1285
[12/06/2011 02:44:05] /i 1285
[12/06/2011 02:44:11] /i 1042
[12/06/2011 02:44:12] /i 1042
[12/06/2011 02:44:14] /i 1042
[12/06/2011 02:44:23] /r
[12/06/2011 02:44:25] /i 1042
[12/06/2011 02:44:28] /m pidgey
[12/06/2011 02:44:39] /r
[12/06/2011 02:44:42] /a 2
[12/06/2011 02:44:55] /a 1
[12/06/2011 19:13:41] /m charmander
[12/06/2011 19:13:47] /r
[12/06/2011 19:13:48] /m charmander
[12/06/2011 19:13:50] /r
[12/06/2011 19:13:51] /m charmander
[12/06/2011 19:13:55] /r
[12/06/2011 19:14:01] /ghost
[12/06/2011 19:14:04] /m charmander
[12/06/2011 19:14:17] /ghost
[12/06/2011 19:14:24] /r
[12/06/2011 19:14:25] /ghost
[12/06/2011 19:14:28] /m charmander
[12/06/2011 19:14:29] /a 12
[12/06/2011 19:14:31] /ghost
[12/06/2011 19:14:48] /r
[12/06/2011 19:14:54] /m charmander
[12/06/2011 19:14:56] /r
[12/06/2011 19:15:01] /m charmander
[12/06/2011 19:15:05] /r
[12/06/2011 19:15:08] /ghost
[12/06/2011 19:15:11] /m charmander
[12/06/2011 19:15:16] /a 
[12/06/2011 19:15:17] /a 12
[12/06/2011 19:15:19] /ghost
[12/06/2011 19:17:27] /m charmander
[12/06/2011 19:21:39] /a 12
[12/06/2011 19:21:44] /a 12
[12/06/2011 19:21:55] /m charmander
[12/06/2011 19:22:07] /r
[12/06/2011 19:22:08] /ghost
[12/06/2011 19:22:11] /ghost
[12/06/2011 19:26:04] /ghost
[12/06/2011 19:26:06] /m charmander
[12/06/2011 19:36:12] /a 12
[12/06/2011 19:36:26] /a 12
[12/06/2011 19:36:28] /a 12
[12/06/2011 19:36:29] /ghost
[12/06/2011 19:36:44] /ghost
[12/06/2011 19:37:42] /ghost
[12/06/2011 19:37:45] /m charmander
[12/06/2011 19:39:35] /ghost
[12/06/2011 19:39:38] /ghost
[12/06/2011 19:39:46] /ghost
[12/06/2011 19:41:30] /ghost
[12/06/2011 19:41:32] /ghost
[12/06/2011 19:42:07] /ghost
[12/06/2011 19:42:12] /ghost
[12/06/2011 19:44:09] /m charmander
[12/06/2011 19:44:24] /ghost
[12/06/2011 20:22:57] /m charmander
[12/06/2011 20:27:14] /m charmander
[12/06/2011 20:30:48] /m charmander
[12/06/2011 20:30:51] /ghost
[12/06/2011 20:32:59] /m charmander
[12/06/2011 20:34:36] /m charmander
[12/06/2011 20:35:54] /m charmander
[12/06/2011 20:36:17] /m charmander
[12/06/2011 20:36:19] /m charmander
[12/06/2011 20:37:45] /m charmander
[12/06/2011 20:38:06] /m charmander
[12/06/2011 20:40:30] /m charmander
[12/06/2011 20:41:13] /m charmander
[12/06/2011 20:41:31] /m charmander
[12/06/2011 20:41:44] /m charmander
[12/06/2011 20:41:50] /m charmander
[12/06/2011 20:41:52] /m charmander
[12/06/2011 20:41:52] /m charmander
[12/06/2011 20:42:21] /m charmander
[12/06/2011 20:42:36] /m charmander
[12/06/2011 20:42:36] /m charmander
[12/06/2011 20:42:46] /m charmander
[12/06/2011 20:43:11] /m charmander
[12/06/2011 21:19:39] /m charmander
[12/06/2011 21:20:56] /m charmander
[12/06/2011 21:21:01] /m charmander
[12/06/2011 21:21:01] /m charmander
[12/06/2011 21:21:01] /m charmander
[12/06/2011 21:41:47] /m charmander
[12/06/2011 21:46:23] /m charmander
[12/06/2011 21:46:28] /ghost
[12/06/2011 21:46:37] /ghost
[12/06/2011 21:50:16] /goto charmander
[12/06/2011 21:50:18] /r
[12/06/2011 21:50:20] /m charmander
[12/06/2011 21:50:24] /ghost
[12/06/2011 21:50:37] /ghost
[12/06/2011 21:50:40] /a 2
[12/06/2011 21:50:40] /a 2
[12/06/2011 21:50:48] /r
[12/06/2011 21:50:55] /r
[12/06/2011 21:52:24] /ghost
[12/06/2011 21:52:27] /m charmander
[12/06/2011 21:53:58] /r
[12/06/2011 21:53:59] /m charmander
[12/06/2011 21:54:47] /r
[12/06/2011 21:54:49] /m charmander
[12/06/2011 21:55:15] /i 1285
[12/06/2011 21:55:16] /i 1285
[12/06/2011 21:55:17] /i 1285
[12/06/2011 21:55:21] /i 1285
[12/06/2011 21:55:26] /i 1285
[12/06/2011 21:55:29] /i 1285
[12/06/2011 21:55:30] /i 1285
[12/06/2011 21:55:34] /i 1285
[12/06/2011 21:55:38] /i 1285
[12/06/2011 21:55:46] /r
[12/06/2011 21:55:48] /r
[12/06/2011 21:55:48] /i 1285
[12/06/2011 21:56:10] /m oddish s
[12/06/2011 21:56:14] /m charmander
[12/06/2011 21:57:31] /m charmander
[12/06/2011 21:59:06] /r
[12/06/2011 21:59:08] /m charmander
[12/06/2011 21:59:26] /ghost
[12/06/2011 22:01:33] /r
[12/06/2011 22:01:36] /m charmander
[12/06/2011 22:01:39] /ghost
[12/06/2011 22:02:08] /ghost
[12/06/2011 22:05:32] /m charmander
[12/06/2011 22:05:34] /ghost
[12/06/2011 22:06:03] /ghost
[12/06/2011 22:06:14] /ghost
[12/06/2011 22:11:22] /m charmander
[12/06/2011 22:11:24] /ghost
[12/06/2011 22:11:34] /ghost
[12/06/2011 22:11:58] /r
[12/06/2011 22:11:59] /r
[12/06/2011 22:12:01] /m charmander
[12/06/2011 22:12:02] /ghost
[12/06/2011 22:12:09] /ghost
[12/06/2011 22:12:14] /ghost
[12/06/2011 22:13:04] /r
[12/06/2011 22:13:05] /m charmander
[12/06/2011 22:13:07] /ghost
[12/06/2011 22:13:19] /ghost
[12/06/2011 22:13:34] /ghost
[12/06/2011 22:15:02] /m charmander
[12/06/2011 22:15:17] /ghost
[12/06/2011 22:18:05] /m charmander
[12/06/2011 22:18:07] /ghost
[12/06/2011 22:18:48] /ghost
[12/06/2011 22:19:09] /ghost
[12/06/2011 22:21:09] /ghost
[12/06/2011 22:21:10] /ghost
[12/06/2011 22:21:12] /m charmander
[12/06/2011 22:21:22] /ghost
[12/06/2011 22:22:54] /r
[12/06/2011 22:22:56] /ghost
[12/06/2011 22:22:59] /m charmander
[12/06/2011 22:23:09] /ghost
[12/06/2011 22:23:57] /ghost
[12/06/2011 22:23:58] /ghost
[12/06/2011 22:24:00] /m charmander
[12/06/2011 22:24:13] /ghost
[12/06/2011 22:25:39] /r
[12/06/2011 22:25:41] /r
[12/06/2011 22:25:43] /r
[12/06/2011 22:25:46] /ghost
[12/06/2011 22:25:48] /m charmander
[12/06/2011 22:25:55] /ghost
[12/06/2011 22:26:38] /ghost
[12/06/2011 22:26:49] /ghost
[12/06/2011 22:27:01] /ghost
[12/06/2011 22:29:00] /r
[12/06/2011 22:29:02] /m charmanger
[12/06/2011 22:29:06] /m charmander
[12/06/2011 22:29:12] /ghost
[12/06/2011 22:29:17] /ghost
[12/06/2011 22:30:12] /r
[12/06/2011 22:30:14] /ghost
[12/06/2011 22:31:53] /ghost
[12/06/2011 22:31:53] /ghost
[12/06/2011 22:31:57] /m charmander
[12/06/2011 22:32:02] /ghost
[12/06/2011 22:32:13] /ghost
[12/06/2011 22:32:20] /ghost
[12/06/2011 22:35:06] /ghost
[12/06/2011 22:35:08] /r
[12/06/2011 22:35:09] /m charmander
[12/06/2011 22:35:15] /m charmander
[12/06/2011 22:35:16] /m charmander
[12/06/2011 22:35:16] /m charmander
[12/06/2011 22:35:17] /m charmander
[12/06/2011 22:35:19] /m charmander
[12/06/2011 22:35:25] /r
[12/06/2011 22:35:27] /r
[12/06/2011 22:35:34] /m charmander
[12/06/2011 22:35:34] /m charmander
[12/06/2011 22:35:34] /m charmander
[12/06/2011 22:35:35] /m charmander
[12/06/2011 22:35:35] /m charmander
[12/06/2011 22:35:35] /m charmander
[12/06/2011 22:35:39] /r
[12/06/2011 22:35:40] /r
[12/06/2011 22:35:41] /r
[12/06/2011 22:35:42] /r
[12/06/2011 22:35:44] /r
[12/06/2011 22:35:46] /r
[12/06/2011 22:35:47] /r
[12/06/2011 22:35:49] /r
[12/06/2011 22:35:52] /r
[12/06/2011 22:35:53] /r
[12/06/2011 22:35:55] /r
[12/06/2011 22:35:56] /ghost
[12/06/2011 22:36:08] /ghost
[12/06/2011 22:36:13] /ghost
[12/06/2011 22:38:49] /r
[12/06/2011 22:38:51] /m charmander
[12/06/2011 22:38:52] /ghost
[12/06/2011 22:38:53] /ghost
[12/06/2011 22:38:56] /ghost
[12/06/2011 22:38:59] /ghost
[12/06/2011 22:39:19] /ghost
[12/06/2011 22:39:23] /ghost
[12/06/2011 22:41:08] /a 12
[12/06/2011 22:41:10] /a 12
[12/06/2011 22:41:12] /ghost
[12/06/2011 22:41:12] /ghost
[12/06/2011 22:41:29] /ghost
[12/06/2011 22:41:45] /ghost
[12/06/2011 22:45:17] /ghost
[12/06/2011 22:45:18] /ghost
[12/06/2011 22:45:20] /m charmander
[12/06/2011 23:31:12] /n name
[13/06/2011 15:41:17] /m charmander
[13/06/2011 15:44:18] /m charmander
[13/06/2011 15:44:55] /m charmander
[13/06/2011 15:46:20] /m charmander
[13/06/2011 15:49:22] /m charmander
[13/06/2011 15:49:59] /m charmander
[13/06/2011 15:52:13] /m charmander
[13/06/2011 15:52:43] /m charmander
[13/06/2011 15:55:24] /m charmander
[13/06/2011 15:56:28] /m charmander
[13/06/2011 15:57:53] /m charmander
[13/06/2011 16:00:53] /m charmander
[13/06/2011 16:15:55] /m charmander
[13/06/2011 16:16:27] /m charmander
[13/06/2011 16:16:28] /m charmander
[13/06/2011 16:17:51] /r
[13/06/2011 16:17:54] /r
[13/06/2011 16:17:56] /r
[13/06/2011 16:18:00] /m charmander
[13/06/2011 16:18:32] /m charmander
[13/06/2011 16:19:27] /m charmander
[13/06/2011 16:19:27] /m charmander
[13/06/2011 16:19:27] /m charmander
[13/06/2011 16:19:28] /m charmander
[13/06/2011 16:20:14] /r
[13/06/2011 16:20:20] /r
[13/06/2011 16:20:20] /r
[13/06/2011 16:20:24] /r
[13/06/2011 16:22:03] /m charmander
[13/06/2011 16:22:23] /ghost
[13/06/2011 16:22:24] /ghost
[13/06/2011 16:22:30] /a 2
[13/06/2011 16:22:32] /ghost
[13/06/2011 16:22:41] /r
[13/06/2011 17:50:54] /m charmander
[13/06/2011 17:50:55] /m charmander
[13/06/2011 17:51:31] /m charmander
[13/06/2011 17:51:31] /m charmander
[13/06/2011 17:56:16] /m charmander
[13/06/2011 17:57:59] /m charmander
[13/06/2011 17:58:00] /m charmander
[13/06/2011 17:58:01] /m charmander
[13/06/2011 17:58:01] /m charmander
[13/06/2011 17:58:02] /m charmander
[13/06/2011 18:01:14] /m charmander
[13/06/2011 18:01:15] /m charmander
[13/06/2011 18:01:15] /m charmander
[13/06/2011 18:01:16] /m charmander
[13/06/2011 18:04:25] /m charmander
[13/06/2011 18:04:26] /m charmander
[13/06/2011 18:04:27] /m charmander
[13/06/2011 18:04:27] /m charmander
[13/06/2011 18:04:28] /m charmander
[13/06/2011 18:05:28] /ghost
[13/06/2011 18:06:31] /ghost
[13/06/2011 18:08:28] /m charmander[
[13/06/2011 18:08:29] /m charmander
[13/06/2011 18:08:30] /m charmander
[13/06/2011 18:08:30] /m charmander
[13/06/2011 18:08:30] /m charmander
[13/06/2011 18:08:31] /m charmander
[13/06/2011 18:08:31] /m charmander
[13/06/2011 18:08:32] /m charmander
[13/06/2011 18:08:32] /m charmander
[13/06/2011 18:09:20] /n nurse
[13/06/2011 18:09:22] /r
[13/06/2011 18:11:57] /m charmander
[13/06/2011 18:11:58] /m charmander
[13/06/2011 18:11:58] /m charmander
[13/06/2011 18:11:59] /m charmander
[13/06/2011 18:11:59] /m charmander
[13/06/2011 18:12:00] /m charmander
[13/06/2011 18:12:00] /m charmander
[13/06/2011 18:12:01] /m charmander
[13/06/2011 18:12:01] /m charmander
[13/06/2011 18:13:00] /n nurse
[13/06/2011 18:13:17] /m charmander
[13/06/2011 18:13:19] /m charmander
[13/06/2011 18:14:11] /m charmander
[13/06/2011 18:14:11] /m charmander
[13/06/2011 18:14:12] /m charmander
[13/06/2011 18:14:12] /m charmander
[13/06/2011 18:14:13] /m charmander
[13/06/2011 18:14:13] /m charmander
[13/06/2011 18:14:14] /m charmander
[13/06/2011 18:14:14] /m charmander
[13/06/2011 18:14:15] /m charmander
[13/06/2011 18:14:15] /m charmander
[13/06/2011 18:16:11] /n nruse
[13/06/2011 18:16:15] /n nurse
[13/06/2011 18:16:46] /m charmander
[13/06/2011 18:16:46] /m charmander
[13/06/2011 18:16:47] /m charmander
[13/06/2011 18:16:47] /m charmander
[13/06/2011 18:16:48] /m charmander
[13/06/2011 18:16:48] /m charmander
[13/06/2011 18:16:49] /m charmander
[13/06/2011 18:16:49] /m charmander
[13/06/2011 18:16:50] /m charmander
[13/06/2011 18:17:18] /s suicune
[13/06/2011 18:17:21] /s suicune
[13/06/2011 18:17:23] /s suicune
[13/06/2011 18:19:43] /m charmander
[13/06/2011 18:19:44] /m charmander
[13/06/2011 18:19:51] /s suicune
[13/06/2011 18:20:52] /m charmander
[13/06/2011 18:21:11] /m charmander
[13/06/2011 18:21:15] /r
[13/06/2011 18:22:17] /m charmander
[13/06/2011 18:22:40] /m charmander
[13/06/2011 18:23:17] /m charmander
[13/06/2011 18:23:42] /m charmander
[13/06/2011 18:23:49] /m charmander
[13/06/2011 18:23:50] /m charmander
[13/06/2011 18:23:52] /m charmander
[13/06/2011 18:23:53] /m charmander
[13/06/2011 18:23:54] /m charmander
[13/06/2011 18:23:54] /m charmander
[13/06/2011 18:23:55] /m charmander
[13/06/2011 18:23:56] /m charmander
[13/06/2011 18:26:13] /m charmander
[13/06/2011 18:26:40] /m charmander
[13/06/2011 18:26:40] /m charmander
[13/06/2011 18:26:53] /m charmander
[13/06/2011 18:30:26] /m charmander
[13/06/2011 18:30:27] /m charmander
[13/06/2011 18:30:27] /m charmander
[13/06/2011 18:30:28] /m charmander
[13/06/2011 18:30:28] /m charmander
[13/06/2011 18:30:29] /m charmander
[13/06/2011 18:30:29] /m charmander
[13/06/2011 18:31:34] /n nurse
[13/06/2011 18:31:37] /r
[13/06/2011 18:31:38] /r
[13/06/2011 18:33:39] /m charmander
[14/06/2011 10:58:11] /m charmander
[14/06/2011 10:59:01] /m charmander
[14/06/2011 10:59:18] /m charmander
[14/06/2011 11:00:19] /m charmander
[14/06/2011 11:01:52] /m charmander
[14/06/2011 11:02:24] /m articuno
[14/06/2011 11:02:27] /r
[14/06/2011 11:02:28] /ghost
[14/06/2011 11:02:31] /m charmander
[14/06/2011 11:02:33] /ghost
[14/06/2011 11:04:54] /m charmander
[14/06/2011 11:06:00] /m charmander
[14/06/2011 11:06:34] /m charmander
[14/06/2011 11:07:18] /m charmander
[14/06/2011 11:09:48] /m charmander
[14/06/2011 11:10:17] /m charmander
[14/06/2011 11:10:56] /m charmander
[14/06/2011 11:18:06] /m charmander
[14/06/2011 11:20:09] /r
[14/06/2011 11:20:11] /r
[14/06/2011 11:20:13] /m charmander
[14/06/2011 11:20:48] /m charmander
[14/06/2011 11:20:49] /m charmander
[14/06/2011 11:20:50] /m charmander
[14/06/2011 11:20:50] /m charmander
[14/06/2011 11:20:51] /m charmander
[14/06/2011 11:20:51] /m charmander
[14/06/2011 11:20:52] /m charmander
[14/06/2011 11:20:52] /m charmander
[14/06/2011 11:20:53] /m charmander
[14/06/2011 11:20:53] /m charmander
[14/06/2011 11:20:54] /m charmander
[14/06/2011 11:20:54] /m charmander
[14/06/2011 11:20:55] /m charmander
[14/06/2011 11:20:56] /m charmander
[14/06/2011 11:20:57] /m charmander
[14/06/2011 11:20:58] /m charmander
[14/06/2011 11:20:58] /m charmander
[14/06/2011 11:20:59] /m charmander
[14/06/2011 11:21:00] /m charmander
[14/06/2011 11:21:01] /m charmander
[14/06/2011 11:21:02] /m charmander
[14/06/2011 11:21:03] /m charmander
[14/06/2011 11:21:03] /m charmander
[14/06/2011 11:21:04] /m charmander
[14/06/2011 11:21:05] /m charmander
[14/06/2011 11:21:06] /m charmander
[14/06/2011 11:21:09] /a 2
[14/06/2011 11:23:22] /m charmander
[14/06/2011 11:23:22] /m charmander
[14/06/2011 11:23:23] /m charmander
[14/06/2011 11:23:23] /m charmander
[14/06/2011 11:23:41] /ghost
[14/06/2011 11:23:42] /ghost
[14/06/2011 11:24:01] /r
[14/06/2011 11:27:26] /n charmander
[14/06/2011 11:27:28] /m charmander
[14/06/2011 11:27:47] /m charmander
[14/06/2011 11:30:29] /m charmander
[14/06/2011 11:31:03] /r
[14/06/2011 11:31:06] /m charmander
[14/06/2011 11:32:02] /r
[14/06/2011 11:34:31] /ghost
[14/06/2011 11:34:33] /ghost
[14/06/2011 11:34:38] /r
[14/06/2011 11:34:41] /m charmander
[14/06/2011 11:34:52] /ghost
[14/06/2011 11:34:54] /ghost
[14/06/2011 11:38:53] /m charmander
[14/06/2011 11:41:58] /m charmander
[14/06/2011 11:42:53] /m charmander
[14/06/2011 11:43:05] /ghost
[14/06/2011 11:44:12] /m charmander
[14/06/2011 11:44:16] /ghost
[14/06/2011 11:44:25] /m charmander
[14/06/2011 11:44:26] /m charmander
[14/06/2011 11:44:26] /m charmander
[14/06/2011 11:44:26] /m charmander
[14/06/2011 11:44:27] /m charmander
[14/06/2011 11:44:27] /m charmander
[14/06/2011 11:44:28] /m charmander
[14/06/2011 11:44:28] /m charmander
[14/06/2011 11:44:28] /m charmander
[14/06/2011 11:44:29] /m charmander
[14/06/2011 11:44:29] /m charmander
[14/06/2011 11:44:30] /m charmander
[14/06/2011 11:44:30] /m charmander
[14/06/2011 11:44:31] /m charmander
[14/06/2011 11:44:32] /m charmander
[14/06/2011 11:44:32] /m charmander
[14/06/2011 11:44:33] /m charmander
[14/06/2011 11:44:33] /m charmander
[14/06/2011 11:44:34] /m charmander
[14/06/2011 11:46:14] /m charmander
[14/06/2011 11:46:22] /ghost
[14/06/2011 11:46:28] /n nurse
[14/06/2011 11:46:30] /m charmander
[14/06/2011 11:46:31] /m charmander
[14/06/2011 11:46:31] /m charmander
[14/06/2011 11:46:31] /m charmander
[14/06/2011 11:46:32] /m charmander
[14/06/2011 11:46:33] /m charmander
[14/06/2011 11:46:34] /a 2
[14/06/2011 11:46:34] /m charmander
[14/06/2011 11:46:35] /m charmander
[14/06/2011 11:46:35] /m charmander
[14/06/2011 11:46:35] /m charmander
[14/06/2011 11:46:38] /a 2
[14/06/2011 11:46:38] /m charmander
[14/06/2011 11:46:39] /m charmander
[14/06/2011 11:46:39] /m charmander
[14/06/2011 11:46:39] /m charmander
[14/06/2011 11:46:43] /a 2
[14/06/2011 11:47:15] /a 3
[14/06/2011 11:48:52] /m charmander
[14/06/2011 11:48:53] /ghost
[14/06/2011 11:48:56] /m charmander
[14/06/2011 11:48:57] /m charmander
[14/06/2011 11:48:58] /m charmander
[14/06/2011 11:48:58] /m charmander
[14/06/2011 11:48:58] /m charmander
[14/06/2011 11:48:59] /m charmander
[14/06/2011 11:48:59] /m charmander
[14/06/2011 11:48:59] /m charmander
[14/06/2011 11:49:00] /m charmander
[14/06/2011 11:49:08] /m charmander
[14/06/2011 11:49:08] /m charmander
[14/06/2011 11:49:09] /m charmander
[14/06/2011 11:49:09] /m charmander
[14/06/2011 11:49:09] /m charmander
[14/06/2011 11:49:10] /m charmander
[14/06/2011 11:49:10] /m charmander
[14/06/2011 11:49:11] /m charmander
[14/06/2011 11:49:11] /m charmander
[14/06/2011 11:49:11] /m charmander
[14/06/2011 11:49:12] /m charmander
[14/06/2011 11:49:12] /m charmander
[14/06/2011 11:49:13] /m charmander
[14/06/2011 11:49:14] /m charmander
[14/06/2011 11:49:14] /m charmander
[14/06/2011 11:49:15] /m charmander
[14/06/2011 11:49:15] /m charmander
[14/06/2011 11:49:15] /m charmander
[14/06/2011 11:49:16] /m charmander
[14/06/2011 11:49:16] /m charmander
[14/06/2011 11:49:18] /m charmander
[14/06/2011 11:49:19] /m charmander
[14/06/2011 11:49:19] /m charmander
[14/06/2011 11:49:19] /m charmander
[14/06/2011 11:50:20] /ghost
[14/06/2011 11:51:43] /ghost
[14/06/2011 11:52:01] /ghost
[14/06/2011 11:52:30] /m charmander
[14/06/2011 11:52:31] /ghost
[14/06/2011 11:52:36] /ghost
[14/06/2011 11:53:06] /ghost
[14/06/2011 11:53:06] /ghost
[14/06/2011 11:53:45] /m charmander
[14/06/2011 11:53:47] /ghost
[14/06/2011 11:53:51] /ghost
[14/06/2011 11:55:03] /r
[14/06/2011 11:55:05] /m charmander
[14/06/2011 11:55:06] /ghost
[14/06/2011 11:55:11] /ghost
[14/06/2011 11:55:21] /ghost
[14/06/2011 11:55:23] /ghost
[14/06/2011 12:02:37] /ghost
[14/06/2011 12:02:40] /m charmander
[14/06/2011 12:02:40] /m charmander
[14/06/2011 12:02:41] /m charmander
[14/06/2011 12:02:41] /m charmander
[14/06/2011 12:02:41] /m charmander
[14/06/2011 12:02:42] /m charmander
[14/06/2011 12:02:42] /m charmander
[14/06/2011 12:02:43] /m charmander
[14/06/2011 12:02:43] /m charmander
[14/06/2011 12:02:43] /m charmander
[14/06/2011 12:02:44] /m charmander
[14/06/2011 12:02:44] /m charmander
[14/06/2011 12:02:46] /m charmander
[14/06/2011 12:02:49] /a 2
[14/06/2011 12:02:50] /m charmander
[14/06/2011 12:02:50] /m charmander
[14/06/2011 12:02:50] /m charmander
[14/06/2011 12:02:51] /m charmander
[14/06/2011 12:02:51] /m charmander
[14/06/2011 12:02:52] /m charmander
[14/06/2011 12:02:52] /m charmander
[14/06/2011 12:02:52] /m charmander
[14/06/2011 12:02:53] /m charmander
[14/06/2011 12:02:53] /m charmander
[14/06/2011 12:03:44] /ghost
[14/06/2011 12:03:58] /ghost
[14/06/2011 12:05:09] /m charmander
[14/06/2011 12:05:33] /m charmander
[14/06/2011 12:06:00] /m charmander
[14/06/2011 12:06:16] /m charmander
[14/06/2011 12:06:32] /m charmander
[14/06/2011 12:06:54] /m charmander
[14/06/2011 12:07:19] /m charmander
[14/06/2011 12:09:04] /m charmander
[14/06/2011 12:12:35] /m charmander
[14/06/2011 12:12:43] /m charmander
[14/06/2011 12:13:13] /m charmander
[14/06/2011 12:13:38] /m charmander
[14/06/2011 12:16:25] /m charmander
[14/06/2011 12:16:34] /m charmander
[14/06/2011 12:17:08] /m charmander
[14/06/2011 12:17:08] /m charmander
[14/06/2011 12:19:32] /m charmander
[14/06/2011 12:19:50] /m charmander
[14/06/2011 12:20:06] /m charmander
[14/06/2011 12:20:25] /m charmander
[14/06/2011 12:21:43] /m charmander
[14/06/2011 12:22:00] /m charmander
[14/06/2011 12:22:38] /n nurse
[14/06/2011 12:22:40] /r
[14/06/2011 12:22:42] /m charmander
[14/06/2011 12:22:52] /m charmander
[14/06/2011 12:23:06] /m charmander
[14/06/2011 15:45:27] /m charmander
[14/06/2011 15:46:31] /m charmander
[14/06/2011 15:46:59] /m charmander
[14/06/2011 15:47:08] /m charmander
[14/06/2011 15:47:32] /m charmander
[14/06/2011 15:47:44] /m charmander
[14/06/2011 15:47:56] /m charmander
[14/06/2011 15:51:57] /m charmander
[14/06/2011 15:52:05] /m charmander
[14/06/2011 15:52:37] /m charmander
[14/06/2011 15:52:59] /m charmander
[14/06/2011 15:53:11] /m charmander
[14/06/2011 15:55:22] /m charmander
[14/06/2011 15:59:28] /m charmander
[14/06/2011 16:00:23] /m charmander
[14/06/2011 16:01:01] /m charmander
[14/06/2011 16:04:34] /m charmander
[14/06/2011 16:04:39] /m charmander
[14/06/2011 16:05:11] /m charmander
[14/06/2011 16:06:25] /n nurse
[14/06/2011 16:06:27] /r
[14/06/2011 16:07:01] /m charmander
[14/06/2011 16:07:23] /save
[14/06/2011 16:39:48] /m charmander
[14/06/2011 16:41:19] /m charmander
[14/06/2011 16:41:20] /m charmander
[14/06/2011 16:41:20] /m charmander
[14/06/2011 16:41:21] /m charmander
[14/06/2011 16:41:24] /ghost
[14/06/2011 16:42:42] /m charmander
[14/06/2011 16:42:51] /m charmander
[14/06/2011 16:43:40] /m charmander
[14/06/2011 16:43:54] /ghost
[14/06/2011 16:44:21] /m charmander
[14/06/2011 16:45:33] /m charmander
[14/06/2011 16:46:27] /m charmander
[14/06/2011 16:48:57] /m charmander
[14/06/2011 16:50:00] /m charmander
[14/06/2011 16:50:17] /m charmander
[14/06/2011 16:50:37] /m charmander
[14/06/2011 16:50:57] /m charmander
[14/06/2011 17:02:54] /ghost
[14/06/2011 17:02:55] /ghost
[14/06/2011 17:02:57] /m charmander
[14/06/2011 17:03:02] /ghost
[14/06/2011 17:03:09] /ghost
[14/06/2011 17:03:19] /ghost
[14/06/2011 17:05:37] /r
[14/06/2011 17:05:39] /r
[14/06/2011 17:05:42] /ghost
[14/06/2011 17:07:03] /ghost
[14/06/2011 17:07:03] /ghost
[14/06/2011 17:08:54] /r
[14/06/2011 17:08:56] /ghost
[14/06/2011 17:08:57] /ghost
[14/06/2011 17:09:05] /ghost
[14/06/2011 17:09:13] /ghost
[14/06/2011 17:09:21] /ghost
[14/06/2011 17:09:32] /ghost
[14/06/2011 17:09:34] /ghost
[14/06/2011 17:09:51] /m charmander
[14/06/2011 17:09:52] /m charmander
[14/06/2011 17:09:52] /m charmander
[14/06/2011 17:09:53] /m charmander
[14/06/2011 17:09:53] /m charmander
[14/06/2011 17:09:53] /m charmander
[14/06/2011 17:09:54] /m charmander
[14/06/2011 17:09:54] /m charmander
[14/06/2011 17:09:54] /m charmander
[14/06/2011 17:09:55] /m charmander
[14/06/2011 17:09:55] /m charmander
[14/06/2011 17:09:56] /m charmander
[14/06/2011 17:09:56] /m charmander
[14/06/2011 17:09:56] /m charmander
[14/06/2011 17:09:58] /m charmander
[14/06/2011 17:09:59] /a 2
[14/06/2011 17:10:00] /m charmander
[14/06/2011 17:10:00] /m charmander
[14/06/2011 17:10:01] /m charmander
[14/06/2011 17:10:01] /m charmander
[14/06/2011 17:10:02] /m charmander
[14/06/2011 17:10:02] /m charmander
[14/06/2011 17:10:02] /m charmander
[14/06/2011 17:10:05] /ghost
[14/06/2011 17:11:26] /ghost
[14/06/2011 17:11:27] /ghost
[14/06/2011 17:14:46] /m charmander
[14/06/2011 17:14:46] /m charmander
[14/06/2011 17:14:47] /m charmander
[14/06/2011 17:14:47] /m charmander
[14/06/2011 17:14:47] /m charmander
[14/06/2011 17:14:48] /m charmander
[14/06/2011 17:14:48] /m charmander
[14/06/2011 17:14:48] /m charmander
[14/06/2011 17:14:49] /m charmander
[14/06/2011 17:14:49] /m charmander
[14/06/2011 17:15:01] /n nurse
[14/06/2011 17:15:03] /r
[14/06/2011 17:15:05] /n nurse
[14/06/2011 17:15:17] /a 2
[14/06/2011 17:16:26] /ghost
[14/06/2011 17:17:18] /ghost
[14/06/2011 17:17:20] /ghost
[14/06/2011 21:19:29] /m charmander
[14/06/2011 21:20:15] /m charmande
[14/06/2011 21:20:17] /m charmander
[14/06/2011 21:21:40] /n nurse
[14/06/2011 21:21:42] /r
[14/06/2011 21:21:49] /m charmander
[14/06/2011 21:22:36] /m charmander
[14/06/2011 21:25:08] /m charmander
[14/06/2011 21:25:42] /n nurse
[14/06/2011 21:25:43] /r
[14/06/2011 21:26:14] /m charmander
[14/06/2011 21:26:25] /m charmander
[14/06/2011 21:27:34] /m charmander
[14/06/2011 21:33:00] /m charmander
[14/06/2011 21:33:01] /n nurse
[14/06/2011 21:33:04] /r
[14/06/2011 21:35:06] /m charmander
[14/06/2011 21:42:34] /m charmander
[14/06/2011 21:43:42] /m charmander
[14/06/2011 21:47:57] /n nurse
[14/06/2011 21:47:59] /r
[14/06/2011 21:48:01] /m charmander
[14/06/2011 21:48:23] /r
[14/06/2011 21:48:25] /m charmander
[14/06/2011 21:50:44] /m charmander
[14/06/2011 21:50:45] /n nurse
[14/06/2011 21:50:48] /r
[14/06/2011 21:51:54] /n nurse
[14/06/2011 21:51:55] /r
[14/06/2011 21:52:43] /m charmander
[14/06/2011 21:53:48] /m charmander
[14/06/2011 21:54:05] /m charmander
[14/06/2011 21:54:41] /m charmander
[14/06/2011 21:54:51] /m charmander
[14/06/2011 21:58:30] /m charmander
[14/06/2011 21:58:43] /m charmander
[14/06/2011 23:48:28] /n brock
[14/06/2011 23:50:07] /r
[14/06/2011 23:50:09] /n brock
[14/06/2011 23:50:43] /r
[14/06/2011 23:50:45] /n brock
[14/06/2011 23:53:01] /r
[14/06/2011 23:53:03] /n brock
[14/06/2011 23:54:19] /r
[14/06/2011 23:54:21] /n brock
[14/06/2011 23:55:33] /r
[14/06/2011 23:55:34] /n brock
[14/06/2011 23:55:51] /storage aaaana, 23254, 100000000
[14/06/2011 23:58:19] /r
[14/06/2011 23:58:20] /n brock
[14/06/2011 23:59:10] /r
[14/06/2011 23:59:12] /n brock
[15/06/2011 00:00:40] /r
[15/06/2011 00:00:41] /n brock
[15/06/2011 00:01:26] /r
[15/06/2011 00:01:27] /n brock
[15/06/2011 00:01:57] /r
[15/06/2011 00:01:58] /n brock
[15/06/2011 00:02:24] /r
[15/06/2011 00:02:25] /n brock
[15/06/2011 00:03:52] /r
[15/06/2011 00:04:00] /n brock
[15/06/2011 00:04:23] /r
[15/06/2011 00:04:24] /n brock
[16/06/2011 12:21:25] /ghost
[16/06/2011 12:21:28] /m charmander
[16/06/2011 12:22:02] /r
[16/06/2011 12:22:04] /m charmander
[16/06/2011 12:25:08] /ghost
[16/06/2011 12:25:10] /m charmander
[16/06/2011 12:27:18] /ghost
[16/06/2011 12:27:19] /ghost
[16/06/2011 12:27:20] /m charmander
[16/06/2011 12:28:27] /n nurse
[16/06/2011 12:28:28] /r
[16/06/2011 12:29:15] /m charmander
[18/06/2011 20:41:29] /ghost
[18/06/2011 20:41:30] /ghost
[18/06/2011 20:41:31] /m charmander
[18/06/2011 21:37:45] /a 166
[18/06/2011 21:37:46] /a 12
[18/06/2011 21:37:48] /a 15
[18/06/2011 21:37:50] /a 22
[18/06/2011 21:37:51] /a 22
[18/06/2011 21:37:54] /a 22
[18/06/2011 21:37:55] /a 2
[18/06/2011 21:37:56] /a 2
[18/06/2011 21:37:56] /a 2
[18/06/2011 21:37:57] /a 2
[18/06/2011 21:37:57] /a 2
[18/06/2011 21:37:58] /a 2
[18/06/2011 21:37:58] /a 2
[18/06/2011 21:37:58] /a 2
[18/06/2011 21:37:59] /a 2
[18/06/2011 21:37:59] /a 2
[18/06/2011 21:38:01] /a 2
[18/06/2011 21:38:01] /a 2
[18/06/2011 21:38:02] /a 2
[18/06/2011 21:38:02] /a 2
[18/06/2011 21:38:03] /a 2
[18/06/2011 21:38:03] /a 2
[18/06/2011 21:38:03] /a 2
[18/06/2011 21:38:04] /a 2
[18/06/2011 21:38:05] /a 2
[18/06/2011 21:38:28] /a 2
[18/06/2011 21:38:28] /a 2
[18/06/2011 22:59:04] /i 1111
[18/06/2011 22:59:05] /r
[18/06/2011 22:59:07] /r
[18/06/2011 22:59:08] /a 1
[18/06/2011 22:59:11] /i 1111
[18/06/2011 22:59:13] /i 1111
[18/06/2011 22:59:16] /i 1111
[18/06/2011 22:59:19] /r
[18/06/2011 22:59:21] /i 1111
[18/06/2011 22:59:22] /r
[18/06/2011 22:59:23] /r
[18/06/2011 22:59:23] /r
[18/06/2011 22:59:25] /i 1111
[18/06/2011 22:59:26] /i 1111
[18/06/2011 22:59:30] /r
[18/06/2011 22:59:33] /r
[18/06/2011 22:59:34] /i 1111
[18/06/2011 22:59:37] /r
[18/06/2011 22:59:53] /r
[19/06/2011 18:24:41] /a 3
[19/06/2011 18:25:14] /s weedle
[19/06/2011 18:25:18] /r
[21/06/2011 18:58:45] /t
[21/06/2011 18:59:26] /n name
[21/06/2011 19:23:19] /m kingdra
[23/06/2011 13:36:56] /r
[23/06/2011 17:07:30] /s misdreavus
[23/06/2011 17:07:39] /s misdreavus
[23/06/2011 17:07:40] /s misdreavus
[23/06/2011 17:07:40] /s misdreavus
[23/06/2011 17:07:41] /s misdreavus
[23/06/2011 17:07:41] /s misdreavus
[23/06/2011 17:07:41] /s misdreavus
[23/06/2011 17:07:43] /s misdreavus
[23/06/2011 17:07:44] /s misdreavus
[23/06/2011 17:07:44] /s misdreavus
[23/06/2011 17:07:44] /s misdreavus
[23/06/2011 17:07:44] /s misdreavus
[23/06/2011 17:07:45] /s misdreavus
[23/06/2011 17:08:20] /r
[23/06/2011 17:08:23] /r
[23/06/2011 17:08:24] /r
[23/06/2011 17:08:25] /r
[23/06/2011 17:08:26] /r
[23/06/2011 17:08:27] /r
[23/06/2011 17:08:29] /r
[23/06/2011 17:08:30] /r
[23/06/2011 17:08:32] /r
[23/06/2011 17:08:33] /r
[23/06/2011 17:08:35] /r
[23/06/2011 17:08:36] /r
[23/06/2011 17:08:37] /r
[23/06/2011 17:08:38] /r
[23/06/2011 17:08:41] /r
[23/06/2011 17:08:42] /r
[23/06/2011 17:08:44] /r
[23/06/2011 17:08:47] /r
[23/06/2011 17:08:49] /r
[23/06/2011 17:08:52] /r
[23/06/2011 17:08:54] /r
[24/06/2011 11:48:50] /m charmander
[24/06/2011 11:49:23] /ghost
[24/06/2011 11:49:44] /ghost
[24/06/2011 11:52:42] /m charmander
[24/06/2011 11:52:51] /ghost
[24/06/2011 11:56:28] /m charmander
[24/06/2011 11:56:35] /ghost
[24/06/2011 11:56:36] /ghost
[24/06/2011 11:56:49] /ghost
[24/06/2011 11:56:51] /ghost
[24/06/2011 12:00:17] /ghost
[24/06/2011 12:00:18] /ghost
[24/06/2011 12:00:20] /m charmander
[24/06/2011 12:03:58] /m charmander
[24/06/2011 12:06:02] /m charmander
[24/06/2011 12:06:26] /ghost
[24/06/2011 12:06:52] /ghost
[24/06/2011 12:07:57] /ghost
[24/06/2011 12:07:58] /ghost
[24/06/2011 12:10:21] /ghost
[24/06/2011 12:10:35] /ghost
[24/06/2011 12:14:39] /m charmande
[24/06/2011 12:14:41] /m charmander
[24/06/2011 12:16:25] /m charmander
[24/06/2011 12:16:35] /ghost
[24/06/2011 12:16:46] /ghost
[24/06/2011 12:20:51] /m charmander
[24/06/2011 12:20:59] /ghost
[24/06/2011 12:21:17] /ghost
[24/06/2011 12:21:32] /ghost
[24/06/2011 12:21:47] /ghost
[24/06/2011 12:21:52] /ghost
[24/06/2011 12:23:35] /m charmander
[24/06/2011 12:23:47] /ghost
[24/06/2011 12:23:55] /ghost
[24/06/2011 12:23:59] /ghost
[24/06/2011 12:24:06] /ghost
[24/06/2011 12:24:09] /ghost
[24/06/2011 12:24:27] /ghost
[24/06/2011 12:24:36] /ghost
[24/06/2011 12:24:38] /ghost
[24/06/2011 12:24:44] /r
[24/06/2011 12:24:46] /m charmander
[24/06/2011 12:24:46] /m charmander
[24/06/2011 12:24:46] /m charmander
[24/06/2011 12:25:02] /ghost
[24/06/2011 12:25:11] /ghost
[24/06/2011 15:05:01] /addskill Aaaana, level, 1
[24/06/2011 15:05:03] /addskill Aaaana, level, 1
[24/06/2011 15:05:04] /addskill Aaaana, level, 1
[24/06/2011 15:05:05] /addskill Aaaana, level, 1
[24/06/2011 15:05:07] /addskill Aaaana, level, 1
[24/06/2011 15:05:43] /addskill Aaaana, level, 1
[24/06/2011 15:05:45] /addskill Aaaana, level, 1
[24/06/2011 15:05:46] /addskill Aaaana, level, 1
[24/06/2011 15:05:47] /addskill Aaaana, level, 1
[24/06/2011 15:05:48] /addskill Aaaana, level, 1
[24/06/2011 15:05:50] /addskill Aaaana, level, 1
[24/06/2011 15:06:25] /addskill Aaaana, level, 1
[24/06/2011 19:37:20] /t
[24/06/2011 19:38:38] /addskill Aaaana, level, 1
[24/06/2011 19:38:39] /addskill Aaaana, level, 1
[24/06/2011 19:38:40] /addskill Aaaana, level, 1
[24/06/2011 19:38:53] /i soothe bell
[24/06/2011 19:38:58] /i dragon scale
[24/06/2011 21:10:34] /n brock
[24/06/2011 21:12:31] /n brock
[24/06/2011 21:12:50] /r
[24/06/2011 21:12:56] /r
[30/06/2011 13:33:13] /addskill Aaaana, level, 1
[30/06/2011 13:33:23] /addskill Aaaana, level, 1
[30/06/2011 13:33:32] /addskill Aaaana, level, 1
[30/06/2011 13:33:47] /addskill Aaaana, level, 1
[30/06/2011 13:33:58] /addskill Aaaana, level, 1
[30/06/2011 13:34:00] /addskill Aaaana, level, 1
[05/07/2011 00:44:06] /m charmander
[05/07/2011 00:44:15] /m charmander
[05/07/2011 00:44:32] /m charmander
[05/07/2011 00:46:38] /m charmander
[05/07/2011 00:46:48] /m charmander
[05/07/2011 00:46:53] /m charmander
[05/07/2011 00:48:37] /m charmander
[05/07/2011 00:48:38] /m charmander
[05/07/2011 00:48:39] /m charmander
[05/07/2011 00:50:34] /m charmander
[05/07/2011 00:50:35] /m charmander
[05/07/2011 00:50:36] /m charmander
[05/07/2011 00:50:47] /m charmander
[05/07/2011 00:51:01] /r
[05/07/2011 00:51:07] /m charmander
[05/07/2011 00:53:48] /m charmander
[05/07/2011 00:53:51] /m charmander
[05/07/2011 14:59:46] /m charmander
[05/07/2011 15:00:05] /r
[05/07/2011 15:01:15] /m charmander
[05/07/2011 15:01:35] /r
[05/07/2011 15:02:29] /r
[05/07/2011 15:03:05] /m charmander
[05/07/2011 15:03:25] /r
[05/07/2011 15:04:25] /m charmander
[05/07/2011 15:06:48] /m charmander
[05/07/2011 15:07:20] /r
[05/07/2011 15:09:18] /m charmander
[05/07/2011 15:09:27] /r
[05/07/2011 15:12:43] /m charmander
[05/07/2011 15:13:06] /m charmander
[05/07/2011 15:13:15] /m charmander
[05/07/2011 15:13:24] /r
[05/07/2011 15:17:53] /m charmander
[05/07/2011 15:18:17] /r
[05/07/2011 15:20:38] /m charmander
[05/07/2011 15:20:55] /m charmander
[05/07/2011 15:22:06] /m charmander
[05/07/2011 15:26:30] /m charmander
[05/07/2011 15:26:52] /r
[05/07/2011 15:28:21] /m charmander
[05/07/2011 15:28:31] /r
[05/07/2011 15:29:31] /m charmander
[05/07/2011 15:29:55] /r
[05/07/2011 15:31:06] /m charmander
[05/07/2011 15:31:35] /r
[05/07/2011 15:37:52] /m charmander
[05/07/2011 15:40:49] /m charmander
[05/07/2011 15:40:59] /r
[05/07/2011 15:42:17] /m charmander
[05/07/2011 15:42:44] /r
[05/07/2011 15:44:03] /m charmander
[05/07/2011 15:44:35] /m charmander
[05/07/2011 20:26:43] /m charmander
[05/07/2011 20:34:38] /m charmander
[05/07/2011 20:36:41] /m charmander
[05/07/2011 20:40:25] /m charmander
[05/07/2011 20:41:29] /m charmander
[05/07/2011 20:41:38] /r
[05/07/2011 20:43:22] /m charmander
[05/07/2011 20:43:27] /r
[05/07/2011 20:46:06] /m charmander
[05/07/2011 20:46:09] /r
[05/07/2011 20:48:40] /m charmander
[05/07/2011 20:48:47] /r
[05/07/2011 20:48:51] /m charmander
[05/07/2011 20:48:58] /r
[05/07/2011 20:51:30] /m charmander
[05/07/2011 20:52:24] /r
[05/07/2011 20:59:25] /m charmander
[05/07/2011 21:07:58] /m charmander
[05/07/2011 21:08:06] /r
[05/07/2011 21:12:16] /m charmander
[05/07/2011 21:19:35] /m charmander
[05/07/2011 21:19:40] /n nurse
[05/07/2011 21:19:42] /r
[05/07/2011 21:20:06] /r
[05/07/2011 21:21:05] /m charmander
[05/07/2011 21:22:38] /m charmander
[05/07/2011 21:22:45] /r
[05/07/2011 21:23:58] /m charmander
[05/07/2011 21:27:21] /m charmander
[05/07/2011 21:27:34] /r
[06/07/2011 20:00:34] /m charmander
[06/07/2011 20:02:37] /m charmander
[06/07/2011 20:02:45] /r
[06/07/2011 20:04:03] /m charmander
[06/07/2011 20:06:06] /m charmander
[06/07/2011 20:06:15] /n nurse
[06/07/2011 20:06:17] /r
[06/07/2011 20:07:43] /m charmander
[06/07/2011 20:08:00] /r
[06/07/2011 20:10:04] /m charmander
[06/07/2011 20:10:17] /n nurse
[06/07/2011 20:10:19] /r
[06/07/2011 20:11:18] /m charmander
[06/07/2011 20:13:01] /m charmander
[06/07/2011 20:13:55] /m charmander
[06/07/2011 20:14:16] /m charmander
[06/07/2011 20:18:38] /m charmander
[06/07/2011 20:18:48] /n nurse
[06/07/2011 20:18:50] /r
[06/07/2011 20:19:05] /r
[06/07/2011 20:21:44] /m charmander
[06/07/2011 20:21:48] /r
[06/07/2011 21:01:08] /m charmander
[06/07/2011 21:01:23] /r
[06/07/2011 21:01:52] /m charmander
[06/07/2011 21:04:20] /m charmander
[06/07/2011 21:04:44] /r
[06/07/2011 21:06:23] /n nurse
[06/07/2011 21:06:26] /r
[06/07/2011 21:06:28] /n charmander
[06/07/2011 21:06:31] /m charmander
[06/07/2011 23:45:11] /pos
[06/07/2011 23:45:50] /pos
[07/07/2011 12:15:25] /n defeated charmander
[07/07/2011 12:15:30] /i fainted charmander
[07/07/2011 12:16:25] /i fainted charmander
[07/07/2011 12:17:16] /i fainted charmander
[07/07/2011 12:20:17] /i fainted charmander
[07/07/2011 12:21:10] /i fainted charmander
[07/07/2011 12:23:14] /i fainted charmander
[07/07/2011 12:23:46] /m charmander
[07/07/2011 12:24:55] /n nurse
[07/07/2011 12:24:57] /r
[07/07/2011 12:25:26] /m charmander
[07/07/2011 12:25:57] /m charmander
[07/07/2011 12:25:58] /m charmander
[07/07/2011 12:26:03] /m charmander
[07/07/2011 12:26:46] /i fainted magikarp
[07/07/2011 12:27:03] /i fainted abra
[07/07/2011 12:27:07] /i fainted kadabra
[07/07/2011 12:27:15] /i fainted kadabra
[07/07/2011 12:27:16] /i fainted abra
[07/07/2011 12:29:56] /i fainted abra
[07/07/2011 12:35:06] /i fainted abra
[07/07/2011 12:37:16] /i fainted abra
[07/07/2011 12:37:24] /r
[07/07/2011 12:37:26] /m charmander
[07/07/2011 12:55:33] /m charmander
[07/07/2011 13:10:18] /m charmander
[07/07/2011 13:15:38] /m charmander
[07/07/2011 13:16:05] /m charmander
[07/07/2011 13:16:06] /m charmander
[07/07/2011 13:16:07] /m charmander
[07/07/2011 13:16:08] /m charmander
[07/07/2011 13:16:09] /m charmander
[07/07/2011 13:16:50] /m charmander
[07/07/2011 13:17:16] /m charmander
[07/07/2011 13:17:16] /m charmander
[07/07/2011 13:17:16] /m charmander
[07/07/2011 13:17:17] /m charmander
[07/07/2011 13:17:17] /m charmander
[07/07/2011 13:17:18] /m charmander
[07/07/2011 13:17:24] /m charmander
[07/07/2011 13:17:28] /m charmander
[07/07/2011 13:17:29] /m charmander
[07/07/2011 13:17:29] /m charmander
[07/07/2011 13:17:29] /m charmander
[07/07/2011 13:17:30] /m charmander
[07/07/2011 13:17:30] /m charmander
[07/07/2011 13:17:30] /m charmander
[07/07/2011 13:17:31] /m charmander
[07/07/2011 13:17:31] /m charmander
[07/07/2011 13:17:31] /m charmander
[07/07/2011 13:17:32] /m charmander
[07/07/2011 13:17:32] /m charmander
[07/07/2011 13:17:56] /m charmander
[07/07/2011 13:18:17] /m charmander
[07/07/2011 13:18:18] /m charmander
[07/07/2011 13:18:19] /m charmander
[07/07/2011 13:18:19] /m charmander
[07/07/2011 13:18:20] /m charmander
[07/07/2011 13:18:20] /m charmander
[07/07/2011 13:18:20] /m charmander
[07/07/2011 13:18:21] /m charmander
[07/07/2011 13:18:21] /m charmander
[07/07/2011 13:18:21] /m charmander
[07/07/2011 13:18:22] /m charmander
[07/07/2011 13:18:22] /m charmander
[07/07/2011 13:18:22] /m charmander
[07/07/2011 13:18:23] /m charmander
[07/07/2011 13:18:23] /m charmander
[07/07/2011 13:18:36] /m charmander
[07/07/2011 13:20:06] /m charmander
[07/07/2011 13:20:07] /m charmander
[07/07/2011 13:20:07] /m charmander
[07/07/2011 13:20:08] /m charmander
[07/07/2011 13:20:08] /m charmander
[07/07/2011 13:20:08] /m charmander
[07/07/2011 13:20:09] /m charmander
[07/07/2011 13:20:09] /m charmander
[07/07/2011 13:20:09] /m charmander
[07/07/2011 13:20:10] /m charmander
[07/07/2011 13:20:10] /m charmander
[07/07/2011 13:20:10] /m charmander
[07/07/2011 13:20:11] /m charmander
[07/07/2011 13:20:20] /m charmander
[07/07/2011 13:20:20] /m charmander
[07/07/2011 13:20:20] /m charmander
[07/07/2011 13:20:21] /m charmander
[07/07/2011 13:20:21] /m charmander
[07/07/2011 13:20:21] /m charmander
[07/07/2011 13:20:22] /m charmander
[07/07/2011 13:20:22] /m charmander
[07/07/2011 13:20:22] /m charmander
[07/07/2011 13:20:23] /m charmander
[07/07/2011 13:20:23] /m charmander
[07/07/2011 13:20:24] /m charmander
[07/07/2011 13:20:24] /m charmander
[07/07/2011 13:20:24] /m charmander
[07/07/2011 13:20:48] /m charmander
[07/07/2011 13:21:18] /m charmander
[07/07/2011 13:21:23] /m charmander
[07/07/2011 13:21:26] /m charmander
[07/07/2011 13:21:27] /m charmander
[07/07/2011 13:21:30] /m charmander
[07/07/2011 13:21:31] /m charmander
[07/07/2011 13:21:58] /m charmander
[07/07/2011 13:22:25] /m charmander
[07/07/2011 13:22:33] /m charmander
[07/07/2011 13:22:38] /m charmander
[08/07/2011 14:38:19] /s charmander
[08/07/2011 14:44:49] /s charmander
[08/07/2011 17:26:11] /ghost
[08/07/2011 17:26:12] /ghost
[08/07/2011 17:26:35] /m charmander
[08/07/2011 17:26:36] /m charmander
[08/07/2011 17:26:37] /m charmander
[08/07/2011 17:26:37] /m charmander
[08/07/2011 17:26:37] /m charmander
[08/07/2011 17:26:38] /m charmander
[08/07/2011 17:26:38] /m charmander
[08/07/2011 17:26:38] /m charmander
[08/07/2011 17:26:39] /m charmander
[08/07/2011 17:26:39] /m charmander
[08/07/2011 17:31:00] /m charmander
[08/07/2011 17:31:00] /m charmander
[08/07/2011 17:31:00] /m charmander
[08/07/2011 17:31:01] /m charmander
[08/07/2011 17:31:01] /m charmander
[08/07/2011 17:31:01] /m charmander
[08/07/2011 17:31:01] /m charmander
[08/07/2011 17:31:02] /m charmander
[08/07/2011 17:31:02] /m charmander
[08/07/2011 17:31:02] /m charmander
[08/07/2011 17:31:02] /m charmander
[08/07/2011 17:47:31] /m charmander
[08/07/2011 17:47:32] /m charmander
[08/07/2011 17:47:32] /m charmander
[08/07/2011 17:47:32] /m charmander
[08/07/2011 17:47:36] /a 2
[08/07/2011 17:47:36] /m charmander
[08/07/2011 17:47:37] /m charmander
[08/07/2011 17:47:37] /m charmander
[08/07/2011 17:47:37] /m charmander
[08/07/2011 17:47:38] /m charmander
[08/07/2011 17:47:38] /m charmander
[08/07/2011 17:47:38] /m charmander
[08/07/2011 17:47:38] /m charmander
[08/07/2011 17:47:39] /m charmander
[08/07/2011 17:47:39] /m charmander
[08/07/2011 17:47:39] /m charmander
[08/07/2011 17:47:40] /r
[08/07/2011 17:47:41] /r
[08/07/2011 17:47:42] /m charmander
[08/07/2011 17:47:42] /m charmander
[08/07/2011 17:47:59] /s nidoran male
[08/07/2011 17:48:11] /s nidoran female
[08/07/2011 18:13:37] /m charmander
[08/07/2011 18:13:37] /m charmander
[08/07/2011 18:13:38] /m charmander
[08/07/2011 18:13:38] /m charmander
[08/07/2011 18:13:38] /m charmander
[08/07/2011 18:13:39] /m charmander
[08/07/2011 18:13:39] /m charmander
[08/07/2011 18:13:39] /m charmander
[08/07/2011 18:13:40] /m charmander
[08/07/2011 18:13:40] /m charmander
[08/07/2011 18:13:41] /m charmander
[08/07/2011 18:13:41] /m charmander
[08/07/2011 18:50:47] /t
[08/07/2011 21:03:24] /t
[08/07/2011 21:03:26] /a 3
[08/07/2011 21:03:29] /m charmander
[08/07/2011 21:03:30] /m charmander
[08/07/2011 21:03:30] /m charmander
[08/07/2011 21:03:31] /m charmander
[08/07/2011 21:03:31] /m charmander
[08/07/2011 21:03:32] /m charmander
[08/07/2011 21:03:32] /m charmander
[08/07/2011 21:03:33] /m charmander
[08/07/2011 21:03:34] /m charmander
[08/07/2011 21:03:34] /m charmander
[08/07/2011 21:03:35] /m charmander
[08/07/2011 21:03:36] /m charmander
[08/07/2011 21:03:36] /m charmander
[08/07/2011 21:03:37] /m charmander
[08/07/2011 21:03:38] /m charmander
[08/07/2011 21:03:38] /m charmander
[08/07/2011 21:03:39] /m charmander
[08/07/2011 21:03:40] /m charmander
[08/07/2011 21:03:41] /m charmander
[08/07/2011 21:03:41] /m charmander
[08/07/2011 21:03:42] /m charmander
[08/07/2011 21:03:44] /a 3
[08/07/2011 21:03:45] /m charmander
[08/07/2011 21:03:46] /m charmander
[08/07/2011 21:03:46] /m charmander
[08/07/2011 21:03:47] /m charmander
[08/07/2011 21:03:47] /m charmander
[08/07/2011 21:03:48] /m charmander
[08/07/2011 21:03:48] /m charmander
[08/07/2011 21:03:49] /m charmander
[08/07/2011 21:03:49] /m charmander
[08/07/2011 21:03:51] /r
[08/07/2011 21:03:52] /m charmander
[08/07/2011 21:03:52] /m charmander
[08/07/2011 21:03:53] /m charmander
[08/07/2011 21:03:53] /m charmander
[08/07/2011 21:03:54] /m charmander
[08/07/2011 21:03:55] /m charmander
[08/07/2011 21:03:56] /a 4
[08/07/2011 21:03:57] /m charmander
[08/07/2011 21:03:57] /m charmander
[08/07/2011 21:03:58] /m charmander
[08/07/2011 21:03:58] /m charmander
[08/07/2011 21:03:59] /m charmander
[08/07/2011 21:03:59] /m charmander
[08/07/2011 21:04:00] /m charmander
[08/07/2011 21:04:00] /m charmander
[08/07/2011 21:04:01] /m charmander
[08/07/2011 21:04:01] /m charmander
[08/07/2011 21:04:02] /m charmander
[08/07/2011 21:04:02] /m charmander
[08/07/2011 21:04:03] /m charmander
[08/07/2011 21:04:04] /m charmander
[08/07/2011 21:04:05] /m charmander
[08/07/2011 21:04:05] /m charmander
[08/07/2011 21:04:06] /m charmander
[08/07/2011 21:04:06] /m charmander
[08/07/2011 21:04:07] /m charmander
[08/07/2011 21:04:09] /a 5
[08/07/2011 21:16:31] /a 3
[08/07/2011 21:16:37] /m charmander
[08/07/2011 21:16:38] /m charmander
[08/07/2011 21:16:59] /r
[08/07/2011 21:17:00] /r
[08/07/2011 21:17:04] /n nurse
[08/07/2011 21:17:07] /r
[08/07/2011 21:59:34] /a 2
[08/07/2011 21:59:41] /r
[08/07/2011 21:59:43] /r
[08/07/2011 21:59:45] /i 4820
[08/07/2011 23:39:27] /n quizmaster
[08/07/2011 23:40:32] /a 4
[08/07/2011 23:40:35] /n quizmaster
[08/07/2011 23:41:38] /a 4
[08/07/2011 23:41:39] /a 3
[08/07/2011 23:41:42] /n quizmaster
[08/07/2011 23:42:20] /a 6
[08/07/2011 23:42:23] /n quizmaster
[08/07/2011 23:42:25] /r
[08/07/2011 23:42:26] /n quizmaster
[08/07/2011 23:42:34] /a 2
[08/07/2011 23:42:45] /a 3
[08/07/2011 23:45:25] /a 4
[08/07/2011 23:45:29] /n quizmaster
[08/07/2011 23:47:07] /a 5
[08/07/2011 23:47:13] /n quizmaster
[08/07/2011 23:47:18] /a 2
[08/07/2011 23:49:37] /n quizmaster
[08/07/2011 23:49:39] /a 2
[08/07/2011 23:51:40] /n quizmaster
[08/07/2011 23:53:43] /r
[08/07/2011 23:53:46] /r
[08/07/2011 23:53:51] /n quizmaster
[08/07/2011 23:53:53] /a 5
[08/07/2011 23:53:55] /a 2
[08/07/2011 23:58:31] /a 2
[08/07/2011 23:58:31] /a 2
[08/07/2011 23:58:32] /pos
[08/07/2011 23:58:34] /pos
[08/07/2011 23:58:35] /a 1
[08/07/2011 23:58:37] /pos
[08/07/2011 23:58:40] /a 1
[08/07/2011 23:58:41] /pos
[08/07/2011 23:58:44] /a 1
[08/07/2011 23:58:45] /pos
[08/07/2011 23:59:10] /m auhsua
[08/07/2011 23:59:17] /m auhsua
[09/07/2011 00:32:15] /a 2
[09/07/2011 00:32:16] /a 2
[09/07/2011 00:32:23] /n quizmaster
[09/07/2011 00:32:25] /r
[09/07/2011 00:32:26] /r
[09/07/2011 00:32:28] /n quizmaster
[09/07/2011 00:32:33] /a 2
[09/07/2011 00:33:35] /a 4
[09/07/2011 00:33:35] /a 4
[09/07/2011 00:33:36] /r
[09/07/2011 00:33:41] /n quizmaster
[09/07/2011 00:33:42] /a 3
[09/07/2011 00:33:43] /a 3
[09/07/2011 00:33:44] /a 2
[09/07/2011 00:35:51] /a 5
[09/07/2011 00:35:52] /a 5
[09/07/2011 00:35:54] /r
[09/07/2011 00:35:55] /r
[09/07/2011 00:35:57] /r
[09/07/2011 00:35:59] /n quizmaster
[09/07/2011 00:36:02] /a 1
[09/07/2011 00:37:48] /a 2
[09/07/2011 00:37:49] /a 2
[09/07/2011 00:37:50] /a 2
[09/07/2011 00:37:52] /r
[09/07/2011 00:37:53] /r
[09/07/2011 00:37:54] /r
[09/07/2011 00:37:57] /n quizmaster
[09/07/2011 00:37:59] /r
[09/07/2011 00:38:00] /n quizmaster
[09/07/2011 00:38:04] /a 2
[09/07/2011 00:42:16] /a 
[09/07/2011 00:42:18] /a 
[09/07/2011 00:42:18] /a 
[09/07/2011 00:42:19] /r
[09/07/2011 00:42:25] /n quizmaster
[09/07/2011 00:42:27] /r
[09/07/2011 00:42:29] /a 1
[09/07/2011 00:42:32] /n quizmaster
[09/07/2011 00:42:34] /r
[09/07/2011 00:42:34] /r
[09/07/2011 00:42:37] /a 1
[09/07/2011 00:42:38] /r
[09/07/2011 00:42:41] /a 1
[09/07/2011 00:42:43] /n quizmaster
[09/07/2011 00:42:44] /r
[09/07/2011 00:42:47] /r
[09/07/2011 00:42:51] /n quizmaster
[09/07/2011 00:42:52] /a 3
[09/07/2011 00:42:56] /a 1
[09/07/2011 00:42:58] /a 2
[09/07/2011 00:44:27] /a 3
[09/07/2011 00:44:29] /r
[09/07/2011 00:44:30] /n quizmaster
[09/07/2011 00:44:32] /a 4
[09/07/2011 00:44:40] /r
[09/07/2011 00:44:42] /n quizmaster
[09/07/2011 00:44:45] /r
[09/07/2011 00:44:46] /r
[09/07/2011 00:44:47] /r
[09/07/2011 00:44:48] /n quizmaster
[09/07/2011 00:44:52] /a 1
[09/07/2011 00:44:54] /a 2
[09/07/2011 00:46:55] /a 3
[09/07/2011 00:46:56] /r
[09/07/2011 00:47:02] /n quizmaster
[09/07/2011 00:47:15] /a 4
[09/07/2011 00:47:17] /a 1
[09/07/2011 00:48:52] /a 2
[09/07/2011 00:48:53] /a 1
[09/07/2011 00:48:55] /r
[09/07/2011 00:48:58] /n quizmaster
[09/07/2011 00:49:07] /r
[09/07/2011 00:49:09] /r
[09/07/2011 00:49:10] /r
[09/07/2011 00:49:12] /r
[09/07/2011 00:49:18] /n quizmaster
[09/07/2011 00:49:22] /a 3
[09/07/2011 00:50:40] /r
[09/07/2011 00:50:41] /r
[09/07/2011 00:50:43] /r
[09/07/2011 00:50:44] /n quizmaster
[09/07/2011 00:50:45] /n quizmaster
[09/07/2011 00:50:46] /n quizmaster
[09/07/2011 00:50:46] /n quizmaster
[09/07/2011 00:50:47] /n quizmaster
[09/07/2011 00:50:48] /r
[09/07/2011 00:50:50] /r
[09/07/2011 00:50:50] /r
[09/07/2011 00:50:52] /r
[09/07/2011 00:50:55] /a 3
[09/07/2011 00:53:10] /a 5
[09/07/2011 00:54:32] /a 5
[09/07/2011 01:00:29] /a 3
[09/07/2011 01:00:37] /a 13
[09/07/2011 01:00:40] /a 2
[09/07/2011 01:00:41] /a 2
[09/07/2011 01:00:41] /a 2
[09/07/2011 01:00:43] /a 2
[09/07/2011 01:00:46] /a 1
[09/07/2011 01:00:49] /a 1
[09/07/2011 01:00:51] /a 2
[09/07/2011 01:00:55] /a 1
[09/07/2011 01:01:12] /m quiz of death 1
[09/07/2011 01:01:15] /m quiz of death 1
[09/07/2011 01:01:16] /m quiz of death 1
[09/07/2011 01:01:19] /m quiz of death 1
[09/07/2011 01:01:20] /m quiz of death 1
[09/07/2011 01:01:20] /m quiz of death 1
[09/07/2011 01:01:21] /m quiz of death 1
[09/07/2011 01:01:22] /r
[09/07/2011 01:02:23] /a 1
[09/07/2011 01:02:26] /r
[09/07/2011 01:02:27] /r
[09/07/2011 01:02:28] /r
[09/07/2011 01:02:28] /r
[09/07/2011 01:43:47] /a 2
[09/07/2011 01:43:48] /a 2
[09/07/2011 01:43:48] /a 2
[09/07/2011 01:43:49] /a 2
[09/07/2011 01:43:49] /a 2
[09/07/2011 01:43:51] /a 2
[09/07/2011 01:43:53] /a 1
[09/07/2011 01:43:54] /a 2
[09/07/2011 01:43:55] /a 2
[09/07/2011 01:43:55] /a 2
[09/07/2011 01:43:56] /a 2
[09/07/2011 01:43:56] /a 2
[09/07/2011 01:43:57] /a 2
[09/07/2011 01:43:57] /a 2
[09/07/2011 01:43:57] /a 2
[09/07/2011 01:43:58] /a 2
[09/07/2011 01:43:59] /a 2
[09/07/2011 01:44:05] /a 2
[09/07/2011 01:44:08] /a 1
[09/07/2011 01:44:11] /a 2
[09/07/2011 02:04:25] /a 1
[09/07/2011 02:04:27] /a 1
[09/07/2011 02:14:22] /r
[09/07/2011 02:14:23] /r
[09/07/2011 02:25:22] /a 1
[09/07/2011 02:25:23] /a 1
[10/07/2011 16:30:30] /t
[10/07/2011 16:32:52] /t
[10/07/2011 16:33:35] /t
[10/07/2011 16:33:58] /t
[10/07/2011 16:36:36] /t
[10/07/2011 16:38:59] /a 1
[10/07/2011 16:46:23] /m articuno
[10/07/2011 16:52:03] /i 4820
[10/07/2011 16:52:05] /a 2
[10/07/2011 17:11:54] /t
[10/07/2011 23:44:41] /t
[13/07/2011 00:07:06] /m slowking
[13/07/2011 00:07:25] /m slowking
[13/07/2011 01:31:39] /i fainted slowking
[13/07/2011 01:31:40] /i fainted slowking
[13/07/2011 01:31:48] /i fainted slowking
[13/07/2011 01:31:49] /i fainted slowking
[13/07/2011 01:31:55] /i fainted smeargle
[13/07/2011 01:31:56] /i fainted smeargle
[13/07/2011 01:31:57] /i fainted smeargle
[13/07/2011 01:31:58] /i fainted smeargle
[13/07/2011 01:31:59] /i fainted smeargle
[13/07/2011 01:32:01] /i fainted smeargle
[13/07/2011 01:32:02] /i fainted smeargle
[13/07/2011 01:32:13] /i fainted slugma
[13/07/2011 01:32:14] /i fainted slugma
[13/07/2011 01:32:14] /i fainted slugma
[15/07/2011 13:18:13] /i framework wall
[15/07/2011 13:18:14] /i framework wall
[15/07/2011 13:18:14] /i framework wall
[15/07/2011 13:18:15] /i framework wall
[15/07/2011 13:18:16] /i framework wall
[15/07/2011 13:18:17] /i framework wall
[15/07/2011 13:18:22] /r
[15/07/2011 13:18:27] /r
[15/07/2011 13:18:50] /m charmander s
[15/07/2011 13:18:52] /m charmander
[15/07/2011 13:19:08] /r
[15/07/2011 15:25:29] /s charmander
[15/07/2011 15:26:14] /r
[15/07/2011 15:26:16] /r
[15/07/2011 15:26:19] /m charmander
[15/07/2011 15:26:52] /r
[15/07/2011 15:28:09] /m charmander
[15/07/2011 15:28:19] /r
[15/07/2011 15:28:57] /m charmander
[15/07/2011 15:29:18] /r
[15/07/2011 15:30:51] /m charmander
[15/07/2011 15:31:07] /r
[15/07/2011 15:40:39] /m charmander
[15/07/2011 15:40:55] /r
[15/07/2011 15:45:54] /m charmander
[15/07/2011 15:46:07] /r
[16/07/2011 19:47:34] /m charmander s
[16/07/2011 19:47:36] /m charmander
[16/07/2011 19:48:51] /m charmander
[16/07/2011 23:48:55] /t
[16/07/2011 23:48:57] /r
[16/07/2011 23:48:57] /r
[16/07/2011 23:48:58] /r
[16/07/2011 23:48:59] /r
[16/07/2011 23:49:00] /r
[16/07/2011 23:49:00] /r
[16/07/2011 23:49:02] /r
[16/07/2011 23:49:03] /r
[16/07/2011 23:49:05] /r
[16/07/2011 23:49:06] /r
[16/07/2011 23:49:07] /r
[16/07/2011 23:49:09] /r
[16/07/2011 23:49:10] /a 2
[16/07/2011 23:49:11] /a 2
[16/07/2011 23:49:12] /a 2
[16/07/2011 23:49:13] /r
[16/07/2011 23:49:14] /r
[16/07/2011 23:49:15] /r
[16/07/2011 23:49:16] /r
[16/07/2011 23:49:16] /r
[16/07/2011 23:49:18] /r
[16/07/2011 23:49:19] /r
[16/07/2011 23:49:21] /a 4
[16/07/2011 23:49:22] /a 4
[16/07/2011 23:49:24] /r
[16/07/2011 23:49:26] /a 4
[16/07/2011 23:49:28] /r
[16/07/2011 23:49:29] /a 2
[16/07/2011 23:49:29] /a 2
[16/07/2011 23:49:29] /a 2
[16/07/2011 23:49:30] /a 2
[16/07/2011 23:49:30] /a 2
[16/07/2011 23:49:30] /a 2
[16/07/2011 23:49:31] /a 2
[16/07/2011 23:49:31] /a 2
[16/07/2011 23:49:32] /a 2
[16/07/2011 23:50:23] /a 2
[16/07/2011 23:50:30] /t
[16/07/2011 23:54:12] /s starmie
[16/07/2011 23:54:51] /pos
[16/07/2011 23:54:51] /pos
[16/07/2011 23:55:24] /r
[16/07/2011 23:55:27] /s starmie
[16/07/2011 23:55:35] /a 1
[16/07/2011 23:55:35] /a 1
[16/07/2011 23:55:35] /a 1
[16/07/2011 23:55:35] /a 1
[16/07/2011 23:55:36] /a 1
[16/07/2011 23:55:36] /a 1
[16/07/2011 23:55:36] /a 1
[16/07/2011 23:55:37] /a 1
[16/07/2011 23:55:37] /a 1
[16/07/2011 23:55:37] /a 1
[16/07/2011 23:55:38] /a 1
[16/07/2011 23:55:38] /a 1
[16/07/2011 23:56:04] /r
[16/07/2011 23:56:07] /a 2
[16/07/2011 23:56:08] /a 2
[16/07/2011 23:56:08] /a 2
[16/07/2011 23:56:09] /a 2
[16/07/2011 23:56:10] /a 2
[16/07/2011 23:56:10] /a 2
[16/07/2011 23:56:11] /a 2
[16/07/2011 23:56:12] /a 2
[16/07/2011 23:56:14] /a 2
[16/07/2011 23:56:15] /a 2
[16/07/2011 23:56:16] /a 2
[18/07/2011 18:03:59] /save
[18/07/2011 18:17:06] /i tree
[18/07/2011 18:17:07] /i tree
[18/07/2011 18:17:08] /i tree
[18/07/2011 18:17:11] /i tree
[18/07/2011 18:17:12] /i tree
[18/07/2011 18:17:17] /i tree
[18/07/2011 18:17:22] /m charmander
[18/07/2011 18:17:26] /s lapras
[18/07/2011 18:17:29] /s lapras
[18/07/2011 18:17:37] /r
[18/07/2011 18:18:57] /a 2
[18/07/2011 18:18:57] /a 2
[18/07/2011 18:18:59] /a 2
[18/07/2011 18:19:01] /a 2
[18/07/2011 18:19:03] /i tree
[18/07/2011 18:19:04] /i tree
[18/07/2011 18:19:04] /i tree
[18/07/2011 18:19:06] /i tree
[18/07/2011 18:19:07] /i tree
[18/07/2011 18:19:12] /m charmander
[18/07/2011 18:19:40] /m charmander
[19/07/2011 17:57:49] /n nurse
[19/07/2011 17:57:51] /r
[19/07/2011 17:58:45] /n nurse
[19/07/2011 17:59:29] /r
[19/07/2011 17:59:30] /n nurse
[19/07/2011 18:00:03] /r
[19/07/2011 18:00:04] /n nurse
[19/07/2011 18:00:26] /r
[19/07/2011 18:00:30] /n nurse
[19/07/2011 18:01:51] /r
[19/07/2011 18:01:53] /n nurse
[19/07/2011 21:01:16] /m charmander
[19/07/2011 21:01:23] /r
[19/07/2011 21:01:48] /m charmander
[19/07/2011 21:02:39] /m charmander
[19/07/2011 21:04:33] /m charmander
[19/07/2011 21:05:52] /m charmander
[19/07/2011 21:06:38] /m charmander
[19/07/2011 22:04:38] /t
[19/07/2011 22:17:12] /a 4
[19/07/2011 22:17:13] /a 4
[19/07/2011 22:17:13] /a 4
[19/07/2011 22:17:14] /a 4
[19/07/2011 22:19:18] /m charmander
[19/07/2011 22:19:51] /r
[19/07/2011 22:22:27] /m charmander
[19/07/2011 22:22:28] /m charmander
[19/07/2011 22:22:29] /m charmander
[19/07/2011 22:22:30] /m charmander
[19/07/2011 22:22:56] /r
[19/07/2011 22:22:58] /r
[19/07/2011 22:22:59] /r
[19/07/2011 22:23:01] /r
[19/07/2011 22:29:36] /t
[19/07/2011 22:34:59] /m charmander
[19/07/2011 22:39:21] /r
[19/07/2011 22:42:03] /m charmander
[19/07/2011 22:42:04] /m charmander
[19/07/2011 22:42:20] /r
[19/07/2011 22:42:22] /r
[20/07/2011 16:40:56] /m charmander
[20/07/2011 16:41:42] /m charmander
[20/07/2011 17:08:59] /m charmander
[20/07/2011 17:14:24] /m charmander
[20/07/2011 17:15:43] /m charmander
[20/07/2011 17:15:58] /r
[20/07/2011 17:30:06] /m charmander
[20/07/2011 17:30:11] /r
[20/07/2011 17:30:45] /m charmander
[20/07/2011 17:30:50] /r
[20/07/2011 22:49:54] /m charmander
[20/07/2011 22:49:54] /m charmander
[20/07/2011 22:49:54] /m charmander
[20/07/2011 22:50:04] /r
[20/07/2011 22:50:06] /r
[20/07/2011 22:50:07] /r
[20/07/2011 22:50:56] /i su nstone
[20/07/2011 22:51:02] /i king's rock
[20/07/2011 22:51:23] /i punch stone
[20/07/2011 22:51:47] /m charmander
[20/07/2011 22:51:47] /m charmander
[20/07/2011 22:51:48] /m charmander
[20/07/2011 22:51:58] /r
[20/07/2011 22:51:59] /r
[20/07/2011 22:52:02] /r
[20/07/2011 22:52:10] /i leaf stone
[20/07/2011 22:55:01] /i water stone
[20/07/2011 22:58:10] /i water stone
[20/07/2011 22:58:26] /i king's rock
[20/07/2011 22:58:29] /i punch stone
