[10/06/2011 22:19:12] /s charmander
[10/06/2011 22:19:16] /r
[10/06/2011 22:19:18] /s weedle
[10/06/2011 22:19:23] /r
[10/06/2011 22:19:30] /addskill Aaaeae, level, 5
[10/06/2011 22:19:34] /s weedle
[10/06/2011 22:19:44] /s caterpie
[10/06/2011 22:19:46] /s magikarp
[10/06/2011 22:19:48] /s rattata
[10/06/2011 22:19:57] /r
[10/06/2011 22:19:58] /r
[10/06/2011 22:19:59] /r
[10/06/2011 22:19:59] /r
[10/06/2011 22:20:01] /r
[10/06/2011 22:20:02] /r
[10/06/2011 22:20:03] /r
[10/06/2011 22:20:27] /i defeated magikarp
[10/06/2011 22:20:30] /i fainted magikarp
[10/06/2011 22:20:32] /i ultra ball
[10/06/2011 22:20:40] /i fainted charmander
[10/06/2011 22:20:42] /i fainted charmander
[10/06/2011 22:20:43] /i fainted charmander
[10/06/2011 22:20:43] /i fainted charmander
[10/06/2011 22:20:44] /i fainted charmander
[10/06/2011 22:20:50] /i fainted charmander
[10/06/2011 22:21:22] /i fainted rattata
[10/06/2011 22:21:24] /i fainted rattata
[10/06/2011 22:23:18] /s charmander
[10/06/2011 22:23:32] /addskill Aaaeae, level, 500
[12/06/2011 19:21:04] /a 2
[12/06/2011 19:21:05] /a 2
[12/06/2011 19:21:05] /a 2
[12/06/2011 19:21:06] /a 2
[12/06/2011 19:21:06] /a 2
[12/06/2011 19:21:06] /a 2
[12/06/2011 19:21:07] /a 2
[12/06/2011 19:21:08] /a 2
[12/06/2011 19:21:08] /a 2
[12/06/2011 19:21:09] /a 2
[12/06/2011 19:21:09] /a 2
[12/06/2011 19:21:10] /a 2
[12/06/2011 19:21:10] /a 2
[12/06/2011 19:21:11] /a 2
[12/06/2011 19:21:28] /a 2
[12/06/2011 19:21:28] /a 2
[12/06/2011 19:21:29] /a 2
[12/06/2011 19:21:30] /a 2
[12/06/2011 19:21:30] /a 2
[12/06/2011 19:21:31] /a 2
[12/06/2011 19:22:00] /a 12
[12/06/2011 19:22:01] /a 12
[12/06/2011 19:22:14] /a 12
[12/06/2011 19:22:15] /a 12
[12/06/2011 19:22:16] /ghost
[12/06/2011 19:22:20] /m charmander
[12/06/2011 19:22:26] /a 12
[12/06/2011 19:22:28] /a 2
[12/06/2011 19:22:29] /a 2
[12/06/2011 19:22:31] /m charmander
[12/06/2011 19:22:35] /r
[12/06/2011 19:22:36] /ghost
[12/06/2011 19:23:07] /r
[12/06/2011 19:24:44] /a 12
[12/06/2011 19:24:47] /a 4
[12/06/2011 19:24:49] /a 4
[12/06/2011 19:24:50] /a 2
[12/06/2011 19:24:51] /a 2
[12/06/2011 19:25:39] /m charmander
[12/06/2011 19:25:51] /a 12
[12/06/2011 19:25:52] /a 12
[12/06/2011 19:25:53] /a 12
[12/06/2011 19:25:57] /a 12
[12/06/2011 19:26:00] /r
[12/06/2011 19:26:02] /ghost
[12/06/2011 19:26:10] /a 12
[12/06/2011 19:26:12] /ghost
[12/06/2011 19:26:51] /a 12
[12/06/2011 19:26:53] /a 12
[12/06/2011 19:27:19] /ghost
[12/06/2011 19:27:34] /ghost
[12/06/2011 19:27:43] /ghost
[12/06/2011 19:36:08] /ghost
[12/06/2011 19:36:17] /a 12
[12/06/2011 19:36:18] /a 
[12/06/2011 19:36:20] /a 5
[12/06/2011 19:36:22] /ghost
[12/06/2011 19:36:24] /ghost
[12/06/2011 19:36:40] /m charmander
[12/06/2011 19:36:41] /a 12
[12/06/2011 19:37:29] /ghost
[12/06/2011 19:37:32] /a 12
[12/06/2011 19:37:33] /a 5
[12/06/2011 19:37:35] /a 5
[12/06/2011 19:37:37] /a 5
[12/06/2011 19:37:52] /ghost
[12/06/2011 19:39:40] /ghost
[12/06/2011 19:39:42] /m charmander
[12/06/2011 19:39:44] /a 12
[12/06/2011 19:39:51] /a 12
[12/06/2011 19:40:00] /ghost
[12/06/2011 19:41:35] /ghost
[12/06/2011 19:41:38] /m charmander
[12/06/2011 19:41:39] /a 2
[12/06/2011 19:41:39] /a 2
[12/06/2011 19:41:40] /a 2
[12/06/2011 19:41:40] /a 2
[12/06/2011 19:41:40] /a 2
[12/06/2011 19:41:41] /a 2
[12/06/2011 19:41:41] /a 2
[12/06/2011 19:41:43] /ghost
[12/06/2011 19:42:03] /ghost
[12/06/2011 19:42:04] /ghost
[12/06/2011 22:41:15] /ghost
[12/06/2011 22:41:16] /ghost
[12/06/2011 22:41:18] /m charmander
[12/06/2011 22:41:24] /ghost
[12/06/2011 22:41:52] /ghost
[12/06/2011 22:42:05] /ghost
[12/06/2011 22:42:17] /ghost
[12/06/2011 22:42:21] /ghost
[12/06/2011 22:42:27] /ghost
[12/06/2011 22:42:30] /ghost
[12/06/2011 22:45:12] /r
[12/06/2011 22:45:13] /r
[12/06/2011 22:45:14] /ghost
[12/06/2011 22:45:24] /ghost
[12/06/2011 22:45:25] /ghost
[12/06/2011 22:45:35] /ghost
[12/06/2011 22:45:45] /r
[12/06/2011 22:45:51] /ghost
[12/06/2011 22:45:54] /ghost
[12/06/2011 22:46:34] /r
[12/06/2011 22:46:37] /m charmander
[12/06/2011 22:46:38] /ghost
[12/06/2011 22:48:24] /m charmander
[12/06/2011 22:48:28] /ghost
[12/06/2011 22:48:29] /ghost
[12/06/2011 22:48:30] /ghost
[12/06/2011 22:49:58] /m charmander
[12/06/2011 22:52:06] /m charmander
[12/06/2011 22:52:07] /m charmander
[12/06/2011 22:52:08] /m charmander
[12/06/2011 22:52:08] /m charmander
[14/06/2011 11:34:11] /a 12
[14/06/2011 11:34:12] /a 4
[14/06/2011 11:34:14] /a 4
[14/06/2011 11:34:23] /m charmander
[14/06/2011 11:34:24] /ghost
[14/06/2011 11:34:25] /ghost
[14/06/2011 11:40:23] /m charmander
[14/06/2011 11:40:48] /ghost
[14/06/2011 11:40:52] /ghost
[14/06/2011 17:02:51] /ghost
[14/06/2011 17:02:52] /ghost
[14/06/2011 17:03:14] /ghost
[14/06/2011 17:03:16] /ghost
[14/06/2011 17:05:43] /ghost
[14/06/2011 17:05:44] /ghost
[14/06/2011 17:05:52] /m charmander
[14/06/2011 17:06:01] /ghost
[14/06/2011 17:06:58] /r
[14/06/2011 17:07:00] /ghost
[14/06/2011 17:07:06] /m charmander
[14/06/2011 17:07:11] /ghost
[14/06/2011 17:07:18] /ghost
[14/06/2011 17:07:28] /ghost
[14/06/2011 17:07:30] /ghost
[14/06/2011 17:07:34] /ghost
[14/06/2011 17:07:41] /ghost
[14/06/2011 17:07:43] /ghost
[14/06/2011 17:08:58] /ghost
[14/06/2011 17:09:00] /m charmander
[14/06/2011 17:11:33] /ghost
[14/06/2011 17:11:34] /ghost
[14/06/2011 17:11:36] /m charmander
[14/06/2011 17:11:36] /m charmander
[14/06/2011 17:11:36] /m charmander
[14/06/2011 17:11:37] /m charmander
[14/06/2011 17:11:37] /m charmander
[14/06/2011 17:11:37] /m charmander
[14/06/2011 17:11:38] /m charmander
[14/06/2011 17:11:39] /a 3
[14/06/2011 17:11:40] /m charmander
[14/06/2011 17:11:40] /m charmander
[14/06/2011 17:11:40] /m charmander
[14/06/2011 17:11:41] /m charmander
[14/06/2011 17:11:41] /m charmander
[14/06/2011 17:11:41] /m charmander
[14/06/2011 17:11:42] /m charmander
[14/06/2011 17:11:42] /m charmander
[14/06/2011 17:11:42] /m charmander
[14/06/2011 17:11:43] /m charmander
[14/06/2011 17:11:43] /m charmander
[14/06/2011 17:11:43] /m charmander
[14/06/2011 17:11:44] /m charmander
[14/06/2011 17:11:45] /a 4
[14/06/2011 17:11:46] /m charmander
[14/06/2011 17:11:47] /m charmander
[14/06/2011 17:11:47] /m charmander
[14/06/2011 17:11:47] /m charmander
[14/06/2011 17:11:48] /m charmander
[14/06/2011 17:11:48] /m charmander
[14/06/2011 17:11:48] /m charmander
[14/06/2011 17:11:48] /m charmander
[14/06/2011 17:11:49] /m charmander
[14/06/2011 17:11:49] /m charmander
[14/06/2011 17:11:49] /m charmander
[14/06/2011 17:11:50] /m charmander
[14/06/2011 17:11:50] /m charmander
[14/06/2011 17:17:16] /ghost
[14/06/2011 17:17:21] /ghost
[14/06/2011 17:17:24] /ghost
[16/06/2011 12:31:50] /ghost
[16/06/2011 12:31:52] /m charmander
[24/06/2011 11:53:18] /goto charmander
[24/06/2011 11:53:21] /ghost
[24/06/2011 11:53:26] /r
[24/06/2011 11:53:28] /r
[24/06/2011 12:06:20] /goto charmander
[24/06/2011 12:06:21] /ghost
[24/06/2011 12:06:34] /ghost
[24/06/2011 12:06:39] /ghost
[24/06/2011 12:06:43] /ghost
[24/06/2011 12:06:46] /ghost
[24/06/2011 12:06:47] /ghost
[24/06/2011 12:06:48] /ghost
[24/06/2011 12:08:25] /goto aaaana
[24/06/2011 12:08:28] /ghost
[24/06/2011 12:08:31] /m charmander
[24/06/2011 12:08:52] /ghost
[24/06/2011 12:08:57] /ghost
[24/06/2011 12:09:57] /m charmander
[24/06/2011 12:10:14] /ghost
[24/06/2011 12:10:25] /ghost
[24/06/2011 12:10:32] /ghost
[24/06/2011 12:21:39] /ghost
[24/06/2011 12:21:41] /ghost
[24/06/2011 12:21:45] /ghost
[24/06/2011 12:21:50] /ghost
[24/06/2011 12:22:00] /ghost
[24/06/2011 12:24:03] /ghost
[24/06/2011 12:24:18] /ghost
[24/06/2011 12:24:33] /ghost
[24/06/2011 12:24:51] /ghost
[24/06/2011 12:25:05] /ghost
[24/06/2011 12:25:17] /ghost
[24/06/2011 12:25:22] /r
[24/06/2011 12:25:25] /r
[24/06/2011 12:25:27] /r
[24/06/2011 12:25:31] /r
[06/07/2011 14:26:21] /t
[06/07/2011 14:28:12] /t
[06/07/2011 14:29:36] /t
[08/07/2011 14:38:10] /t
[08/07/2011 14:38:13] /a 2
[08/07/2011 14:38:16] /s charmander
[08/07/2011 14:44:41] /t
[08/07/2011 14:44:43] /a 2
[08/07/2011 14:44:45] /s charmander
[08/07/2011 17:26:06] /t
[08/07/2011 17:26:07] /a 3
[08/07/2011 17:26:08] /ghost
[08/07/2011 17:26:09] /ghost
[08/07/2011 17:26:44] /m charmander
[08/07/2011 17:26:44] /m charmander
[08/07/2011 17:26:45] /m charmander
[08/07/2011 17:26:45] /m charmander
[08/07/2011 17:26:45] /m charmander
[08/07/2011 17:26:46] /m charmander
[08/07/2011 17:26:46] /m charmander
[08/07/2011 17:26:46] /m charmander
[08/07/2011 17:26:47] /m charmander
[08/07/2011 17:26:48] /m charmander
[08/07/2011 17:26:49] /m charmander
[08/07/2011 17:26:49] /m charmander
[08/07/2011 17:26:50] /m charmander
[08/07/2011 17:26:50] /m charmander
[08/07/2011 17:26:51] /m charmander
[08/07/2011 17:26:51] /m charmander
[08/07/2011 17:26:51] /m charmander
[08/07/2011 17:26:52] /m charmander
[08/07/2011 17:30:27] /t
[08/07/2011 17:30:32] /a 2
[08/07/2011 17:30:33] /a 2
[08/07/2011 17:31:04] /m charmander
[08/07/2011 17:31:04] /m charmander
[08/07/2011 17:31:05] /m charmander
[08/07/2011 17:31:05] /m charmander
[08/07/2011 17:31:05] /m charmander
[08/07/2011 17:31:05] /m charmander
[08/07/2011 17:31:06] /m charmander
[08/07/2011 17:31:06] /m charmander
[08/07/2011 17:31:06] /m charmander
[08/07/2011 17:31:10] /r
[08/07/2011 17:31:12] /r
[08/07/2011 17:31:14] /m charmander
[08/07/2011 17:31:14] /m charmander
[08/07/2011 17:31:15] /m charmander
[08/07/2011 17:31:15] /m charmander
[08/07/2011 17:31:15] /m charmander
[08/07/2011 17:31:15] /m charmander
[08/07/2011 17:31:16] /m charmander
[08/07/2011 17:31:17] /a 2
[08/07/2011 17:31:18] /m charmander
[08/07/2011 17:31:19] /m charmander
[08/07/2011 17:31:19] /m charmander
[08/07/2011 17:31:19] /m charmander
[08/07/2011 17:31:20] /m charmander
[08/07/2011 17:31:20] /m charmander
[08/07/2011 17:31:20] /m charmander
[08/07/2011 17:31:21] /m charmander
[08/07/2011 17:31:21] /m charmander
[08/07/2011 17:31:22] /m charmander
[08/07/2011 17:31:38] /r
[08/07/2011 17:31:39] /r
[08/07/2011 17:43:35] /s koffing
[08/07/2011 17:44:03] /s koffing
[08/07/2011 17:45:03] /r
[08/07/2011 17:45:04] /r
[08/07/2011 17:47:01] /t
[08/07/2011 17:47:03] /a 2
[08/07/2011 17:47:11] /m charmander
[08/07/2011 17:47:12] /m charmander
[08/07/2011 17:47:12] /m charmander
[08/07/2011 17:47:12] /m charmander
[08/07/2011 17:47:13] /m charmander
[08/07/2011 17:47:13] /m charmander
[08/07/2011 17:47:14] /m charmander
[08/07/2011 17:47:14] /m charmander
[08/07/2011 17:47:15] /m charmander
[08/07/2011 17:47:17] /m charmander
[08/07/2011 17:47:18] /m charmander
[08/07/2011 17:47:18] /m charmander
[08/07/2011 17:47:19] /m charmander
[08/07/2011 17:47:19] /m charmander
[08/07/2011 17:47:19] /m charmander
[08/07/2011 17:47:20] /m charmander
[08/07/2011 17:47:20] /m charmander
[08/07/2011 17:47:21] /m charmander
[08/07/2011 17:47:21] /m charmander
[08/07/2011 17:47:22] /m charmander
[08/07/2011 18:05:57] /t
[08/07/2011 18:06:16] /i 2589
[08/07/2011 18:08:02] /i 2590
[08/07/2011 18:08:04] /i 2591
[08/07/2011 18:08:05] /i 2592
[08/07/2011 18:08:36] /r
[08/07/2011 18:08:40] /a 1
[08/07/2011 18:13:11] /a 3
[08/07/2011 18:13:43] /m charmander
[08/07/2011 18:13:44] /m charmander
[08/07/2011 18:13:44] /m charmander
[08/07/2011 18:13:45] /r
[08/07/2011 18:13:46] /m charmander
[08/07/2011 18:13:47] /m charmander
[08/07/2011 18:13:47] /m charmander
[08/07/2011 18:13:47] /m charmander
[08/07/2011 18:13:53] /r
[08/07/2011 18:13:54] /r
[08/07/2011 18:13:56] /r
[08/07/2011 18:13:57] /m charmander
[08/07/2011 18:13:58] /m charmander
[08/07/2011 18:13:58] /m charmander
[08/07/2011 18:13:58] /m charmander
[08/07/2011 18:13:59] /m charmander
[08/07/2011 18:19:46] /a 1
[08/07/2011 18:19:48] /a 1
[08/07/2011 18:19:51] /a 2
[08/07/2011 18:20:29] /ghost
[08/07/2011 18:20:34] /ghost
[08/07/2011 18:20:36] /ghost
[08/07/2011 18:22:58] /m charmander
[08/07/2011 18:25:25] /m charmander
[08/07/2011 18:25:30] /m charmander
[08/07/2011 18:25:32] /m charmander
[08/07/2011 18:25:33] /m charmander
[08/07/2011 18:25:33] /m charmander
[08/07/2011 18:25:34] /m charmander
[08/07/2011 18:25:35] /m charmander
[08/07/2011 18:25:36] /m charmander
[08/07/2011 18:25:36] /m charmander
[08/07/2011 18:25:37] /m charmander
[08/07/2011 18:25:38] /m charmander
[08/07/2011 18:25:38] /m charmander
[08/07/2011 18:25:39] /m charmander
[08/07/2011 18:25:40] /m charmander
[08/07/2011 18:25:40] /m charmander
[08/07/2011 18:25:41] /m charmander
[08/07/2011 18:25:42] /m charmander
[08/07/2011 18:25:42] /m charmander
[08/07/2011 18:25:43] /m charmander
[08/07/2011 18:25:44] /m charmander
[08/07/2011 18:25:44] /m charmander
[08/07/2011 18:27:04] /ghost
[08/07/2011 18:27:10] /r
[08/07/2011 18:27:10] /r
[08/07/2011 18:27:11] /r
[08/07/2011 18:27:12] /r
[08/07/2011 18:27:13] /r
[08/07/2011 18:27:14] /r
[08/07/2011 18:27:17] /r
[08/07/2011 18:27:20] /r
[08/07/2011 18:27:20] /r
[08/07/2011 18:27:21] /r
[08/07/2011 18:27:22] /r
[08/07/2011 18:27:23] /r
[08/07/2011 18:27:25] /r
[08/07/2011 18:27:27] /r
[08/07/2011 18:27:29] /r
[08/07/2011 18:27:29] /r
[08/07/2011 18:27:32] /r
[08/07/2011 18:27:34] /r
[08/07/2011 18:27:35] /a 3
[08/07/2011 18:27:36] /a 3
[08/07/2011 18:27:37] /r
[08/07/2011 18:27:39] /r
[08/07/2011 18:27:41] /r
[08/07/2011 18:27:42] /r
[08/07/2011 18:27:44] /r
[08/07/2011 18:27:47] /r
[08/07/2011 18:41:04] /m charmander
[08/07/2011 18:41:11] /ghost
[08/07/2011 18:41:28] /r
[08/07/2011 18:41:28] /ghost
[08/07/2011 18:41:30] /ghost
[08/07/2011 18:41:32] /m charmander
[08/07/2011 18:41:40] /ghost
[08/07/2011 18:41:44] /ghost
[08/07/2011 18:41:47] /r
[08/07/2011 18:55:10] /i 2590
[08/07/2011 21:04:48] /a 3
[18/07/2011 19:12:45] /r
[18/07/2011 19:12:46] /r
[18/07/2011 19:21:35] /r
[18/07/2011 19:24:31] /a 2
[18/07/2011 19:24:32] /a 2
