[11/12/2010 19:32:15] /a 4
[11/12/2010 19:32:16] /a 4
[11/12/2010 19:32:17] /a 4
[11/12/2010 19:32:17] /a 4
[11/12/2010 19:32:18] /a 4
[11/12/2010 19:32:23] /a 20
[11/12/2010 19:32:25] /a 6
[11/12/2010 19:32:26] /a 6
[11/12/2010 19:33:38] /a 2
[11/12/2010 19:33:38] /a 2
[11/12/2010 19:33:39] /a 2
[11/12/2010 19:33:39] /a 2
[11/12/2010 19:33:39] /a 2
[11/12/2010 19:33:40] /a 2
[11/12/2010 19:33:40] /a 2
[11/12/2010 19:33:41] /a 2
[11/12/2010 19:33:42] /a 2
[11/12/2010 19:34:17] /a 16
[11/12/2010 19:34:18] /a 
[11/12/2010 19:34:19] /a 
[11/12/2010 19:34:20] /a 5
[11/12/2010 19:34:21] /a 5
[11/12/2010 19:34:25] /a 5
[11/12/2010 19:34:25] /a 5
[11/12/2010 19:34:25] /a 5
[11/12/2010 19:37:05] /a 5
[11/12/2010 19:37:05] /a 5
[11/12/2010 19:37:06] /a 5
[11/12/2010 19:37:09] /a 5
[11/12/2010 19:37:11] /a 15
[11/12/2010 19:37:16] /i 2147 5
[11/12/2010 19:37:19] /i 2147
[11/12/2010 19:37:21] /a 44
[11/12/2010 19:41:54] /a 4
[11/12/2010 19:41:54] /a 4
[11/12/2010 19:41:55] /a 4
[11/12/2010 19:41:56] /a 4
[11/12/2010 19:41:57] /a 4
[11/12/2010 19:41:58] /a 4
[11/12/2010 19:43:40] /a 4
[11/12/2010 19:43:40] /a 4
[11/12/2010 19:43:41] /a 4
[11/12/2010 19:43:42] /a 4
[11/12/2010 19:43:42] /a 4
[11/12/2010 19:43:42] /a 4
[11/12/2010 19:43:43] /a 4
[11/12/2010 19:43:43] /a 4
[11/12/2010 19:43:45] /a 4
[11/12/2010 19:43:45] /a 4
[11/12/2010 19:43:45] /a 4
[11/12/2010 19:43:46] /a 4
[11/12/2010 19:43:46] /a 4
[11/12/2010 19:43:47] /a 4
[11/12/2010 19:43:48] /a 4
[11/12/2010 19:43:49] /a 4
[11/12/2010 19:43:49] /a 4
[11/12/2010 19:43:52] /a 4
[11/12/2010 19:43:54] /a 4
[11/12/2010 19:43:54] /a 4
[11/12/2010 19:43:55] /a 4
[11/12/2010 19:43:55] /a 4
[11/12/2010 19:43:58] /a 4
[11/12/2010 19:44:05] /a 45
[11/12/2010 19:44:07] /a 20
[11/12/2010 19:44:08] /a 20
[11/12/2010 19:44:09] /a 20
[11/12/2010 19:44:11] /a 5
[11/12/2010 19:44:12] /a 5
[11/12/2010 19:44:14] /a 5
[11/12/2010 19:47:54] /a 14
[11/12/2010 19:47:58] /a 14
[11/12/2010 19:48:00] /a 4
[11/12/2010 19:48:02] /a 4
[11/12/2010 19:48:04] /a 14
[11/12/2010 19:48:04] /a 14
[11/12/2010 19:50:53] /a 55
[11/12/2010 19:52:03] /a 55
[11/12/2010 19:52:44] /a 55
[11/12/2010 19:52:47] /a 40
[11/12/2010 19:52:48] /a 14
[11/12/2010 19:52:50] /a 14
[11/12/2010 19:52:50] /a 14
[11/12/2010 19:52:52] /a 6
[11/12/2010 19:52:53] /a 6
[11/12/2010 19:58:22] /a 44
[11/12/2010 19:59:20] /a 55
[11/12/2010 19:59:22] /a 10
[11/12/2010 20:00:58] /a 44
[11/12/2010 20:05:02] /a 44
[11/12/2010 20:07:07] /a 44
[11/12/2010 20:07:57] /a 4
[11/12/2010 20:07:59] /a 40
[11/12/2010 20:08:20] /a 2
[11/12/2010 20:08:21] /a 2
[11/12/2010 20:09:37] /a 44
[11/12/2010 20:10:49] /a 4
[11/12/2010 20:10:50] /a 4
[11/12/2010 20:10:50] /a 4
[11/12/2010 20:10:51] /a 4
[11/12/2010 20:10:51] /a 4
[11/12/2010 20:10:52] /a 4
[11/12/2010 20:10:53] /a 4
[11/12/2010 20:10:54] /a 4
[11/12/2010 20:11:01] /a 4
[11/12/2010 20:11:01] /a 4
[11/12/2010 20:11:02] /a 4
[11/12/2010 20:11:03] /a 4
[11/12/2010 20:11:03] /a 4
[11/12/2010 20:11:04] /a 4
[11/12/2010 20:11:05] /a 4
[11/12/2010 20:11:06] /a 4
[11/12/2010 20:11:08] /a 4
[11/12/2010 20:11:11] /a 4
[11/12/2010 20:11:14] /a 4
[11/12/2010 20:11:15] /a 4
[11/12/2010 20:11:15] /a 4
[11/12/2010 20:11:17] /a 4
[11/12/2010 20:11:39] /a 4
[11/12/2010 20:11:41] /a 4
[11/12/2010 20:11:42] /a 4
[11/12/2010 20:11:43] /a 4
[11/12/2010 20:11:43] /a 4
[11/12/2010 20:11:44] /a 4
[11/12/2010 20:14:59] /a 4
[11/12/2010 20:14:59] /a 4
[11/12/2010 20:15:00] /a 4
[11/12/2010 20:16:39] /a 4
[11/12/2010 20:16:40] /a 4
[11/12/2010 20:17:39] /a 4
[11/12/2010 20:17:40] /a 4
[11/12/2010 20:17:41] /a 4
[11/12/2010 20:17:57] /a 3
[11/12/2010 20:17:59] /a 3
[11/12/2010 20:19:33] /a 4
[11/12/2010 20:19:33] /a 4
[11/12/2010 20:19:34] /a 4
[11/12/2010 20:19:35] /a 4
[11/12/2010 20:19:35] /a 4
[11/12/2010 20:19:36] /a 4
[11/12/2010 20:19:37] /a 4
[11/12/2010 20:19:38] /a 4
[11/12/2010 20:19:53] /a 14
[11/12/2010 20:19:54] /a 14
[11/12/2010 20:19:54] /a 14
[11/12/2010 20:19:55] /a 14
[11/12/2010 20:19:55] /a 14
[11/12/2010 20:23:47] /a 55
[11/12/2010 20:23:48] /a 44
[11/12/2010 20:23:51] /a 5
[11/12/2010 20:23:52] /a 5
[11/12/2010 20:23:52] /a 5
[11/12/2010 20:24:01] /a 44
[11/12/2010 20:24:40] /a 44
[11/12/2010 20:24:40] /a 44
[11/12/2010 20:24:48] /a 15
[11/12/2010 20:24:50] /a 15
[11/12/2010 20:24:52] /a 16
[11/12/2010 20:24:53] /a 16
[11/12/2010 20:27:34] /a 4
[11/12/2010 20:27:35] /a 4
[11/12/2010 20:28:13] /a 45
[11/12/2010 20:28:23] /a 45
[11/12/2010 20:28:32] /a 23
[11/12/2010 20:29:27] /a 14
[11/12/2010 20:29:29] /a 12
[11/12/2010 20:29:31] /a 5
[11/12/2010 20:29:32] /a 5
[11/12/2010 20:29:32] /a 5
[11/12/2010 20:29:34] /a 5
[11/12/2010 20:29:34] /a 5
[11/12/2010 20:29:45] /a 12
[11/12/2010 20:29:46] /a 12
[11/12/2010 20:29:46] /a 12
[11/12/2010 20:30:23] /a 4
[11/12/2010 20:30:23] /a 4
[11/12/2010 20:30:24] /a 4
[11/12/2010 20:30:35] /a 4
[11/12/2010 20:30:37] /a 4
[11/12/2010 20:30:37] /a 4
[11/12/2010 20:30:38] /a 4
[11/12/2010 20:31:03] /a 4
[11/12/2010 20:31:03] /a 4
[11/12/2010 20:31:05] /a 4
[11/12/2010 20:31:06] /a 4
[11/12/2010 20:31:07] /a 4
[11/12/2010 20:31:08] /a 4
[11/12/2010 20:31:08] /a 4
[11/12/2010 20:31:10] /a 4
[11/12/2010 20:32:31] /a 4
[11/12/2010 20:32:32] /a 4
[11/12/2010 20:32:33] /a 4
[11/12/2010 20:32:35] /a 4
[11/12/2010 20:32:38] /a 4
[11/12/2010 20:32:39] /a 4
[11/12/2010 20:32:39] /a 4
[11/12/2010 20:33:05] /a 4
[11/12/2010 20:33:39] /a 4
[11/12/2010 20:33:40] /a 4
[11/12/2010 20:33:40] /a 4
[11/12/2010 20:33:42] /a 4
[11/12/2010 20:34:02] /a 14
[11/12/2010 20:36:36] /a 65
[11/12/2010 20:36:39] /a 4
[11/12/2010 20:36:40] /a 4
[11/12/2010 20:36:41] /a 4
[11/12/2010 20:36:42] /a 4
[11/12/2010 23:42:08] /a 44
[12/12/2010 01:25:29] /a 2
[12/12/2010 01:38:37] /a 3
[12/12/2010 01:38:38] /a 3
[12/12/2010 01:41:16] /a 4
[12/12/2010 01:50:06] /a 45
[12/12/2010 01:50:09] /a 45
[12/12/2010 01:50:10] /a 4
[12/12/2010 01:51:32] /a 4
[12/12/2010 01:53:49] /a 4
[12/12/2010 01:55:30] /a 3
[12/12/2010 01:55:30] /a 3
[12/12/2010 01:55:31] /a 3
[12/12/2010 01:55:32] /a 3
[12/12/2010 01:55:32] /a 3
[12/12/2010 01:55:33] /a 3
[12/12/2010 01:55:33] /a 3
[12/12/2010 01:55:34] /a 3
[12/12/2010 01:55:35] /a 3
[12/12/2010 01:57:35] /a 4
[12/12/2010 01:57:35] /a 4
[12/12/2010 01:57:36] /a 4
[12/12/2010 01:57:36] /a 4
[12/12/2010 01:57:40] /a 4
[12/12/2010 01:57:41] /a 4
[12/12/2010 01:58:36] /a 4
[12/12/2010 01:58:37] /a 4
[12/12/2010 01:58:37] /a 4
[12/12/2010 01:58:38] /a 4
[12/12/2010 01:58:38] /a 4
[12/12/2010 01:58:39] /a 4
[12/12/2010 01:58:40] /a 4
[12/12/2010 01:58:40] /a 4
[12/12/2010 01:58:43] /a 4
[12/12/2010 01:58:44] /a 4
[12/12/2010 01:58:44] /a 4
[12/12/2010 01:58:46] /a 4
[12/12/2010 01:58:47] /a 4
[12/12/2010 01:58:47] /a 4
[12/12/2010 01:58:48] /a 4
[12/12/2010 01:58:48] /a 4
[12/12/2010 01:58:53] /a 45
[12/12/2010 01:58:55] /a 4
[12/12/2010 01:58:55] /a 4
[12/12/2010 02:00:38] /a 4
[12/12/2010 02:00:38] /a 4
[12/12/2010 02:00:39] /a 4
[12/12/2010 02:01:17] /m bellsprout s
[12/12/2010 02:01:43] /a 4
[12/12/2010 02:02:24] /a 4
[12/12/2010 02:02:24] /a 4
[12/12/2010 02:02:25] /a 4
[12/12/2010 02:02:29] /a 4
[12/12/2010 02:02:30] /a 4
[12/12/2010 02:02:30] /a 4
[12/12/2010 02:02:30] /a 4
[12/12/2010 02:02:31] /a 4
[12/12/2010 02:02:31] /a 4
[12/12/2010 02:02:31] /a 4
[12/12/2010 02:02:32] /a 4
[12/12/2010 02:02:39] /a 2
[12/12/2010 02:02:40] /a 2
[12/12/2010 02:02:40] /a 2
[12/12/2010 02:02:40] /a 2
[12/12/2010 02:02:41] /a 2
[12/12/2010 02:02:41] /a 2
[12/12/2010 02:02:41] /a 2
[12/12/2010 02:02:42] /a 2
[12/12/2010 02:03:36] /a 4
[12/12/2010 02:03:36] /a 4
[12/12/2010 02:03:37] /a 4
[12/12/2010 02:03:37] /a 4
[12/12/2010 02:04:29] /a 3
[12/12/2010 02:04:30] /a 3
[12/12/2010 02:04:30] /a 3
[12/12/2010 02:04:31] /a 3
[12/12/2010 02:04:31] /a 3
[12/12/2010 02:05:05] /a 
[12/12/2010 02:05:07] /a 4
[12/12/2010 02:05:07] /a 4
[12/12/2010 02:05:07] /a 4
[12/12/2010 02:05:08] /a 4
[12/12/2010 02:05:08] /a 4
[12/12/2010 02:05:09] /a 4
[12/12/2010 02:05:09] /a 4
[12/12/2010 02:05:11] /a 4
[12/12/2010 02:05:20] /a 4
[12/12/2010 02:05:20] /a 4
[12/12/2010 02:05:21] /a 4
[12/12/2010 02:05:21] /a 4
[12/12/2010 02:05:28] /a 4
[12/12/2010 02:05:28] /a 4
[12/12/2010 02:06:59] /a 2
[12/12/2010 02:07:00] /a 2
[12/12/2010 02:07:04] /a 2
[12/12/2010 02:07:04] /a 2
[12/12/2010 02:07:05] /a 2
[12/12/2010 02:07:05] /a 2
[12/12/2010 02:07:05] /a 2
[12/12/2010 02:07:14] /a 3
[12/12/2010 02:07:15] /a 3
[12/12/2010 02:07:15] /a 3
[12/12/2010 02:07:15] /a 3
[12/12/2010 02:07:16] /a 3
[12/12/2010 02:07:29] /a 2
[12/12/2010 02:07:32] /a 2
[12/12/2010 02:08:24] /a 4
[12/12/2010 02:08:25] /a 4
[12/12/2010 02:08:25] /a 4
[12/12/2010 02:09:55] /a 4
[12/12/2010 02:09:55] /a 4
[12/12/2010 02:09:56] /a 4
[12/12/2010 02:09:58] /a 4
[12/12/2010 02:10:00] /a 4
[12/12/2010 02:10:00] /a 4
[12/12/2010 02:10:00] /a 4
[12/12/2010 02:10:01] /a 4
[12/12/2010 02:10:01] /a 4
[12/12/2010 02:10:02] /a 4
[12/12/2010 02:10:02] /a 4
[12/12/2010 02:10:02] /a 4
[12/12/2010 02:10:03] /a 4
[12/12/2010 02:10:04] /a 4
[12/12/2010 02:10:04] /a 4
[12/12/2010 02:10:05] /a 4
[12/12/2010 02:10:06] /a 4
[12/12/2010 02:10:06] /a 4
[12/12/2010 02:10:07] /a 4
[12/12/2010 02:10:10] /a 4
[12/12/2010 02:10:10] /a 4
[12/12/2010 02:10:11] /a 4
[12/12/2010 02:10:12] /a 4
[12/12/2010 02:10:13] /a 4
[12/12/2010 02:10:14] /a 4
[12/12/2010 02:10:14] /a 4
[12/12/2010 02:10:15] /a 4
[12/12/2010 02:10:15] /a 4
[12/12/2010 02:10:16] /a 4
[12/12/2010 02:10:20] /a 5
[12/12/2010 02:10:21] /a 5
[12/12/2010 02:10:21] /a 5
[12/12/2010 02:10:21] /a 5
[12/12/2010 02:10:22] /a 5
[12/12/2010 02:10:24] /a 5
[12/12/2010 02:10:24] /a 5
[12/12/2010 02:10:38] /a 14
[12/12/2010 02:10:39] /a 14
[12/12/2010 02:12:05] /a 4
[12/12/2010 02:12:05] /a 4
[12/12/2010 02:12:06] /a 4
[12/12/2010 02:12:06] /a 4
[12/12/2010 02:12:07] /a 4
[12/12/2010 02:12:07] /a 4
[12/12/2010 02:12:07] /a 4
[12/12/2010 02:12:08] /a 4
[12/12/2010 02:12:08] /a 4
[12/12/2010 02:12:09] /a 4
[12/12/2010 02:12:10] /a 4
[12/12/2010 02:12:11] /a 4
[12/12/2010 02:12:46] /a 4
[12/12/2010 02:12:47] /a 4
[12/12/2010 02:13:33] /a 4
[12/12/2010 02:13:33] /a 4
[12/12/2010 02:13:33] /a 4
[12/12/2010 02:13:39] /a 4
[12/12/2010 02:13:40] /a 4
[12/12/2010 02:13:41] /a 4
[12/12/2010 02:14:52] /a 4
[12/12/2010 02:14:52] /a 4
[12/12/2010 02:14:53] /a 4
[12/12/2010 02:14:53] /a 4
[12/12/2010 02:14:53] /a 4
[12/12/2010 02:14:54] /a 4
[12/12/2010 02:15:09] /a 5
[12/12/2010 02:15:10] /a 5
[12/12/2010 02:15:11] /a 5
[12/12/2010 02:15:12] /a 5
[12/12/2010 02:16:09] /a 5
[12/12/2010 02:16:09] /a 5
[12/12/2010 02:16:11] /a 5
[12/12/2010 02:16:13] /a 5
[12/12/2010 02:16:13] /a 5
[12/12/2010 02:16:14] /a 5
[12/12/2010 02:16:16] /a 5
[12/12/2010 02:16:19] /a 5
[12/12/2010 02:16:19] /a 5
[12/12/2010 02:16:21] /a 5
[12/12/2010 02:18:14] /a 20
[12/12/2010 02:18:14] /a 20
[12/12/2010 02:18:16] /a 10
[12/12/2010 02:18:18] /a 5
[12/12/2010 02:18:19] /a 5
[12/12/2010 02:18:20] /a 5
[12/12/2010 02:19:21] /a 4
[12/12/2010 02:19:21] /a 4
[12/12/2010 02:19:22] /a 4
[12/12/2010 02:19:22] /a 4
[12/12/2010 02:19:23] /a 4
[12/12/2010 02:19:23] /a 4
[12/12/2010 02:19:24] /a 4
[12/12/2010 02:19:29] /a 4
[12/12/2010 02:19:30] /a 4
[12/12/2010 02:19:30] /a 4
[12/12/2010 02:19:31] /a 4
[12/12/2010 02:19:32] /a 4
[12/12/2010 02:20:02] /a 4
[12/12/2010 02:20:02] /a 4
[12/12/2010 02:20:03] /a 4
[12/12/2010 02:20:04] /a 4
[12/12/2010 02:20:04] /a 4
[12/12/2010 02:20:05] /a 4
[12/12/2010 02:20:06] /a 4
[12/12/2010 02:20:07] /a 4
[12/12/2010 02:20:08] /a 4
[12/12/2010 02:20:09] /a 4
[12/12/2010 02:20:10] /a 4
[12/12/2010 02:20:52] /m weepinbell s
[12/12/2010 02:21:24] /a 45
[12/12/2010 02:21:35] /a 4
[12/12/2010 02:21:35] /a 4
[12/12/2010 02:21:36] /a 4
[12/12/2010 02:21:37] /a 4
[12/12/2010 02:21:38] /a 4
[12/12/2010 02:21:39] /a 4
[12/12/2010 02:22:22] /a 4
[12/12/2010 02:22:23] /a 4
[12/12/2010 02:22:23] /a 4
[12/12/2010 02:22:24] /a 4
[12/12/2010 02:22:24] /a 4
[12/12/2010 02:22:25] /a 4
[12/12/2010 02:22:25] /a 4
[12/12/2010 02:22:25] /a 4
[12/12/2010 02:22:26] /a 4
[12/12/2010 02:22:26] /a 4
[12/12/2010 02:22:27] /a 4
[12/12/2010 02:22:28] /a 4
[12/12/2010 02:23:25] /a 4
[12/12/2010 02:23:27] /a 4
[12/12/2010 18:45:06] /a 4
[12/12/2010 18:48:06] /a 4
[12/12/2010 18:48:06] /a 4
[12/12/2010 18:48:07] /a 4
[12/12/2010 18:48:07] /a 4
[12/12/2010 18:48:08] /a 4
[12/12/2010 18:48:08] /a 4
[12/12/2010 18:48:09] /a 4
[12/12/2010 18:48:17] /a 2
[12/12/2010 18:48:17] /a 2
[12/12/2010 18:48:18] /a 2
[12/12/2010 18:48:18] /a 2
[12/12/2010 18:48:20] /a 2
[12/12/2010 18:48:20] /a 2
[12/12/2010 18:48:21] /a 2
[12/12/2010 18:48:21] /a 2
[12/12/2010 18:48:23] /a 2
[12/12/2010 18:48:23] /a 2
[12/12/2010 18:48:24] /a 2
[12/12/2010 18:48:24] /a 2
[12/12/2010 18:48:57] /a 2
[12/12/2010 18:48:57] /a 2
[12/12/2010 18:48:58] /a 2
[12/12/2010 18:48:58] /a 2
[12/12/2010 18:48:59] /a 2
[12/12/2010 18:49:00] /a 2
[12/12/2010 18:49:02] /a 4
[12/12/2010 18:49:03] /a 4
[12/12/2010 18:49:13] /a 4
[12/12/2010 18:49:14] /a 4
[12/12/2010 18:49:14] /a 4
[12/12/2010 18:49:15] /a 4
[12/12/2010 18:49:15] /a 4
[12/12/2010 18:49:17] /a 4
[12/12/2010 18:49:17] /a 4
[12/12/2010 18:50:00] /m aerodactyl
[12/12/2010 18:51:00] /a 4
[12/12/2010 18:51:01] /a 4
[12/12/2010 18:51:04] /a 4
[12/12/2010 18:51:04] /a 4
[12/12/2010 18:51:05] /a 4
[12/12/2010 18:51:05] /a 4
[12/12/2010 18:51:06] /a 4
[12/12/2010 18:51:06] /a 4
[12/12/2010 18:51:07] /a 4
[12/12/2010 18:51:08] /a 4
[12/12/2010 18:51:08] /a 4
[12/12/2010 18:51:10] /a 4
[12/12/2010 18:51:11] /a 4
[12/12/2010 18:52:07] /a 4
[12/12/2010 18:52:11] /s victreebel
[12/12/2010 18:52:30] /a 5
[12/12/2010 18:52:31] /a 5
[12/12/2010 18:52:32] /a 5
[12/12/2010 18:52:32] /a 5
[12/12/2010 18:52:34] /a 5
[12/12/2010 18:52:34] /a 5
[12/12/2010 18:52:35] /a 5
[12/12/2010 18:52:37] /a 5
[12/12/2010 18:53:13] /a 5
[12/12/2010 18:53:14] /a 5
[12/12/2010 18:53:14] /a 5
[12/12/2010 18:53:18] /m golem s
[12/12/2010 18:53:40] /ghost
[12/12/2010 18:53:46] /s poliwrath
[12/12/2010 18:53:57] /a 4
[12/12/2010 18:53:59] /a 4
[12/12/2010 18:54:00] /a 4
[12/12/2010 18:54:00] /a 4
[12/12/2010 18:54:01] /a 4
[12/12/2010 18:54:01] /a 4
[12/12/2010 18:54:02] /a 4
[12/12/2010 18:54:02] /a 4
[12/12/2010 18:54:03] /a 4
[12/12/2010 18:54:04] /a 4
[12/12/2010 18:54:04] /a 4
[12/12/2010 18:54:05] /a 4
[12/12/2010 18:54:14] /m pidgeotto s
[12/12/2010 18:54:44] /r
[12/12/2010 18:54:46] /a 65
[12/12/2010 18:58:54] /a 65
[12/12/2010 18:58:56] /a 4
[12/12/2010 18:59:00] /m pidgey s
[12/12/2010 18:59:00] /m pidgey s
[12/12/2010 18:59:00] /m pidgey s
[12/12/2010 18:59:01] /m pidgey s
[12/12/2010 18:59:01] /m pidgey s
[12/12/2010 18:59:31] /m pidgey s
[12/12/2010 18:59:32] /a 4
[12/12/2010 18:59:35] /m pidgey s
[12/12/2010 19:00:50] /a 4
[12/12/2010 19:00:50] /a 4
[12/12/2010 19:00:51] /a 4
[12/12/2010 19:00:54] /a 15
[12/12/2010 19:00:55] /a 15
[12/12/2010 19:00:59] /m bellsprout s
[12/12/2010 19:00:59] /m bellsprout s
[12/12/2010 19:01:03] /m bellsprout s
[12/12/2010 19:01:04] /m bellsprout s
[12/12/2010 19:01:04] /m bellsprout s
[12/12/2010 19:01:05] /m bellsprout s
[12/12/2010 19:01:05] /m bellsprout s
[12/12/2010 19:01:05] /m bellsprout s
[12/12/2010 19:01:06] /m bellsprout s
[12/12/2010 19:01:06] /m bellsprout s
[12/12/2010 19:01:06] /m bellsprout s
[12/12/2010 19:01:06] /m bellsprout s
[12/12/2010 19:01:07] /m bellsprout s
[12/12/2010 19:01:07] /m bellsprout s
[12/12/2010 19:01:08] /m bellsprout s
[12/12/2010 19:01:48] /a 50
[12/12/2010 19:01:49] /a 4
[12/12/2010 19:01:50] /a 4
[12/12/2010 19:01:51] /a 4
[12/12/2010 19:01:52] /a 4
[12/12/2010 19:01:52] /a 4
[12/12/2010 19:01:53] /a 4
[12/12/2010 19:01:53] /a 4
[12/12/2010 19:01:53] /a 4
[12/12/2010 19:01:54] /a 4
[12/12/2010 19:01:54] /a 4
[12/12/2010 19:01:56] /a 4
[12/12/2010 19:01:59] /m bellsprout s
[12/12/2010 19:02:00] /m bellsprout s
[12/12/2010 19:02:00] /m bellsprout s
[12/12/2010 19:02:00] /m bellsprout s
[12/12/2010 19:02:01] /m bellsprout s
[12/12/2010 19:02:17] /a 15
[12/12/2010 19:02:18] /a 15
[12/12/2010 19:02:19] /a 15
[12/12/2010 19:02:20] /a 15
[12/12/2010 19:02:22] /a 15
[12/12/2010 19:02:23] /a 4
[12/12/2010 19:02:25] /m bellsprout s
[12/12/2010 19:02:27] /m bellsprout s
[12/12/2010 19:02:27] /m bellsprout s
[12/12/2010 19:02:28] /m bellsprout s
[12/12/2010 19:02:28] /m bellsprout s
[12/12/2010 19:02:33] /m bellsprout s
[12/12/2010 19:02:34] /m bellsprout s
[12/12/2010 19:02:35] /m bellsprout s
[12/12/2010 19:02:49] /m bellsprout s
[12/12/2010 19:02:49] /m bellsprout s
[12/12/2010 19:02:50] /m bellsprout s
[12/12/2010 19:02:50] /m bellsprout s
[12/12/2010 19:02:52] /ghost
[12/12/2010 19:02:54] /ghost
[12/12/2010 19:03:13] /m bellsprout s
[12/12/2010 19:03:13] /m bellsprout s
[12/12/2010 19:03:14] /m bellsprout s
[12/12/2010 19:03:14] /m bellsprout s
[12/12/2010 19:03:15] /m bellsprout s
[12/12/2010 19:03:41] /a 4
[12/12/2010 19:03:42] /a 4
[12/12/2010 19:03:51] /s golem s
[12/12/2010 19:05:02] /a 4
[12/12/2010 19:05:04] /a 4
[12/12/2010 19:05:15] /a 45
[12/12/2010 19:05:18] /a 45
[12/12/2010 19:05:18] /a 45
[12/12/2010 19:05:20] /a 154
[12/12/2010 19:05:21] /a 154
[12/12/2010 19:05:23] /a 79
[12/12/2010 19:06:34] /a 15
[12/12/2010 19:06:34] /a 15
[12/12/2010 19:06:36] /a 15
[12/12/2010 19:06:37] /a 6
[12/12/2010 19:08:09] /m golem s
[12/12/2010 19:08:17] /ghost
[12/12/2010 19:08:18] /ghost
[12/12/2010 19:08:19] /ghost
[12/12/2010 19:08:26] /ghost
[12/12/2010 19:08:28] /a 15
[12/12/2010 19:08:50] /a 5
[12/12/2010 19:08:51] /a 5
[12/12/2010 19:10:18] /a 5
[12/12/2010 19:10:19] /a 5
[12/12/2010 19:10:25] /a 5
[12/12/2010 19:10:26] /a 5
[12/12/2010 19:10:26] /a 5
[12/12/2010 19:10:50] /m seadra
[12/12/2010 19:11:16] /s weepinbell
[12/12/2010 19:11:32] /s victreebel
[12/12/2010 19:11:38] /m blastoise
[12/12/2010 19:12:03] /a 5
[12/12/2010 19:12:18] /r
[12/12/2010 19:12:24] /m starmie
[12/12/2010 19:12:54] /m seadra
[12/12/2010 19:13:16] /m victreebel
[12/12/2010 19:13:57] /m weepinbell s
[12/12/2010 19:14:15] /r
[12/12/2010 19:41:49] /m weepinbell s
[12/12/2010 19:41:54] /m weepinbell s
[12/12/2010 19:42:20] /a 55
[12/12/2010 19:45:45] /a 14
[12/12/2010 19:45:46] /a 45
[12/12/2010 19:46:19] /a 45
[12/12/2010 19:47:08] /m bellsprout s
[12/12/2010 19:49:04] /m pidgey s
[12/12/2010 19:54:41] /m bellsprout s
[12/12/2010 19:54:43] /m bellsprout s
[12/12/2010 19:54:44] /m bellsprout s
[12/12/2010 19:54:44] /m bellsprout s
[12/12/2010 19:54:45] /m bellsprout s
[12/12/2010 19:54:45] /m bellsprout s
[12/12/2010 20:04:01] /m aerodactyl
[12/12/2010 20:04:21] /m aerodactyl
[12/12/2010 20:04:23] /m aerodactyl
[12/12/2010 20:04:24] /m aerodactyl
[12/12/2010 20:04:25] /m aerodactyl
[12/12/2010 20:05:09] /s victreebel
[12/12/2010 20:06:05] /r
[12/12/2010 20:08:48] /m aerodactyl
[12/12/2010 20:08:49] /m aerodactyl
[12/12/2010 20:08:49] /m aerodactyl
[12/12/2010 20:08:49] /m aerodactyl
[12/12/2010 20:08:50] /m aerodactyl
[12/12/2010 20:08:50] /m aerodactyl
[12/12/2010 20:08:50] /m aerodactyl
[12/12/2010 20:16:33] /a 4
[12/12/2010 20:16:35] /a 4
[12/12/2010 22:12:09] /r
[12/12/2010 22:14:27] /m pidgey s
[12/12/2010 22:14:28] /m pidgey s
[12/12/2010 22:14:28] /m pidgey s
[12/12/2010 22:14:29] /m pidgey s
[12/12/2010 22:14:59] /ghost
[12/12/2010 22:17:00] /m pidgey s
[12/12/2010 22:18:33] /r
[12/12/2010 22:19:56] /m pidgey s
[12/12/2010 22:20:51] /r
[12/12/2010 22:21:49] /m pidgey s
[12/12/2010 22:22:48] /r
[12/12/2010 22:22:49] /r
[12/12/2010 22:23:45] /ghost
[12/12/2010 22:26:20] /r
[12/12/2010 22:28:43] /r
[12/12/2010 22:28:46] /r
[12/12/2010 22:29:16] /m pidgey s
[12/12/2010 22:31:17] /s geodude
[12/12/2010 22:31:19] /m pidgey s
[12/12/2010 22:31:30] /r
[12/12/2010 22:34:56] /r
[12/12/2010 22:46:24] /s geodude
[12/12/2010 22:46:26] /m pidgey s
[12/12/2010 22:47:42] /n nurse
[12/12/2010 22:47:55] /n nurse
[12/12/2010 22:47:57] /n nurse
[12/12/2010 23:37:55] /m pidgey s
[12/12/2010 23:37:57] /s geodude
[12/12/2010 23:38:41] /r
[12/12/2010 23:38:44] /r
[12/12/2010 23:38:47] /s pidgeot
[12/12/2010 23:38:48] /m pidgey s
[12/12/2010 23:39:20] /r
[12/12/2010 23:39:26] /s raichu
[12/12/2010 23:39:33] /r
[12/12/2010 23:39:40] /s venusaur
[12/12/2010 23:39:52] /r
[12/12/2010 23:39:54] /r
[12/12/2010 23:39:56] /r
[12/12/2010 23:40:36] /m pidgey s
[12/12/2010 23:40:40] /s golem
[12/12/2010 23:41:07] /r
[12/12/2010 23:43:08] /r
[12/12/2010 23:43:11] /r
[12/12/2010 23:43:11] /r
[13/12/2010 15:20:46] /s pidgeot
[13/12/2010 15:20:47] /a 5
[13/12/2010 15:20:48] /a 5
[13/12/2010 15:20:48] /a 5
[13/12/2010 15:20:48] /a 5
[13/12/2010 15:20:49] /a 5
[13/12/2010 15:20:49] /a 5
[13/12/2010 15:20:49] /a 5
[13/12/2010 15:20:50] /a 5
[13/12/2010 15:20:50] /a 5
[13/12/2010 15:20:51] /a 5
[13/12/2010 15:20:51] /a 5
[13/12/2010 15:20:51] /a 5
[13/12/2010 15:20:52] /a 5
[13/12/2010 15:20:52] /a 5
[13/12/2010 15:20:52] /a 5
[13/12/2010 15:22:19] /r
[13/12/2010 15:22:21] /s golem
[13/12/2010 15:22:49] /r
[13/12/2010 15:22:51] /r
[13/12/2010 15:23:17] /ghost
[13/12/2010 15:23:18] /a 4
[13/12/2010 15:23:20] /a 1
[13/12/2010 15:23:22] /a 1
[13/12/2010 15:23:22] /a 1
[13/12/2010 15:27:46] /a 1
[13/12/2010 15:27:47] /a 1
[13/12/2010 15:28:32] /m weepinbell s
[13/12/2010 15:28:33] /m weepinbell s
[13/12/2010 15:28:34] /m weepinbell s
[13/12/2010 15:28:43] /m weepinbell s
[13/12/2010 15:28:47] /m weepinbell s
[13/12/2010 15:30:40] /a 1
[13/12/2010 15:30:44] /m weepinbell s
[13/12/2010 15:30:48] /m weepinbell s
[13/12/2010 15:30:52] /m weepinbell s
[13/12/2010 15:30:52] /m weepinbell s
[13/12/2010 15:30:53] /m weepinbell s
[13/12/2010 15:30:53] /m weepinbell s
[13/12/2010 15:33:29] /m weepinbell s
[13/12/2010 15:37:12] /s pidgeot
[13/12/2010 15:39:13] /r
[13/12/2010 15:39:15] /r
[13/12/2010 15:44:42] /m weepinbell s
[13/12/2010 15:45:02] /m weepinbell s
[13/12/2010 15:45:26] /m weepinbell s
[13/12/2010 15:45:39] /m weepinbell s
[13/12/2010 15:46:16] /m geodude
[13/12/2010 15:51:15] /m geodude
[13/12/2010 15:51:26] /r
[13/12/2010 15:51:27] /r
[13/12/2010 15:52:53] /m articuno
[13/12/2010 16:01:01] /m weepinbell s
[13/12/2010 16:01:19] /ghost
[13/12/2010 16:01:20] /ghost
[13/12/2010 16:01:29] /s pidgey
[13/12/2010 16:01:38] /m victreebel
[13/12/2010 16:01:48] /s pidgey
[13/12/2010 16:08:05] /r
[13/12/2010 16:18:43] /m bellsprout s
[13/12/2010 16:18:52] /m bellsprout s
[13/12/2010 16:19:20] /m bellsprout
[13/12/2010 16:47:24] /s abra
[13/12/2010 17:01:25] /a 12
[13/12/2010 17:03:40] /s abra
[13/12/2010 17:41:59] /i 383
[13/12/2010 17:42:29] /i 1383
[13/12/2010 17:42:40] /i 1391
[13/12/2010 17:51:22] /a 4
[13/12/2010 17:51:22] /a 4
[13/12/2010 17:51:22] /a 4
[13/12/2010 17:51:27] /a 4
[13/12/2010 17:51:29] /a 4
[13/12/2010 17:55:55] /s abra
[13/12/2010 18:04:17] /r
[13/12/2010 18:04:38] /s abra
[13/12/2010 18:07:47] /r
[13/12/2010 19:05:17] /r
[13/12/2010 19:05:34] /a 4
[13/12/2010 19:05:42] /a 4
[13/12/2010 19:05:42] /a 4
[13/12/2010 19:05:43] /a 4
[13/12/2010 20:31:51] /m weepinbell s
[13/12/2010 20:32:03] /m weepinbell s
[13/12/2010 21:53:21] /a 5
[13/12/2010 21:53:22] /a 5
[13/12/2010 21:53:23] /a 5
[13/12/2010 21:53:25] /a 5
[13/12/2010 21:53:34] /a 6
[13/12/2010 21:53:51] /a 4
[13/12/2010 21:53:56] /a 4
[13/12/2010 21:53:57] /a 4
[13/12/2010 21:54:02] /a 6
[13/12/2010 21:54:10] /a 5
[13/12/2010 21:54:11] /a 5
[13/12/2010 21:54:12] /a 5
[13/12/2010 21:54:16] /a 4
[13/12/2010 21:54:19] /a 3
[13/12/2010 21:56:47] /a 3
[13/12/2010 21:56:52] /a 8
[13/12/2010 21:56:57] /a 8
[13/12/2010 21:56:59] /a 4
[13/12/2010 22:29:03] /a 4
[13/12/2010 22:41:54] /a 6
[13/12/2010 22:42:07] /a 3
[13/12/2010 22:42:16] /a 5
[13/12/2010 23:03:16] /pos
[13/12/2010 23:04:02] /r
[13/12/2010 23:11:32] /a 5
[13/12/2010 23:11:38] /a 2
[13/12/2010 23:11:42] /r
[13/12/2010 23:13:42] /a 4
[13/12/2010 23:13:51] /a 4
[13/12/2010 23:13:57] /a 4
[13/12/2010 23:25:27] /a 6
[13/12/2010 23:25:33] /a 
[13/12/2010 23:25:35] /a 4
[13/12/2010 23:25:39] /a 4
[13/12/2010 23:25:41] /a 5
[14/12/2010 00:26:59] /n bruna
[14/12/2010 02:00:46] /n bruna
[14/12/2010 02:31:21] /s porygon
[14/12/2010 02:40:51] /i 2146
[14/12/2010 02:40:54] /i 2148
[14/12/2010 02:40:57] /i 2160
[14/12/2010 02:51:38] /a 4
[14/12/2010 02:51:38] /a 4
[14/12/2010 02:51:39] /a 4
[14/12/2010 02:51:39] /a 4
[14/12/2010 02:51:40] /a 4
[14/12/2010 02:51:40] /a 4
[14/12/2010 02:51:41] /a 4
[14/12/2010 02:51:41] /a 4
[14/12/2010 02:51:42] /a 4
[14/12/2010 02:51:43] /a 4
[14/12/2010 02:51:47] /a 3
[14/12/2010 02:52:05] /storage
[14/12/2010 02:52:13] /storage 209910 1
[14/12/2010 02:52:15] /storage 209910 0
[14/12/2010 02:52:39] /storage 209910, 0
[14/12/2010 02:52:54] /storage Aabaa, 2099910
[14/12/2010 02:53:01] /storage Aabaa, 209910
[14/12/2010 02:53:04] /storage Aabaa, 209910, 0
[14/12/2010 02:53:34] /storage Aabaa, 209910
[14/12/2010 02:53:37] /a 5
[14/12/2010 02:53:38] /a 5
[14/12/2010 02:53:39] /a 5
[14/12/2010 02:54:01] /a 4
[14/12/2010 02:54:01] /a 4
[14/12/2010 02:54:02] /a 4
[14/12/2010 02:54:07] /a 3
[14/12/2010 02:54:58] /n bruna alakazam
[14/12/2010 02:55:50] /a 5
[14/12/2010 02:55:50] /a 5
[14/12/2010 02:55:51] /a 5
[14/12/2010 02:56:48] /n bruna alakazam
[14/12/2010 02:56:53] /r
[14/12/2010 02:56:56] /r
[14/12/2010 02:57:02] /a 15
[14/12/2010 02:57:06] /a 5
[14/12/2010 02:57:17] /a 2
[14/12/2010 13:42:47] /s geodude
[14/12/2010 13:43:47] /s bellsprout
[14/12/2010 14:12:47] /r
[14/12/2010 14:12:48] /r
[14/12/2010 14:12:52] /a 4
[14/12/2010 14:12:57] /a 4
[14/12/2010 14:12:58] /a 4
[14/12/2010 14:12:58] /a 4
[14/12/2010 14:13:11] /m pidgey s
[14/12/2010 14:15:39] /n bruna alakazam
[14/12/2010 14:15:52] /r
[14/12/2010 14:16:49] /n bruna alakazam
[14/12/2010 14:16:52] /r
[14/12/2010 14:18:23] /a 2
[14/12/2010 14:18:24] /a 2
[14/12/2010 14:20:06] /a 2
[14/12/2010 14:20:27] /a 4
[14/12/2010 14:20:37] /a 2
[14/12/2010 14:22:17] /a 1
[14/12/2010 14:22:19] /a 2
[14/12/2010 15:10:36] /a 2
[14/12/2010 15:10:48] /a 2
[14/12/2010 15:11:04] /a 2
[14/12/2010 15:43:28] /m weepinbell s
[14/12/2010 15:43:45] /m weepinbell s
[14/12/2010 15:43:45] /m weepinbell s
[14/12/2010 15:43:46] /m weepinbell s
[14/12/2010 15:43:46] /m weepinbell s
[14/12/2010 15:43:47] /m weepinbell s
[14/12/2010 15:43:47] /m weepinbell s
[14/12/2010 15:46:31] /t
[14/12/2010 15:47:24] /n bruna
[14/12/2010 15:47:51] /n bruna
[14/12/2010 15:47:54] /r
[14/12/2010 15:47:55] /a 4
[14/12/2010 15:47:57] /a 4
[14/12/2010 15:47:57] /a 4
[14/12/2010 15:47:58] /a 4
[14/12/2010 15:48:00] /r
[14/12/2010 15:49:47] /r
[14/12/2010 16:15:47] /m bellsprout s
[14/12/2010 16:17:09] /m bellsprout s
[14/12/2010 16:27:22] /m weepinbell s
[14/12/2010 16:27:55] /ghost
[14/12/2010 16:28:28] /m bellsprout s
[14/12/2010 16:28:36] /m bellsprout s
[14/12/2010 16:34:23] /m bellsprout s
[14/12/2010 16:35:03] /m bellsprout s
[14/12/2010 16:35:37] /m bellsprout s
[14/12/2010 16:35:47] /m bellsprout s
[14/12/2010 16:35:59] /m bellsprout s
[14/12/2010 16:36:14] /m weepinbell s
[14/12/2010 16:37:13] /m weepinbell s
[14/12/2010 16:37:42] /m weepinbell s
[14/12/2010 16:38:34] /m weepinbell s
[14/12/2010 16:39:19] /m weepinbell s
[14/12/2010 16:41:24] /m weepinbell s
[14/12/2010 16:42:17] /m bellsprout s
[14/12/2010 16:42:35] /m bellsprout s
[14/12/2010 16:42:53] /m bellsprout s
[14/12/2010 16:43:10] /m pidgeotto s
[14/12/2010 16:43:48] /m bellsprout s
[14/12/2010 17:01:13] /m weepinbell s
[14/12/2010 17:05:09] /m weepinbell s
[14/12/2010 17:09:01] /storage 100
[14/12/2010 17:09:10] /storage Aabaa, 100
[14/12/2010 17:09:13] /storage Aabaa, 101
[14/12/2010 17:09:14] /storage Aabaa, 102
[14/12/2010 17:09:16] /storage Aabaa, 102, 1
[14/12/2010 17:09:18] /storage Aabaa, 102
[14/12/2010 17:09:20] /storage Aabaa, 102, 3
[14/12/2010 17:09:24] /storage Aabaa, 102, 1
[14/12/2010 17:09:27] /storage Aabaa, 103, 1
[14/12/2010 17:09:30] /storage Aabaa, 104, 1
[14/12/2010 17:09:33] /storage Aabaa, 105, 1
[14/12/2010 17:09:35] /storage Aabaa, 106, 1
[14/12/2010 17:09:38] /storage Aabaa, 107, 1
[14/12/2010 17:09:40] /storage Aabaa, 108, 1
[14/12/2010 17:09:42] /storage Aabaa, 109, 1
[14/12/2010 17:09:57] /storage Aabaa, 110, 1
[14/12/2010 17:09:58] /storage Aabaa, 111, 1
[14/12/2010 17:10:01] /storage Aabaa, 112, 1
[14/12/2010 17:10:03] /storage Aabaa, 113, 1
[14/12/2010 17:10:05] /storage Aabaa, 114, 1
[14/12/2010 17:10:06] /storage Aabaa, 115, 1
[14/12/2010 17:23:28] /i 2142
[14/12/2010 17:23:32] /i 2146
[14/12/2010 17:23:33] /i 214
[14/12/2010 17:23:35] /i 2147
[14/12/2010 17:23:36] /i 2148
[14/12/2010 17:23:37] /i 2149
[14/12/2010 17:23:40] /i 2150
[14/12/2010 17:23:42] /i 2152
[14/12/2010 17:25:55] /n thief
[14/12/2010 17:26:16] /n thief
[14/12/2010 17:31:04] /n thief
[14/12/2010 18:40:45] /a 4
[14/12/2010 18:49:00] /a 4
[14/12/2010 18:54:24] /s gyarados
[14/12/2010 18:54:25] /a 3
[14/12/2010 18:54:25] /a 3
[14/12/2010 18:54:26] /a 3
[14/12/2010 18:54:27] /a 3
[14/12/2010 18:54:27] /a 3
[14/12/2010 18:54:28] /a 3
[14/12/2010 18:54:28] /a 3
[14/12/2010 18:56:55] /r
[14/12/2010 19:09:50] /m bellsprout s
[14/12/2010 19:10:29] /m bellsprout s
[14/12/2010 19:11:17] /m bellsprout s
[14/12/2010 19:11:37] /m bellsprout s
[14/12/2010 19:12:48] /m bellsprout s
[14/12/2010 19:13:13] /m bellsprout s
[14/12/2010 19:13:37] /m bellsprout s
[14/12/2010 19:13:44] /m bellsprout s
[14/12/2010 19:14:24] /m bellsprout s
[14/12/2010 19:14:29] /m bellsprout s
[14/12/2010 19:14:33] /m bellsprout s
[14/12/2010 19:14:35] /m bellsprout s
[14/12/2010 19:14:37] /m bellsprout s
[14/12/2010 19:14:39] /m bellsprout s
[14/12/2010 19:14:47] /m bellsprout s
[14/12/2010 19:14:58] /m bellsprout s
[14/12/2010 19:15:07] /m bellsprout s
[14/12/2010 19:15:14] /m bellsprout s
[14/12/2010 19:15:18] /m bellsprout s
[14/12/2010 19:15:21] /m bellsprout s
[14/12/2010 19:15:23] /m bellsprout s
[14/12/2010 19:15:45] /m bellsprout s
[14/12/2010 19:15:49] /r
[14/12/2010 19:15:51] /r
[14/12/2010 19:15:51] /r
[14/12/2010 19:15:53] /r
[14/12/2010 19:15:57] /m bellsprout s
[14/12/2010 19:16:00] /m bellsprout s
[14/12/2010 19:16:03] /m bellsprout s
[14/12/2010 19:16:16] /m bellsprout s
[14/12/2010 19:16:19] /m bellsprout s
[14/12/2010 19:16:21] /m bellsprout s
[14/12/2010 19:16:24] /m bellsprout s
[14/12/2010 19:16:26] /m bellsprout s
[14/12/2010 19:16:29] /m bellsprout s
[14/12/2010 19:16:31] /m bellsprout s
[14/12/2010 19:16:34] /m bellsprout s
[14/12/2010 19:16:38] /m bellsprout s
[14/12/2010 19:17:18] /m bellsprout s
[14/12/2010 19:17:23] /m bellsprout s
[14/12/2010 19:18:08] /m bellsprout s
[14/12/2010 19:18:16] /m bellsprout s
[14/12/2010 19:18:39] /m bellsprout s
[14/12/2010 19:18:41] /m bellsprout s
[14/12/2010 19:18:44] /m bellsprout s
[14/12/2010 19:18:46] /m bellsprout s
[14/12/2010 19:18:48] /m bellsprout s
[14/12/2010 19:18:50] /m bellsprout s
[14/12/2010 19:18:52] /m bellsprout s
[14/12/2010 19:18:54] /m bellsprout s
[14/12/2010 19:18:56] /m bellsprout s
[14/12/2010 19:18:58] /m bellsprout s
[14/12/2010 19:19:00] /m bellsprout s
[14/12/2010 19:19:01] /m bellsprout s
[14/12/2010 19:19:03] /m bellsprout s
[14/12/2010 19:19:04] /m bellsprout s
[14/12/2010 19:19:06] /m bellsprout s
[14/12/2010 19:19:22] /m bellsprout s
[14/12/2010 19:19:25] /m bellsprout s
[14/12/2010 19:19:28] /m bellsprout s
[14/12/2010 19:19:32] /m bellsprout s
[14/12/2010 19:19:34] /m bellsprout s
[14/12/2010 19:19:37] /m bellsprout s
[14/12/2010 19:19:39] /m bellsprout s
[14/12/2010 19:19:41] /m bellsprout s
[14/12/2010 19:19:46] /m bellsprout s
[14/12/2010 19:20:18] /m bellsprout s
[14/12/2010 19:20:20] /m bellsprout s
[14/12/2010 19:20:25] /m bellsprout s
[14/12/2010 19:20:27] /m bellsprout s
[14/12/2010 19:20:29] /m bellsprout s
[14/12/2010 19:20:47] /m bellsprout s
[14/12/2010 19:20:50] /m bellsprout s
[14/12/2010 19:20:57] /m bellsprout s
[14/12/2010 19:21:01] /m bellsprout s
[14/12/2010 19:21:03] /m bellsprout s
[14/12/2010 19:21:08] /m bellsprout s
[14/12/2010 19:21:10] /m bellsprout s
[14/12/2010 19:21:13] /m bellsprout s
[14/12/2010 19:21:16] /m bellsprout s
[14/12/2010 19:21:18] /m bellsprout s
[14/12/2010 19:21:23] /m bellsprout s
[14/12/2010 19:21:41] /m bellsprout s
[14/12/2010 19:21:42] /m bellsprout s
[14/12/2010 19:21:43] /m bellsprout s
[14/12/2010 19:21:44] /m bellsprout s
[14/12/2010 19:21:46] /m bellsprout s
[14/12/2010 19:21:47] /m bellsprout s
[14/12/2010 19:21:48] /m bellsprout s
[14/12/2010 19:21:49] /m bellsprout s
[14/12/2010 19:21:50] /m bellsprout s
[14/12/2010 19:21:50] /m bellsprout s
[14/12/2010 19:21:54] /m bellsprout s
[14/12/2010 19:21:54] /m bellsprout s
[14/12/2010 19:21:54] /m bellsprout s
[14/12/2010 19:21:54] /m bellsprout s
[14/12/2010 19:21:54] /m bellsprout s
[14/12/2010 19:21:54] /m bellsprout s
[14/12/2010 19:22:00] /m bellsprout s
[14/12/2010 19:22:02] /m bellsprout s
[14/12/2010 19:22:04] /m bellsprout s
[14/12/2010 19:22:05] /m bellsprout s
[14/12/2010 19:22:08] /m bellsprout s
[14/12/2010 19:22:09] /m bellsprout s
[14/12/2010 19:22:11] /m bellsprout s
[14/12/2010 19:22:12] /m bellsprout s
[14/12/2010 19:22:13] /m bellsprout s
[14/12/2010 19:22:24] /m bellsprout s
[14/12/2010 19:22:25] /m bellsprout s
[14/12/2010 19:22:26] /m bellsprout s
[14/12/2010 19:22:27] /m bellsprout s
[14/12/2010 19:22:28] /m bellsprout s
[14/12/2010 19:22:29] /m bellsprout s
[14/12/2010 19:22:30] /m bellsprout s
[14/12/2010 19:22:31] /m bellsprout s
[14/12/2010 19:22:31] /m bellsprout s
[14/12/2010 19:22:32] /m bellsprout s
[14/12/2010 19:22:33] /m bellsprout s
[14/12/2010 19:22:35] /m bellsprout s
[14/12/2010 19:22:37] /m bellsprout s
[14/12/2010 19:22:41] /m bellsprout s
[14/12/2010 19:22:45] /m bellsprout s
[14/12/2010 19:22:45] /m bellsprout s
[14/12/2010 19:22:45] /m bellsprout s
[14/12/2010 19:22:46] /m bellsprout s
[14/12/2010 19:31:23] /m bellsprout s
[14/12/2010 19:31:37] /m bellsprout s
[14/12/2010 19:31:50] /m bellsprout s
[14/12/2010 19:31:54] /m bellsprout s
[14/12/2010 19:32:19] /a 2
[14/12/2010 19:32:19] /a 2
[14/12/2010 19:34:36] /a 4
[14/12/2010 19:34:36] /a 4
[14/12/2010 19:34:37] /a 4
[14/12/2010 19:38:55] /ghost
[14/12/2010 19:38:56] /ghost
[14/12/2010 19:40:16] /m weepinbell s
[14/12/2010 19:54:59] /r
[14/12/2010 20:06:20] /a 2
[14/12/2010 20:06:22] /n nurse chansey
[14/12/2010 20:06:25] /a 2
[14/12/2010 23:06:19] /a 2
[14/12/2010 23:07:14] /a 3
[14/12/2010 23:07:14] /a 3
[14/12/2010 23:07:15] /a 3
[14/12/2010 23:07:22] /a 4
[14/12/2010 23:07:23] /a 4
[14/12/2010 23:07:24] /a 4
[14/12/2010 23:07:24] /a 4
[14/12/2010 23:07:25] /a 4
[14/12/2010 23:07:26] /a 4
[14/12/2010 23:07:32] /a 3
[14/12/2010 23:07:37] /a 14
[14/12/2010 23:12:10] /a 4
[14/12/2010 23:12:11] /a 4
[14/12/2010 23:12:11] /a 4
[14/12/2010 23:12:12] /a 4
[14/12/2010 23:12:14] /a 4
[14/12/2010 23:12:19] /a 4
[14/12/2010 23:12:19] /a 4
[14/12/2010 23:12:19] /a 4
[14/12/2010 23:12:20] /a 4
[14/12/2010 23:12:20] /a 4
[14/12/2010 23:12:21] /a 4
[14/12/2010 23:12:22] /a 4
[14/12/2010 23:12:23] /a 4
[14/12/2010 23:12:23] /a 4
[14/12/2010 23:12:23] /a 4
[14/12/2010 23:12:24] /a 4
[14/12/2010 23:12:24] /a 4
[14/12/2010 23:12:25] /a 4
[14/12/2010 23:12:26] /a 4
[14/12/2010 23:13:23] /r
[14/12/2010 23:13:25] /r
[14/12/2010 23:16:45] /n thief
[14/12/2010 23:17:50] /n thief
[14/12/2010 23:19:15] /n thief
[14/12/2010 23:20:51] /r
[14/12/2010 23:34:22] /n hiker
[14/12/2010 23:34:26] /n hiker johnny
[15/12/2010 00:06:34] /r
[15/12/2010 00:06:47] /a 45
[15/12/2010 00:06:49] /a 45
[15/12/2010 00:07:10] /a 45
[15/12/2010 00:10:24] /a 4
[15/12/2010 00:10:25] /a 4
[15/12/2010 00:11:10] /m articuno
[15/12/2010 00:17:46] /a 2
[15/12/2010 00:26:33] /goto articuno
[15/12/2010 00:26:39] /m articuno
[15/12/2010 00:27:13] /m articuno
[15/12/2010 00:27:16] /a 5
[15/12/2010 00:27:19] /goto articuno
[15/12/2010 00:28:01] /m articuno
[15/12/2010 00:28:34] /a 4
[15/12/2010 00:28:51] /m weepinbell s
[15/12/2010 00:28:56] /m pidgey s
[15/12/2010 00:29:01] /m bellsprout s
[15/12/2010 00:29:02] /m bellsprout s
[15/12/2010 00:29:02] /m bellsprout s
[15/12/2010 00:29:02] /m bellsprout s
[15/12/2010 00:29:02] /m bellsprout s
[15/12/2010 00:29:02] /m bellsprout s
[15/12/2010 00:29:03] /m bellsprout s
[15/12/2010 00:29:03] /m bellsprout s
[15/12/2010 00:29:20] /m weepinbell s
[15/12/2010 00:29:20] /m weepinbell s
[15/12/2010 00:29:20] /m weepinbell s
[15/12/2010 00:29:21] /m weepinbell s
[15/12/2010 00:29:21] /m weepinbell s
[15/12/2010 00:29:36] /m weepinbell s
[15/12/2010 00:29:54] /m weepinbell s
[15/12/2010 00:29:55] /m weepinbell s
[15/12/2010 00:29:55] /m weepinbell s
[15/12/2010 00:29:55] /m weepinbell s
[15/12/2010 00:29:57] /m weepinbell s
[15/12/2010 00:30:10] /m weepinbell s
[15/12/2010 00:30:10] /m weepinbell s
[15/12/2010 00:30:11] /m weepinbell s
[15/12/2010 00:30:11] /m weepinbell s
[15/12/2010 00:30:11] /m weepinbell s
[15/12/2010 00:30:12] /m weepinbell s
[15/12/2010 00:30:12] /m weepinbell s
[15/12/2010 00:30:12] /m weepinbell s
[15/12/2010 00:30:13] /m weepinbell s
[15/12/2010 00:30:13] /m weepinbell s
[15/12/2010 00:30:13] /m weepinbell s
[15/12/2010 00:30:40] /r
[15/12/2010 00:30:43] /a 
[15/12/2010 00:30:44] /a 3
[15/12/2010 00:30:45] /a 3
[15/12/2010 00:30:46] /a 3
[15/12/2010 00:30:47] /a 3
[15/12/2010 00:30:47] /a 3
[15/12/2010 00:30:48] /a 3
[15/12/2010 00:30:48] /a 3
[15/12/2010 00:30:49] /a 3
[15/12/2010 00:30:50] /a 3
[15/12/2010 00:30:51] /a 3
[15/12/2010 00:30:52] /a 3
[15/12/2010 00:30:53] /a 3
[15/12/2010 00:30:54] /a 3
[15/12/2010 00:30:58] /a 3
[15/12/2010 00:30:59] /a 3
[15/12/2010 00:31:00] /a 3
[15/12/2010 00:31:01] /a 3
[15/12/2010 00:31:01] /a 3
[15/12/2010 00:31:02] /a 3
[15/12/2010 00:31:02] /a 3
[15/12/2010 00:31:02] /a 3
[15/12/2010 00:31:03] /a 3
[15/12/2010 00:31:04] /a 3
[15/12/2010 00:31:04] /a 3
[15/12/2010 00:31:12] /r
[15/12/2010 00:32:48] /m bellsprout s
[15/12/2010 00:33:42] /a 10
[15/12/2010 00:33:44] /a 10
[15/12/2010 00:34:12] /a 4
[15/12/2010 00:34:13] /a 4
[15/12/2010 00:40:37] /a 4
[15/12/2010 00:40:38] /a 4
[15/12/2010 00:40:39] /a 4
[15/12/2010 00:40:45] /m articuno
[15/12/2010 00:40:47] /m articuno
[15/12/2010 00:40:47] /m articuno
[15/12/2010 00:44:58] /a 5
[15/12/2010 00:45:28] /m weepinbell s
[15/12/2010 00:45:34] /m weepinbell s
[15/12/2010 00:45:35] /m weepinbell s
[15/12/2010 00:45:35] /m weepinbell s
[15/12/2010 00:47:14] /m bellsprot s
[15/12/2010 00:47:16] /m bellsprout s
[15/12/2010 00:47:21] /r
[15/12/2010 00:47:23] /r
[15/12/2010 00:47:25] /m bellsprout s
[15/12/2010 00:47:28] /m bellsprout s
[15/12/2010 00:47:29] /m bellsprout s
[15/12/2010 00:48:40] /a 4
[15/12/2010 00:48:40] /a 4
[15/12/2010 00:48:41] /a 4
[15/12/2010 00:48:45] /m bellsprout s
[15/12/2010 00:48:48] /m bellsprout s
[15/12/2010 00:48:48] /m bellsprout s
[15/12/2010 00:48:48] /m bellsprout s
[15/12/2010 00:48:48] /m bellsprout s
[15/12/2010 00:48:48] /m bellsprout s
[15/12/2010 00:48:48] /m bellsprout s
[15/12/2010 00:48:48] /m bellsprout s
[15/12/2010 00:48:48] /m bellsprout s
[15/12/2010 00:48:48] /m bellsprout s
[15/12/2010 00:48:48] /m bellsprout s
[15/12/2010 00:48:48] /m bellsprout s
[15/12/2010 00:48:48] /m bellsprout s
[15/12/2010 00:48:48] /m bellsprout s
[15/12/2010 00:48:48] /m bellsprout s
[15/12/2010 00:48:48] /m bellsprout s
[15/12/2010 00:48:48] /m bellsprout s
[15/12/2010 00:48:48] /m bellsprout s
[15/12/2010 00:48:48] /m bellsprout s
[15/12/2010 00:48:48] /m bellsprout s
[15/12/2010 00:48:48] /m bellsprout s
[15/12/2010 00:48:48] /m bellsprout s
[15/12/2010 00:48:49] /m bellsprout s
[15/12/2010 00:48:49] /m bellsprout s
[15/12/2010 00:48:49] /m bellsprout s
[15/12/2010 00:48:49] /m bellsprout s
[15/12/2010 00:48:49] /m bellsprout s
[15/12/2010 00:48:49] /m bellsprout s
[15/12/2010 00:48:49] /m bellsprout s
[15/12/2010 00:48:49] /m bellsprout s
[15/12/2010 00:49:04] /m bellsprout s
[15/12/2010 00:49:04] /m bellsprout s
[15/12/2010 00:49:04] /m bellsprout s
[15/12/2010 00:49:04] /m bellsprout s
[15/12/2010 00:49:04] /m bellsprout s
[15/12/2010 00:49:04] /m bellsprout s
[15/12/2010 00:49:04] /m bellsprout s
[15/12/2010 00:49:04] /m bellsprout s
[15/12/2010 00:49:04] /m bellsprout s
[15/12/2010 00:49:04] /m bellsprout s
[15/12/2010 00:49:04] /m bellsprout s
[15/12/2010 00:49:04] /m bellsprout s
[15/12/2010 00:49:04] /m bellsprout s
[15/12/2010 00:49:24] /m bellsprout s
[15/12/2010 00:49:24] /m bellsprout s
[15/12/2010 00:49:24] /m bellsprout s
[15/12/2010 00:49:24] /m bellsprout s
[15/12/2010 00:49:24] /m bellsprout s
[15/12/2010 00:49:24] /m bellsprout s
[15/12/2010 00:49:24] /m bellsprout s
[15/12/2010 00:49:24] /m bellsprout s
[15/12/2010 00:49:24] /m bellsprout s
[15/12/2010 00:49:24] /m bellsprout s
[15/12/2010 00:49:24] /m bellsprout s
[15/12/2010 00:49:24] /m bellsprout s
[15/12/2010 00:49:24] /m bellsprout s
[15/12/2010 00:49:24] /m bellsprout s
[15/12/2010 00:49:24] /m bellsprout s
[15/12/2010 00:49:24] /m bellsprout s
[15/12/2010 00:49:24] /m bellsprout s
[15/12/2010 00:49:24] /m bellsprout s
[15/12/2010 00:49:35] /m bellsprout s
[15/12/2010 00:49:35] /m bellsprout s
[15/12/2010 00:49:35] /m bellsprout s
[15/12/2010 00:49:35] /m bellsprout s
[15/12/2010 00:49:35] /m bellsprout s
[15/12/2010 00:49:35] /m bellsprout s
[15/12/2010 00:49:35] /m bellsprout s
[15/12/2010 00:49:35] /m bellsprout s
[15/12/2010 00:49:35] /m bellsprout s
[15/12/2010 00:49:35] /m bellsprout s
[15/12/2010 00:49:35] /m bellsprout s
[15/12/2010 00:49:35] /m bellsprout s
[15/12/2010 00:49:43] /m bellsprout s
[15/12/2010 00:49:43] /m bellsprout s
[15/12/2010 00:49:43] /m bellsprout s
[15/12/2010 00:49:43] /m bellsprout s
[15/12/2010 00:49:43] /m bellsprout s
[15/12/2010 00:49:43] /m bellsprout s
[15/12/2010 00:49:43] /m bellsprout s
[15/12/2010 00:49:43] /m bellsprout s
[15/12/2010 00:49:43] /m bellsprout s
[15/12/2010 00:49:43] /m bellsprout s
[15/12/2010 00:49:43] /m bellsprout s
[15/12/2010 00:49:43] /m bellsprout s
[15/12/2010 00:49:43] /m bellsprout s
[15/12/2010 00:49:43] /m bellsprout s
[15/12/2010 00:49:43] /m bellsprout s
[15/12/2010 00:49:43] /m bellsprout s
[15/12/2010 00:49:43] /m bellsprout s
[15/12/2010 00:49:43] /m bellsprout s
[15/12/2010 00:49:51] /m bellsprout s
[15/12/2010 00:49:51] /m bellsprout s
[15/12/2010 00:49:51] /m bellsprout s
[15/12/2010 00:49:51] /m bellsprout s
[15/12/2010 00:49:51] /m bellsprout s
[15/12/2010 00:49:51] /m bellsprout s
[15/12/2010 00:49:51] /m bellsprout s
[15/12/2010 00:49:51] /m bellsprout s
[15/12/2010 00:49:52] /m bellsprout s
[15/12/2010 00:49:52] /m bellsprout s
[15/12/2010 00:49:52] /m bellsprout s
[15/12/2010 00:49:52] /m bellsprout s
[15/12/2010 00:49:52] /m bellsprout s
[15/12/2010 00:49:52] /m bellsprout s
[15/12/2010 00:49:52] /m bellsprout s
[15/12/2010 00:49:52] /m bellsprout s
[15/12/2010 00:49:52] /m bellsprout s
[15/12/2010 00:49:52] /m bellsprout s
[15/12/2010 00:49:52] /m bellsprout s
[15/12/2010 00:49:56] /m bellsprout s
[15/12/2010 00:49:56] /m bellsprout s
[15/12/2010 00:49:56] /m bellsprout s
[15/12/2010 00:49:57] /m bellsprout s
[15/12/2010 00:49:57] /m bellsprout s
[15/12/2010 00:49:57] /m bellsprout s
[15/12/2010 00:49:57] /m bellsprout s
[15/12/2010 00:49:57] /m bellsprout s
[15/12/2010 00:49:57] /m bellsprout s
[15/12/2010 00:49:57] /m bellsprout s
[15/12/2010 00:49:57] /m bellsprout s
[15/12/2010 00:49:57] /m bellsprout s
[15/12/2010 00:49:57] /m bellsprout s
[15/12/2010 00:50:00] /m bellsprout s
[15/12/2010 00:50:00] /m bellsprout s
[15/12/2010 00:50:00] /m bellsprout s
[15/12/2010 00:50:00] /m bellsprout s
[15/12/2010 00:50:00] /m bellsprout s
[15/12/2010 00:50:00] /m bellsprout s
[15/12/2010 00:50:00] /m bellsprout s
[15/12/2010 00:50:00] /m bellsprout s
[15/12/2010 00:50:00] /m bellsprout s
[15/12/2010 00:50:00] /m bellsprout s
[15/12/2010 00:50:00] /m bellsprout s
[15/12/2010 00:50:00] /m bellsprout s
[15/12/2010 00:50:00] /m bellsprout s
[15/12/2010 00:50:00] /m bellsprout s
[15/12/2010 00:50:00] /m bellsprout s
[15/12/2010 00:50:01] /m bellsprout s
[15/12/2010 00:50:01] /m bellsprout s
[15/12/2010 00:50:01] /m bellsprout s
[15/12/2010 00:50:01] /m bellsprout s
[15/12/2010 00:50:01] /m bellsprout s
[15/12/2010 00:50:01] /m bellsprout s
[15/12/2010 00:50:01] /m bellsprout s
[15/12/2010 00:50:04] /m bellsprout s
[15/12/2010 00:50:04] /m bellsprout s
[15/12/2010 00:50:04] /m bellsprout s
[15/12/2010 00:50:04] /m bellsprout s
[15/12/2010 00:50:05] /m bellsprout s
[15/12/2010 00:50:05] /m bellsprout s
[15/12/2010 00:50:05] /m bellsprout s
[15/12/2010 00:50:05] /m bellsprout s
[15/12/2010 00:50:05] /m bellsprout s
[15/12/2010 00:50:05] /m bellsprout s
[15/12/2010 00:50:05] /m bellsprout s
[15/12/2010 00:50:05] /m bellsprout s
[15/12/2010 00:50:05] /m bellsprout s
[15/12/2010 00:50:05] /m bellsprout s
[15/12/2010 00:50:05] /m bellsprout s
[15/12/2010 00:50:05] /m bellsprout s
[15/12/2010 00:50:05] /m bellsprout s
[15/12/2010 00:50:05] /m bellsprout s
[15/12/2010 00:50:05] /m bellsprout s
[15/12/2010 00:50:05] /m bellsprout s
[15/12/2010 00:50:05] /m bellsprout s
[15/12/2010 00:50:05] /m bellsprout s
[15/12/2010 00:50:05] /m bellsprout s
[15/12/2010 00:50:05] /m bellsprout s
[15/12/2010 00:50:05] /m bellsprout s
[15/12/2010 00:50:05] /m bellsprout s
[15/12/2010 00:50:05] /m bellsprout s
[15/12/2010 00:50:05] /m bellsprout s
[15/12/2010 00:50:05] /m bellsprout s
[15/12/2010 00:50:05] /m bellsprout s
[15/12/2010 00:50:05] /m bellsprout s
[15/12/2010 00:50:05] /m bellsprout s
[15/12/2010 00:50:05] /m bellsprout s
[15/12/2010 00:50:05] /m bellsprout s
[15/12/2010 00:50:05] /m bellsprout s
[15/12/2010 00:50:05] /m bellsprout s
[15/12/2010 00:50:06] /m bellsprout s
[15/12/2010 00:50:06] /m bellsprout s
[15/12/2010 00:50:06] /m bellsprout s
[15/12/2010 00:50:06] /m bellsprout s
[15/12/2010 00:50:06] /m bellsprout s
[15/12/2010 00:50:06] /m bellsprout s
[15/12/2010 00:50:06] /m bellsprout s
[15/12/2010 00:50:06] /m bellsprout s
[15/12/2010 00:50:06] /m bellsprout s
[15/12/2010 00:50:06] /m bellsprout s
[15/12/2010 00:50:06] /m bellsprout s
[15/12/2010 00:50:06] /m bellsprout s
[15/12/2010 00:50:06] /m bellsprout s
[15/12/2010 00:50:06] /m bellsprout s
[15/12/2010 00:50:06] /m bellsprout s
[15/12/2010 00:50:06] /m bellsprout s
[15/12/2010 00:50:06] /m bellsprout s
[15/12/2010 00:50:06] /m bellsprout s
[15/12/2010 00:50:06] /m bellsprout s
[15/12/2010 00:50:06] /m bellsprout s
[15/12/2010 00:50:06] /m bellsprout s
[15/12/2010 00:50:06] /m bellsprout s
[15/12/2010 00:50:06] /m bellsprout s
[15/12/2010 00:50:06] /m bellsprout s
[15/12/2010 00:50:06] /m bellsprout s
[15/12/2010 00:50:06] /m bellsprout s
[15/12/2010 00:50:06] /m bellsprout s
[15/12/2010 00:50:06] /m bellsprout s
[15/12/2010 00:50:06] /m bellsprout s
[15/12/2010 00:50:06] /m bellsprout s
[15/12/2010 00:50:06] /m bellsprout s
[15/12/2010 00:50:07] /m bellsprout s
[15/12/2010 00:50:07] /m bellsprout s
[15/12/2010 00:50:07] /m bellsprout s
[15/12/2010 00:50:07] /m bellsprout s
[15/12/2010 00:50:07] /m bellsprout s
[15/12/2010 00:50:07] /m bellsprout s
[15/12/2010 00:50:07] /m bellsprout s
[15/12/2010 00:50:07] /m bellsprout s
[15/12/2010 00:50:07] /m bellsprout s
[15/12/2010 00:50:07] /m bellsprout s
[15/12/2010 00:50:07] /m bellsprout s
[15/12/2010 00:50:07] /m bellsprout s
[15/12/2010 00:50:07] /m bellsprout s
[15/12/2010 00:50:07] /m bellsprout s
[15/12/2010 00:50:07] /m bellsprout s
[15/12/2010 00:50:07] /m bellsprout s
[15/12/2010 00:50:07] /m bellsprout s
[15/12/2010 00:50:07] /m bellsprout s
[15/12/2010 00:50:07] /m bellsprout s
[15/12/2010 00:50:07] /m bellsprout s
[15/12/2010 00:50:07] /m bellsprout s
[15/12/2010 00:50:07] /m bellsprout s
[15/12/2010 00:50:07] /m bellsprout s
[15/12/2010 00:50:07] /m bellsprout s
[15/12/2010 00:50:07] /m bellsprout s
[15/12/2010 00:50:07] /m bellsprout s
[15/12/2010 00:50:07] /m bellsprout s
[15/12/2010 00:50:07] /m bellsprout s
[15/12/2010 00:50:07] /m bellsprout s
[15/12/2010 00:50:07] /m bellsprout s
[15/12/2010 00:50:07] /m bellsprout s
[15/12/2010 00:50:07] /m bellsprout s
[15/12/2010 00:50:08] /m bellsprout s
[15/12/2010 00:50:08] /m bellsprout s
[15/12/2010 00:50:08] /m bellsprout s
[15/12/2010 00:50:08] /m bellsprout s
[15/12/2010 00:50:08] /m bellsprout s
[15/12/2010 00:50:08] /m bellsprout s
[15/12/2010 00:50:08] /m bellsprout s
[15/12/2010 00:50:08] /m bellsprout s
[15/12/2010 00:50:08] /m bellsprout s
[15/12/2010 00:50:08] /m bellsprout s
[15/12/2010 00:50:08] /m bellsprout s
[15/12/2010 00:50:08] /m bellsprout s
[15/12/2010 00:50:08] /m bellsprout s
[15/12/2010 00:50:08] /m bellsprout s
[15/12/2010 00:50:08] /m bellsprout s
[15/12/2010 00:50:08] /m bellsprout s
[15/12/2010 00:50:08] /m bellsprout s
[15/12/2010 00:50:08] /m bellsprout s
[15/12/2010 00:50:08] /m bellsprout s
[15/12/2010 00:50:08] /m bellsprout s
[15/12/2010 00:50:08] /m bellsprout s
[15/12/2010 00:50:08] /m bellsprout s
[15/12/2010 00:50:08] /m bellsprout s
[15/12/2010 00:50:08] /m bellsprout s
[15/12/2010 00:50:08] /m bellsprout s
[15/12/2010 00:50:08] /m bellsprout s
[15/12/2010 00:50:08] /m bellsprout s
[15/12/2010 00:50:08] /m bellsprout s
[15/12/2010 00:50:08] /m bellsprout s
[15/12/2010 00:50:08] /m bellsprout s
[15/12/2010 00:50:08] /m bellsprout s
[15/12/2010 00:50:09] /m bellsprout s
[15/12/2010 00:50:09] /m bellsprout s
[15/12/2010 00:50:09] /m bellsprout s
[15/12/2010 00:50:09] /m bellsprout s
[15/12/2010 00:50:09] /m bellsprout s
[15/12/2010 00:50:09] /m bellsprout s
[15/12/2010 00:50:09] /m bellsprout s
[15/12/2010 00:50:09] /m bellsprout s
[15/12/2010 00:50:09] /m bellsprout s
[15/12/2010 00:50:09] /m bellsprout s
[15/12/2010 00:50:09] /m bellsprout s
[15/12/2010 00:50:09] /m bellsprout s
[15/12/2010 00:50:09] /m bellsprout s
[15/12/2010 00:50:09] /m bellsprout s
[15/12/2010 00:50:09] /m bellsprout s
[15/12/2010 00:50:09] /m bellsprout s
[15/12/2010 00:50:09] /m bellsprout s
[15/12/2010 00:50:09] /m bellsprout s
[15/12/2010 00:50:09] /m bellsprout s
[15/12/2010 00:50:09] /m bellsprout s
[15/12/2010 00:50:09] /m bellsprout s
[15/12/2010 00:50:09] /m bellsprout s
[15/12/2010 00:50:09] /m bellsprout s
[15/12/2010 00:50:09] /m bellsprout s
[15/12/2010 00:50:09] /m bellsprout s
[15/12/2010 00:50:09] /m bellsprout s
[15/12/2010 00:50:09] /m bellsprout s
[15/12/2010 00:50:09] /m bellsprout s
[15/12/2010 00:50:09] /m bellsprout s
[15/12/2010 00:50:09] /m bellsprout s
[15/12/2010 00:50:09] /m bellsprout s
[15/12/2010 00:50:09] /m bellsprout s
[15/12/2010 00:50:10] /m bellsprout s
[15/12/2010 00:50:10] /m bellsprout s
[15/12/2010 00:50:10] /m bellsprout s
[15/12/2010 00:50:10] /m bellsprout s
[15/12/2010 00:50:10] /m bellsprout s
[15/12/2010 00:50:10] /m bellsprout s
[15/12/2010 00:50:10] /m bellsprout s
[15/12/2010 00:50:10] /m bellsprout s
[15/12/2010 00:50:10] /m bellsprout s
[15/12/2010 00:50:10] /m bellsprout s
[15/12/2010 00:50:10] /m bellsprout s
[15/12/2010 00:50:10] /m bellsprout s
[15/12/2010 00:50:10] /m bellsprout s
[15/12/2010 00:50:10] /m bellsprout s
[15/12/2010 00:50:10] /m bellsprout s
[15/12/2010 00:50:10] /m bellsprout s
[15/12/2010 00:50:10] /m bellsprout s
[15/12/2010 00:50:10] /m bellsprout s
[15/12/2010 00:50:10] /m bellsprout s
[15/12/2010 00:50:10] /m bellsprout s
[15/12/2010 00:51:13] /m bellsprout s
[15/12/2010 00:51:13] /m bellsprout s
[15/12/2010 00:51:13] /m bellsprout s
[15/12/2010 00:51:13] /m bellsprout s
[15/12/2010 00:51:13] /m bellsprout s
[15/12/2010 00:51:13] /m bellsprout s
[15/12/2010 00:51:13] /m bellsprout s
[15/12/2010 00:51:13] /m bellsprout s
[15/12/2010 00:51:14] /m bellsprout s
[15/12/2010 00:51:14] /m bellsprout s
[15/12/2010 00:51:14] /m bellsprout s
[15/12/2010 00:51:14] /m bellsprout s
[15/12/2010 00:51:14] /m bellsprout s
[15/12/2010 00:51:14] /m bellsprout s
[15/12/2010 00:51:14] /m bellsprout s
[15/12/2010 00:51:14] /m bellsprout s
[15/12/2010 00:51:14] /m bellsprout s
[15/12/2010 00:56:29] /m bellsptou s
[15/12/2010 00:56:32] /m bellsprout s
[15/12/2010 00:56:32] /m bellsprout s
[15/12/2010 00:56:32] /m bellsprout s
[15/12/2010 00:56:32] /m bellsprout s
[15/12/2010 00:56:32] /m bellsprout s
[15/12/2010 00:56:32] /m bellsprout s
[15/12/2010 00:56:32] /m bellsprout s
[15/12/2010 00:56:32] /m bellsprout s
[15/12/2010 00:56:32] /m bellsprout s
[15/12/2010 00:56:32] /m bellsprout s
[15/12/2010 00:57:05] /m bellsprout s
[15/12/2010 00:57:06] /m bellsprout s
[15/12/2010 00:57:06] /m bellsprout s
[15/12/2010 00:57:06] /m bellsprout s
[15/12/2010 00:57:06] /m bellsprout s
[15/12/2010 00:57:06] /m bellsprout s
[15/12/2010 00:57:06] /m bellsprout s
[15/12/2010 00:57:06] /m bellsprout s
[15/12/2010 00:57:06] /m bellsprout s
[15/12/2010 00:57:06] /m bellsprout s
[15/12/2010 00:57:06] /m bellsprout s
[15/12/2010 00:57:06] /m bellsprout s
[15/12/2010 00:57:06] /m bellsprout s
[15/12/2010 00:57:06] /m bellsprout s
[15/12/2010 00:57:06] /m bellsprout s
[15/12/2010 00:57:06] /m bellsprout s
[15/12/2010 00:57:06] /m bellsprout s
[15/12/2010 00:57:06] /m bellsprout s
[15/12/2010 00:57:06] /m bellsprout s
[15/12/2010 00:57:06] /m bellsprout s
[15/12/2010 00:57:06] /m bellsprout s
[15/12/2010 00:57:06] /m bellsprout s
[15/12/2010 02:12:18] /s rattata
[15/12/2010 02:12:27] /m bellsprout s
[15/12/2010 02:12:54] /m bellsprout s
[15/12/2010 02:13:59] /r
[15/12/2010 02:14:50] /m rattata
[15/12/2010 02:16:50] /m rattata 
[15/12/2010 02:17:32] /s geodude
[15/12/2010 02:17:34] /m rattata
[15/12/2010 02:18:14] /r
[15/12/2010 02:18:16] /m rattata s
[15/12/2010 02:18:18] /s geodude
[15/12/2010 02:18:25] /r
[15/12/2010 02:18:26] /r
[15/12/2010 02:18:28] /r
[15/12/2010 02:23:00] /m rattata s
[15/12/2010 02:23:34] /s golem
[15/12/2010 02:23:56] /r
[15/12/2010 02:23:58] /s gengar
[15/12/2010 02:24:56] /r
[15/12/2010 02:24:57] /r
[15/12/2010 02:25:01] /m graveler
[15/12/2010 02:26:19] /m alakazam
[15/12/2010 02:26:58] /s alakazam
[15/12/2010 02:27:00] /s alakazam
[15/12/2010 02:27:01] /s alakazam
[15/12/2010 02:27:25] /r
[15/12/2010 02:27:27] /r
[15/12/2010 02:27:29] /r
[15/12/2010 02:27:30] /r
[15/12/2010 02:27:33] /r
[15/12/2010 02:33:49] /s zubat
[15/12/2010 02:33:51] /m geodude
[15/12/2010 02:34:26] /r
[15/12/2010 02:34:31] /m zubat s
[15/12/2010 02:34:37] /m zubat s
[15/12/2010 02:34:41] /m zubat s
[15/12/2010 02:34:58] /m golbat s
[15/12/2010 02:35:27] /m golbat s
[15/12/2010 02:35:45] /m golbat s
[15/12/2010 02:47:54] /m zubat s
[15/12/2010 02:48:24] /s golem 
[15/12/2010 02:48:26] /m zubat s
[15/12/2010 02:49:25] /r
[15/12/2010 02:49:32] /s golbat
[15/12/2010 02:49:41] /r
[15/12/2010 02:53:50] /m golbat s
[15/12/2010 02:54:44] /r
[15/12/2010 02:54:51] /r
[15/12/2010 02:54:54] /m golbat s
[15/12/2010 02:55:06] /m zubat s
[15/12/2010 03:03:37] /m golbat s
[15/12/2010 03:03:46] /m zubat s
[15/12/2010 03:26:13] /i 2284
[15/12/2010 03:29:04] /n profburton
[15/12/2010 03:29:11] /n professor burton
[15/12/2010 03:29:43] /n professor burton
[15/12/2010 03:30:00] /n professor burton
[15/12/2010 03:32:17] /s graveler
[15/12/2010 03:32:21] /s golem
[15/12/2010 03:32:28] /r
[15/12/2010 03:32:29] /r
[15/12/2010 03:32:30] /r
[15/12/2010 03:32:32] /r
[15/12/2010 03:32:33] /r
[15/12/2010 03:32:36] /s charizard
[15/12/2010 03:32:40] /r
[15/12/2010 03:32:43] /s grimer
[15/12/2010 03:32:47] /r
[15/12/2010 03:35:07] /r
[15/12/2010 03:40:04] /n professor burton
[15/12/2010 03:40:27] /n professor burton
[15/12/2010 03:41:08] /n professor burton
[15/12/2010 03:41:24] /n professor burton
[15/12/2010 03:45:35] /n professor burton
[15/12/2010 03:45:51] /n professor burton
[15/12/2010 03:46:42] /r
[15/12/2010 03:46:44] /n professor burton
[15/12/2010 03:47:47] /a 14
[15/12/2010 03:47:48] /a 14
[15/12/2010 03:51:31] /n professor burton
[15/12/2010 03:51:46] /n professor burton
[15/12/2010 04:14:15] /storage Aabaa, 200, -1
[15/12/2010 04:23:13] /r
[15/12/2010 04:23:15] /a 4
[15/12/2010 04:23:15] /a 4
[15/12/2010 04:23:21] /a 4
[15/12/2010 04:23:30] /n Professor Burton
[15/12/2010 04:33:12] /n hiker
[15/12/2010 04:33:14] /n hiker johnny
[15/12/2010 04:34:12] /storage Aabaa, 107, -1
[15/12/2010 04:44:16] /n hiker johnny
[15/12/2010 04:47:57] /n hiker johnny
[15/12/2010 04:49:15] /n Hiker Johnny
[15/12/2010 04:54:17] /n hiker johnny
[15/12/2010 04:59:18] /n hiker johnny
[15/12/2010 05:00:31] /pos
[15/12/2010 05:00:37] /pos
[15/12/2010 05:01:13] /pos
[15/12/2010 05:04:15] /n hiker johnny
[15/12/2010 05:05:14] /n hiker johnny
[15/12/2010 05:07:31] /n hiker johnny
[15/12/2010 05:08:06] /a 3
[15/12/2010 05:13:50] /r
[15/12/2010 05:13:57] /n hiker johnny
[15/12/2010 05:18:18] /r
[15/12/2010 05:18:21] /n professor burton
[15/12/2010 05:18:28] /r
[15/12/2010 05:18:57] /n professor burton
[15/12/2010 05:58:10] /t
[15/12/2010 14:56:25] /n thief
