[09/12/2010 00:03:23] /m caterpie
[09/12/2010 20:15:28] /s pidgey
[09/12/2010 20:15:33] /m bulbasaur
[09/12/2010 20:15:40] /r
[09/12/2010 20:15:42] /n nurse
[09/12/2010 20:15:49] /s bulbasaur
[09/12/2010 20:16:09] /s pidgeotto
[09/12/2010 20:16:29] /r
[09/12/2010 20:16:49] /m pidgey s
[09/12/2010 20:17:09] /m pidgey s
[09/12/2010 20:17:38] /m pidgey s
[09/12/2010 20:17:54] /r
[09/12/2010 20:17:56] /r
[09/12/2010 20:44:57] /s pidgey
[09/12/2010 20:45:03] /m pidgey s
[09/12/2010 20:45:34] /m pidgey s
[09/12/2010 20:46:22] /m bellsprout s
[09/12/2010 20:46:43] /m bellsprout s
[09/12/2010 20:47:02] /m bellsprout s
[09/12/2010 20:47:17] /s pidgey
[09/12/2010 20:47:31] /m bellsprout s
[09/12/2010 20:47:51] /m bellsprout s
[09/12/2010 20:48:12] /m bellsprout s
[09/12/2010 20:48:29] /m bellsprout s
[09/12/2010 20:48:49] /m oddish
[09/12/2010 20:49:14] /m bellsprout s
[09/12/2010 20:49:41] /m bellsprout s
[09/12/2010 20:50:13] /m bellsprout s
[09/12/2010 20:51:00] /m bellsprout s
[09/12/2010 20:51:21] /r
[09/12/2010 20:51:26] /s pidgeotto
[09/12/2010 20:51:44] /m bellsprout s
[09/12/2010 20:51:52] /m ivysaur
[09/12/2010 20:52:00] /ghost
[09/12/2010 20:52:04] /r
[09/12/2010 20:52:35] /s pidgeotto
[09/12/2010 20:52:39] /m ivysaur
[09/12/2010 20:53:11] /s pidgeotto
[09/12/2010 20:53:28] /m bellsprout s
[09/12/2010 20:53:47] /m weepinbell s
[09/12/2010 20:54:27] /m weepinbell s
[09/12/2010 20:55:42] /m weepinbell s
[09/12/2010 20:55:50] /m weepinbell s
[09/12/2010 20:56:02] /m weepinbell s
[09/12/2010 20:56:37] /r
[09/12/2010 20:57:31] /s pidgeotto
[09/12/2010 20:57:35] /m weepinbell s
[09/12/2010 20:59:17] /m weepinbell s
[09/12/2010 21:05:56] /m bellsprout s
[09/12/2010 21:05:56] /m bellsprout s
[09/12/2010 21:05:56] /m bellsprout s
[09/12/2010 21:05:56] /m bellsprout s
[09/12/2010 21:05:57] /m bellsprout s
[09/12/2010 21:05:57] /m bellsprout s
[09/12/2010 21:06:22] /s pidgeotto
[09/12/2010 21:06:25] /m pidgeotto s
[09/12/2010 21:06:38] /m pidgeotto s
[09/12/2010 21:06:48] /m bellsprout s
[09/12/2010 21:06:58] /m weepinbell s
[09/12/2010 21:09:16] /m bellsprout s
[09/12/2010 21:10:24] /m weepinbell s
[09/12/2010 21:11:08] /m weepinbell s
[09/12/2010 21:11:35] /m weepinbell s
[09/12/2010 21:26:06] /m weepinbell s
[09/12/2010 21:26:12] /m weepinbell s
[09/12/2010 21:26:18] /m weepinbell s
[09/12/2010 21:28:50] /m pidgeotto s
[09/12/2010 21:29:20] /m victreebel s
[09/12/2010 21:29:29] /s pidgeotto
[09/12/2010 21:30:15] /m victreebel s
[09/12/2010 21:30:43] /n nurse
[09/12/2010 21:31:04] /m victreebel s
[09/12/2010 21:33:53] /m victreebel s
[09/12/2010 21:34:07] /s pidgeot
[09/12/2010 21:34:40] /s golem
[09/12/2010 21:35:40] /s machamp
[09/12/2010 21:36:03] /m machamp
[09/12/2010 21:36:24] /s machamp
[09/12/2010 21:36:43] /s machamp
[09/12/2010 21:39:31] /s machamp
[09/12/2010 21:40:06] /s machoke
[09/12/2010 21:40:30] /s machoke
[09/12/2010 22:02:44] /r
[09/12/2010 22:02:48] /s porygon
[09/12/2010 22:03:02] /r
[09/12/2010 22:03:08] /s articuno
[09/12/2010 22:03:20] /r
[09/12/2010 22:05:43] /s tauros
[09/12/2010 22:10:38] /s pidgeotto
[09/12/2010 22:10:40] /s pidgeotto
[09/12/2010 22:14:39] /s pidgeotto
[09/12/2010 22:14:39] /s pidgeotto
[09/12/2010 22:19:00] /s pidgeot
[09/12/2010 22:19:25] /s beedrill
[09/12/2010 22:20:29] /r
[09/12/2010 22:20:31] /m bellsprout s
[09/12/2010 22:20:32] /m bellsprout s
[09/12/2010 22:20:32] /m bellsprout s
[09/12/2010 22:20:32] /m bellsprout s
[09/12/2010 22:20:33] /m bellsprout s
[09/12/2010 22:26:14] /s beedrill
[09/12/2010 22:31:30] /r
[09/12/2010 22:31:33] /s beedrill
[09/12/2010 22:45:58] /r
[09/12/2010 22:53:25] /m articuno
[09/12/2010 22:53:28] /s pidgeot
[09/12/2010 23:01:27] /r
[09/12/2010 23:01:29] /s pidgeotto
[09/12/2010 23:03:44] /r
[09/12/2010 23:03:47] /s pidgey
[09/12/2010 23:27:29] /r
[09/12/2010 23:44:35] /s raticate
[10/12/2010 00:00:14] /r
[10/12/2010 00:01:03] /i 2289
[10/12/2010 00:02:02] /m pidgey s
[10/12/2010 00:02:18] /i 2147
[10/12/2010 00:02:55] /m articuno
[10/12/2010 00:02:58] /m pidgey s
[10/12/2010 00:03:08] /m pidgey s
[10/12/2010 00:03:17] /m pidgey s
[10/12/2010 00:03:17] /m pidgey s
[10/12/2010 00:03:17] /m pidgey s
[10/12/2010 00:03:34] /m pidgey s
[10/12/2010 00:03:34] /m pidgey s
[10/12/2010 00:03:34] /m pidgey s
[10/12/2010 00:03:51] /m pidgey s
[10/12/2010 00:03:51] /m pidgey s
[10/12/2010 00:03:51] /m pidgey s
[10/12/2010 00:04:33] /m pidgey s
[10/12/2010 00:04:33] /m pidgey s
[10/12/2010 00:04:34] /m pidgey s
[10/12/2010 00:05:01] /i 2289
[10/12/2010 00:05:25] /i 2289
[10/12/2010 00:05:26] /i 2289
[10/12/2010 00:08:18] /m rattata s
[10/12/2010 00:09:08] /m rattata s
[10/12/2010 00:09:10] /m rattata s
[10/12/2010 00:09:11] /m rattata s
[10/12/2010 00:09:11] /m rattata s
[10/12/2010 00:09:12] /m rattata s
[10/12/2010 00:09:12] /m rattata s
[10/12/2010 00:09:13] /m rattata s
[10/12/2010 00:09:14] /m rattata s
[10/12/2010 00:11:54] /i 2222
[10/12/2010 00:11:56] /i 2222
[10/12/2010 00:12:10] /m raticate s
[10/12/2010 00:12:24] /m raticate s
[10/12/2010 00:12:30] /m raticate s
[10/12/2010 00:12:58] /m raticate s
[10/12/2010 00:13:21] /m raticate s
[10/12/2010 00:13:22] /m raticate s
[10/12/2010 00:13:22] /m raticate s
[10/12/2010 00:13:22] /m raticate s
[10/12/2010 00:13:23] /m raticate s
[10/12/2010 00:13:23] /m raticate s
[10/12/2010 00:20:44] /i 5974
[10/12/2010 00:20:45] /i 5974
[10/12/2010 00:20:45] /i 5974
[10/12/2010 00:20:45] /i 5974
[10/12/2010 00:20:46] /i 5974
[10/12/2010 00:20:46] /i 5974
[10/12/2010 00:20:46] /i 5974
[10/12/2010 00:21:00] /i 5974
[10/12/2010 00:21:01] /i 5974
[10/12/2010 00:21:02] /i 5974
[10/12/2010 00:21:02] /i 5974
[10/12/2010 00:21:03] /i 5974
[10/12/2010 00:21:03] /i 5974
[10/12/2010 00:21:21] /i 5974
[10/12/2010 00:21:24] /i 5974
[10/12/2010 00:22:04] /i 5974
[10/12/2010 00:22:06] /i 5974
[10/12/2010 00:22:13] /i 5974
[10/12/2010 00:22:20] /i 5974
[10/12/2010 00:22:25] /i 5974
[10/12/2010 00:22:32] /i 5974
[10/12/2010 00:22:34] /i 5974
[10/12/2010 00:22:35] /i 5974
[10/12/2010 00:22:35] /i 5974
[10/12/2010 00:22:36] /i 5974
[10/12/2010 00:22:36] /i 5974
[10/12/2010 00:22:37] /i 5974
[10/12/2010 00:23:35] /i 5974
[10/12/2010 00:23:35] /i 5974
[10/12/2010 00:23:36] /i 5974
[10/12/2010 00:23:36] /i 5974
[10/12/2010 00:23:37] /i 5974
[10/12/2010 00:23:49] /i 5974
[10/12/2010 00:23:50] /i 5974
[10/12/2010 00:23:51] /i 5974
[10/12/2010 00:23:52] /i 5974
[10/12/2010 00:23:52] /i 5974
[10/12/2010 00:23:52] /i 5974
[10/12/2010 00:23:53] /i 5974
[10/12/2010 00:23:53] /i 5974
[10/12/2010 00:23:54] /i 5974
[10/12/2010 00:23:54] /i 5974
[10/12/2010 00:39:12] /i 5971
[10/12/2010 00:39:19] /i 5974
[10/12/2010 00:39:19] /i 5974
[10/12/2010 00:39:20] /i 5974
[10/12/2010 00:39:20] /i 5974
[10/12/2010 00:39:20] /i 5974
[10/12/2010 00:39:21] /i 5974
[10/12/2010 00:39:21] /i 5974
[10/12/2010 00:39:21] /i 5974
[10/12/2010 00:39:56] /i 5974
[10/12/2010 00:39:57] /i 5974
[10/12/2010 00:39:58] /i 5974
[10/12/2010 00:39:58] /i 5974
[10/12/2010 00:39:59] /i 5974
[10/12/2010 00:40:17] /a 4
[10/12/2010 00:40:17] /a 4
[10/12/2010 00:40:18] /a 4
[10/12/2010 00:40:19] /a 4
[10/12/2010 00:41:05] /m golem s
[10/12/2010 00:41:23] /m golem s
[10/12/2010 00:42:04] /m victreebel s
[10/12/2010 00:42:19] /m victreebel s
[10/12/2010 00:42:25] /m victreebel s
[10/12/2010 00:42:36] /m victreebel s
[10/12/2010 00:42:46] /m victreebel s
[10/12/2010 00:42:50] /m victreebel s
[10/12/2010 00:43:52] /a 1
[10/12/2010 00:43:52] /a 1
[10/12/2010 00:43:53] /a 1
[10/12/2010 00:43:53] /a 1
[10/12/2010 00:43:53] /a 1
[10/12/2010 00:43:54] /a 1
