[14/11/2010 14:47:41] /s bellsprout
[14/11/2010 14:47:49] /m rattata
[14/11/2010 14:47:54] /s bellsprout
[14/11/2010 14:48:23] /s bellsprout
[14/11/2010 14:48:28] /i 2146
[14/11/2010 14:48:45] /m raticate
[14/11/2010 14:49:13] /ghost
[14/11/2010 14:49:17] /ghost
[14/11/2010 14:49:20] /s alakazam
[14/11/2010 14:49:35] /s alakazam
[14/11/2010 14:49:38] /m raticate
[14/11/2010 14:49:38] /m raticate
[14/11/2010 14:49:47] /m raticate
[14/11/2010 14:49:51] /m raticate
[14/11/2010 14:49:55] /m raticate
[14/11/2010 14:50:04] /m raticate
[14/11/2010 14:50:10] /m raticate
[14/11/2010 14:50:25] /m raticate
[14/11/2010 14:50:31] /m raticate
[14/11/2010 14:50:37] /m raticate
[14/11/2010 14:50:48] /m raticate
[14/11/2010 14:50:54] /m raticate
[14/11/2010 14:50:58] /m raticate
[14/11/2010 14:51:01] /m raticate
[14/11/2010 14:51:02] /m raticate
[14/11/2010 14:51:09] /m raticate
[14/11/2010 14:51:13] /m raticate
[14/11/2010 14:51:19] /m raticate
[14/11/2010 14:51:23] /m raticate
[14/11/2010 14:51:25] /m raticate
[14/11/2010 14:51:34] /m raticate
[14/11/2010 14:52:18] /m bellsprout
[14/11/2010 14:52:35] /m bellsprout
[14/11/2010 14:52:41] /m bellsprout
[14/11/2010 14:52:52] /m bellsprout
[14/11/2010 14:53:00] /m raticate
[14/11/2010 16:54:37] /s squirtle
[14/11/2010 16:54:37] /s squirtle
[14/11/2010 16:55:02] /s squirtle
[14/11/2010 16:55:19] /s squirtle
[14/11/2010 16:55:45] /s wartortle
[14/11/2010 16:55:52] /s wartortle
[14/11/2010 16:56:10] /s blastoise
[14/11/2010 16:56:23] /s blastoise
[14/11/2010 16:56:46] /r
[14/11/2010 16:56:49] /s seaking
[14/11/2010 16:57:17] /r
[14/11/2010 16:57:20] /s goldeen
[14/11/2010 16:57:31] /s tentacool
[14/11/2010 16:57:42] /s tentacruel
[14/11/2010 16:58:16] /s poliwag
[14/11/2010 16:58:26] /s poliwhirl
[14/11/2010 16:58:42] /s poliwrath
[14/11/2010 17:01:44] /s blastoise
[14/11/2010 17:02:41] /s blastoise
[14/11/2010 17:06:50] /s blastoise
[14/11/2010 17:32:18] /r
[14/11/2010 17:32:20] /r
[14/11/2010 17:32:22] /r
[14/11/2010 19:25:24] /s zubat
[14/11/2010 19:25:26] /s zubat
[14/11/2010 19:28:56] /s bellsprout
[14/11/2010 19:28:58] /s bellsprout
[14/11/2010 19:29:05] /r
[14/11/2010 19:29:06] /r
[14/11/2010 19:29:57] /s bellsprout
[14/11/2010 19:40:29] /s zubat
[14/11/2010 19:42:56] /s bellsprout
[14/11/2010 19:46:39] /s bellsprout
[14/11/2010 19:47:23] /s alakazam
[14/11/2010 20:01:57] /s golbat
[14/11/2010 20:11:46] /s golbat
[14/11/2010 20:13:39] /s golbat
[14/11/2010 20:17:23] /s golbat
[14/11/2010 20:21:42] /s alakazam
[14/11/2010 20:21:48] /m golbat
[14/11/2010 20:22:08] /m golbat
[14/11/2010 20:22:15] /m golbat
[14/11/2010 20:22:39] /m golbat
[14/11/2010 20:23:16] /m golba
[14/11/2010 20:23:17] /m golbat
[14/11/2010 20:24:34] /s golbat
[14/11/2010 20:25:21] /s alakazam
[14/11/2010 20:28:16] /m golbat
[14/11/2010 20:31:23] /r
[14/11/2010 20:37:10] /s alakazam
[14/11/2010 20:37:11] /s zubat
[14/11/2010 20:37:27] /r
[14/11/2010 20:37:48] /i 2289
[14/11/2010 20:37:51] /i 2287
[14/11/2010 20:37:54] /i 2279
[14/11/2010 20:37:56] /i 2280
[14/11/2010 20:37:59] /i 2278
[14/11/2010 20:39:07] /r
[14/11/2010 20:39:12] /i 5859
[14/11/2010 20:39:19] /s zubat
[14/11/2010 20:39:19] /s zubat
[14/11/2010 20:39:22] /m alakazam
[14/11/2010 20:39:41] /r
[14/11/2010 20:39:46] /i 2279
[14/11/2010 20:39:48] /i 2278
[14/11/2010 20:40:03] /r
[14/11/2010 20:40:10] /i 2278
[14/11/2010 20:41:12] /r
[14/11/2010 20:41:19] /s  zubat
[14/11/2010 20:41:20] /s  zubat
[14/11/2010 20:41:20] /s  zubat
[14/11/2010 20:41:21] /s  zubat
[14/11/2010 20:41:23] /s alakazam
[14/11/2010 20:41:43] /r
[14/11/2010 20:41:44] /r
[14/11/2010 20:41:48] /s 2278
[14/11/2010 20:41:51] /i 2278
[14/11/2010 20:42:00] /r
[14/11/2010 20:42:06] /i 2278
[14/11/2010 20:47:57] /s zubat
[14/11/2010 20:47:57] /s zubat
[14/11/2010 20:47:58] /s zubat
[14/11/2010 20:47:58] /s zubat
[14/11/2010 20:47:58] /s zubat
[14/11/2010 20:47:59] /s zubat
[14/11/2010 20:48:00] /s zubat
[14/11/2010 20:48:02] /s alakazam
[14/11/2010 20:48:37] /r
[14/11/2010 20:48:41] /i 2278
[14/11/2010 20:48:55] /r
[14/11/2010 20:49:12] /i 2278
[14/11/2010 20:49:22] /r
[14/11/2010 20:49:26] /i 2278
[14/11/2010 20:49:46] /i 2278
[14/11/2010 20:50:08] /s bellsprout
[14/11/2010 20:50:09] /m alakazam
[14/11/2010 20:50:13] /ghost
[14/11/2010 20:50:15] /a 5
[14/11/2010 20:50:16] /a 5
[14/11/2010 20:50:17] /a 5
[14/11/2010 20:50:19] /a 5
[14/11/2010 20:50:20] /a 5
[14/11/2010 20:50:22] /ghost
[14/11/2010 20:50:27] /s bellsprout
[14/11/2010 20:50:33] /s alakazam
[14/11/2010 20:50:41] /s bellsprout
[14/11/2010 20:50:49] /r
[14/11/2010 20:50:54] /i 2276
[14/11/2010 20:51:28] /s alakazam
[14/11/2010 20:51:30] /m raticate
[14/11/2010 20:51:30] /m raticate
[14/11/2010 20:51:31] /m raticate
[14/11/2010 20:51:34] /s alakazam
[14/11/2010 20:51:34] /s alakazam
[14/11/2010 20:51:35] /s alakazam
[14/11/2010 20:51:35] /s alakazam
[14/11/2010 20:51:42] /m raticate
[14/11/2010 20:51:48] /r
[14/11/2010 20:51:50] /r
[14/11/2010 20:51:55] /r
[14/11/2010 20:52:02] /i 2276
[14/11/2010 20:52:13] /i 2277
[14/11/2010 20:52:19] /i 2276
[15/11/2010 01:10:31] /ghost
[15/11/2010 01:10:34] /ghost
[15/11/2010 01:10:40] /s poliwag
[15/11/2010 01:10:47] /s bellsprout
[15/11/2010 01:13:31] /s poliwag
[15/11/2010 01:14:08] /s poliwag
[15/11/2010 01:38:14] /s poliwag
[15/11/2010 01:38:17] /m poliwag
[15/11/2010 01:38:51] /s poliwag
[15/11/2010 01:40:54] /s poliwag
[15/11/2010 01:58:28] /s poliwag
[15/11/2010 01:58:30] /s poliwag
[15/11/2010 01:59:07] /r
[15/11/2010 02:02:55] /s poliwhirl
[15/11/2010 02:16:15] /s poliwag
[15/11/2010 02:16:36] /r
[15/11/2010 02:16:38] /s alakazam
[15/11/2010 02:17:12] /r
[15/11/2010 02:17:37] /s alakazam
[15/11/2010 02:17:47] /r
[15/11/2010 02:17:48] /s alakazam
[15/11/2010 03:23:40] /s bellsprout
[15/11/2010 03:23:42] /s bellsprout
[15/11/2010 03:23:43] /s bellsprout
[15/11/2010 03:23:43] /s bellsprout
[15/11/2010 03:23:45] /s alakazam
[15/11/2010 03:24:05] /i 2147
[15/11/2010 03:24:18] /r
[15/11/2010 03:37:58] /i 2276
[15/11/2010 03:43:56] /i 2276
[15/11/2010 03:44:00] /i 2276
[15/11/2010 03:44:34] /s alakazam
[15/11/2010 03:44:35] /s rattata
[15/11/2010 03:44:59] /r
[15/11/2010 03:47:48] /s rattata
[15/11/2010 03:48:02] /i 
[15/11/2010 03:48:03] /r
[15/11/2010 03:48:06] /s bellsprout
[15/11/2010 03:48:09] /s alakazam
[15/11/2010 03:48:25] /r
[15/11/2010 03:49:52] /ghost
[15/11/2010 03:49:56] /ghost
[15/11/2010 17:05:57] /m charmander
[15/11/2010 17:06:08] /m charmander
[15/11/2010 17:07:55] /m charmeleon
[15/11/2010 17:08:14] /r
[15/11/2010 17:10:36] /s bellsprout
[15/11/2010 17:11:51] /s alakazam
[15/11/2010 17:11:58] /r
[15/11/2010 17:12:12] /s alakazam
[15/11/2010 17:12:20] /r
[15/11/2010 17:12:29] /s alakazam
[15/11/2010 17:12:35] /r
[15/11/2010 17:19:39] /s alakazam
[15/11/2010 17:19:53] /r
[15/11/2010 17:21:15] /s alakazam
[15/11/2010 17:21:26] /r
[07/12/2010 01:33:53] /s poliwrath
[07/12/2010 04:24:07] /i 6060
[07/12/2010 04:24:08] /i 6060
[07/12/2010 04:24:08] /i 6060
[07/12/2010 04:24:08] /i 6060
[07/12/2010 04:24:09] /i 6060
