[15/10/2011 20:55:15] /a 12
[15/10/2011 20:55:16] /a 12
[15/10/2011 20:55:17] /a 12
[15/10/2011 20:55:18] /a 12
[15/10/2011 20:55:19] /a 12
[15/10/2011 20:55:20] /a 12
[15/10/2011 20:55:23] /a 12
[15/10/2011 20:55:24] /a 12
[15/10/2011 20:55:26] /a 12
[15/10/2011 20:55:30] /a 
[15/10/2011 20:55:32] /a 7
[15/10/2011 20:55:35] /a 3
[15/10/2011 20:58:26] /n nurse
[15/10/2011 20:58:28] /r
[15/10/2011 20:58:32] /m bellsprout, 6
[15/10/2011 20:59:44] /a 15
[15/10/2011 20:59:45] /a 15
[15/10/2011 20:59:46] /a 15
[15/10/2011 20:59:50] /n nurse
[15/10/2011 21:00:45] /r
[15/10/2011 21:01:35] /m alakazam, 100
[15/10/2011 21:01:49] /m alakazam, 100
[15/10/2011 21:02:35] /m bellsprout
[15/10/2011 21:05:17] /m bellsprout, 12
[15/10/2011 21:20:50] /m rattata, 4
[15/10/2011 21:21:33] /m oddish, 4
[15/10/2011 21:22:04] /m oddish, 3
[15/10/2011 21:25:50] /m venusaur, 56
[15/10/2011 21:26:09] /m venusaur, 68
[15/10/2011 21:37:50] /s blissey
[15/10/2011 21:37:52] /r
[15/10/2011 21:38:04] /m venusaur, 65
[15/10/2011 21:43:45] /m venusaur, 60
[15/10/2011 21:46:07] /n nurse
[15/10/2011 21:46:09] /r
[15/10/2011 21:46:16] /m pidgey, 6
[15/10/2011 21:46:37] /m pidgey, 7
[15/10/2011 21:46:52] /m pidgey, 3
[15/10/2011 21:47:03] /m pidgey, 12
[15/10/2011 21:47:33] /m pidgey, 10
[15/10/2011 21:47:55] /m pidgey, 16
[15/10/2011 21:49:58] /n nurse
[15/10/2011 21:50:00] /r
[15/10/2011 21:52:12] /m bellsprout, 8
[15/10/2011 21:52:24] /m bellsprout, 7
[15/10/2011 21:52:31] /m bellsprout, 7
[15/10/2011 21:52:43] /m rattata, 1
[15/10/2011 21:53:33] /m victreebel, 75
[15/10/2011 21:56:13] /m blastoise, 75
[15/10/2011 21:58:49] /a 2
[15/10/2011 21:58:56] /t
[15/10/2011 21:59:59] /m victreebel, 40
[15/10/2011 22:00:13] /m victreebel, 75
[15/10/2011 22:00:35] /m victreebel, 35
[15/10/2011 22:06:10] /n nurse
[15/10/2011 22:06:11] /r
[15/10/2011 22:06:17] /m victreebel, 40
[15/10/2011 22:06:29] /m victreebel, 65
