[18/11/2010 23:35:31] /a 3
[18/11/2010 23:35:31] /a 3
[18/11/2010 23:35:40] /a 2
[18/11/2010 23:35:44] /n nila
[18/11/2010 23:35:46] /a 3
[18/11/2010 23:36:22] /i 2160
[18/11/2010 23:44:47] /a 3
[18/11/2010 23:44:48] /a 3
[18/11/2010 23:44:49] /a 3
[18/11/2010 23:44:50] /a 3
[18/11/2010 23:44:50] /a 3
[18/11/2010 23:44:51] /a 3
[18/11/2010 23:44:52] /a 3
[18/11/2010 23:44:52] /a 3
[18/11/2010 23:44:53] /a 3
[18/11/2010 23:44:53] /a 3
[18/11/2010 23:44:54] /a 3
[18/11/2010 23:44:55] /a 3
[18/11/2010 23:44:57] /a 3
[18/11/2010 23:45:07] /a 3
[18/11/2010 23:50:20] /a 4
[18/11/2010 23:50:21] /a 4
[18/11/2010 23:50:23] /a 4
[18/11/2010 23:51:31] /a 5
[18/11/2010 23:51:48] /a 5
[18/11/2010 23:51:51] /a 5
[20/11/2010 15:08:53] /a 3
[20/11/2010 15:08:53] /a 3
[20/11/2010 15:08:54] /a 3
[20/11/2010 15:08:54] /a 3
[20/11/2010 15:08:57] /a 3
[06/12/2010 14:44:05] /t
[07/12/2010 01:20:45] /s poliwrath
