[21/07/2011 00:07:15] /m charmander
[21/07/2011 00:07:34] /addskill Admin, level, 5
[21/07/2011 00:07:57] /i ultra ball
[21/07/2011 00:08:11] /m charmander
[21/07/2011 00:10:59] /m charmander
[21/07/2011 00:11:14] /m charmander
[21/07/2011 00:11:38] /m charmander
[21/07/2011 00:12:28] /m charmander
[21/07/2011 00:22:04] /addskill Admin, level, 4
[21/07/2011 00:22:28] /m charmander
[21/07/2011 00:25:29] /m charmander
[21/07/2011 00:25:35] /a 2
[21/07/2011 00:25:36] /a 2
[21/07/2011 00:25:36] /a 2
[21/07/2011 00:25:37] /a 2
[21/07/2011 00:25:37] /a 2
[21/07/2011 00:25:43] /addskill Admin, level ,5
[21/07/2011 00:26:08] /m charmander
[21/07/2011 00:27:17] /addskill Admin, level ,5
[21/07/2011 00:27:20] /m charmander
[21/07/2011 17:32:52] /m dewgong
[21/07/2011 17:33:20] /m alakazam
[21/07/2011 17:33:44] /r
[21/07/2011 17:33:49] /ghost
[21/07/2011 17:33:51] /r
[21/07/2011 17:34:04] /m vileplume
[21/07/2011 17:34:05] /ghost
[21/07/2011 17:34:13] /ghost
[21/07/2011 17:34:15] /r
[21/07/2011 21:55:03] /storage Admin, 9120190
[21/07/2011 21:55:07] /storage Admin, 9120190, 8.6
[21/07/2011 21:55:10] /storage Admin, 9120190
[21/07/2011 21:55:14] /storage Admin, 9120190, "oi"
[21/07/2011 21:55:17] /storage Admin, 9120190
[21/07/2011 21:55:22] /storage Admin, 9120190, "8.6"
[21/07/2011 21:55:23] /storage Admin, 9120190
[21/07/2011 23:32:28] /m charmander
[21/07/2011 23:32:38] /i ultra ball
[21/07/2011 23:39:54] /m charmander
[21/07/2011 23:40:05] /i ultra ball
[21/07/2011 23:44:18] /m charmander
[21/07/2011 23:45:42] /m charmander
[21/07/2011 23:47:31] /m charmander
[21/07/2011 23:47:48] /m charmander
[21/07/2011 23:47:51] /m charmander
[21/07/2011 23:55:12] /a 12
[21/07/2011 23:55:20] /a 2
[21/07/2011 23:55:20] /a 2
[21/07/2011 23:55:22] /a 2
[21/07/2011 23:55:23] /a 2
[21/07/2011 23:55:23] /a 2
[21/07/2011 23:55:25] /a 2
[21/07/2011 23:55:28] /a 13
[21/07/2011 23:55:42] /a 14
[21/07/2011 23:55:44] /r
[22/07/2011 00:05:54] /a 2
[22/07/2011 00:05:58] /m charmander
[22/07/2011 00:06:21] /m charmander
[22/07/2011 00:06:26] /m charmander
[22/07/2011 00:06:31] /m charmander
[22/07/2011 00:06:35] /m charmander
[22/07/2011 00:06:40] /m charmander
[22/07/2011 00:06:44] /m charmander
[22/07/2011 00:06:47] /m charmander
[22/07/2011 00:06:50] /m charmander
[22/07/2011 00:06:53] /m charmander
[22/07/2011 00:06:54] /m charmander
[22/07/2011 00:06:54] /m charmander
[22/07/2011 00:13:02] /a 5
[22/07/2011 00:13:21] /m charmander
[22/07/2011 00:13:23] /m charmander
[22/07/2011 00:13:23] /m charmander
[22/07/2011 00:13:24] /m charmander
[22/07/2011 00:13:25] /m charmander
[22/07/2011 00:23:19] /a 15
[22/07/2011 00:23:25] /m charmander
[22/07/2011 00:23:25] /m charmander
[22/07/2011 00:23:25] /m charmander
[22/07/2011 00:23:26] /m charmander
[22/07/2011 04:06:09] /a 1
[22/07/2011 04:11:09] /a 2
[22/07/2011 04:24:08] /pos
[22/07/2011 04:24:17] /pos
[22/07/2011 04:26:15] /pos
[22/07/2011 05:02:42] /i 1
[22/07/2011 05:02:53] /r
[22/07/2011 05:02:55] /r
[22/07/2011 05:02:56] /i 1
[22/07/2011 05:02:59] /r
[22/07/2011 05:18:01] /t
[22/07/2011 16:13:13] /i fainted abra
[22/07/2011 16:13:18] /i fainted charizard
[22/07/2011 16:25:35] /i fainted abra
[22/07/2011 16:25:39] /i fainted charizard
[22/07/2011 16:26:11] /r
[22/07/2011 17:05:50] /i fainted abra
[22/07/2011 17:05:53] /i fainted charizard
[22/07/2011 17:07:05] /i fainted abra
[22/07/2011 17:07:07] /i fainted charizard
[22/07/2011 17:07:26] /i fainted kadabra
[22/07/2011 17:07:36] /i fainted charizard
[22/07/2011 17:07:38] /i fainted kadabra
[22/07/2011 17:07:39] /i fainted charizard
[22/07/2011 17:07:39] /i fainted kadabra
[22/07/2011 17:13:39] /m charmander
[22/07/2011 17:15:34] /m charmander
[22/07/2011 17:17:17] /i fainted charmander
[22/07/2011 17:17:20] /i fainted abra
[22/07/2011 17:17:29] /i fainted abra
[22/07/2011 17:17:30] /i fainted charmander
[22/07/2011 17:17:31] /i fainted abra
[22/07/2011 17:17:32] /i fainted charmander
[22/07/2011 17:18:36] /i fainted charmander
[22/07/2011 17:18:37] /i fainted bulbasaur
[22/07/2011 17:18:43] /i fainted squirtle
[22/07/2011 17:19:10] /r
[22/07/2011 17:19:11] /i fainted chikorita
[22/07/2011 17:19:12] /i fainted totodile
[22/07/2011 17:19:12] /i fainted cyndaquil
[22/07/2011 17:19:13] /i fainted chikorita
[22/07/2011 17:19:13] /i fainted totodile
[22/07/2011 17:19:13] /i fainted cyndaquil
[22/07/2011 17:19:14] /i fainted chikorita
[22/07/2011 17:19:14] /i fainted totodile
[22/07/2011 17:19:15] /i fainted cyndaquil
[22/07/2011 17:19:41] /i fainted cyndaquil
[22/07/2011 18:36:41] /m charmander
[22/07/2011 18:39:08] /m charmander
[22/07/2011 18:41:21] /m charmander
[22/07/2011 18:43:41] /m charmander
[22/07/2011 18:44:21] /m charmander
[22/07/2011 18:47:35] /m charmander
[22/07/2011 18:48:51] /i wall
[22/07/2011 18:48:56] /i 1010
[22/07/2011 18:49:03] /i framework wall
[22/07/2011 18:49:04] /i framework wall
[22/07/2011 18:49:05] /i framework wall
[22/07/2011 18:49:06] /i framework wall
[22/07/2011 18:49:29] /s misdreavus
[22/07/2011 18:49:39] /ghost
[22/07/2011 18:49:40] /ghost
[22/07/2011 18:49:41] /r
[22/07/2011 18:50:13] /i framework wall
[22/07/2011 18:50:14] /i framework wall
[22/07/2011 18:50:15] /i framework wall
[22/07/2011 18:50:32] /a 2
[22/07/2011 18:50:54] /a 2
[22/07/2011 18:51:41] /a 2
[22/07/2011 18:53:33] /a 4
[22/07/2011 18:53:34] /a 4
[22/07/2011 18:53:38] /r
[22/07/2011 18:53:39] /r
[22/07/2011 18:53:45] /r
[22/07/2011 18:53:45] /r
[22/07/2011 18:53:47] /r
[22/07/2011 22:03:07] /a 14
[22/07/2011 22:03:20] /a 14
[22/07/2011 22:03:24] /a 1
[22/07/2011 22:03:39] /a 32
[22/07/2011 22:03:42] /a 
[22/07/2011 22:03:44] /a 
[22/07/2011 22:03:45] /a 
[22/07/2011 22:03:45] /a 
[22/07/2011 22:03:46] /a 
[22/07/2011 22:03:46] /a 
[22/07/2011 22:03:47] /a 
[22/07/2011 22:03:48] /a 3
[22/07/2011 22:05:21] /a 9
[22/07/2011 22:05:43] /a 9
[22/07/2011 22:05:58] /a 2
[22/07/2011 22:08:09] /m charmander
[22/07/2011 22:08:33] /m charmander
[22/07/2011 22:09:08] /m charmander
[22/07/2011 22:10:53] /n nurse
[22/07/2011 22:11:15] /r
[22/07/2011 22:14:57] /r
[22/07/2011 22:14:59] /n nurse
[22/07/2011 22:15:01] /r
[22/07/2011 22:15:31] /m charmander
[22/07/2011 22:21:25] /r
[22/07/2011 22:22:26] /n nurse
[22/07/2011 22:22:28] /r
[22/07/2011 22:24:09] /a 8
[22/07/2011 22:24:15] /a 1
[22/07/2011 22:24:15] /a 1
[22/07/2011 22:24:16] /a 1
[22/07/2011 22:24:16] /a 1
[22/07/2011 22:24:16] /a 1
[22/07/2011 22:24:17] /a 1
[22/07/2011 22:24:17] /a 1
[22/07/2011 22:24:18] /a 1
[22/07/2011 23:11:53] /i metal coat
[22/07/2011 23:11:59] /i earth stone
[22/07/2011 23:12:20] /m charmander
[22/07/2011 23:13:15] /m charmander
[23/07/2011 04:37:59] /n erick
[23/07/2011 04:38:03] /n daniel
[23/07/2011 04:38:12] /n eric
[23/07/2011 04:38:29] /i 2160
[23/07/2011 04:38:57] /r
[23/07/2011 04:40:02] /storage Admin, 17000, 1
[23/07/2011 04:40:09] /a 1
[23/07/2011 15:54:37] /m charmander
[23/07/2011 15:55:06] /m charmander
[23/07/2011 15:55:14] /r
[23/07/2011 15:58:40] /m fearow
[23/07/2011 15:59:04] /r
[23/07/2011 15:59:09] /m charizard
[23/07/2011 15:59:23] /r
[23/07/2011 15:59:33] /m rhydon
[23/07/2011 15:59:45] /r
[23/07/2011 15:59:52] /m jolteon
[23/07/2011 16:00:03] /r
[23/07/2011 16:00:10] /m hypno
[23/07/2011 16:00:22] /r
[23/07/2011 16:00:24] /m gengar
[23/07/2011 16:00:37] /r
[23/07/2011 16:00:47] /m scyther
[23/07/2011 16:00:57] /r
[23/07/2011 16:01:27] /m blastoise
[23/07/2011 16:01:38] /r
[23/07/2011 16:01:42] /m venusaur
[23/07/2011 16:01:52] /r
[23/07/2011 16:01:54] /m snorlax
[23/07/2011 16:02:06] /r
[23/07/2011 16:02:14] /m cloyster
[23/07/2011 16:02:48] /m jynx
[23/07/2011 16:02:59] /r
[23/07/2011 16:03:27] /m umbreon
[23/07/2011 16:05:09] /n nurs
[23/07/2011 16:05:12] /n nurse
[23/07/2011 16:05:14] /r
[23/07/2011 16:05:17] /m snorlax
[23/07/2011 16:05:52] /r
[23/07/2011 18:18:23] /m charmander
[23/07/2011 18:19:14] /m charmander
[23/07/2011 18:21:45] /m charmander
[23/07/2011 18:22:50] /m charmander
[23/07/2011 18:27:43] /m charmander
[23/07/2011 18:30:17] /m charmander
[23/07/2011 18:34:21] /m charmander
[23/07/2011 21:09:21] /t
[23/07/2011 21:36:06] /a 1
[23/07/2011 21:49:17] /a 5
[23/07/2011 21:49:22] /a 1
[23/07/2011 21:50:24] /t
[24/07/2011 23:30:39] /storage admin, 17000, 1
[24/07/2011 23:30:46] /a 1
[24/07/2011 23:30:54] /r
[24/07/2011 23:31:08] /a 1
[24/07/2011 23:33:56] /storage admin, 17000, 0
[24/07/2011 23:33:58] /storage admin, 17000, 1
[24/07/2011 23:36:16] /a 1
[24/07/2011 23:36:24] /storage admin, 17000, 0
[25/07/2011 03:39:55] /storage admin, 17000, 1
[25/07/2011 03:40:10] /storage admin, 17000, 0
[25/07/2011 03:40:24] /t
[25/07/2011 03:40:40] /storage admin, 63215
[25/07/2011 03:40:43] /storage admin, 63215, 1
[25/07/2011 03:40:59] /r
[25/07/2011 03:41:02] /r
[25/07/2011 03:42:01] /r
[25/07/2011 03:42:05] /r
[25/07/2011 03:42:14] /storage admin, 63215
[25/07/2011 03:42:29] /storage admin, 63215, 1
[25/07/2011 03:42:36] /storage admin, 63215, 0
[25/07/2011 03:45:23] /storage admin, 17000, 1
[25/07/2011 03:48:03] /a 1
[25/07/2011 03:48:10] /t
[25/07/2011 14:30:36] /storage admin, 17000, 1
[25/07/2011 14:30:41] /storage admin, 17000, 0
[25/07/2011 14:31:40] /storage admin, 17000, -1
[25/07/2011 16:01:49] /t
[25/07/2011 16:39:49] /i 919
[25/07/2011 16:40:46] /a 44
[25/07/2011 16:40:48] /t
[25/07/2011 16:40:49] /a 77
[25/07/2011 16:40:50] /a 12
[25/07/2011 16:40:51] /a 12
[25/07/2011 16:40:52] /a 12
[25/07/2011 16:40:52] /a 12
[25/07/2011 16:47:00] /i 919
[25/07/2011 16:47:03] /i 920
[25/07/2011 16:47:05] /i 921
[25/07/2011 16:47:08] /i 918
[25/07/2011 17:27:57] /a 12
[25/07/2011 17:27:58] /a 12
[25/07/2011 17:27:59] /a 12
[25/07/2011 17:28:23] /i 919
[25/07/2011 19:41:19] /t
[25/07/2011 19:41:33] /i 5080
[25/07/2011 19:51:37] /t
[25/07/2011 20:08:26] /t
[25/07/2011 20:08:29] /i 5080
[25/07/2011 20:32:21] /t
[25/07/2011 20:32:56] /i 5080
[25/07/2011 20:40:08] /t
[25/07/2011 20:40:12] /a 14
[25/07/2011 20:40:13] /a 14
[25/07/2011 20:40:13] /a 14
[25/07/2011 20:40:13] /a 14
[27/07/2011 17:11:33] /n celado
[27/07/2011 17:11:36] /n celadon
[27/07/2011 17:13:37] /r
[27/07/2011 17:13:39] /n celadon
[27/07/2011 17:17:31] /s fearow
[27/07/2011 17:17:34] /r
[27/07/2011 17:43:16] /n celadon
[27/07/2011 17:44:06] /i dollar
[27/07/2011 17:45:03] /r
[27/07/2011 17:45:20] /t
[28/07/2011 18:44:18] /storage Admin, 63215
[28/07/2011 18:45:43] /a 12
[28/07/2011 18:45:47] /a 2
[28/07/2011 18:45:48] /a 2
[28/07/2011 18:45:49] /a 2
[28/07/2011 18:46:33] /a 2
[28/07/2011 18:46:50] /n nurse
[28/07/2011 18:46:53] /r
[28/07/2011 18:46:55] /r
[29/07/2011 13:27:50] /i 1386
[29/07/2011 13:28:07] /i 3135
[29/07/2011 13:28:19] /i 3678
[29/07/2011 13:28:28] /i 5545
[29/07/2011 13:28:29] /i 5545
[29/07/2011 13:28:39] /i 5763
[29/07/2011 13:28:45] /i 1386
[29/07/2011 13:36:59] /r
[29/07/2011 13:37:00] /r
[29/07/2011 13:37:01] /r
[29/07/2011 13:37:02] /r
[29/07/2011 13:37:03] /r
[29/07/2011 13:37:03] /r
[29/07/2011 13:37:04] /r
[29/07/2011 13:37:05] /r
[29/07/2011 13:37:06] /r
[29/07/2011 13:37:06] /r
[29/07/2011 13:37:08] /r
[30/07/2011 17:31:15] /m onix
[30/07/2011 17:32:25] /m onix
[30/07/2011 17:32:25] /m onix
[30/07/2011 17:35:11] /m onix
[30/07/2011 17:35:46] /r
[30/07/2011 17:35:51] /m onix
[30/07/2011 17:36:15] /m onix
[30/07/2011 17:37:15] /m onix
[30/07/2011 17:37:32] /m onix
[30/07/2011 17:39:50] /m bulbasaur
[30/07/2011 17:41:57] /m bulbasaur
[30/07/2011 17:44:25] /m onix
[30/07/2011 17:44:51] /m onix
[30/07/2011 17:45:10] /m onix
[30/07/2011 17:45:33] /m onix
[30/07/2011 17:45:34] /m onix
[30/07/2011 17:46:01] /n nurse
[30/07/2011 17:46:03] /r
[30/07/2011 17:46:28] /m onix
[30/07/2011 17:46:43] /m cloyster
[30/07/2011 17:46:52] /m charizard
[30/07/2011 17:47:18] /m onix
[30/07/2011 17:52:09] /a 1
[31/07/2011 00:34:21] /t
[31/07/2011 16:46:52] /m onix
[31/07/2011 16:48:23] /r
[31/07/2011 16:48:42] /m onix
[31/07/2011 16:48:56] /r
[31/07/2011 16:50:02] /a 2
[31/07/2011 16:50:03] /a 2
[31/07/2011 16:50:03] /a 2
[31/07/2011 16:50:03] /a 2
[31/07/2011 16:50:04] /a 2
[31/07/2011 16:50:04] /a 2
[31/07/2011 17:05:10] /i poke balls
[31/07/2011 17:05:12] /i poke ball
[31/07/2011 17:07:03] /m onix
[31/07/2011 17:07:38] /m onix
[31/07/2011 17:08:13] /m onix
[31/07/2011 17:14:29] /m onix
[31/07/2011 17:14:48] /m onix
[31/07/2011 17:21:35] /m onix
[31/07/2011 17:30:03] /m onix
[31/07/2011 17:30:56] /m onix
[31/07/2011 17:33:52] /m onix
[31/07/2011 17:34:50] /m onix
[31/07/2011 17:35:04] /m onix
[31/07/2011 17:36:56] /m onix
[31/07/2011 17:38:20] /r
[31/07/2011 17:38:23] /r
[31/07/2011 17:38:25] /r
[31/07/2011 17:38:26] /m onix
[31/07/2011 17:39:42] /m onix
[31/07/2011 17:42:04] /m onix
[31/07/2011 17:44:02] /r
[31/07/2011 17:44:03] /r
[31/07/2011 17:44:04] /r
[31/07/2011 17:44:05] /r
[31/07/2011 17:44:06] /r
[31/07/2011 17:44:08] /s venusaur
[31/07/2011 17:44:12] /m onix
[31/07/2011 17:45:32] /m onix
[31/07/2011 17:46:14] /m onix
[31/07/2011 17:48:21] /m onix
[31/07/2011 17:49:20] /m onix
[31/07/2011 17:51:39] /m onix
[31/07/2011 17:51:53] /r
[31/07/2011 17:52:29] /m onix
[31/07/2011 17:52:50] /m onix
[31/07/2011 17:53:02] /m onix
[31/07/2011 17:53:28] /m onix
[31/07/2011 17:53:53] /m onix
[31/07/2011 17:54:07] /m onix
[31/07/2011 17:55:02] /m onix
[31/07/2011 17:55:14] /m onix
[31/07/2011 18:23:00] /m onix
[31/07/2011 18:23:20] /m onix
[31/07/2011 18:23:49] /m onix
[31/07/2011 18:23:50] /m onix
[31/07/2011 18:23:50] /m onix
[31/07/2011 18:24:21] /m venusaur
[31/07/2011 18:25:00] /m onix
[31/07/2011 18:25:02] /m onix
[31/07/2011 18:25:03] /m onix
[31/07/2011 18:25:03] /m onix
[31/07/2011 18:25:03] /m onix
[31/07/2011 18:25:27] /m onix
[31/07/2011 18:26:10] /r
[31/07/2011 18:26:13] /r
[31/07/2011 18:26:15] /m onix
[31/07/2011 18:26:16] /m onix
[31/07/2011 18:26:16] /m onix
[31/07/2011 18:26:17] /m onix
[31/07/2011 18:26:17] /m onix
[31/07/2011 18:26:45] /m onix
[31/07/2011 18:27:05] /m onix
[31/07/2011 18:27:15] /m onix
[31/07/2011 18:27:15] /m onix
[31/07/2011 18:27:15] /m onix
[31/07/2011 19:20:44] /m onix
[31/07/2011 20:00:23] /t
[31/07/2011 20:01:44] /t
[31/07/2011 20:01:46] /a 2
[31/07/2011 20:04:01] /storage admin, 54842
[31/07/2011 20:04:12] /m charmander
[31/07/2011 20:04:25] /m charmander
[31/07/2011 20:04:34] /m charmander
[31/07/2011 20:04:37] /m charmander
[31/07/2011 20:04:38] /m charmander
[31/07/2011 20:04:56] /m voltorb
[31/07/2011 20:05:04] /m voltorb
[31/07/2011 20:05:20] /m voltorb
[31/07/2011 20:07:55] /t
[31/07/2011 20:08:21] /a 12
[31/07/2011 20:08:22] /a 12
[31/07/2011 20:08:22] /a 12
[31/07/2011 20:08:23] /a 12
[31/07/2011 20:08:24] /a 12
[31/07/2011 20:08:25] /a 12
[31/07/2011 20:08:25] /a 12
[31/07/2011 20:08:26] /a 12
[31/07/2011 20:08:28] /a 12
[31/07/2011 20:08:30] /a 12
[31/07/2011 20:08:31] /a 12
[31/07/2011 20:08:31] /a 12
[31/07/2011 20:08:34] /a 12
[31/07/2011 20:08:35] /a 12
[31/07/2011 20:08:38] /a 12
[31/07/2011 20:08:38] /a 12
[31/07/2011 20:08:39] /a 12
[31/07/2011 20:08:40] /a 12
[31/07/2011 20:08:40] /a 12
[31/07/2011 20:08:41] /a 12
[31/07/2011 20:08:41] /a 12
[31/07/2011 20:08:44] /t
[31/07/2011 20:08:47] /a 45
[03/08/2011 13:51:36] /s lapras
[03/08/2011 16:58:37] /s abra
[03/08/2011 16:59:20] /r
[03/08/2011 16:59:24] /s abra
[03/08/2011 16:59:30] /s venusaur
[03/08/2011 16:59:50] /r
[03/08/2011 16:59:52] /r
[03/08/2011 16:59:55] /r
[03/08/2011 17:00:00] /r
[03/08/2011 17:16:12] /r
[03/08/2011 17:16:34] /s lapras
[03/08/2011 17:16:39] /r
[03/08/2011 17:16:45] /r
[11/08/2011 17:28:52] /n nurse
[11/08/2011 17:28:53] /r
[11/08/2011 17:29:07] /m onix
[11/08/2011 17:29:20] /m onix
[11/08/2011 17:29:35] /m onix
[11/08/2011 17:29:51] /m onix
[11/08/2011 17:34:34] /m onix
[11/08/2011 17:35:24] /m onix
[11/08/2011 17:36:10] /m onix
[11/08/2011 17:36:13] /r
[12/08/2011 18:00:58] /m onix
[12/08/2011 18:03:38] /m onix
[12/08/2011 18:05:38] /m onix
[12/08/2011 18:06:34] /m onix
[12/08/2011 18:06:35] /n nurse
[12/08/2011 18:06:37] /r
[12/08/2011 18:08:20] /m onix
[12/08/2011 18:09:28] /m charmander
[12/08/2011 18:10:19] /m charmander
[12/08/2011 18:11:42] /m onix
[12/08/2011 18:11:59] /m onix
[12/08/2011 18:12:01] /m onix
[12/08/2011 18:12:22] /m onix
[12/08/2011 18:13:34] /m onix
[12/08/2011 18:13:47] /m onix
[12/08/2011 20:27:18] /m onix
[12/08/2011 20:27:56] /m onix
[12/08/2011 20:28:22] /m onix
[12/08/2011 20:28:53] /m charmeleon
[12/08/2011 20:29:05] /m charmeleon
[12/08/2011 20:30:22] /m golem
[12/08/2011 20:30:41] /m golem
[12/08/2011 20:30:59] /m golem
[12/08/2011 20:31:44] /m onix
[12/08/2011 20:33:12] /m onix
[12/08/2011 20:33:57] /m golem
[12/08/2011 20:33:57] /m golem
[12/08/2011 20:33:57] /m golem
[12/08/2011 20:33:58] /m golem
[12/08/2011 20:34:27] /m onix
[12/08/2011 20:34:30] /m onix
[12/08/2011 20:34:30] /m onix
[12/08/2011 20:34:47] /m onix
[12/08/2011 20:35:04] /m onix
[12/08/2011 20:35:23] /m onix
[12/08/2011 20:36:07] /m charmander
[12/08/2011 20:36:13] /m charmeleon
[12/08/2011 20:36:24] /m onix
[12/08/2011 20:36:25] /m onix
[12/08/2011 20:36:25] /m onix
[12/08/2011 20:36:26] /m onix
[12/08/2011 20:36:40] /m onix
[12/08/2011 20:36:50] /m onix
[12/08/2011 20:37:06] /m onix
[12/08/2011 20:37:08] /m onix
[12/08/2011 20:37:08] /m onix
[12/08/2011 20:37:30] /m onix
[12/08/2011 20:37:47] /m onix
[12/08/2011 20:37:48] /m onix
[12/08/2011 20:37:48] /m onix
[12/08/2011 20:37:49] /m onix
[12/08/2011 20:40:45] /m onix
[12/08/2011 20:40:55] /m onix
[12/08/2011 20:42:15] /n nurse
[12/08/2011 20:42:50] /m onix
[12/08/2011 20:43:27] /m onix
[12/08/2011 20:44:13] /m charizard
[14/08/2011 19:05:36] /m onix
[14/08/2011 19:05:52] /r
[14/08/2011 19:05:54] /n nurse
[14/08/2011 19:05:55] /r
[14/08/2011 19:05:57] /m onix
[14/08/2011 19:06:10] /r
[14/08/2011 19:06:12] /n nurse
[14/08/2011 19:06:14] /r
[14/08/2011 19:06:16] /m ivysaur
[14/08/2011 19:06:30] /r
[14/08/2011 19:06:35] /m articuno
[14/08/2011 19:08:06] /m ivysaur
[14/08/2011 19:09:52] /m articuno
[14/08/2011 19:09:56] /r
[14/08/2011 19:09:56] /r
[14/08/2011 19:09:57] /r
[14/08/2011 19:10:02] /m articuno
[14/08/2011 19:10:41] /r
[14/08/2011 19:10:48] /m articuno
[14/08/2011 19:11:16] /r
[14/08/2011 19:13:49] /m articuno
[14/08/2011 19:16:59] /r
[14/08/2011 19:31:50] /m onix
[14/08/2011 19:34:45] /m onix
[14/08/2011 19:34:57] /r
[14/08/2011 19:35:12] /m onix
[14/08/2011 19:35:19] /r
[14/08/2011 19:38:42] /a 2
[14/08/2011 19:38:44] /r
[14/08/2011 19:40:09] /m onix
[14/08/2011 19:40:15] /r
[14/08/2011 20:04:37] /m onix
[14/08/2011 20:04:57] /r
[14/08/2011 20:06:14] /m bulbasaur
[14/08/2011 21:43:58] /n nurse
[14/08/2011 21:44:02] /r
[14/08/2011 21:44:04] /m venusaur
[14/08/2011 22:17:38] /r
[14/08/2011 22:17:39] /r
[14/08/2011 22:17:40] /r
[14/08/2011 22:17:43] /r
[14/08/2011 22:17:44] /r
[14/08/2011 22:17:45] /r
[14/08/2011 22:25:08] /m onix
[14/08/2011 22:25:27] /m onix
[14/08/2011 22:26:09] /m venusaur
[14/08/2011 22:26:52] /m venusaur
[15/08/2011 17:29:26] /m onix
[15/08/2011 17:29:53] /m onix
[15/08/2011 17:31:19] /m onix
[15/08/2011 17:31:34] /m onix
[15/08/2011 17:34:05] /m onix
[15/08/2011 17:34:34] /m onix
[15/08/2011 17:35:21] /m onix
[15/08/2011 17:36:25] /m onix
[15/08/2011 17:36:26] /m onix
[15/08/2011 17:36:33] /r
[15/08/2011 17:36:36] /r
[15/08/2011 18:21:47] /m onix
[15/08/2011 18:22:14] /r
[15/08/2011 18:23:18] /m onix
[15/08/2011 18:23:23] /r
[15/08/2011 18:24:40] /m onix
[15/08/2011 18:27:10] /m onix
[15/08/2011 18:28:37] /m onix
[15/08/2011 18:30:19] /m onix
[15/08/2011 18:31:13] /m onix
[15/08/2011 18:32:19] /m onix
[15/08/2011 18:33:26] /m onix
[15/08/2011 18:34:02] /m onix
[15/08/2011 18:36:28] /m onix
[15/08/2011 18:36:36] /m venusaur
[15/08/2011 18:36:49] /r
[15/08/2011 18:42:44] /m onix
[15/08/2011 18:42:51] /r
[15/08/2011 18:42:52] /r
[15/08/2011 18:43:59] /m onix
[15/08/2011 18:44:06] /r
[15/08/2011 18:44:28] /m venusaur
[15/08/2011 18:46:10] /m venusaur
[15/08/2011 18:51:04] /m onix
[15/08/2011 18:52:41] /m onix
[15/08/2011 18:53:32] /m onix
[15/08/2011 18:54:39] /m onix
[15/08/2011 18:55:23] /m onix
[15/08/2011 18:57:55] /m charmander
[15/08/2011 18:59:15] /m onix
[15/08/2011 19:00:14] /m onix
[15/08/2011 19:00:33] /m venusaur
[15/08/2011 19:00:53] /r
[15/08/2011 19:02:21] /m onix
[15/08/2011 19:03:08] /m venusaur
[15/08/2011 19:03:34] /m charizard
[16/08/2011 13:12:00] /m onix
[16/08/2011 13:12:46] /m onix
[16/08/2011 13:13:47] /m onix
[16/08/2011 13:13:53] /m venusaur
[16/08/2011 13:14:24] /m venusaur
[16/08/2011 13:15:50] /r
[17/08/2011 13:29:28] /m onix
[17/08/2011 13:29:40] /m onix
[17/08/2011 13:30:14] /m onix
[17/08/2011 13:30:14] /m onix
[17/08/2011 13:30:15] /m onix
[17/08/2011 13:30:15] /m onix
[17/08/2011 13:31:07] /m onix
[17/08/2011 13:31:24] /m onix
[17/08/2011 13:31:36] /m onix
[17/08/2011 13:32:59] /m onix
[17/08/2011 13:40:56] /m onix
[17/08/2011 13:41:53] /m onix
[17/08/2011 13:41:58] /m onix
[17/08/2011 13:42:54] /m onix
[17/08/2011 13:43:02] /m onix
[17/08/2011 13:43:13] /m onix
[17/08/2011 13:43:18] /m onix
[17/08/2011 13:43:38] /m venusaur
[17/08/2011 13:44:14] /m venusaur
[17/08/2011 13:44:29] /m onix
[17/08/2011 13:44:51] /m onix
[17/08/2011 13:45:00] /m onix
[17/08/2011 13:45:55] /m onix
[17/08/2011 13:45:56] /m onix
[17/08/2011 13:45:56] /m onix
[17/08/2011 13:45:56] /m onix
[17/08/2011 13:45:57] /m onix
[17/08/2011 13:45:57] /m onix
[17/08/2011 13:45:57] /m onix
[17/08/2011 13:45:58] /m onix
[17/08/2011 13:45:59] /m onix
[17/08/2011 13:46:00] /m onix
[17/08/2011 13:46:15] /m onix
[17/08/2011 13:46:15] /m onix
[17/08/2011 13:46:16] /m onix
[17/08/2011 13:46:16] /m onix
[17/08/2011 13:46:17] /m onix
[17/08/2011 13:46:17] /m onix
[17/08/2011 13:46:18] /m onix
[17/08/2011 13:46:18] /m onix
[17/08/2011 13:46:19] /m onix
[17/08/2011 13:46:20] /m onix
[17/08/2011 13:46:20] /m onix
[17/08/2011 13:46:22] /m onix
[17/08/2011 13:46:22] /m onix
[17/08/2011 13:46:22] /m onix
[17/08/2011 13:46:23] /m onix
[17/08/2011 13:46:23] /m onix
[17/08/2011 13:46:24] /m onix
[17/08/2011 13:46:25] /m onix
[17/08/2011 13:46:26] /m onix
[17/08/2011 13:46:26] /m onix
[17/08/2011 13:46:27] /m onix
[17/08/2011 13:46:27] /m onix
[17/08/2011 13:46:28] /m onix
[17/08/2011 13:46:29] /m onix
[17/08/2011 13:46:30] /m onix
[17/08/2011 13:46:32] /m onix
[17/08/2011 13:46:35] /m onix
[17/08/2011 13:46:35] /m onix
[17/08/2011 13:46:36] /m onix
[17/08/2011 13:46:36] /m onix
[17/08/2011 13:46:37] /m onix
[17/08/2011 13:46:37] /m onix
[17/08/2011 13:46:38] /m onix
[17/08/2011 13:46:39] /m onix
[17/08/2011 13:46:39] /m onix
[17/08/2011 13:46:43] /m onix
[17/08/2011 13:46:43] /m onix
[17/08/2011 13:46:44] /m onix
[17/08/2011 13:46:44] /m onix
[17/08/2011 13:46:47] /m onix
[17/08/2011 13:46:47] /m onix
[17/08/2011 13:46:48] /m onix
[17/08/2011 13:46:48] /m onix
[17/08/2011 13:46:49] /m onix
[17/08/2011 13:47:35] /m blastoise
[17/08/2011 13:47:35] /m blastoise
[17/08/2011 13:47:35] /m blastoise
[17/08/2011 13:47:36] /m blastoise
[17/08/2011 13:48:07] /m blastoise
[17/08/2011 13:48:14] /m blastoise
[17/08/2011 13:48:30] /m blastoise
[17/08/2011 13:49:18] /m blastoise
[17/08/2011 13:49:28] /m blastoise
[17/08/2011 16:26:23] /s fearow
[17/08/2011 16:26:30] /s fearow
[17/08/2011 16:26:42] /s fearow
[17/08/2011 16:26:49] /s fearow
[17/08/2011 16:27:10] /r
[17/08/2011 16:27:12] /r
[17/08/2011 16:27:13] /r
[17/08/2011 16:27:14] /r
[17/08/2011 16:27:16] /r
[18/08/2011 17:53:09] /m onix
[18/08/2011 17:54:46] /m onix
[18/08/2011 17:54:54] /n nurse
[18/08/2011 17:54:55] /r
[18/08/2011 17:55:07] /r
[18/08/2011 19:31:51] /m onix
[18/08/2011 19:32:53] /m onix
[18/08/2011 19:33:07] /r
[18/08/2011 19:33:09] /n nurse
[18/08/2011 19:33:10] /r
[18/08/2011 19:33:13] /m onix
[18/08/2011 19:36:32] /m onix
[18/08/2011 19:36:59] /m onix
[18/08/2011 19:41:42] /n nurse
[18/08/2011 19:41:44] /m venusaur
[18/08/2011 19:42:13] /m venusaur
[18/08/2011 19:42:54] /a 150
[18/08/2011 19:42:55] /a 200
[18/08/2011 19:42:57] /a 2
[18/08/2011 19:42:58] /a 2
[18/08/2011 19:42:58] /a 2
[18/08/2011 19:42:58] /a 2
[18/08/2011 19:42:59] /a 2
[18/08/2011 19:42:59] /a 2
[18/08/2011 19:42:59] /a 2
[18/08/2011 19:42:59] /a 2
[18/08/2011 19:43:00] /a 2
[18/08/2011 19:43:00] /a 2
[18/08/2011 19:43:01] /a 2
[18/08/2011 19:43:01] /a 2
[18/08/2011 19:43:02] /a 2
[18/08/2011 19:43:02] /a 2
[18/08/2011 19:43:03] /a 2
[18/08/2011 19:43:05] /a 2
[18/08/2011 19:43:05] /a 2
[18/08/2011 19:43:10] /m venusaur
[18/08/2011 19:43:16] /a 3
[18/08/2011 19:44:39] /a 3
[18/08/2011 19:44:40] /a 3
[18/08/2011 19:44:41] /a 3
[18/08/2011 19:44:42] /a 3
[18/08/2011 19:44:43] /a 3
[18/08/2011 19:44:43] /a 3
[18/08/2011 19:44:50] /a 3
[18/08/2011 19:44:53] /a 3
[18/08/2011 19:44:57] /a 3
[18/08/2011 19:45:29] /m venusaur
[18/08/2011 19:46:51] /m venusaur
[18/08/2011 19:47:25] /m venusaur
[18/08/2011 19:50:16] /m venusaur
[18/08/2011 19:50:38] /m onix
[18/08/2011 19:50:50] /m venusaur
[18/08/2011 21:47:26] /m onix
[18/08/2011 21:47:35] /r
[18/08/2011 21:48:21] /m onix
[18/08/2011 21:48:40] /r
[18/08/2011 21:49:43] /m onix
[18/08/2011 21:50:52] /m onix
[18/08/2011 21:51:47] /m articuno
[18/08/2011 21:52:22] /m onix
[18/08/2011 21:52:42] /m onix
[18/08/2011 21:52:57] /m onix
[18/08/2011 21:53:15] /m articuno
[18/08/2011 21:55:00] /m articuno
[18/08/2011 21:55:29] /m onix
[18/08/2011 21:55:51] /m venusaur
[18/08/2011 21:56:03] /m venusaur
[18/08/2011 21:56:37] /m articuno
[18/08/2011 22:02:08] /t
[18/08/2011 22:02:13] /m articuno
[18/08/2011 22:02:15] /a 4
[18/08/2011 22:09:04] /r
[18/08/2011 22:33:39] /m articuno
[18/08/2011 23:11:01] /m onix
[18/08/2011 23:12:32] /m onix
[18/08/2011 23:13:13] /m onix
[18/08/2011 23:13:18] /m articuno
[18/08/2011 23:13:24] /r
[18/08/2011 23:15:18] /m venusaur
[18/08/2011 23:15:37] /r
[20/08/2011 15:53:02] /n brock
[20/08/2011 15:53:41] /n brock
[20/08/2011 15:53:49] /r
[20/08/2011 15:53:50] /r
[20/08/2011 16:14:56] /m onix
[20/08/2011 16:16:34] /r
[20/08/2011 16:16:36] /m onix
[20/08/2011 16:17:05] /r
[20/08/2011 16:17:06] /r
[20/08/2011 16:18:16] /m bulbasaur
[20/08/2011 16:20:20] /n nurse
[20/08/2011 16:20:24] /r
[20/08/2011 16:23:44] /n nurse
[20/08/2011 16:23:50] /r
[20/08/2011 16:24:51] /r
[20/08/2011 16:50:05] /n nurse
[20/08/2011 16:50:41] /r
[20/08/2011 16:50:43] /n nurse
[20/08/2011 16:51:34] /r
[20/08/2011 16:52:09] /n nurse
[20/08/2011 17:15:01] /n nurse
[20/08/2011 17:33:54] /r
[20/08/2011 17:40:44] /i 1285
[20/08/2011 17:40:46] /r
[20/08/2011 18:04:54] /m onix
[20/08/2011 18:06:05] /r
[20/08/2011 18:06:06] /m onix
[20/08/2011 18:06:30] /r
[20/08/2011 18:06:31] /m onix
[20/08/2011 18:06:43] /r
[20/08/2011 18:10:45] /m onix
[20/08/2011 18:14:20] /m onix
[20/08/2011 19:26:44] /m onix
[20/08/2011 19:27:00] /m onix
[20/08/2011 19:27:07] /m onix
[20/08/2011 19:28:22] /m onix
[20/08/2011 19:29:24] /m onix
[20/08/2011 19:29:57] /m onix
[20/08/2011 19:30:08] /m onix
[20/08/2011 19:30:09] /m onix
[20/08/2011 19:30:09] /m onix
[20/08/2011 19:30:09] /m onix
[20/08/2011 19:31:09] /m onix
[20/08/2011 20:05:19] /m onix
[20/08/2011 20:05:25] /n nurse
[20/08/2011 20:05:27] /r
[20/08/2011 20:05:39] /m onix
[20/08/2011 20:05:43] /m onix
[20/08/2011 20:05:44] /m onix
[20/08/2011 20:05:44] /m onix
[20/08/2011 20:05:45] /m onix
[20/08/2011 20:05:52] /r
[20/08/2011 20:05:53] /r
[20/08/2011 20:05:55] /r
[20/08/2011 20:05:57] /r
[20/08/2011 20:05:58] /r
[20/08/2011 20:06:01] /m onix
[20/08/2011 20:06:07] /m onix
[20/08/2011 20:07:08] /m onix
[20/08/2011 20:07:18] /n nurse
[20/08/2011 20:07:20] /r
[20/08/2011 20:08:57] /r
[20/08/2011 20:08:58] /r
[20/08/2011 20:08:59] /r
[20/08/2011 20:09:00] /r
[20/08/2011 20:09:00] /r
[20/08/2011 20:09:01] /r
[20/08/2011 20:09:03] /m onix
[20/08/2011 20:09:15] /m onix
[20/08/2011 20:09:29] /m onix
[20/08/2011 20:09:45] /m onix
[20/08/2011 20:09:53] /m onix
[20/08/2011 20:10:11] /m onix
[20/08/2011 20:10:18] /n nurse
[20/08/2011 20:10:20] /r
[20/08/2011 20:11:12] /m onix
[20/08/2011 20:11:28] /m onix
[20/08/2011 20:11:37] /r
[20/08/2011 20:12:36] /m onix
[20/08/2011 20:12:42] /r
[20/08/2011 20:13:05] /m onix
[20/08/2011 20:13:12] /r
[20/08/2011 20:13:54] /m onix
[20/08/2011 20:14:03] /r
[20/08/2011 20:14:25] /m onix
[20/08/2011 20:14:29] /r
[20/08/2011 20:19:53] /m onix
[20/08/2011 20:22:56] /m onix
[20/08/2011 20:23:13] /m onix
[20/08/2011 20:35:22] /m venusaur
[20/08/2011 20:41:23] /a 122
[20/08/2011 20:41:25] /a 122
[20/08/2011 20:41:26] /a 122
[20/08/2011 20:41:26] /a 122
[20/08/2011 20:41:30] /a 200
[20/08/2011 20:41:34] /a 123
[20/08/2011 20:41:36] /s lapras
[20/08/2011 20:41:40] /a 250
[20/08/2011 20:41:47] /a 77
[20/08/2011 20:41:50] /a 55
[20/08/2011 20:41:56] /a 44
[20/08/2011 20:41:58] /a 12
[20/08/2011 20:42:07] /r
[20/08/2011 20:42:21] /a 2
[20/08/2011 20:42:32] /a 
[20/08/2011 20:42:37] /a 1
[20/08/2011 20:42:41] /a 2
[20/08/2011 21:03:04] /a 2
[20/08/2011 21:03:05] /a 2
[20/08/2011 21:03:05] /a 2
[20/08/2011 21:03:05] /a 2
[20/08/2011 21:03:06] /a 2
[20/08/2011 21:19:43] /i 1285
[20/08/2011 21:19:43] /i 1285
[20/08/2011 21:19:44] /i 1285
[20/08/2011 21:29:07] /i 1285
[20/08/2011 21:29:08] /i 1285
[20/08/2011 21:29:10] /i 1285
[20/08/2011 21:29:12] /i 1285
[20/08/2011 21:29:12] /i 1285
[20/08/2011 21:29:14] /i 1285
[20/08/2011 21:29:15] /i 1285
[20/08/2011 21:29:26] /r
[20/08/2011 21:29:31] /a 3
[20/08/2011 21:29:41] /i 1285
[20/08/2011 21:29:41] /a 3
[20/08/2011 21:29:42] /a 3
[20/08/2011 21:29:44] /a 4
[20/08/2011 21:30:28] /a 4
[20/08/2011 21:43:25] /a 2
[20/08/2011 21:43:26] /a 2
[20/08/2011 21:43:29] /a 2
[20/08/2011 21:43:31] /a 2
[20/08/2011 21:45:14] /a 2
[20/08/2011 21:45:15] /a 2
[20/08/2011 21:45:15] /a 2
[20/08/2011 21:48:53] /a 2
[20/08/2011 21:48:54] /a 2
[20/08/2011 21:56:13] /a 3
[20/08/2011 21:56:13] /a 3
[20/08/2011 21:56:14] /a 3
[20/08/2011 21:56:14] /a 3
[20/08/2011 21:58:26] /a 2
[20/08/2011 21:58:27] /a 2
[20/08/2011 22:01:21] /a 2
[20/08/2011 22:01:23] /a 4
[20/08/2011 22:01:48] /a 2
[20/08/2011 22:01:48] /a 2
[20/08/2011 22:01:48] /a 2
[20/08/2011 22:01:49] /a 2
[20/08/2011 22:01:49] /a 2
[20/08/2011 22:01:49] /a 2
[20/08/2011 22:01:51] /a 2
[20/08/2011 22:01:52] /a 2
[20/08/2011 22:02:09] /a 2
[20/08/2011 22:02:10] /a 2
[20/08/2011 22:02:11] /a 2
[20/08/2011 22:02:12] /a 2
[20/08/2011 22:04:30] /a 2
[20/08/2011 22:10:29] /a 2
[20/08/2011 22:10:44] /t
[20/08/2011 22:10:50] /a 2
[20/08/2011 22:10:51] /a 2
[20/08/2011 22:10:52] /a 2
[20/08/2011 22:40:11] /i 1285
[20/08/2011 22:40:12] /i 1285
[20/08/2011 22:40:13] /i 1285
[20/08/2011 22:40:14] /i 1285
[20/08/2011 22:40:16] /i 1285
[20/08/2011 22:40:18] /i 1285
[20/08/2011 22:40:18] /i 1285
[20/08/2011 22:40:19] /i 1285
[20/08/2011 22:40:21] /i 1285
[20/08/2011 22:40:29] /i 1285
[20/08/2011 22:40:38] /i 1285
[20/08/2011 22:40:41] /i 1285
[20/08/2011 22:40:43] /a 2
[20/08/2011 22:40:43] /a 2
[20/08/2011 22:43:34] /a 2
[20/08/2011 22:43:34] /a 2
[20/08/2011 22:44:19] /a 2
[20/08/2011 22:45:22] /a 2
[20/08/2011 22:45:24] /a 2
[20/08/2011 22:45:31] /a 3
[20/08/2011 22:45:32] /a 3
[20/08/2011 22:45:34] /a 2
[20/08/2011 22:50:12] /a go
[20/08/2011 22:51:47] /a 3
[20/08/2011 22:51:48] /a 3
[20/08/2011 22:52:55] /a 1
[20/08/2011 22:53:04] /a 1
[20/08/2011 22:53:11] /i 1285
[20/08/2011 22:58:54] /a 2
[20/08/2011 22:58:56] /r
[20/08/2011 22:58:58] /a 2
[20/08/2011 22:59:19] /i 1285
[20/08/2011 23:47:11] /a 4
[21/08/2011 05:01:39] /m onix
[21/08/2011 05:01:49] /m onix
[21/08/2011 05:02:00] /m onix
[21/08/2011 05:02:13] /m onix
[21/08/2011 05:02:23] /m onix
[21/08/2011 05:02:32] /m onix
[21/08/2011 05:02:41] /m onix
[21/08/2011 05:02:56] /m onix
[21/08/2011 05:03:02] /m onix
[21/08/2011 05:03:11] /m onix
[21/08/2011 05:03:25] /m raticate
[21/08/2011 05:03:31] /m raticate
[21/08/2011 05:03:41] /m raticate
[21/08/2011 05:03:47] /m onix
[21/08/2011 05:03:50] /r
[21/08/2011 05:03:52] /m rattata
[21/08/2011 05:03:56] /a 7
[21/08/2011 05:04:24] /m venusaur
[21/08/2011 05:04:50] /m onix
[21/08/2011 05:06:22] /m hitmonlee
[21/08/2011 05:06:23] /n nurse
[21/08/2011 05:06:25] /r
[21/08/2011 05:06:39] /m onix
[21/08/2011 05:07:08] /m onix
[21/08/2011 05:07:20] /m onix
[21/08/2011 05:07:30] /m onix
[21/08/2011 18:09:54] /m onix
[21/08/2011 18:10:12] /m onix
[21/08/2011 18:10:25] /m onix
[21/08/2011 18:33:24] /m onix
[21/08/2011 18:33:39] /r
[21/08/2011 18:33:44] /m squirtle
[21/08/2011 18:35:35] /m squirtle
[21/08/2011 18:35:50] /m blastoise
[21/08/2011 18:37:24] /m blastoise
[21/08/2011 18:41:16] /m venusaur
[21/08/2011 18:41:42] /m venusaur
[21/08/2011 18:42:30] /m onix
[21/08/2011 18:44:38] /m onix
[21/08/2011 18:45:54] /m onix
[21/08/2011 18:47:38] /m blastoise
[21/08/2011 18:47:48] /m onix
[21/08/2011 18:48:38] /m onix
[21/08/2011 18:49:34] /m blastoise
[21/08/2011 18:49:50] /m blastoise
[21/08/2011 18:52:52] /m onix
[21/08/2011 19:04:06] /m onix
[21/08/2011 19:04:16] /n nurse
[21/08/2011 19:07:54] /m venusau
[21/08/2011 19:07:55] /m venusaur
[21/08/2011 19:13:36] /m onix
[21/08/2011 22:00:49] /s venusaur
[22/08/2011 13:24:50] /s venusaur
[22/08/2011 13:32:07] /s venusaur
[22/08/2011 13:39:09] /s venusaur
[22/08/2011 15:28:00] /a 12
[22/08/2011 15:29:23] /a 20
[22/08/2011 15:29:25] /a 2
[22/08/2011 15:32:21] /a 2
[22/08/2011 15:32:22] /a 2
[22/08/2011 15:32:23] /a 12
[22/08/2011 16:03:40] /m charmander
[22/08/2011 16:03:45] /r
[22/08/2011 16:03:55] /r
[22/08/2011 16:03:56] /m charmander
[22/08/2011 16:04:07] /r
[22/08/2011 16:04:32] /r
[22/08/2011 16:04:34] /m charmander
[22/08/2011 16:04:56] /goto mega tets
[22/08/2011 16:06:39] /m charmander
[22/08/2011 16:07:34] /r
[22/08/2011 16:07:36] /m charmander
[22/08/2011 16:09:18] /r
[22/08/2011 16:09:20] /m charmander
[22/08/2011 16:10:20] /s venusaur
[22/08/2011 16:10:29] /s jigglypuff
[22/08/2011 16:10:31] /r
[22/08/2011 16:10:32] /r
[22/08/2011 17:03:13] /i 1285
[22/08/2011 17:32:58] /i 1285
[22/08/2011 17:32:59] /i 1285
[22/08/2011 17:33:01] /i 1285
[22/08/2011 17:33:03] /i 1285
[22/08/2011 17:36:27] /i 1285
[22/08/2011 17:36:28] /a 2
[22/08/2011 17:36:30] /i 1285
[22/08/2011 17:36:56] /r
[22/08/2011 17:48:13] /i 1285
[22/08/2011 17:48:14] /i 1285
[22/08/2011 17:48:14] /i 1285
[22/08/2011 17:48:15] /i 1285
[22/08/2011 18:09:16] /a 2
[23/08/2011 18:09:50] /i 1285
[23/08/2011 18:10:07] /i 1285
[23/08/2011 18:10:08] /i 1285
[23/08/2011 18:10:08] /i 1285
[23/08/2011 18:19:13] /i 1285
[23/08/2011 18:19:15] /i 1285
[23/08/2011 18:19:16] /i 1285
[23/08/2011 18:19:17] /i 1285
[23/08/2011 18:19:17] /i 1285
[23/08/2011 18:19:19] /i 1285
[23/08/2011 18:19:20] /i 1285
[23/08/2011 18:19:21] /i 1285
[23/08/2011 18:19:23] /i 1285
[23/08/2011 18:19:25] /i 1285
[23/08/2011 18:19:26] /i 1285
[23/08/2011 18:19:26] /i 1285
[23/08/2011 18:19:27] /i 1285
[23/08/2011 18:19:28] /i 1285
[23/08/2011 18:19:31] /i 1285
[23/08/2011 18:19:32] /i 1285
[23/08/2011 18:36:33] /t
[23/08/2011 18:36:42] /a 112
[23/08/2011 18:36:43] /a 44
[23/08/2011 18:36:45] /a 44
[23/08/2011 18:36:46] /a 44
[23/08/2011 18:36:48] /a 44
[23/08/2011 18:36:54] /a 12
[23/08/2011 18:54:36] /t
[23/08/2011 19:14:03] /t
[23/08/2011 19:16:35] /a 12
[23/08/2011 19:16:39] /a 3
[23/08/2011 19:16:43] /r
[23/08/2011 19:16:45] /a 2
[23/08/2011 19:16:46] /a 2
[23/08/2011 19:16:48] /a 2
[23/08/2011 19:19:53] /t
[23/08/2011 20:04:08] /a 1
[23/08/2011 20:04:09] /a 1
[23/08/2011 20:04:12] /a 1
[23/08/2011 20:04:16] /r
[23/08/2011 20:04:17] /r
[23/08/2011 20:04:18] /r
[23/08/2011 20:04:19] /r
[23/08/2011 20:04:19] /r
[23/08/2011 20:04:20] /r
[23/08/2011 20:20:40] /r
[23/08/2011 20:20:50] /a 1
[23/08/2011 20:23:04] /r
[23/08/2011 20:23:19] /a 2
[23/08/2011 20:28:12] /a 2
[23/08/2011 20:34:35] /a 2
[23/08/2011 20:47:06] /a 2
[23/08/2011 20:47:13] /a 2
[23/08/2011 20:47:16] /a 2
[23/08/2011 20:48:20] /a 2
[23/08/2011 20:48:33] /a 2
[23/08/2011 20:48:38] /r
[23/08/2011 20:49:48] /a 12
[23/08/2011 20:49:48] /a 12
[23/08/2011 20:49:49] /a 12
[23/08/2011 20:49:50] /a 12
[23/08/2011 20:49:51] /a 12
[23/08/2011 20:49:51] /a 12
[23/08/2011 20:49:51] /a 12
[23/08/2011 20:49:52] /a 12
[23/08/2011 20:49:53] /a 12
[23/08/2011 20:49:54] /a 12
[23/08/2011 20:49:55] /a 12
[23/08/2011 20:49:56] /a 12
[23/08/2011 20:49:58] /a 12
[23/08/2011 20:49:58] /a 12
[23/08/2011 20:50:00] /a 12
[23/08/2011 20:50:01] /a 12
[23/08/2011 20:50:02] /a 12
[23/08/2011 20:50:03] /a 12
[23/08/2011 21:12:16] /a 2
[23/08/2011 21:12:19] /r
[23/08/2011 21:12:24] /r
[23/08/2011 21:12:28] /i 1285
[23/08/2011 21:12:54] /r
[23/08/2011 21:12:58] /i 1285
[23/08/2011 21:16:01] /a 2
[23/08/2011 21:16:04] /a 2
[23/08/2011 21:16:35] /a 2
[23/08/2011 21:16:36] /a 2
[23/08/2011 21:16:36] /a 2
[23/08/2011 21:16:37] /a 2
[23/08/2011 21:16:38] /a 1
[23/08/2011 21:16:40] /r
[23/08/2011 21:17:36] /r
[23/08/2011 21:17:42] /r
[23/08/2011 21:17:44] /i 1285
[23/08/2011 21:17:50] /i 1285
[23/08/2011 21:21:54] /r
[23/08/2011 21:27:32] /a 2
[23/08/2011 21:27:42] /a 2
[23/08/2011 21:27:50] /a 2
[23/08/2011 21:27:53] /a 2
[23/08/2011 21:27:56] /r
[23/08/2011 21:27:58] /i 1285
[23/08/2011 21:28:08] /r
[23/08/2011 21:28:52] /i 1285
[23/08/2011 21:28:57] /i 1285
[23/08/2011 22:16:25] /a 2
[23/08/2011 22:25:53] /m bulbasaur
[23/08/2011 22:27:22] /m onix
[23/08/2011 22:27:49] /m onix
[23/08/2011 22:28:55] /m bulbasaur
[23/08/2011 22:31:50] /m onix
[23/08/2011 22:33:36] /s onix
[23/08/2011 22:33:39] /r
[23/08/2011 22:33:48] /m onix
[23/08/2011 22:43:30] /m onix
[23/08/2011 22:44:14] /m onix
[23/08/2011 22:45:02] /i 1285
[23/08/2011 22:45:03] /i 1285
[23/08/2011 22:45:04] /i 1285
[23/08/2011 22:45:05] /i 1285
[23/08/2011 22:45:06] /i 1285
[23/08/2011 23:04:14] /m onix
[23/08/2011 23:20:25] /m onix
[23/08/2011 23:20:27] /n nurse
[23/08/2011 23:20:53] /i 1285
[23/08/2011 23:20:54] /i 1285
[23/08/2011 23:20:54] /i 1285
[23/08/2011 23:20:55] /i 1285
[23/08/2011 23:21:17] /r
[23/08/2011 23:21:27] /i 5154
[23/08/2011 23:21:32] /r
[23/08/2011 23:21:38] /r
[23/08/2011 23:21:44] /i 1285
[23/08/2011 23:21:50] /r
[23/08/2011 23:21:57] /i 5154
[23/08/2011 23:22:19] /a 2
[23/08/2011 23:22:59] /m onix
[23/08/2011 23:23:30] /m onix
[23/08/2011 23:23:44] /m onix
[23/08/2011 23:24:04] /m arbok
[23/08/2011 23:24:25] /m onix
[23/08/2011 23:26:31] /m onix
[23/08/2011 23:27:21] /m onix
[23/08/2011 23:27:55] /m onix
[23/08/2011 23:29:24] /m onix
[23/08/2011 23:29:43] /n nurse
[23/08/2011 23:30:06] /r
[23/08/2011 23:30:24] /m onix
[23/08/2011 23:31:00] /m onix
[23/08/2011 23:33:02] /m onix
[23/08/2011 23:33:36] /m onix
[23/08/2011 23:34:07] /m onix
[23/08/2011 23:37:18] /r
[23/08/2011 23:37:20] /m onix
[24/08/2011 12:54:24] /n nurse
[24/08/2011 12:54:29] /r
[24/08/2011 12:55:06] /i 1285
[24/08/2011 12:55:07] /i 1285
[24/08/2011 12:55:08] /i 1285
[24/08/2011 12:55:08] /i 1285
[24/08/2011 12:55:09] /i 1285
[24/08/2011 12:55:10] /i 1285
[24/08/2011 13:16:42] /i 1285
[24/08/2011 13:16:45] /i 1285
[24/08/2011 13:16:47] /i 1285
[24/08/2011 13:16:48] /i 1285
[24/08/2011 21:56:28] /i 1285
[24/08/2011 21:56:29] /i 1285
[24/08/2011 21:56:30] /i 1285
[24/08/2011 21:56:31] /a 2
[24/08/2011 21:56:32] /i 1285
[24/08/2011 21:56:33] /i 1285
[24/08/2011 21:56:37] /r
[24/08/2011 21:56:39] /r
[24/08/2011 21:56:41] /r
[24/08/2011 23:29:01] /i 1285
[24/08/2011 23:29:01] /i 1285
[24/08/2011 23:29:02] /i 1285
[24/08/2011 23:30:20] /r
[25/08/2011 00:06:39] /i 1285
[25/08/2011 00:06:45] /i 1285
[25/08/2011 00:06:47] /i 1285
[25/08/2011 00:06:51] /a 2
[25/08/2011 00:06:52] /i 1285
[25/08/2011 00:07:03] /i 1285
[25/08/2011 00:07:04] /i 1285
[25/08/2011 00:07:09] /a 2
[25/08/2011 00:07:21] /a 2
[25/08/2011 00:08:23] /m onix
[25/08/2011 00:09:23] /m onix
[25/08/2011 00:09:32] /m onix
[25/08/2011 00:09:45] /m onix
[25/08/2011 13:07:02] /addskill admin, fishing, 10
[25/08/2011 13:07:05] /addskill admin, fishing, 10
[25/08/2011 13:07:07] /addskill admin, fishing, 10
[25/08/2011 13:07:08] /addskill admin, fishing, 10
[25/08/2011 13:07:08] /addskill admin, fishing, 10
[25/08/2011 13:11:11] /i 1285
[25/08/2011 13:11:13] /i 1285
[25/08/2011 13:11:14] /i 1285
[25/08/2011 13:11:17] /i 1285
[25/08/2011 13:11:18] /i 1285
[25/08/2011 13:11:19] /i 1285
[25/08/2011 13:11:22] /i 1285
[25/08/2011 13:11:23] /i 1285
[25/08/2011 13:11:25] /i 1285
[25/08/2011 13:11:26] /i 1285
[25/08/2011 13:11:27] /i 1285
[25/08/2011 13:18:21] /t
[25/08/2011 15:55:54] /i 1285
[25/08/2011 16:54:39] /storage admin, 17000, 1
[25/08/2011 17:03:29] /s porygon2
[25/08/2011 17:03:46] /r
[25/08/2011 17:47:49] /m onix
[25/08/2011 17:48:58] /m onix
[25/08/2011 17:49:13] /m onix
[25/08/2011 17:50:33] /m onix
[25/08/2011 18:09:13] /a 12
[25/08/2011 18:09:38] /t
[25/08/2011 18:10:10] /a 2
[25/08/2011 18:10:12] /a 2
[25/08/2011 19:17:10] /i wall
[25/08/2011 19:17:13] /i alabaster wall
[25/08/2011 19:17:19] /i 5285
[25/08/2011 19:17:25] /i 5284
[25/08/2011 19:17:26] /i 5284
[25/08/2011 19:20:08] /t
[25/08/2011 19:20:31] /r
[25/08/2011 19:20:32] /r
[25/08/2011 19:20:37] /r
[25/08/2011 19:20:59] /i 111
[25/08/2011 19:21:01] /i 1111
[25/08/2011 19:38:36] /r
[25/08/2011 20:10:57] /t
[25/08/2011 20:12:20] /t
[25/08/2011 20:14:21] /a 1
[25/08/2011 20:17:32] /t
[26/08/2011 13:27:28] /r
[26/08/2011 13:43:50] /i cuttable bush
[26/08/2011 13:47:43] /a 1
[26/08/2011 13:47:45] /a 1
[26/08/2011 13:50:54] /a 3
[26/08/2011 13:53:18] /t
[26/08/2011 13:53:50] /a 2
[26/08/2011 13:53:52] /t
[27/08/2011 15:03:41] /m onix
[27/08/2011 15:03:48] /m onix
[27/08/2011 15:03:59] /m onix
[27/08/2011 15:04:08] /m onix
[27/08/2011 15:04:17] /m onix
[27/08/2011 15:04:26] /m onix
[27/08/2011 15:04:38] /m onix
[27/08/2011 15:04:45] /m onix
[27/08/2011 15:29:30] /m onix
[27/08/2011 15:29:49] /m onix
[27/08/2011 15:30:45] /r
[27/08/2011 15:30:46] /r
[27/08/2011 15:30:48] /m venusaur
[27/08/2011 15:31:11] /m onix
[27/08/2011 15:31:20] /m venusaur
[27/08/2011 15:32:06] /save
[27/08/2011 15:32:38] /save
[27/08/2011 15:32:49] /save
[27/08/2011 15:33:09] /save
[27/08/2011 15:33:30] /save
[27/08/2011 15:33:43] /save
[27/08/2011 15:33:49] /save
[27/08/2011 15:38:00] /s parasect
[27/08/2011 15:38:01] /save
[27/08/2011 15:38:08] /save
[27/08/2011 15:38:14] /r
[27/08/2011 15:38:58] /save
[27/08/2011 15:39:21] /m parasect
[27/08/2011 15:39:22] /save
[27/08/2011 15:39:32] /r
[27/08/2011 15:39:34] /save
[27/08/2011 15:39:36] /r
[27/08/2011 15:40:00] /save
[27/08/2011 15:40:57] /m onix
[27/08/2011 15:40:58] /m onix
[27/08/2011 15:40:58] /m onix
[27/08/2011 15:41:01] /r
[27/08/2011 15:41:02] /r
[27/08/2011 15:41:03] /r
[27/08/2011 15:41:04] /r
[27/08/2011 15:41:05] /r
[27/08/2011 15:41:26] /s scyther
[27/08/2011 15:41:43] /s charizard
[27/08/2011 15:41:50] /r
[27/08/2011 15:41:52] /r
[27/08/2011 15:41:54] /s heracross
[27/08/2011 15:42:01] /r
[27/08/2011 15:42:06] /s pinsir
[27/08/2011 15:42:17] /r
[27/08/2011 15:46:16] /save
[27/08/2011 15:49:26] /save
[27/08/2011 15:53:54] /save
[27/08/2011 15:54:00] /save
[27/08/2011 15:54:05] /save
[27/08/2011 16:06:44] /save
[27/08/2011 16:07:33] /save
[27/08/2011 16:08:26] /save
[27/08/2011 16:08:43] /save
[27/08/2011 16:08:56] /save
[27/08/2011 16:16:51] /save
[27/08/2011 16:20:40] /save
