[14/11/2010 00:34:14] /i 2905
[14/11/2010 00:34:14] /i 2905
[14/11/2010 00:34:14] /i 2905
[14/11/2010 00:34:14] /i 2905
[14/11/2010 00:34:14] /i 2905
[14/11/2010 00:34:14] /i 2905
[14/11/2010 00:34:14] /i 2905
[14/11/2010 00:34:14] /i 2905
[14/11/2010 00:34:15] /i 2905
[14/11/2010 00:34:15] /i 2905
[14/11/2010 00:34:15] /i 2905
[14/11/2010 00:34:15] /i 2905
[14/11/2010 00:34:15] /i 2905
[14/11/2010 00:34:15] /i 2905
[14/11/2010 00:34:15] /i 2905
[14/11/2010 00:34:15] /i 2905
[14/11/2010 00:34:20] /i 2147
[14/11/2010 00:34:53] /i 2905
[14/11/2010 00:34:53] /i 2905
[14/11/2010 00:34:53] /i 2905
[14/11/2010 00:34:53] /i 2905
[14/11/2010 00:34:53] /i 2905
[14/11/2010 00:34:53] /i 2905
[14/11/2010 00:34:53] /i 2905
[14/11/2010 00:34:53] /i 2905
[14/11/2010 00:34:53] /i 2905
[14/11/2010 00:34:53] /i 2905
[14/11/2010 00:34:53] /i 2905
[14/11/2010 00:34:53] /i 2905
[14/11/2010 00:34:54] /i 2905
[14/11/2010 00:34:54] /i 2905
[14/11/2010 00:34:54] /i 2905
[14/11/2010 00:35:00] /i 2147
[14/11/2010 00:36:09] /i 2905
[14/11/2010 00:36:09] /i 2905
[14/11/2010 00:36:09] /i 2905
[14/11/2010 00:36:09] /i 2905
[14/11/2010 00:36:09] /i 2905
[14/11/2010 00:36:09] /i 2905
[14/11/2010 00:36:09] /i 2905
[14/11/2010 00:36:09] /i 2905
[14/11/2010 00:36:09] /i 2905
[14/11/2010 00:36:09] /i 2905
[14/11/2010 00:36:10] /i 2905
[14/11/2010 00:36:10] /i 2905
[14/11/2010 00:36:10] /i 2905
[14/11/2010 00:36:10] /i 2905
[14/11/2010 00:36:13] /i 2147
[14/11/2010 00:38:10] /i 2905
[14/11/2010 00:38:10] /i 2905
[14/11/2010 00:38:10] /i 2905
[14/11/2010 00:38:10] /i 2905
[14/11/2010 00:38:10] /i 2905
[14/11/2010 00:38:10] /i 2905
[14/11/2010 00:38:10] /i 2905
[14/11/2010 00:38:10] /i 2905
[14/11/2010 00:38:10] /i 2905
[14/11/2010 00:38:10] /i 2905
[14/11/2010 00:38:10] /i 2905
[14/11/2010 00:38:10] /i 2905
[14/11/2010 00:38:10] /i 2905
[14/11/2010 00:38:10] /i 2905
[14/11/2010 00:38:10] /i 2905
[14/11/2010 00:38:10] /i 2905
[14/11/2010 00:38:10] /i 2905
[14/11/2010 00:38:10] /i 2905
[14/11/2010 00:38:10] /i 2905
[14/11/2010 00:38:10] /i 2905
[14/11/2010 00:38:16] /i 2147
[14/11/2010 00:40:27] /i 2905
[14/11/2010 00:40:27] /i 2905
[14/11/2010 00:40:27] /i 2905
[14/11/2010 00:40:27] /i 2905
[14/11/2010 00:40:27] /i 2905
[14/11/2010 00:40:27] /i 2905
[14/11/2010 00:40:27] /i 2905
[14/11/2010 00:40:27] /i 2905
[14/11/2010 00:40:27] /i 2905
[14/11/2010 00:40:27] /i 2905
[14/11/2010 00:40:27] /i 2905
[14/11/2010 00:40:27] /i 2905
[14/11/2010 00:40:27] /i 2905
[14/11/2010 00:40:27] /i 2905
[14/11/2010 00:40:27] /i 2905
[14/11/2010 00:40:27] /i 2905
[14/11/2010 00:40:27] /i 2905
[14/11/2010 00:40:27] /i 2905
[14/11/2010 00:40:28] /i 2905
[14/11/2010 00:40:28] /i 2905
[14/11/2010 00:42:04] /i 2905
[14/11/2010 00:42:04] /i 2905
[14/11/2010 00:42:04] /i 2905
[14/11/2010 00:42:04] /i 2905
[14/11/2010 00:42:04] /i 2905
[14/11/2010 00:42:04] /i 2905
[14/11/2010 00:42:04] /i 2905
[14/11/2010 00:42:04] /i 2905
[14/11/2010 00:42:04] /i 2905
[14/11/2010 00:42:04] /i 2905
[14/11/2010 00:42:04] /i 2905
[14/11/2010 00:42:04] /i 2905
[14/11/2010 00:42:04] /i 2905
[14/11/2010 00:42:04] /i 2905
[14/11/2010 00:42:04] /i 2905
[14/11/2010 00:42:04] /i 2905
[14/11/2010 00:42:04] /i 2905
[14/11/2010 00:42:04] /i 2905
[14/11/2010 00:42:05] /i 2905
[14/11/2010 00:42:05] /i 2905
[14/11/2010 00:42:05] /i 2905
[14/11/2010 00:42:05] /i 2905
[14/11/2010 00:42:05] /i 2905
[14/11/2010 00:42:05] /i 2905
[14/11/2010 00:42:05] /i 2905
[14/11/2010 00:42:05] /i 2905
[14/11/2010 00:42:05] /i 2905
[14/11/2010 00:42:05] /i 2905
[14/11/2010 00:42:05] /i 2905
[14/11/2010 00:42:05] /i 2905
[14/11/2010 00:42:05] /i 2905
[14/11/2010 00:43:41] /i 2905
[14/11/2010 00:43:41] /i 2905
[14/11/2010 00:43:41] /i 2905
[14/11/2010 00:43:41] /i 2905
[14/11/2010 00:43:41] /i 2905
[14/11/2010 00:43:41] /i 2905
[14/11/2010 00:43:41] /i 2905
[14/11/2010 00:43:41] /i 2905
[14/11/2010 00:43:41] /i 2905
[14/11/2010 00:43:41] /i 2905
[14/11/2010 00:43:41] /i 2905
[14/11/2010 00:43:41] /i 2905
[14/11/2010 00:43:41] /i 2905
[14/11/2010 00:43:41] /i 2905
[14/11/2010 00:43:41] /i 2905
[14/11/2010 00:43:41] /i 2905
[14/11/2010 00:43:41] /i 2905
[14/11/2010 00:43:41] /i 2905
[14/11/2010 00:44:42] /i 2905
[14/11/2010 00:44:42] /i 2905
[14/11/2010 00:44:42] /i 2905
[14/11/2010 00:44:42] /i 2905
[14/11/2010 00:44:42] /i 2905
[14/11/2010 00:44:43] /i 2905
[14/11/2010 00:44:43] /i 2905
[14/11/2010 00:44:43] /i 2905
[14/11/2010 00:44:43] /i 2905
[14/11/2010 00:44:43] /i 2905
[14/11/2010 00:44:43] /i 2905
[14/11/2010 00:44:43] /i 2905
[14/11/2010 00:44:43] /i 2905
[14/11/2010 00:44:43] /i 2905
[14/11/2010 00:44:43] /i 2905
[14/11/2010 00:44:43] /i 2905
[14/11/2010 00:44:43] /i 2905
[14/11/2010 00:44:43] /i 2905
[14/11/2010 00:50:45] /i 2905
[14/11/2010 00:50:45] /i 2905
[14/11/2010 00:50:45] /i 2905
[14/11/2010 00:50:45] /i 2905
[14/11/2010 00:50:45] /i 2905
[14/11/2010 00:50:45] /i 2905
[14/11/2010 00:50:45] /i 2905
[14/11/2010 00:50:45] /i 2905
[14/11/2010 00:50:45] /i 2905
[14/11/2010 00:50:45] /i 2905
[14/11/2010 00:50:45] /i 2905
[14/11/2010 00:50:45] /i 2905
[14/11/2010 00:50:45] /i 2905
[14/11/2010 00:50:45] /i 2905
[14/11/2010 00:50:45] /i 2905
[14/11/2010 00:50:45] /i 2905
[14/11/2010 00:51:16] /i 2905
[14/11/2010 00:51:16] /i 2905
[14/11/2010 00:51:16] /i 2905
[14/11/2010 00:51:16] /i 2905
[14/11/2010 00:51:16] /i 2905
[14/11/2010 00:51:16] /i 2905
[14/11/2010 00:51:16] /i 2905
[14/11/2010 00:51:16] /i 2905
[14/11/2010 00:51:16] /i 2905
[14/11/2010 00:51:16] /i 2905
[14/11/2010 00:51:16] /i 2905
[14/11/2010 00:51:16] /i 2905
[14/11/2010 00:51:16] /i 2905
[14/11/2010 00:51:16] /i 2905
[14/11/2010 00:51:16] /i 2905
[14/11/2010 00:51:16] /i 2905
[14/11/2010 00:51:16] /i 2905
[14/11/2010 00:51:33] /i 2905
[14/11/2010 00:51:34] /i 2905
[14/11/2010 00:51:34] /i 2905
[14/11/2010 00:51:34] /i 2905
[14/11/2010 00:51:34] /i 2905
[14/11/2010 00:51:34] /i 2905
[14/11/2010 00:51:34] /i 2905
[14/11/2010 00:51:34] /i 2905
[14/11/2010 00:51:34] /i 2905
[14/11/2010 00:51:34] /i 2905
[14/11/2010 00:51:34] /i 2905
[14/11/2010 00:51:34] /i 2905
[14/11/2010 00:51:34] /i 2905
[14/11/2010 00:51:34] /i 2905
[14/11/2010 00:51:34] /i 2905
[14/11/2010 00:51:34] /i 2905
[14/11/2010 00:51:34] /i 2905
[14/11/2010 00:51:34] /i 2905
[14/11/2010 00:51:34] /i 2905
[14/11/2010 00:51:34] /i 2905
[14/11/2010 00:51:34] /i 2905
[14/11/2010 00:51:34] /i 2905
[14/11/2010 01:00:39] /i 2905
[14/11/2010 01:00:39] /i 2905
[14/11/2010 01:00:39] /i 2905
[14/11/2010 01:00:39] /i 2905
[14/11/2010 01:00:39] /i 2905
[14/11/2010 01:00:39] /i 2905
[14/11/2010 01:00:39] /i 2905
[14/11/2010 01:00:39] /i 2905
[14/11/2010 01:00:39] /i 2905
[14/11/2010 01:00:39] /i 2905
[14/11/2010 01:00:39] /i 2905
[14/11/2010 01:00:39] /i 2905
[14/11/2010 01:00:39] /i 2905
[14/11/2010 01:00:39] /i 2905
[14/11/2010 01:00:39] /i 2905
[14/11/2010 01:00:39] /i 2905
[14/11/2010 01:00:39] /i 2905
[14/11/2010 01:00:39] /i 2905
[14/11/2010 01:01:18] /i 2905
[14/11/2010 01:01:18] /i 2905
[14/11/2010 01:01:18] /i 2905
[14/11/2010 01:01:18] /i 2905
[14/11/2010 01:01:18] /i 2905
[14/11/2010 01:01:18] /i 2905
[14/11/2010 01:01:19] /i 2905
[14/11/2010 01:01:19] /i 2905
[14/11/2010 01:01:19] /i 2905
[14/11/2010 01:01:19] /i 2905
[14/11/2010 01:01:19] /i 2905
[14/11/2010 01:01:19] /i 2905
[14/11/2010 01:01:19] /i 2905
[14/11/2010 01:15:51] /i 2905
[14/11/2010 01:15:51] /i 2905
[14/11/2010 01:15:51] /i 2905
[14/11/2010 01:15:51] /i 2905
[14/11/2010 01:15:51] /i 2905
[14/11/2010 01:15:51] /i 2905
[14/11/2010 01:15:51] /i 2905
[14/11/2010 01:15:52] /i 2905
[14/11/2010 01:15:52] /i 2905
[14/11/2010 01:15:52] /i 2905
[14/11/2010 01:15:52] /i 2905
[14/11/2010 01:15:52] /i 2905
[14/11/2010 01:15:52] /i 2905
[14/11/2010 01:15:52] /i 2905
[14/11/2010 01:15:52] /i 2905
[14/11/2010 01:15:52] /i 2905
[14/11/2010 01:15:52] /i 2905
[14/11/2010 01:15:52] /i 2905
[14/11/2010 01:15:52] /i 2905
[14/11/2010 01:15:52] /i 2905
[14/11/2010 01:15:52] /i 2905
[14/11/2010 01:15:52] /i 2905
[14/11/2010 01:15:52] /i 2905
[14/11/2010 01:15:52] /i 2905
[14/11/2010 01:15:52] /i 2905
[14/11/2010 01:15:52] /i 2905
[14/11/2010 01:15:52] /i 2905
[14/11/2010 01:15:52] /i 2905
[14/11/2010 01:15:52] /i 2905
[14/11/2010 01:15:52] /i 2905
[14/11/2010 01:15:52] /i 2905
[14/11/2010 01:15:52] /i 2905
[14/11/2010 01:15:52] /i 2905
[14/11/2010 01:15:52] /i 2905
[14/11/2010 01:16:29] /i 2905
[14/11/2010 01:16:29] /i 2905
[14/11/2010 01:16:29] /i 2905
[14/11/2010 01:16:29] /i 2905
[14/11/2010 01:16:29] /i 2905
[14/11/2010 01:16:29] /i 2905
[14/11/2010 01:16:29] /i 2905
[14/11/2010 01:16:29] /i 2905
[14/11/2010 01:16:29] /i 2905
[14/11/2010 01:16:29] /i 2905
[14/11/2010 01:16:29] /i 2905
[14/11/2010 01:16:29] /i 2905
[14/11/2010 01:16:29] /i 2905
[14/11/2010 01:16:29] /i 2905
[14/11/2010 01:16:29] /i 2905
[14/11/2010 01:16:29] /i 2905
[14/11/2010 01:16:29] /i 2905
[14/11/2010 01:16:29] /i 2905
[14/11/2010 01:16:29] /i 2905
[14/11/2010 01:16:29] /i 2905
[14/11/2010 01:16:29] /i 2905
[14/11/2010 01:16:29] /i 2905
[14/11/2010 01:16:29] /i 2905
[14/11/2010 01:16:29] /i 2905
[14/11/2010 01:16:31] /i 2146
[14/11/2010 01:32:04] /i 2377
[14/11/2010 01:49:08] /s bellsprout
[14/11/2010 01:49:35] /s rattata
[14/11/2010 01:49:37] /s raticate
[14/11/2010 01:49:39] /s weepinbell
[14/11/2010 01:49:41] /s victreebel
[14/11/2010 01:49:44] /s abra
[14/11/2010 01:49:46] /s kadabra
[14/11/2010 01:49:47] /s alakazam
[14/11/2010 01:51:00] /r
[14/11/2010 01:51:37] /i 2288
[14/11/2010 01:53:33] /s kadabra
[14/11/2010 01:53:34] /s kadabra
[14/11/2010 01:53:34] /s kadabra
[14/11/2010 01:53:35] /s kadabra
[14/11/2010 01:53:36] /s kadabra
[14/11/2010 01:53:38] /s alakazam
[14/11/2010 02:00:08] /i 2288
[14/11/2010 02:09:36] /i 2288
[14/11/2010 02:10:30] /s bellsprout
[14/11/2010 02:10:34] /s alakazam
[14/11/2010 02:10:41] /s bellsprout
[14/11/2010 02:10:50] /r
[14/11/2010 02:11:12] /i 2276
[14/11/2010 02:11:25] /s bellsprout
[14/11/2010 02:11:30] /s alakazam
[14/11/2010 02:11:45] /r
[14/11/2010 02:11:49] /i 2276
[14/11/2010 02:11:52] /i 2276
[14/11/2010 02:11:56] /i 2276
[14/11/2010 02:12:50] /s rattata
[14/11/2010 02:12:54] /s alakazam
[14/11/2010 02:13:05] /r
[14/11/2010 02:13:06] /r
[14/11/2010 02:13:10] /i 2289
[14/11/2010 02:16:30] /s raticate
[14/11/2010 02:19:06] /r
[14/11/2010 14:07:50] /m rattata
[14/11/2010 14:09:17] /m rattata
[14/11/2010 14:10:43] /m bellsprout
[14/11/2010 14:11:39] /m bellsprout
[14/11/2010 14:12:37] /m rattata
[14/11/2010 14:14:34] /s weepinbell
[14/11/2010 14:14:44] /m rattata
[14/11/2010 14:14:54] /ghost
[14/11/2010 14:15:08] /m weepinbell
[14/11/2010 14:15:37] /s weepinbell
[14/11/2010 14:16:03] /r
[14/11/2010 14:16:59] /s rattata
[14/11/2010 14:17:01] /s rattata
[14/11/2010 14:17:04] /s rattata
[14/11/2010 14:19:45] /s alakazam
[14/11/2010 14:19:53] /m rattata
[14/11/2010 14:20:18] /m weepinbell
[14/11/2010 14:20:31] /m weepinbell
[14/11/2010 14:20:44] /m weepinbell
[14/11/2010 14:20:51] /m weepinbell
[14/11/2010 14:20:57] /m weepinbell
[14/11/2010 14:21:05] /m weepinbell
[14/11/2010 14:21:14] /m weepinbell
[14/11/2010 14:27:24] /m victreebel
[07/12/2010 01:28:26] /i 6042
[07/12/2010 01:28:37] /i 2287
[07/12/2010 01:28:40] /i 2277
[07/12/2010 01:28:55] /s poliwrath
