[29/05/2011 16:08:40] /i 2588
[29/05/2011 16:08:46] /i 2589
[29/05/2011 16:08:55] /i 2591
[29/05/2011 16:30:31] /a 2
[29/05/2011 16:30:34] /a 2
[29/05/2011 16:30:42] /i 2594
[29/05/2011 16:30:43] /i 2593
[29/05/2011 16:30:44] /i 2592
[29/05/2011 16:30:46] /i 2591
[29/05/2011 16:32:07] /a 2
[29/05/2011 16:32:09] /a 3
[29/05/2011 16:32:20] /i 2591
[29/05/2011 16:32:36] /i great ball
[29/05/2011 16:32:39] /i defeated magikarp
[29/05/2011 16:32:40] /i defeated magikarp
[29/05/2011 16:32:41] /i defeated magikarp
[29/05/2011 16:32:43] /i defeated magikarp
[29/05/2011 16:32:44] /i defeated magikarp
[29/05/2011 16:32:49] /i defeated magikarp
[29/05/2011 16:32:50] /i defeated magikarp
[29/05/2011 16:33:04] /a 2
[29/05/2011 16:33:07] /t
[29/05/2011 17:45:53] /n brock
[29/05/2011 17:46:30] /r
[29/05/2011 17:46:31] /n brock
[29/05/2011 17:46:53] /n brock
[29/05/2011 18:00:35] /r
[29/05/2011 18:00:37] /n nurse
[29/05/2011 18:00:46] /r
[29/05/2011 18:02:09] /n nurse
[29/05/2011 18:02:12] /r
[29/05/2011 18:02:39] /i defeated magikarp
[29/05/2011 18:02:50] /n nurse
[29/05/2011 18:02:54] /m pidgey s
[29/05/2011 18:05:13] /r
[29/05/2011 18:05:15] /n nurse
[29/05/2011 18:05:22] /m pidgey s
[29/05/2011 18:06:04] /i super ball
[29/05/2011 18:06:09] /i defeated magikarp
[29/05/2011 18:06:34] /r
[29/05/2011 18:06:51] /r
[29/05/2011 18:07:31] /r
[29/05/2011 18:07:32] /r
[29/05/2011 18:08:00] /r
[29/05/2011 18:08:02] /n nurse
