[01/11/2011 16:47:27] /n nurse
[01/11/2011 17:03:55] /i clock
[01/11/2011 17:03:58] /i wach
[01/11/2011 17:04:00] /i watch
[01/11/2011 17:43:52] /m pidgey, 6
[01/11/2011 18:33:04] /m tyrogue
[01/11/2011 18:33:18] /r
[01/11/2011 18:38:27] /n nurse
[01/11/2011 18:38:28] /r
[01/11/2011 18:43:34] /m caterpie, 2
[01/11/2011 18:43:42] /m caterpie, 2
[01/11/2011 18:43:52] /m pidgey, 6
[01/11/2011 18:44:10] /m pidgey, 6
[01/11/2011 18:44:29] /m pidgey, 8
[01/11/2011 18:52:52] /m pidgey, 8
[01/11/2011 18:53:06] /m pidgey, 10
[01/11/2011 18:53:29] /m pidgey, 10
[01/11/2011 18:53:49] /n nurse
[01/11/2011 18:53:51] /r
[01/11/2011 18:54:09] /m caterpie, 2
[01/11/2011 18:54:21] /m caterpie, 2
[01/11/2011 18:54:27] /m caterpie, 2
[01/11/2011 18:54:31] /m caterpie, 2
[01/11/2011 18:54:39] /m caterpie, 3
[01/11/2011 18:54:50] /m caterpie, 4
[01/11/2011 18:55:00] /m pidgeotto, 10
[01/11/2011 18:55:31] /m pidgey, 12
[01/11/2011 18:55:47] /m pidgey, 12
[01/11/2011 18:55:52] /n nurse
[01/11/2011 18:55:53] /r
[01/11/2011 18:57:21] /m pidgeotto, 14
[01/11/2011 18:57:49] /m pidgeotto, 13
[01/11/2011 18:58:24] /n nurse
[01/11/2011 18:59:19] /m spearow, 13
[01/11/2011 19:00:27] /m pidgeotto, 13
[01/11/2011 19:00:49] /m weepinbell, 15
[01/11/2011 19:01:17] /m pidgeotto, 15
[02/11/2011 18:05:39] /n danny
[02/11/2011 18:06:04] /i dollar note
[02/11/2011 18:08:07] /m butterfree, 13
[02/11/2011 18:08:19] /m butterfree, 21
[02/11/2011 18:09:12] /n nurse
[02/11/2011 18:09:15] /r
[02/11/2011 18:09:16] /r
[02/11/2011 18:32:58] /n danny
[02/11/2011 23:44:37] /t
[02/11/2011 23:47:04] /addskill aninbru, level, 10
[02/11/2011 23:49:02] /m bellsprout, 14
[03/11/2011 22:00:52] /m pidgeotto, 16
[03/11/2011 22:04:15] /m pidgeotto, 17
[03/11/2011 22:04:37] /m pidgeotto, 20
[03/11/2011 22:05:16] /m pidgeot, 35
[03/11/2011 22:05:29] /m fearow, 42
[03/11/2011 22:05:42] /m fearow, 60
[03/11/2011 22:06:25] /m fearow, 60
[03/11/2011 22:07:25] /m pidgeot, 50
[03/11/2011 22:08:53] /m fearow, 13
[03/11/2011 22:41:47] /m geodude, 50
[03/11/2011 22:42:14] /r
[03/11/2011 22:42:18] /i full restore
[03/11/2011 22:45:29] /m geodude, 100
[03/11/2011 22:45:38] /r
[03/11/2011 22:46:24] /m machamp, 40
[03/11/2011 22:46:30] /r
[03/11/2011 22:47:46] /m machamp, 40
[03/11/2011 22:47:52] /r
[03/11/2011 22:47:54] /n nurse
[03/11/2011 22:47:55] /r
[03/11/2011 22:48:00] /m machoke, 30
[03/11/2011 22:48:13] /r
[03/11/2011 22:49:23] /m machop, 100
[03/11/2011 22:49:25] /i potion
[03/11/2011 22:49:55] /r
[04/11/2011 14:00:48] /i 2036
[04/11/2011 14:00:58] /i 1728
[04/11/2011 14:01:07] /i 1877
[04/11/2011 14:01:14] /i 6091
[04/11/2011 14:01:28] /i 6092
[04/11/2011 14:01:36] /i 8187
[04/11/2011 22:24:59] /a 12
[04/11/2011 22:25:00] /a 12
[04/11/2011 22:25:00] /a 12
[04/11/2011 22:25:01] /a 12
[04/11/2011 22:25:01] /a 12
[04/11/2011 22:25:02] /a 12
[04/11/2011 22:25:02] /a 12
[04/11/2011 22:25:03] /a 12
[04/11/2011 22:25:03] /a 12
[04/11/2011 22:25:04] /a 12
[04/11/2011 22:25:09] /a 6
[05/11/2011 15:08:41] /i pizza
[05/11/2011 16:13:26] /t
[05/11/2011 16:13:28] /a 24
[05/11/2011 16:13:30] /a 12
[05/11/2011 16:13:31] /a 12
[05/11/2011 16:13:32] /a 12
[05/11/2011 16:13:33] /a 12
[05/11/2011 16:13:35] /a 12
[05/11/2011 16:22:49] /t
[05/11/2011 16:24:04] /m mankey, 2
[05/11/2011 16:24:17] /m mankey, 12
[05/11/2011 16:24:40] /n nurse
[05/11/2011 16:24:58] /m kakuna, 10
[05/11/2011 16:25:53] /m bellsprout, 12
[05/11/2011 16:26:57] /m bellsprout, 12
[05/11/2011 16:32:25] /m onix
[05/11/2011 16:32:37] /r
[07/11/2011 22:47:13] /m ekans, 23
[07/11/2011 22:47:56] /m ekans, 23
[07/11/2011 22:48:34] /m ekans, 16
[07/11/2011 22:48:56] /m butterfree, 18
[07/11/2011 22:49:53] /m arbok, 29
[07/11/2011 22:50:15] /n nurse
[07/11/2011 22:50:17] /r
[07/11/2011 22:51:12] /m weepinbell, 20
[07/11/2011 22:51:34] /n nurse
[07/11/2011 22:52:36] /m machop, 20
[07/11/2011 22:54:42] /m machop, 20
[07/11/2011 22:56:12] /m machop, 20
[07/11/2011 22:56:49] /m machoke, 30
[07/11/2011 22:58:06] /m eevee, 14
[07/11/2011 23:10:01] /m eevee, 23
[07/11/2011 23:16:13] /m raticate, 17
[07/11/2011 23:24:09] /m arbok, 29
[09/11/2011 17:59:52] /m raticate, 20
[09/11/2011 18:00:11] /r
[09/11/2011 18:00:14] /n nuse
[09/11/2011 18:00:17] /n nurse
[09/11/2011 18:03:02] /m golbat, 22
[09/11/2011 18:03:25] /m golbat, 22
[09/11/2011 18:06:26] /m golbat, 23
[09/11/2011 18:07:21] /m drowzee, 26
[09/11/2011 18:07:33] /m hypno, 27
[09/11/2011 18:09:08] /m drowzee, 20
[10/11/2011 16:21:19] /goto 50 50 7
[14/11/2011 08:17:06] /a 2
[14/11/2011 08:17:07] /a 2
[14/11/2011 08:17:07] /a 2
[14/11/2011 08:17:08] /a 2
[14/11/2011 08:17:08] /a 2
[14/11/2011 08:17:09] /a 2
[14/11/2011 08:17:10] /a 2
[20/11/2011 12:12:56] /m oddish, 10
[20/11/2011 12:13:07] /m oddish, 20
[20/11/2011 12:14:53] /m oddish, 15
[20/11/2011 12:15:03] /n nurse
[20/11/2011 12:15:04] /r
[20/11/2011 12:15:26] /m oddish, 1
[20/11/2011 12:16:51] /m oddish, 1
[20/11/2011 12:17:01] /m oddish, 15
[20/11/2011 12:17:38] /m rattata, 1
[21/11/2011 14:51:35] /m graveler, 23
[21/11/2011 14:51:43] /m graveler, 24
[21/11/2011 14:52:04] /m onix, 35
[21/11/2011 14:52:11] /n nurse
[21/11/2011 14:52:24] /r
[21/11/2011 14:52:30] /m golem, 30
[21/11/2011 14:52:37] /r
[21/11/2011 14:53:02] /m onix, 35
[16/12/2011 17:51:16] /m onix, 40
[16/12/2011 17:52:01] /m onix, 25
[16/12/2011 17:52:02] /r
[16/12/2011 17:52:26] /m onix, 25
[16/12/2011 18:13:18] /m onix
[16/12/2011 18:13:20] /r
[16/12/2011 19:31:21] /n nurse
[16/12/2011 19:38:21] /m charizard, 20
[16/12/2011 19:38:54] /i ultra ball
[16/12/2011 22:41:39] /a 2
[16/12/2011 22:54:08] /a 2
[16/12/2011 22:56:53] /m caterpie, 1
[16/12/2011 22:57:02] /m weedle, 2
[17/12/2011 01:59:57] /m gyarados, 50
[17/12/2011 01:59:58] /m gyarados, 50
[17/12/2011 01:59:58] /m gyarados, 50
[17/12/2011 01:59:59] /m gyarados, 50
[17/12/2011 01:59:59] /m gyarados, 50
[17/12/2011 01:59:59] /m gyarados, 50
[17/12/2011 02:00:00] /m gyarados, 50
[17/12/2011 02:00:00] /m gyarados, 50
[17/12/2011 02:00:01] /m gyarados, 50
[17/12/2011 02:00:01] /m gyarados, 50
[17/12/2011 02:00:02] /m gyarados, 50
[17/12/2011 02:00:02] /m gyarados, 50
[17/12/2011 02:00:03] /m gyarados, 50
[17/12/2011 02:00:03] /m gyarados, 50
[17/12/2011 02:00:04] /m gyarados, 50
[17/12/2011 02:00:04] /m gyarados, 50
[17/12/2011 02:00:05] /m gyarados, 50
[17/12/2011 02:00:06] /m gyarados, 50
[17/12/2011 02:00:06] /m gyarados, 50
[17/12/2011 02:00:07] /m gyarados, 50
[17/12/2011 02:00:08] /m gyarados, 50
[17/12/2011 02:00:09] /m gyarados, 50
[17/12/2011 02:00:09] /m gyarados, 50
[17/12/2011 02:00:10] /m gyarados, 50
[17/12/2011 02:00:11] /m gyarados, 50
[17/12/2011 02:00:11] /m gyarados, 50
[17/12/2011 02:00:12] /m gyarados, 50
[17/12/2011 02:00:13] /m gyarados, 50
[17/12/2011 02:00:13] /m gyarados, 50
[17/12/2011 02:00:14] /m gyarados, 50
[17/12/2011 02:00:15] /m gyarados, 50
[17/12/2011 02:00:15] /m gyarados, 50
[17/12/2011 02:00:16] /m gyarados, 50
[17/12/2011 02:00:17] /m gyarados, 50
[17/12/2011 02:00:17] /m gyarados, 50
[17/12/2011 02:00:18] /m gyarados, 50
[17/12/2011 02:10:20] /m gyarados, 100
[17/12/2011 02:10:31] /m gyarados, 100
[17/12/2011 02:11:43] /m onix, 100
[17/12/2011 02:11:48] /m onix, 100
[17/12/2011 02:13:25] /m gyarados, 100
[17/12/2011 02:13:27] /m gyarados, 100
[17/12/2011 02:13:32] /m gyarados, 100
[17/12/2011 02:13:36] /r
[17/12/2011 02:13:37] /r
[17/12/2011 02:13:38] /r
[18/12/2011 14:31:39] /m poliwhirl, 23
[18/12/2011 14:32:01] /m wartortle, 24
[18/12/2011 14:32:31] /m wartortle, 28
[18/12/2011 14:32:43] /m caterpie, 12
[18/12/2011 14:32:55] /m gyarados, 30
[18/12/2011 14:33:11] /ghost
[18/12/2011 14:33:30] /n nurse
[18/12/2011 14:33:33] /r
[18/12/2011 14:33:34] /ghost
[18/12/2011 14:33:56] /m onix, 26
[18/12/2011 14:35:30] /m onix, 10
[18/12/2011 14:35:35] /r
[18/12/2011 14:37:37] /n name
[20/12/2011 11:49:41] /i rare candy
[20/12/2011 11:52:33] /i rare candy
[20/12/2011 11:59:58] /n nurse
[20/12/2011 12:17:29] /m caterpie, 4
[20/12/2011 12:30:21] /i rare candy
[20/12/2011 12:57:01] /n celadon
[20/12/2011 12:57:17] /n celadon
[20/12/2011 12:57:58] /r
[20/12/2011 12:58:00] /n celadon
[20/12/2011 12:58:52] /r
[20/12/2011 12:58:53] /n celadon
[20/12/2011 13:08:14] /r
[20/12/2011 13:08:16] /n celadon
[20/12/2011 13:09:46] /r
[20/12/2011 13:09:48] /n celadon
[20/12/2011 13:12:54] /r
[20/12/2011 13:12:57] /n celadon
[20/12/2011 13:21:38] /r
[20/12/2011 13:21:39] /n celadon
[20/12/2011 13:22:31] /n celadon
[20/12/2011 13:22:53] /n celadon
[20/12/2011 13:24:37] /r
[20/12/2011 13:24:41] /n celadon
[20/12/2011 13:30:52] /r
[20/12/2011 13:30:56] /n cassinoseller
[20/12/2011 15:24:47] /r
[20/12/2011 15:24:51] /n pokemon seller
[20/12/2011 15:25:05] /n pokemon seller
[20/12/2011 15:25:20] /n pokemon seller
[20/12/2011 15:25:43] /n pokemon seller
[20/12/2011 15:26:20] /r
[20/12/2011 15:26:22] /n pokemon seller
[20/12/2011 15:26:53] /r
[20/12/2011 15:27:00] /n pokemon seller
[20/12/2011 15:28:01] /r
[20/12/2011 15:28:06] /n pokemon seller
[20/12/2011 15:35:45] /r
[20/12/2011 15:35:49] /n pokemon seller
[20/12/2011 15:36:03] /n pokemon seller
[20/12/2011 15:37:01] /r
[20/12/2011 15:37:04] /n pokemon seller
[20/12/2011 15:38:21] /r
[20/12/2011 15:38:24] /n pokemon seller
[20/12/2011 15:40:49] /r
[20/12/2011 15:40:50] /r
[20/12/2011 15:40:53] /n pokemon collector
[20/12/2011 15:40:57] /n pokemon seller
[20/12/2011 15:50:05] /n cassino seller
[20/12/2011 15:50:32] /n cassino seller
[20/12/2011 15:50:42] /r
[20/12/2011 15:51:33] /n cassino seller
[20/12/2011 15:52:01] /r
[20/12/2011 15:52:08] /r
[20/12/2011 15:52:15] /n cassino seller
[20/12/2011 15:52:21] /r
[20/12/2011 15:52:47] /n pokemon seller
[20/12/2011 15:52:59] /r
[20/12/2011 15:53:54] /n pokemon seller
[20/12/2011 15:54:22] /r
[20/12/2011 15:56:26] /m caterpie, 3
[20/12/2011 15:57:19] /i 2383
[20/12/2011 16:07:44] /n name
[20/12/2011 16:07:46] /n namer
[20/12/2011 16:11:16] /storage aninbru, 100, 1
[20/12/2011 16:11:18] /storage aninbru, 101, 1
[20/12/2011 16:11:21] /storage aninbru, 102, 1
[20/12/2011 16:11:23] /storage aninbru, 103, 1
[20/12/2011 16:11:27] /storage aninbru, 104, 1
[20/12/2011 16:11:29] /storage aninbru, 105, 1
[20/12/2011 16:11:31] /storage aninbru, 106, 1
[20/12/2011 16:11:33] /storage aninbru, 107, 1
[20/12/2011 16:11:35] /storage aninbru, 108, 1
[20/12/2011 16:11:37] /storage aninbru, 109, 1
[20/12/2011 16:11:40] /storage aninbru, 110, 1
[20/12/2011 16:11:43] /storage aninbru, 111, 1
[20/12/2011 16:11:44] /storage aninbru, 112, 1
[20/12/2011 16:11:46] /storage aninbru, 113, 1
[20/12/2011 16:11:47] /storage aninbru, 114, 1
[20/12/2011 16:11:50] /storage aninbru, 115, 1
[20/12/2011 16:11:52] /storage aninbru, 116, 1
[20/12/2011 16:13:00] /storage aninbru, 116, 1
[20/12/2011 16:13:43] /n namer
[20/12/2011 16:13:54] /r
[20/12/2011 16:15:00] /r
[20/12/2011 16:17:01] /i heart stone
[20/12/2011 16:31:24] /m bulbasaur, 15
[20/12/2011 16:31:45] /i ultra ball
[20/12/2011 16:34:40] /m caterpie, 4
[20/12/2011 16:37:26] /m caterpie
[20/12/2011 17:45:25] /m caterpie, 1
[20/12/2011 18:20:31] /addskill aninbru, level, 80
[20/12/2011 19:34:32] /m caterpie, 10
[20/12/2011 19:36:35] /r
[20/12/2011 19:36:41] /m caterpie, 1
[20/12/2011 19:37:05] /m caterpie
[20/12/2011 19:39:14] /m caterpie, 2
[20/12/2011 19:41:25] /m ditto
[20/12/2011 19:41:41] /r
[20/12/2011 19:41:44] /m ditto
[20/12/2011 19:42:01] /r
[20/12/2011 19:42:03] /r
[21/12/2011 12:21:56] /m onix, 20
[21/12/2011 12:30:01] /m caterpie
[21/12/2011 12:30:34] /m caterpie
[21/12/2011 12:36:10] /m arcanine, 1
[21/12/2011 12:36:21] /m dragonite, 1
[21/12/2011 12:36:31] /m bulbasaur, 1
[21/12/2011 12:36:45] /m ampharos, 1
[21/12/2011 12:40:05] /m ampharos, 1
[21/12/2011 12:40:14] /m ampharos, 100
[21/12/2011 12:40:55] /m ampharos, 100
[21/12/2011 12:41:19] /m ampharos, 1
[21/12/2011 12:42:26] /m remoraid
[21/12/2011 12:42:30] /m remoraid, 1
[21/12/2011 12:43:40] /m remoraid, 1
[21/12/2011 12:44:24] /m remoraid, 1
[21/12/2011 13:34:51] /i venom stone
[21/12/2011 13:37:00] /i leaf stone
[21/12/2011 13:37:03] /i enigma stone
[21/12/2011 13:37:45] /i water stone
[21/12/2011 13:52:07] /i 2276
[21/12/2011 13:57:14] /i water stone
[21/12/2011 13:57:22] /i water stone
[21/12/2011 13:57:23] /i water stone
[21/12/2011 13:58:17] /i water stone
[21/12/2011 14:15:38] /i water stone
[21/12/2011 14:16:27] /i water stone
[21/12/2011 14:16:37] /i water stone
[21/12/2011 14:16:53] /i water stone
[21/12/2011 14:16:53] /i water stone
[21/12/2011 14:17:04] /i water stone
[21/12/2011 14:19:10] /i water stone
[21/12/2011 14:19:14] /i water stone
[21/12/2011 14:19:15] /i water stone
[21/12/2011 14:19:15] /i water stone
[21/12/2011 14:19:20] /i water stone
[21/12/2011 14:19:21] /i water stone
[21/12/2011 14:19:25] /i water stone
[21/12/2011 14:19:25] /i water stone
[21/12/2011 14:21:42] /i water stone
[21/12/2011 14:21:52] /i water stone
[21/12/2011 14:21:53] /i water stone
[21/12/2011 14:21:56] /i water stone
[21/12/2011 14:42:14] /m onix, 100
[21/12/2011 14:45:05] /m onix, 75
[21/12/2011 15:18:59] /m caterpie, 1
[21/12/2011 15:19:07] /t
[21/12/2011 15:20:56] /i 2376
[21/12/2011 15:20:59] /i 2383
[21/12/2011 15:25:39] /i 12349
[21/12/2011 19:50:40] /m dragonite, 1
[21/12/2011 19:51:02] /m snorlax, 1
[21/12/2011 19:51:09] /m aerodactyl, 30
[21/12/2011 19:51:47] /m sandslash, 20
[21/12/2011 19:52:10] /r
[21/12/2011 21:46:03] /m onix, 1
[21/12/2011 21:46:07] /r
[21/12/2011 21:46:28] /m onix, 30
[21/12/2011 21:46:41] /r
[21/12/2011 21:46:42] /n nurse
[21/12/2011 21:46:44] /r
[21/12/2011 21:46:50] /m pidgeotto, 20
[21/12/2011 21:47:07] /m pidgeot, 36
[22/12/2011 00:02:11] /i thunder stone
[22/12/2011 00:05:47] /i thunder stone
[22/12/2011 00:05:50] /i water stone
[22/12/2011 00:06:04] /i fire stone
[22/12/2011 00:09:09] /m scyther, 56
[22/12/2011 00:09:11] /m scyther, 49
[22/12/2011 00:09:16] /m scyther, 71
[22/12/2011 00:09:19] /m scyther, 67
[22/12/2011 00:09:22] /m scyther, 90
[22/12/2011 00:09:34] /m scyther, 100
[22/12/2011 00:10:40] /m onix, 100
[22/12/2011 00:10:40] /m onix, 100
[22/12/2011 00:10:40] /m onix, 100
[22/12/2011 00:11:31] /i computer
[22/12/2011 00:11:48] /addskill aninbru, level, 4
[22/12/2011 00:14:31] /save
[22/12/2011 13:36:05] /t
[22/12/2011 13:36:13] /a 2
[22/12/2011 13:36:33] /t
[22/12/2011 13:53:22] /m haunter, 19
[22/12/2011 13:54:14] /m gengar, 50
[22/12/2011 14:08:08] /m gyarados, 67
[22/12/2011 14:08:16] /t
[22/12/2011 14:08:21] /a 12
[22/12/2011 14:08:21] /a 12
[22/12/2011 14:08:22] /a 12
[22/12/2011 14:08:24] /a 12
[22/12/2011 14:08:24] /a 12
[22/12/2011 14:08:25] /a 12
[22/12/2011 14:08:26] /a 12
[22/12/2011 14:08:27] /a 12
[22/12/2011 14:08:28] /a 12
[22/12/2011 14:08:30] /a 5
[22/12/2011 14:08:42] /m onix, 36
[22/12/2011 14:09:08] /m venusaur, 100
[22/12/2011 14:12:31] /a 3
[22/12/2011 14:12:32] /a 3
[23/12/2011 09:11:54] /m exeggutor, 100
[23/12/2011 09:13:34] /t
[23/12/2011 13:31:37] /n nurse
[23/12/2011 13:31:38] /r
[23/12/2011 13:32:36] /a 12
[23/12/2011 13:32:37] /a 12
[23/12/2011 13:34:41] /a 12
[23/12/2011 13:34:42] /a 12
[23/12/2011 13:52:11] /a 12
[23/12/2011 13:52:12] /a 12
[23/12/2011 13:52:48] /m caterpie, 1
[23/12/2011 13:55:19] /a 24
[23/12/2011 13:55:30] /m dragonair, 43
[23/12/2011 13:55:41] /m venusaur, 88
[23/12/2011 13:55:50] /m venusaur, 100
[23/12/2011 13:56:01] /t
[23/12/2011 13:56:04] /n nurse
[23/12/2011 13:56:06] /r
[23/12/2011 13:56:08] /a 24
[23/12/2011 13:56:37] /n nurse
[23/12/2011 13:56:42] /r
[23/12/2011 13:56:49] /m venusaur, 100
[23/12/2011 13:57:57] /m caterpie, 1
[23/12/2011 14:01:13] /r
[23/12/2011 14:01:28] /r
[23/12/2011 14:04:55] /ghost
[23/12/2011 14:04:56] /ghost
[23/12/2011 14:05:40] /ghost
[23/12/2011 14:05:41] /ghost
[23/12/2011 14:05:48] /r
[23/12/2011 14:48:52] /n nurse
[23/12/2011 14:48:53] /r
[23/12/2011 14:48:57] /a 12
[23/12/2011 14:48:58] /a 12
[23/12/2011 14:50:02] /ghost
[23/12/2011 17:25:17] /t
[23/12/2011 17:25:20] /ghost
[23/12/2011 17:25:34] /r
[23/12/2011 17:26:00] /n brock
[23/12/2011 17:26:43] /a 4
[23/12/2011 17:26:44] /a 4
[23/12/2011 17:26:45] /a 4
[23/12/2011 17:26:46] /a 4
[23/12/2011 17:26:48] /a 4
[23/12/2011 17:26:51] /n brock
[23/12/2011 17:31:56] /r
[23/12/2011 17:31:57] /n brock
[23/12/2011 17:32:25] /r
[23/12/2011 17:32:28] /r
[23/12/2011 17:32:38] /n brock
[23/12/2011 17:33:48] /r
[23/12/2011 17:34:22] /n brock
[23/12/2011 17:35:25] /r
[23/12/2011 17:35:28] /n brock
[23/12/2011 17:35:40] /n brock
[23/12/2011 17:36:17] /r
[23/12/2011 17:36:19] /r
[23/12/2011 17:36:22] /r
[23/12/2011 17:36:24] /r
[23/12/2011 17:36:25] /r
[23/12/2011 17:36:32] /r
[23/12/2011 17:38:22] /n brock
[23/12/2011 17:48:09] /n bock
[23/12/2011 17:48:11] /n brock
[23/12/2011 17:48:13] /r
[23/12/2011 17:48:30] /n nurse
[23/12/2011 17:48:33] /r
[23/12/2011 17:48:34] /r
[23/12/2011 17:51:19] /r
[23/12/2011 17:52:45] /n brock
[23/12/2011 17:57:37] /r
[23/12/2011 17:57:40] /n brock
[23/12/2011 18:51:34] /goto brunin
[23/12/2011 18:51:39] /n brock
[23/12/2011 18:51:41] /ghost
[23/12/2011 18:51:41] /ghost
[23/12/2011 18:55:16] /goto brunin
[23/12/2011 18:55:38] /n brock
[23/12/2011 19:17:15] /t
[23/12/2011 21:13:48] /a 5
[23/12/2011 22:07:25] /n brock
[23/12/2011 22:19:09] /i rare candy
[24/12/2011 13:35:25] /m magikarp, 1
[24/12/2011 13:35:31] /t
[24/12/2011 13:35:49] /m magikarp, 1
[24/12/2011 13:36:17] /m magikarp, 1
[24/12/2011 13:36:20] /i normal ball
[24/12/2011 13:42:59] /s lapras
[24/12/2011 13:58:08] /a 12
[24/12/2011 13:58:10] /a 12
[24/12/2011 13:58:13] /n brock
[24/12/2011 13:58:56] /r
[24/12/2011 13:58:59] /n brock
[24/12/2011 14:00:06] /r
[24/12/2011 14:00:08] /n brock
[24/12/2011 14:02:38] /t
[24/12/2011 16:30:24] /n brock
[24/12/2011 16:30:28] /a 9
[24/12/2011 16:30:29] /n misty
[24/12/2011 16:30:30] /a 9
[24/12/2011 16:30:50] /r
[24/12/2011 16:30:53] /a 2
[24/12/2011 16:30:56] /n brock
[24/12/2011 19:52:40] /m magikarp, 1
[24/12/2011 19:52:58] /m magikarp, 1
[24/12/2011 19:53:11] /n brock
[25/12/2011 19:28:39] /n name
[25/12/2011 19:28:40] /n namer
[25/12/2011 19:30:08] /n pokemon collector
[25/12/2011 19:30:11] /r
[25/12/2011 19:32:29] /n brock
[25/12/2011 19:32:34] /r
[25/12/2011 19:38:48] /m electabuzz, 40
[25/12/2011 19:49:25] /i 4823
[25/12/2011 23:03:59] /i rare candy
[26/12/2011 16:26:12] /a 2
[26/12/2011 16:26:22] /n brock
[26/12/2011 16:26:41] /n namer
[26/12/2011 16:27:06] /r
[26/12/2011 16:27:20] /r
[26/12/2011 16:27:21] /n brock
[26/12/2011 16:36:21] /r
[26/12/2011 16:37:04] /n brock
[26/12/2011 16:38:36] /r
[26/12/2011 16:38:37] /n brock
[26/12/2011 17:16:43] /m onix, 100
[26/12/2011 17:16:44] /m onix, 100
[26/12/2011 17:16:44] /m onix, 100
[26/12/2011 17:17:49] /n brock
[26/12/2011 17:17:52] /n brock
[26/12/2011 17:18:02] /r
[26/12/2011 17:23:13] /n brock
[26/12/2011 17:23:50] /r
[26/12/2011 17:24:41] /n brock
[26/12/2011 17:25:06] /r
[26/12/2011 17:26:54] /n brock
[26/12/2011 17:27:21] /r
[26/12/2011 17:27:22] /n brock
[26/12/2011 17:44:33] /n examplenpcduel
[26/12/2011 17:44:47] /n exemplonpcduel
[26/12/2011 17:46:19] /r
[26/12/2011 17:46:21] /n exemplonpcduel
[26/12/2011 17:50:28] /r
[26/12/2011 17:50:33] /n exemplonpcduel
[26/12/2011 17:50:40] /n nurse
[26/12/2011 17:52:56] /r
[26/12/2011 17:53:00] /n exemploduelnpc
[26/12/2011 17:53:11] /n exemplonpcduel
[26/12/2011 17:53:30] /r
[26/12/2011 17:53:31] /n exemplonpcduel
[26/12/2011 17:54:56] /r
[26/12/2011 17:55:05] /n exemplonpcduel
[26/12/2011 17:56:09] /r
[26/12/2011 17:56:16] /n exemplonpcduel
[26/12/2011 18:07:17] /m gyarados, 100
[26/12/2011 18:07:39] /i potion
[26/12/2011 18:27:34] /m weezing, 10
[26/12/2011 18:27:36] /n nurse
[26/12/2011 18:27:53] /r
[26/12/2011 18:27:55] /r
[26/12/2011 18:36:28] /m weezing, 1
[26/12/2011 18:36:34] /r
[26/12/2011 18:39:16] /m weezing, 1
[26/12/2011 18:39:45] /r
[26/12/2011 18:41:29] /m magikarp, 1
[26/12/2011 18:41:42] /m magikarp, 1
[26/12/2011 18:42:33] /m magikarp, 1
[26/12/2011 18:48:02] /i 2389
[26/12/2011 18:48:05] /i 2390
[26/12/2011 18:48:07] /i 2391
[26/12/2011 18:48:09] /i 2392
[26/12/2011 18:48:10] /i 2393
[26/12/2011 18:48:11] /i 2394
[26/12/2011 18:48:12] /i 2395
[26/12/2011 21:50:33] /a 2
[26/12/2011 21:50:33] /a 2
[26/12/2011 21:50:34] /a 2
[26/12/2011 21:50:35] /a 2
[26/12/2011 21:50:37] /m gyarados, 100
[26/12/2011 21:50:40] /m raticate, 100
[26/12/2011 21:52:16] /r
[26/12/2011 21:52:19] /m gyarados, 100
[26/12/2011 21:52:19] /m gyarados, 100
[26/12/2011 21:54:06] /ghost
[26/12/2011 21:54:11] /addskill aninbru, level, 300
[26/12/2011 21:54:13] /ghost
[26/12/2011 21:54:50] /ghost
[26/12/2011 22:00:17] /r
[26/12/2011 22:00:18] /r
[26/12/2011 22:00:44] /n nurse
[26/12/2011 22:00:45] /r
[26/12/2011 22:00:50] /m drowzee, 1
[26/12/2011 22:00:51] /m drowzee, 1
[26/12/2011 22:01:08] /r
[26/12/2011 22:01:09] /r
[26/12/2011 22:08:46] /m zubat
[26/12/2011 22:08:50] /ghost
[26/12/2011 22:09:22] /r
[26/12/2011 22:09:36] /r
[26/12/2011 22:10:34] /m weedle, 1
[26/12/2011 22:14:55] /m snorlax, 100
[26/12/2011 22:14:56] /m snorlax, 100
[26/12/2011 22:14:56] /m snorlax, 100
[26/12/2011 22:14:57] /m snorlax, 100
[26/12/2011 22:14:57] /m snorlax, 100
[26/12/2011 22:14:57] /m snorlax, 100
[26/12/2011 22:14:58] /m snorlax, 100
[26/12/2011 22:14:58] /m snorlax, 100
[26/12/2011 22:15:57] /r
[26/12/2011 22:16:00] /r
[26/12/2011 22:16:01] /r
[26/12/2011 22:16:04] /r
[26/12/2011 22:16:05] /r
[26/12/2011 22:16:06] /r
[26/12/2011 22:16:07] /r
[26/12/2011 22:16:09] /r
[26/12/2011 22:28:21] /addskill aninbru, level, 80
[26/12/2011 22:28:32] /n nurse
[26/12/2011 22:28:34] /r
[26/12/2011 22:28:41] /n exemploduelnpc
[26/12/2011 22:28:45] /n exemplonpcduel
[26/12/2011 22:29:19] /n exemplonpcduel
[26/12/2011 22:29:53] /r
[26/12/2011 22:30:03] /n exemplonpcduel
[26/12/2011 22:30:44] /r
[26/12/2011 22:34:01] /r
[26/12/2011 22:34:33] /n nuse
[26/12/2011 22:34:35] /n nurse
[26/12/2011 22:34:36] /r
[26/12/2011 22:34:42] /m golem, 100
[26/12/2011 22:37:35] /m machoke
[26/12/2011 22:37:42] /r
[26/12/2011 22:37:44] /m abra, 1
[26/12/2011 22:38:16] /m kadabra, 25
[26/12/2011 22:38:16] /r
[26/12/2011 22:42:50] /a 2
[26/12/2011 22:44:02] /ghost
[26/12/2011 22:44:04] /n nurse
[26/12/2011 22:44:06] /r
[26/12/2011 22:44:07] /ghost
[26/12/2011 22:44:09] /n nurse
[26/12/2011 22:44:33] /ghost
[26/12/2011 22:44:40] /addskill aninbru, fishing, 1
[26/12/2011 22:44:40] /addskill aninbru, fishing, 1
[26/12/2011 22:44:41] /addskill aninbru, fishing, 1
[26/12/2011 22:44:42] /addskill aninbru, fishing, 10
[26/12/2011 22:44:43] /addskill aninbru, fishing, 10
[26/12/2011 22:44:43] /addskill aninbru, fishing, 10
[26/12/2011 22:44:44] /addskill aninbru, fishing, 10
[26/12/2011 22:44:44] /addskill aninbru, fishing, 10
[26/12/2011 22:44:46] /addskill aninbru, fishing, 1
[26/12/2011 22:44:48] /addskill aninbru, fishing, 1
[26/12/2011 22:44:49] /addskill aninbru, fishing, 1
[26/12/2011 22:44:51] /addskill aninbru, fishing, 10
[26/12/2011 22:44:51] /addskill aninbru, fishing, 10
[26/12/2011 22:44:52] /addskill aninbru, fishing, 10
[26/12/2011 22:44:54] /addskill aninbru, fishing, 10
[26/12/2011 22:44:55] /addskill aninbru, fishing, 10
[26/12/2011 22:44:57] /addskill aninbru, fishing, 50
[26/12/2011 22:44:59] /addskill aninbru, fishing, 50
[26/12/2011 22:45:40] /ghost
[26/12/2011 22:46:11] /r
[26/12/2011 22:46:12] /r
[26/12/2011 22:46:15] /r
[26/12/2011 22:46:16] /r
[26/12/2011 22:46:17] /r
[26/12/2011 22:46:19] /r
[26/12/2011 22:46:21] /r
[26/12/2011 22:46:22] /r
[26/12/2011 22:46:24] /r
[26/12/2011 22:46:26] /r
[26/12/2011 22:46:27] /r
[26/12/2011 22:46:29] /r
[26/12/2011 22:46:30] /r
[26/12/2011 22:46:33] /r
[26/12/2011 22:46:34] /r
[26/12/2011 22:46:37] /r
[26/12/2011 22:46:40] /r
[26/12/2011 22:46:41] /n nurse
[26/12/2011 22:46:45] /r
[26/12/2011 22:46:46] /r
[26/12/2011 22:46:48] /r
[26/12/2011 22:46:51] /r
[26/12/2011 22:46:52] /r
[26/12/2011 22:46:53] /r
[26/12/2011 22:46:56] /n nurse
[26/12/2011 22:47:01] /a 3
[26/12/2011 22:47:02] /r
[26/12/2011 22:47:03] /r
[26/12/2011 22:47:04] /r
[26/12/2011 22:47:09] /r
[26/12/2011 22:47:12] /r
[26/12/2011 22:47:13] /r
[26/12/2011 22:47:17] /r
[26/12/2011 22:47:22] /r
[26/12/2011 22:47:23] /r
[26/12/2011 22:47:24] /a 1
[26/12/2011 22:47:26] /a 1
[26/12/2011 22:47:28] /a 1
[26/12/2011 22:47:30] /r
[26/12/2011 23:43:10] /i cent
[27/12/2011 12:48:56] /i cents
[27/12/2011 12:48:59] /i cent
[27/12/2011 12:49:31] /m magikarp, 1
[27/12/2011 12:50:23] /m magikarp, 1
[27/12/2011 12:57:34] /i cent
[27/12/2011 12:57:49] /m gyarados, 100
[27/12/2011 13:00:25] /m bellsprout, 100
[27/12/2011 13:01:03] /r
[27/12/2011 18:03:37] /i 12356
[27/12/2011 18:03:46] /i 12355
[27/12/2011 18:27:21] /a 3
[27/12/2011 18:27:23] /i 1988
[27/12/2011 18:28:40] /i 1986
[27/12/2011 18:28:48] /i 1990
[27/12/2011 18:29:25] /i 1991
[27/12/2011 18:32:23] /i 1990
[27/12/2011 18:33:04] /i 1990
[27/12/2011 18:33:54] /a 7
[27/12/2011 18:33:56] /a 7
[27/12/2011 18:33:57] /a 7
[27/12/2011 18:33:57] /a 7
[27/12/2011 18:34:08] /a 12
[27/12/2011 18:34:08] /a 12
[27/12/2011 18:36:35] /a 3
[27/12/2011 18:36:42] /a 12
[27/12/2011 18:36:43] /a 12
[27/12/2011 18:41:22] /i 12353
[27/12/2011 19:32:46] /i 12352
[27/12/2011 19:32:47] /i 12353
[27/12/2011 19:32:48] /i 12354
[27/12/2011 19:32:51] /i 12355
[27/12/2011 19:32:52] /i 12355
[27/12/2011 19:32:55] /i 12354
[27/12/2011 19:32:57] /i 12356
[27/12/2011 19:32:59] /r
[27/12/2011 19:33:00] /r
[27/12/2011 19:33:01] /r
[27/12/2011 19:33:01] /r
[27/12/2011 19:33:03] /r
[27/12/2011 19:33:04] /r
[27/12/2011 19:33:06] /i 12356
[27/12/2011 19:41:36] /i leaf
[27/12/2011 19:41:38] /i leaf stone
[27/12/2011 19:48:18] /r
[27/12/2011 19:48:21] /i 123452
[27/12/2011 19:48:25] /i 12352
[27/12/2011 19:48:28] /r
[27/12/2011 19:48:39] /a 10
[27/12/2011 19:48:39] /a 10
[27/12/2011 19:50:21] /i 12356
[27/12/2011 19:50:23] /i 12355
[27/12/2011 19:50:26] /r
[27/12/2011 19:50:28] /i 12355
[27/12/2011 19:50:31] /a 2
[27/12/2011 19:50:33] /i 12354
[27/12/2011 19:50:43] /i ice stone
[27/12/2011 19:50:52] /i 11442
[27/12/2011 19:51:53] /r
[27/12/2011 19:51:54] /r
[27/12/2011 19:51:58] /i 12355
[27/12/2011 19:51:59] /i 12354
[27/12/2011 19:52:03] /r
[27/12/2011 19:52:05] /i 12356
[27/12/2011 19:52:29] /i 11442
[27/12/2011 19:54:04] /r
[27/12/2011 19:54:05] /r
[27/12/2011 19:54:06] /r
[27/12/2011 19:54:18] /i 12354
[27/12/2011 19:54:32] /i 12356
[27/12/2011 19:54:32] /i 12355
[27/12/2011 19:54:37] /i seel
[27/12/2011 19:54:43] /i water stone
[27/12/2011 19:55:43] /i 12353
[27/12/2011 19:55:45] /i 12352
[27/12/2011 19:58:05] /i 12354
[27/12/2011 19:58:05] /i 12356
[27/12/2011 19:58:06] /i 12355
[27/12/2011 19:58:24] /i punch stone
[27/12/2011 20:00:01] /i punch
[27/12/2011 20:00:03] /i punch stone
[27/12/2011 20:02:33] /i punch stone
[27/12/2011 20:02:40] /i punch stone
[27/12/2011 20:03:07] /n nurse
[27/12/2011 20:03:08] /r
[27/12/2011 20:03:12] /n nurse
[27/12/2011 20:03:13] /r
[27/12/2011 20:03:18] /n nurse
[27/12/2011 20:03:20] /r
[27/12/2011 20:12:36] /m magikarp ,1
[27/12/2011 20:15:06] /i water stone
[27/12/2011 20:15:37] /i water stone
[27/12/2011 20:15:38] /i water stone
[27/12/2011 20:15:38] /i water stone
[27/12/2011 20:20:30] /i punch stone
[27/12/2011 20:20:50] /i water stone
[27/12/2011 20:25:56] /i water stone
[27/12/2011 20:53:01] /i 12354
[27/12/2011 20:53:02] /i 12356
[27/12/2011 20:53:02] /i 12355
[27/12/2011 20:53:10] /i water stone
[27/12/2011 20:53:11] /i water stone
[27/12/2011 20:53:11] /i water stone
[27/12/2011 20:54:35] /i water stone
[27/12/2011 20:54:35] /i water stone
[27/12/2011 20:54:35] /i water stone
[27/12/2011 20:54:36] /i water stone
[27/12/2011 20:54:36] /i water stone
[27/12/2011 20:54:36] /i water stone
[27/12/2011 20:54:37] /i water stone
[27/12/2011 20:54:37] /i water stone
[27/12/2011 20:54:37] /i water stone
[27/12/2011 20:54:38] /i water stone
[27/12/2011 20:54:38] /i water stone
[27/12/2011 20:55:12] /i water stone
[27/12/2011 20:55:14] /i water stone
[27/12/2011 20:55:14] /i water stone
[27/12/2011 20:55:14] /i water stone
[27/12/2011 20:55:15] /i water stone
[27/12/2011 20:55:15] /i water stone
[27/12/2011 20:55:15] /i water stone
[27/12/2011 20:55:16] /i water stone
[27/12/2011 20:55:16] /i water stone
[27/12/2011 20:55:16] /i water stone
[27/12/2011 20:55:17] /i water stone
[27/12/2011 20:55:17] /i water stone
[27/12/2011 20:55:17] /i water stone
[27/12/2011 20:55:18] /i water stone
[27/12/2011 20:55:18] /i water stone
[27/12/2011 20:55:18] /i water stone
[27/12/2011 20:55:19] /i water stone
[27/12/2011 20:55:19] /i water stone
[27/12/2011 20:55:19] /i water stone
[27/12/2011 20:55:42] /i water stone
[27/12/2011 20:55:43] /i water stone
[27/12/2011 20:55:46] /i water stone
[27/12/2011 20:55:48] /i water stone
[27/12/2011 20:55:49] /i water stone
[27/12/2011 20:55:50] /i water stone
[27/12/2011 20:55:50] /i water stone
[27/12/2011 20:55:51] /i water stone
[27/12/2011 20:55:51] /i water stone
[27/12/2011 20:56:08] /i water stone
[27/12/2011 20:56:11] /i water stone
[27/12/2011 20:56:12] /i water stone
[27/12/2011 20:56:43] /m dragonite, 100
[27/12/2011 20:58:51] /m dragonite, 100
[27/12/2011 22:20:00] /n brock
[27/12/2011 22:20:32] /r
[27/12/2011 22:20:36] /r
[27/12/2011 22:25:09] /r
[27/12/2011 22:25:39] /n brock
[27/12/2011 22:26:33] /r
[27/12/2011 22:26:35] /n brock
[27/12/2011 22:26:45] /n nurse
[27/12/2011 22:27:45] /r
[27/12/2011 22:27:47] /r
[27/12/2011 22:30:37] /n exemplonpcduel
[27/12/2011 22:30:52] /n nurse
[27/12/2011 22:30:54] /r
[27/12/2011 22:31:00] /n nurse
[27/12/2011 22:31:03] /r
[27/12/2011 22:31:16] /n nurse
[27/12/2011 22:31:18] /r
[27/12/2011 22:32:47] /r
[27/12/2011 22:32:54] /n exemplonpcduel
[27/12/2011 22:33:15] /r
[27/12/2011 22:33:18] /n exemplonpcduel
[27/12/2011 22:33:31] /n nurse
[27/12/2011 22:34:11] /r
[27/12/2011 22:34:12] /n exemplonpcduel
[27/12/2011 22:45:21] /r
[27/12/2011 22:45:26] /n exemplonpcduel
[27/12/2011 22:45:57] /n exemplonpcduel
[27/12/2011 22:46:49] /n exemplonpcduel
[27/12/2011 22:47:09] /i 1285
[27/12/2011 22:47:11] /i 1285
[27/12/2011 22:47:12] /a 2
[27/12/2011 22:47:12] /i 1285
[27/12/2011 22:47:16] /i 1285
[27/12/2011 22:47:18] /i 1285
[27/12/2011 22:47:20] /i 1285
[27/12/2011 22:47:23] /i 1285
[27/12/2011 22:47:23] /i 1285
[27/12/2011 22:47:24] /a 2
[27/12/2011 22:47:26] /i 1285
[27/12/2011 22:47:27] /a 2
[27/12/2011 22:47:29] /i 1285
[27/12/2011 22:47:35] /i 1285
[27/12/2011 22:47:37] /a 2
[27/12/2011 22:47:38] /r
[27/12/2011 22:47:39] /r
[27/12/2011 22:47:40] /r
[27/12/2011 22:47:42] /r
[27/12/2011 22:47:45] /r
[27/12/2011 22:48:03] /i 1285
[27/12/2011 22:48:33] /r
[27/12/2011 22:48:35] /n exemplonpcduel
[27/12/2011 22:48:40] /a 2
[27/12/2011 22:48:41] /a 6
[27/12/2011 22:48:43] /n exemplonpcduel
[27/12/2011 22:48:44] /r
[27/12/2011 22:48:45] /r
[27/12/2011 22:48:46] /r
[27/12/2011 22:48:46] /r
[27/12/2011 22:48:47] /r
[27/12/2011 22:48:48] /r
[27/12/2011 22:48:50] /r
[27/12/2011 22:57:19] /a 12
[27/12/2011 22:57:26] /n exemplonpcduel
[27/12/2011 22:58:23] /a 12
[27/12/2011 22:58:28] /n exemplonpcduel
[27/12/2011 22:58:52] /a 12
[27/12/2011 22:58:57] /n exemplonpcduel
[27/12/2011 23:00:09] /r
[27/12/2011 23:00:11] /n brock[
[27/12/2011 23:00:12] /n brock
[27/12/2011 23:00:40] /r
[27/12/2011 23:00:42] /b brock
[27/12/2011 23:00:44] /n brock
[27/12/2011 23:03:34] /m golem, 58
[27/12/2011 23:07:21] /a 2
[27/12/2011 23:07:22] /a 2
[27/12/2011 23:08:04] /m charizard, 69
[27/12/2011 23:09:07] /m charizard, 69
[27/12/2011 23:09:20] /m caterpie, 2
[27/12/2011 23:09:33] /m caterpie, 1
[27/12/2011 23:10:04] /m caterpie, 1
[27/12/2011 23:10:21] /m charizard, 69
[27/12/2011 23:10:51] /m caterpie, 1
[27/12/2011 23:11:17] /m caterpie, 1
[27/12/2011 23:11:27] /m caterpie, 2
[27/12/2011 23:11:33] /m caterpie, 10
[27/12/2011 23:11:45] /m charizard, 69
[27/12/2011 23:12:15] /m snorlax, 100
[27/12/2011 23:12:23] /m snorlax, 100
[27/12/2011 23:38:59] /reload talk
[28/12/2011 12:33:27] /reload talk
[28/12/2011 12:38:02] /reload  talk
[28/12/2011 12:38:16] /reload  talk
[28/12/2011 13:16:14] /i 12354
[28/12/2011 13:16:15] /i 12356
[28/12/2011 13:16:16] /i 12355
[28/12/2011 13:16:18] /r
[28/12/2011 13:16:20] /r
[28/12/2011 13:16:21] /i 12355
[28/12/2011 13:16:22] /i 12356
[28/12/2011 13:16:32] /i fire stone
[28/12/2011 13:16:45] /i fire stone
[28/12/2011 13:16:46] /i fire stone
[28/12/2011 13:16:46] /i fire stone
[28/12/2011 13:16:47] /i fire stone
[28/12/2011 13:17:23] /m venusaur, 70
[28/12/2011 13:18:31] /m venusaur, 40
[28/12/2011 13:18:53] /i 1111
[28/12/2011 13:18:56] /i 1112
[28/12/2011 13:18:57] /i 1112
[28/12/2011 13:19:00] /r
[28/12/2011 13:19:01] /a 1
[28/12/2011 13:19:03] /i 1112
[28/12/2011 13:19:05] /r
[28/12/2011 13:19:07] /i 1112
[28/12/2011 13:19:10] /i 12356
[28/12/2011 13:19:19] /r
[28/12/2011 13:19:23] /i 12355
[28/12/2011 13:19:26] /r
[28/12/2011 13:19:28] /i 1112
[28/12/2011 13:19:31] /i 12354
[28/12/2011 13:19:33] /r
[28/12/2011 13:19:35] /r
[28/12/2011 13:19:38] /r
[28/12/2011 13:19:39] /r
[28/12/2011 13:19:41] /i 12356
[28/12/2011 13:19:42] /i 12354
[28/12/2011 13:19:44] /r
[28/12/2011 13:19:46] /r
[28/12/2011 13:19:50] /r
[28/12/2011 14:03:47] /r
[28/12/2011 14:03:47] /r
[28/12/2011 14:03:49] /r
[28/12/2011 14:03:50] /r
[28/12/2011 14:06:10] /a 2
[28/12/2011 14:06:17] /r
[28/12/2011 14:06:18] /r
[28/12/2011 14:06:19] /r
[28/12/2011 14:06:21] /r
[28/12/2011 14:06:30] /a 2
[28/12/2011 14:06:31] /a 2
[28/12/2011 14:06:31] /a 2
[28/12/2011 14:06:39] /a 2
[28/12/2011 14:06:40] /a 2
[28/12/2011 14:06:40] /a 2
[28/12/2011 14:06:40] /a 2
[28/12/2011 14:06:41] /a 2
[28/12/2011 14:06:54] /a 
[28/12/2011 14:06:57] /a 
[28/12/2011 14:06:59] /a 3
[28/12/2011 14:07:00] /a 3
[28/12/2011 14:07:03] /a 55
[28/12/2011 18:53:57] /m gyarados, 30
[28/12/2011 18:54:02] /n nurse
[28/12/2011 18:54:27] /r
[28/12/2011 18:54:46] /reload talk
[28/12/2011 18:56:58] /m gyarados, 10
[28/12/2011 18:57:53] /r
[28/12/2011 18:57:55] /r
[28/12/2011 18:57:58] /n nurse
[28/12/2011 18:57:59] /r
[28/12/2011 21:56:20] /t
[28/12/2011 21:56:21] /a 3
[28/12/2011 21:56:22] /a 3
[28/12/2011 21:56:22] /a 3
[28/12/2011 21:56:46] /a 12
[28/12/2011 21:56:47] /a 5
[28/12/2011 21:56:48] /a 5
[28/12/2011 21:56:50] /r
[28/12/2011 21:56:51] /a 14
[28/12/2011 21:56:53] /a 2
[29/12/2011 00:15:37] /t
[29/12/2011 00:16:40] /m oddish
[29/12/2011 00:17:17] /a 3
[29/12/2011 00:17:19] /r
[29/12/2011 00:17:44] /ghost
[29/12/2011 00:17:47] /ghost
[29/12/2011 02:42:35] /i enigma
[29/12/2011 02:42:38] /i enigma stone
[29/12/2011 15:23:05] /a 50
[29/12/2011 15:23:13] /t
[29/12/2011 15:23:29] /t
[29/12/2011 15:23:39] /t
[29/12/2011 15:33:51] /m onix, 1
[29/12/2011 15:38:10] /a 150
[29/12/2011 15:38:13] /ghost
[29/12/2011 15:38:14] /ghost
[29/12/2011 15:38:58] /s gyarados
[29/12/2011 15:38:59] /a 2
[29/12/2011 15:38:59] /a 2
[29/12/2011 15:39:02] /m onix
[29/12/2011 15:39:07] /n gloom
[29/12/2011 15:39:10] /n brock
[29/12/2011 15:39:19] /n exemplonpcduel
[29/12/2011 15:39:23] /n exemplonpcduel
[29/12/2011 15:39:33] /r
[29/12/2011 15:56:25] /t
[29/12/2011 15:56:27] /a 2
[29/12/2011 15:56:28] /a 2
[29/12/2011 15:56:29] /a 2
[29/12/2011 16:00:29] /a 12
[29/12/2011 16:00:45] /ghost
[29/12/2011 16:00:47] /ghost
[29/12/2011 16:01:10] /a 12
[29/12/2011 16:02:42] /a 5
[29/12/2011 16:02:52] /a 4
[29/12/2011 16:03:05] /a 5
[29/12/2011 16:03:08] /a 5
[29/12/2011 16:03:12] /a 23
[29/12/2011 17:55:38] /t
[29/12/2011 17:57:37] /ghost
[29/12/2011 18:05:07] /a 2
[29/12/2011 18:05:51] /m ninetales, 2
[29/12/2011 18:05:59] /i ultra ball
[29/12/2011 18:24:20] /m gyarados, 100
[29/12/2011 18:24:22] /m gyarados, 100
[29/12/2011 18:24:23] /ghost
[29/12/2011 18:24:24] /m gyarados, 100
[29/12/2011 18:24:25] /m gyarados, 100
[29/12/2011 20:09:46] /n henry
[29/12/2011 20:09:54] /r
[29/12/2011 20:10:11] /n henry
[29/12/2011 20:12:37] /r
[29/12/2011 20:14:39] /n henry
[29/12/2011 20:14:48] /i thousand dollar
[29/12/2011 20:14:53] /i hundred dollar note
[29/12/2011 20:14:56] /i hundred dollar note
[29/12/2011 20:17:14] /i 1990
[29/12/2011 20:18:18] /n henry
[29/12/2011 20:18:25] /r
[29/12/2011 20:18:30] /r
[29/12/2011 23:57:11] /i fire stone
[29/12/2011 23:57:11] /i fire stone
[29/12/2011 23:57:12] /i fire stone
[29/12/2011 23:57:12] /i fire stone
[29/12/2011 23:57:12] /i fire stone
[29/12/2011 23:57:12] /i fire stone
[29/12/2011 23:57:22] /a 2
[29/12/2011 23:57:22] /a 2
[29/12/2011 23:57:28] /a 12
[29/12/2011 23:57:48] /i fire stone
[29/12/2011 23:57:48] /i fire stone
[29/12/2011 23:57:49] /i fire stone
[29/12/2011 23:57:49] /i fire stone
[29/12/2011 23:57:49] /i fire stone
[29/12/2011 23:57:50] /i fire stone
[29/12/2011 23:57:50] /i fire stone
[29/12/2011 23:57:50] /i fire stone
[29/12/2011 23:58:18] /i fire stone
[29/12/2011 23:58:18] /i fire stone
[29/12/2011 23:58:18] /i fire stone
[29/12/2011 23:58:19] /i fire stone
[29/12/2011 23:58:19] /i fire stone
[29/12/2011 23:58:19] /i fire stone
[29/12/2011 23:58:20] /i fire stone
[29/12/2011 23:58:20] /i fire stone
[29/12/2011 23:58:21] /i fire stone
[29/12/2011 23:58:21] /i fire stone
[29/12/2011 23:58:22] /i fire stone
[29/12/2011 23:58:22] /i fire stone
[29/12/2011 23:58:22] /i fire stone
[29/12/2011 23:58:23] /i fire stone
[29/12/2011 23:58:23] /i fire stone
[29/12/2011 23:58:37] /i fire stone
[29/12/2011 23:58:37] /i fire stone
[29/12/2011 23:58:40] /i fire stone
[29/12/2011 23:58:41] /i fire stone
[29/12/2011 23:58:42] /i fire stone
[29/12/2011 23:58:43] /i fire stone
[29/12/2011 23:58:43] /i fire stone
[29/12/2011 23:58:43] /i fire stone
[29/12/2011 23:58:44] /i fire stone
[29/12/2011 23:58:44] /i fire stone
[29/12/2011 23:58:44] /i fire stone
[29/12/2011 23:58:45] /i fire stone
[29/12/2011 23:58:50] /i fire stone
[29/12/2011 23:58:51] /i fire stone
[29/12/2011 23:58:51] /i fire stone
[29/12/2011 23:58:51] /i fire stone
[29/12/2011 23:59:07] /i fire stone
[29/12/2011 23:59:08] /i fire stone
[29/12/2011 23:59:08] /i fire stone
[29/12/2011 23:59:09] /i fire stone
[29/12/2011 23:59:09] /i fire stone
[29/12/2011 23:59:09] /i fire stone
[29/12/2011 23:59:10] /i fire stone
[29/12/2011 23:59:10] /i fire stone
[29/12/2011 23:59:11] /i fire stone
[30/12/2011 00:03:08] /i fire stone
[30/12/2011 00:03:08] /i fire stone
[30/12/2011 00:03:09] /i fire stone
[30/12/2011 00:03:10] /i fire stone
[30/12/2011 00:06:19] /i fire stone
[30/12/2011 00:06:21] /i fire stone
[30/12/2011 00:06:24] /i fire stone
[30/12/2011 00:06:26] /i fire stone
[30/12/2011 00:06:35] /i fire stone
[30/12/2011 00:06:37] /i fire stone
[30/12/2011 00:06:38] /i fire stone
[30/12/2011 00:06:40] /i fire stone
[30/12/2011 00:06:41] /i fire stone
[30/12/2011 00:06:42] /i fire stone
[30/12/2011 00:06:42] /i fire stone
[30/12/2011 00:06:43] /i fire stone
[30/12/2011 00:06:52] /i fire stone
[30/12/2011 00:07:45] /i fire stone
[30/12/2011 00:07:46] /i fire stone
[30/12/2011 00:07:56] /i fire stone
[30/12/2011 00:07:57] /i fire stone
[30/12/2011 00:07:57] /i fire stone
[30/12/2011 00:07:58] /i fire stone
[30/12/2011 00:07:59] /i fire stone
[30/12/2011 00:08:15] /i fire stone
[30/12/2011 00:08:32] /i fire stone
[30/12/2011 00:08:33] /i fire stone
[30/12/2011 00:08:33] /i fire stone
[30/12/2011 00:08:34] /i fire stone
[30/12/2011 00:08:34] /i fire stone
[30/12/2011 00:08:34] /i fire stone
[30/12/2011 00:08:35] /i fire stone
[30/12/2011 00:08:35] /i fire stone
[30/12/2011 00:08:35] /i fire stone
[30/12/2011 00:08:36] /i fire stone
[30/12/2011 00:08:36] /i fire stone
[30/12/2011 00:08:36] /i fire stone
[30/12/2011 00:08:37] /i fire stone
[30/12/2011 00:08:37] /i fire stone
[30/12/2011 00:08:37] /i fire stone
[30/12/2011 00:08:38] /i fire stone
[30/12/2011 00:08:46] /i fire stone
[30/12/2011 00:08:47] /i fire stone
[30/12/2011 00:08:55] /i fire stone
[30/12/2011 00:08:56] /i fire stone
[30/12/2011 00:08:57] /i fire stone
[30/12/2011 00:08:58] /i fire stone
[30/12/2011 00:08:59] /i fire stone
[30/12/2011 00:09:00] /i fire stone
[30/12/2011 00:09:02] /i fire stone
[30/12/2011 00:09:03] /i fire stone
[30/12/2011 00:09:04] /i fire stone
[30/12/2011 00:09:05] /i fire stone
[30/12/2011 00:09:16] /i fire stone
[30/12/2011 00:09:16] /i fire stone
[30/12/2011 00:09:17] /i fire stone
[30/12/2011 00:09:17] /i fire stone
[30/12/2011 00:09:17] /i fire stone
[30/12/2011 00:09:18] /i fire stone
[30/12/2011 00:09:18] /i fire stone
[30/12/2011 00:09:18] /i fire stone
[30/12/2011 00:09:25] /i fire stone
[30/12/2011 00:09:25] /i fire stone
[30/12/2011 00:09:26] /i fire stone
[30/12/2011 00:09:26] /i fire stone
[30/12/2011 00:09:26] /i fire stone
[30/12/2011 00:09:27] /i fire stone
[30/12/2011 00:09:27] /i fire stone
[30/12/2011 00:09:27] /i fire stone
[30/12/2011 00:09:33] /i fire stone
[30/12/2011 00:09:33] /i fire stone
[30/12/2011 00:09:34] /i fire stone
[30/12/2011 00:09:34] /i fire stone
[30/12/2011 00:09:35] /i fire stone
[30/12/2011 00:09:35] /i fire stone
[30/12/2011 00:09:35] /i fire stone
[30/12/2011 00:09:35] /i fire stone
[30/12/2011 00:09:43] /i fire stone
[30/12/2011 00:09:43] /i fire stone
[30/12/2011 00:09:44] /i fire stone
[30/12/2011 00:09:44] /i fire stone
[30/12/2011 01:28:11] /reload talk
[01/01/2012 19:56:39] /m magikarp, 1
[01/01/2012 19:57:39] /m bulbasaur, 1
[01/01/2012 19:57:41] /m bulbasaur, 1
[01/01/2012 19:57:41] /m bulbasaur, 1
[01/01/2012 19:57:42] /m bulbasaur, 1
[01/01/2012 19:57:42] /m bulbasaur, 1
[01/01/2012 19:57:43] /m bulbasaur, 1
[01/01/2012 19:57:43] /m bulbasaur, 1
[01/01/2012 19:57:43] /m bulbasaur, 1
[01/01/2012 19:57:44] /m bulbasaur, 1
[01/01/2012 19:58:14] /m charmander, 1
[01/01/2012 19:58:22] /m charmander, 1
[01/01/2012 19:58:55] /t
[01/01/2012 19:59:22] /m weepinbell, 1
[01/01/2012 19:59:34] /m ivysaur, 1
[01/01/2012 19:59:47] /m caterpie, 1
[01/01/2012 19:59:49] /m weedle, 1
[01/01/2012 19:59:52] /m pidgey, 1
[01/01/2012 19:59:54] /m rattata, 1
[01/01/2012 20:00:05] /m exeggcute
[01/01/2012 20:00:51] /m kakuna, 1
[01/01/2012 20:00:57] /m metapod, 1
[01/01/2012 20:01:29] /m ivysaur, 1
[01/01/2012 20:01:33] /m ivysaur, 1
[01/01/2012 20:01:43] /m venusaur, 1
[01/01/2012 20:01:43] /m venusaur, 1
[01/01/2012 20:01:44] /m venusaur, 1
[01/01/2012 20:01:57] /m venusaur, 1
[01/01/2012 20:01:57] /m venusaur, 1
[01/01/2012 20:01:58] /m venusaur, 1
[01/01/2012 20:02:12] /m charmeleon, 1
[01/01/2012 20:02:22] /m wartortle, 1
[01/01/2012 20:02:51] /m raticate, 1
[01/01/2012 20:03:01] /m raticate, 1
[01/01/2012 20:03:02] /m wartortle, 1
[01/01/2012 20:03:14] /m magikarp, 1
[01/01/2012 20:03:18] /m magikarp, 1
[01/01/2012 20:03:19] /m magikarp, 1
[01/01/2012 20:03:19] /m magikarp, 1
[01/01/2012 20:03:19] /m magikarp, 1
[01/01/2012 20:03:35] /m magikarp, 1
[01/01/2012 20:03:36] /m magikarp, 1
[01/01/2012 20:03:37] /m magikarp, 1
[01/01/2012 20:03:38] /m magikarp, 1
[01/01/2012 20:03:39] /m magikarp, 1
[01/01/2012 20:03:40] /m magikarp, 1
[01/01/2012 20:03:41] /m magikarp, 1
[01/01/2012 20:03:41] /m magikarp, 1
[01/01/2012 20:08:37] /t 1
[01/01/2012 20:09:44] /m Venusaur, 1
[01/01/2012 20:09:57] /m Charmander, 1
[01/01/2012 20:09:58] /m Charmander, 1
[01/01/2012 20:10:08] /m Charizard, 1
[01/01/2012 20:10:34] /m Blastoise, 1
[01/01/2012 20:10:41] /m Caterpie, 1
[01/01/2012 20:10:43] /r
[01/01/2012 20:10:47] /r
[01/01/2012 20:10:50] /r
[01/01/2012 20:10:58] /n nurse
[01/01/2012 20:11:05] /m Butterfree, 1
[01/01/2012 20:11:13] /m Pidgey, 1
[01/01/2012 20:11:17] /m Beedrill, 1
[01/01/2012 20:11:23] /m Pidgeotto, 1
[01/01/2012 20:11:27] /m Pidgeot, 1
[01/01/2012 20:11:31] /m Rattata, 1
[01/01/2012 20:11:39] /m Raticate, 1
[01/01/2012 20:12:02] /m Spearow, 1
[01/01/2012 20:12:04] /m Fearow, 1
[01/01/2012 20:12:05] /m Ekans, 1
[01/01/2012 20:12:19] /m Arbok, 1
[01/01/2012 20:12:20] /m Pikachu, 1
[01/01/2012 20:12:40] /m Raichu, 1
[01/01/2012 20:12:45] /m Sandshrew, 1
[01/01/2012 20:12:49] /m Sandslash, 1
[01/01/2012 20:12:51] /m Nidoran Female, 1
[01/01/2012 20:12:52] /m Nidorina, 1
[01/01/2012 20:12:54] /m Nidoqueen, 1
[01/01/2012 20:13:24] /m Nidoran Male, 1
[01/01/2012 20:13:27] /m Nidorino, 1
[01/01/2012 20:13:29] /m Nidoking, 1
[01/01/2012 20:13:31] /m Clefairy, 1
[01/01/2012 20:13:35] /m Clefable, 1
[01/01/2012 20:13:37] /m Vulpix, 1
[01/01/2012 20:13:40] /m Ninetales, 1
[01/01/2012 20:13:44] /m Jigglypuff, 1
[01/01/2012 20:14:24] /m Wigglytuff, 1
[01/01/2012 20:14:24] /m Zubat, 1
[01/01/2012 20:14:26] /m Golbat, 1
[01/01/2012 20:14:27] /m Oddish, 1
[01/01/2012 20:14:28] /m Gloom, 1
[01/01/2012 20:14:29] /m Vileplume, 1
[01/01/2012 20:14:30] /m Paras, 1
[01/01/2012 20:14:31] /m Parasect, 1
[01/01/2012 20:15:44] /m Venonat, 1
[01/01/2012 20:15:46] /m Venomoth, 1
[01/01/2012 20:15:47] /m Diglett, 1
[01/01/2012 20:15:48] /m Dugtrio, 1
[01/01/2012 20:15:49] /m Meowth, 1
[01/01/2012 20:15:50] /m Persian, 1
[01/01/2012 20:15:51] /m Psyduck, 1
[01/01/2012 20:15:52] /m Golduck, 1
[01/01/2012 20:16:29] /i ultra ball
[01/01/2012 20:17:15] /a 50
[01/01/2012 20:17:20] /a 50
[01/01/2012 20:17:39] /m Mankey, 1
[01/01/2012 20:17:40] /m Primeape, 1
[01/01/2012 20:17:41] /m Growlithe, 1
[01/01/2012 20:17:42] /m Arcanine, 1
[01/01/2012 20:17:44] /m Poliwag, 1
[01/01/2012 20:18:17] /m Poliwrath, 1
[01/01/2012 20:18:19] /m Abra, 1
[01/01/2012 20:18:21] /m Kadabra, 1
[01/01/2012 20:18:22] /m Alakazam, 1
[01/01/2012 20:18:23] /m Machop, 1
[01/01/2012 20:18:24] /m Machoke, 1
[01/01/2012 20:18:26] /m Machamp, 1
[01/01/2012 20:19:11] /m Victreebel, 1
[01/01/2012 20:19:12] /m Tentacool, 1
[01/01/2012 20:19:13] /m Tentacruel, 1
[01/01/2012 20:19:13] /m Geodude, 1
[01/01/2012 20:19:14] /m Graveler, 1
[01/01/2012 20:19:15] /m Golem, 1
[01/01/2012 20:19:16] /m Ponyta, 1
[01/01/2012 20:19:17] /m Rapidash, 1
[01/01/2012 20:19:18] /m Slowpoke, 1
[01/01/2012 20:19:21] /m Slowbro, 1
[01/01/2012 20:19:23] /m Magnemite, 1
[01/01/2012 20:21:33] /m pinsir, 1
[01/01/2012 20:29:53] /m Magneton, 1
[01/01/2012 20:29:54] /m Farfetch'd, 1
[01/01/2012 20:30:25] /m poliwrath, 1
[01/01/2012 20:38:51] /m alakazam, 1
[01/01/2012 20:39:18] /m alakazam, 1
[01/01/2012 20:39:55] /m alakazam, 10
[01/01/2012 20:43:42] /m machamp, 10
[01/01/2012 20:43:45] /n nurse
[01/01/2012 20:43:50] /r
[01/01/2012 20:44:09] /n nurse
[01/01/2012 20:45:43] /m machamp, 15
[01/01/2012 20:47:23] /m wigglytuff, 15
[01/01/2012 20:50:50] /m Doduo, 1
[01/01/2012 20:50:51] /m Dodrio, 1
[01/01/2012 20:50:52] /m Seel, 1
[01/01/2012 20:50:54] /m Dewgong, 1
[01/01/2012 20:50:55] /m Grimer, 1
[01/01/2012 20:50:56] /m Muk, 1
[01/01/2012 20:50:56] /m Shellder, 1
[01/01/2012 20:50:57] /m Cloyster, 1
[01/01/2012 20:50:58] /m Gastly, 1
[01/01/2012 20:51:36] /m Haunter, 1
[01/01/2012 20:51:37] /m Gengar, 1
[01/01/2012 20:51:37] /m Onix, 1
[01/01/2012 20:51:38] /m Drowzee, 1
[01/01/2012 20:51:39] /m Hypno, 1
[01/01/2012 20:51:40] /m Krabby, 1
[01/01/2012 20:51:41] /m Kingler, 1
[01/01/2012 20:52:11] /m Voltorb, 1
[01/01/2012 20:52:12] /m Electrode, 1
[01/01/2012 20:57:32] /i heart stone
[01/01/2012 20:57:33] /i heart stone
[01/01/2012 20:57:33] /i heart stone
[01/01/2012 20:57:34] /i heart stone
[01/01/2012 20:57:34] /i heart stone
[01/01/2012 20:58:06] /i heart stone
[01/01/2012 20:59:02] /i heart stone
[01/01/2012 21:01:18] /i heart stone
[01/01/2012 21:01:19] /i heart stone
[01/01/2012 21:03:39] /i heart stone
[01/01/2012 21:03:40] /i heart stone
[01/01/2012 21:03:41] /i heart stone
[01/01/2012 21:03:41] /i heart stone
[01/01/2012 21:03:41] /i heart stone
[01/01/2012 21:03:42] /i heart stone
[01/01/2012 21:03:42] /i heart stone
[01/01/2012 21:03:43] /i heart stone
[01/01/2012 21:03:43] /i heart stone
[01/01/2012 21:04:11] /i heart stone
[01/01/2012 21:04:12] /i heart stone
[01/01/2012 21:04:13] /i heart stone
[01/01/2012 21:04:13] /i heart stone
[01/01/2012 21:04:14] /i heart stone
[01/01/2012 21:05:51] /i crystal stone
[01/01/2012 21:05:51] /i crystal stone
[01/01/2012 21:05:51] /i crystal stone
[01/01/2012 21:05:52] /i crystal stone
[01/01/2012 21:05:52] /i crystal stone
[01/01/2012 21:05:52] /i crystal stone
[01/01/2012 21:05:53] /i crystal stone
[01/01/2012 21:05:53] /i crystal stone
[01/01/2012 21:05:53] /i crystal stone
[01/01/2012 21:05:54] /i crystal stone
[01/01/2012 21:05:54] /i crystal stone
[01/01/2012 21:05:56] /i crystal stone
[01/01/2012 21:05:56] /i crystal stone
[01/01/2012 21:06:17] /i crystal stone
[01/01/2012 21:06:17] /i crystal stone
[01/01/2012 21:06:17] /i crystal stone
[01/01/2012 21:06:18] /i crystal stone
[01/01/2012 21:06:18] /i crystal stone
[01/01/2012 21:06:33] /i crystal stone
[01/01/2012 21:06:42] /i crystal stone
[01/01/2012 21:06:54] /i crystal stone
[01/01/2012 21:06:55] /i crystal stone
[01/01/2012 21:06:55] /i crystal stone
[01/01/2012 21:06:56] /i crystal stone
[01/01/2012 21:06:56] /i crystal stone
[01/01/2012 21:06:56] /i crystal stone
[01/01/2012 21:06:57] /i crystal stone
[01/01/2012 21:06:57] /i crystal stone
[01/01/2012 21:06:57] /i crystal stone
[01/01/2012 21:07:32] /i crystal stone
[01/01/2012 21:07:33] /i crystal stone
[01/01/2012 21:07:33] /i crystal stone
[01/01/2012 21:07:34] /i crystal stone
[01/01/2012 21:07:34] /i crystal stone
[01/01/2012 21:07:34] /i crystal stone
[01/01/2012 21:07:35] /i crystal stone
[01/01/2012 21:07:35] /i crystal stone
[01/01/2012 21:07:36] /i crystal stone
[01/01/2012 21:07:48] /i crystal stone
[01/01/2012 21:07:48] /i crystal stone
[01/01/2012 21:07:49] /i crystal stone
[01/01/2012 21:07:49] /i crystal stone
[01/01/2012 21:07:49] /i crystal stone
[01/01/2012 21:07:50] /i crystal stone
[01/01/2012 21:07:50] /i crystal stone
[01/01/2012 21:07:51] /i crystal stone
[01/01/2012 21:07:51] /i crystal stone
[01/01/2012 21:07:51] /i crystal stone
[01/01/2012 21:07:52] /i crystal stone
[01/01/2012 21:08:01] /i crystal stone
[01/01/2012 21:08:01] /i crystal stone
[01/01/2012 21:08:02] /i crystal stone
[01/01/2012 21:08:02] /i crystal stone
[01/01/2012 21:08:03] /i crystal stone
[01/01/2012 21:08:03] /i crystal stone
[01/01/2012 21:08:04] /i crystal stone
[01/01/2012 21:08:04] /i crystal stone
[01/01/2012 21:08:04] /i crystal stone
[01/01/2012 21:08:05] /i crystal stone
[01/01/2012 21:08:05] /i crystal stone
[01/01/2012 21:08:06] /i crystal stone
[01/01/2012 21:08:06] /i crystal stone
[01/01/2012 21:08:29] /i crystal stone
[01/01/2012 21:08:29] /i crystal stone
[01/01/2012 21:08:30] /i crystal stone
[01/01/2012 21:08:30] /i crystal stone
[01/01/2012 21:08:30] /i crystal stone]
[01/01/2012 21:08:32] /i crystal stone
[01/01/2012 21:08:33] /i crystal stone
[01/01/2012 21:08:33] /i crystal stone
[01/01/2012 21:08:40] /i crystal stone
[01/01/2012 21:08:41] /i crystal stone
[01/01/2012 21:08:41] /i crystal stone
[01/01/2012 21:08:41] /i crystal stone
[01/01/2012 21:08:42] /i crystal stone
[01/01/2012 21:08:42] /i crystal stone
[01/01/2012 21:09:13] /i crystal stone
[01/01/2012 21:09:13] /i crystal stone
[01/01/2012 21:09:14] /i crystal stone
[01/01/2012 21:09:14] /i crystal stone
[01/01/2012 21:09:14] /i crystal stone
[01/01/2012 21:09:15] /i crystal stone
[01/01/2012 21:09:15] /i crystal stone
[01/01/2012 21:09:16] /i crystal stone
[01/01/2012 21:09:16] /i crystal stone
[01/01/2012 21:09:17] /i crystal stone
[01/01/2012 21:09:17] /i crystal stone
[01/01/2012 21:09:17] /i crystal stone
[01/01/2012 21:09:26] /i crystal stone
[01/01/2012 21:09:26] /i crystal stone
[01/01/2012 21:09:27] /i crystal stone
[01/01/2012 21:09:27] /i crystal stone
[01/01/2012 21:09:28] /i crystal stone
[01/01/2012 21:09:28] /i crystal stone
[01/01/2012 21:09:28] /i crystal stone
[01/01/2012 21:09:29] /i crystal stone
[01/01/2012 21:09:37] /i crystal stone
[01/01/2012 21:09:38] /i crystal stone
[01/01/2012 21:09:38] /i crystal stone
[01/01/2012 21:09:38] /i crystal stone
[01/01/2012 21:09:39] /i crystal stone
[01/01/2012 21:09:39] /i crystal stone
[01/01/2012 21:09:39] /i crystal stone
[01/01/2012 21:09:40] /i crystal stone
[01/01/2012 21:09:42] /i crystal stone]
[01/01/2012 21:09:43] /i crystal stone
[01/01/2012 21:09:43] /i crystal stone
[01/01/2012 21:10:14] /i crystal stone
[01/01/2012 21:10:14] /i crystal stone
[01/01/2012 21:10:15] /i crystal stone
[01/01/2012 21:10:15] /i crystal stone
[01/01/2012 21:10:15] /i crystal stone
[01/01/2012 21:10:22] /i crystal stone
[01/01/2012 21:10:23] /i crystal stone
[01/01/2012 21:10:23] /i crystal stone
[01/01/2012 21:10:24] /i crystal stone
[01/01/2012 21:10:28] /i crystal stone
[01/01/2012 21:11:06] /t
[01/01/2012 21:11:28] /m seadra, 33
[01/01/2012 21:11:59] /m victreebel, 45
[01/01/2012 21:12:33] /n nurse
[01/01/2012 21:12:34] /r
[01/01/2012 21:12:41] /m dragonair, 29
[01/01/2012 21:13:13] /n nurse
[01/01/2012 21:13:18] /r
[01/01/2012 21:13:22] /m poliwhirl, 23
[01/01/2012 21:13:48] /m weezing, 17
[01/01/2012 21:14:04] /m persian, 28
[01/01/2012 21:14:27] /m weepinbell, 30
[01/01/2012 21:14:41] /m vileplume, 34
[01/01/2012 21:15:31] /n nurse
[01/01/2012 21:15:34] /r
[01/01/2012 21:15:38] /m butterfree, 20
[01/01/2012 21:15:47] /m butterfree, 30
[01/01/2012 21:16:18] /m gyarados, 23
[01/01/2012 21:16:43] /n nurse
[01/01/2012 21:16:48] /r
[01/01/2012 21:16:58] /m kakuna, 45
[01/01/2012 21:17:17] /m kakuna, 60
[01/01/2012 21:17:48] /i rare candy, 7
[01/01/2012 21:17:56] /m onix, 15
[01/01/2012 21:18:05] /m snorlax, 12
[01/01/2012 21:18:31] /m rattata, 1
[01/01/2012 21:18:50] /n nurse
[01/01/2012 21:18:55] /r
[01/01/2012 21:19:02] /m poliwhirl, 25
[01/01/2012 21:19:12] /m poliwrath, 15
[01/01/2012 21:19:43] /n nurse
[01/01/2012 21:19:45] /r
[01/01/2012 21:19:50] /m graveler, 15
[01/01/2012 21:20:10] /m golem, 25
[01/01/2012 21:20:58] /n nurse
[01/01/2012 21:21:02] /r
[01/01/2012 21:21:27] /m pidgeot, 43
[01/01/2012 21:22:03] /n nurse
[02/01/2012 10:59:08] /t
[03/01/2012 11:37:39] /i recording camera
[03/01/2012 11:37:45] /a 44
[03/01/2012 11:37:51] /m dragonite, 100
[03/01/2012 11:38:47] /a 55
