[21/01/2011 14:00:35] /ghost
[21/01/2011 14:02:25] /t
[21/01/2011 14:02:38] /attr group 6
[21/01/2011 14:02:42] /goto charizard
[21/01/2011 14:03:00] /goto Charizard
[21/01/2011 14:03:06] /a 50
[21/01/2011 14:03:10] /a 50
[21/01/2011 14:03:21] /addskill Biell [Ice], level
[21/01/2011 14:03:21] /addskill Biell [Ice], level
[21/01/2011 14:03:21] /addskill Biell [Ice], level
[21/01/2011 14:03:22] /addskill Biell [Ice], level
[21/01/2011 14:03:22] /addskill Biell [Ice], level
[21/01/2011 14:03:33] /addskill Biell [Ice], level
[21/01/2011 14:03:33] /addskill Biell [Ice], level
[21/01/2011 14:03:33] /addskill Biell [Ice], level
[21/01/2011 14:03:33] /addskill Biell [Ice], level
[21/01/2011 14:03:33] /addskill Biell [Ice], level
[21/01/2011 14:03:33] /addskill Biell [Ice], level
[21/01/2011 14:03:33] /addskill Biell [Ice], level
[21/01/2011 14:03:34] /addskill Biell [Ice], level
[21/01/2011 14:03:34] /addskill Biell [Ice], level
[21/01/2011 14:03:34] /addskill Biell [Ice], level
[21/01/2011 14:03:34] /addskill Biell [Ice], level
[21/01/2011 14:03:34] /addskill Biell [Ice], level
[21/01/2011 14:03:34] /addskill Biell [Ice], level
[21/01/2011 14:03:34] /addskill Biell [Ice], level
[21/01/2011 14:03:34] /addskill Biell [Ice], level
[21/01/2011 14:03:34] /addskill Biell [Ice], level
[21/01/2011 14:03:34] /addskill Biell [Ice], level
[21/01/2011 14:03:35] /addskill Biell [Ice], level
[21/01/2011 14:03:35] /addskill Biell [Ice], level
[21/01/2011 14:03:35] /addskill Biell [Ice], level
[21/01/2011 14:03:35] /addskill Biell [Ice], level
[21/01/2011 14:03:35] /addskill Biell [Ice], level
[21/01/2011 14:03:35] /addskill Biell [Ice], level
[21/01/2011 14:03:35] /addskill Biell [Ice], level
[21/01/2011 14:03:35] /addskill Biell [Ice], level
[21/01/2011 14:03:35] /addskill Biell [Ice], level
[21/01/2011 14:03:35] /addskill Biell [Ice], level
[21/01/2011 14:03:36] /addskill Biell [Ice], level
[21/01/2011 14:03:36] /addskill Biell [Ice], level
[21/01/2011 14:03:36] /addskill Biell [Ice], level
[21/01/2011 14:03:36] /addskill Biell [Ice], level
[21/01/2011 14:03:36] /addskill Biell [Ice], level
[21/01/2011 14:03:36] /addskill Biell [Ice], level
[21/01/2011 14:03:36] /addskill Biell [Ice], level
[21/01/2011 14:03:36] /addskill Biell [Ice], level
[21/01/2011 14:03:36] /addskill Biell [Ice], level
[21/01/2011 14:03:36] /addskill Biell [Ice], level
[21/01/2011 14:03:36] /addskill Biell [Ice], level
[21/01/2011 14:03:36] /addskill Biell [Ice], level
[21/01/2011 14:03:37] /addskill Biell [Ice], level
[21/01/2011 14:03:37] /addskill Biell [Ice], level
[21/01/2011 14:03:37] /addskill Biell [Ice], level
[21/01/2011 14:03:37] /addskill Biell [Ice], level
[21/01/2011 14:03:37] /addskill Biell [Ice], level
[21/01/2011 14:03:37] /addskill Biell [Ice], level
[21/01/2011 14:03:37] /addskill Biell [Ice], level
[21/01/2011 14:03:37] /addskill Biell [Ice], level
[21/01/2011 14:03:37] /addskill Biell [Ice], level
[21/01/2011 14:03:37] /addskill Biell [Ice], level
[21/01/2011 14:03:38] /addskill Biell [Ice], level
[21/01/2011 14:03:38] /addskill Biell [Ice], level
[21/01/2011 14:03:38] /addskill Biell [Ice], level
[21/01/2011 14:03:38] /addskill Biell [Ice], level
[21/01/2011 14:03:38] /addskill Biell [Ice], level
[21/01/2011 14:03:38] /addskill Biell [Ice], level
[21/01/2011 14:03:38] /addskill Biell [Ice], level
[21/01/2011 14:03:38] /addskill Biell [Ice], level
[21/01/2011 14:03:38] /addskill Biell [Ice], level
[21/01/2011 14:03:38] /addskill Biell [Ice], level
[21/01/2011 14:03:38] /addskill Biell [Ice], level
[21/01/2011 14:03:39] /addskill Biell [Ice], level
[21/01/2011 14:03:39] /addskill Biell [Ice], level
[21/01/2011 14:03:39] /addskill Biell [Ice], level
[21/01/2011 14:03:39] /addskill Biell [Ice], level
[21/01/2011 14:03:39] /addskill Biell [Ice], level
[21/01/2011 14:03:39] /addskill Biell [Ice], level
[21/01/2011 14:03:39] /addskill Biell [Ice], level
[21/01/2011 14:03:39] /addskill Biell [Ice], level
[21/01/2011 14:03:39] /addskill Biell [Ice], level
[21/01/2011 14:03:39] /addskill Biell [Ice], level
[21/01/2011 14:03:39] /addskill Biell [Ice], level
[21/01/2011 14:03:39] /addskill Biell [Ice], level
[21/01/2011 14:03:40] /addskill Biell [Ice], level
[21/01/2011 14:03:40] /addskill Biell [Ice], level
[21/01/2011 14:03:41] /addskill Biell [Ice], level
[21/01/2011 14:04:39] /a 1
[21/01/2011 14:27:31] /goto Charizard
[21/01/2011 14:27:56] /t
[21/01/2011 14:28:36] /ghost
[21/01/2011 14:28:50] /goto Look Red
[21/01/2011 14:30:14] /goto Charizard
[21/01/2011 14:30:42] /n nurse
[21/01/2011 14:31:59] /addskill Biell [Ice], level
[21/01/2011 14:31:59] /addskill Biell [Ice], level
[21/01/2011 14:31:59] /addskill Biell [Ice], level
[21/01/2011 14:31:59] /addskill Biell [Ice], level
[21/01/2011 14:31:59] /addskill Biell [Ice], level
[21/01/2011 14:31:59] /addskill Biell [Ice], level
[21/01/2011 14:31:59] /addskill Biell [Ice], level
[21/01/2011 14:32:00] /addskill Biell [Ice], level
[21/01/2011 14:32:00] /addskill Biell [Ice], level
[21/01/2011 14:32:00] /addskill Biell [Ice], level
[21/01/2011 14:32:00] /addskill Biell [Ice], level
[21/01/2011 14:32:00] /addskill Biell [Ice], level
[21/01/2011 14:32:00] /addskill Biell [Ice], level
[21/01/2011 14:32:00] /addskill Biell [Ice], level
[21/01/2011 14:32:00] /addskill Biell [Ice], level
[21/01/2011 14:32:00] /addskill Biell [Ice], level
[21/01/2011 14:32:00] /addskill Biell [Ice], level
[21/01/2011 14:32:01] /addskill Biell [Ice], level
[21/01/2011 14:32:01] /addskill Biell [Ice], level
[21/01/2011 14:32:01] /addskill Biell [Ice], level
[21/01/2011 14:32:01] /addskill Biell [Ice], level
[21/01/2011 14:32:01] /addskill Biell [Ice], level
[21/01/2011 14:32:01] /addskill Biell [Ice], level
[21/01/2011 14:32:01] /addskill Biell [Ice], level
[21/01/2011 14:32:01] /addskill Biell [Ice], level
[21/01/2011 14:32:01] /addskill Biell [Ice], level
[21/01/2011 14:32:01] /addskill Biell [Ice], level
[21/01/2011 14:32:01] /addskill Biell [Ice], level
[21/01/2011 14:32:02] /addskill Biell [Ice], level
[21/01/2011 14:32:02] /addskill Biell [Ice], level
[21/01/2011 14:32:02] /addskill Biell [Ice], level
[21/01/2011 14:32:02] /addskill Biell [Ice], level
[21/01/2011 14:32:02] /addskill Biell [Ice], level
[21/01/2011 14:32:02] /addskill Biell [Ice], level
[21/01/2011 14:32:02] /addskill Biell [Ice], level
[21/01/2011 14:32:02] /addskill Biell [Ice], level
[21/01/2011 14:32:02] /addskill Biell [Ice], level
[21/01/2011 14:32:02] /addskill Biell [Ice], level
[21/01/2011 14:32:02] /addskill Biell [Ice], level
[21/01/2011 14:32:02] /addskill Biell [Ice], level
[21/01/2011 14:32:03] /addskill Biell [Ice], level
[21/01/2011 14:32:03] /addskill Biell [Ice], level
[21/01/2011 14:32:03] /addskill Biell [Ice], level
[21/01/2011 14:32:03] /addskill Biell [Ice], level
[21/01/2011 14:32:03] /addskill Biell [Ice], level
[21/01/2011 14:32:03] /addskill Biell [Ice], level
[21/01/2011 14:32:03] /addskill Biell [Ice], level
[21/01/2011 14:32:03] /addskill Biell [Ice], level
[21/01/2011 14:32:03] /addskill Biell [Ice], level
[21/01/2011 14:32:03] /addskill Biell [Ice], level
[21/01/2011 14:32:03] /addskill Biell [Ice], level
[21/01/2011 14:32:03] /addskill Biell [Ice], level
[21/01/2011 14:32:03] /addskill Biell [Ice], level
[21/01/2011 14:32:04] /addskill Biell [Ice], level
[21/01/2011 14:32:04] /addskill Biell [Ice], level
[21/01/2011 14:32:04] /addskill Biell [Ice], level
[21/01/2011 14:32:04] /addskill Biell [Ice], level
[21/01/2011 14:32:04] /addskill Biell [Ice], level
[21/01/2011 14:32:04] /addskill Biell [Ice], level
[21/01/2011 14:32:04] /addskill Biell [Ice], level
[21/01/2011 14:32:04] /addskill Biell [Ice], level
[21/01/2011 14:32:04] /addskill Biell [Ice], level
[21/01/2011 14:32:05] /addskill Biell [Ice], level
[21/01/2011 14:32:05] /addskill Biell [Ice], level
[21/01/2011 14:32:05] /addskill Biell [Ice], level
[21/01/2011 14:32:05] /addskill Biell [Ice], level
[21/01/2011 14:32:06] /addskill Biell [Ice], level
[21/01/2011 14:32:06] /addskill Biell [Ice], level
[21/01/2011 14:32:06] /addskill Biell [Ice], level
[21/01/2011 14:32:06] /addskill Biell [Ice], level
[21/01/2011 14:32:06] /addskill Biell [Ice], level
[21/01/2011 14:32:07] /addskill Biell [Ice], level
[21/01/2011 14:32:07] /addskill Biell [Ice], level
[21/01/2011 14:32:07] /addskill Biell [Ice], level
[21/01/2011 14:32:07] /addskill Biell [Ice], level
[21/01/2011 14:32:08] /addskill Biell [Ice], level
[21/01/2011 14:32:08] /addskill Biell [Ice], level
[21/01/2011 14:32:08] /addskill Biell [Ice], level
[21/01/2011 14:32:09] /addskill Biell [Ice], level
[21/01/2011 14:32:09] /addskill Biell [Ice], level
[21/01/2011 14:32:29] /i potion
[21/01/2011 14:32:54] /i mega potion
[21/01/2011 14:33:24] /i mega potion
[21/01/2011 14:33:25] /i mega potion
[21/01/2011 14:33:25] /i mega potion
[21/01/2011 14:34:36] /reload actions
[21/01/2011 14:34:56] /reload order
[21/01/2011 14:35:01] /reload actions
[21/01/2011 14:35:05] /ghost
[21/01/2011 14:38:35] /goto Charizard
[21/01/2011 14:38:41] /addskill Biell [Ice], level
[21/01/2011 14:38:41] /addskill Biell [Ice], level
[21/01/2011 14:38:42] /addskill Biell [Ice], level
[21/01/2011 14:38:42] /addskill Biell [Ice], level
[21/01/2011 14:38:42] /addskill Biell [Ice], level
[21/01/2011 14:38:42] /addskill Biell [Ice], level
[21/01/2011 14:38:42] /addskill Biell [Ice], level
[21/01/2011 14:38:42] /addskill Biell [Ice], level
[21/01/2011 14:38:42] /addskill Biell [Ice], level
[21/01/2011 14:38:42] /addskill Biell [Ice], level
[21/01/2011 14:38:42] /addskill Biell [Ice], level
[21/01/2011 14:38:42] /addskill Biell [Ice], level
[21/01/2011 14:38:43] /addskill Biell [Ice], level
[21/01/2011 14:38:43] /addskill Biell [Ice], level
[21/01/2011 14:38:43] /addskill Biell [Ice], level
[21/01/2011 14:38:43] /addskill Biell [Ice], level
[21/01/2011 14:38:43] /addskill Biell [Ice], level
[21/01/2011 14:38:43] /addskill Biell [Ice], level
[21/01/2011 14:38:43] /addskill Biell [Ice], level
[21/01/2011 14:38:43] /addskill Biell [Ice], level
[21/01/2011 14:38:43] /addskill Biell [Ice], level
[21/01/2011 14:38:43] /addskill Biell [Ice], level
[21/01/2011 14:38:44] /addskill Biell [Ice], level
[21/01/2011 14:38:44] /addskill Biell [Ice], level
[21/01/2011 14:38:44] /addskill Biell [Ice], level
[21/01/2011 14:38:44] /addskill Biell [Ice], level
[21/01/2011 14:38:44] /addskill Biell [Ice], level
[21/01/2011 14:38:44] /addskill Biell [Ice], level
[21/01/2011 14:38:44] /addskill Biell [Ice], level
[21/01/2011 14:38:44] /addskill Biell [Ice], level
[21/01/2011 14:38:44] /addskill Biell [Ice], level
[21/01/2011 14:38:44] /addskill Biell [Ice], level
[21/01/2011 14:38:45] /addskill Biell [Ice], level
[21/01/2011 14:38:45] /addskill Biell [Ice], level
[21/01/2011 14:38:45] /addskill Biell [Ice], level
[21/01/2011 14:38:45] /addskill Biell [Ice], level
[21/01/2011 14:38:45] /addskill Biell [Ice], level
[21/01/2011 14:38:45] /addskill Biell [Ice], level
[21/01/2011 14:38:45] /addskill Biell [Ice], level
[21/01/2011 14:38:45] /addskill Biell [Ice], level
[21/01/2011 14:38:45] /addskill Biell [Ice], level
[21/01/2011 14:38:45] /addskill Biell [Ice], level
[21/01/2011 14:38:45] /addskill Biell [Ice], level
[21/01/2011 14:38:46] /addskill Biell [Ice], level
[21/01/2011 14:38:46] /addskill Biell [Ice], level
[21/01/2011 14:38:46] /addskill Biell [Ice], level
[21/01/2011 14:38:46] /addskill Biell [Ice], level
[21/01/2011 14:38:46] /addskill Biell [Ice], level
[21/01/2011 14:38:46] /addskill Biell [Ice], level
[21/01/2011 14:38:47] /addskill Biell [Ice], level
[21/01/2011 14:38:47] /addskill Biell [Ice], level
[21/01/2011 14:38:47] /addskill Biell [Ice], level
[21/01/2011 14:38:47] /addskill Biell [Ice], level
[21/01/2011 14:38:47] /addskill Biell [Ice], level
[21/01/2011 14:38:47] /addskill Biell [Ice], level
[21/01/2011 14:38:47] /addskill Biell [Ice], level
[21/01/2011 14:38:47] /addskill Biell [Ice], level
[21/01/2011 14:38:47] /addskill Biell [Ice], level
[21/01/2011 14:38:47] /addskill Biell [Ice], level
[21/01/2011 14:38:48] /addskill Biell [Ice], level
[21/01/2011 14:38:48] /addskill Biell [Ice], level
[21/01/2011 14:38:48] /addskill Biell [Ice], level
[21/01/2011 14:38:48] /addskill Biell [Ice], level
[21/01/2011 14:38:48] /addskill Biell [Ice], level
[21/01/2011 14:38:48] /addskill Biell [Ice], level
[21/01/2011 14:38:48] /addskill Biell [Ice], level
[21/01/2011 14:38:48] /addskill Biell [Ice], level
[21/01/2011 14:38:48] /addskill Biell [Ice], level
[21/01/2011 14:38:48] /addskill Biell [Ice], level
[21/01/2011 14:38:49] /addskill Biell [Ice], level
[21/01/2011 14:38:49] /addskill Biell [Ice], level
[21/01/2011 14:38:49] /addskill Biell [Ice], level
[21/01/2011 14:38:49] /addskill Biell [Ice], level
[21/01/2011 14:38:50] /addskill Biell [Ice], level
[21/01/2011 14:38:50] /addskill Biell [Ice], level
[21/01/2011 14:38:50] /addskill Biell [Ice], level
[21/01/2011 14:38:50] /addskill Biell [Ice], level
[21/01/2011 14:38:51] /addskill Biell [Ice], level
[21/01/2011 14:38:51] /addskill Biell [Ice], level
[21/01/2011 14:38:51] /addskill Biell [Ice], level
[21/01/2011 14:38:51] /addskill Biell [Ice], level
[21/01/2011 14:38:51] /addskill Biell [Ice], level
[21/01/2011 14:38:52] /addskill Biell [Ice], level
[21/01/2011 14:38:52] /addskill Biell [Ice], level
[21/01/2011 14:39:37] /reload spells
[21/01/2011 14:39:53] /t
[21/01/2011 14:40:00] /openserver
[21/01/2011 14:43:53] /m bellsprout s
[21/01/2011 14:44:25] /r
[21/01/2011 14:44:36] /n nurse
[21/01/2011 14:44:41] /r
[21/01/2011 14:50:53] /a 50
[21/01/2011 14:50:55] /a 40
[21/01/2011 14:51:03] /m gloom s
[21/01/2011 14:51:43] /goto bruninho
[21/01/2011 14:51:50] /a 40
[21/01/2011 14:51:52] /a 5
[21/01/2011 14:51:57] /c Bruninho
[21/01/2011 14:52:02] /n nurse
[21/01/2011 14:52:33] /addskill Biell bruninho, level
[21/01/2011 14:52:33] /addskill Biell bruninho, level
[21/01/2011 14:52:33] /addskill Biell bruninho, level
[21/01/2011 14:52:33] /addskill Biell bruninho, level
[21/01/2011 14:52:33] /addskill Biell bruninho, level
[21/01/2011 14:52:34] /addskill Biell bruninho, level
[21/01/2011 14:52:34] /addskill Biell bruninho, level
[21/01/2011 14:52:34] /addskill Biell bruninho, level
[21/01/2011 14:52:34] /addskill Biell bruninho, level
[21/01/2011 14:52:34] /addskill Biell bruninho, level
[21/01/2011 14:52:34] /addskill Biell bruninho, level
[21/01/2011 14:52:34] /addskill Biell bruninho, level
[21/01/2011 14:52:34] /addskill Biell bruninho, level
[21/01/2011 14:52:34] /addskill Biell bruninho, level
[21/01/2011 14:52:48] /addskill Bruninho, level
[21/01/2011 14:52:49] /addskill Bruninho, level
[21/01/2011 14:52:49] /addskill Bruninho, level
[21/01/2011 14:52:49] /addskill Bruninho, level
[21/01/2011 14:52:49] /addskill Bruninho, level
[21/01/2011 14:52:49] /addskill Bruninho, level
[21/01/2011 14:52:49] /addskill Bruninho, level
[21/01/2011 14:52:49] /addskill Bruninho, level
[21/01/2011 14:52:49] /addskill Bruninho, level
[21/01/2011 14:52:49] /addskill Bruninho, level
[21/01/2011 14:52:49] /addskill Bruninho, level
[21/01/2011 14:52:50] /addskill Bruninho, level
[21/01/2011 14:52:50] /addskill Bruninho, level
[21/01/2011 14:52:50] /addskill Bruninho, level
[21/01/2011 14:52:50] /addskill Bruninho, level
[21/01/2011 14:52:50] /addskill Bruninho, level
[21/01/2011 14:52:50] /addskill Bruninho, level
[21/01/2011 14:52:50] /addskill Bruninho, level
[21/01/2011 14:52:50] /addskill Bruninho, level
[21/01/2011 14:52:50] /addskill Bruninho, level
[21/01/2011 14:52:50] /addskill Bruninho, level
[21/01/2011 14:52:50] /addskill Bruninho, level
[21/01/2011 14:52:50] /addskill Bruninho, level
[21/01/2011 14:52:51] /addskill Bruninho, level
[21/01/2011 14:52:51] /addskill Bruninho, level
[21/01/2011 14:52:51] /addskill Bruninho, level
[21/01/2011 14:52:51] /addskill Bruninho, level
[21/01/2011 14:52:51] /addskill Bruninho, level
[21/01/2011 14:52:51] /addskill Bruninho, level
[21/01/2011 14:53:09] /m weepinbell s
[21/01/2011 15:18:20] /addskill Bruninho, level
[21/01/2011 15:18:20] /addskill Bruninho, level
[21/01/2011 15:18:20] /addskill Bruninho, level
[21/01/2011 15:18:20] /addskill Bruninho, level
[21/01/2011 15:18:20] /addskill Bruninho, level
[21/01/2011 15:18:21] /addskill Bruninho, level
[21/01/2011 15:18:21] /addskill Bruninho, level
[21/01/2011 15:18:21] /addskill Bruninho, level
[21/01/2011 15:18:21] /addskill Bruninho, level
[21/01/2011 15:18:41] /b Bug
[21/01/2011 15:18:42] /addskill Biell [Ice], level
[21/01/2011 15:18:43] /addskill Biell [Ice], level
[21/01/2011 15:18:43] /addskill Biell [Ice], level
[21/01/2011 15:18:43] /addskill Biell [Ice], level
[21/01/2011 15:18:43] /addskill Biell [Ice], level
[21/01/2011 15:18:43] /addskill Biell [Ice], level
[21/01/2011 15:18:43] /addskill Biell [Ice], level
[21/01/2011 15:18:43] /addskill Biell [Ice], level
[21/01/2011 15:18:43] /addskill Biell [Ice], level
[21/01/2011 15:18:43] /addskill Biell [Ice], level
[21/01/2011 15:18:44] /addskill Biell [Ice], level
[21/01/2011 15:18:44] /addskill Biell [Ice], level
[21/01/2011 15:18:44] /addskill Biell [Ice], level
[21/01/2011 15:18:44] /addskill Biell [Ice], level
[21/01/2011 15:18:44] /addskill Biell [Ice], level
[21/01/2011 15:18:44] /addskill Biell [Ice], level
[21/01/2011 15:18:44] /addskill Biell [Ice], level
[21/01/2011 15:18:44] /addskill Biell [Ice], level
[21/01/2011 15:18:44] /addskill Biell [Ice], level
[21/01/2011 15:18:44] /addskill Biell [Ice], level
[21/01/2011 15:18:44] /addskill Biell [Ice], level
[21/01/2011 15:18:44] /addskill Biell [Ice], level
[21/01/2011 15:18:45] /addskill Biell [Ice], level
[21/01/2011 15:18:45] /addskill Biell [Ice], level
[21/01/2011 15:18:45] /addskill Biell [Ice], level
[21/01/2011 15:18:45] /addskill Biell [Ice], level
[21/01/2011 15:18:45] /addskill Biell [Ice], level
[21/01/2011 15:18:45] /addskill Biell [Ice], level
[21/01/2011 15:18:45] /addskill Biell [Ice], level
[21/01/2011 15:18:45] /addskill Biell [Ice], level
[21/01/2011 15:18:45] /addskill Biell [Ice], level
[21/01/2011 15:18:45] /addskill Biell [Ice], level
[21/01/2011 15:18:45] /addskill Biell [Ice], level
[21/01/2011 15:18:46] /addskill Biell [Ice], level
[21/01/2011 15:18:46] /addskill Biell [Ice], level
[21/01/2011 15:18:46] /addskill Biell [Ice], level
[21/01/2011 15:18:46] /addskill Biell [Ice], level
[21/01/2011 15:18:46] /addskill Biell [Ice], level
[21/01/2011 15:18:46] /addskill Biell [Ice], level
[21/01/2011 15:18:46] /addskill Biell [Ice], level
[21/01/2011 15:18:46] /addskill Biell [Ice], level
[21/01/2011 15:18:46] /addskill Biell [Ice], level
[21/01/2011 15:18:47] /addskill Biell [Ice], level
[21/01/2011 15:18:47] /addskill Biell [Ice], level
[21/01/2011 15:18:47] /addskill Biell [Ice], level
[21/01/2011 15:18:47] /addskill Biell [Ice], level
[21/01/2011 15:18:47] /addskill Biell [Ice], level
[21/01/2011 15:18:47] /addskill Biell [Ice], level
[21/01/2011 15:18:47] /addskill Biell [Ice], level
[21/01/2011 15:18:48] /addskill Biell [Ice], level
[21/01/2011 15:18:48] /addskill Biell [Ice], level
[21/01/2011 15:18:48] /addskill Biell [Ice], level
[21/01/2011 15:18:48] /addskill Biell [Ice], level
[21/01/2011 15:18:48] /addskill Biell [Ice], level
[21/01/2011 15:18:48] /addskill Biell [Ice], level
[21/01/2011 15:18:48] /addskill Biell [Ice], level
[21/01/2011 15:18:48] /addskill Biell [Ice], level
[21/01/2011 15:18:48] /addskill Biell [Ice], level
[21/01/2011 15:18:48] /addskill Biell [Ice], level
[21/01/2011 15:18:48] /addskill Biell [Ice], level
[21/01/2011 15:18:49] /addskill Biell [Ice], level
[21/01/2011 15:18:49] /addskill Biell [Ice], level
[21/01/2011 15:18:49] /addskill Biell [Ice], level
[21/01/2011 15:18:49] /addskill Biell [Ice], level
[21/01/2011 15:18:49] /addskill Biell [Ice], level
[21/01/2011 15:18:49] /addskill Biell [Ice], level
[21/01/2011 15:18:50] /addskill Biell [Ice], level
[21/01/2011 15:18:50] /addskill Biell [Ice], level
[21/01/2011 15:18:50] /addskill Biell [Ice], level
[21/01/2011 15:18:50] /addskill Biell [Ice], level
[21/01/2011 15:18:50] /addskill Biell [Ice], level
[21/01/2011 15:18:51] /addskill Biell [Ice], level
[21/01/2011 15:18:51] /addskill Biell [Ice], level
[21/01/2011 15:18:51] /addskill Biell [Ice], level
[21/01/2011 15:18:51] /addskill Biell [Ice], level
[21/01/2011 15:18:51] /addskill Biell [Ice], level
[21/01/2011 15:18:51] /addskill Biell [Ice], level
[21/01/2011 15:18:52] /addskill Biell [Ice], level
[21/01/2011 15:18:52] /addskill Biell [Ice], level
[21/01/2011 15:18:52] /addskill Biell [Ice], level
[21/01/2011 15:19:30] /a 5
[21/01/2011 15:19:32] /a 8
[21/01/2011 15:19:33] /a 8
[21/01/2011 15:19:35] /a 8
[21/01/2011 15:19:44] /c Duduzin
[21/01/2011 15:20:06] /m weepinbell
[21/01/2011 15:20:12] /r
[21/01/2011 15:20:19] /m weenpinbell s
[21/01/2011 15:20:28] /m weepinbell s
[21/01/2011 15:20:44] /r
[21/01/2011 15:21:02] /m weepinbell s
[21/01/2011 15:21:40] /save
[21/01/2011 15:22:28] /c Bruninho
[21/01/2011 15:22:39] /m weepinbell s
[21/01/2011 15:33:16] /n nurse
[21/01/2011 15:33:26] /r
[21/01/2011 15:59:11] /s nurse
[21/01/2011 15:59:17] /n nurse
[21/01/2011 15:59:21] /r
[21/01/2011 15:59:47] /n nurse
[21/01/2011 16:00:02] /r
[21/01/2011 16:00:10] /t
[21/01/2011 16:00:20] /goto Charizard
[21/01/2011 16:00:25] /b N sabemos
[21/01/2011 16:00:44] /goto Look Red
[21/01/2011 16:01:31] /goto Weepinbell
[21/01/2011 16:02:54] /i heart stone
[21/01/2011 16:03:49] /goto charizard
[21/01/2011 16:04:56] /reload actions
[21/01/2011 16:05:53] /i fire stone
[21/01/2011 16:05:54] /i fire stone
[21/01/2011 16:06:27] /t
[21/01/2011 16:11:35] /ghost
[21/01/2011 16:11:37] /reload npcs
[21/01/2011 16:11:47] /a 2
[21/01/2011 16:11:49] /r
[21/01/2011 16:11:54] /r
[21/01/2011 16:12:01] /i 1619
[21/01/2011 16:12:06] /r
[21/01/2011 16:12:09] /r 3
[21/01/2011 16:12:14] /i 1619
[21/01/2011 16:12:21] /r
[21/01/2011 16:12:25] /a 2
[21/01/2011 16:12:29] /n pokemonseller
[21/01/2011 16:12:31] /a 2
[21/01/2011 16:12:40] /b NPC q compra pokemon add
[21/01/2011 16:15:37] /i 2160
[21/01/2011 16:18:10] /goto bruninho
[21/01/2011 16:18:16] /ghost
[21/01/2011 16:18:55] /c Soldier
[21/01/2011 16:19:16] /t
[21/01/2011 16:20:07] /i 2767
[21/01/2011 16:20:09] /a 1
[21/01/2011 16:20:11] /i 2767
[21/01/2011 16:20:11] /a 1
[21/01/2011 16:20:11] /i 2767
[21/01/2011 16:20:12] /a 1
[21/01/2011 16:20:12] /i 2767
[21/01/2011 16:20:12] /a 1
[21/01/2011 16:20:12] /i 2767
[21/01/2011 16:20:12] /a 1
[21/01/2011 16:20:12] /i 2767
[21/01/2011 16:20:12] /a 1
[21/01/2011 16:20:12] /i 2767
[21/01/2011 16:20:13] /a 1
[21/01/2011 16:20:13] /i 2767
[21/01/2011 16:20:13] /a 1
[21/01/2011 16:20:14] /i 2767
[21/01/2011 16:20:17] /i 2767
[21/01/2011 16:20:17] /a 1
[21/01/2011 16:20:17] /i 2767
[21/01/2011 16:20:17] /a 1
[21/01/2011 16:20:17] /i 2767
[21/01/2011 16:20:17] /a 1
[21/01/2011 16:20:18] /i 2767
[21/01/2011 16:20:18] /a 1
[21/01/2011 16:20:18] /i 2767
[21/01/2011 16:20:18] /a 1
[21/01/2011 16:20:18] /i 2767
[21/01/2011 16:20:18] /a 1
[21/01/2011 16:20:18] /i 2767
[21/01/2011 16:20:18] /a 1
[21/01/2011 16:20:19] /i 2767
[21/01/2011 16:20:19] /a 1
[21/01/2011 16:20:20] /i 2767
[21/01/2011 16:20:21] /a 1
[21/01/2011 16:20:22] /i 2767
[21/01/2011 16:20:22] /i 2767
[21/01/2011 16:20:22] /a 1
[21/01/2011 16:20:23] /i 2767
[21/01/2011 16:20:23] /a 1
[21/01/2011 16:20:23] /i 2767
[21/01/2011 16:20:24] /a 1
[21/01/2011 16:20:24] /i 2767
[21/01/2011 16:20:24] /a 1
[21/01/2011 16:20:24] /i 2767
[21/01/2011 16:20:24] /a 1
[21/01/2011 16:20:24] /i 2767
[21/01/2011 16:20:24] /a 1
[21/01/2011 16:20:24] /i 2767
[21/01/2011 16:20:25] /a 1
[21/01/2011 16:20:25] /i 2767
[21/01/2011 16:20:26] /a 1
[21/01/2011 16:20:29] /i 2767
[21/01/2011 16:20:29] /a 1
[21/01/2011 16:20:29] /i 2767
[21/01/2011 16:20:29] /a 1
[21/01/2011 16:20:29] /i 2767
[21/01/2011 16:20:29] /a 1
[21/01/2011 16:20:29] /i 2767
[21/01/2011 16:20:30] /a 1
[21/01/2011 16:20:30] /i 2767
[21/01/2011 16:20:30] /a 1
[21/01/2011 16:20:30] /i 2767
[21/01/2011 16:20:30] /a 1
[21/01/2011 16:20:30] /i 2767
[21/01/2011 16:20:30] /a 1
[21/01/2011 16:20:30] /i 2767
[21/01/2011 16:20:33] /i 2767
[21/01/2011 16:20:37] /i 2767
[21/01/2011 16:20:40] /i 2767
[21/01/2011 16:20:43] /i 2767
[21/01/2011 16:20:43] /a 1
[21/01/2011 16:20:44] /i 2767
[21/01/2011 16:20:46] /r
[21/01/2011 16:20:59] /i 2767
[21/01/2011 16:21:00] /a 2
[21/01/2011 16:21:00] /i 2767
[21/01/2011 16:21:01] /a 2
[21/01/2011 16:21:01] /i 2767
[21/01/2011 16:21:01] /a 2
[21/01/2011 16:21:05] /i 2767
[21/01/2011 16:21:07] /i 2767
[21/01/2011 16:21:09] /i 2767
[21/01/2011 16:21:09] /a 2
[21/01/2011 16:21:09] /i 2767
[21/01/2011 16:21:10] /a 2
[21/01/2011 16:21:10] /i 2767
[21/01/2011 16:21:11] /a 2
[21/01/2011 16:21:12] /i 2767
[21/01/2011 16:21:14] /r
[21/01/2011 16:21:18] /i 2767
[21/01/2011 16:21:20] /a 2
[21/01/2011 16:21:21] /i 2767
[21/01/2011 16:21:21] /a 2
[21/01/2011 16:21:22] /i 2767
[21/01/2011 16:21:22] /a 2
[21/01/2011 16:21:23] /i 2767
[21/01/2011 16:21:23] /a 2
[21/01/2011 16:21:25] /i 2767
[21/01/2011 16:21:32] /r
[21/01/2011 16:21:34] /i 2767
[21/01/2011 16:21:38] /a 2
[21/01/2011 16:21:42] /i 2767
[21/01/2011 16:21:44] /a 2
[21/01/2011 16:21:44] /i 2767
[21/01/2011 16:21:45] /a 2
[21/01/2011 16:21:45] /i 2767
[21/01/2011 16:21:45] /a 2
[21/01/2011 16:21:46] /i 2767
[21/01/2011 16:21:48] /a 5
[21/01/2011 16:22:02] /a 5
[21/01/2011 16:22:39] /r
[21/01/2011 16:22:41] /r
[21/01/2011 16:22:42] /a 1
[21/01/2011 16:22:42] /r
[21/01/2011 16:22:42] /a 1
[21/01/2011 16:22:42] /r
[21/01/2011 16:22:42] /a 1
[21/01/2011 16:22:42] /r
[21/01/2011 16:22:42] /a 1
[21/01/2011 16:22:44] /a 1
[21/01/2011 16:22:44] /r
[21/01/2011 16:22:44] /a 1
[21/01/2011 16:22:44] /r
[21/01/2011 16:22:45] /a 1
[21/01/2011 16:22:45] /r
[21/01/2011 16:22:45] /a 1
[21/01/2011 16:22:45] /r
[21/01/2011 16:22:45] /a 1
[21/01/2011 16:22:45] /r
[21/01/2011 16:22:45] /a 1
[21/01/2011 16:22:46] /r
[21/01/2011 16:22:46] /a 1
[21/01/2011 16:22:46] /r
[21/01/2011 16:22:46] /a 1
[21/01/2011 16:22:46] /r
[21/01/2011 16:22:47] /a 1
[21/01/2011 16:22:47] /r
[21/01/2011 16:22:49] /a 1
[21/01/2011 16:22:49] /r
[21/01/2011 16:22:49] /a 1
[21/01/2011 16:22:50] /r
[21/01/2011 16:22:50] /a 1
[21/01/2011 16:22:50] /r
[21/01/2011 16:22:50] /a 1
[21/01/2011 16:22:50] /r
[21/01/2011 16:22:50] /a 1
[21/01/2011 16:22:50] /r
[21/01/2011 16:22:50] /a 1
[21/01/2011 16:22:51] /r
[21/01/2011 16:22:51] /a 1
[21/01/2011 16:22:51] /r
[21/01/2011 16:22:51] /a 1
[21/01/2011 16:22:51] /r
[21/01/2011 16:22:51] /a 1
[21/01/2011 16:22:51] /r
[21/01/2011 16:22:52] /a 1
[21/01/2011 16:22:52] /r
[21/01/2011 16:22:53] /a 1
[21/01/2011 16:22:53] /r
[21/01/2011 16:22:53] /a 1
[21/01/2011 16:22:53] /r
[21/01/2011 16:22:53] /a 1
[21/01/2011 16:22:53] /r
[21/01/2011 16:22:54] /a 1
[21/01/2011 16:22:54] /r
[21/01/2011 16:22:54] /a 1
[21/01/2011 16:22:54] /r
[21/01/2011 16:22:54] /a 1
[21/01/2011 16:22:54] /r
[21/01/2011 16:22:54] /a 1
[21/01/2011 16:22:55] /r
[21/01/2011 16:22:55] /a 1
[21/01/2011 16:22:55] /r
[21/01/2011 16:22:55] /a 1
[21/01/2011 16:22:55] /r
[21/01/2011 16:22:55] /a 1
[21/01/2011 16:22:57] /a 1
[21/01/2011 16:22:57] /r
[21/01/2011 16:22:57] /a 1
[21/01/2011 16:22:57] /r
[21/01/2011 16:22:58] /a 1
[21/01/2011 16:22:58] /r
[21/01/2011 16:22:58] /a 1
[21/01/2011 16:22:58] /r
[21/01/2011 16:22:58] /a 1
[21/01/2011 16:22:58] /r
[21/01/2011 16:22:58] /a 1
[21/01/2011 16:22:58] /r
[21/01/2011 16:22:58] /a 1
[21/01/2011 16:22:59] /r
[21/01/2011 16:22:59] /a 1
[21/01/2011 16:22:59] /r
[21/01/2011 16:22:59] /a 1
[21/01/2011 16:22:59] /a 1
[21/01/2011 16:23:01] /a 1
[21/01/2011 16:23:01] /r
[21/01/2011 16:23:01] /a 1
[21/01/2011 16:23:01] /r
[21/01/2011 16:23:02] /a 1
[21/01/2011 16:23:02] /r
[21/01/2011 16:23:02] /a 1
[21/01/2011 16:23:02] /r
[21/01/2011 16:23:02] /a 1
[21/01/2011 16:23:02] /r
[21/01/2011 16:23:02] /a 1
[21/01/2011 16:23:02] /r
[21/01/2011 16:23:03] /a 1
[21/01/2011 16:23:03] /r
[21/01/2011 16:23:03] /a 1
[21/01/2011 16:23:03] /r
[21/01/2011 16:23:03] /a 1
[21/01/2011 16:23:03] /r
[21/01/2011 16:23:03] /a 1
[21/01/2011 16:23:03] /r
[21/01/2011 16:23:05] /a 1
[21/01/2011 16:23:05] /r
[21/01/2011 16:23:05] /a 1
[21/01/2011 16:23:05] /r
[21/01/2011 16:23:05] /a 1
[21/01/2011 16:23:05] /r
[21/01/2011 16:23:05] /a 1
[21/01/2011 16:23:06] /r
[21/01/2011 16:23:06] /a 1
[21/01/2011 16:23:06] /r
[21/01/2011 16:23:06] /a 1
[21/01/2011 16:23:06] /r
[21/01/2011 16:23:06] /a 1
[21/01/2011 16:23:06] /r
[21/01/2011 16:23:07] /a 1
[21/01/2011 16:23:07] /r
[21/01/2011 16:23:07] /a 1
[21/01/2011 16:23:08] /r
[21/01/2011 16:23:08] /a 1
[21/01/2011 16:23:09] /a 1
[21/01/2011 16:23:09] /a 1
[21/01/2011 16:23:09] /a 1
[21/01/2011 16:23:09] /a 1
[21/01/2011 16:23:09] /a 1
[21/01/2011 16:23:10] /r
[21/01/2011 16:23:12] /a 1
[21/01/2011 16:23:12] /r
[21/01/2011 16:23:13] /a 1
[21/01/2011 16:23:13] /r
[21/01/2011 16:23:13] /a 1
[21/01/2011 16:23:13] /r
[21/01/2011 16:23:13] /a 1
[21/01/2011 16:23:13] /r
[21/01/2011 16:23:13] /a 1
[21/01/2011 16:23:14] /r
[21/01/2011 16:23:14] /a 1
[21/01/2011 16:23:14] /r
[21/01/2011 16:23:14] /r
[21/01/2011 16:23:14] /a 1
[21/01/2011 16:23:14] /a 1
[21/01/2011 16:23:14] /r
[21/01/2011 16:23:15] /a 1
[21/01/2011 16:23:15] /r
[21/01/2011 16:23:15] /a 1
[21/01/2011 16:23:16] /r
[21/01/2011 16:23:17] /r
[21/01/2011 16:23:17] /r
[21/01/2011 16:23:17] /r
[21/01/2011 16:23:18] /r
[21/01/2011 16:23:18] /r
[21/01/2011 16:23:18] /r
[21/01/2011 16:23:18] /r
[21/01/2011 16:23:19] /r
[21/01/2011 16:23:19] /r
[21/01/2011 16:23:25] /r
[21/01/2011 16:23:28] /t
[21/01/2011 16:26:30] /goto Look Red
[21/01/2011 16:27:00] /n pokemon seller
[21/01/2011 16:27:09] /n pokemonseller
[21/01/2011 16:28:28] /t
[21/01/2011 16:28:33] /goto Bruninho
[21/01/2011 16:30:58] /b Evento esconde esconde
[21/01/2011 16:31:01] /a 80
[21/01/2011 16:31:03] /a 50
[21/01/2011 16:31:05] /a 40
[21/01/2011 16:31:20] /a 50
[21/01/2011 16:31:22] /a 50
[21/01/2011 16:31:24] /a 50
[21/01/2011 16:31:51] /a 50
[21/01/2011 16:31:56] /a 50
[21/01/2011 16:31:58] /a 40
[21/01/2011 16:32:19] /b ja me escondi
[21/01/2011 16:32:32] /b Vejo agua
[21/01/2011 16:32:42] /b estou em uma city
[21/01/2011 16:32:56] /b aki seis nunca vai me acha
[21/01/2011 16:33:00] /b pera
[21/01/2011 16:33:06] /b vo me esconde de novo
[21/01/2011 16:33:41] /b Vejo agua e umas escada de bambu
[21/01/2011 16:34:07] /b estou no mesmo lugar é uma city
[21/01/2011 16:34:14] /b vem acha eu então
[21/01/2011 16:34:34] /b estou em uma city mais n é falador
[21/01/2011 16:34:47] /b em outra city 
[21/01/2011 16:34:56] /b q tem agua em baixo dela
[21/01/2011 16:35:36] /b n to invisivel
[21/01/2011 16:35:47] /b to na camufla
[21/01/2011 16:36:25] /b vizinho wins
[21/01/2011 16:37:44] /t
[21/01/2011 16:37:56] /b vo fazer outro dessa vez mais foda
[21/01/2011 16:38:03] /ghost
[21/01/2011 16:38:19] /b Calma Lolah
[21/01/2011 16:38:51] /a 50
[21/01/2011 16:38:57] /b esconde esconde
[21/01/2011 16:38:59] /a 50
[21/01/2011 16:39:14] /a 5
[21/01/2011 16:39:16] /a 50
[21/01/2011 16:39:32] /ghost
[21/01/2011 16:39:37] /b Pronto
[21/01/2011 16:39:48] /b Esperem
[21/01/2011 16:39:52] /b todos CP
[21/01/2011 16:40:12] /t Vizinhow
[21/01/2011 16:40:23] /t Dedeco
[21/01/2011 16:40:32] /t Sexdrive
[21/01/2011 16:40:38] /b todos CP ?
[21/01/2011 16:40:52] /t Chuck Norris
[21/01/2011 16:41:07] /b Vo começar
[21/01/2011 16:41:35] /b Estou fora da city, perto de uma montanha, perto de agua, perto de um kakuna
[21/01/2011 16:41:40] /b n vo da mais dica
[21/01/2011 16:41:54] /a 2
[21/01/2011 16:41:56] /a 1
[21/01/2011 16:41:59] /a 1
[21/01/2011 16:42:03] /a 2
[21/01/2011 16:42:07] /a 2
[21/01/2011 16:42:09] /a 2
[21/01/2011 16:42:27] /i 2704
[21/01/2011 16:42:34] /i 2704/i 2704
[21/01/2011 16:42:36] /i 2704
[21/01/2011 16:42:39] /i 2704
[21/01/2011 16:42:59] /b gabriel Wins
[21/01/2011 16:43:04] /i 2160
[21/01/2011 16:43:24] /a 2
[21/01/2011 16:44:07] /t
[21/01/2011 16:44:10] /ghost
[21/01/2011 16:44:17] /b agora n city
[21/01/2011 16:44:22] /b agora n city
[21/01/2011 16:44:26] /b na*
[21/01/2011 16:44:41] /t /i 2704
[21/01/2011 16:44:46] /t Paulo
[21/01/2011 16:44:57] /a 1
[21/01/2011 16:45:03] /r
[21/01/2011 16:45:05] /r
[21/01/2011 16:45:18] /i 2702
[21/01/2011 16:45:25] /t Vizinhow
[21/01/2011 16:45:33] /b todos city ?
[21/01/2011 16:45:46] /t Fernando
[21/01/2011 16:45:53] /ghost
[21/01/2011 16:46:02] /b Ja me escondi
[21/01/2011 16:46:11] /b Vecho agua
[21/01/2011 16:46:15] /b vejo*
[21/01/2011 16:46:40] /b Luxa wins
[21/01/2011 16:46:44] /i 2160
[21/01/2011 16:47:40] /t
[21/01/2011 16:47:45] /b Chega por hj
[21/01/2011 16:47:58] /b Luxa foi na cagada
[21/01/2011 16:48:06] /kick Vizinhow
[21/01/2011 16:48:43] /kick Vizinhow
[21/01/2011 16:49:01] /t Vizinhow
[21/01/2011 16:49:30] /ghost
[21/01/2011 16:50:37] /a 50
[21/01/2011 16:56:18] /t Look red
[21/01/2011 16:56:42] /t
[21/01/2011 16:56:55] /i 2160
[21/01/2011 16:58:57] /goto Fey long
[21/01/2011 17:46:42] /t
[21/01/2011 17:48:23] /i leaf stone
