[22/01/2011 22:41:43] /a 2
[22/01/2011 22:41:43] /a 2
[22/01/2011 22:41:44] /a 2
[22/01/2011 22:41:44] /a 2
[22/01/2011 22:41:44] /a 2
[22/01/2011 22:41:45] /a 2
[22/01/2011 22:41:45] /a 2
[22/01/2011 22:41:45] /a 2
[22/01/2011 22:41:46] /a 2
[22/01/2011 22:41:47] /a 2
[22/01/2011 22:41:48] /a 2
[22/01/2011 22:41:48] /a 2
[22/01/2011 22:41:48] /a 2
[22/01/2011 22:41:49] /a 2
[22/01/2011 22:41:49] /a 2
[22/01/2011 22:41:50] /a 2
[22/01/2011 22:41:52] /a 2
[22/01/2011 22:42:31] /i 2146
[22/01/2011 22:43:46] /addskill Brunin, level, 1
[22/01/2011 22:43:47] /addskill Brunin, level, 1
[22/01/2011 22:43:49] /addskill Brunin, level, 1
[22/01/2011 22:43:50] /addskill Brunin, level, 1
[22/01/2011 22:43:51] /addskill Brunin, level, 1
[22/01/2011 22:43:51] /addskill Brunin, level, 1
[22/01/2011 22:43:52] /addskill Brunin, level, 1
[22/01/2011 22:44:21] /n nurse
[22/01/2011 22:44:24] /r
[22/01/2011 22:44:31] /addskill Brunin, level, 10
[22/01/2011 22:44:49] /i heart stone
[22/01/2011 22:46:14] /m raticate s
[22/01/2011 22:48:15] /m rattata s
[22/01/2011 22:48:30] /m rattata s
[22/01/2011 22:48:47] /i heart stone
[22/01/2011 22:49:04] /i leaf stone
[22/01/2011 22:53:06] /a 4
[22/01/2011 22:53:06] /a 4
[22/01/2011 22:53:07] /a 4
[22/01/2011 22:56:30] /r
[22/01/2011 22:56:31] /r
[22/01/2011 22:56:33] /r
[19/10/2011 11:29:36] /a 12
[19/10/2011 11:33:05] /m rattata, 12
[19/10/2011 11:33:25] /r
[19/10/2011 11:33:28] /n nurse
[19/10/2011 11:33:30] /r
[19/10/2011 11:33:38] /m rattta, 7
[19/10/2011 11:33:42] /m rattata, 7
[19/10/2011 11:34:00] /m bellsprout, 9
[19/10/2011 11:34:41] /n nurse
[19/10/2011 11:34:50] /r
[19/10/2011 11:35:37] /i poke ball
[19/10/2011 11:35:39] /i poke balls
[19/10/2011 11:35:42] /i pokeballs
[19/10/2011 11:35:43] /i pokeball
[19/10/2011 11:35:48] /i 2190
[19/10/2011 11:35:50] /i 2191
[19/10/2011 11:35:51] /i 2192
[19/10/2011 11:35:52] /i 2193
[19/10/2011 11:35:57] /i 2391
[19/10/2011 11:36:06] /i 2392
[19/10/2011 11:36:07] /i 2393
[19/10/2011 11:36:09] /i 2394
[19/10/2011 11:36:15] /m pidgey, 7
[19/10/2011 11:36:40] /m oddish, 11
[19/10/2011 11:37:30] /a 12
[19/10/2011 11:37:31] /a 12
[19/10/2011 11:37:32] /a 12
[19/10/2011 11:37:32] /a 12
[19/10/2011 11:37:33] /a 12
[19/10/2011 11:37:34] /a 12
[19/10/2011 11:37:46] /m oddish, 11
[19/10/2011 11:41:42] /m charizard, 32
[19/10/2011 11:45:46] /m charizard, 40
[19/10/2011 11:48:53] /m charizard, 33
[19/10/2011 11:55:02] /n nurse
[19/10/2011 11:55:41] /n nurse
[19/10/2011 11:55:43] /r
[19/10/2011 11:55:48] /m bellsprout, 12
[19/10/2011 11:56:14] /n nurse
[19/10/2011 11:56:16] /r
[19/10/2011 11:56:20] /i 2393
[19/10/2011 11:58:00] /m bellsprout, 12
[19/10/2011 11:58:47] /m oddish, 10
[19/10/2011 11:59:13] /m pidgey, 10
[19/10/2011 11:59:36] /i 2394
[19/10/2011 11:59:39] /n nurse
[19/10/2011 11:59:40] /r
[19/10/2011 11:59:47] /m caterpie, 9
[19/10/2011 12:00:26] /m abra, 9
[19/10/2011 12:01:01] /m metapod, 9
[19/10/2011 12:02:53] /m abra, 12
[19/10/2011 12:03:42] /m kadabra, 14
[19/10/2011 12:03:46] /i 1285
[19/10/2011 12:03:47] /i 1285
[19/10/2011 12:04:56] /m kadabra, 14
[19/10/2011 12:05:10] /m kadabra, 25
[19/10/2011 12:05:42] /m kadabra, 33
[19/10/2011 12:06:02] /m kadabra, 15
[19/10/2011 12:06:37] /m kadabra, 45
[19/10/2011 12:07:29] /m blastoise, 40
[19/10/2011 12:08:17] /m victreebel, 42
[19/10/2011 12:08:29] /m victreebel, 43
[19/10/2011 12:09:20] /n nurse
[19/10/2011 12:09:22] /r
[19/10/2011 12:09:25] /m venusaur, 70
[19/10/2011 12:09:49] /m venusaur, 8
[19/10/2011 12:09:57] /r
[19/10/2011 12:10:00] /m venusaur, 80
[19/10/2011 12:10:23] /a 2
[19/10/2011 12:10:32] /a 3
[19/10/2011 12:10:36] /n nurse
[19/10/2011 12:11:35] /m onix, 49
[19/10/2011 12:12:45] /m onix, 50
[19/10/2011 12:18:35] /m onix, 31
[19/10/2011 12:19:32] /m victreebel, 40
[20/10/2011 18:00:49] /r
[20/10/2011 18:00:51] /r
[20/10/2011 18:05:10] /m raticate, 20
[20/10/2011 18:05:17] /r
[20/10/2011 18:09:37] /n nurse
[20/10/2011 18:09:39] /r
[20/10/2011 18:09:41] /m raticate, 12
[20/10/2011 18:09:58] /n nurse
[20/10/2011 18:09:59] /r
[20/10/2011 18:10:53] /n nurse
[20/10/2011 18:10:55] /r
[20/10/2011 18:11:00] /i 2393
[20/10/2011 18:11:09] /m bellsprout, 14
[20/10/2011 18:11:16] /m bellsprout, 14
[20/10/2011 18:11:46] /m bellsprout, 15
[20/10/2011 18:11:46] /m bellsprout, 15
[20/10/2011 18:11:47] /m bellsprout, 15
[20/10/2011 18:12:28] /m bellsprout, 13
[20/10/2011 18:12:42] /m bellsprout, 12
[20/10/2011 18:12:49] /m bellsprout, 1
[20/10/2011 18:12:56] /m bellsprout, 1
[20/10/2011 18:13:09] /m bellsprout, 11
[20/10/2011 18:15:10] /n nurse
[20/10/2011 18:15:25] /r
[20/10/2011 18:15:27] /m venusaur, 34
[20/10/2011 18:15:34] /m venusaur, 34
[20/10/2011 18:16:40] /m venusaur, 34
[20/10/2011 18:17:00] /m bellsprout, 14
[20/10/2011 18:20:08] /m ivysaur, 25
[20/10/2011 18:20:37] /n nurse
[20/10/2011 18:20:40] /r
[20/10/2011 18:20:49] /m bulbasaur, 18
[20/10/2011 18:21:07] /m raticate, 16
[20/10/2011 18:22:18] /m venusaur, 43
[20/10/2011 18:24:55] /m venusaur, 25
[20/10/2011 18:25:43] /m machamp, 16
[20/10/2011 18:27:00] /m snorlax, 12
[20/10/2011 18:29:30] /m dragonite, 14
[20/10/2011 18:32:44] /m dragonite, 20
[20/10/2011 18:37:10] /m dragonite, 30
[20/10/2011 18:38:41] /m dragonite, 60
[20/10/2011 18:38:56] /n nurse
[20/10/2011 18:38:58] /r
[20/10/2011 18:39:58] /addskill brunin, level, 50
[20/10/2011 18:40:07] /m snorlax, 100
[20/10/2011 18:40:14] /m snorlax, 100
[20/10/2011 18:40:18] /m snorlax, 100
[20/10/2011 18:40:45] /m snorlax, 100
[20/10/2011 18:40:45] /m snorlax, 100
[20/10/2011 18:40:46] /m snorlax, 100
[20/10/2011 18:40:46] /m snorlax, 100
[20/10/2011 18:40:47] /m snorlax, 100
[20/10/2011 18:41:19] /m machop, 20
[20/10/2011 18:41:28] /m machop, 20
[20/10/2011 18:41:50] /m bellsprout, 20
[20/10/2011 18:41:56] /m bellsprout, 20
[20/10/2011 18:46:28] /m pidgeotto, 19
[20/10/2011 18:46:47] /m pidgeotto, 20
[20/10/2011 18:46:59] /m pidgeotto, 20
[20/10/2011 18:47:15] /m pidgeotto, 20
[20/10/2011 18:52:41] /m snorlax, 20
[20/10/2011 18:53:22] /m snorlax, 20
[20/10/2011 19:07:18] /m snorlax, 20
[20/10/2011 19:08:19] /m snorlax, 20
[20/10/2011 19:12:02] /m snorlax
[20/10/2011 19:12:09] /r
[20/10/2011 19:12:11] /n nurse
[20/10/2011 19:12:12] /r
[20/10/2011 19:12:16] /m snorlax, 20
[20/10/2011 19:14:07] /m snorlax, 20
[20/10/2011 19:15:39] /m snorlax, 20
[20/10/2011 19:16:55] /m snorlax, 20
[20/10/2011 19:18:50] /m snorlax, 20
[20/10/2011 19:19:41] /m snorlax, 20
[20/10/2011 19:20:29] /m snorlax, 20
[20/10/2011 19:21:05] /m snorlax, 20
[20/10/2011 19:21:37] /m snorlax, 100
[20/10/2011 19:21:48] /m snorlax, 100
[20/10/2011 19:22:08] /m snorlax, 20
[20/10/2011 19:23:07] /addskill burnin, level, 100
[20/10/2011 19:23:16] /addskill brunin, level, 100
[20/10/2011 19:23:20] /m snorlax, 100
[20/10/2011 19:23:23] /m snorlax, 100
[20/10/2011 19:23:26] /m snorlax, 100
[20/10/2011 19:23:35] /m snorlax, 100
[20/10/2011 19:23:36] /m snorlax, 100
[20/10/2011 19:23:36] /m snorlax, 100
[20/10/2011 19:24:12] /m snorlax, 100
[20/10/2011 19:24:24] /m snorlax, 100
[20/10/2011 19:25:18] /m charizard, 100
[20/10/2011 19:25:56] /m golbat, 100
[20/10/2011 19:26:31] /m rattata, 15, 1000
[20/10/2011 19:26:35] /r
[20/10/2011 19:27:12] /m snorlax, 100
[20/10/2011 19:27:16] /m snorlax, 100
[20/10/2011 19:27:19] /m snorlax, 100
[20/10/2011 19:27:23] /m snorlax, 100
[20/10/2011 19:27:36] /m snorlax, 100
[20/10/2011 19:27:47] /m snorlax, 100
[20/10/2011 19:33:26] /m venusaur, 100
[20/10/2011 19:35:15] /m snorlax, 100
[20/10/2011 19:35:30] /r
[20/10/2011 19:35:49] /m snorlax, 100
[20/10/2011 19:36:41] /i heart stone
[20/10/2011 19:36:53] /i heart stone
[20/10/2011 19:37:02] /i heart stone
[20/10/2011 19:38:32] /i heart stone
[20/10/2011 19:38:43] /m snorlax, 100
[20/10/2011 19:39:58] /m snorlax, 100
[20/10/2011 19:40:34] /m bellsprout, 10
[20/10/2011 19:40:47] /m bellsprout, 10
[20/10/2011 19:41:00] /m bellsprout, 10
[20/10/2011 19:41:16] /m bellsprout, 10
[20/10/2011 19:41:31] /m bellsprout, 10
[20/10/2011 19:41:52] /m bellsprout, 10
[20/10/2011 19:42:08] /m bellsprout, 10
[20/10/2011 19:42:23] /n nurse
[20/10/2011 19:42:25] /r
[20/10/2011 19:43:48] /m bellsprout, 10
[20/10/2011 19:44:04] /m weepinbell, 14
[21/10/2011 17:57:03] /a 3
[21/10/2011 17:57:03] /a 3
[21/10/2011 17:57:04] /a 3
[21/10/2011 23:23:23] /m snorlax, 100
[21/10/2011 23:23:49] /m ivysaur, 100
[21/10/2011 23:24:24] /m ivysaur, 100
[21/10/2011 23:24:52] /m snorlax
[21/10/2011 23:24:55] /m snorlax
[21/10/2011 23:25:01] /m ivysaur, 100
[21/10/2011 23:25:04] /m ivysaur, 100
[21/10/2011 23:25:08] /m ivysaur, 100
[21/10/2011 23:25:11] /m ivysaur, 100
[21/10/2011 23:25:40] /m charizard, 100
[21/10/2011 23:26:37] /m togepi
[21/10/2011 23:26:44] /r
[21/10/2011 23:26:49] /m slowbro
[21/10/2011 23:26:55] /m slowking
[21/10/2011 23:27:05] /m scizor
[21/10/2011 23:27:18] /r
[21/10/2011 23:27:19] /r
[21/10/2011 23:27:23] /m steelix, 100
[21/10/2011 23:27:45] /m ursaring
[21/10/2011 23:27:49] /m tyranitar
[21/10/2011 23:28:20] /r
[21/10/2011 23:28:22] /r
[21/10/2011 23:28:22] /r
[21/10/2011 23:28:57] /m onix, 39
[21/10/2011 23:29:47] /s kabutops
[21/10/2011 23:29:54] /m aerodactyl, 51
[21/10/2011 23:30:10] /m aerodactyl, 51
[22/10/2011 15:58:06] /i pokemon prize box +1
[22/10/2011 15:58:14] /i pokemon prize box +3
[22/10/2011 15:58:42] /i pokemon prize box +3
[22/10/2011 15:59:11] /m graveler, 30
[22/10/2011 16:07:21] /m ivysaur, 30
[22/10/2011 16:08:19] /m charmeleon, 30
[22/10/2011 16:11:05] /m wartortle, 30
[22/10/2011 16:11:41] /m clefable, 30
[22/10/2011 16:12:32] /m wiglytuff, 30
[22/10/2011 16:12:37] /m wigglytuff, 30
[22/10/2011 16:16:57] /m wigglytuff, 30
[22/10/2011 16:18:12] /m wigglytuff, 30
[22/10/2011 16:18:40] /m wigglytuff, 30
[22/10/2011 17:16:41] /m wigglytuff, 30
[22/10/2011 17:30:41] /n nurse
[22/10/2011 17:30:43] /r
[22/10/2011 18:01:16] /m clefable, 30
[22/10/2011 18:01:22] /r
[22/10/2011 18:03:00] /m clefable, 30
[22/10/2011 18:03:05] /r
[22/10/2011 18:06:44] /m clefable, 30
[22/10/2011 18:06:58] /r
[22/10/2011 18:07:19] /m wigglytuff, 30
[22/10/2011 18:08:45] /n nurse
[22/10/2011 18:08:47] /r
[22/10/2011 18:09:57] /m wigglytuff, 30
[22/10/2011 18:11:22] /r
[22/10/2011 18:14:25] /m wigglytuff, 30
[22/10/2011 18:14:26] /n nurse
[22/10/2011 18:14:28] /r
[22/10/2011 18:16:05] /n nurse
[22/10/2011 18:16:08] /r
[22/10/2011 18:18:09] /n nurse
[22/10/2011 18:18:11] /r
[22/10/2011 18:28:40] /m wigglytuff, 30
[22/10/2011 18:28:50] /r
[22/10/2011 18:29:19] /m wigglytuff, 30
[22/10/2011 18:31:49] /m wigglytuff, 30
[22/10/2011 20:04:04] /i pokemon prize box +1
[22/10/2011 20:04:16] /t
[22/10/2011 20:05:23] /i pokemon prize box +1
[22/10/2011 20:05:42] /i pokemon prize box +1
[22/10/2011 20:07:05] /i pokemon prize box +1
[22/10/2011 20:07:16] /i pokemon prize box +1
[22/10/2011 20:07:33] /m magikarp, 1
[22/10/2011 20:07:41] /m magikarp, 1
[22/10/2011 20:07:45] /i ultra ball
[22/10/2011 20:08:17] /m magikarp, 1
[22/10/2011 20:12:49] /i pokemon prize box +1
[22/10/2011 20:13:51] /i pokemon prize box +1
[22/10/2011 20:16:29] /a 4
[22/10/2011 20:18:27] /a 44
[22/10/2011 20:22:46] /a 44
[22/10/2011 20:26:42] /n namer
[22/10/2011 20:26:43] /n name
[23/10/2011 03:11:15] /m snorlax, 100
[23/10/2011 03:13:38] /m snorlax, 100
[23/10/2011 03:16:49] /m snorlax, 100
[23/10/2011 03:16:54] /r
[23/10/2011 03:17:53] /m snorlax, 100
[23/10/2011 03:18:55] /m ivysaur, 100
[23/10/2011 03:21:31] /m ivysaur, 100
[23/10/2011 03:23:35] /m ivysaur, 100
[23/10/2011 03:24:14] /m ivysaur, 100
[23/10/2011 03:24:52] /m ivysaur, 100
[23/10/2011 03:25:27] /m ivysaur, 100
[23/10/2011 03:27:25] /m snorlax, 100
[23/10/2011 03:28:16] /m ivysaur, 100
[23/10/2011 03:28:35] /m ivysaur, 100
[23/10/2011 03:29:37] /m ivysaur, 100
[23/10/2011 03:30:03] /m ivysaur, 100
[23/10/2011 03:30:43] /m venusaur, 100
[23/10/2011 03:30:47] /m venusaur, 100
[23/10/2011 03:30:56] /m venusaur, 100
[23/10/2011 03:31:43] /m ivysaur, 100
[23/10/2011 03:33:39] /m ivysaur, 200
[23/10/2011 03:34:19] /m ivysaur, 100
[23/10/2011 03:36:55] /m ivysaur, 20
[23/10/2011 03:37:32] /m ivysaur, 100
[23/10/2011 03:42:06] /t
[23/10/2011 16:37:31] /r
[23/10/2011 16:37:33] /r
[23/10/2011 16:37:33] /r
[23/10/2011 16:37:42] /m bellsprout, 100
[23/10/2011 16:37:50] /m bellsprout, 12
[23/10/2011 16:38:00] /m venusaur, 12
[23/10/2011 16:38:06] /m venusaur, 100
[23/10/2011 16:42:56] /a 2
[23/10/2011 16:43:09] /a 44
[23/10/2011 16:43:09] /a 44
[23/10/2011 16:43:10] /a 44
[23/10/2011 16:43:11] /a 44
[23/10/2011 16:43:39] /i wall
[23/10/2011 16:43:41] /i 1111
[23/10/2011 16:44:28] /a 2
[23/10/2011 16:44:37] /a 2
[23/10/2011 16:44:51] /t
[23/10/2011 16:45:36] /m venusaur, 50
[23/10/2011 16:46:34] /m venusaur, 50
[23/10/2011 16:48:02] /m venusaur, 50
[23/10/2011 16:48:59] /m venusaur,  50
[23/10/2011 16:49:16] /m venusaur, 50
[23/10/2011 16:49:24] /m venusaur, 50
[23/10/2011 16:50:06] /m venusaur, 100
[23/10/2011 16:50:12] /m venusaur, 100
[23/10/2011 16:59:54] /m pidgeot, 52
[23/10/2011 17:00:27] /m fearow, 67
[23/10/2011 17:00:28] /m fearow, 67
[23/10/2011 17:00:28] /m fearow, 67
[23/10/2011 17:00:43] /a 2
[23/10/2011 17:00:43] /a 2
[23/10/2011 17:00:43] /a 2
[23/10/2011 17:00:45] /a 20
[23/10/2011 17:00:46] /ghost
[23/10/2011 17:02:04] /m victreebel, 100
[23/10/2011 17:02:22] /ghost
[23/10/2011 17:03:50] /m victreebel, 100
[23/10/2011 17:05:10] /n nurse
[23/10/2011 17:05:12] /r
[23/10/2011 17:05:25] /m victreebel, 100
[23/10/2011 17:05:54] /m victreebel, 40
[23/10/2011 17:06:12] /m bellsprout, 2
[23/10/2011 17:06:22] /m venusaur, 100
[23/10/2011 17:07:16] /n nurse
[23/10/2011 17:07:18] /r
[23/10/2011 17:16:19] /m victreebel, 45
[23/10/2011 17:16:46] /n nurse
[23/10/2011 17:16:47] /r
[23/10/2011 17:17:06] /m weepinbell, 51
[23/10/2011 17:17:16] /m weepinbell, 60
[23/10/2011 17:17:43] /m weepinbell, 33
[23/10/2011 17:17:55] /m gloom, 29
[23/10/2011 17:18:06] /m gloom, 41
[23/10/2011 17:18:25] /n nurse
[23/10/2011 17:18:27] /r
[23/10/2011 17:18:30] /m fearow, 45
[23/10/2011 17:18:38] /n nurse
[23/10/2011 17:19:09] /m fearow, 33
[23/10/2011 17:19:46] /m venusaur, 100
[23/10/2011 17:19:50] /m venusaur, 100
[23/10/2011 17:26:18] /m charizard, 100
[23/10/2011 17:41:06] /m caterpie, 2
[23/10/2011 17:42:00] /m caterpie, 4
[23/10/2011 17:42:25] /m pidgey, 7
[23/10/2011 17:42:44] /n nurse
[23/10/2011 17:43:36] /m weedle, 4
[23/10/2011 17:44:00] /m caterpie, 2
[23/10/2011 17:44:12] /m caterpie, 1
[23/10/2011 17:44:37] /m caterpie, 1
[23/10/2011 17:45:05] /m pidgey, 7
[24/10/2011 14:39:29] /m pidgey, 14
[24/10/2011 14:40:09] /m pidgey, 15
[24/10/2011 14:40:39] /m metapod, 7
[24/10/2011 14:44:11] /m pidgeotto, 10
[24/10/2011 14:45:01] /n nurse
[24/10/2011 14:45:02] /r
[24/10/2011 14:46:22] /m pidgeotto, 14
[24/10/2011 14:47:14] /m pidgey, 16
[24/10/2011 15:06:46] /m pidgeotto, 10
[24/10/2011 15:07:08] /a 5
[24/10/2011 15:07:43] /n nurse
[24/10/2011 15:07:45] /r
[24/10/2011 15:07:49] /m spearow, 13
[24/10/2011 15:08:44] /m pidgeot, 28
[24/10/2011 15:09:08] /r
[24/10/2011 15:09:09] /r
[24/10/2011 15:09:10] /n nurse
[24/10/2011 15:09:12] /r
[24/10/2011 15:09:17] /m fearow, 27
[24/10/2011 15:09:53] /r
[24/10/2011 16:04:05] /m spearow, 15
[24/10/2011 16:04:23] /m venusaur, 100
[24/10/2011 16:04:46] /n nurse
[24/10/2011 16:04:48] /r
[24/10/2011 16:05:40] /n nurse
[24/10/2011 16:05:42] /r
[24/10/2011 16:05:48] /m venusaur, 50
[24/10/2011 16:06:15] /m venusaur, 61
[24/10/2011 16:10:11] /m dratini, 12
[24/10/2011 16:10:40] /m dratini, 12
[24/10/2011 16:10:40] /m dratini, 12
[24/10/2011 16:10:41] /m dratini, 12
[24/10/2011 16:10:41] /m dratini, 12
[24/10/2011 16:10:41] /m dratini, 12
[24/10/2011 16:10:42] /m dratini, 12
[24/10/2011 16:10:42] /m dratini, 12
[24/10/2011 16:10:42] /m dratini, 12
[24/10/2011 22:54:21] /m pidgeot, 23
[24/10/2011 22:55:39] /m pidgeot, 31
[24/10/2011 22:56:08] /m fearow, 41
[24/10/2011 22:56:54] /m pidgeot, 41
[24/10/2011 22:57:28] /m fearow, 50
[24/10/2011 22:58:27] /m pidgeotto, 27
[24/10/2011 22:58:46] /m pidgeot, 35
[27/10/2011 17:18:30] /m spearow, 14
[27/10/2011 17:19:05] /m pidgey, 15
[27/10/2011 17:19:58] /i pokeball, 20
[27/10/2011 17:20:02] /i 2393, 20
[27/10/2011 17:20:06] /m pidgeotto, 5
[27/10/2011 17:20:51] /m caterpie, 2
[27/10/2011 17:21:14] /m caterpie, 2
[27/10/2011 17:24:07] /m geodude, 12
[27/10/2011 17:24:24] /r
[27/10/2011 17:24:40] /m diglett, 1
[27/10/2011 17:25:20] /i 2391
[27/10/2011 17:25:23] /i 2392
[27/10/2011 17:26:00] /m fearow, 51
[27/10/2011 17:26:55] /m fearow, 51
[27/10/2011 17:27:27] /m pidgeot, 49
[27/10/2011 17:27:43] /m fearow, 61
[27/10/2011 17:28:36] /m lapras, 37
[27/10/2011 17:31:05] /m graveler, 30
[27/10/2011 17:31:24] /m graveler, 29
[27/10/2011 17:31:40] /m golem, 38
[27/10/2011 17:32:30] /m golem, 46
[27/10/2011 17:33:21] /m graveler, 35
[27/10/2011 17:33:45] /m graveler, 40
[27/10/2011 17:34:01] /m onix, 34
[27/10/2011 17:34:36] /m golem, 36
[27/10/2011 17:34:57] /m golem, 60
[27/10/2011 23:34:38] /t
[27/10/2011 23:36:52] /m ivysaur
[27/10/2011 23:37:56] /m alakazam, 52
[27/10/2011 23:38:20] /m alakazam, 70
[27/10/2011 23:38:48] /m machamp, 62
[27/10/2011 23:39:17] /m haunter, 45
[27/10/2011 23:39:31] /m venusaur, 45
[27/10/2011 23:41:32] /a 2
[27/10/2011 23:41:43] /m magneton, 45
[27/10/2011 23:42:40] /r
[28/10/2011 15:43:16] /i 483
[28/10/2011 15:43:18] /r
[28/10/2011 15:43:20] /r
[28/10/2011 15:45:20] /i 1285
[28/10/2011 16:48:33] /i metal coat
[28/10/2011 16:48:37] /i rock stone
[28/10/2011 22:31:31] /i pokemon prize box + 1
[28/10/2011 22:31:32] /i pokemon prize box +1
[28/10/2011 22:34:45] /i pokemon prize box +1
[28/10/2011 22:36:48] /i pokemon prize box +2
[28/10/2011 22:36:50] /i pokemon prize box +3
[28/10/2011 22:36:51] /i pokemon prize box +4
[28/10/2011 22:37:01] /t
[28/10/2011 22:37:19] /m geodude, 12
[28/10/2011 22:42:25] /i water stone
[28/10/2011 22:42:50] /m graveler, 20
[28/10/2011 22:43:28] /n nurse
[28/10/2011 22:43:30] /r
[28/10/2011 22:43:33] /m geodude, 16
[28/10/2011 22:46:16] /i pokemon prize box +3
[28/10/2011 22:46:26] /i pokemon prize box +3
[28/10/2011 22:46:30] /i pokemon prize box +4
[28/10/2011 22:46:34] /i pokemon prize box +4
[28/10/2011 22:46:35] /i pokemon prize box +4
[28/10/2011 22:48:22] /i 2383
[28/10/2011 22:51:09] /m golem, 30
[28/10/2011 22:51:31] /m golem, 30
[28/10/2011 22:52:19] /m golem, 42
[28/10/2011 22:52:19] /m golem, 42
[28/10/2011 22:52:39] /m onix, 52
[28/10/2011 22:52:51] /m onix, 52
[28/10/2011 22:54:18] /m onix, 52
[28/10/2011 22:54:50] /m onix, 52
[28/10/2011 22:55:18] /m golem, 44
[28/10/2011 22:55:50] /m graveler, 12
[28/10/2011 22:57:49] /m geodude, 12
[28/10/2011 22:59:41] /m geodude, 13
[28/10/2011 23:42:03] /m pidgeot, 50
[28/10/2011 23:43:42] /m pidgeot, 50
[28/10/2011 23:44:32] /m charizard, 45
[28/10/2011 23:44:56] /m arcanine, 60
[28/10/2011 23:45:04] /n nurse
[28/10/2011 23:45:07] /r
[28/10/2011 23:45:52] /n nurse
[28/10/2011 23:45:54] /r
[28/10/2011 23:46:29] /m victreebel, 50
[28/10/2011 23:46:49] /m victreebel, 40
[28/10/2011 23:47:20] /m bictreebel, 34
[28/10/2011 23:47:24] /m victreebel, 34
[28/10/2011 23:48:05] /m venusaur, 45
[28/10/2011 23:48:33] /n nurse
[28/10/2011 23:48:35] /r
[28/10/2011 23:48:52] /m arbok, 27
[28/10/2011 23:49:30] /m shellder, 12
[28/10/2011 23:49:41] /m shellder, 12
[28/10/2011 23:50:24] /m pidgeotto, 16
[28/10/2011 23:51:30] /m pidgeotto, 20
[28/10/2011 23:52:44] /m venusaur, 40
[28/10/2011 23:55:52] /t
[28/10/2011 23:56:23] /m venusaur, 50
[28/10/2011 23:56:44] /m sandslash, 45
[28/10/2011 23:57:52] /m blastoise, 60
[28/10/2011 23:58:23] /m blastoise, 100
[28/10/2011 23:58:48] /n nurse
[28/10/2011 23:58:53] /r
[28/10/2011 23:59:40] /m wartortle, 100
[28/10/2011 23:59:52] /n nurse
[28/10/2011 23:59:53] /r
[29/10/2011 00:03:43] /m caterpie, 4
[29/10/2011 00:06:22] /m graveler, 30
[29/10/2011 00:08:03] /m graveler, 30
[29/10/2011 00:08:04] /r
[29/10/2011 14:11:57] /m clefable, 24
[29/10/2011 14:12:28] /m graveler, 30
[29/10/2011 14:27:23] /m tauros, 25
[29/10/2011 14:27:39] /m tauros, 25
[29/10/2011 15:25:56] /m gengar, 50
[29/10/2011 15:28:38] /m tauros, 40
[29/10/2011 15:29:39] /m tauros, 40
[29/10/2011 15:30:35] /m tauros, 50
[29/10/2011 15:31:01] /m tauros
[29/10/2011 15:31:57] /m tauros, 40
[29/10/2011 15:32:17] /m tauros, 40
[29/10/2011 15:32:55] /m tauros, 40
[29/10/2011 15:33:34] /m aerodactyl
[29/10/2011 15:33:59] /m tauros, 40
[29/10/2011 15:34:43] /m tauros, 40
[29/10/2011 15:37:56] /m tauros, 40
[29/10/2011 15:41:27] /m tauros, 10
[29/10/2011 15:41:30] /n nurse
[29/10/2011 15:41:32] /r
[29/10/2011 15:42:24] /m tauros, 40
[29/10/2011 15:44:00] /n nurse
[29/10/2011 15:44:15] /r
[29/10/2011 15:44:16] /r
[29/10/2011 15:44:16] /r
[29/10/2011 15:44:18] /r
[29/10/2011 15:44:20] /r
[29/10/2011 15:44:22] /r
[29/10/2011 15:44:25] /r
[29/10/2011 15:44:26] /r
[29/10/2011 15:44:27] /r
[29/10/2011 15:44:27] /r
[29/10/2011 15:44:28] /r
[29/10/2011 15:44:29] /r
[29/10/2011 15:44:31] /r
[29/10/2011 15:45:00] /a 1
[29/10/2011 15:45:03] /a 3
[29/10/2011 15:45:12] /a 3
[29/10/2011 15:45:16] /a 3
[29/10/2011 15:45:19] /a 3
[29/10/2011 15:45:40] /a 3
[29/10/2011 15:48:51] /m tauros, 40
[29/10/2011 15:52:13] /m tauros, 40
[29/10/2011 15:53:49] /m tauros, 40
[29/10/2011 15:54:25] /m tauros, 40
[29/10/2011 15:54:26] /ghost
[29/10/2011 15:54:50] /m tauros, 40
[29/10/2011 15:54:52] /ghost
[29/10/2011 15:57:09] /ghost
[29/10/2011 15:57:13] /m electabuzz, 10
[29/10/2011 15:59:09] /ghost
[29/10/2011 16:18:29] /m tauros, 40
[29/10/2011 16:18:30] /ghost
[29/10/2011 16:21:55] /n nurse
[29/10/2011 16:21:57] /r
[29/10/2011 16:21:58] /ghost
[29/10/2011 16:22:01] /m tauros, 40
[29/10/2011 16:23:52] /m tauros, 40
[29/10/2011 16:24:10] /n nurse
[29/10/2011 16:24:11] /r
[29/10/2011 19:55:03] /m kadabra, 34
[29/10/2011 19:56:02] /m kadabra, 34
[29/10/2011 19:56:54] /m kadabra, 34
[29/10/2011 19:57:10] /m kadabra, 34
[29/10/2011 19:57:24] /m kadabra, 34
[29/10/2011 19:57:37] /m kadabra, 50
[29/10/2011 19:58:44] /m alakazam, 50
[29/10/2011 19:58:58] /m alakazam, 50
[29/10/2011 20:02:10] /n nurse
[29/10/2011 20:02:14] /m alakazam, 10
[29/10/2011 20:02:22] /m alakazam, 10
[29/10/2011 20:02:50] /m alakazam, 15
[29/10/2011 20:03:43] /m venusaur, 34
[29/10/2011 20:03:52] /m venusaur, 34
[29/10/2011 20:09:07] /m onix
[29/10/2011 20:10:18] /n nurse
[29/10/2011 23:45:51] /m pinsir, 28
[29/10/2011 23:47:06] /m tauros, 50
[29/10/2011 23:47:30] /m tauros, 40
[29/10/2011 23:47:52] /m charizard, 52
[29/10/2011 23:51:22] /m charizard, 30
[29/10/2011 23:51:53] /m charizard, 34
[29/10/2011 23:52:44] /m onix, 40
[30/10/2011 12:04:17] /i 1111
[30/10/2011 12:04:20] /i 1111
[30/10/2011 12:04:21] /i 1111
[30/10/2011 12:04:21] /i 1111
[30/10/2011 12:04:22] /i 1111
[30/10/2011 12:04:23] /i 1111
[30/10/2011 12:04:23] /i 1111
[30/10/2011 12:04:25] /r
[30/10/2011 12:04:26] /i 1111
[30/10/2011 12:04:27] /i 1111
[30/10/2011 12:04:28] /i 1111
[30/10/2011 12:04:30] /i 1111
[30/10/2011 12:04:31] /i 1111
[30/10/2011 12:04:32] /a 2
[30/10/2011 12:04:33] /i 1111
[30/10/2011 12:04:36] /r
[30/10/2011 12:04:46] /i 1111
[30/10/2011 12:04:51] /m kadabra, 30
[30/10/2011 12:08:59] /n nurse
[30/10/2011 12:09:02] /r
[30/10/2011 12:19:42] /m alakazam, 30
[30/10/2011 12:20:29] /r
[30/10/2011 12:20:33] /i 1111
[30/10/2011 12:20:44] /m abra, 13
[30/10/2011 12:21:01] /m abra, 14
[30/10/2011 12:21:12] /m abra, 16
[30/10/2011 12:21:36] /m abra, 15
[30/10/2011 12:21:44] /m abra, 18
[30/10/2011 12:22:03] /m abra, 20
[30/10/2011 12:22:19] /m abra, 25
[30/10/2011 12:22:49] /n nurse
[30/10/2011 12:22:50] /r
[30/10/2011 12:22:54] /m abra, 14
[30/10/2011 12:23:15] /m abra, 22
[30/10/2011 12:23:31] /m kadabra, 23
[30/10/2011 12:24:10] /n nurse
[30/10/2011 12:24:12] /r
[30/10/2011 12:24:20] /m abra, 24
[30/10/2011 12:24:39] /m abra, 24
[30/10/2011 12:24:53] /m abra, 23
[30/10/2011 12:25:21] /m kadabra, 20
[30/10/2011 12:25:45] /m alakazam, 55
[30/10/2011 12:26:41] /m alakazam, 55
[30/10/2011 12:32:31] /n nurse
[30/10/2011 12:32:32] /r
[30/10/2011 12:33:02] /m kadabra, 24
[30/10/2011 12:33:18] /m kadabra, 23
[30/10/2011 12:33:41] /m kadabra, 24
[30/10/2011 12:33:54] /m hypno, 31
[30/10/2011 12:34:22] /m drowzee, 24
[30/10/2011 12:39:21] /m drowzee, 32
[30/10/2011 12:39:55] /m abra, 16
[30/10/2011 12:40:01] /m kadabra, 21
[30/10/2011 12:42:07] /m kadabra, 25
[30/10/2011 12:46:50] /n nurse
[30/10/2011 12:46:52] /r
[30/10/2011 12:46:58] /m kadabra, 25
[30/10/2011 12:47:06] /n nurse
[30/10/2011 12:47:54] /m kadabra, 25
[30/10/2011 12:50:41] /m charizard, 25
[30/10/2011 12:50:54] /r
[30/10/2011 12:50:58] /m charmeleon, 25
[30/10/2011 13:46:26] /m drowzee, 25
[30/10/2011 13:49:44] /m drowzee, 27
[30/10/2011 13:50:25] /m charmander, 12
[30/10/2011 13:50:26] /m charmander, 12
[30/10/2011 13:50:26] /m charmander, 12
[30/10/2011 13:50:26] /m charmander, 12
[30/10/2011 13:50:27] /m charmander, 12
[30/10/2011 13:50:27] /m charmander, 12
[30/10/2011 13:59:47] /m charmander, 12
[30/10/2011 14:00:37] /m charmander, 12
[30/10/2011 14:01:00] /m charmander, 12
[30/10/2011 14:05:41] /m charmander, 12
[30/10/2011 14:07:48] /m charmander, 12
[30/10/2011 14:08:04] /m charmander, 12
[30/10/2011 14:10:13] /m charmander, 12
[30/10/2011 14:10:23] /m charmander, 12
[30/10/2011 14:10:32] /m charmander, 12
[30/10/2011 14:10:41] /m charmander, 12
[30/10/2011 14:10:51] /m charmander, 12
[30/10/2011 14:12:16] /m charmander, 12
[30/10/2011 14:12:20] /m charmander, 12
[30/10/2011 14:12:27] /m charmander, 12
[30/10/2011 14:12:33] /m charmander, 12
[30/10/2011 14:12:40] /m charmander, 12
[30/10/2011 14:12:47] /m charmander, 12
[30/10/2011 14:12:56] /m charmander, 12
[30/10/2011 14:13:02] /m charmander, 12
[30/10/2011 14:13:19] /m caterpie, 2
[30/10/2011 14:14:58] /m venusaur, 40
[30/10/2011 14:15:13] /m venusaur, 40
[30/10/2011 20:26:27] /goto pidgey
[30/10/2011 20:27:17] /m pidgey
[30/10/2011 20:27:37] /r
[30/10/2011 21:04:48] /m grimer, 25
[30/10/2011 21:05:29] /m muk, 22
[30/10/2011 21:38:27] /m venusaur, 100
[31/10/2011 15:54:57] /a 12
[31/10/2011 15:54:58] /a 12
[31/10/2011 19:21:17] /t
[31/10/2011 21:00:19] /n nurse
[31/10/2011 21:04:42] /m venusaur, 1
[31/10/2011 21:04:50] /r
[31/10/2011 21:09:06] /m venusaur, 1
[31/10/2011 21:09:31] /r
[31/10/2011 21:12:25] /r
[31/10/2011 21:12:27] /n nurse
[31/10/2011 21:21:40] /n nurse
[31/10/2011 21:25:19] /i hundred dollar
[31/10/2011 21:25:21] /i hundred dollars
[31/10/2011 21:25:24] /i hundred dollar note
[31/10/2011 21:25:55] /i hundred dollar note
[31/10/2011 21:25:56] /i hundred dollar note
[31/10/2011 21:25:56] /i hundred dollar note
[31/10/2011 21:25:57] /i hundred dollar note
[31/10/2011 21:26:01] /i hundred dollar note
[31/10/2011 21:26:01] /i hundred dollar note
[31/10/2011 21:26:01] /i hundred dollar note
[31/10/2011 21:26:02] /i hundred dollar note
[31/10/2011 21:26:02] /i hundred dollar note
[31/10/2011 21:26:02] /i hundred dollar note
[31/10/2011 21:26:12] /i thousand dollar note
[31/10/2011 21:26:17] /i ten thousand dollar note
[31/10/2011 21:26:18] /i ten thousand dollar note
[02/11/2011 23:44:35] /t
[02/11/2011 23:46:49] /n nurse
[02/11/2011 23:46:50] /r
[02/11/2011 23:47:22] /m gastly, 15
[02/11/2011 23:48:03] /m ekans, 23
[02/11/2011 23:49:51] /m gastly, 20
[02/11/2011 23:50:41] /m arbok, 27
[02/11/2011 23:51:05] /n nurse
[02/11/2011 23:51:39] /m arbok, 20
[02/11/2011 23:52:15] /m bellsprout, 23
[02/11/2011 23:52:36] /m weepinbell, 20
[02/11/2011 23:53:10] /m abra, 16
[02/11/2011 23:53:33] /m abra, 16
[02/11/2011 23:54:07] /m arbok, 30
[18/12/2011 14:38:40] /n name
[18/12/2011 14:38:42] /t
[18/12/2011 14:38:44] /n name
[18/12/2011 14:39:54] /r
[18/12/2011 14:39:57] /n name
[18/12/2011 14:40:37] /r
[18/12/2011 14:40:38] /n name
[18/12/2011 14:40:45] /r
[18/12/2011 14:40:50] /n name
[18/12/2011 14:41:18] /r
[18/12/2011 14:41:20] /n name
[18/12/2011 14:47:29] /a 2
[18/12/2011 14:47:30] /n name
[18/12/2011 14:48:02] /r
[20/12/2011 20:23:55] /m onix, 20
[20/12/2011 20:24:18] /m onix, 20
[20/12/2011 20:26:16] /m jynx, 30
[20/12/2011 20:29:48] /m onix, 20
[20/12/2011 20:30:02] /r
[20/12/2011 20:31:29] /i meat
[20/12/2011 20:31:52] /i pizza
[20/12/2011 20:32:34] /m onix, 47
[20/12/2011 20:32:51] /m caterpie, 6
[20/12/2011 20:32:51] /m caterpie, 6
[20/12/2011 20:32:52] /m caterpie, 6
[20/12/2011 20:32:53] /m caterpie, 6
[20/12/2011 20:36:36] /m onix
[20/12/2011 20:36:47] /m onix
[20/12/2011 20:40:07] /m jynx, 30
[20/12/2011 20:40:21] /r
[20/12/2011 20:40:26] /m tangela, 33
[20/12/2011 20:46:56] /m onix, 90
[21/12/2011 16:37:58] /t
[21/12/2011 16:38:28] /t
[21/12/2011 18:32:36] /t
[23/12/2011 14:49:42] /goto aninbru
[23/12/2011 15:05:01] /n hiker johnny
[23/12/2011 15:05:03] /n hiker
[23/12/2011 15:05:53] /n hiker johnny
[23/12/2011 15:06:39] /r
[23/12/2011 15:07:16] /r
[23/12/2011 15:07:20] /n hiker johnny
[23/12/2011 15:07:38] /a 2
[23/12/2011 15:07:40] /a 2
[23/12/2011 15:07:41] /r
[23/12/2011 15:08:52] /n hiker johnny
[23/12/2011 15:09:01] /r
[23/12/2011 15:12:20] /m onix, 35
[23/12/2011 15:12:47] /m tangela, 31
[23/12/2011 15:12:57] /m onix, 52
[23/12/2011 15:18:28] /n hiker johnny
[23/12/2011 15:18:54] /a 5
[23/12/2011 15:18:55] /r
[23/12/2011 15:19:00] /n hiker johnny
[23/12/2011 15:19:16] /a 6
[23/12/2011 15:19:46] /a 5
[23/12/2011 15:19:50] /s lapras
[23/12/2011 15:19:53] /r
[23/12/2011 15:25:17] /a 5
[23/12/2011 15:25:18] /a 5
[23/12/2011 15:25:18] /a 5
[23/12/2011 15:25:22] /n hiker johnny
[23/12/2011 15:25:40] /ghost
[23/12/2011 15:25:49] /a 8
[23/12/2011 15:25:52] /ghost
[23/12/2011 15:25:54] /r
[23/12/2011 15:25:56] /r
[23/12/2011 15:26:17] /n hiker johnny
[23/12/2011 15:26:35] /r
[23/12/2011 15:26:42] /ghost
[23/12/2011 15:26:43] /a 5
[23/12/2011 15:26:48] /r
[23/12/2011 15:27:08] /a 19
[23/12/2011 15:27:11] /n hiker johnny
[23/12/2011 15:27:12] /n nurse
[23/12/2011 15:27:27] /ghost
[23/12/2011 15:27:45] /ghost
[23/12/2011 15:27:48] /r
[23/12/2011 15:27:52] /a 5
[23/12/2011 15:27:54] /r
[23/12/2011 15:34:14] /n pokemon seller
[23/12/2011 15:34:20] /n pokemon collector
[23/12/2011 15:34:22] /ghost
[23/12/2011 15:34:38] /r
[23/12/2011 15:39:10] /n brock
[23/12/2011 15:39:30] /n brock
[23/12/2011 15:40:14] /r
[23/12/2011 15:40:15] /n brock
[23/12/2011 15:40:40] /n brock
[23/12/2011 15:41:26] /r
[23/12/2011 15:41:27] /n brock
[23/12/2011 15:43:28] /r
[23/12/2011 15:43:29] /r
[23/12/2011 15:43:31] /n brock
[23/12/2011 15:43:45] /r
[23/12/2011 15:43:47] /a 6
[23/12/2011 15:43:48] /n brock
[23/12/2011 15:43:49] /a 2
[23/12/2011 15:43:50] /r
[23/12/2011 15:43:52] /r
[23/12/2011 15:46:07] /a 1
[23/12/2011 16:00:20] /r
[23/12/2011 16:00:22] /n brock
[23/12/2011 16:00:56] /n brock
[23/12/2011 16:01:13] /r
[23/12/2011 16:01:45] /n brock
[23/12/2011 16:02:58] /r
[23/12/2011 16:03:04] /n brock
[23/12/2011 16:05:25] /n brock
[23/12/2011 16:07:20] /n brock
[23/12/2011 16:07:23] /a 6
[23/12/2011 16:08:10] /n brock
[23/12/2011 16:09:51] /r
[23/12/2011 16:09:54] /n brock
[23/12/2011 16:10:11] /a 6
[23/12/2011 16:10:20] /a 3
[23/12/2011 16:10:22] /a 3
[23/12/2011 18:31:50] /n brock
[23/12/2011 18:47:33] /n brock
[23/12/2011 18:50:09] /r
[23/12/2011 18:53:02] /r
[23/12/2011 18:53:03] /n brock
[23/12/2011 18:54:15] /i 12260
[23/12/2011 18:54:26] /i 12252
[23/12/2011 18:57:31] /m magikarp, 1
[23/12/2011 18:57:31] /m magikarp, 1
[23/12/2011 18:57:32] /m magikarp, 1
[23/12/2011 18:57:44] /i normal ball
[23/12/2011 19:00:05] /m magikarp, 1
[23/12/2011 19:00:06] /m magikarp, 1
[23/12/2011 19:00:06] /m magikarp, 1
[23/12/2011 19:00:07] /m magikarp, 1
[23/12/2011 19:00:07] /m magikarp, 1
[23/12/2011 19:00:07] /m magikarp, 1
[23/12/2011 19:00:08] /m magikarp, 1
[23/12/2011 19:00:09] /m magikarp, 1
[23/12/2011 19:00:10] /m magikarp, 1
[23/12/2011 19:00:10] /m magikarp, 1
[23/12/2011 19:00:32] /t
[23/12/2011 19:01:47] /i pokemon prize box +1
[23/12/2011 19:03:29] /m magikarp, 1
[23/12/2011 19:03:41] /m magikarp, 1
[23/12/2011 19:03:41] /m magikarp, 1
[23/12/2011 19:03:42] /m magikarp, 1
[23/12/2011 19:03:43] /m magikarp, 1
[23/12/2011 19:03:43] /m magikarp, 1
[23/12/2011 19:03:49] /i normal ball
[23/12/2011 19:03:56] /i ultra ball
[23/12/2011 19:04:03] /i great ball
[23/12/2011 19:04:06] /i super ball
[23/12/2011 19:04:27] /m magikarp, 1
[23/12/2011 19:04:28] /m magikarp, 1
[23/12/2011 19:06:09] /m magikarp, 1
[23/12/2011 19:06:09] /m magikarp, 1
[23/12/2011 19:06:10] /m magikarp, 1
[23/12/2011 19:06:10] /m magikarp, 1
[23/12/2011 19:06:11] /m magikarp, 1
[23/12/2011 19:06:11] /m magikarp, 1
[23/12/2011 19:06:12] /m magikarp, 1
[23/12/2011 19:06:13] /m magikarp, 1
[23/12/2011 19:16:44] /ghost
[23/12/2011 19:17:28] /ghost
[23/12/2011 19:49:40] /m tangela, 40
[23/12/2011 19:51:41] /m onix, 50
[23/12/2011 19:52:02] /n nurse
[23/12/2011 19:52:05] /r
[24/12/2011 16:31:48] /t
[24/12/2011 16:32:53] /r
[24/12/2011 16:32:54] /r
[24/12/2011 16:32:55] /n brock
[24/12/2011 16:34:38] /n brock
[28/12/2011 16:09:38] /reload talk
[28/12/2011 16:09:45] /reload talk
[28/12/2011 16:09:59] /reload talk
[28/12/2011 16:10:32] /reload talk
[28/12/2011 18:38:29] /i 12354
[28/12/2011 18:38:29] /i 12356
[28/12/2011 18:38:30] /i 12355
[28/12/2011 18:38:42] /i punch stone
[28/12/2011 18:44:38] /i fire stone
[28/12/2011 18:44:46] /i enigma stone
[28/12/2011 18:44:51] /i ice stone
[28/12/2011 18:45:02] /i water stone
[28/12/2011 18:45:23] /i ice stone
[28/12/2011 18:45:24] /i ice stone
[28/12/2011 18:45:25] /i ice stone
[28/12/2011 18:45:25] /i ice stone
[28/12/2011 18:45:58] /m fearow, 71
[02/01/2012 10:58:52] /i recording camera
[02/01/2012 12:41:12] /t
[03/01/2012 11:38:36] /t
[03/01/2012 11:40:51] /reload talk
[03/01/2012 11:40:52] /t
[03/01/2012 11:41:29] /reload talk
[03/01/2012 11:42:46] /reload talk
[03/01/2012 11:43:27] /reload talk
