[15/12/2010 15:17:40] /storage Bruninho, 125, -1
[15/12/2010 15:19:12] /storage Bruninho, 125, -1
[15/12/2010 15:19:43] /storage Bruninho, 125, -1
[15/12/2010 15:22:00] /storage Bruninho, 125, -1
[15/12/2010 15:22:13] /storage Bruninho, 125, -1
[15/12/2010 15:23:34] /storage Bruninho, 125, -1
[15/12/2010 15:24:29] /storage Bruninho, 125, -1
[15/12/2010 15:26:10] /storage Bruninho, 125, -1
[15/12/2010 15:27:11] /storage Bruninho, 125, -1
[15/12/2010 15:27:38] /storage Bruninho, 125, -1
[15/12/2010 15:29:02] /storage Bruninho, 125, -1
[15/12/2010 15:37:02] /a 3
[15/12/2010 15:37:03] /a 3
[15/12/2010 15:37:03] /a 3
[15/12/2010 15:37:04] /a 3
[15/12/2010 15:37:04] /a 3
[15/12/2010 15:37:05] /a 3
[15/12/2010 15:44:13] /a 2
[15/12/2010 16:20:18] /a 4
[15/12/2010 16:20:20] /a 4
[15/12/2010 16:20:21] /a 4
[15/12/2010 16:20:21] /a 4
[15/12/2010 16:20:21] /a 4
[15/12/2010 16:20:22] /a 4
[15/12/2010 16:20:22] /a 4
[15/12/2010 16:28:48] /n professor burton
[15/12/2010 16:29:48] /r
[15/12/2010 16:29:51] /r
[15/12/2010 16:29:55] /n professor burton
[15/12/2010 16:32:32] /n professor burton
[15/12/2010 16:32:53] /r
[15/12/2010 16:32:56] /r
[15/12/2010 16:33:22] /a 5
[15/12/2010 16:33:23] /a 5
[15/12/2010 16:33:23] /a 5
[15/12/2010 16:33:23] /a 5
[15/12/2010 16:33:24] /a 5
[15/12/2010 16:33:27] /a 4
[15/12/2010 16:35:15] /a 5
[15/12/2010 16:35:16] /a 5
[15/12/2010 16:35:16] /a 5
[15/12/2010 16:35:16] /a 5
[15/12/2010 16:35:17] /a 5
[15/12/2010 16:35:18] /a 5
[15/12/2010 16:35:19] /a 5
[15/12/2010 16:35:19] /a 5
[15/12/2010 16:35:24] /n professor burton
[15/12/2010 16:35:29] /n professor burton
[15/12/2010 16:51:20] /i 2147
[15/12/2010 17:10:36] /m bellsprout s
[15/12/2010 17:42:51] /n professor burton
[15/12/2010 17:49:48] /n professor burton
[15/12/2010 17:53:45] /n professor burton
[15/12/2010 17:57:43] /a 4
[15/12/2010 17:57:44] /a 4
[15/12/2010 17:57:44] /a 4
[15/12/2010 17:59:32] /n professor burton
[15/12/2010 18:00:35] /a 4
[15/12/2010 18:00:35] /a 4
[15/12/2010 18:00:36] /a 4
[15/12/2010 18:01:06] /n professor burton
[15/12/2010 18:01:36] /n professor burton
[15/12/2010 18:01:46] /a 5
[15/12/2010 18:01:48] /r
[15/12/2010 18:01:50] /a 15
[15/12/2010 18:01:54] /r
[15/12/2010 18:02:11] /n professor burton
[15/12/2010 18:02:28] /a 30
[15/12/2010 18:04:23] /a 5
[15/12/2010 18:04:25] /a 8
[15/12/2010 18:04:40] /r
[15/12/2010 18:07:48] /n Professor burton
[15/12/2010 18:10:48] /r
[15/12/2010 18:11:02] /a 10
[15/12/2010 18:11:03] /a 10
[15/12/2010 18:11:04] /a 4
[15/12/2010 18:13:37] /a 14
[15/12/2010 18:13:39] /a 5
[15/12/2010 18:13:40] /a 5
[15/12/2010 18:17:05] /n professor burton
[15/12/2010 18:17:07] /n professor burton
[15/12/2010 18:17:09] /n professor burton
[15/12/2010 18:17:09] /n professor burton
[15/12/2010 18:17:10] /n professor burton
[15/12/2010 18:17:11] /n professor burton
[15/12/2010 18:17:17] /n professor burton
[15/12/2010 18:17:17] /n professor burton
[15/12/2010 18:17:18] /n professor burton
[15/12/2010 18:17:36] /n professor burton
[15/12/2010 18:17:36] /n professor burton
[15/12/2010 18:17:37] /n professor burton
[15/12/2010 18:17:38] /n professor burton
[15/12/2010 18:17:38] /n professor burton
[15/12/2010 18:17:39] /n professor burton
[15/12/2010 18:17:40] /n professor burton
[15/12/2010 18:17:41] /n professor burton
[15/12/2010 18:22:19] /r
[15/12/2010 18:22:20] /r
[15/12/2010 18:22:22] /r
[15/12/2010 18:22:25] /r
[15/12/2010 18:22:26] /r
[15/12/2010 18:22:33] /r
[15/12/2010 18:22:34] /r
[15/12/2010 18:22:40] /r
[15/12/2010 18:22:42] /r
[15/12/2010 18:22:42] /r
[15/12/2010 18:22:43] /r
[15/12/2010 18:22:44] /r
[15/12/2010 18:22:46] /r
[15/12/2010 18:22:47] /r
[15/12/2010 18:22:49] /r
[15/12/2010 18:22:49] /r
[15/12/2010 18:22:51] /r
[15/12/2010 18:22:53] /r
[15/12/2010 18:22:54] /r
[15/12/2010 18:22:57] /r
[15/12/2010 18:23:00] /r
[15/12/2010 18:23:01] /r
[15/12/2010 18:23:05] /r
[15/12/2010 18:23:09] /r
[15/12/2010 18:23:09] /r
[15/12/2010 18:23:11] /r
[15/12/2010 18:25:17] /n professor burton
[15/12/2010 18:27:27] /a 15
[15/12/2010 18:27:28] /a 5
[15/12/2010 18:27:29] /a 5
[15/12/2010 18:27:37] /n professor burton
[15/12/2010 18:28:14] /r
[15/12/2010 18:54:40] /r
[15/12/2010 18:54:43] /r
[15/12/2010 19:00:20] /m grass
[15/12/2010 19:00:23] /m tall grass
[15/12/2010 19:00:31] /r
[15/12/2010 19:01:52] /m tall grass
[15/12/2010 19:01:54] /r
[15/12/2010 19:02:22] /m tall grass
[15/12/2010 19:03:30] /r
[15/12/2010 19:11:12] /m tall grass
[15/12/2010 19:11:38] /storage Bruninho, 215, 1000
[15/12/2010 19:11:57] /r
[15/12/2010 20:03:21] /a 25
[15/12/2010 20:03:23] /a 12
[15/12/2010 20:03:26] /a 14
[15/12/2010 20:03:27] /a 14
[15/12/2010 20:16:24] /a 25
[15/12/2010 20:16:27] /a 45
[15/12/2010 20:17:34] /n nurse
[15/12/2010 20:42:52] /i 2147
[15/12/2010 20:42:53] /i 2148
[15/12/2010 20:42:55] /i 216
[15/12/2010 20:42:59] /i 2146
[15/12/2010 20:45:20] /a 4
[15/12/2010 20:45:20] /a 4
[15/12/2010 20:45:21] /a 4
[15/12/2010 20:45:22] /a 4
[15/12/2010 20:45:49] /a 5
[15/12/2010 20:45:50] /a 5
[15/12/2010 20:45:52] /a 5
[15/12/2010 20:45:57] /n hiker johnny
[15/12/2010 20:46:00] /n hiker johnny
[15/12/2010 20:46:11] /r
[15/12/2010 20:46:13] /r
[15/12/2010 22:45:56] /storage Bruninho, 101, 1
[15/12/2010 22:45:58] /storage Bruninho, 102, 1
[15/12/2010 22:46:00] /storage Bruninho, 103, 1
[15/12/2010 22:46:04] /storage Bruninho, 104, 1
[15/12/2010 22:46:08] /storage Bruninho, 105, 1
[15/12/2010 22:46:10] /storage Bruninho, 106, 1
[15/12/2010 22:46:12] /storage Bruninho, 107, 1
[15/12/2010 22:46:14] /storage Bruninho, 108, 1
[15/12/2010 22:46:16] /storage Bruninho, 109, 1
[15/12/2010 22:46:20] /storage Bruninho, 110, 1
[15/12/2010 22:46:23] /storage Bruninho, 111, 1
[15/12/2010 22:46:41] /storage Bruninho, 100, 1
[15/12/2010 23:13:22] /n danny
[15/12/2010 23:14:32] /storage Bruninho, 900, -1
[15/12/2010 23:15:18] /storage Bruninho, 900, -1
[15/12/2010 23:15:39] /r
[15/12/2010 23:15:46] /storage Bruninho, 900, -1
[15/12/2010 23:17:11] /r
[15/12/2010 23:17:14] /storage Bruninho, 900, -1
[15/12/2010 23:18:19] /r
[15/12/2010 23:20:19] /storage Bruninho, 900, -1
[15/12/2010 23:22:38] /n danny
[15/12/2010 23:29:12] /n danny
[16/12/2010 00:46:48] /n danny
[16/12/2010 00:47:07] /r
[16/12/2010 00:47:12] /r
[16/12/2010 00:47:14] /r
[16/12/2010 00:47:38] /storage Bruninho, 900, 0
[16/12/2010 00:52:28] /n danny
[16/12/2010 00:53:00] /r
[16/12/2010 00:56:54] /storage Bruninho, 900, -1
[16/12/2010 01:00:18] /n danny
[16/12/2010 01:13:24] /storage Bruninho, 900, 0
[16/12/2010 01:13:57] /r
[16/12/2010 01:14:01] /storage Bruninho, 900, 0
[16/12/2010 01:15:06] /r
[16/12/2010 01:15:07] /r
[16/12/2010 01:15:08] /r
[16/12/2010 01:17:35] /n danny
[16/12/2010 01:17:38] /r
[16/12/2010 01:17:41] /n danny
[16/12/2010 01:19:23] /r
[16/12/2010 01:19:39] /r
[16/12/2010 01:27:06] /n danny
[16/12/2010 01:28:41] /goto
[16/12/2010 01:28:45] /goto danny
[16/12/2010 01:28:47] /goto danny
[16/12/2010 01:28:48] /goto danny
[16/12/2010 01:28:49] /goto danny
[16/12/2010 01:28:49] /goto danny
[16/12/2010 01:28:50] /goto danny
[16/12/2010 01:28:53] /goto danny
[16/12/2010 01:28:56] /goto eaushuae
[16/12/2010 01:33:53] /n danny
[16/12/2010 01:37:28] /n danny
[16/12/2010 01:40:40] /n danny
[16/12/2010 01:42:11] /r
[16/12/2010 01:42:12] /a 4
[16/12/2010 01:42:13] /a 4
[16/12/2010 01:46:55] /a 4
[16/12/2010 01:46:57] /m articuno
[16/12/2010 01:55:05] /r
[16/12/2010 01:56:25] /r
[16/12/2010 01:57:13] /n danny
[16/12/2010 01:58:34] /r
[16/12/2010 02:00:32] /n danny
[16/12/2010 02:01:55] /r
[16/12/2010 02:03:11] /n danny
[16/12/2010 02:04:26] /r
[16/12/2010 02:15:32] /a 3
[16/12/2010 02:15:32] /a 3
[16/12/2010 02:15:33] /a 3
[16/12/2010 02:15:36] /n danny
[16/12/2010 02:17:31] /r
[16/12/2010 02:17:33] /r
[16/12/2010 02:17:48] /r
[16/12/2010 02:17:49] /a 14
[16/12/2010 02:17:50] /a 14
[16/12/2010 02:17:51] /a 5
[16/12/2010 02:17:53] /a 2
[16/12/2010 02:17:57] /n danny
[16/12/2010 02:18:04] /storage Bruninho, 900, 0
[16/12/2010 02:19:50] /r
[16/12/2010 02:19:52] /r
[16/12/2010 15:38:53] /n danny
[16/12/2010 15:39:05] /storage Bruninho, 900, -1
[16/12/2010 15:42:31] /storage Bruninho, 900, -1
[16/12/2010 15:43:24] /r
[16/12/2010 15:43:25] /r
[16/12/2010 15:43:28] /storage Bruninho, 900, -1
[16/12/2010 15:46:02] /r
[16/12/2010 15:46:03] /storage Bruninho, 900, -1
[16/12/2010 15:59:41] /n danny
[16/12/2010 15:59:53] /storage Bruninho, 900, -1
[16/12/2010 16:00:52] /i 2202
[16/12/2010 16:02:35] /n danny
[16/12/2010 16:02:38] /i 2202
[16/12/2010 16:04:27] /n danny
[16/12/2010 16:04:31] /i 2202
[16/12/2010 16:05:10] /i 2202
[16/12/2010 16:09:54] /n danny
[16/12/2010 16:10:03] /storage Bruninho, 900, -1
[16/12/2010 16:19:41] /n danny
[16/12/2010 16:19:53] /storage Bruninho, 900, -1
[16/12/2010 16:21:06] /r
[16/12/2010 16:21:08] /storage Bruninho, 900, -1
[16/12/2010 16:23:34] /storage Bruninho, 900, -1
[16/12/2010 16:23:36] /r
[16/12/2010 16:33:34] /r
[16/12/2010 16:35:10] /storage Bruninho, 900, -1
[16/12/2010 16:38:30] /n danny
[16/12/2010 16:38:37] /storage Bruninho, 900, -1
[16/12/2010 16:44:43] /n danny
[16/12/2010 16:44:49] /storage Bruninho, 900, -1
[16/12/2010 16:47:17] /n danny
[16/12/2010 16:47:22] /storage Bruninho, 900, 0
[16/12/2010 18:35:25] /n danny
[16/12/2010 18:36:00] /storage Bruninho, 900, 0
[16/12/2010 18:37:04] /storage Bruninho, 900, 0
[16/12/2010 18:37:10] /n danny
[16/12/2010 18:50:12] /n danny
[16/12/2010 19:01:41] /n danny
[16/12/2010 19:05:49] /n danny
[16/12/2010 19:12:18] /n danny
[16/12/2010 19:12:47] /r
[16/12/2010 19:12:50] /r
[16/12/2010 19:13:09] /n danny
[16/12/2010 19:15:22] /n danny
[16/12/2010 19:15:50] /ghost
[16/12/2010 19:15:52] /ghost
[16/12/2010 19:23:15] /storage Bruninho, 900, 0
[16/12/2010 19:23:36] /r
[16/12/2010 19:41:24] /storage Bruninho, 900, -1
[16/12/2010 19:44:27] /n danny
[16/12/2010 19:44:34] /storage Bruninho, 900, 0
[16/12/2010 19:45:49] /n danny
[16/12/2010 19:46:42] /ghost
[16/12/2010 19:46:43] /ghost
[16/12/2010 19:48:38] /n danny
[16/12/2010 19:52:23] /storage bruninho, 900, 0
[16/12/2010 19:52:42] /r
[16/12/2010 20:09:25] /storage bruninho, 900, 0
[16/12/2010 20:13:00] /n danny
[16/12/2010 20:13:06] /storage Bruninho, 900, 0
[16/12/2010 20:38:06] /r
[16/12/2010 20:38:07] /r
[16/12/2010 20:43:56] /a 14
[16/12/2010 20:43:57] /a 14
[16/12/2010 20:43:59] /a 14
[16/12/2010 20:44:53] /t
[16/12/2010 21:47:57] /s oddish
[16/12/2010 21:48:01] /m articuno
[17/12/2010 16:32:30] /m weepinbell s
[17/12/2010 16:32:53] /a 14
[17/12/2010 16:32:57] /a 45
[17/12/2010 16:50:50] /a 45
[17/12/2010 16:50:54] /s gloom s
[17/12/2010 16:51:36] /r
[17/12/2010 16:51:39] /m gloom s
[17/12/2010 16:55:45] /m gloom s
[17/12/2010 16:56:41] /i 3008
[17/12/2010 17:03:52] /s oddish
[17/12/2010 17:03:55] /m bellsprout s
[17/12/2010 17:05:14] /i 3008
[17/12/2010 17:13:34] /i 3008
[17/12/2010 17:20:17] /m oddish s
[17/12/2010 17:20:40] /m oddish s
[17/12/2010 17:20:53] /i 3008
[17/12/2010 17:20:54] /i 3008
[17/12/2010 17:20:54] /i 3008
[17/12/2010 17:20:54] /i 3008
[17/12/2010 17:20:55] /i 3008
[17/12/2010 17:20:55] /i 3008
[17/12/2010 17:21:29] /t
[17/12/2010 17:21:38] /m bellsprout s
[17/12/2010 17:21:58] /m bellsprout s
[17/12/2010 17:22:08] /r
[17/12/2010 17:22:10] /r
[17/12/2010 17:23:04] /i 2276
[17/12/2010 17:37:08] /m bellsprout s
[17/12/2010 17:39:22] /m weepinbell s
[17/12/2010 17:39:35] /m weepinbell s
[17/12/2010 17:40:00] /m weepinbell s
[17/12/2010 17:40:27] /m weepinbell s
[17/12/2010 17:40:58] /s alakazam
[17/12/2010 17:40:58] /s alakazam
[17/12/2010 17:41:01] /m weepinbell s
[17/12/2010 17:41:02] /m weepinbell s
[17/12/2010 17:41:05] /m weepinbell s
[17/12/2010 17:41:09] /m weepinbell s
[17/12/2010 17:41:13] /m weepinbell s
[17/12/2010 17:41:14] /m weepinbell s
[17/12/2010 17:41:15] /m weepinbell s
[17/12/2010 17:41:15] /m weepinbell s
[17/12/2010 17:41:16] /m weepinbell s
[17/12/2010 17:41:17] /m weepinbell s
[17/12/2010 17:41:22] /m weepinbell s
[17/12/2010 17:41:35] /r
[17/12/2010 17:41:37] /r
[17/12/2010 17:41:41] /m weepinbell s
[17/12/2010 17:42:14] /m weepinbell s
[17/12/2010 17:42:15] /m weepinbell s
[17/12/2010 17:42:15] /m weepinbell s
[17/12/2010 17:42:57] /m weepinbell s
[17/12/2010 17:42:58] /m weepinbell s
[17/12/2010 17:42:58] /m weepinbell s
[17/12/2010 17:42:58] /m weepinbell s
[17/12/2010 17:42:59] /m weepinbell s
[17/12/2010 17:42:59] /m weepinbell s
[17/12/2010 17:44:38] /m weepinbell s
[17/12/2010 17:44:39] /m weepinbell s
[17/12/2010 17:44:39] /m weepinbell s
[17/12/2010 17:44:40] /m weepinbell s
[17/12/2010 17:44:40] /m weepinbell s
[17/12/2010 17:44:40] /m weepinbell s
[17/12/2010 17:44:41] /m weepinbell s
[17/12/2010 17:44:53] /s alakazam
[17/12/2010 17:45:02] /s alakazam
[17/12/2010 17:45:16] /r
[17/12/2010 17:45:17] /r
[17/12/2010 17:45:18] /r
[17/12/2010 17:45:20] /r
[17/12/2010 17:47:03] /m weepinbell s
[17/12/2010 17:48:33] /m weepinbell s
[17/12/2010 17:49:31] /m weepinbell s
[17/12/2010 17:50:06] /m weepinbell s
[17/12/2010 17:56:15] /s vileplume
[17/12/2010 17:56:20] /m weepinbell s
[17/12/2010 17:56:45] /m golem s
[17/12/2010 17:57:00] /a 4
[17/12/2010 17:57:03] /ghost
[17/12/2010 17:57:10] /s viplepulme
[17/12/2010 17:57:16] /s vileplume
[17/12/2010 17:59:49] /m articuno
[17/12/2010 18:27:24] /s golem
[17/12/2010 18:27:44] /r
[17/12/2010 18:27:45] /s golem
[17/12/2010 18:28:45] /s golem
[17/12/2010 18:41:13] /s golem
[17/12/2010 18:44:11] /s golem
[17/12/2010 19:08:03] /r
[17/12/2010 19:08:06] /m vileplume s
[17/12/2010 19:08:14] /ghost
[17/12/2010 19:08:17] /ghost
[17/12/2010 19:10:41] /s pidgeot
[17/12/2010 19:11:15] /s pidgeot
[17/12/2010 19:14:42] /s pidgeot
[17/12/2010 19:15:12] /s pidgeot
[17/12/2010 19:15:38] /s pidgeot
[17/12/2010 19:20:02] /s pidgeot
[17/12/2010 19:20:25] /goto vileplume
[17/12/2010 19:20:33] /s pidgeot
[17/12/2010 19:21:30] /ghost
[17/12/2010 19:21:31] /ghost
[17/12/2010 19:21:35] /m vileplume s
[17/12/2010 19:21:37] /s pidgeot
[17/12/2010 19:21:48] /r
[17/12/2010 19:22:40] /r
[17/12/2010 19:41:54] /a 14
[17/12/2010 19:41:56] /a 2
[17/12/2010 19:41:57] /a 2
[17/12/2010 19:44:05] /i 3008
[17/12/2010 19:44:08] /i 3008
[17/12/2010 19:44:09] /i 3008
[17/12/2010 19:44:09] /i 3008
[17/12/2010 19:44:10] /i 3008
[17/12/2010 19:44:11] /i 3008
[17/12/2010 19:44:11] /i 3008
[17/12/2010 19:44:11] /i 3008
[17/12/2010 19:44:11] /i 3008
[17/12/2010 19:44:12] /i 3008
[17/12/2010 19:44:12] /i 3008
[17/12/2010 19:44:12] /i 3008
[17/12/2010 19:44:13] /i 3008
[17/12/2010 19:44:13] /i 3008
[17/12/2010 19:44:13] /i 3008
[17/12/2010 19:44:14] /i 3008
[17/12/2010 19:44:14] /i 3008
[17/12/2010 19:45:09] /i 3008
[17/12/2010 19:45:09] /i 3008
[17/12/2010 19:45:09] /i 3008
[17/12/2010 19:45:09] /i 3008
[17/12/2010 19:45:09] /i 3008
[17/12/2010 19:45:09] /i 3008
[17/12/2010 19:45:09] /i 3008
[17/12/2010 19:45:09] /i 3008
[17/12/2010 19:45:09] /i 3008
[17/12/2010 19:45:09] /i 3008
[17/12/2010 19:45:09] /i 3008
[17/12/2010 19:45:09] /i 3008
[17/12/2010 19:45:10] /i 3008
[17/12/2010 19:45:10] /i 3008
[17/12/2010 19:45:10] /i 3008
[17/12/2010 19:45:10] /i 3008
[17/12/2010 19:45:10] /i 3008
[17/12/2010 19:45:10] /i 3008
[17/12/2010 19:45:10] /i 3008
[17/12/2010 19:45:10] /i 3008
[17/12/2010 19:45:10] /i 3008
[17/12/2010 19:45:10] /i 3008
[17/12/2010 19:45:10] /i 3008
[17/12/2010 19:45:10] /i 3008
[17/12/2010 19:45:10] /i 3008
[17/12/2010 19:45:10] /i 3008
[17/12/2010 19:45:10] /i 3008
[17/12/2010 19:45:10] /i 3008
[17/12/2010 19:45:10] /i 3008
[17/12/2010 19:45:10] /i 3008
[17/12/2010 19:45:10] /i 3008
[17/12/2010 19:45:10] /i 3008
[17/12/2010 19:45:10] /i 3008
[17/12/2010 19:45:10] /i 3008
[17/12/2010 19:45:10] /i 3008
[17/12/2010 19:45:10] /i 3008
[17/12/2010 19:45:10] /i 3008
[17/12/2010 19:45:10] /i 3008
[17/12/2010 19:45:10] /i 3008
[17/12/2010 19:45:10] /i 3008
[17/12/2010 19:45:10] /i 3008
[17/12/2010 19:45:10] /i 3008
[17/12/2010 19:45:10] /i 3008
[17/12/2010 19:45:10] /i 3008
[17/12/2010 19:45:11] /i 3008
[17/12/2010 19:45:11] /i 3008
[17/12/2010 19:45:11] /i 3008
[17/12/2010 19:45:11] /i 3008
[17/12/2010 19:45:11] /i 3008
[17/12/2010 19:45:11] /i 3008
[17/12/2010 19:45:11] /i 3008
[17/12/2010 19:45:11] /i 3008
[17/12/2010 19:45:11] /i 3008
[17/12/2010 19:45:11] /i 3008
[17/12/2010 19:45:11] /i 3008
[17/12/2010 19:45:11] /i 3008
[17/12/2010 19:45:11] /i 3008
[17/12/2010 19:45:11] /i 3008
[17/12/2010 19:45:11] /i 3008
[17/12/2010 19:45:11] /i 3008
[17/12/2010 19:45:58] /i 3008
[17/12/2010 19:45:58] /i 3008
[17/12/2010 19:45:58] /i 3008
[17/12/2010 19:45:58] /i 3008
[17/12/2010 19:45:58] /i 3008
[17/12/2010 19:45:58] /i 3008
[17/12/2010 19:45:58] /i 3008
[17/12/2010 19:45:58] /i 3008
[17/12/2010 19:45:58] /i 3008
[17/12/2010 19:45:58] /i 3008
[17/12/2010 19:45:58] /i 3008
[17/12/2010 19:45:58] /i 3008
[17/12/2010 19:45:58] /i 3008
[17/12/2010 19:45:58] /i 3008
[17/12/2010 19:45:58] /i 3008
[17/12/2010 19:45:58] /i 3008
[17/12/2010 19:45:58] /i 3008
[17/12/2010 19:45:58] /i 3008
[17/12/2010 19:45:58] /i 3008
[17/12/2010 19:45:58] /i 3008
[17/12/2010 19:45:58] /i 3008
[17/12/2010 19:45:58] /i 3008
[17/12/2010 19:45:58] /i 3008
[17/12/2010 19:45:58] /i 3008
[17/12/2010 19:45:58] /i 3008
[17/12/2010 19:45:59] /i 3008
[17/12/2010 19:45:59] /i 3008
[17/12/2010 19:45:59] /i 3008
[17/12/2010 19:45:59] /i 3008
[17/12/2010 19:45:59] /i 3008
[17/12/2010 19:45:59] /i 3008
[17/12/2010 19:45:59] /i 3008
[17/12/2010 19:45:59] /i 3008
[17/12/2010 19:45:59] /i 3008
[17/12/2010 19:45:59] /i 3008
[17/12/2010 19:45:59] /i 3008
[17/12/2010 19:45:59] /i 3008
[17/12/2010 19:45:59] /i 3008
[17/12/2010 19:45:59] /i 3008
[17/12/2010 19:45:59] /i 3008
[17/12/2010 19:45:59] /i 3008
[17/12/2010 19:45:59] /i 3008
[17/12/2010 19:45:59] /i 3008
[17/12/2010 19:45:59] /i 3008
[17/12/2010 19:45:59] /i 3008
[17/12/2010 19:45:59] /i 3008
[17/12/2010 19:45:59] /i 3008
[17/12/2010 19:45:59] /i 3008
[17/12/2010 19:45:59] /i 3008
[17/12/2010 19:45:59] /i 3008
[17/12/2010 19:45:59] /i 3008
[17/12/2010 19:45:59] /i 3008
[17/12/2010 19:45:59] /i 3008
[17/12/2010 19:45:59] /i 3008
[17/12/2010 19:45:59] /i 3008
[17/12/2010 19:45:59] /i 3008
[17/12/2010 19:45:59] /i 3008
[17/12/2010 19:46:00] /i 3008
[17/12/2010 19:46:50] /i 6017
[17/12/2010 19:46:51] /i 6017
[17/12/2010 19:46:51] /i 6017
[17/12/2010 19:46:51] /i 6017
[17/12/2010 19:46:51] /i 6017
[17/12/2010 19:46:51] /i 6017
[17/12/2010 19:46:51] /i 6017
[17/12/2010 19:46:51] /i 6017
[17/12/2010 19:46:51] /i 6017
[17/12/2010 19:46:51] /i 6017
[17/12/2010 19:46:51] /i 6017
[17/12/2010 19:46:51] /i 6017
[17/12/2010 19:46:51] /i 6017
[17/12/2010 19:46:51] /i 6017
[17/12/2010 19:46:51] /i 6017
[17/12/2010 19:46:51] /i 6017
[17/12/2010 19:46:51] /i 6017
[17/12/2010 19:46:51] /i 6017
[17/12/2010 19:46:51] /i 6017
[17/12/2010 19:47:20] /i 2147
[17/12/2010 19:47:22] /i 6017
[17/12/2010 19:47:23] /i 6017
[17/12/2010 19:47:23] /i 6017
[17/12/2010 19:47:23] /i 6017
[17/12/2010 19:47:23] /i 6017
[17/12/2010 19:47:23] /i 6017
[17/12/2010 19:47:23] /i 6017
[17/12/2010 19:47:23] /i 6017
[17/12/2010 19:47:23] /i 6017
[17/12/2010 19:47:23] /i 6017
[17/12/2010 19:47:23] /i 6017
[17/12/2010 19:47:23] /i 6017
[17/12/2010 19:47:23] /i 6017
[17/12/2010 19:47:23] /i 6017
[17/12/2010 19:47:23] /i 6017
[17/12/2010 19:47:23] /i 6017
[17/12/2010 19:47:23] /i 6017
[17/12/2010 19:47:23] /i 6017
[17/12/2010 19:47:23] /i 6017
[17/12/2010 19:47:23] /i 6017
[17/12/2010 19:47:23] /i 6017
[17/12/2010 19:47:23] /i 6017
[17/12/2010 19:47:23] /i 6017
[17/12/2010 19:47:23] /i 6017
[17/12/2010 19:47:23] /i 6017
[17/12/2010 19:47:23] /i 6017
[17/12/2010 19:47:23] /i 6017
[17/12/2010 19:47:23] /i 6017
[17/12/2010 19:47:23] /i 6017
[17/12/2010 19:47:23] /i 6017
[17/12/2010 19:47:23] /i 6017
[17/12/2010 19:47:24] /i 6017
[17/12/2010 19:47:24] /i 6017
[17/12/2010 19:47:24] /i 6017
[17/12/2010 19:47:24] /i 6017
[17/12/2010 19:49:30] /i 2276
[17/12/2010 19:49:41] /i 2276
[17/12/2010 19:50:25] /i 22
[17/12/2010 19:50:26] /i 2278
[17/12/2010 19:53:13] /i 6025
[17/12/2010 19:53:13] /i 6025
[17/12/2010 19:53:13] /i 6025
[17/12/2010 19:53:13] /i 6025
[17/12/2010 19:53:13] /i 6025
[17/12/2010 19:53:13] /i 6025
[17/12/2010 19:53:13] /i 6025
[17/12/2010 19:53:13] /i 6025
[17/12/2010 19:53:13] /i 6025
[17/12/2010 19:53:13] /i 6025
[17/12/2010 19:53:13] /i 6025
[17/12/2010 19:53:14] /i 6025
[17/12/2010 19:53:14] /i 6025
[17/12/2010 19:53:14] /i 6025
[17/12/2010 19:53:14] /i 6025
[17/12/2010 19:53:14] /i 6025
[17/12/2010 19:53:14] /i 6025
[17/12/2010 19:53:14] /i 6025
[17/12/2010 19:53:14] /i 6025
[17/12/2010 19:53:14] /i 6025
[17/12/2010 19:53:14] /i 6025
[17/12/2010 19:53:14] /i 6025
[17/12/2010 19:53:14] /i 6025
[17/12/2010 19:53:14] /i 6025
[17/12/2010 19:53:14] /i 6025
[17/12/2010 19:53:14] /i 6025
[17/12/2010 19:53:14] /i 6025
[17/12/2010 19:53:14] /i 6025
[17/12/2010 19:53:14] /i 6025
[17/12/2010 19:53:14] /i 6025
[17/12/2010 19:53:14] /i 6025
[17/12/2010 19:53:14] /i 6025
[17/12/2010 19:53:14] /i 6025
[17/12/2010 19:53:14] /i 6025
[17/12/2010 19:53:14] /i 6025
[17/12/2010 19:53:14] /i 6025
[17/12/2010 19:53:14] /i 6025
[17/12/2010 19:53:14] /i 6025
[17/12/2010 19:53:14] /i 6025
[17/12/2010 19:53:14] /i 6025
[17/12/2010 19:53:14] /i 6025
[17/12/2010 19:53:14] /i 6025
[17/12/2010 19:53:15] /i 6025
[17/12/2010 19:53:15] /i 6025
[17/12/2010 19:53:15] /i 6025
[17/12/2010 19:53:15] /i 6025
[17/12/2010 19:53:15] /i 6025
[17/12/2010 19:53:15] /i 6025
[17/12/2010 19:53:15] /i 6025
[17/12/2010 19:53:15] /i 6025
[17/12/2010 19:53:15] /i 6025
[17/12/2010 19:53:15] /i 6025
[17/12/2010 19:53:15] /i 6025
[17/12/2010 19:53:36] /i 6025
[17/12/2010 19:53:36] /i 6025
[17/12/2010 19:53:36] /i 6025
[17/12/2010 19:53:36] /i 6025
[17/12/2010 19:53:36] /i 6025
[17/12/2010 19:53:36] /i 6025
[17/12/2010 19:53:36] /i 6025
[17/12/2010 19:53:36] /i 6025
[17/12/2010 19:53:36] /i 6025
[17/12/2010 19:53:36] /i 6025
[17/12/2010 19:53:36] /i 6025
[17/12/2010 19:53:36] /i 6025
[17/12/2010 19:53:36] /i 6025
[17/12/2010 19:53:36] /i 6025
[17/12/2010 19:53:36] /i 6025
[17/12/2010 19:53:36] /i 6025
[17/12/2010 19:53:36] /i 6025
[17/12/2010 19:53:36] /i 6025
[17/12/2010 19:53:36] /i 6025
[17/12/2010 19:53:36] /i 6025
[17/12/2010 19:53:36] /i 6025
[17/12/2010 19:53:36] /i 6025
[17/12/2010 19:53:36] /i 6025
[17/12/2010 19:53:41] /i 2147
[17/12/2010 20:18:41] /s horsea
[17/12/2010 20:20:36] /r
[17/12/2010 20:20:55] /s horsea
[17/12/2010 20:22:30] /s bellsprout
[17/12/2010 20:23:31] /s charizard
[17/12/2010 20:23:37] /r
[17/12/2010 20:23:40] /s charmeleon
[17/12/2010 20:24:12] /r
[17/12/2010 20:24:23] /r
[17/12/2010 20:39:46] /s seadra
[17/12/2010 20:39:49] /s charmeleon
[17/12/2010 20:42:47] /s charmeleon
[17/12/2010 20:48:25] /s charmeleon
[17/12/2010 20:49:37] /s seadra
[17/12/2010 20:49:46] /r
[17/12/2010 20:49:48] /r
[17/12/2010 20:50:52] /a 4
[17/12/2010 20:50:53] /a 4
[17/12/2010 20:50:53] /a 4
[17/12/2010 20:50:54] /a 4
[17/12/2010 20:50:56] /a 4
[17/12/2010 20:50:57] /a 4
[17/12/2010 20:50:58] /a 4
[17/12/2010 20:50:59] /a 4
[17/12/2010 20:51:00] /a 4
[17/12/2010 20:51:02] /a 4
[17/12/2010 20:52:40] /r
[17/12/2010 20:53:27] /r
[17/12/2010 20:53:29] /t
[17/12/2010 20:53:32] /r
[17/12/2010 20:53:33] /r
[17/12/2010 20:53:35] /r
[17/12/2010 21:16:07] /i 2872
[17/12/2010 21:21:59] /i 2973
[17/12/2010 21:29:14] /m horsea
[17/12/2010 21:29:23] /m horsea
[17/12/2010 21:29:28] /m horsea
[17/12/2010 21:29:35] /m horsea
[17/12/2010 21:29:53] /m horsea
[17/12/2010 21:30:39] /t
[17/12/2010 21:30:44] /i 2277
[17/12/2010 21:30:58] /m geodude
[17/12/2010 21:34:28] /goto bruna
[17/12/2010 21:34:39] /goto bruna
[17/12/2010 21:37:18] /goto bruna
[17/12/2010 21:40:44] /goto bruna
[17/12/2010 21:50:05] /s porygon
[17/12/2010 21:52:03] /t
[17/12/2010 22:17:25] /s fisher patrick
[17/12/2010 22:17:32] /n fisher patrick
[17/12/2010 22:19:02] /a 12
[17/12/2010 22:19:02] /a 12
[17/12/2010 22:19:14] /a 14
[17/12/2010 22:19:16] /a 14
[17/12/2010 22:19:18] /a 2
[17/12/2010 22:19:19] /a 2
[17/12/2010 22:22:02] /n fisher patrick
[17/12/2010 22:22:10] /a 3
[17/12/2010 22:22:10] /a 3
[17/12/2010 22:22:11] /a 3
[17/12/2010 22:22:12] /a 3
[17/12/2010 22:22:28] /storage Bruninho, 2012
[17/12/2010 23:12:50] /a 2
[17/12/2010 23:12:51] /a 2
[17/12/2010 23:12:52] /a 2
[17/12/2010 23:12:53] /a 2
[17/12/2010 23:12:53] /a 2
[17/12/2010 23:12:54] /a 2
[17/12/2010 23:12:54] /a 2
[17/12/2010 23:13:01] /a 4
[17/12/2010 23:13:05] /a 14
[17/12/2010 23:15:13] /a 12
[17/12/2010 23:15:15] /a 4
[17/12/2010 23:15:16] /a 4
[17/12/2010 23:15:17] /a 4
[17/12/2010 23:15:27] /i 2277
[17/12/2010 23:15:55] /a 14
[17/12/2010 23:15:56] /a 14
[17/12/2010 23:15:57] /a 14
[17/12/2010 23:16:30] /a 45
[17/12/2010 23:20:59] /r
[17/12/2010 23:21:19] /t
[18/12/2010 01:27:16] /a 45
[18/12/2010 01:27:17] /a 45
[18/12/2010 01:28:02] /t
[18/12/2010 01:29:54] /a 13
[18/12/2010 01:29:55] /a 13
[18/12/2010 23:09:34] /i 2220
[18/12/2010 23:10:11] /ghost
[18/12/2010 23:15:21] /t
[18/12/2010 23:43:18] /i 2275
[18/12/2010 23:43:31] /a 45
[18/12/2010 23:43:36] /i 2275
[18/12/2010 23:46:52] /i 2275
[18/12/2010 23:46:55] /m bellsprout s
[18/12/2010 23:47:20] /i 2275
[18/12/2010 23:47:20] /i 2275
[18/12/2010 23:47:57] /i 2275
[18/12/2010 23:48:03] /m pidgeotto s
[18/12/2010 23:51:08] /m pidgeotto s
[18/12/2010 23:52:16] /i 2275
[18/12/2010 23:52:40] /i 2275
[18/12/2010 23:52:45] /i 2275
[18/12/2010 23:55:55] /m pidgeotto s
[18/12/2010 23:56:05] /r
[18/12/2010 23:56:11] /m pidgeotto s
[18/12/2010 23:57:15] /i 2274
[19/12/2010 00:29:08] /i 2271
[19/12/2010 00:29:10] /i 2272
[19/12/2010 00:29:11] /i 2273
[19/12/2010 00:29:12] /i 2274
[19/12/2010 00:29:12] /i 2275
[19/12/2010 00:29:23] /r
[19/12/2010 00:30:16] /m pidgeotto s
[19/12/2010 00:30:17] /m pidgeotto s
[19/12/2010 00:37:21] /i 2160
[19/12/2010 00:37:37] /s pidgeot
[19/12/2010 00:39:14] /r
[19/12/2010 00:39:16] /s pidgeot
[19/12/2010 00:39:25] /r
[19/12/2010 00:39:26] /r
[19/12/2010 00:39:28] /s pidgeot
[19/12/2010 00:44:53] /r
[19/12/2010 00:44:55] /s pidgeot
[19/12/2010 00:45:20] /r
[19/12/2010 00:45:21] /s pidgeot
[19/12/2010 00:45:37] /r
[19/12/2010 00:45:39] /s pidgeot
[19/12/2010 00:45:59] /r
[19/12/2010 00:46:00] /s pidgeot
[19/12/2010 00:46:02] /a 2
[19/12/2010 00:47:15] /a 1
[19/12/2010 00:53:42] /i 2275
[19/12/2010 00:53:47] /i 2271
[19/12/2010 00:53:53] /i 2274
[19/12/2010 00:54:00] /i 2272
[19/12/2010 00:54:21] /i 2274
[19/12/2010 00:55:45] /s pidgeot
[19/12/2010 00:56:05] /r
[19/12/2010 00:56:07] /s pidgeot
[19/12/2010 00:56:19] /r
[19/12/2010 00:56:22] /s pidgeot
[19/12/2010 00:57:38] /r
[19/12/2010 00:59:06] /a 1
[19/12/2010 00:59:07] /a 1
[19/12/2010 00:59:08] /a 2
[19/12/2010 00:59:09] /a 2
[19/12/2010 00:59:11] /a 2
[19/12/2010 00:59:12] /a 2
[19/12/2010 00:59:14] /a 2
[19/12/2010 00:59:15] /a 2
[19/12/2010 00:59:16] /a 2
[19/12/2010 00:59:17] /a 2
[19/12/2010 00:59:17] /a 2
[19/12/2010 00:59:18] /a 2
[19/12/2010 00:59:19] /a 2
[19/12/2010 00:59:23] /a 2
[19/12/2010 00:59:26] /a 2
[19/12/2010 00:59:27] /a 2
[19/12/2010 00:59:29] /a 2
[19/12/2010 00:59:32] /a 2
[19/12/2010 00:59:33] /a 2
[19/12/2010 00:59:34] /a 2
[19/12/2010 00:59:40] /a 2
[19/12/2010 00:59:42] /a 2
[19/12/2010 00:59:42] /a 2
[19/12/2010 00:59:43] /a 2
[19/12/2010 00:59:44] /a 2
[19/12/2010 00:59:46] /a 2
[19/12/2010 00:59:46] /a 2
[19/12/2010 00:59:47] /a 2
[19/12/2010 00:59:47] /a 2
[19/12/2010 00:59:48] /a 2
[19/12/2010 00:59:49] /a 2
[19/12/2010 00:59:49] /a 2
[19/12/2010 00:59:50] /a 2
[19/12/2010 00:59:50] /a 2
[19/12/2010 00:59:56] /a 2
[19/12/2010 00:59:57] /a 2
[19/12/2010 00:59:57] /a 2
[19/12/2010 00:59:58] /a 2
[19/12/2010 00:59:58] /a 2
[19/12/2010 00:59:59] /a 2
[19/12/2010 01:00:14] /t
[19/12/2010 01:00:43] /s dragonite
[19/12/2010 01:01:47] /r
[19/12/2010 01:01:49] /s dragonite
[19/12/2010 01:01:50] /a 4
[19/12/2010 01:02:20] /r
[19/12/2010 01:02:22] /s dragonite
[19/12/2010 01:02:35] /r
[19/12/2010 01:02:37] /s zapdos
[19/12/2010 01:03:48] /r
[19/12/2010 01:03:49] /s zapdos
[19/12/2010 01:03:53] /r
[19/12/2010 01:03:54] /r
[19/12/2010 01:03:55] /r
[19/12/2010 01:03:55] /r
[19/12/2010 01:03:57] /r
[19/12/2010 01:03:58] /s moltre
[19/12/2010 01:04:00] /s moltre
[19/12/2010 01:04:01] /s moltres
[19/12/2010 01:05:07] /r
[19/12/2010 01:05:12] /r
[19/12/2010 01:05:15] /i 2275
[19/12/2010 01:05:16] /i 2275
[19/12/2010 01:05:21] /r
[19/12/2010 01:05:23] /r
[19/12/2010 01:05:23] /r
[19/12/2010 01:05:27] /r
[19/12/2010 01:05:40] /r
[19/12/2010 01:05:41] /r
[19/12/2010 01:05:42] /r
[19/12/2010 01:05:43] /r
[19/12/2010 01:05:45] /r
[19/12/2010 01:05:46] /r
[19/12/2010 01:05:47] /r
[19/12/2010 01:05:48] /r
[19/12/2010 01:05:49] /r
[19/12/2010 01:05:54] /i freezer
[19/12/2010 01:06:00] /i a freezer
[19/12/2010 01:06:07] /i 1647
[19/12/2010 01:06:22] /r
[19/12/2010 01:06:24] /i white freezer
[19/12/2010 01:06:29] /r
[19/12/2010 01:06:32] /i wooden television
[19/12/2010 01:06:38] /r
[19/12/2010 01:06:43] /i orange armchair
[19/12/2010 01:06:50] /r
[19/12/2010 01:06:54] /t
[19/12/2010 01:06:58] /r
[19/12/2010 16:20:37] /a 45
[19/12/2010 16:25:17] /i 2275
[19/12/2010 16:25:22] /i 2272
[19/12/2010 16:37:29] /a 45
[19/12/2010 16:41:43] /m pidgeotto s
[19/12/2010 16:44:35] /r
[19/12/2010 16:45:21] /t
[19/12/2010 16:45:24] /ghost
[19/12/2010 16:45:35] /a 22
[19/12/2010 16:45:36] /a 25
[19/12/2010 16:45:38] /a 28
[19/12/2010 16:45:46] /a 2
[19/12/2010 16:45:48] /a 4
[19/12/2010 16:46:43] /t
[19/12/2010 16:46:46] /a 2
[19/12/2010 16:46:46] /a 2
[19/12/2010 16:46:47] /a 2
[19/12/2010 16:46:47] /a 2
[19/12/2010 16:46:48] /a 2
[19/12/2010 16:46:48] /a 2
[19/12/2010 16:46:49] /a 2
[19/12/2010 16:46:49] /a 2
[19/12/2010 16:46:50] /a 2
[19/12/2010 16:49:25] /a 1
[19/12/2010 16:49:27] /a 14
[19/12/2010 16:49:28] /a 14
[19/12/2010 16:49:31] /a 14
[19/12/2010 16:49:36] /a 6
[19/12/2010 16:53:15] /a 2
[19/12/2010 16:53:16] /a 2
[19/12/2010 16:53:16] /a 2
[19/12/2010 16:53:17] /a 2
[19/12/2010 16:53:17] /a 2
[19/12/2010 16:53:17] /a 2
[19/12/2010 16:53:18] /a 2
[19/12/2010 16:53:18] /a 2
[19/12/2010 16:53:19] /a 2
[19/12/2010 16:53:20] /a 2
[19/12/2010 16:53:21] /a 2
[19/12/2010 16:53:21] /a 2
[19/12/2010 16:53:22] /a 2
[19/12/2010 16:53:22] /a 2
[19/12/2010 16:53:22] /a 2
[19/12/2010 16:53:23] /a 2
[19/12/2010 16:53:23] /a 2
[19/12/2010 16:53:24] /a 2
[19/12/2010 16:53:25] /a 2
[19/12/2010 16:53:28] /a 2
[19/12/2010 16:53:28] /a 2
[19/12/2010 16:53:29] /a 2
[19/12/2010 16:53:29] /a 2
[19/12/2010 16:53:39] /a 2
[19/12/2010 16:53:39] /a 2
[19/12/2010 16:53:39] /a 2
[19/12/2010 16:53:40] /a 2
[19/12/2010 16:53:40] /a 2
[19/12/2010 16:53:41] /a 2
[19/12/2010 16:53:41] /a 2
[19/12/2010 16:53:42] /a 2
[19/12/2010 16:53:58] /goto abra
[19/12/2010 16:54:01] /a 2
[19/12/2010 16:54:02] /a 2
[19/12/2010 16:54:03] /s abra
[19/12/2010 16:54:05] /goto abra
[19/12/2010 16:54:22] /a 2
[19/12/2010 16:54:23] /a 2
[19/12/2010 16:54:24] /a 2
[19/12/2010 16:54:24] /a 2
[19/12/2010 16:54:25] /a 2
[19/12/2010 16:54:25] /a 2
[19/12/2010 16:54:27] /a 2
[19/12/2010 16:54:27] /a 2
[19/12/2010 16:54:28] /a 2
[19/12/2010 16:54:29] /a 2
[19/12/2010 16:54:30] /a 2
[19/12/2010 16:54:31] /a 2
[19/12/2010 16:54:31] /a 2
[19/12/2010 16:54:32] /a 2
[19/12/2010 16:54:33] /a 2
[19/12/2010 16:54:33] /a 2
[19/12/2010 16:54:34] /a 2
[19/12/2010 16:57:35] /a 8
[19/12/2010 16:57:39] /a 8
[19/12/2010 16:57:43] /a 8
[19/12/2010 16:57:50] /a 8
[19/12/2010 16:57:53] /a 45
[19/12/2010 16:57:55] /a 67
[19/12/2010 16:58:03] /goto abra
[19/12/2010 16:58:17] /t
[19/12/2010 17:26:58] /i 6055
[19/12/2010 17:29:17] /i 2845
[19/12/2010 17:31:02] /i 2147
[19/12/2010 17:31:14] /i 6055
[19/12/2010 17:31:14] /i 6055
[19/12/2010 17:31:14] /i 6055
[19/12/2010 17:31:15] /i 6055
[19/12/2010 17:31:15] /i 6055
[19/12/2010 17:31:15] /i 6055
[19/12/2010 17:31:16] /i 6055
[19/12/2010 17:31:16] /i 6055
[19/12/2010 17:31:16] /i 6055
[19/12/2010 17:31:17] /i 6055
[19/12/2010 17:31:17] /i 6055
[19/12/2010 17:31:17] /i 6055
[19/12/2010 17:31:17] /i 6055
[19/12/2010 17:31:18] /i 6055
[19/12/2010 17:32:03] /m weepinbell s
[19/12/2010 17:32:50] /m weepinbell s
[19/12/2010 17:34:01] /m weepinbell s
[19/12/2010 17:34:10] /i 2272
[19/12/2010 17:34:24] /m weepinbell s
[19/12/2010 17:36:10] /m weepinbell s
[19/12/2010 17:42:22] /i 2278
[19/12/2010 17:43:15] /r
[19/12/2010 17:43:17] /s muk
[19/12/2010 17:44:12] /m weepinbell s
[19/12/2010 17:44:19] /m weepinbell s
[19/12/2010 17:54:24] /m weepinbell s
[19/12/2010 17:54:28] /r
[19/12/2010 17:54:48] /m articuno
[19/12/2010 18:00:44] /r
[19/12/2010 18:00:46] /m weepinbell s
[19/12/2010 18:05:09] /s zubat
[19/12/2010 18:08:36] /m articuno
[19/12/2010 18:40:05] /r
[19/12/2010 18:40:07] /m weepinbell s
[19/12/2010 18:40:13] /m weepinbell s
[19/12/2010 18:40:29] /m weepinbell s
[19/12/2010 18:40:49] /m weepinbell s
[19/12/2010 18:41:03] /a 45
[19/12/2010 18:41:42] /a 4
[19/12/2010 18:41:42] /a 4
[19/12/2010 18:41:43] /a 4
[19/12/2010 18:46:16] /a 15
[19/12/2010 18:46:29] /a 3
[19/12/2010 18:46:30] /a 3
[19/12/2010 18:48:56] /i 2273
[19/12/2010 18:49:04] /i 2271
[19/12/2010 18:49:16] /m golbat
[19/12/2010 18:50:38] /t
[19/12/2010 18:50:43] /i 2845
[19/12/2010 18:50:53] /i 2845
[19/12/2010 18:50:53] /i 2845
[19/12/2010 18:50:54] /i 2845
[19/12/2010 18:50:54] /i 2845
[19/12/2010 18:50:55] /i 2845
[19/12/2010 18:53:58] /i 2845
[19/12/2010 18:53:58] /i 2845
[19/12/2010 18:53:58] /i 2845
[19/12/2010 18:53:59] /i 2845
[19/12/2010 18:53:59] /i 2845
[19/12/2010 18:53:59] /i 2845
[19/12/2010 18:53:59] /i 2845
[19/12/2010 18:54:00] /i 2845
[19/12/2010 18:54:00] /i 2845
[19/12/2010 18:54:00] /i 2845
[19/12/2010 18:54:01] /i 2845
[19/12/2010 18:54:01] /i 2845
[19/12/2010 18:54:01] /i 2845
[19/12/2010 18:54:02] /i 2845
[19/12/2010 18:54:02] /i 2845
[19/12/2010 18:54:02] /i 2845
[19/12/2010 18:54:02] /i 2845
[19/12/2010 18:54:03] /i 2845
[19/12/2010 18:54:03] /i 2845
[19/12/2010 18:54:03] /i 2845
[19/12/2010 18:54:03] /i 2845
[19/12/2010 18:54:04] /i 2845
[19/12/2010 18:54:04] /i 2845
[19/12/2010 18:54:04] /i 2845
[19/12/2010 18:54:05] /i 2845
[19/12/2010 18:54:05] /i 2845
[19/12/2010 18:54:05] /i 2845
[19/12/2010 18:54:05] /i 2845
[19/12/2010 18:54:06] /i 2845
[19/12/2010 18:54:06] /i 2845
[19/12/2010 18:55:00] /i 6055
[19/12/2010 18:55:01] /i 6055
[19/12/2010 18:55:01] /i 6055
[19/12/2010 18:55:02] /i 6055
[19/12/2010 18:55:02] /i 6055
[19/12/2010 18:55:02] /i 6055
[19/12/2010 18:55:03] /i 6055
[19/12/2010 18:55:03] /i 6055
[19/12/2010 18:55:03] /i 6055
[19/12/2010 18:55:04] /i 6055
[19/12/2010 18:55:04] /i 6055
[19/12/2010 18:55:04] /i 6055
[19/12/2010 18:55:05] /i 6055
[19/12/2010 18:55:05] /i 6055
[19/12/2010 18:55:05] /i 6055
[19/12/2010 18:55:05] /i 6055
[19/12/2010 18:55:06] /i 6055
[19/12/2010 18:55:06] /i 6055
[19/12/2010 18:55:06] /i 6055
[19/12/2010 18:55:06] /i 6055
[19/12/2010 18:55:07] /i 6055
[19/12/2010 18:55:07] /i 6055
[19/12/2010 18:55:07] /i 6055
[19/12/2010 18:55:07] /i 6055
[19/12/2010 18:55:08] /i 6055
[19/12/2010 18:55:08] /i 6055
[19/12/2010 18:55:08] /i 6055
[19/12/2010 18:55:08] /i 6055
[19/12/2010 18:55:09] /i 6055
[19/12/2010 18:55:09] /i 6055
[19/12/2010 19:03:30] /s articuno
[19/12/2010 19:03:33] /m beedrill
[19/12/2010 19:05:59] /r
[19/12/2010 19:06:00] /s golem
[19/12/2010 19:06:08] /r
[19/12/2010 19:13:48] /m beedrill
[19/12/2010 19:13:56] /r
[19/12/2010 19:13:59] /s articuno
[19/12/2010 19:14:08] /r
[19/12/2010 19:20:39] /ghost
[19/12/2010 19:26:11] /t
[19/12/2010 19:41:13] /s seadra
[19/12/2010 19:41:17] /s horsea
[19/12/2010 19:41:31] /r
[19/12/2010 19:41:32] /r
[19/12/2010 19:53:25] /m articuno
[19/12/2010 19:53:33] /s seadra
[19/12/2010 20:03:41] /r
[19/12/2010 20:03:43] /r
[19/12/2010 20:12:50] /ghost
[19/12/2010 20:12:54] /s articuno
[19/12/2010 20:12:56] /m seadra s
[19/12/2010 20:17:43] /r
[19/12/2010 20:17:45] /r
[19/12/2010 20:18:02] /a 14
[19/12/2010 20:18:03] /a 14
[19/12/2010 20:18:03] /a 14
[19/12/2010 20:18:04] /a 2
[19/12/2010 20:18:05] /a 2
[19/12/2010 20:18:49] /a 4
[19/12/2010 20:18:50] /a 4
[19/12/2010 20:18:50] /a 4
[19/12/2010 20:18:50] /a 4
[19/12/2010 20:18:51] /a 4
[19/12/2010 20:18:51] /a 4
[19/12/2010 20:18:55] /a 4
[19/12/2010 20:18:56] /a 4
[19/12/2010 20:18:56] /a 4
[19/12/2010 20:18:58] /a 4
[19/12/2010 20:31:01] /t
[19/12/2010 21:35:01] /i 2687
[19/12/2010 21:37:55] /m magikarp s
[19/12/2010 21:38:03] /m magikarp s
[19/12/2010 21:38:04] /m magikarp s
[19/12/2010 21:38:05] /m magikarp s
[19/12/2010 21:38:27] /m magikarp s
[19/12/2010 21:38:31] /m magikarp s
[19/12/2010 21:38:38] /m magikarp s
[19/12/2010 21:38:38] /m magikarp s
[19/12/2010 21:38:39] /m magikarp s
[19/12/2010 21:38:39] /m magikarp s
[19/12/2010 21:38:40] /m magikarp s
[19/12/2010 21:39:25] /m magikarp s
[19/12/2010 21:39:26] /m magikarp s
[19/12/2010 21:39:26] /m magikarp s
[19/12/2010 21:39:26] /m magikarp s
[19/12/2010 21:39:26] /m magikarp s
[19/12/2010 21:39:26] /m magikarp s
[19/12/2010 21:39:26] /m magikarp s
[19/12/2010 21:39:26] /m magikarp s
[19/12/2010 21:39:26] /m magikarp s
[19/12/2010 21:39:26] /m magikarp s
[19/12/2010 21:39:26] /m magikarp s
[19/12/2010 21:39:26] /m magikarp s
[19/12/2010 21:39:26] /m magikarp s
[19/12/2010 21:39:27] /m magikarp s
[19/12/2010 21:39:27] /m magikarp s
[19/12/2010 21:39:27] /m magikarp s
[19/12/2010 21:39:27] /m magikarp s
[19/12/2010 21:39:27] /m magikarp s
[19/12/2010 21:39:27] /m magikarp s
[19/12/2010 21:39:34] /a 2
[19/12/2010 21:39:34] /a 2
[19/12/2010 21:39:35] /m magikarp s
[19/12/2010 21:39:36] /m magikarp s
[19/12/2010 21:39:36] /m magikarp s
[19/12/2010 21:39:37] /m magikarp s
[19/12/2010 21:39:37] /m magikarp s
[19/12/2010 21:39:38] /m magikarp s
[19/12/2010 21:39:39] /m magikarp s
[19/12/2010 21:39:39] /m magikarp s
[19/12/2010 21:39:40] /m magikarp s
[19/12/2010 21:39:40] /m magikarp s
[19/12/2010 21:39:41] /m magikarp s
[19/12/2010 21:39:42] /m magikarp s
[19/12/2010 21:39:43] /m magikarp s
[19/12/2010 21:39:43] /m magikarp s
[19/12/2010 21:39:44] /m magikarp s
[19/12/2010 21:39:44] /m magikarp s
[19/12/2010 21:39:45] /m magikarp s
[19/12/2010 21:39:45] /m magikarp s
[19/12/2010 21:39:46] /m magikarp s
[19/12/2010 21:39:47] /m magikarp s
[19/12/2010 21:39:47] /m magikarp s
[19/12/2010 21:39:47] /m magikarp s
[19/12/2010 21:39:48] /m magikarp s
[19/12/2010 21:39:48] /m magikarp s
[19/12/2010 21:39:49] /m magikarp s
[19/12/2010 21:39:52] /r
[19/12/2010 21:39:54] /r
[19/12/2010 21:39:56] /r
[19/12/2010 21:39:57] /r
[19/12/2010 21:39:58] /r
[19/12/2010 21:39:59] /r
[19/12/2010 21:40:00] /r
[19/12/2010 21:40:00] /r
[19/12/2010 21:40:01] /r
[19/12/2010 21:40:02] /r
[19/12/2010 21:40:05] /r
[19/12/2010 21:40:06] /r
[19/12/2010 21:40:07] /r
[19/12/2010 21:40:09] /r
[19/12/2010 21:40:11] /r
[19/12/2010 21:40:12] /r
[19/12/2010 21:40:13] /r
[19/12/2010 21:40:15] /r
[19/12/2010 21:40:16] /r
[19/12/2010 21:40:17] /r
[19/12/2010 21:40:18] /r
[19/12/2010 21:40:18] /r
[19/12/2010 21:40:19] /r
[19/12/2010 21:40:21] /r
[19/12/2010 21:40:21] /r
[19/12/2010 21:46:08] /i 2419
[19/12/2010 21:52:51] /m poliwag s
[19/12/2010 21:52:52] /m poliwag s
[19/12/2010 21:52:53] /m poliwag s
[19/12/2010 21:52:54] /m poliwag s
[19/12/2010 21:52:54] /m poliwag s
[19/12/2010 21:52:55] /m poliwag s
[19/12/2010 21:52:56] /m poliwag s
[19/12/2010 21:52:57] /m poliwag s
[19/12/2010 21:52:58] /m poliwag s
[19/12/2010 21:53:07] /r
[19/12/2010 21:53:11] /r
[19/12/2010 21:53:13] /r
[19/12/2010 21:53:14] /r
[19/12/2010 21:53:15] /r
[19/12/2010 21:53:27] /r
[19/12/2010 21:53:27] /r
[19/12/2010 21:53:27] /r
[19/12/2010 21:53:27] /r
[19/12/2010 21:53:28] /r
[19/12/2010 21:53:28] /r
[19/12/2010 21:53:28] /r
[19/12/2010 21:53:28] /r
[19/12/2010 21:53:28] /r
[19/12/2010 21:53:28] /r
[19/12/2010 21:53:28] /r
[19/12/2010 21:53:28] /r
[19/12/2010 21:53:28] /r
[19/12/2010 21:53:28] /r
[19/12/2010 21:53:29] /m poliwag s
[19/12/2010 21:53:36] /ghost
[19/12/2010 21:53:38] /m poliwag s
[19/12/2010 21:53:39] /r
[19/12/2010 21:53:49] /r
[19/12/2010 21:53:50] /m poliwag s
[19/12/2010 21:53:53] /r
[19/12/2010 21:53:53] /m poliwag s
[19/12/2010 21:53:54] /r
[19/12/2010 21:53:55] /m poliwag s
[19/12/2010 21:53:57] /r
[19/12/2010 21:53:58] /m poliwag s
[19/12/2010 21:54:00] /r
[19/12/2010 21:54:00] /m poliwag s
[19/12/2010 21:54:02] /r
[19/12/2010 21:54:02] /m poliwag s
[19/12/2010 21:54:03] /r
[19/12/2010 21:54:05] /r
[19/12/2010 21:54:05] /m poliwag s
[19/12/2010 21:54:07] /r
[19/12/2010 21:54:07] /r
[19/12/2010 21:54:08] /m poliwag s
[19/12/2010 21:54:10] /r
[19/12/2010 21:54:11] /r
[19/12/2010 21:54:11] /m poliwag s
[19/12/2010 21:54:13] /r
[19/12/2010 21:54:13] /m poliwag s
[19/12/2010 21:54:14] /r
[19/12/2010 21:54:15] /m poliwag s
[19/12/2010 21:54:16] /r
[19/12/2010 21:54:18] /r
[19/12/2010 21:54:18] /m poliwag s
[19/12/2010 21:54:22] /r
[19/12/2010 21:54:23] /m poliwag s
[19/12/2010 21:54:26] /r
[19/12/2010 21:54:26] /m poliwag s
[19/12/2010 21:54:28] /r
[19/12/2010 21:54:28] /m poliwag s
[19/12/2010 21:54:29] /r
[19/12/2010 21:54:30] /m poliwag s
[19/12/2010 21:54:33] /r
[19/12/2010 21:57:07] /i 6055
[19/12/2010 21:57:08] /m poliwag s
[19/12/2010 21:57:09] /m poliwag s
[19/12/2010 21:57:11] /m poliwag s
[19/12/2010 21:57:13] /m poliwag s
[19/12/2010 21:57:15] /m poliwag s
[19/12/2010 21:57:16] /m poliwag s
[19/12/2010 21:57:18] /m poliwag s
[19/12/2010 21:57:20] /m poliwag s
[19/12/2010 21:57:22] /m poliwag s
[19/12/2010 21:57:23] /m poliwag s
[19/12/2010 21:57:27] /r
[19/12/2010 21:57:27] /m poliwag s
[19/12/2010 21:57:29] /m poliwag s
[19/12/2010 21:57:30] /m poliwag s
[19/12/2010 21:57:31] /m poliwag s
[19/12/2010 21:57:32] /m poliwag s
[19/12/2010 21:57:34] /m poliwag s
[19/12/2010 21:57:35] /m poliwag s
[19/12/2010 21:57:36] /m poliwag s
[19/12/2010 21:57:37] /m poliwag s
[19/12/2010 21:57:38] /m poliwag s
[19/12/2010 21:57:40] /m poliwag s
[19/12/2010 21:57:41] /m poliwag s
[19/12/2010 21:57:42] /m poliwag s
[19/12/2010 21:57:43] /m poliwag s
[19/12/2010 21:57:45] /m poliwag s
[19/12/2010 21:57:46] /m poliwag s
[19/12/2010 21:57:47] /m poliwag s
[19/12/2010 21:57:48] /m poliwag s
[19/12/2010 21:57:50] /m poliwag s
[19/12/2010 21:57:51] /m poliwag s
[19/12/2010 21:57:57] /m poliwag s
[19/12/2010 21:57:58] /m poliwag s
[19/12/2010 21:57:59] /m poliwag s
[19/12/2010 21:57:59] /m poliwag s
[19/12/2010 21:57:59] /m poliwag s
[19/12/2010 21:57:59] /m poliwag s
[19/12/2010 21:57:59] /m poliwag s
[19/12/2010 21:57:59] /m poliwag s
[19/12/2010 21:57:59] /m poliwag s
[19/12/2010 21:58:03] /m poliwag s
[19/12/2010 21:58:04] /m poliwag s
[19/12/2010 21:58:07] /m poliwag s
[19/12/2010 21:58:09] /m poliwag s
[19/12/2010 21:58:10] /m poliwag s
[19/12/2010 21:58:11] /m poliwag s
[19/12/2010 21:58:13] /m poliwag s
[19/12/2010 21:58:14] /m poliwag s
[19/12/2010 21:58:15] /m poliwag s
[19/12/2010 21:58:16] /m poliwag s
[19/12/2010 21:58:18] /m poliwag s
[19/12/2010 21:58:19] /m poliwag s
[19/12/2010 21:58:20] /m poliwag s
[19/12/2010 21:58:23] /m poliwag s
[19/12/2010 21:58:24] /m poliwag s
[19/12/2010 21:58:25] /m poliwag s
[19/12/2010 21:58:26] /m poliwag s
[19/12/2010 21:58:34] /i 1285
[19/12/2010 21:58:35] /i 1285
[19/12/2010 21:58:36] /i 1285
[19/12/2010 21:58:36] /i 1285
[19/12/2010 21:58:37] /i 1285
[19/12/2010 21:58:39] /i 1285
[19/12/2010 21:58:40] /m poliwag s
[19/12/2010 21:58:41] /m poliwag s
[19/12/2010 21:58:43] /m poliwag s
[19/12/2010 21:58:44] /m poliwag s
[19/12/2010 21:58:45] /m poliwag s
[19/12/2010 21:58:46] /m poliwag s
[19/12/2010 21:58:47] /m poliwag s
[19/12/2010 21:58:48] /m poliwag s
[19/12/2010 21:58:49] /m poliwag s
[19/12/2010 21:58:50] /m poliwag s
[19/12/2010 21:58:51] /m poliwag s
[19/12/2010 21:58:53] /m poliwag s
[19/12/2010 21:58:54] /m poliwag s
[19/12/2010 21:58:55] /m poliwag s
[19/12/2010 21:58:56] /m poliwag s
[19/12/2010 21:58:57] /m poliwag s
[19/12/2010 21:59:00] /m poliwag s
[19/12/2010 21:59:01] /m poliwag s
[19/12/2010 21:59:02] /m poliwag s
[19/12/2010 21:59:04] /m poliwag s
[19/12/2010 21:59:06] /m poliwag s
[19/12/2010 21:59:07] /m poliwag s
[19/12/2010 21:59:08] /m poliwag s
[19/12/2010 21:59:09] /m poliwag s
[19/12/2010 21:59:11] /m poliwag s
[19/12/2010 21:59:12] /m poliwag s
[19/12/2010 21:59:13] /m poliwag s
[19/12/2010 21:59:15] /m poliwag s
[19/12/2010 21:59:16] /m poliwag s
[19/12/2010 22:00:17] /m poliwag s
[19/12/2010 22:00:18] /m poliwag s
[19/12/2010 22:00:19] /m poliwag s
[19/12/2010 22:00:20] /m poliwag s
[19/12/2010 22:00:21] /m poliwag s
[19/12/2010 22:00:22] /m poliwag s
[19/12/2010 22:00:23] /m poliwag s
[19/12/2010 22:00:24] /m poliwag s
[19/12/2010 22:00:26] /m poliwag s
[19/12/2010 22:00:28] /m poliwag s
[19/12/2010 22:00:29] /m poliwag s
[19/12/2010 22:00:30] /m poliwag s
[19/12/2010 22:01:10] /m poliwag s
[19/12/2010 22:01:11] /m poliwag s
[19/12/2010 22:01:12] /m poliwag s
[19/12/2010 22:01:13] /m poliwag s
[19/12/2010 22:01:14] /m poliwag s
[19/12/2010 22:01:15] /m poliwag s
[19/12/2010 22:01:17] /m poliwag s
[19/12/2010 22:01:18] /m poliwag s
[19/12/2010 22:01:19] /m poliwag s
[19/12/2010 22:01:20] /m poliwag s
[19/12/2010 22:01:21] /m poliwag s
[19/12/2010 22:01:22] /m poliwag s
[19/12/2010 22:01:23] /m poliwag s
[19/12/2010 22:01:25] /m poliwag s
[19/12/2010 22:01:26] /m poliwag s
[19/12/2010 22:01:27] /m poliwag s
[19/12/2010 22:01:28] /m poliwag s
[19/12/2010 22:01:30] /m poliwag s
[19/12/2010 22:01:31] /m poliwag s
[19/12/2010 22:01:32] /m poliwag s
[19/12/2010 22:01:34] /m poliwag s
[19/12/2010 22:01:35] /m poliwag s
[19/12/2010 22:01:37] /m poliwag s
[19/12/2010 22:01:38] /m poliwag s
[19/12/2010 22:01:39] /m poliwag s
[19/12/2010 22:01:40] /m poliwag s
[19/12/2010 22:01:41] /m poliwag s
[19/12/2010 22:01:42] /m poliwag s
[19/12/2010 22:01:44] /m poliwag s
[19/12/2010 22:01:45] /m poliwag s
[19/12/2010 22:01:46] /m poliwag s
[19/12/2010 22:01:48] /m poliwag s
[19/12/2010 22:01:49] /m poliwag s
[19/12/2010 22:01:50] /m poliwag s
[19/12/2010 22:01:51] /m poliwag s
[19/12/2010 22:01:52] /m poliwag s
[19/12/2010 22:01:53] /m poliwag s
[19/12/2010 22:01:54] /m poliwag s
[19/12/2010 22:01:55] /m poliwag s
[19/12/2010 22:01:57] /m poliwag s
[19/12/2010 22:01:58] /m poliwag s
[19/12/2010 22:02:08] /m poliwag s
[19/12/2010 22:02:10] /m poliwag s
[19/12/2010 22:02:11] /m poliwag s
[19/12/2010 22:02:12] /m poliwag s
[19/12/2010 22:02:13] /m poliwag s
[19/12/2010 22:02:14] /m poliwag s
[19/12/2010 22:02:15] /m poliwag s
[19/12/2010 22:02:16] /m poliwag s
[19/12/2010 22:02:18] /m poliwag s
[19/12/2010 22:02:19] /m poliwag s
[19/12/2010 22:02:20] /m poliwag s
[19/12/2010 22:02:21] /m poliwag s
[19/12/2010 22:02:22] /m poliwag s
[19/12/2010 22:02:23] /m poliwag s
[19/12/2010 22:02:36] /m poliwag s
[19/12/2010 22:02:37] /m poliwag s
[19/12/2010 22:02:38] /m poliwag s
[19/12/2010 22:02:39] /m poliwag s
[19/12/2010 22:02:41] /m poliwag s
[19/12/2010 22:02:42] /m poliwag s
[19/12/2010 22:02:43] /m poliwag s
[19/12/2010 22:02:44] /m poliwag s
[19/12/2010 22:02:47] /m poliwag s
[19/12/2010 22:02:49] /m poliwag s
[19/12/2010 22:02:53] /m poliwag s
[19/12/2010 22:02:55] /m poliwag s
[19/12/2010 22:02:56] /m poliwag s
[19/12/2010 22:02:57] /m poliwag s
[19/12/2010 22:02:58] /m poliwag s
[19/12/2010 22:02:59] /m poliwag s
[19/12/2010 22:03:00] /m poliwag s
[19/12/2010 22:03:02] /m poliwag s
[19/12/2010 22:03:03] /m poliwag s
[19/12/2010 22:03:04] /m poliwag s
[19/12/2010 22:03:05] /m poliwag s
[19/12/2010 22:03:06] /m poliwag s
[19/12/2010 22:03:07] /m poliwag s
[19/12/2010 22:03:08] /m poliwag s
[19/12/2010 22:03:10] /m poliwag s
[19/12/2010 22:03:11] /m poliwag s
[19/12/2010 22:03:12] /m poliwag s
[19/12/2010 22:03:14] /m poliwag s
[19/12/2010 22:03:15] /m poliwag s
[19/12/2010 22:03:16] /m poliwag s
[19/12/2010 22:03:17] /m poliwag s
[19/12/2010 22:03:18] /m poliwag s
[19/12/2010 22:03:19] /m poliwag s
[19/12/2010 22:03:20] /m poliwag s
[19/12/2010 22:03:21] /m poliwag s
[19/12/2010 22:03:22] /m poliwag s
[19/12/2010 22:03:24] /m poliwag s
[19/12/2010 22:03:25] /m poliwag s
[19/12/2010 22:03:26] /m poliwag s
[19/12/2010 22:03:27] /m poliwag s
[19/12/2010 22:04:08] /i 2277
[19/12/2010 22:04:11] /r
[19/12/2010 22:04:11] /r
[19/12/2010 22:04:11] /r
[19/12/2010 22:04:12] /r
[19/12/2010 22:04:12] /r
[19/12/2010 22:04:12] /r
[19/12/2010 22:04:12] /r
[19/12/2010 22:04:12] /r
[19/12/2010 22:04:12] /r
[19/12/2010 22:04:12] /r
[19/12/2010 22:04:12] /r
[19/12/2010 22:04:12] /r
[19/12/2010 22:04:12] /r
[19/12/2010 22:04:12] /r
[19/12/2010 22:04:12] /r
[19/12/2010 22:04:12] /r
[19/12/2010 22:04:12] /r
[19/12/2010 22:04:12] /r
[19/12/2010 22:04:12] /r
[19/12/2010 22:04:12] /r
[19/12/2010 22:04:12] /r
[19/12/2010 22:04:12] /r
[19/12/2010 22:04:12] /r
[19/12/2010 22:04:12] /r
[19/12/2010 22:04:12] /r
[19/12/2010 22:04:12] /r
[19/12/2010 22:04:12] /r
[19/12/2010 22:04:12] /r
[19/12/2010 22:04:12] /r
[19/12/2010 22:04:12] /r
[19/12/2010 22:04:12] /r
[19/12/2010 22:04:12] /r
[19/12/2010 22:04:12] /r
[19/12/2010 22:04:14] /r
[19/12/2010 22:04:16] /r
[19/12/2010 22:04:18] /r
[19/12/2010 22:04:19] /r
[19/12/2010 22:04:20] /r
[19/12/2010 22:04:21] /r
[19/12/2010 22:05:12] /m poliwhirl s
[19/12/2010 22:05:13] /m poliwhirl s
[19/12/2010 22:05:14] /m poliwhirl s
[19/12/2010 22:05:16] /m poliwhirl s
[19/12/2010 22:05:17] /m poliwhirl s
[19/12/2010 22:05:18] /m poliwhirl s
[19/12/2010 22:05:19] /m poliwhirl s
[19/12/2010 22:05:20] /m poliwhirl s
[19/12/2010 22:05:21] /m poliwhirl s
[19/12/2010 22:05:23] /m poliwhirl s
[19/12/2010 22:05:26] /m poliwhirl s
[19/12/2010 22:05:27] /m poliwhirl s
[19/12/2010 22:05:28] /m poliwhirl s
[19/12/2010 22:05:29] /m poliwhirl s
[19/12/2010 22:05:31] /m poliwhirl s
[19/12/2010 22:05:32] /m poliwhirl s
[19/12/2010 22:05:33] /m poliwhirl s
[19/12/2010 22:05:34] /m poliwhirl s
[19/12/2010 22:05:35] /m poliwhirl s
[19/12/2010 22:05:36] /m poliwhirl s
[19/12/2010 22:05:37] /m poliwhirl s
[19/12/2010 22:05:39] /m poliwhirl s
[19/12/2010 22:05:40] /m poliwhirl s
[19/12/2010 22:05:41] /m poliwhirl s
[19/12/2010 22:05:43] /m poliwhirl s
[19/12/2010 22:05:44] /m poliwhirl s
[19/12/2010 22:05:45] /m poliwhirl s
[19/12/2010 22:05:46] /m poliwhirl s
[19/12/2010 22:05:47] /m poliwhirl s
[19/12/2010 22:05:51] /m poliwhirl s
[19/12/2010 22:05:52] /m poliwhirl s
[19/12/2010 22:05:53] /m poliwhirl s
[19/12/2010 22:05:55] /m poliwhirl s
[19/12/2010 22:05:56] /m poliwhirl s
[19/12/2010 22:05:57] /m poliwhirl s
[19/12/2010 22:05:58] /m poliwhirl s
[19/12/2010 22:06:00] /m poliwhirl s
[19/12/2010 22:06:01] /m poliwhirl s
[19/12/2010 22:06:02] /m poliwhirl s
[19/12/2010 22:06:04] /m poliwhirl s
[19/12/2010 22:06:05] /m poliwhirl s
[19/12/2010 22:06:06] /m poliwhirl s
[19/12/2010 22:06:07] /m poliwhirl s
[19/12/2010 22:06:08] /m poliwhirl s
[19/12/2010 22:06:09] /m poliwhirl s
[19/12/2010 22:06:11] /m poliwhirl s
[19/12/2010 22:06:12] /m poliwhirl s
[19/12/2010 22:06:13] /m poliwhirl s
[19/12/2010 22:06:14] /m poliwhirl s
[19/12/2010 22:06:15] /m poliwhirl s
[19/12/2010 22:06:17] /m poliwhirl s
[19/12/2010 22:06:18] /m poliwhirl s
[19/12/2010 22:06:38] /m poliwhirl s
[19/12/2010 22:06:39] /m poliwhirl s
[19/12/2010 22:06:41] /m poliwhirl s
[19/12/2010 22:06:42] /m poliwhirl s
[19/12/2010 22:06:44] /m poliwhirl s
[19/12/2010 22:06:45] /m poliwhirl s
[19/12/2010 22:06:46] /m poliwhirl s
[19/12/2010 22:06:48] /m poliwhirl s
[19/12/2010 22:06:49] /m poliwhirl s
[19/12/2010 22:06:50] /m poliwhirl s
[19/12/2010 22:06:51] /m poliwhirl s
[19/12/2010 22:06:52] /m poliwhirl s
[19/12/2010 22:06:53] /m poliwhirl s
[19/12/2010 22:06:55] /m poliwhirl s
[19/12/2010 22:06:56] /m poliwhirl s
[19/12/2010 22:06:57] /m poliwhirl s
[19/12/2010 22:06:58] /m poliwhirl s
[19/12/2010 22:06:59] /m poliwhirl s
[19/12/2010 22:07:00] /m poliwhirl s
[19/12/2010 22:07:01] /m poliwhirl s
[19/12/2010 22:07:03] /m poliwhirl s
[19/12/2010 22:07:04] /m poliwhirl s
[19/12/2010 22:07:07] /m poliwhirl s
[19/12/2010 22:07:08] /m poliwhirl s
[19/12/2010 22:07:09] /m poliwhirl s
[19/12/2010 22:07:11] /m poliwhirl s
[19/12/2010 22:07:12] /m poliwhirl s
[19/12/2010 22:07:13] /m poliwhirl s
[19/12/2010 22:07:14] /m poliwhirl s
[19/12/2010 22:07:15] /m poliwhirl s
[19/12/2010 22:07:17] /m poliwhirl s
[19/12/2010 22:07:18] /m poliwhirl s
[19/12/2010 22:07:19] /m poliwhirl s
[19/12/2010 22:07:20] /m poliwhirl s
[19/12/2010 22:07:22] /m poliwhirl s
[19/12/2010 22:07:23] /m poliwhirl s
[19/12/2010 22:07:24] /m poliwhirl s
[19/12/2010 22:07:25] /m poliwhirl s
[19/12/2010 22:07:26] /m poliwhirl s
[19/12/2010 22:07:27] /m poliwhirl s
[19/12/2010 22:07:29] /m poliwhirl s
[19/12/2010 22:07:30] /m poliwhirl s
[19/12/2010 22:07:31] /m poliwhirl s
[19/12/2010 22:07:32] /m poliwhirl s
[19/12/2010 22:07:34] /m poliwhirl s
[19/12/2010 22:07:35] /m poliwhirl s
[19/12/2010 22:07:36] /m poliwhirl s
[19/12/2010 22:07:37] /m poliwhirl s
[19/12/2010 22:07:39] /m poliwhirl s
[19/12/2010 22:07:43] /r
[19/12/2010 22:07:44] /r
[19/12/2010 22:07:44] /r
[19/12/2010 22:07:44] /r
[19/12/2010 22:07:44] /r
[19/12/2010 22:07:44] /r
[19/12/2010 22:07:45] /r
[19/12/2010 22:07:45] /r
[19/12/2010 22:07:45] /r
[19/12/2010 22:07:45] /r
[19/12/2010 22:07:45] /r
[19/12/2010 22:07:45] /r
[19/12/2010 22:07:45] /r
[19/12/2010 22:07:45] /r
[19/12/2010 22:07:45] /r
[19/12/2010 22:07:45] /r
[19/12/2010 22:07:45] /r
[19/12/2010 22:07:45] /r
[19/12/2010 22:07:45] /r
[19/12/2010 22:07:45] /r
[19/12/2010 22:07:45] /r
[19/12/2010 22:07:45] /r
[19/12/2010 22:07:45] /r
[19/12/2010 22:07:45] /r
[19/12/2010 22:07:45] /r
[19/12/2010 22:07:45] /r
[19/12/2010 22:07:45] /r
[19/12/2010 22:07:45] /r
[19/12/2010 22:07:45] /r
[19/12/2010 22:07:45] /r
[19/12/2010 22:07:45] /r
[19/12/2010 22:07:45] /r
[19/12/2010 22:07:45] /r
[19/12/2010 22:07:45] /r
[19/12/2010 22:07:45] /r
[19/12/2010 22:07:45] /r
[19/12/2010 22:07:45] /r
[19/12/2010 22:07:46] /r
[19/12/2010 22:07:46] /r
[19/12/2010 22:07:46] /r
[19/12/2010 22:07:46] /r
[19/12/2010 22:07:46] /r
[19/12/2010 22:07:46] /r
[19/12/2010 22:07:46] /r
[19/12/2010 22:07:46] /r
[19/12/2010 22:07:46] /r
[19/12/2010 22:07:46] /r
[19/12/2010 22:07:46] /r
[19/12/2010 22:07:46] /r
[19/12/2010 22:07:46] /r
[19/12/2010 22:07:46] /r
[19/12/2010 22:07:46] /r
[19/12/2010 22:07:46] /r
[19/12/2010 22:07:46] /r
[19/12/2010 22:07:46] /r
[19/12/2010 22:07:46] /r
[19/12/2010 22:07:46] /r
[19/12/2010 22:07:46] /r
[19/12/2010 22:07:46] /r
[19/12/2010 22:07:46] /r
[19/12/2010 22:07:46] /r
[19/12/2010 22:07:46] /r
[19/12/2010 22:07:46] /r
[19/12/2010 22:07:46] /r
[19/12/2010 22:11:56] /i 2694
[19/12/2010 22:22:05] /i heart stone
[19/12/2010 22:22:09] /i 2288
[19/12/2010 22:22:10] /i 2289
[19/12/2010 22:29:27] /s alakazam
[19/12/2010 22:29:27] /s alakazam
[19/12/2010 22:29:27] /s alakazam
[19/12/2010 22:29:30] /m pidgeot s
[19/12/2010 22:29:45] /m pidgeot s
[19/12/2010 22:29:56] /m pidgeot s
[19/12/2010 22:30:04] /m pidgeot s
[19/12/2010 22:30:31] /m pidgeot s
[19/12/2010 22:30:42] /m pidgeot s
[19/12/2010 22:30:46] /s alakazam
[19/12/2010 22:30:57] /s alakazam
[19/12/2010 22:30:59] /m pidgeot s
[19/12/2010 22:31:15] /m pidgeot s
[19/12/2010 22:31:24] /m pidgeot s
[19/12/2010 22:31:31] /m pidgeot s
[19/12/2010 22:31:44] /m pidgeot s
[19/12/2010 22:31:55] /m pidgeot s
[19/12/2010 22:32:02] /m pidgeot s
[19/12/2010 22:32:26] /m pidgeotto s
[19/12/2010 22:32:31] /m pidgeotto s
[19/12/2010 22:32:37] /m pidgeotto s
[19/12/2010 22:32:42] /m pidgeotto s
[19/12/2010 22:32:48] /m pidgeotto s
[19/12/2010 22:32:54] /m pidgeotto s
[19/12/2010 22:33:00] /m pidgeotto s
[19/12/2010 22:33:07] /m pidgeotto s
[19/12/2010 22:33:13] /m pidgeotto s
[19/12/2010 22:33:20] /m pidgeotto s
[19/12/2010 22:33:25] /m pidgeotto s
[19/12/2010 22:33:31] /m pidgeotto s
[19/12/2010 22:33:37] /m pidgeotto s
[19/12/2010 22:33:42] /m pidgeotto s
[19/12/2010 22:33:49] /m pidgeotto s
[19/12/2010 22:34:04] /m pidgeotto s
[19/12/2010 22:34:11] /m pidgeotto s
[19/12/2010 22:34:17] /m pidgeotto s
[19/12/2010 22:34:23] /m pidgeotto s
[19/12/2010 22:34:34] /m pidgeotto s
[19/12/2010 22:34:40] /m pidgeotto s
[19/12/2010 22:34:50] /m pidgeotto s
[19/12/2010 22:34:57] /m pidgeotto s
[19/12/2010 22:35:03] /m pidgeotto s
[19/12/2010 22:35:06] /m pidgeotto s
[19/12/2010 22:35:11] /m pidgeotto s
[19/12/2010 22:35:19] /m pidgeotto s
[19/12/2010 22:35:24] /m pidgeotto s
[19/12/2010 22:35:29] /m pidgeotto s
[19/12/2010 22:35:36] /m pidgeotto s
[19/12/2010 22:35:39] /m pidgeotto s
[19/12/2010 22:35:43] /m pidgeotto s
[19/12/2010 22:35:48] /m pidgeotto s
[19/12/2010 22:35:57] /m pidgeotto s
[19/12/2010 22:36:03] /m pidgeotto s
[19/12/2010 22:36:08] /m pidgeotto s
[19/12/2010 22:36:22] /r
[19/12/2010 22:36:23] /r
[19/12/2010 22:36:24] /r
[19/12/2010 22:36:26] /r
[19/12/2010 22:38:19] /s pidgeotto
[19/12/2010 22:38:21] /m articuno
[19/12/2010 22:44:42] /r
[19/12/2010 22:44:43] /r
[19/12/2010 22:44:46] /s articuno
[19/12/2010 22:44:47] /r
[19/12/2010 22:44:49] /m pidgeot
[19/12/2010 22:45:04] /r
[19/12/2010 22:45:06] /m pidgeot s
[19/12/2010 22:48:50] /s beedrill
[19/12/2010 22:48:52] /r
[19/12/2010 22:58:13] /r
[19/12/2010 22:58:17] /r
[19/12/2010 23:00:32] /m weepinbell s
[19/12/2010 23:42:18] /i 2278
[19/12/2010 23:56:27] /t
[19/12/2010 23:56:31] /a 45
[20/12/2010 00:00:03] /a 45
[20/12/2010 00:00:38] /i 2147, 14
[20/12/2010 00:06:05] /a 2
[20/12/2010 00:06:07] /n nurse
[20/12/2010 00:06:09] /n nurse chansey
[20/12/2010 00:06:10] /a 2
[20/12/2010 00:09:25] /t
[20/12/2010 00:47:40] /i 2160
[20/12/2010 00:47:46] /i 2160
[20/12/2010 00:47:51] /i 2152
[20/12/2010 00:47:56] /i 2148
[20/12/2010 00:47:58] /i 2146
[20/12/2010 00:48:01] /i 2146
[20/12/2010 00:48:57] /i potion
[20/12/2010 00:49:04] /i potion
[20/12/2010 00:49:10] /i 2271
[20/12/2010 00:49:15] /i 2272
[20/12/2010 00:49:16] /i 2274
[20/12/2010 00:49:21] /i 2275
[20/12/2010 00:52:51] /i 2274
[20/12/2010 00:53:39] /i 2271
[20/12/2010 00:57:00] /n mark
[20/12/2010 00:58:15] /i water pendant, 100
[20/12/2010 00:59:30] /i 8821
[20/12/2010 00:59:33] /i 8822
[20/12/2010 01:00:02] /i 8822
[20/12/2010 01:00:21] /i 8823
[20/12/2010 01:01:04] /i 8825
[20/12/2010 01:01:59] /n mark
[20/12/2010 01:09:35] /i 8856
[20/12/2010 01:11:28] /i water pendant
[20/12/2010 01:11:39] /i rat tail
[20/12/2010 01:12:06] /i pair of leaves
[20/12/2010 01:12:14] /i gosme
[20/12/2010 01:12:29] /i feather
[20/12/2010 01:12:36] /i bitten apple
[20/12/2010 01:12:50] /i bird beak
[20/12/2010 01:13:00] /i bat wing
[20/12/2010 01:13:47] /i 8855
[20/12/2010 01:14:08] /i bag of polem
[20/12/2010 01:14:39] /i 8849
[20/12/2010 01:15:58] /i 7732
[20/12/2010 01:16:06] /i roc feather
[20/12/2010 01:16:33] /n mark
[20/12/2010 01:20:10] /r
[20/12/2010 01:20:11] /n mark
[20/12/2010 01:20:49] /n mark
[20/12/2010 01:25:18] /n mark
[20/12/2010 01:25:42] /i seed
[20/12/2010 01:25:43] /i seed
[20/12/2010 01:25:43] /i seed
[20/12/2010 01:25:44] /i seed
[20/12/2010 01:26:09] /i seed, 50
[20/12/2010 02:13:18] /a 2
[20/12/2010 02:13:18] /a 2
[20/12/2010 02:13:19] /a 2
[20/12/2010 02:13:19] /a 2
[20/12/2010 02:13:19] /a 2
[20/12/2010 02:13:20] /a 2
[20/12/2010 02:13:21] /a 2
[20/12/2010 02:13:21] /a 2
[20/12/2010 02:13:23] /a 2
[20/12/2010 02:13:28] /a 2
[20/12/2010 02:13:28] /a 2
[20/12/2010 02:13:29] /a 2
[20/12/2010 02:13:29] /a 2
[20/12/2010 02:13:30] /a 2
[20/12/2010 02:27:49] /a 45
[20/12/2010 02:28:40] /a 45
[20/12/2010 02:28:44] /s muk
[20/12/2010 02:30:09] /a 2
[20/12/2010 02:30:10] /a 2
[20/12/2010 02:31:19] /m oddish s
[20/12/2010 02:33:37] /a 45
[20/12/2010 02:33:51] /m pidgeotto s
[20/12/2010 02:34:40] /a 12
[20/12/2010 02:34:41] /a 12
[20/12/2010 02:34:42] /a 12
[20/12/2010 02:34:43] /a 4
[20/12/2010 02:34:44] /a 4
[20/12/2010 02:35:57] /t
[20/12/2010 21:01:56] /a 45
[20/12/2010 21:01:58] /a 12
[20/12/2010 21:02:01] /a 22
[20/12/2010 21:02:03] /a 12
[20/12/2010 21:02:04] /a 5
[20/12/2010 21:02:06] /a 5
[20/12/2010 21:02:42] /a 14
[20/12/2010 21:03:19] /r
[20/12/2010 21:03:20] /r
[20/12/2010 21:03:25] /i tabe
[20/12/2010 21:03:27] /i table
[20/12/2010 21:08:19] /a 12
[20/12/2010 21:10:43] /i 5964
[20/12/2010 21:10:46] /i 5964
[20/12/2010 21:10:50] /i 5964
[20/12/2010 22:00:57] /a 2
[20/12/2010 22:00:57] /a 2
[20/12/2010 22:00:57] /a 2
[20/12/2010 22:00:58] /a 2
[20/12/2010 22:00:58] /a 2
[20/12/2010 22:01:03] /i 5964
[20/12/2010 22:01:08] /i 5964
[20/12/2010 22:01:14] /i coccon stone
[20/12/2010 22:01:22] /m articuno
[20/12/2010 22:03:04] /r
[20/12/2010 22:03:06] /r
[20/12/2010 22:03:10] /s kakuna
[20/12/2010 22:27:01] /s kakuna
[20/12/2010 22:27:03] /r
[20/12/2010 22:46:13] /n nurse
[20/12/2010 22:56:36] /s kakuna
[21/12/2010 02:31:58] /a 45
[21/12/2010 02:33:55] /s beedrill
[21/12/2010 02:36:33] /r
[21/12/2010 02:42:24] /a 2
[21/12/2010 02:42:25] /a 2
[21/12/2010 02:42:26] /a 2
[21/12/2010 02:42:27] /a 2
[21/12/2010 03:15:06] /m weepinbell s
[21/12/2010 03:15:08] /s beedrill
[21/12/2010 03:15:38] /m weepinbell s
[21/12/2010 03:16:10] /r
[21/12/2010 03:16:11] /r
[21/12/2010 03:16:55] /s seadra
[21/12/2010 03:17:21] /s seadra
[21/12/2010 03:17:35] /m weepinbell s
[21/12/2010 03:17:55] /r
[21/12/2010 03:25:51] /i hyper potion
[21/12/2010 14:54:59] /s beedrill
[21/12/2010 14:55:00] /s beedrill
[21/12/2010 14:55:11] /m beedrill
[21/12/2010 14:55:16] /r
[21/12/2010 14:57:24] /m beedrill
[21/12/2010 15:07:36] /r
[21/12/2010 15:07:51] /i potion
[21/12/2010 15:15:31] /s beedrill
[21/12/2010 15:15:33] /m beedrill
[21/12/2010 15:19:35] /a 4
[21/12/2010 15:19:36] /a 4
[21/12/2010 15:19:36] /a 4
[21/12/2010 15:19:37] /a 4
[21/12/2010 15:19:37] /a 4
[21/12/2010 15:19:37] /a 4
[21/12/2010 15:39:45] /s beedrill
[21/12/2010 15:39:47] /m beedrill
[21/12/2010 15:40:32] /m beedrill
[21/12/2010 15:43:03] /s beedrill
[21/12/2010 15:43:04] /m beedrill
[21/12/2010 15:43:35] /s beedrill
[21/12/2010 15:43:37] /m beedrill
[21/12/2010 16:24:59] /a 45
[21/12/2010 16:25:03] /i 2289
[21/12/2010 16:26:04] /m bellsprout s
[21/12/2010 19:34:07] /m pidgeotto s
[21/12/2010 20:36:18] /i 2274
[21/12/2010 20:36:22] /i 2284
[21/12/2010 20:37:06] /s kakuna
[22/12/2010 14:59:07] /s beedrill
[24/12/2010 18:20:29] /t
[24/12/2010 18:42:28] /m aerodactyl
[24/12/2010 18:43:28] /r
[24/12/2010 18:43:31] /m aerodactyl
[24/12/2010 18:44:13] /r
[24/12/2010 18:53:59] /m oddish s
[24/12/2010 18:58:32] /i hyper potion
[24/12/2010 19:03:20] /m oddish s
[24/12/2010 19:03:36] /r
[24/12/2010 19:05:23] /i hyper potion
[24/12/2010 19:07:23] /i hyper potion
[24/12/2010 19:07:24] /i hyper potion
[24/12/2010 19:07:24] /i hyper potion
[24/12/2010 19:09:38] /m oddish s
[26/12/2010 04:01:12] /s porygon
[26/12/2010 04:01:42] /r
[26/12/2010 04:01:44] /r
[26/12/2010 04:01:44] /r
[26/12/2010 04:01:46] /r
[26/12/2010 04:01:47] /a 7
[26/12/2010 04:01:48] /a 7
[26/12/2010 04:01:51] /a 4
[26/12/2010 04:02:03] /a 2
[26/12/2010 18:10:10] /t
[26/12/2010 18:10:11] /a 4
[26/12/2010 18:10:12] /a 4
[26/12/2010 18:10:15] /a 45
[26/12/2010 18:12:38] /a 66
[26/12/2010 18:12:39] /a 66
[26/12/2010 18:12:41] /a 14
[26/12/2010 18:12:41] /a 14
[26/12/2010 18:12:41] /a 14
[26/12/2010 18:12:43] /a 2
[26/12/2010 18:12:43] /a 2
[26/12/2010 18:14:33] /t
[26/12/2010 18:16:05] /t
[26/12/2010 18:16:07] /a 2
[26/12/2010 18:16:08] /a 2
[26/12/2010 18:16:11] /a 2
[26/12/2010 18:16:12] /a 2
[26/12/2010 18:16:27] /attr id 1
[26/12/2010 18:16:32] /attr town 1
[26/12/2010 18:16:41] /attr depot id 1
[26/12/2010 18:16:46] /attr depotid 1
[26/12/2010 18:16:49] /attr depot 1
[26/12/2010 18:17:44] /i 6060
[26/12/2010 18:17:53] /i defeated oddish
[26/12/2010 18:17:57] /i defeated oddish
[26/12/2010 18:18:03] /i defeated oddish
[26/12/2010 18:18:03] /i defeated oddish
[26/12/2010 18:18:07] /i defeated oddish
[26/12/2010 18:18:42] /s porygon
[26/12/2010 18:19:09] /r
[26/12/2010 18:34:15] /t
[26/12/2010 18:34:16] /a 2
[26/12/2010 18:44:28] /i defeated porygon
[26/12/2010 18:44:44] /i defeated magikarp
[26/12/2010 18:44:50] /m magikarp
[26/12/2010 18:47:56] /s porygon
[26/12/2010 18:48:55] /r
[26/12/2010 18:48:57] /a 7
[26/12/2010 18:48:59] /a 2
[26/12/2010 18:48:59] /a 2
[26/12/2010 18:49:00] /a 2
[26/12/2010 18:49:02] /a 2
[26/12/2010 18:49:03] /a 2
[26/12/2010 18:49:04] /a 2
[26/12/2010 19:55:22] /n nurse
[26/12/2010 19:55:24] /r
[26/12/2010 20:53:15] /s articuno
[26/12/2010 20:57:10] /r
[26/12/2010 20:57:13] /s articuno
[26/12/2010 21:05:57] /s articuno
[26/12/2010 21:06:12] /s articuno
[26/12/2010 21:06:39] /r
[26/12/2010 21:06:40] /r
[26/12/2010 21:06:40] /r
[26/12/2010 21:06:45] /s articuno
[26/12/2010 21:07:18] /r
[26/12/2010 21:14:37] /s articuno
[26/12/2010 21:19:39] /s articuno
[27/12/2010 18:33:47] /a 44
[27/12/2010 18:33:49] /a 77
[27/12/2010 18:33:53] /ghost
[27/12/2010 18:34:23] /s beedrill
[27/12/2010 18:34:26] /m pidgeotto
[27/12/2010 18:34:29] /r
[27/12/2010 18:34:31] /m pidgeotto s
[27/12/2010 18:34:48] /r
[27/12/2010 18:35:52] /i hyper potion
[27/12/2010 18:35:58] /m pidgeotto s
[27/12/2010 18:36:28] /i hyper potion
[27/12/2010 18:37:38] /m gloom s
[27/12/2010 18:38:01] /r
[27/12/2010 18:38:04] /s poliwhirl
[27/12/2010 18:40:14] /m poliwhirl s
[27/12/2010 18:40:19] /r
[27/12/2010 18:42:19] /m poliwhirl s
[27/12/2010 18:48:18] /m pidgeotto s
[27/12/2010 18:48:40] /m pidgeotto s
[27/12/2010 18:53:27] /r
[27/12/2010 18:53:28] /r
[27/12/2010 18:53:29] /r
[27/12/2010 18:53:30] /s seadra
[27/12/2010 18:54:58] /m gloom s
[27/12/2010 18:54:58] /m gloom s
[27/12/2010 18:54:59] /m gloom s
[27/12/2010 18:54:59] /m gloom s
[27/12/2010 18:55:07] /m gloom s
[27/12/2010 18:55:07] /m gloom s
[27/12/2010 18:55:07] /m gloom s
[27/12/2010 18:55:08] /m gloom s
[27/12/2010 19:01:13] /s vileplume
[27/12/2010 19:01:24] /addskill bruninho, level, 20
[27/12/2010 19:01:38] /r
[27/12/2010 19:01:39] /r
[27/12/2010 19:01:45] /r
[27/12/2010 19:06:27] /s pidgey
[27/12/2010 19:06:31] /r
[27/12/2010 19:06:33] /r
[27/12/2010 19:06:35] /s pidgeotto
[27/12/2010 19:06:41] /r
[27/12/2010 19:06:43] /s pidgeot
[27/12/2010 19:06:51] /r
[27/12/2010 19:06:54] /t
[29/12/2010 00:15:42] /a 1
[29/12/2010 00:15:47] /t
[29/12/2010 00:15:59] /t
[29/12/2010 20:54:22] /s seadra
[29/12/2010 20:54:25] /m poliwhirl s
[29/12/2010 20:55:36] /s dodrio
[29/12/2010 20:55:39] /r
[29/12/2010 20:55:40] /r
[29/12/2010 20:55:45] /a 2
[29/12/2010 20:55:46] /a 2
[29/12/2010 20:55:46] /a 2
[29/12/2010 20:56:03] /s doduo
[29/12/2010 20:56:19] /r
[29/12/2010 20:56:20] /r
[29/12/2010 20:58:00] /i 2842
[29/12/2010 20:58:04] /i 2842
[29/12/2010 20:58:16] /i 6047
[29/12/2010 21:01:35] /i 2841
[29/12/2010 21:03:47] /s dodrio
[29/12/2010 21:08:05] /m articuno
[29/12/2010 21:09:29] /r
[29/12/2010 21:10:17] /m articuno
[29/12/2010 21:10:19] /s dodudo
[29/12/2010 21:10:21] /s doduo
[29/12/2010 21:14:29] /r
[29/12/2010 21:14:31] /s dodrio
[29/12/2010 21:25:29] /s doduo
[29/12/2010 21:28:54] /m dodrio s
[29/12/2010 21:29:26] /m dodrio s
[29/12/2010 21:31:25] /r
[29/12/2010 21:31:26] /r
[29/12/2010 21:31:27] /r
[29/12/2010 21:31:57] /i 2842
[29/12/2010 21:32:01] /i 2842
[29/12/2010 21:49:22] /s dodrio
[29/12/2010 22:02:15] /s dodrio
[29/12/2010 22:02:18] /m dodrio s
[29/12/2010 22:02:41] /m dodrio s
[29/12/2010 22:02:57] /m dodrio s
[29/12/2010 22:20:27] /i 2842
[29/12/2010 22:59:45] /a 77
[29/12/2010 23:00:14] /r
[29/12/2010 23:00:32] /m poliwhirl s
[29/12/2010 23:01:12] /m articuno
[29/12/2010 23:01:16] /r
[29/12/2010 23:01:35] /m articuno
[29/12/2010 23:01:38] /r
[29/12/2010 23:02:21] /r
[29/12/2010 23:02:45] /m articuno
[29/12/2010 23:02:49] /m bellsprout s
[29/12/2010 23:02:56] /r
[29/12/2010 23:02:57] /r
[29/12/2010 23:03:13] /m articuno
[29/12/2010 23:16:57] /i punch stone
[29/12/2010 23:17:04] /i 2287
[29/12/2010 23:17:05] /i 2286
[29/12/2010 23:17:06] /i 2285
[29/12/2010 23:17:06] /i 2281
[29/12/2010 23:34:39] /r
[29/12/2010 23:34:41] /r
[29/12/2010 23:35:34] /r
[29/12/2010 23:36:09] /r
[29/12/2010 23:37:59] /r
[29/12/2010 23:40:21] /r
[29/12/2010 23:40:45] /r
[29/12/2010 23:40:47] /ghost
[29/12/2010 23:42:19] /m pidgey s
[29/12/2010 23:42:28] /r
[29/12/2010 23:43:40] /r
[29/12/2010 23:43:41] /r
[29/12/2010 23:44:21] /m oddish s
[29/12/2010 23:44:26] /r
[29/12/2010 23:45:52] /m oddish s
[29/12/2010 23:45:55] /r
[29/12/2010 23:47:08] /m oddish s
[29/12/2010 23:47:21] /r
[29/12/2010 23:48:20] /m oddish s
[29/12/2010 23:48:26] /r
[29/12/2010 23:49:12] /m oddish s
[29/12/2010 23:49:16] /r
[29/12/2010 23:56:57] /s kakuna
[29/12/2010 23:57:50] /m oddish s
[29/12/2010 23:59:55] /m oddish s
[30/12/2010 00:01:34] /m oddish s
[30/12/2010 00:01:41] /r
[30/12/2010 00:02:55] /m oddish s
[30/12/2010 00:04:07] /m oddish s
[30/12/2010 00:05:53] /s kakuna
[30/12/2010 00:06:03] /r
[30/12/2010 00:06:24] /m pidgey s
[30/12/2010 00:06:30] /r
[30/12/2010 00:07:34] /s kakuna
[30/12/2010 00:08:22] /m pidgey s
[30/12/2010 00:14:09] /m pidgey s
[30/12/2010 00:15:00] /m pidgey s
[30/12/2010 00:16:13] /m pidgey s
[30/12/2010 00:17:16] /s kakuna
[30/12/2010 00:22:00] /m kakuna s
[30/12/2010 00:22:48] /i hyper potion
[30/12/2010 00:25:08] /r
[30/12/2010 00:27:23] /a 6
[30/12/2010 00:28:58] /a 7
[30/12/2010 00:31:43] /i hyper potion
[30/12/2010 00:31:49] /i hyper potion
[30/12/2010 00:32:57] /goto doduo
[30/12/2010 00:33:18] /m doduo s
[30/12/2010 00:34:15] /r
[30/12/2010 00:36:20] /ghost
[30/12/2010 00:36:24] /ghost
[30/12/2010 00:37:26] /ghost
[30/12/2010 00:39:26] /t
[30/12/2010 00:39:28] /a 12
[30/12/2010 00:39:28] /a 12
[30/12/2010 00:39:32] /a 5
[30/12/2010 00:40:34] /t
[30/12/2010 00:43:14] /a 12
[30/12/2010 00:43:16] /a 12
[30/12/2010 00:43:19] /a 5
[30/12/2010 00:45:48] /r
[30/12/2010 01:16:21] /t
[30/12/2010 01:16:22] /a 77
[30/12/2010 01:17:02] /ghost
[30/12/2010 01:18:03] /a 12
[30/12/2010 01:18:03] /a 12
[30/12/2010 01:18:46] /m articuno
[30/12/2010 01:18:46] /t
[30/12/2010 01:18:50] /m articuno
[30/12/2010 01:19:04] /s bellsprout
[30/12/2010 01:20:42] /r
[30/12/2010 01:20:45] /m articuno
[30/12/2010 01:20:55] /r
[30/12/2010 01:21:08] /r
[30/12/2010 01:21:19] /m seadra
[30/12/2010 01:21:23] /r
[30/12/2010 01:22:08] /m seadra
[30/12/2010 01:22:11] /r
[30/12/2010 01:24:03] /m seadra
[30/12/2010 01:24:06] /r
[30/12/2010 01:24:44] /m seadra
[30/12/2010 01:24:47] /r
[30/12/2010 01:25:36] /m seadra
[30/12/2010 01:25:42] /r
[30/12/2010 01:26:26] /m seadra
[30/12/2010 01:26:53] /m seadra s
[30/12/2010 01:27:20] /r
[30/12/2010 01:27:22] /r
[30/12/2010 01:31:03] /a 44
[30/12/2010 01:38:58] /goto doduo
[30/12/2010 01:41:09] /t
[30/12/2010 01:43:48] /s golduck
[30/12/2010 01:44:33] /a 12
[30/12/2010 01:44:37] /r
[30/12/2010 01:44:39] /r
[30/12/2010 01:44:45] /s fearow
[30/12/2010 03:14:51] /r
[30/12/2010 03:15:33] /a 77
[30/12/2010 03:15:38] /a 2
[30/12/2010 03:15:48] /i 2277
[30/12/2010 03:22:42] /m test
[30/12/2010 03:38:07] /m test
[30/12/2010 03:38:54] /m test
[30/12/2010 03:51:02] /m oddish s
[30/12/2010 03:51:40] /m oddish s
[30/12/2010 03:53:06] /m oddish s
[30/12/2010 03:57:11] /m oddish s
[30/12/2010 03:59:58] /m oddish s
[30/12/2010 04:01:28] /m oddish s
[30/12/2010 04:03:17] /s pidgeotto
[30/12/2010 04:03:19] /m test
[30/12/2010 04:03:32] /r
[30/12/2010 04:05:02] /m oddish s
[30/12/2010 04:05:06] /r
[30/12/2010 04:05:07] /r
[30/12/2010 04:05:15] /s seadra
[30/12/2010 04:05:29] /m test
[30/12/2010 04:07:54] /m oddish s
[30/12/2010 13:33:22] /t
[30/12/2010 13:33:47] /s magikarp
[30/12/2010 13:35:20] /s magikarp
[30/12/2010 13:38:56] /s magikarp
[30/12/2010 13:40:00] /r
[30/12/2010 15:10:50] /s pidgeot
[30/12/2010 15:12:32] /t
[31/12/2010 00:45:36] /goto weepinbell
[31/12/2010 00:45:50] /goto doduo
[31/12/2010 03:28:03] /t
[31/12/2010 17:28:48] /goto doduo
[31/12/2010 17:29:27] /t
[31/12/2010 20:23:25] /a 55
[31/12/2010 20:23:31] /ghost
[31/12/2010 20:24:00] /a 55
[31/12/2010 20:24:02] /ghost
[31/12/2010 20:24:35] /m victreebel s
[31/12/2010 20:24:46] /a 55
[31/12/2010 20:24:52] /a 55
[31/12/2010 20:24:57] /a 55
[31/12/2010 20:25:02] /a 55
[31/12/2010 20:25:11] /a 55
[31/12/2010 20:25:28] /a 5
[31/12/2010 20:25:30] /a 55
[31/12/2010 20:25:36] /a 55
[31/12/2010 20:25:42] /a 55
[31/12/2010 20:26:09] /a 55
[31/12/2010 20:26:24] /a 5
[31/12/2010 20:26:26] /a 55
[31/12/2010 20:26:44] /s dodrio
[31/12/2010 20:26:49] /r
[31/12/2010 20:30:29] /r
[31/12/2010 20:30:31] /n nurse
[31/12/2010 20:30:33] /r
[31/12/2010 20:30:34] /a 12
[31/12/2010 20:31:06] /r
[31/12/2010 20:32:20] /goto doduo
[31/12/2010 20:32:21] /n nurse
[31/12/2010 20:32:23] /r
[31/12/2010 20:32:38] /goto doduo
[31/12/2010 20:33:09] /goto doduo
[31/12/2010 20:33:33] /goto doduo
[31/12/2010 20:34:49] /goto doduo
[31/12/2010 20:35:11] /goto doduo
[31/12/2010 20:36:07] /m dodrio s
[31/12/2010 20:37:18] /goto doduo
[31/12/2010 20:37:33] /goto doduo
[31/12/2010 20:37:39] /m doduo s
[31/12/2010 20:37:42] /m doduo s
[31/12/2010 20:37:42] /m doduo s
[01/01/2011 17:43:23] /m victreebel s
[01/01/2011 17:44:03] /m victreebel s
[01/01/2011 17:56:36] /t
[01/01/2011 17:56:38] /a 66
[01/01/2011 17:57:09] /t
[01/01/2011 17:57:10] /a 55
[01/01/2011 17:57:23] /t
[01/01/2011 17:57:24] /a 55
[01/01/2011 18:29:41] /i 1879
[01/01/2011 18:32:45] /a 2
[01/01/2011 18:32:52] /r
[01/01/2011 19:05:10] /i defeated pidgey
[01/01/2011 19:05:11] /i defeated pidgey
[01/01/2011 19:05:11] /i defeated pidgey
[01/01/2011 19:05:11] /i defeated pidgey
[01/01/2011 19:05:12] /i defeated pidgey
[01/01/2011 19:05:12] /i defeated pidgey
[01/01/2011 19:05:25] /i heart stone
[01/01/2011 19:05:26] /i heart stone
[01/01/2011 19:05:27] /i heart stone
[01/01/2011 19:05:31] /i heart stone
[01/01/2011 19:07:55] /a 2
[01/01/2011 19:33:38] /i cobbled pavement
[01/01/2011 19:33:39] /i cobbled pavement
[01/01/2011 19:33:41] /i cobbled pavement
[01/01/2011 19:33:50] /i cobbled pavement
[01/01/2011 19:33:52] /i cobbled pavement
[01/01/2011 19:34:02] /i white marble tile
[01/01/2011 19:34:17] /a 1
[01/01/2011 19:34:23] /i heart stone
[01/01/2011 19:34:31] /r
[01/01/2011 19:34:33] /i heart stone
[01/01/2011 19:36:26] /r
[01/01/2011 19:56:13] /i defeated doduo
[01/01/2011 19:56:13] /i defeated doduo
[01/01/2011 19:56:13] /i defeated doduo
[01/01/2011 19:56:14] /i defeated doduo
[01/01/2011 19:56:19] /i 2147
[01/01/2011 19:57:20] /i heart stone
[01/01/2011 19:57:36] /s venusaur
[01/01/2011 19:57:50] /r
[01/01/2011 19:57:55] /s onix
[01/01/2011 19:58:07] /r
[01/01/2011 19:58:13] /s fearow
[01/01/2011 19:59:01] /t
[01/01/2011 19:59:02] /a 55
[01/01/2011 19:59:24] /t
[01/01/2011 19:59:25] /a 55
[01/01/2011 19:59:51] /goto doduo
[01/01/2011 19:59:58] /goto doduo
[01/01/2011 20:00:41] /t
[01/01/2011 20:00:42] /a 55
[01/01/2011 20:01:55] /goto doduo
[01/01/2011 20:01:57] /goto doduo
[01/01/2011 20:03:01] /goto golbat
[01/01/2011 20:04:07] /m gloom s
[01/01/2011 20:04:11] /n nurse
[01/01/2011 20:04:15] /r
[01/01/2011 20:17:18] /t
[01/01/2011 20:17:45] /i blue tapestry
[01/01/2011 20:17:48] /r
[01/01/2011 20:17:49] /i 1852
[01/01/2011 20:17:51] /r
[01/01/2011 20:17:58] /i 1857
[01/01/2011 20:51:00] /goto doduo
[01/01/2011 20:51:24] /n nurse
[01/01/2011 20:51:30] /r
[01/01/2011 20:51:33] /r
[01/01/2011 20:52:18] /t
[01/01/2011 20:53:04] /i defeated beedrill
[01/01/2011 20:53:10] /i defeated kakuna
[01/01/2011 20:54:58] /goto golbat
[01/01/2011 20:55:10] /n nurse
[01/01/2011 20:55:22] /r
[01/01/2011 20:55:23] /r
[01/01/2011 20:56:34] /r
[01/01/2011 20:56:37] /t
[01/01/2011 20:56:39] /a 4
[01/01/2011 20:56:40] /a 4
[01/01/2011 20:56:40] /a 4
[01/01/2011 20:56:40] /a 4
[01/01/2011 20:56:43] /a 4
[01/01/2011 20:56:44] /a 4
[01/01/2011 20:56:45] /a 4
[01/01/2011 20:56:46] /a 4
[01/01/2011 20:56:46] /a 4
[01/01/2011 20:56:50] /a 4
[01/01/2011 20:56:51] /a 4
[01/01/2011 20:56:52] /a 4
[01/01/2011 21:08:26] /i 6056
[01/01/2011 21:14:18] /ghost
[01/01/2011 21:17:25] /s abra
[01/01/2011 21:17:38] /r
[01/01/2011 21:17:48] /s magnemite
[01/01/2011 21:18:22] /s magnemite
[01/01/2011 21:18:45] /r
[01/01/2011 21:18:47] /r
[01/01/2011 21:18:49] /r
[01/01/2011 21:26:38] /s magnemite
[01/01/2011 21:26:41] /m bellsprout s
[01/01/2011 21:26:55] /r
[01/01/2011 21:27:57] /m bellsprout s
[01/01/2011 21:28:11] /a 2
[01/01/2011 21:28:12] /a 2
[01/01/2011 21:28:16] /r
[01/01/2011 21:28:18] /r
[01/01/2011 21:28:21] /i potion
[01/01/2011 21:31:07] /m bellsprout s
[01/01/2011 21:31:24] /r
[01/01/2011 21:32:27] /m bellsprout s
[01/01/2011 21:32:50] /r
[01/01/2011 21:32:51] /r
[01/01/2011 21:32:52] /r
[01/01/2011 21:32:58] /r
[01/01/2011 21:37:27] /m bellsprout s
[01/01/2011 21:37:31] /s magnemite
[01/01/2011 21:37:50] /r
[01/01/2011 21:39:41] /m bellsprout s
[01/01/2011 21:40:44] /r
[01/01/2011 22:18:14] /s magnemite
[01/01/2011 22:18:17] /m bellsprout s
[01/01/2011 22:19:07] /r
[01/01/2011 22:19:11] /s magnemite
[01/01/2011 22:36:09] /m bellsprout s
[01/01/2011 22:36:37] /m weepinbell s
[01/01/2011 22:36:46] /r
[01/01/2011 22:36:48] /r
[01/01/2011 22:37:43] /s magnemite
[01/01/2011 22:37:46] /m bellsprout s
[01/01/2011 22:37:49] /r
[01/01/2011 22:37:50] /r
[01/01/2011 22:37:51] /r
[01/01/2011 22:37:52] /r
[01/01/2011 22:37:52] /r
[01/01/2011 22:37:53] /r
[01/01/2011 22:37:53] /r
[01/01/2011 22:37:55] /r
[01/01/2011 22:37:59] /m bellsprout s
[01/01/2011 22:59:42] /t
[01/01/2011 22:59:44] /a 55
[01/01/2011 22:59:47] /s magnmemite
[01/01/2011 22:59:49] /s magnemite
[01/01/2011 23:01:21] /ghost
[01/01/2011 23:01:23] /s magnemite
[01/01/2011 23:03:12] /m oddish s
[01/01/2011 23:04:54] /s magnemite
[01/01/2011 23:24:04] /i defeated magnemite
[01/01/2011 23:24:09] /i defeated magnemite
[01/01/2011 23:24:12] /i defeated magnemite
[01/01/2011 23:24:14] /i defeated magnemite
[01/01/2011 23:24:16] /i defeated magnemite
[01/01/2011 23:24:19] /i defeated magnemite
[01/01/2011 23:24:24] /t
[01/01/2011 23:24:49] /a 55
[01/01/2011 23:26:56] /m bellsprout s
[01/01/2011 23:29:33] /m bellsprout s
[01/01/2011 23:30:14] /m bellsprout s
[01/01/2011 23:30:20] /r
[01/01/2011 23:30:21] /r
[01/01/2011 23:30:23] /r
[01/01/2011 23:31:14] /m bellsprout s
[01/01/2011 23:31:28] /r
[01/01/2011 23:31:29] /r
[01/01/2011 23:31:32] /r
[01/01/2011 23:32:30] /m bellsprout 
[01/01/2011 23:32:33] /r
[01/01/2011 23:32:36] /m bellsprout s
[01/01/2011 23:32:52] /i potion
[01/01/2011 23:32:54] /i potion
[01/01/2011 23:32:55] /i potion
[01/01/2011 23:33:59] /m pidgeotto s
[01/01/2011 23:38:24] /m oddish s
[01/01/2011 23:38:44] /m oddish s
[01/01/2011 23:38:56] /m test
[01/01/2011 23:40:06] /r
[01/01/2011 23:40:07] /r
[01/01/2011 23:40:41] /m bellsprout s
[01/01/2011 23:42:54] /m oddish s
[01/01/2011 23:44:57] /m pidgey s
[01/01/2011 23:45:24] /m pidgeotto s
[01/01/2011 23:54:18] /a 1
[01/01/2011 23:54:19] /a 1
[01/01/2011 23:54:19] /a 1
[01/01/2011 23:54:20] /a 1
[01/01/2011 23:54:20] /a 1
[01/01/2011 23:54:21] /a 1
[01/01/2011 23:54:21] /a 1
[01/01/2011 23:54:21] /a 1
[01/01/2011 23:54:22] /a 1
[01/01/2011 23:54:23] /a 1
[01/01/2011 23:54:23] /a 1
[01/01/2011 23:54:27] /a 1
[01/01/2011 23:54:27] /a 1
[01/01/2011 23:54:27] /a 1
[01/01/2011 23:54:28] /a 1
[01/01/2011 23:54:28] /a 1
[01/01/2011 23:54:28] /a 1
[01/01/2011 23:54:29] /a 1
[01/01/2011 23:54:30] /a 1
[01/01/2011 23:54:31] /a 1
[01/01/2011 23:54:31] /a 1
[01/01/2011 23:54:31] /a 1
[01/01/2011 23:54:32] /a 1
[01/01/2011 23:54:32] /a 1
[01/01/2011 23:54:32] /a 1
[01/01/2011 23:57:54] /m pidgeotto s
[02/01/2011 00:14:11] /m bellsprout s
[02/01/2011 00:19:10] /m oddish s
[02/01/2011 00:19:40] /m oddish s
[02/01/2011 00:24:15] /m bellsprout s
[02/01/2011 00:27:52] /i hyper potion
[02/01/2011 00:27:58] /m pidgeot s
[02/01/2011 00:28:41] /a 44
[02/01/2011 00:28:50] /addskill Bruninho, level, 300
[02/01/2011 00:28:57] /m pidgeot s
[02/01/2011 00:29:18] /a 55
[02/01/2011 00:29:41] /m pidgeot s
[02/01/2011 00:30:02] /goto doduo
[02/01/2011 00:30:07] /r
[02/01/2011 00:30:08] /t
[02/01/2011 00:31:24] /m pidgeot s
[02/01/2011 00:40:01] /m pidgey s
[02/01/2011 00:40:19] /r
[02/01/2011 00:41:27] /m pidgey s
[02/01/2011 00:41:32] /r
[02/01/2011 00:41:50] /m pidgey s
[02/01/2011 03:04:11] /m pidgey s
[02/01/2011 03:05:57] /m pidgey s
[02/01/2011 03:07:40] /m pidgey s
[02/01/2011 03:10:28] /m pidgey s
[02/01/2011 03:10:34] /r
[02/01/2011 03:10:35] /r
[02/01/2011 03:10:44] /m pidgey s
[02/01/2011 03:10:50] /r
[02/01/2011 03:11:52] /m pidgey s
[02/01/2011 03:12:12] /m pidgey s
[02/01/2011 03:12:19] /r
[02/01/2011 03:13:07] /m pidgey s
[02/01/2011 03:13:14] /r
[02/01/2011 03:13:39] /m pidgey s
[02/01/2011 03:13:47] /r
[02/01/2011 03:16:08] /addskill Bruninho, level, 300000
[02/01/2011 03:16:13] /m pidgey s
[02/01/2011 03:16:19] /r
[02/01/2011 03:16:37] /m pidgey s
[02/01/2011 03:16:43] /r
[02/01/2011 03:16:52] /m pidgey s
[02/01/2011 03:18:15] /r
[02/01/2011 03:29:42] /m geodude
[02/01/2011 03:30:35] /m blastoise
[02/01/2011 03:31:15] /a 55
[02/01/2011 03:32:48] /m pidgeot s
[02/01/2011 03:32:59] /m pidgeot s
[02/01/2011 03:34:14] /m pidgey s
[02/01/2011 03:35:01] /r
[02/01/2011 03:46:29] /m pidgeot s
[02/01/2011 03:51:44] /m pidgey s
[02/01/2011 03:51:55] /m pidgey s
[02/01/2011 17:53:46] /r
[02/01/2011 17:54:24] /r
[02/01/2011 17:56:59] /m pidgeotto s
[02/01/2011 18:00:20] /r
[02/01/2011 18:00:26] /r
[02/01/2011 18:01:41] /r
[02/01/2011 18:03:11] /r
[02/01/2011 18:03:56] /r
[02/01/2011 18:06:15] /m test
[02/01/2011 18:06:49] /m test
[02/01/2011 18:06:53] /r
[02/01/2011 18:07:11] /r
[03/01/2011 04:36:40] /r
[03/01/2011 04:36:43] /a 2
[03/01/2011 04:37:37] /r
[03/01/2011 04:38:56] /r
[03/01/2011 04:39:03] /r
[03/01/2011 04:39:43] /t
[03/01/2011 04:39:44] /m test
[03/01/2011 04:41:11] /m test
[03/01/2011 04:41:44] /m test
[03/01/2011 04:42:26] /m test
[03/01/2011 04:42:44] /m test
[03/01/2011 04:43:44] /m test
[03/01/2011 04:45:45] /m test
[03/01/2011 04:53:01] /addskill Bruninho, level, 500
[03/01/2011 20:07:44] /m test
[03/01/2011 20:08:01] /r
[03/01/2011 20:08:02] /a 55
[03/01/2011 20:09:19] /m magneton s
[03/01/2011 20:10:46] /i 2147
[03/01/2011 20:10:52] /m magneton s
[03/01/2011 20:11:00] /m magneton s
[03/01/2011 20:11:09] /m magneton s
[03/01/2011 20:11:25] /r
[03/01/2011 20:11:44] /m electrode
[03/01/2011 20:11:52] /m kabutops
[03/01/2011 20:14:32] /m kabutops
[03/01/2011 20:14:41] /m aerodactyl
[03/01/2011 20:19:31] /m magneton s
[03/01/2011 20:19:31] /m magneton s
[03/01/2011 20:19:31] /m magneton s
[03/01/2011 20:19:32] /m magneton s
[03/01/2011 20:19:32] /m magneton s
[03/01/2011 20:19:32] /m magneton s
[03/01/2011 20:19:32] /m magneton s
[03/01/2011 20:19:33] /m magneton s
[03/01/2011 20:19:33] /m magneton s
[03/01/2011 20:20:11] /m magneton s
[03/01/2011 20:20:16] /m magneton s
[03/01/2011 20:20:20] /m magneton s
[03/01/2011 20:20:23] /m magneton s
[03/01/2011 20:20:26] /m magneton s
[03/01/2011 20:20:30] /m magneton s
[03/01/2011 20:20:39] /m magneton s
[03/01/2011 20:20:46] /m magneton s
[03/01/2011 20:21:31] /s bellsprout
[03/01/2011 20:22:19] /r
[03/01/2011 20:22:27] /r
[03/01/2011 20:22:32] /r
[03/01/2011 20:22:34] /r
[03/01/2011 20:22:39] /r
[03/01/2011 20:22:44] /i thunder stone
[04/01/2011 03:23:26] /m test
[04/01/2011 03:25:40] /r
[04/01/2011 03:25:41] /r
[04/01/2011 03:25:58] /m test
[04/01/2011 03:26:17] /r
[04/01/2011 03:26:41] /m test
[04/01/2011 03:28:14] /m test
[04/01/2011 03:29:03] /m test
[04/01/2011 03:34:50] /m test
[04/01/2011 03:37:16] /m test
[04/01/2011 03:38:53] /m test
[04/01/2011 03:42:16] /s voltorb
[04/01/2011 04:00:05] /t
[04/01/2011 04:00:15] /s voltorb
[04/01/2011 04:09:37] /m voltorb
[04/01/2011 04:09:45] /r
[04/01/2011 09:18:17] /s electrode
[04/01/2011 11:18:08] /m electrode s
[04/01/2011 11:18:38] /r
[04/01/2011 11:19:11] /m electrode s
[04/01/2011 11:21:28] /m electrode s
[04/01/2011 14:28:37] /m magneton s
[04/01/2011 14:28:40] /m magneton s
[04/01/2011 14:28:42] /m magneton s
[04/01/2011 14:28:44] /m magneton s
[04/01/2011 14:28:46] /m magneton s
[04/01/2011 14:30:01] /m test
[04/01/2011 14:31:09] /m test
[04/01/2011 14:31:25] /r
