[30/12/2010 15:19:34] /s porygon
[30/12/2010 18:42:17] /s pidgeot
[30/12/2010 18:43:16] /t
[30/12/2010 18:43:17] /a 2
[30/12/2010 18:43:18] /a 2
[30/12/2010 18:43:18] /a 2
[30/12/2010 18:43:19] /a 2
[30/12/2010 18:43:20] /a 2
[30/12/2010 18:43:20] /a 2
[30/12/2010 18:43:21] /a 2
[30/12/2010 18:44:02] /a 77
[30/12/2010 18:44:04] /a 55
[30/12/2010 18:44:23] /a 12
[30/12/2010 18:44:23] /a 12
[30/12/2010 18:44:25] /a 12
[30/12/2010 18:44:32] /a 13
[30/12/2010 18:44:36] /a 12
[30/12/2010 18:44:38] /a 12
[30/12/2010 18:44:39] /a 12
[30/12/2010 18:47:30] /t
[30/12/2010 18:47:33] /a 55
[30/12/2010 18:56:42] /m kakuna s
[30/12/2010 18:57:05] /t
[30/12/2010 18:57:09] /a 2
[30/12/2010 18:57:10] /a 2
[30/12/2010 18:57:10] /a 2
[30/12/2010 18:57:11] /a 2
[30/12/2010 18:57:11] /a 2
[30/12/2010 18:57:12] /a 2
[30/12/2010 18:57:46] /a 77
[30/12/2010 19:00:34] /t
[30/12/2010 19:00:38] /a 66
[30/12/2010 19:03:57] /t
[30/12/2010 19:04:00] /s porygon
[30/12/2010 19:04:24] /r
[30/12/2010 21:00:03] /i game cube
[30/12/2010 21:20:53] /goto doduo
[30/12/2010 21:31:34] /t
[30/12/2010 22:38:59] /a 77
[30/12/2010 22:39:23] /a 88
[30/12/2010 22:41:40] /a 88
[30/12/2010 22:42:06] /n nurse
[30/12/2010 22:43:07] /a 66
[30/12/2010 22:43:21] /n nurse
[30/12/2010 22:43:27] /r
[30/12/2010 22:45:26] /a 66
[30/12/2010 22:45:45] /n nurse
[30/12/2010 22:46:25] /r
[30/12/2010 22:46:27] /r
[30/12/2010 22:46:28] /r
[30/12/2010 22:46:29] /r
[30/12/2010 22:47:45] /r
[30/12/2010 22:51:41] /n nurse
[30/12/2010 22:52:01] /r
[30/12/2010 22:53:00] /m victreebel
[30/12/2010 22:53:30] /m victreebel s
[30/12/2010 22:53:43] /goto victreebe
[30/12/2010 22:53:44] /goto victreebel
[30/12/2010 22:53:56] /a 77
[30/12/2010 22:54:03] /a 77
[30/12/2010 22:54:10] /a 77
[30/12/2010 22:54:17] /a 77
[30/12/2010 22:54:57] /a 77
[30/12/2010 22:55:00] /m victreebel s
[30/12/2010 22:55:34] /m victreebel s
[30/12/2010 22:55:34] /m victreebel s
[30/12/2010 22:56:06] /r
[30/12/2010 22:57:42] /a 88
[30/12/2010 22:57:47] /m pidgeotto s
[30/12/2010 23:00:01] /a 14
[30/12/2010 23:00:03] /a 40
[30/12/2010 23:00:52] /a 77
[30/12/2010 23:00:54] /a 88
[30/12/2010 23:01:34] /a 77
[30/12/2010 23:01:36] /a 5
[30/12/2010 23:01:37] /a 55
[30/12/2010 23:02:50] /a 66
[30/12/2010 23:03:09] /a 77
[30/12/2010 23:03:41] /a 55
[30/12/2010 23:05:06] /a 55
[30/12/2010 23:05:24] /a 77
[30/12/2010 23:06:14] /a 55
[30/12/2010 23:06:40] /r
[30/12/2010 23:08:24] /a 77
[30/12/2010 23:08:27] /a 12
[30/12/2010 23:39:19] /r
[30/12/2010 23:39:39] /m bellsprout s
[30/12/2010 23:39:39] /m bellsprout s
[30/12/2010 23:39:40] /m bellsprout s
[30/12/2010 23:39:51] /n nurse
[30/12/2010 23:40:02] /r
[30/12/2010 23:46:07] /m oddish s
[30/12/2010 23:46:07] /m oddish s
[30/12/2010 23:56:55] /t
[30/12/2010 23:57:55] /a 66
[30/12/2010 23:57:57] /a 44
[30/12/2010 23:58:10] /n nurse
[30/12/2010 23:59:16] /n nurse
[30/12/2010 23:59:21] /r
[30/12/2010 23:59:26] /r
[30/12/2010 23:59:27] /r
[30/12/2010 23:59:28] /r
[31/12/2010 00:03:06] /i defeated weedle
[31/12/2010 00:03:08] /i defeated weedle
[31/12/2010 00:03:14] /i defeated weedle
[31/12/2010 00:03:16] /i defeated weedle
[31/12/2010 00:04:33] /i coccon stone
[31/12/2010 00:05:08] /m belllsprout s
[31/12/2010 00:05:12] /m bellsprout s
[31/12/2010 00:07:01] /t
[31/12/2010 00:07:06] /a 2
[31/12/2010 00:07:06] /a 2
[31/12/2010 00:07:07] /a 2
[31/12/2010 00:07:07] /a 2
[31/12/2010 00:07:08] /a 2
[31/12/2010 00:07:09] /a 2
[31/12/2010 00:07:10] /a 2
[31/12/2010 00:07:27] /a 55
[31/12/2010 00:07:35] /a 12
[31/12/2010 00:07:36] /a 12
[31/12/2010 00:07:36] /a 12
[31/12/2010 00:07:37] /a 14
[31/12/2010 00:07:39] /a 4
[31/12/2010 00:07:40] /a 4
[31/12/2010 00:07:40] /a 4
[31/12/2010 00:07:41] /a 4
[31/12/2010 00:07:41] /a 4
[31/12/2010 00:07:42] /a 4
[31/12/2010 00:07:42] /a 4
[31/12/2010 00:07:43] /a 4
[31/12/2010 00:07:44] /a 4
[31/12/2010 00:07:44] /a 4
[31/12/2010 00:07:44] /a 4
[31/12/2010 00:07:45] /a 4
[31/12/2010 00:07:45] /a 4
[31/12/2010 00:07:46] /a 4
[31/12/2010 00:07:46] /a 4
[31/12/2010 00:07:47] /a 4
[31/12/2010 00:07:48] /a 4
[31/12/2010 00:07:48] /a 4
[31/12/2010 00:12:27] /i potion
[31/12/2010 00:13:46] /i potion
[31/12/2010 00:15:03] /s pidgey
[31/12/2010 00:15:12] /s oddish
[31/12/2010 00:15:42] /t
[31/12/2010 00:15:46] /goto doduo
[31/12/2010 00:16:25] /t
[31/12/2010 00:16:33] /i heart stone
[31/12/2010 00:16:35] /goto doduo
[31/12/2010 00:22:25] /i potion
[31/12/2010 00:23:11] /t
[31/12/2010 00:23:15] /a 44
[31/12/2010 00:26:30] /m beedrill s
[31/12/2010 00:27:41] /m beedrill s
[31/12/2010 00:29:59] /i 6000
[31/12/2010 00:34:13] /s beedrill
[31/12/2010 00:34:18] /r
[31/12/2010 00:34:21] /m beedrill
[31/12/2010 00:34:31] /r
[31/12/2010 00:35:10] /t
[31/12/2010 16:01:27] /a 77
[31/12/2010 16:01:29] /a 44
[31/12/2010 16:04:24] /i potion
[31/12/2010 16:08:53] /t
[31/12/2010 16:10:07] /a 55
[31/12/2010 16:10:10] /a 12
[31/12/2010 16:10:11] /a 5
[31/12/2010 16:10:12] /a 5
[31/12/2010 16:10:13] /a 5
[31/12/2010 16:10:14] /a 5
[31/12/2010 16:10:15] /a 5
[31/12/2010 16:10:16] /a 5
[31/12/2010 16:10:17] /a 5
[31/12/2010 16:14:15] /m gloom s
[31/12/2010 16:14:53] /ghost
[31/12/2010 16:15:03] /ghost
[31/12/2010 16:15:20] /r
[31/12/2010 16:22:08] /r
[31/12/2010 16:22:10] /a 12
[31/12/2010 16:22:11] /a 55
[31/12/2010 16:22:12] /a 5
[31/12/2010 16:22:33] /n nurse
[31/12/2010 16:22:36] /r
[31/12/2010 16:24:45] /ghost
[31/12/2010 16:24:51] /ghost
[31/12/2010 16:44:39] /storage Bugger, 17001
[31/12/2010 16:48:51] /r
[31/12/2010 16:48:54] /s dodrio
[31/12/2010 16:49:00] /r
[31/12/2010 16:49:01] /r
[31/12/2010 16:49:03] /s doduo
[31/12/2010 16:49:48] /storage Bugger, 17001
[31/12/2010 16:51:31] /r
[31/12/2010 16:55:33] /s doduo
[31/12/2010 16:57:34] /m weepinbell s
[31/12/2010 16:59:28] /t
[31/12/2010 17:03:03] /s venusaur
[31/12/2010 17:03:06] /r
[31/12/2010 17:03:21] /s onix
[31/12/2010 17:03:23] /r
[31/12/2010 17:05:44] /s ponyta
[31/12/2010 17:06:04] /r
[31/12/2010 17:06:05] /r
[31/12/2010 17:06:06] /r
[31/12/2010 17:06:09] /s rapidash
[31/12/2010 17:06:20] /r
[31/12/2010 17:06:22] /s arcanine
[31/12/2010 17:06:41] /r
[31/12/2010 17:06:42] /s onix
[31/12/2010 17:07:46] /r
[31/12/2010 17:07:48] /r
[31/12/2010 17:07:51] /s crystal onix
[31/12/2010 17:07:57] /s crystal onix
[31/12/2010 17:08:26] /s crystal onix
[31/12/2010 17:09:13] /r
[31/12/2010 17:16:50] /s arcanine
[31/12/2010 17:17:03] /r
[31/12/2010 17:17:05] /r
[31/12/2010 17:17:08] /s shiny arcanine
[31/12/2010 17:27:46] /goto doduo
[31/12/2010 19:49:03] /r
[31/12/2010 19:49:04] /r
[31/12/2010 19:49:16] /r
[31/12/2010 19:50:13] /r
[31/12/2010 19:50:15] /r
[31/12/2010 19:51:03] /r
[31/12/2010 19:51:47] /r
[31/12/2010 19:52:58] /r
[31/12/2010 19:57:04] /r
[31/12/2010 19:57:05] /r
[31/12/2010 19:59:13] /s doduo
[31/12/2010 20:08:53] /i 2160
[31/12/2010 20:09:32] /i black round seat
[31/12/2010 20:09:37] /i black round seat
[31/12/2010 20:09:39] /i black round seat
[31/12/2010 20:09:39] /i black round seat
[31/12/2010 20:09:40] /i black round seat
[31/12/2010 20:09:40] /i black round seat
[31/12/2010 20:09:41] /i black round seat
[31/12/2010 20:09:42] /i black round seat
[31/12/2010 20:09:48] /i poliwrath doll
[31/12/2010 20:09:52] /i slowbro doll
[31/12/2010 20:09:54] /i kabuto doll
[31/12/2010 20:10:11] /i fire stone
[31/12/2010 20:10:15] /i water stone
[31/12/2010 20:10:20] /i leaf stone
