[16/12/2010 19:20:04] /r
[16/12/2010 19:23:40] /t
[16/12/2010 19:23:46] /goto bruninho
[16/12/2010 19:49:20] /storage Danny, 900
[16/12/2010 19:51:34] /r
[17/12/2010 22:22:47] /t
[17/12/2010 22:22:53] /a 14
[17/12/2010 22:22:54] /a 14
[17/12/2010 22:23:09] /i 2147
[17/12/2010 22:23:18] /a 15
[17/12/2010 22:23:19] /a 15
[17/12/2010 22:28:25] /addskill
[17/12/2010 22:28:32] /addskill Danny, 6, -100
[17/12/2010 22:28:37] /addskill Danny, 6, -100
[17/12/2010 22:28:39] /addskill Danny, 6, -100
[17/12/2010 22:28:51] /addskill 6, -100
[17/12/2010 22:29:06] /addskill 1
[17/12/2010 22:29:06] /addskill 1
[17/12/2010 22:29:08] /addskill 2
[17/12/2010 22:29:09] /addskill 2, 2
[17/12/2010 22:29:10] /addskill 2, 2
[17/12/2010 22:29:13] /addskill Danny 1
[17/12/2010 22:29:19] /addskill Danny, 1
[17/12/2010 22:29:21] /addskill Danny, 1
[17/12/2010 22:29:23] /addskill Danny, 1, 10
[17/12/2010 22:29:27] /addskill Danny
[17/12/2010 22:29:29] /addskill Danny, 1
[17/12/2010 22:29:30] /addskill Danny, 6
[17/12/2010 22:29:32] /addskill Danny, 5
[17/12/2010 22:29:33] /addskill Danny, 3
[17/12/2010 22:29:36] /addskill 3, 3
[17/12/2010 22:29:40] /addskill 3, 3000
[17/12/2010 22:29:46] /addskill Danny, 10
[17/12/2010 22:29:48] /addskill Danny, 14
[17/12/2010 22:29:50] /addskill Danny, 4
[17/12/2010 22:29:50] /addskill Danny, 4
[17/12/2010 22:29:55] /addskill Danny, 4, 1000
[17/12/2010 22:30:02] /addskill Danny, fishing, 1000
[17/12/2010 22:30:03] /addskill Danny, fishing, 1000
[17/12/2010 22:30:06] /addskill Danny, fishing
[17/12/2010 22:30:09] /addskill Danny, fishing
[17/12/2010 22:30:10] /addskill Danny, fishing
[17/12/2010 22:30:11] /addskill Danny, fishing
[17/12/2010 22:30:11] /addskill Danny, fishing
[17/12/2010 22:30:11] /addskill Danny, fishing
[17/12/2010 22:30:12] /addskill Danny, fishing
[17/12/2010 22:30:12] /addskill Danny, fishing
[17/12/2010 22:30:13] /addskill Danny, fishing
[17/12/2010 22:30:13] /addskill Danny, fishing
[17/12/2010 22:30:13] /addskill Danny, fishing
[17/12/2010 22:30:17] /addskill Danny, 6
[17/12/2010 22:30:17] /addskill Danny, 6
[17/12/2010 22:30:18] /addskill Danny, 6
[23/12/2010 18:46:20] /t
[23/12/2010 18:46:25] /a 45
[23/12/2010 18:46:42] /t
[23/12/2010 18:46:46] /a 45
[23/12/2010 18:48:45] /a 1
[23/12/2010 18:48:47] /a 13
[23/12/2010 18:48:48] /a 13
[23/12/2010 18:48:48] /t
[23/12/2010 18:55:06] /a 45
[23/12/2010 18:56:40] /t
[23/12/2010 18:56:44] /ghost
[23/12/2010 18:56:45] /ghost
[26/12/2010 03:57:53] /s porygon
[26/12/2010 03:58:13] /r
[26/12/2010 03:58:14] /a 5
[26/12/2010 03:58:15] /a 5
[26/12/2010 03:58:18] /a 3
[26/12/2010 03:58:30] /a 3
[26/12/2010 03:58:34] /owner 
[26/12/2010 03:58:36] /owner A
[26/12/2010 03:58:38] /owner Danny
[26/12/2010 18:10:05] /t
[26/12/2010 18:49:22] /s porygon
[26/12/2010 18:49:29] /r
[26/12/2010 18:49:32] /a 11
[26/12/2010 18:49:35] /a 2
[26/12/2010 18:49:35] /a 2
[26/12/2010 18:49:35] /a 2
[26/12/2010 18:49:36] /a 2
[26/12/2010 18:50:08] /s rattata
[26/12/2010 18:50:10] /r
[26/12/2010 18:56:50] /s porygon
[26/12/2010 18:56:54] /r
[26/12/2010 18:56:56] /a 14
[26/12/2010 18:56:58] /a 2
[26/12/2010 18:56:58] /a 2
[26/12/2010 18:56:59] /a 2
[26/12/2010 18:56:59] /a 2
[26/12/2010 18:56:59] /a 2
[26/12/2010 19:04:13] /storage Rattata, 1
[26/12/2010 19:15:57] /a 2
[26/12/2010 19:15:59] /a 2
[26/12/2010 19:15:59] /a 2
[26/12/2010 19:16:00] /a 2
[26/12/2010 19:16:01] /a 2
[26/12/2010 19:34:57] /a 14
[26/12/2010 19:35:00] /a
[26/12/2010 19:35:04] /a 2
[26/12/2010 19:35:05] /a 3
[26/12/2010 19:35:08] /a 3
[26/12/2010 19:35:08] /a 3
[26/12/2010 19:35:09] /a 3
[26/12/2010 19:35:10] /a 3
[26/12/2010 19:35:11] /a 3
[27/12/2010 01:21:21] /a 12
[27/12/2010 01:21:23] /a 55
[27/12/2010 01:21:25] /a 77
[27/12/2010 01:21:29] /a 2
[27/12/2010 01:21:33] /s beedrill
[27/12/2010 01:21:52] /m weedle s
[27/12/2010 01:22:36] /m weedle s
[27/12/2010 02:04:12] /m aerodactyl
[27/12/2010 02:04:21] /r
[27/12/2010 02:05:20] /m aerodactyl
[27/12/2010 02:05:22] /r
