[31/10/2010 01:07:53] /i 2580
[31/10/2010 01:07:56] /i 2120
[31/10/2010 01:08:04] /i 2382
[31/10/2010 01:08:15] /i 2382
[31/10/2010 01:26:29] /i 2382
[31/10/2010 01:27:08] /i 2147 100
[31/10/2010 01:27:10] /i 2147
[31/10/2010 01:32:45] /s demon
[31/10/2010 01:32:51] /s dragon
[31/10/2010 03:08:43] /s demon
[31/10/2010 03:08:55] /s dragon
[31/10/2010 03:10:04] /s dragon
[31/10/2010 03:12:59] /s dragon
[31/10/2010 03:22:07] /m dragon
[31/10/2010 03:22:14] /s demon
[31/10/2010 03:22:16] /s demon
[31/10/2010 03:23:00] /m dragon
[31/10/2010 03:27:32] /m dragon
[31/10/2010 03:27:47] /m dragon
[31/10/2010 03:42:47] /s dragon
[31/10/2010 03:43:01] /s dragon
[31/10/2010 03:44:01] /s dragon
[31/10/2010 03:44:34] /s dragon
[31/10/2010 03:51:49] /s dragon
[31/10/2010 03:54:43] /s dragon
[31/10/2010 03:57:16] /s dragon
[31/10/2010 03:59:29] /s dragon
[31/10/2010 04:00:15] /s dragon
[31/10/2010 04:02:29] /s dragon
