[01/11/2010 23:05:16] /a 2
[01/11/2010 23:05:26] /r
[01/11/2010 23:26:21] /m dragon
[01/11/2010 23:28:14] /m dragon
[01/11/2010 23:35:58] /m dragon
[01/11/2010 23:36:43] /m dragon
[01/11/2010 23:41:21] /a 2
[01/11/2010 23:41:24] /a 2
[01/11/2010 23:41:31] /a 2
[01/11/2010 23:52:35] /m dragon
[02/11/2010 00:22:18] /a 2
[02/11/2010 00:22:23] /s dragon
[02/11/2010 00:23:19] /a 2
[02/11/2010 00:23:22] /s dragon
[02/11/2010 00:23:29] /a 2
[02/11/2010 00:29:03] /a 2
[02/11/2010 00:29:09] /a 2
[02/11/2010 00:58:49] /a 2
[02/11/2010 01:01:22] /a 4
[02/11/2010 01:01:47] /a 1
[02/11/2010 01:02:18] /a 1
[02/11/2010 01:02:21] /a 1
[02/11/2010 01:02:25] /a 5
[02/11/2010 01:02:26] /a 5
[02/11/2010 01:02:26] /a 5
[02/11/2010 01:02:26] /a 5
[02/11/2010 01:02:27] /a 5
[02/11/2010 01:02:28] /a 5
[02/11/2010 01:02:29] /a 5
[02/11/2010 01:02:30] /a 5
[02/11/2010 01:02:30] /a 5
[02/11/2010 01:02:31] /a 5
[02/11/2010 01:02:31] /a 5
[02/11/2010 01:02:35] /a 5
[02/11/2010 01:02:36] /a 5
[02/11/2010 01:02:36] /a 5
[02/11/2010 01:11:35] /a 2
[02/11/2010 01:11:42] /ghost
[02/11/2010 01:11:44] /ghost
[02/11/2010 01:12:06] /ghost
[02/11/2010 01:12:10] /ghost
[02/11/2010 01:15:42] /a 60
[02/11/2010 01:15:44] /a 60
[02/11/2010 01:16:21] /a 60
[02/11/2010 01:16:34] /s demon
[02/11/2010 01:17:07] /a 60
[02/11/2010 01:19:38] /a 2
[02/11/2010 01:19:43] /s demon
[02/11/2010 01:20:50] /m dragon
[02/11/2010 01:33:02] /m dragon
[02/11/2010 01:39:41] /m dragon
[02/11/2010 01:48:43] /m dragon
[02/11/2010 01:57:55] /m dragon
[02/11/2010 14:05:45] /m dragon
[02/11/2010 14:05:57] /m demon
[02/11/2010 14:06:50] /s demon
[02/11/2010 14:09:15] /m demon
[02/11/2010 14:12:03] /m dragon
[02/11/2010 14:12:11] /m dragon
[02/11/2010 14:12:21] /m dragon
[02/11/2010 14:35:36] /m dragon
[02/11/2010 14:35:48] /m demon
[02/11/2010 14:35:58] /s demon
[02/11/2010 14:38:56] /s demon
[02/11/2010 14:46:15] /m demon
[06/11/2010 18:22:13] /s demon
[06/11/2010 18:22:19] /a 2
[06/11/2010 18:22:21] /a 1
[06/11/2010 18:22:21] /a 1
[06/11/2010 18:22:22] /a 1
[06/11/2010 18:22:22] /a 1
[06/11/2010 18:22:23] /a 1
[06/11/2010 18:22:23] /a 1
[06/11/2010 18:22:25] /a 1
[06/11/2010 18:22:25] /a 1
[06/11/2010 18:22:25] /a 1
[06/11/2010 18:22:25] /a 1
[06/11/2010 18:22:25] /a 1
[06/11/2010 18:22:25] /a 1
[06/11/2010 18:22:25] /a 1
[06/11/2010 18:22:25] /a 1
[06/11/2010 18:22:25] /a 1
[06/11/2010 18:22:26] /a 1
[06/11/2010 18:22:26] /a 1
[06/11/2010 18:22:26] /a 1
[06/11/2010 18:22:26] /a 1
[06/11/2010 18:22:26] /a 1
[06/11/2010 18:22:26] /a 1
[06/11/2010 18:22:27] /a 1
[06/11/2010 18:22:27] /a 1
[06/11/2010 18:22:27] /a 1
[06/11/2010 18:22:28] /a 1
[06/11/2010 18:22:28] /a 1
[06/11/2010 18:22:29] /a 1
[06/11/2010 18:22:29] /a 1
[06/11/2010 18:22:29] /a 1
[06/11/2010 18:22:29] /a 1
[06/11/2010 18:22:30] /a 1
[06/11/2010 18:22:30] /a 1
[06/11/2010 18:22:30] /a 1
[06/11/2010 18:22:30] /a 1
[06/11/2010 18:22:30] /a 1
[06/11/2010 18:22:31] /a 1
[06/11/2010 18:22:31] /a 1
[06/11/2010 18:22:32] /a 1
[06/11/2010 18:22:32] /a 1
[06/11/2010 18:22:32] /a 1
[06/11/2010 18:22:33] /a 1
[06/11/2010 18:22:33] /a 1
[06/11/2010 18:22:34] /a 1
[06/11/2010 18:22:34] /a 1
[06/11/2010 18:22:35] /a 1
[06/11/2010 18:22:36] /a 1
[06/11/2010 18:22:37] /a 1
[06/11/2010 18:22:37] /a 1
[06/11/2010 18:22:38] /a 1
[06/11/2010 18:22:40] /a 1
[06/11/2010 18:22:41] /a 1
[06/11/2010 18:22:41] /a 1
[06/11/2010 18:22:41] /a 1
[06/11/2010 18:22:41] /a 1
[06/11/2010 18:22:42] /a 1
[06/11/2010 18:22:42] /a 1
[06/11/2010 18:22:42] /a 1
[06/11/2010 18:22:42] /a 1
[06/11/2010 18:22:42] /a 1
[06/11/2010 18:22:42] /a 1
[06/11/2010 18:22:42] /a 1
[06/11/2010 18:22:42] /a 1
[06/11/2010 18:22:42] /a 1
[06/11/2010 18:22:42] /a 1
[06/11/2010 18:22:43] /a 1
[06/11/2010 18:22:43] /a 1
[06/11/2010 18:22:43] /a 1
[06/11/2010 18:22:43] /a 1
[06/11/2010 18:22:43] /a 1
[06/11/2010 18:22:43] /a 1
[06/11/2010 18:22:43] /a 1
[06/11/2010 18:22:43] /a 1
[06/11/2010 18:22:43] /a 1
[06/11/2010 18:22:43] /a 1
[06/11/2010 18:22:43] /a 1
[06/11/2010 18:22:43] /a 1
[06/11/2010 18:22:43] /a 1
[06/11/2010 18:22:43] /a 1
[06/11/2010 18:22:43] /a 1
[06/11/2010 18:22:43] /a 1
[06/11/2010 18:22:43] /a 1
[06/11/2010 18:22:43] /a 1
[06/11/2010 18:22:43] /a 1
[06/11/2010 18:22:43] /a 1
[06/11/2010 18:22:43] /a 1
[06/11/2010 18:22:43] /a 1
[06/11/2010 18:22:43] /a 1
[06/11/2010 18:22:43] /a 1
[06/11/2010 18:22:44] /a 1
[06/11/2010 18:22:44] /a 1
[06/11/2010 18:22:44] /a 1
[06/11/2010 18:22:44] /a 1
[06/11/2010 18:22:44] /a 1
[06/11/2010 18:22:44] /a 1
[06/11/2010 18:22:44] /a 1
[06/11/2010 18:22:44] /a 1
[06/11/2010 18:22:44] /a 1
[06/11/2010 18:22:44] /a 1
[06/11/2010 18:22:44] /a 1
[06/11/2010 18:22:44] /a 1
[06/11/2010 18:22:45] /a 1
[06/11/2010 18:22:45] /a 1
[06/11/2010 18:22:46] /a 1
[06/11/2010 18:22:46] /a 1
[06/11/2010 18:22:46] /a 1
[06/11/2010 18:22:46] /a 1
[06/11/2010 18:22:46] /a 1
[06/11/2010 18:22:46] /a 1
[06/11/2010 18:22:46] /a 1
[06/11/2010 18:22:46] /a 1
[06/11/2010 18:22:46] /a 1
[06/11/2010 18:22:46] /a 1
[06/11/2010 18:22:46] /a 1
[06/11/2010 18:22:46] /a 1
[06/11/2010 18:22:46] /a 1
[06/11/2010 18:22:47] /a 1
[06/11/2010 18:22:47] /a 1
[06/11/2010 18:22:47] /a 1
[06/11/2010 18:22:47] /a 1
[06/11/2010 18:22:47] /a 1
[06/11/2010 18:22:47] /a 1
[06/11/2010 18:22:47] /a 1
[06/11/2010 18:22:47] /a 1
[06/11/2010 18:22:47] /a 1
[06/11/2010 18:22:47] /a 1
[06/11/2010 18:22:47] /a 1
[06/11/2010 18:22:48] /a 1
[06/11/2010 18:22:48] /a 1
[06/11/2010 18:22:48] /a 1
[06/11/2010 18:22:48] /a 1
[06/11/2010 18:22:48] /a 1
[06/11/2010 18:22:48] /a 1
[06/11/2010 18:22:48] /a 1
[06/11/2010 18:22:48] /a 1
[06/11/2010 18:22:48] /a 1
[06/11/2010 18:22:49] /a 1
[06/11/2010 18:22:52] /a 1
[06/11/2010 18:22:53] /a 1
[06/11/2010 18:22:53] /a 1
[06/11/2010 18:22:53] /a 1
[06/11/2010 18:22:53] /a 1
[06/11/2010 18:22:53] /a 1
[06/11/2010 18:22:53] /a 1
[06/11/2010 18:22:53] /a 1
[06/11/2010 18:22:53] /a 1
[06/11/2010 18:22:53] /a 1
[06/11/2010 18:22:53] /a 1
[06/11/2010 18:22:53] /a 1
[06/11/2010 18:22:53] /a 1
[06/11/2010 18:22:53] /a 1
[06/11/2010 18:22:53] /a 1
[06/11/2010 18:22:53] /a 1
[06/11/2010 18:22:53] /a 1
[06/11/2010 18:22:53] /a 1
[06/11/2010 18:22:53] /a 1
[06/11/2010 18:22:53] /a 1
[06/11/2010 18:22:53] /a 1
[06/11/2010 18:22:53] /a 1
[06/11/2010 18:22:53] /a 1
[06/11/2010 18:22:53] /a 1
[06/11/2010 18:22:53] /a 1
[06/11/2010 18:22:53] /a 1
[06/11/2010 18:22:55] /a 1
[06/11/2010 18:22:55] /a 1
[06/11/2010 18:22:55] /a 1
[06/11/2010 18:22:55] /a 1
[06/11/2010 18:22:55] /a 1
[06/11/2010 18:22:55] /a 1
[06/11/2010 18:22:55] /a 1
[06/11/2010 18:22:55] /a 1
[06/11/2010 18:22:55] /a 1
[06/11/2010 18:22:56] /a 1
[06/11/2010 18:22:56] /a 1
[06/11/2010 18:22:56] /a 1
[06/11/2010 18:22:56] /a 1
[06/11/2010 18:22:56] /a 1
[06/11/2010 18:22:56] /a 1
[06/11/2010 18:22:56] /a 1
[06/11/2010 18:22:56] /a 1
[06/11/2010 18:22:56] /a 1
[06/11/2010 18:22:56] /a 1
[06/11/2010 18:22:56] /a 1
[06/11/2010 18:22:56] /a 1
[06/11/2010 18:22:56] /a 1
[06/11/2010 18:22:56] /a 1
[06/11/2010 18:22:56] /a 1
[06/11/2010 18:22:56] /a 1
[06/11/2010 18:22:56] /a 1
[06/11/2010 18:22:57] /a 1
[06/11/2010 18:22:57] /a 1
[06/11/2010 18:22:57] /a 1
[06/11/2010 18:22:57] /a 1
[06/11/2010 18:22:57] /a 1
[06/11/2010 18:22:57] /a 1
[06/11/2010 18:22:57] /a 1
[06/11/2010 18:22:57] /a 1
[06/11/2010 18:22:57] /a 1
[06/11/2010 18:22:58] /a 1
[06/11/2010 18:22:58] /a 1
[06/11/2010 18:22:58] /a 1
[06/11/2010 18:22:58] /a 1
[06/11/2010 18:22:58] /a 1
[06/11/2010 18:22:58] /a 1
[06/11/2010 18:22:58] /a 1
[06/11/2010 18:22:58] /a 1
[06/11/2010 18:22:58] /a 1
[06/11/2010 18:22:58] /a 1
[06/11/2010 18:22:58] /a 1
[06/11/2010 18:22:58] /a 1
[06/11/2010 18:22:58] /a 1
[06/11/2010 18:22:58] /a 1
[06/11/2010 18:22:58] /a 1
[06/11/2010 18:22:58] /a 1
[06/11/2010 18:22:58] /a 1
[06/11/2010 18:22:58] /a 1
[06/11/2010 18:22:58] /a 1
[06/11/2010 18:23:00] /a 1
[06/11/2010 18:23:00] /a 1
[06/11/2010 18:23:00] /a 1
[06/11/2010 18:23:00] /a 1
[06/11/2010 18:23:01] /a 1
[06/11/2010 19:09:04] /s demon
[06/11/2010 19:09:06] /s dragon
[06/11/2010 19:09:09] /i 2283
[06/11/2010 19:09:13] /i 2147
[06/11/2010 19:09:25] /r
[06/11/2010 19:24:28] /i 2283
[06/11/2010 19:24:28] /i 2283
[06/11/2010 19:27:19] /s dragon
[06/11/2010 19:27:20] /s demon
[06/11/2010 19:27:24] /r
[06/11/2010 19:32:22] /i 2279
[06/11/2010 19:32:27] /i 2278
[06/11/2010 19:32:28] /i 2277
[06/11/2010 19:32:29] /i 2276
[06/11/2010 19:32:30] /i 2275
[06/11/2010 19:35:23] /s dragon
[06/11/2010 19:35:33] /r
[06/11/2010 19:35:34] /r
[06/11/2010 19:35:36] /r
[06/11/2010 19:35:43] /s dragon
[06/11/2010 19:35:44] /s demon
[06/11/2010 19:36:00] /r
[06/11/2010 19:56:52] /i 2283
[06/11/2010 19:58:25] /s dragon
[06/11/2010 19:58:26] /s demon
[06/11/2010 19:58:32] /r
[06/11/2010 19:58:54] /i 2283
[06/11/2010 20:00:56] /i 2283
[06/11/2010 20:01:23] /s dragon lord
[06/11/2010 20:01:27] /s dragon
[06/11/2010 20:02:13] /i 2283
[06/11/2010 20:02:16] /i 2283
[06/11/2010 20:02:27] /s dragon
[06/11/2010 20:03:17] /i 2283
[06/11/2010 20:03:18] /i 2283
[06/11/2010 20:03:18] /i 2283
[06/11/2010 20:04:02] /s dragon
[06/11/2010 20:04:03] /s demon
[06/11/2010 20:04:11] /r
[06/11/2010 20:05:07] /s dragon
[06/11/2010 20:05:10] /s dragon
[06/11/2010 20:05:10] /s dragon
[06/11/2010 20:05:10] /s dragon
[06/11/2010 20:05:10] /s dragon
[06/11/2010 20:05:11] /s dragon
[06/11/2010 20:05:11] /s dragon
[06/11/2010 20:05:11] /s dragon
[06/11/2010 20:05:12] /s dragon
[06/11/2010 20:05:13] /s demon
[06/11/2010 20:05:15] /s demon
[06/11/2010 20:05:35] /r
[06/11/2010 20:08:35] /i 2283
[06/11/2010 20:08:52] /i 2283
[06/11/2010 20:08:54] /i 2283
[06/11/2010 20:10:05] /i 2283
[06/11/2010 20:10:06] /i 2283
[06/11/2010 20:10:34] /i 2283
[06/11/2010 20:10:35] /i 2283
[06/11/2010 20:19:22] /s dragon
[06/11/2010 20:19:24] /s demon
[06/11/2010 20:19:30] /r
[06/11/2010 20:19:34] /i 2283
[06/11/2010 20:20:59] /i 2283
[06/11/2010 20:21:24] /s dragon
[06/11/2010 20:21:27] /s demon
[06/11/2010 20:21:33] /r
[06/11/2010 20:21:42] /i 2283
[06/11/2010 20:23:27] /s dragon
[06/11/2010 20:23:28] /s dragon
[06/11/2010 20:23:29] /s dragon
[06/11/2010 20:23:29] /s dragon
[06/11/2010 20:23:31] /s demon
[06/11/2010 20:23:33] /s demon
[06/11/2010 20:23:46] /r
[06/11/2010 20:24:04] /i 2283
[06/11/2010 20:24:13] /i 2283
[06/11/2010 20:24:24] /i 2283
[06/11/2010 20:33:39] /i 2283
[06/11/2010 20:33:47] /i 2283
[06/11/2010 20:33:54] /i 2283
[06/11/2010 20:40:33] /i 2283
[06/11/2010 20:40:42] /i 2283
[06/11/2010 20:40:43] /i 2283
[06/11/2010 21:49:45] /i 2283
[06/11/2010 21:49:51] /i 2283
[06/11/2010 21:49:55] /i 2283
[06/11/2010 21:51:51] /s demon
[06/11/2010 21:51:52] /s dragon
[06/11/2010 21:51:59] /r
[06/11/2010 21:52:08] /i 2283
[06/11/2010 21:52:15] /i 2283
[06/11/2010 21:52:18] /i 2283
[06/11/2010 21:54:50] /s demon
[06/11/2010 21:54:52] /s dragon
[06/11/2010 21:54:57] /r
[06/11/2010 21:55:07] /i 2283
[06/11/2010 21:55:10] /i 2283
[06/11/2010 21:55:13] /i 2283
[06/11/2010 21:55:37] /s demon
[06/11/2010 21:55:38] /s dragon
[06/11/2010 21:55:47] /r
[06/11/2010 21:55:54] /i 2283
[06/11/2010 21:55:57] /i 2283
[06/11/2010 21:57:10] /s demon
[06/11/2010 21:57:11] /s dragon
[06/11/2010 21:57:18] /r
[06/11/2010 21:57:32] /i 2283
[06/11/2010 21:57:36] /i 2283
[06/11/2010 21:57:37] /i 2282
[06/11/2010 21:57:45] /i 2284
[06/11/2010 21:59:49] /s dragon lord
[06/11/2010 21:59:52] /i 2283
[06/11/2010 22:59:15] /b
[06/11/2010 22:59:21] /b [god] nerdzito
[06/11/2010 22:59:33] /s dragon
[06/11/2010 22:59:34] /s demon
[06/11/2010 22:59:41] /r
[06/11/2010 23:00:52] /i 2283
[06/11/2010 23:00:57] /i 2283
[06/11/2010 23:01:00] /i 2284
[06/11/2010 23:03:51] /s demonm
[06/11/2010 23:03:53] /s demon
[06/11/2010 23:03:54] /s dragon
[06/11/2010 23:03:59] /r
[06/11/2010 23:04:17] /i 2283
[06/11/2010 23:04:23] /i 2283
[06/11/2010 23:04:32] /s dragon
[06/11/2010 23:04:34] /s demon
[06/11/2010 23:04:37] /r
[06/11/2010 23:04:52] /i 2283
[06/11/2010 23:04:57] /i 2283
[06/11/2010 23:04:57] /i 2283
[06/11/2010 23:04:59] /i 2284
[06/11/2010 23:07:26] /s demon
[06/11/2010 23:07:28] /s dragon
[06/11/2010 23:07:31] /r
[06/11/2010 23:07:43] /i 2284
[06/11/2010 23:07:45] /i 2283
[06/11/2010 23:08:16] /i 2283
[06/11/2010 23:08:17] /i 2283
[06/11/2010 23:10:41] /s dragon
[06/11/2010 23:11:01] /s demon
[06/11/2010 23:19:27] /s dragon
[06/11/2010 23:41:22] /s dragon
[06/11/2010 23:45:18] /s demon
[06/11/2010 23:45:19] /s dragon
[06/11/2010 23:49:23] /s dragon
[07/11/2010 00:00:00] /s dragon
[07/11/2010 00:01:36] /s dragon
[07/11/2010 00:02:30] /s dragon
[07/11/2010 00:03:04] /s dragon
[07/11/2010 00:28:05] /s dragon
[07/11/2010 00:28:59] /s dragon
[07/11/2010 00:59:02] /i 2283
[07/11/2010 01:05:40] /i 2276
[07/11/2010 01:05:42] /i 2277
[07/11/2010 01:05:46] /i 2278
[07/11/2010 01:48:31] /i 2178
[07/11/2010 01:48:38] /i 2279
[07/11/2010 01:55:11] /i 2275
[07/11/2010 01:57:06] /i 2277
[07/11/2010 01:57:08] /i 2278
[07/11/2010 01:57:09] /i 2279
[07/11/2010 01:57:16] /i 2280
[07/11/2010 01:57:18] /i 2281
[07/11/2010 01:57:19] /i 2282
[07/11/2010 01:57:23] /i 2283
[07/11/2010 01:57:27] /i 2284
[07/11/2010 01:57:31] /i 2285
[07/11/2010 01:57:33] /i 2286
[07/11/2010 01:58:09] /i 2287
[07/11/2010 01:58:14] /i 2288
[07/11/2010 01:58:19] /i 2289
[07/11/2010 01:58:38] /i 2290
[07/11/2010 01:59:57] /i 2276
[07/11/2010 02:00:02] /i 2277
[07/11/2010 02:00:08] /i 2278
[07/11/2010 02:00:18] /i 2279
[07/11/2010 02:00:19] /i 2280
[07/11/2010 02:00:29] /i 2281
[07/11/2010 02:00:33] /i 2282
[07/11/2010 02:00:33] /i 2283
[07/11/2010 02:00:39] /i 2284
[07/11/2010 02:00:40] /i 2285
[07/11/2010 02:00:47] /i 228
[07/11/2010 02:00:50] /i 2286
[07/11/2010 02:00:54] /i 2287
[07/11/2010 02:00:58] /i 2288
[07/11/2010 02:00:59] /i 2289
[07/11/2010 02:01:10] /i 2290
[07/11/2010 02:01:43] /i 2282
[07/11/2010 02:11:09] /i 2276
[07/11/2010 02:12:20] /i 2275
[07/11/2010 02:13:38] /i 2277
[07/11/2010 02:13:39] /i 2278
[07/11/2010 02:13:40] /i 2279
[07/11/2010 02:13:42] /i 2280
[07/11/2010 02:13:45] /i 2281
[07/11/2010 02:13:46] /i 2282
[07/11/2010 02:13:47] /i 2283
[07/11/2010 02:13:59] /i 2284
[07/11/2010 02:14:00] /i 2285
[07/11/2010 02:14:01] /i 2286
[07/11/2010 02:14:02] /i 2287
[07/11/2010 02:14:02] /i 2288
[07/11/2010 02:14:04] /i 2289
[07/11/2010 02:14:06] /i 2290
[07/11/2010 02:15:06] /i 2281
[07/11/2010 03:45:25] /s eevee
[07/11/2010 03:47:11] /r
[07/11/2010 03:47:16] /s dragon
[07/11/2010 03:50:18] /s dragon
[07/11/2010 03:50:29] /s eevee
[07/11/2010 03:52:54] /s eevee
[07/11/2010 03:55:58] /s eevee
[07/11/2010 04:00:57] /s eevee
[07/11/2010 04:01:07] /s dragon
[07/11/2010 04:01:54] /s eevee
[07/11/2010 04:02:34] /s eevee
[07/11/2010 04:04:50] /s demon
[07/11/2010 04:04:54] /s dragon
[07/11/2010 04:05:00] /i 2147
[07/11/2010 04:05:07] /r
[07/11/2010 04:06:56] /i 2283
[07/11/2010 04:07:00] /i 2283
[07/11/2010 04:09:22] /i 2283
[07/11/2010 04:09:49] /s dragon
[07/11/2010 04:10:00] /i 2283
[07/11/2010 04:10:03] /i 2283
[07/11/2010 04:10:08] /r
[07/11/2010 04:10:28] /s eevee
[07/11/2010 04:10:41] /s demon
[07/11/2010 04:10:45] /s demon
[07/11/2010 04:10:45] /s demon
[07/11/2010 04:10:46] /s demon
[07/11/2010 04:10:53] /r
[07/11/2010 04:11:09] /s demon
[07/11/2010 04:11:09] /s demon
[07/11/2010 04:11:10] /s demon
[07/11/2010 04:11:10] /s demon
[07/11/2010 04:11:10] /s demon
[07/11/2010 04:11:11] /s demon
[07/11/2010 04:11:11] /s demon
[07/11/2010 04:11:11] /s demon
[07/11/2010 04:11:12] /s demon
[07/11/2010 04:11:12] /s demon
[07/11/2010 04:11:13] /s demon
[07/11/2010 04:11:16] /m demon
[07/11/2010 04:11:19] /m demon
[07/11/2010 04:11:42] /r
[07/11/2010 04:11:50] /s eevee
[07/11/2010 04:14:51] /i 2283
[07/11/2010 04:15:11] /s dragon
[07/11/2010 04:21:16] /s dragon
[07/11/2010 04:21:18] /i 2283
[07/11/2010 04:21:18] /i 2283
[07/11/2010 04:21:21] /i 2283
[07/11/2010 04:21:22] /i 2283
[07/11/2010 04:21:26] /i 2283
[07/11/2010 04:21:37] /r
[07/11/2010 04:35:34] /s dragon
[07/11/2010 04:35:36] /i 2283
[07/11/2010 04:35:40] /i 2283
[07/11/2010 04:35:44] /i 2283
[07/11/2010 04:35:55] /r
[07/11/2010 04:35:57] /s eevee
[07/11/2010 04:36:20] /i 2283
[07/11/2010 04:40:03] /s dragon
[07/11/2010 04:40:07] /s dragon
[07/11/2010 04:40:08] /s dragon
[07/11/2010 04:40:09] /i 2283
[07/11/2010 04:40:10] /i 2283
[07/11/2010 04:40:10] /i 2283
[07/11/2010 04:40:11] /i 2283
[07/11/2010 04:40:16] /i 2283
[07/11/2010 04:40:17] /i 2283
[07/11/2010 04:40:20] /i 2283
[07/11/2010 04:40:21] /i 2283
[07/11/2010 04:41:10] /i 2283
[07/11/2010 04:46:38] /s eevee
[07/11/2010 04:46:49] /s eevee
[07/11/2010 04:53:42] /r
[07/11/2010 04:53:43] /r
[07/11/2010 04:56:29] /s eevee
[07/11/2010 05:05:25] /s eevee
[07/11/2010 05:05:25] /s eevee
[07/11/2010 05:05:26] /s eevee
[07/11/2010 05:05:27] /i 2283
[07/11/2010 05:05:49] /i 2279
[07/11/2010 05:06:00] /i 2277
[07/11/2010 05:21:48] /s eevee
[07/11/2010 05:33:37] /s eevee
[07/11/2010 05:36:04] /s eevee
[07/11/2010 05:38:26] /s eevee
[07/11/2010 05:41:38] /s eevee
[07/11/2010 05:43:25] /s eevee
[07/11/2010 05:44:43] /s eevee
[07/11/2010 05:44:59] /s eevee
[07/11/2010 05:45:48] /s eevee
[07/11/2010 05:46:03] /s eevee
[07/11/2010 05:47:24] /s eevee
[07/11/2010 05:47:37] /s eevee
[07/11/2010 05:50:38] /r
[07/11/2010 05:50:39] /r
[07/11/2010 05:50:41] /r
[07/11/2010 05:50:43] /r
[07/11/2010 05:50:45] /r
[07/11/2010 05:50:48] /r
[07/11/2010 05:50:55] /r
[07/11/2010 05:51:01] /s dragon
[07/11/2010 05:51:08] /i 2283
[07/11/2010 05:51:11] /i 2283
[07/11/2010 05:51:23] /r
[07/11/2010 05:52:01] /s dragon
[07/11/2010 05:52:02] /r
[07/11/2010 05:52:04] /i 2283
[07/11/2010 05:52:18] /i 2283
[07/11/2010 05:52:46] /s dragon lord
[07/11/2010 05:52:47] /s dragon lord
[07/11/2010 05:52:52] /i 2283
[07/11/2010 05:52:54] /i 2284
[07/11/2010 05:52:59] /i 2283
[07/11/2010 05:53:00] /i 2284
[07/11/2010 05:53:14] /r
[07/11/2010 05:53:31] /s dragon
[07/11/2010 05:53:33] /s demon
[07/11/2010 05:53:37] /r
[07/11/2010 05:53:38] /r
[07/11/2010 05:53:47] /i 2283
[07/11/2010 05:53:50] /i 2283
[07/11/2010 05:53:58] /i 2284
[07/11/2010 06:01:42] /s dargon
[07/11/2010 06:01:44] /s dragon
[07/11/2010 06:01:47] /i 2283
[07/11/2010 12:05:05] /s demon
[07/11/2010 12:05:47] /i 2283
[07/11/2010 12:05:50] /i 2284
[07/11/2010 12:09:35] /s demon
[07/11/2010 12:10:06] /r
[07/11/2010 12:17:44] /s nidoranma
[07/11/2010 12:19:30] /r
[07/11/2010 12:19:38] /s nidoranma
[07/11/2010 12:19:39] /s nidoranma
[07/11/2010 12:19:55] /s nidoranma
[07/11/2010 12:19:55] /s nidoranma
[07/11/2010 12:19:55] /s nidoranma
[07/11/2010 12:19:56] /s nidoranma
[07/11/2010 12:19:56] /s nidoranma
[07/11/2010 12:20:24] /r
[07/11/2010 12:24:59] /s nidoranma
[07/11/2010 12:25:00] /s nidoranma
[07/11/2010 12:25:00] /s nidoranma
[07/11/2010 12:25:01] /s nidoranma
[07/11/2010 12:25:01] /s nidoranma
[07/11/2010 12:25:01] /s nidoranma
[07/11/2010 12:25:02] /s nidoranma
[07/11/2010 12:25:02] /s nidoranma
[07/11/2010 12:25:02] /s nidoranma
[07/11/2010 12:26:20] /i 6015
[07/11/2010 12:26:21] /i 6015
[07/11/2010 12:26:22] /i 6015
[07/11/2010 12:26:22] /i 6015
[07/11/2010 12:26:23] /i 6015
[07/11/2010 12:26:24] /i 6015
[07/11/2010 12:26:41] /i 6015
[07/11/2010 12:26:42] /i 6015
[07/11/2010 12:26:43] /i 6015
[07/11/2010 12:26:44] /i 6015
[07/11/2010 12:26:46] /i 6015
[07/11/2010 12:26:46] /i 6015
[07/11/2010 12:26:47] /i 6015
[07/11/2010 12:27:12] /r
[07/11/2010 12:27:32] /i 2287
[07/11/2010 12:27:42] /i 2278
[07/11/2010 12:28:00] /i 2278
[07/11/2010 12:28:27] /i 6015
[07/11/2010 12:28:51] /i 6015
[07/11/2010 12:28:51] /i 6015
[07/11/2010 12:28:52] /i 6015
[07/11/2010 12:28:52] /i 6015
[07/11/2010 12:28:53] /i 6015
[07/11/2010 12:28:53] /i 6015
[07/11/2010 12:28:54] /i 6015
[07/11/2010 12:28:55] /i 6015
[07/11/2010 12:28:55] /i 6015
[07/11/2010 12:28:55] /i 6015
[07/11/2010 12:28:56] /i 6015
[07/11/2010 12:28:56] /i 6015
[07/11/2010 12:28:56] /i 6015
[07/11/2010 12:28:56] /i 6015
[07/11/2010 12:29:45] /i 6015
[07/11/2010 12:29:46] /i 6015
[07/11/2010 12:29:46] /i 6015
[07/11/2010 12:29:46] /i 6015
[07/11/2010 12:29:46] /i 6015
[07/11/2010 12:29:46] /i 6015
[07/11/2010 12:29:46] /i 6015
[07/11/2010 12:29:47] /i 6015
[07/11/2010 12:29:47] /i 6015
[07/11/2010 12:29:47] /i 6015
[07/11/2010 12:29:47] /i 6015
[07/11/2010 12:29:47] /i 6015
[07/11/2010 12:29:47] /i 6015
[07/11/2010 12:29:48] /i 6015
[07/11/2010 12:29:48] /i 6015
[07/11/2010 12:29:48] /i 6015
[07/11/2010 12:29:48] /i 6015
[07/11/2010 12:29:48] /i 6015
[07/11/2010 12:29:48] /i 6015
[07/11/2010 12:30:20] /i 6019
[07/11/2010 12:30:20] /i 6019
[07/11/2010 12:30:20] /i 6019
[07/11/2010 12:30:21] /i 6019
[07/11/2010 12:30:21] /i 6019
[07/11/2010 12:30:21] /i 6019
[07/11/2010 12:30:21] /i 6019
[07/11/2010 12:30:21] /i 6019
[07/11/2010 12:30:21] /i 6019
[07/11/2010 12:30:22] /i 6019
[07/11/2010 12:30:22] /i 6019
[07/11/2010 12:30:22] /i 6019
[07/11/2010 12:30:22] /i 6019
[07/11/2010 12:30:22] /i 6019
[07/11/2010 12:30:22] /i 6019
[07/11/2010 12:30:23] /i 6019
[07/11/2010 12:30:23] /i 6019
[07/11/2010 12:30:23] /i 6019
[07/11/2010 12:30:23] /i 6019
[07/11/2010 12:30:23] /i 6019
[07/11/2010 12:30:23] /i 6019
[07/11/2010 12:30:23] /i 6019
[07/11/2010 12:30:23] /i 6019
[07/11/2010 12:30:23] /i 6019
[07/11/2010 12:30:23] /i 6019
[07/11/2010 12:30:23] /i 6019
[07/11/2010 12:30:23] /i 6019
[07/11/2010 12:30:23] /i 6019
[07/11/2010 12:30:23] /i 6019
[07/11/2010 12:30:23] /i 6019
[07/11/2010 12:30:23] /i 6019
[07/11/2010 12:30:23] /i 6019
[07/11/2010 12:30:23] /i 6019
[07/11/2010 12:30:23] /i 6019
[07/11/2010 12:30:23] /i 6019
[07/11/2010 12:30:24] /i 6019
[07/11/2010 12:30:24] /i 6019
[07/11/2010 12:30:24] /i 6019
[07/11/2010 12:30:24] /i 6019
[07/11/2010 12:30:24] /i 6019
[07/11/2010 12:30:24] /i 6019
[07/11/2010 12:31:03] /i 6015
[07/11/2010 12:31:03] /i 6015
[07/11/2010 12:31:03] /i 6015
[07/11/2010 12:31:04] /i 6015
[07/11/2010 12:31:04] /i 6015
[07/11/2010 12:31:04] /i 6015
[07/11/2010 12:31:04] /i 6015
[07/11/2010 12:31:04] /i 6015
[07/11/2010 12:31:04] /i 6015
[07/11/2010 12:31:04] /i 6015
[07/11/2010 12:31:05] /i 6015
[07/11/2010 12:31:05] /i 6015
[07/11/2010 12:31:05] /i 6015
[07/11/2010 12:31:05] /i 6015
[07/11/2010 12:31:05] /i 6015
[07/11/2010 12:31:05] /i 6015
[07/11/2010 12:31:05] /i 6015
[07/11/2010 12:31:05] /i 6015
[07/11/2010 12:31:05] /i 6015
[07/11/2010 12:31:05] /i 6015
[07/11/2010 12:31:05] /i 6015
[07/11/2010 12:31:05] /i 6015
[07/11/2010 12:31:05] /i 6015
[07/11/2010 12:31:05] /i 6015
[07/11/2010 12:31:05] /i 6015
[07/11/2010 12:31:05] /i 6015
[07/11/2010 12:31:05] /i 6015
[07/11/2010 12:31:05] /i 6015
[07/11/2010 12:31:05] /i 6015
[07/11/2010 12:31:05] /i 6015
[07/11/2010 12:31:05] /i 6015
[07/11/2010 12:31:05] /i 6015
[07/11/2010 12:31:47] /i 2147
[07/11/2010 12:32:04] /i 6015
[07/11/2010 12:32:05] /i 6015
[07/11/2010 12:32:05] /i 6015
[07/11/2010 12:32:05] /i 6015
[07/11/2010 12:32:05] /i 6015
[07/11/2010 12:32:05] /i 6015
[07/11/2010 12:32:05] /i 6015
[07/11/2010 12:32:05] /i 6015
[07/11/2010 12:32:05] /i 6015
[07/11/2010 12:32:05] /i 6015
[07/11/2010 12:32:05] /i 6015
[07/11/2010 12:32:05] /i 6015
[07/11/2010 12:32:05] /i 6015
[07/11/2010 12:32:05] /i 6015
[07/11/2010 12:32:05] /i 6015
[07/11/2010 12:32:05] /i 6015
[07/11/2010 12:32:05] /i 6015
[07/11/2010 12:32:05] /i 6015
[07/11/2010 12:32:05] /i 6015
[07/11/2010 12:32:05] /i 6015
[07/11/2010 12:32:05] /i 6015
[07/11/2010 12:32:05] /i 6015
[07/11/2010 12:32:05] /i 6015
[07/11/2010 12:32:05] /i 6015
[07/11/2010 12:32:05] /i 6015
[07/11/2010 12:32:05] /i 6015
[07/11/2010 12:32:05] /i 6015
[07/11/2010 12:32:05] /i 6015
[07/11/2010 12:32:05] /i 6015
[07/11/2010 12:32:05] /i 6015
[07/11/2010 12:32:05] /i 6015
[07/11/2010 12:32:06] /i 6015
[07/11/2010 12:32:06] /i 6015
[07/11/2010 12:32:06] /i 6015
[07/11/2010 12:32:06] /i 6015
[07/11/2010 12:32:06] /i 6015
[07/11/2010 12:32:06] /i 6015
[07/11/2010 12:32:06] /i 6015
[07/11/2010 12:32:06] /i 6015
[07/11/2010 12:32:06] /i 6015
[07/11/2010 12:32:06] /i 6015
[07/11/2010 12:32:06] /i 6015
[07/11/2010 12:32:06] /i 6015
[07/11/2010 12:32:06] /i 6015
[07/11/2010 12:32:06] /i 6015
[07/11/2010 12:32:06] /i 6015
[07/11/2010 12:32:06] /i 6015
[07/11/2010 12:32:06] /i 6015
[07/11/2010 12:32:06] /i 6015
[07/11/2010 12:32:06] /i 6015
[07/11/2010 12:32:06] /i 6015
[07/11/2010 12:32:06] /i 6015
[07/11/2010 12:32:06] /i 6015
[07/11/2010 12:32:06] /i 6015
[07/11/2010 12:32:06] /i 6015
[07/11/2010 12:32:06] /i 6015
[07/11/2010 12:32:06] /i 6015
[07/11/2010 12:32:06] /i 6015
[07/11/2010 12:32:06] /i 6015
[07/11/2010 12:32:06] /i 6015
[07/11/2010 12:32:06] /i 6015
[07/11/2010 12:32:06] /i 6015
[07/11/2010 12:32:07] /i 6015
[07/11/2010 12:32:07] /i 6015
[07/11/2010 12:32:07] /i 6015
[07/11/2010 12:32:07] /i 6015
[07/11/2010 12:32:07] /i 6015
[07/11/2010 12:32:07] /i 6015
[07/11/2010 12:32:07] /i 6015
[07/11/2010 12:32:07] /i 6015
[07/11/2010 12:32:07] /i 6015
[07/11/2010 12:32:07] /i 6015
[07/11/2010 12:32:07] /i 6015
[07/11/2010 12:32:07] /i 6015
[07/11/2010 12:32:07] /i 6015
[07/11/2010 12:32:07] /i 6015
[07/11/2010 12:32:07] /i 6015
[07/11/2010 12:32:07] /i 6015
[07/11/2010 12:32:07] /i 6015
[07/11/2010 12:32:07] /i 6015
[07/11/2010 12:32:07] /i 6015
[07/11/2010 12:32:07] /i 6015
[07/11/2010 12:32:07] /i 6015
[07/11/2010 12:32:38] /i 6019
[07/11/2010 12:32:38] /i 6019
[07/11/2010 12:32:39] /i 6019
[07/11/2010 12:32:39] /i 6019
[07/11/2010 12:32:39] /i 6019
[07/11/2010 12:32:39] /i 6019
[07/11/2010 12:32:39] /i 6019
[07/11/2010 12:32:39] /i 6019
[07/11/2010 12:32:39] /i 6019
[07/11/2010 12:32:39] /i 6019
[07/11/2010 12:32:39] /i 6019
[07/11/2010 12:32:39] /i 6019
[07/11/2010 12:32:39] /i 6019
[07/11/2010 12:32:39] /i 6019
[07/11/2010 12:32:39] /i 6019
[07/11/2010 12:32:39] /i 6019
[07/11/2010 12:32:39] /i 6019
[07/11/2010 12:32:39] /i 6019
[07/11/2010 12:32:39] /i 6019
[07/11/2010 12:32:39] /i 6019
[07/11/2010 12:32:39] /i 6019
[07/11/2010 12:32:39] /i 6019
[07/11/2010 12:32:39] /i 6019
[07/11/2010 12:32:39] /i 6019
[07/11/2010 12:32:39] /i 6019
[07/11/2010 12:32:39] /i 6019
[07/11/2010 12:32:39] /i 6019
[07/11/2010 12:32:39] /i 6019
[07/11/2010 12:32:39] /i 6019
[07/11/2010 12:32:39] /i 6019
[07/11/2010 12:32:39] /i 6019
[07/11/2010 12:32:39] /i 6019
[07/11/2010 12:32:39] /i 6019
[07/11/2010 12:32:39] /i 6019
[07/11/2010 12:32:40] /i 6019
[07/11/2010 12:32:40] /i 6019
[07/11/2010 12:32:40] /i 6019
[07/11/2010 12:32:40] /i 6019
[07/11/2010 12:32:40] /i 6019
[07/11/2010 12:32:40] /i 6019
[07/11/2010 12:32:40] /i 6019
[07/11/2010 12:32:40] /i 6019
[07/11/2010 12:32:40] /i 6019
[07/11/2010 12:32:40] /i 6019
[07/11/2010 12:32:40] /i 6019
[07/11/2010 12:32:40] /i 6019
[07/11/2010 12:32:40] /i 6019
[07/11/2010 12:32:40] /i 6019
[07/11/2010 12:32:40] /i 6019
[07/11/2010 12:32:40] /i 6019
[07/11/2010 12:32:40] /i 6019
[07/11/2010 12:32:40] /i 6019
[07/11/2010 12:32:40] /i 6019
[07/11/2010 12:32:40] /i 6019
[07/11/2010 12:32:40] /i 6019
[07/11/2010 12:32:40] /i 6019
[07/11/2010 12:33:44] /i 6015
[07/11/2010 12:33:44] /i 6015
[07/11/2010 12:33:44] /i 6015
[07/11/2010 12:33:44] /i 6015
[07/11/2010 12:33:44] /i 6015
[07/11/2010 12:33:45] /i 6015
[07/11/2010 12:33:45] /i 6015
[07/11/2010 12:33:45] /i 6015
[07/11/2010 12:33:45] /i 6015
[07/11/2010 12:33:45] /i 6015
[07/11/2010 12:34:06] /i 6015
[07/11/2010 12:34:06] /i 6015
[07/11/2010 12:34:06] /i 6015
[07/11/2010 12:34:06] /i 6015
[07/11/2010 12:34:06] /i 6015
[07/11/2010 12:34:06] /i 6015
[07/11/2010 12:34:06] /i 6015
[07/11/2010 12:34:06] /i 6015
[07/11/2010 12:34:06] /i 6015
[07/11/2010 12:34:06] /i 6015
[07/11/2010 12:34:06] /i 6015
[07/11/2010 12:34:07] /i 6015
[07/11/2010 12:34:07] /i 6015
[07/11/2010 12:34:07] /i 6015
[07/11/2010 12:34:07] /i 6015
[07/11/2010 12:34:07] /i 6015
[07/11/2010 12:34:19] /i 2147
[07/11/2010 12:34:46] /i 6015
[07/11/2010 12:34:46] /i 6015
[07/11/2010 12:34:47] /i 6015
[07/11/2010 12:34:47] /i 6015
[07/11/2010 12:34:47] /i 6015
[07/11/2010 12:34:56] /i 6015
[07/11/2010 12:34:57] /i 6015
[07/11/2010 12:34:57] /i 6015
[07/11/2010 12:34:57] /i 6015
[07/11/2010 12:34:57] /i 6015
[07/11/2010 12:34:57] /i 6015
[07/11/2010 12:34:57] /i 6015
[07/11/2010 12:34:57] /i 6015
[07/11/2010 12:34:57] /i 6015
[07/11/2010 12:34:57] /i 6015
[07/11/2010 12:34:57] /i 6015
[07/11/2010 12:34:57] /i 6015
[07/11/2010 12:34:57] /i 6015
[07/11/2010 12:34:57] /i 6015
[07/11/2010 12:34:57] /i 6015
[07/11/2010 12:34:57] /i 6015
[07/11/2010 12:34:57] /i 6015
[07/11/2010 12:34:57] /i 6015
[07/11/2010 12:34:57] /i 6015
[07/11/2010 12:34:57] /i 6015
[07/11/2010 12:34:57] /i 6015
[07/11/2010 12:34:57] /i 6015
[07/11/2010 12:34:57] /i 6015
[07/11/2010 12:34:57] /i 6015
[07/11/2010 12:34:57] /i 6015
[07/11/2010 12:34:57] /i 6015
[07/11/2010 12:34:57] /i 6015
[07/11/2010 12:34:57] /i 6015
[07/11/2010 12:34:58] /i 6015
[07/11/2010 12:34:58] /i 6015
[07/11/2010 12:34:58] /i 6015
[07/11/2010 12:34:58] /i 6015
[07/11/2010 12:34:58] /i 6015
[07/11/2010 12:34:58] /i 6015
[07/11/2010 12:34:58] /i 6015
[07/11/2010 12:34:58] /i 6015
[07/11/2010 12:34:58] /i 6015
[07/11/2010 12:34:58] /i 6015
[07/11/2010 12:34:58] /i 6015
[07/11/2010 12:34:58] /i 6015
[07/11/2010 12:34:58] /i 6015
[07/11/2010 12:34:58] /i 6015
[07/11/2010 12:34:58] /i 6015
[07/11/2010 12:34:58] /i 6015
[07/11/2010 12:34:58] /i 6015
[07/11/2010 12:34:58] /i 6015
[07/11/2010 12:34:58] /i 6015
[07/11/2010 12:34:58] /i 6015
[07/11/2010 12:34:58] /i 6015
[07/11/2010 12:34:58] /i 6015
[07/11/2010 12:34:58] /i 6015
[07/11/2010 12:34:58] /i 6015
[07/11/2010 12:34:58] /i 6015
[07/11/2010 12:34:58] /i 6015
[07/11/2010 12:34:58] /i 6015
[07/11/2010 12:34:58] /i 6015
[07/11/2010 12:34:58] /i 6015
[07/11/2010 12:34:58] /i 6015
[07/11/2010 12:34:58] /i 6015
[07/11/2010 12:34:59] /i 6015
[07/11/2010 12:34:59] /i 6015
[07/11/2010 12:34:59] /i 6015
[07/11/2010 12:34:59] /i 6015
[07/11/2010 12:34:59] /i 6015
[07/11/2010 12:34:59] /i 6015
[07/11/2010 12:34:59] /i 6015
[07/11/2010 12:34:59] /i 6015
[07/11/2010 12:34:59] /i 6015
[07/11/2010 12:34:59] /i 6015
[07/11/2010 12:34:59] /i 6015
[07/11/2010 12:34:59] /i 6015
[07/11/2010 12:34:59] /i 6015
[07/11/2010 12:34:59] /i 6015
[07/11/2010 12:34:59] /i 6015
[07/11/2010 12:34:59] /i 6015
[07/11/2010 12:34:59] /i 6015
[07/11/2010 12:34:59] /i 6015
[07/11/2010 12:34:59] /i 6015
[07/11/2010 12:34:59] /i 6015
[07/11/2010 12:34:59] /i 6015
[07/11/2010 12:34:59] /i 6015
[07/11/2010 12:34:59] /i 6015
[07/11/2010 12:34:59] /i 6015
[07/11/2010 12:34:59] /i 6015
[07/11/2010 12:34:59] /i 6015
[07/11/2010 12:34:59] /i 6015
[07/11/2010 12:34:59] /i 6015
[07/11/2010 12:34:59] /i 6015
[07/11/2010 12:34:59] /i 6015
[07/11/2010 12:34:59] /i 6015
[07/11/2010 12:34:59] /i 6015
[07/11/2010 12:35:00] /i 6015
[07/11/2010 12:35:00] /i 6015
[07/11/2010 12:35:00] /i 6015
[07/11/2010 12:35:00] /i 6015
[07/11/2010 12:35:00] /i 6015
[07/11/2010 12:35:00] /i 6015
[07/11/2010 12:35:00] /i 6015
[07/11/2010 12:35:00] /i 6015
[07/11/2010 12:35:00] /i 6015
[07/11/2010 12:35:00] /i 6015
[07/11/2010 12:35:00] /i 6015
[07/11/2010 12:35:00] /i 6015
[07/11/2010 12:35:00] /i 6015
[07/11/2010 12:35:00] /i 6015
[07/11/2010 12:35:00] /i 6015
[07/11/2010 12:35:00] /i 6015
[07/11/2010 12:35:00] /i 6015
[07/11/2010 12:35:00] /i 6015
[07/11/2010 12:35:00] /i 6015
[07/11/2010 12:35:00] /i 6015
[07/11/2010 12:35:00] /i 6015
[07/11/2010 12:35:00] /i 6015
[07/11/2010 12:35:00] /i 6015
[07/11/2010 12:35:00] /i 6015
[07/11/2010 12:35:00] /i 6015
[07/11/2010 12:35:00] /i 6015
[07/11/2010 12:36:35] /i 2287
[07/11/2010 12:36:38] /i 2278
[07/11/2010 12:37:06] /i 2278
[07/11/2010 12:37:25] /i 5995
[07/11/2010 12:37:25] /i 5995
[07/11/2010 12:37:25] /i 5995
[07/11/2010 12:37:25] /i 5995
[07/11/2010 12:37:25] /i 5995
[07/11/2010 12:37:25] /i 5995
[07/11/2010 12:37:25] /i 5995
[07/11/2010 12:37:25] /i 5995
[07/11/2010 12:37:25] /i 5995
[07/11/2010 12:37:25] /i 5995
[07/11/2010 12:37:25] /i 5995
[07/11/2010 12:37:25] /i 5995
[07/11/2010 12:37:25] /i 5995
[07/11/2010 12:37:25] /i 5995
[07/11/2010 12:37:25] /i 5995
[07/11/2010 12:37:25] /i 5995
[07/11/2010 12:37:25] /i 5995
[07/11/2010 12:37:25] /i 5995
[07/11/2010 12:37:25] /i 5995
[07/11/2010 12:37:25] /i 5995
[07/11/2010 12:37:25] /i 5995
[07/11/2010 12:37:25] /i 5995
[07/11/2010 12:37:26] /i 5995
[07/11/2010 12:37:26] /i 5995
[07/11/2010 12:37:26] /i 5995
[07/11/2010 12:37:26] /i 5995
[07/11/2010 12:37:26] /i 5995
[07/11/2010 12:37:26] /i 5995
[07/11/2010 12:37:26] /i 5995
[07/11/2010 12:37:26] /i 5995
[07/11/2010 12:37:26] /i 5995
[07/11/2010 12:37:26] /i 5995
[07/11/2010 12:37:26] /i 5995
[07/11/2010 12:37:26] /i 5995
[07/11/2010 12:37:26] /i 5995
[07/11/2010 12:37:26] /i 5995
[07/11/2010 12:37:26] /i 5995
[07/11/2010 12:37:26] /i 5995
[07/11/2010 12:37:26] /i 5995
[07/11/2010 12:37:26] /i 5995
[07/11/2010 12:37:26] /i 5995
[07/11/2010 12:37:26] /i 5995
[07/11/2010 12:37:26] /i 5995
[07/11/2010 12:37:26] /i 5995
[07/11/2010 12:37:26] /i 5995
[07/11/2010 12:37:26] /i 5995
[07/11/2010 12:37:26] /i 5995
[07/11/2010 12:37:26] /i 5995
[07/11/2010 12:37:26] /i 5995
[07/11/2010 12:37:26] /i 5995
[07/11/2010 12:37:26] /i 5995
[07/11/2010 12:37:26] /i 5995
[07/11/2010 12:37:26] /i 5995
[07/11/2010 12:37:26] /i 5995
[07/11/2010 12:37:27] /i 5995
[07/11/2010 12:37:27] /i 5995
[07/11/2010 12:37:27] /i 5995
[07/11/2010 12:37:27] /i 5995
[07/11/2010 12:37:27] /i 5995
[07/11/2010 12:37:27] /i 5995
[07/11/2010 12:37:27] /i 5995
[07/11/2010 12:37:27] /i 5995
[07/11/2010 12:37:27] /i 5995
[07/11/2010 12:37:27] /i 5995
[07/11/2010 12:37:27] /i 5995
[07/11/2010 12:37:27] /i 5995
[07/11/2010 12:37:27] /i 5995
[07/11/2010 12:37:27] /i 5995
[07/11/2010 12:45:29] /i 2148
[07/11/2010 12:45:32] /i 216
[07/11/2010 12:45:35] /i 2146
[07/11/2010 12:47:54] /i 6015
[07/11/2010 12:49:05] /i 6015
[07/11/2010 12:50:31] /i 6015
[07/11/2010 12:50:38] /i 6015
[07/11/2010 12:50:44] /i 6015
[07/11/2010 12:50:44] /i 6015
[07/11/2010 12:52:20] /i 2224
[07/11/2010 12:52:29] /i 2221
[07/11/2010 12:52:32] /i 2220
[07/11/2010 12:58:14] /i 6015
[07/11/2010 13:01:10] /i 6015
[07/11/2010 13:01:13] /i 6015
[07/11/2010 13:01:19] /i 6019
[07/11/2010 13:03:27] /i 6019
[07/11/2010 13:03:27] /i 6019
[07/11/2010 13:03:27] /i 6019
[07/11/2010 13:03:28] /i 6019
[07/11/2010 13:03:28] /i 6019
[07/11/2010 13:03:28] /i 6019
[07/11/2010 13:03:28] /i 6019
[07/11/2010 13:03:28] /i 6019
[07/11/2010 13:03:28] /i 6019
[07/11/2010 13:03:29] /i 6019
[07/11/2010 13:04:09] /i 2278
[07/11/2010 13:04:12] /i 2287
[07/11/2010 13:08:27] /i 2222
[07/11/2010 13:08:35] /i 2147
[07/11/2010 13:11:54] /i 2146
[07/11/2010 13:13:19] /i 6015
[07/11/2010 13:13:20] /i 6019
[07/11/2010 13:13:20] /i 5995
[07/11/2010 13:13:38] /i 5995
[07/11/2010 13:13:38] /i 5995
[07/11/2010 13:13:39] /i 5995
[07/11/2010 13:13:39] /i 5995
[07/11/2010 13:13:39] /i 5995
[07/11/2010 13:13:39] /i 5995
[07/11/2010 13:13:39] /i 5995
[07/11/2010 13:13:39] /i 5995
[07/11/2010 13:13:39] /i 5995
[07/11/2010 13:13:39] /i 5995
[07/11/2010 13:13:39] /i 5995
[07/11/2010 13:13:39] /i 5995
[07/11/2010 13:13:39] /i 5995
[07/11/2010 13:13:39] /i 5995
[07/11/2010 13:13:39] /i 5995
[07/11/2010 13:13:39] /i 5995
[07/11/2010 13:13:39] /i 5995
[07/11/2010 13:13:39] /i 5995
[07/11/2010 13:13:39] /i 5995
[07/11/2010 13:13:39] /i 5995
[07/11/2010 13:13:39] /i 5995
[07/11/2010 13:13:39] /i 5995
[07/11/2010 13:13:39] /i 5995
[07/11/2010 13:13:39] /i 5995
[07/11/2010 13:13:39] /i 5995
[07/11/2010 13:13:39] /i 5995
[07/11/2010 13:13:39] /i 5995
[07/11/2010 13:13:39] /i 5995
[07/11/2010 13:13:40] /i 5995
[07/11/2010 13:13:40] /i 5995
[07/11/2010 13:13:40] /i 5995
[07/11/2010 13:13:40] /i 5995
[07/11/2010 13:13:40] /i 5995
[07/11/2010 13:13:40] /i 5995
[07/11/2010 13:13:40] /i 5995
[07/11/2010 13:13:40] /i 5995
[07/11/2010 13:13:40] /i 5995
[07/11/2010 13:13:40] /i 5995
[07/11/2010 13:13:40] /i 5995
[07/11/2010 13:13:40] /i 5995
[07/11/2010 13:15:35] /i 6015
[07/11/2010 13:15:35] /i 6015
[07/11/2010 13:15:35] /i 6015
[07/11/2010 13:15:35] /i 6015
[07/11/2010 13:15:36] /i 6015
[07/11/2010 13:15:36] /i 6015
[07/11/2010 13:15:36] /i 6015
[07/11/2010 13:15:37] /i 6015
[07/11/2010 13:16:00] /i 2278
[07/11/2010 13:16:10] /i 2278
[07/11/2010 13:16:12] /i 2287
[07/11/2010 14:19:42] /i 6015
[07/11/2010 14:19:42] /i 6015
[07/11/2010 14:19:42] /i 6015
[07/11/2010 14:19:42] /i 6015
[07/11/2010 14:19:42] /i 6015
[07/11/2010 14:19:42] /i 6015
[07/11/2010 14:19:42] /i 6015
[07/11/2010 14:19:42] /i 6015
[07/11/2010 14:19:42] /i 6015
[07/11/2010 14:19:42] /i 6015
[07/11/2010 14:19:42] /i 6015
[07/11/2010 14:19:42] /i 6015
[07/11/2010 14:19:42] /i 6015
[07/11/2010 14:19:42] /i 6015
[07/11/2010 14:19:42] /i 6015
[07/11/2010 14:19:42] /i 6015
[07/11/2010 14:19:42] /i 6015
[07/11/2010 14:19:43] /i 6015
[07/11/2010 14:19:43] /i 6015
[07/11/2010 14:19:43] /i 6015
[07/11/2010 14:19:43] /i 6015
[07/11/2010 14:19:43] /i 6015
[07/11/2010 14:19:43] /i 6015
[07/11/2010 14:19:43] /i 6015
[07/11/2010 14:19:43] /i 6015
[07/11/2010 14:19:43] /i 6015
[07/11/2010 14:19:43] /i 6015
[07/11/2010 14:19:43] /i 6015
[07/11/2010 14:19:43] /i 6015
[07/11/2010 14:19:43] /i 6015
[07/11/2010 14:19:43] /i 6015
[07/11/2010 14:19:43] /i 6015
[07/11/2010 14:19:43] /i 6015
[07/11/2010 14:19:43] /i 6015
[07/11/2010 14:19:43] /i 6015
[07/11/2010 14:19:43] /i 6015
[07/11/2010 14:19:43] /i 6015
[07/11/2010 14:19:43] /i 6015
[07/11/2010 14:19:43] /i 6015
[07/11/2010 14:19:43] /i 6015
[07/11/2010 14:19:43] /i 6015
[07/11/2010 14:20:48] /i 2278
[07/11/2010 14:21:02] /i 2278
[07/11/2010 14:21:14] /i 2287
[07/11/2010 20:14:23] /i 2272
[07/11/2010 20:14:31] /s nidoking
[07/11/2010 20:15:43] /s nidoking
[07/11/2010 20:16:57] /i 2272
[07/11/2010 20:19:38] /i 2272
[07/11/2010 20:20:14] /i 2272
[07/11/2010 20:21:12] /i 2272
[07/11/2010 20:35:13] /i 2272
[07/11/2010 20:35:14] /i 2272
[07/11/2010 20:35:59] /i 2272
[07/11/2010 20:36:00] /i 2272
[07/11/2010 20:40:31] /s nidoking
[07/11/2010 20:41:00] /s nidoking
[07/11/2010 20:41:02] /i 2272
[07/11/2010 20:43:25] /i 2272
[07/11/2010 20:51:49] /i 2272
[07/11/2010 20:57:27] /r
[07/11/2010 20:58:18] /i 2272
[07/11/2010 20:59:18] /s nidoking
[07/11/2010 20:59:19] /s nidoking
[07/11/2010 20:59:23] /i 5995
[07/11/2010 20:59:24] /i 5995
[07/11/2010 20:59:24] /i 5995
[07/11/2010 20:59:24] /i 5995
[07/11/2010 20:59:24] /i 5995
[07/11/2010 20:59:24] /i 5995
[07/11/2010 20:59:24] /i 5995
[07/11/2010 20:59:24] /i 5995
[07/11/2010 20:59:24] /i 5995
[07/11/2010 20:59:24] /i 5995
[07/11/2010 20:59:24] /i 5995
[07/11/2010 20:59:24] /i 5995
[07/11/2010 20:59:24] /i 5995
[07/11/2010 20:59:24] /i 5995
[07/11/2010 20:59:24] /i 5995
[07/11/2010 20:59:24] /i 5995
[07/11/2010 20:59:24] /i 5995
[07/11/2010 20:59:24] /i 5995
[07/11/2010 20:59:24] /i 5995
[07/11/2010 20:59:24] /i 5995
[07/11/2010 20:59:24] /i 5995
[07/11/2010 20:59:24] /i 5995
[07/11/2010 20:59:24] /i 5995
[07/11/2010 20:59:24] /i 5995
[07/11/2010 20:59:24] /i 5995
[07/11/2010 20:59:24] /i 5995
[07/11/2010 20:59:24] /i 5995
[07/11/2010 20:59:25] /i 5995
[07/11/2010 20:59:46] /r
[07/11/2010 21:32:18] /s eevee
[07/11/2010 21:32:53] /s nidoranma
[07/11/2010 21:32:57] /i 2278
[07/11/2010 21:40:49] /s eevee
[07/11/2010 21:41:30] /s eevee
[07/11/2010 21:42:49] /s eevee
[07/11/2010 21:44:31] /s nidoranma
[07/11/2010 21:44:35] /i 2278
[07/11/2010 21:45:13] /i 2278
[07/11/2010 21:45:19] /i 2287
[07/11/2010 21:51:17] /r
[07/11/2010 21:57:03] /s nidoran male
[07/11/2010 21:57:10] /i 2278
[07/11/2010 21:57:13] /i 2278
[07/11/2010 21:57:45] /r
[07/11/2010 22:03:56] /s 300
[07/11/2010 22:04:13] /r
[07/11/2010 22:04:15] /s 260
[07/11/2010 22:04:20] /s 240
[07/11/2010 22:04:22] /s 220
[07/11/2010 22:04:24] /s 200
[07/11/2010 22:04:27] /s 180
[07/11/2010 22:04:29] /s 160
[07/11/2010 22:04:30] /s 140
[07/11/2010 22:04:31] /s 120
[07/11/2010 22:07:35] /r
[07/11/2010 22:07:37] /r
[07/11/2010 22:07:39] /s 240
[07/11/2010 22:08:02] /r
[07/11/2010 22:08:04] /s 220
[07/11/2010 22:08:47] /r
[07/11/2010 22:08:48] /s 200
[07/11/2010 22:09:39] /r
[07/11/2010 22:09:41] /s 240
[07/11/2010 22:10:18] /r
[07/11/2010 22:11:22] /s 280
[07/11/2010 22:11:43] /r
[07/11/2010 22:11:44] /s 300
[07/11/2010 22:11:50] /a 6
[07/11/2010 22:11:56] /a 7
[07/11/2010 22:11:58] /a 7
[07/11/2010 22:12:00] /a 8
[07/11/2010 22:12:46] /r
[07/11/2010 22:12:53] /s 300
[07/11/2010 22:13:03] /r
[07/11/2010 22:13:04] /s 300
[07/11/2010 22:19:43] /a 5
[07/11/2010 22:19:44] /a 5
[07/11/2010 22:19:44] /a 5
[07/11/2010 22:19:47] /a 5
[07/11/2010 22:19:47] /a 5
[07/11/2010 22:19:48] /a 5
[07/11/2010 22:19:53] /a 5
[07/11/2010 22:19:54] /a 5
[07/11/2010 22:19:54] /a 5
[07/11/2010 22:46:52] /s nidorino
[07/11/2010 22:46:54] /s nidorino
[07/11/2010 22:47:01] /s nidoran
[07/11/2010 22:47:03] /s nidoran male
[07/11/2010 22:47:10] /s nidoking
[07/11/2010 22:47:20] /s vaporeon
[07/11/2010 22:48:57] /i 6015
[07/11/2010 22:48:57] /i 6019
[07/11/2010 22:49:01] /i 5995
[07/11/2010 22:49:04] /i 6015
[07/11/2010 23:11:07] /r
[07/11/2010 23:11:13] /s squirtle
[07/11/2010 23:11:18] /s wartortle
[07/11/2010 23:11:21] /s blastoise
[07/11/2010 23:12:27] /s cloyster
[07/11/2010 23:13:17] /s bulbasaur
[07/11/2010 23:13:20] /s ivysaur
[07/11/2010 23:13:22] /s venusaur
[07/11/2010 23:13:33] /s charmander
[07/11/2010 23:13:39] /s charmeleon
[07/11/2010 23:13:42] /s charizard
[07/11/2010 23:14:44] /s 
[07/11/2010 23:14:46] /s caterpie
[07/11/2010 23:14:48] /s metapod
[07/11/2010 23:14:51] /s butterfree
[07/11/2010 23:14:59] /s weedlee
[07/11/2010 23:15:05] /s weedle
[07/11/2010 23:15:09] /s kakuna
[07/11/2010 23:15:20] /s beedrill
[07/11/2010 23:15:33] /s pidgey
[07/11/2010 23:15:36] /s pidgeotto
[07/11/2010 23:15:38] /s pidgeot
[07/11/2010 23:15:48] /s rattata
[07/11/2010 23:15:51] /s raticate
[07/11/2010 23:16:07] /s spearow
[07/11/2010 23:16:10] /s fearow
[07/11/2010 23:16:11] /s ekans
[07/11/2010 23:16:21] /s arbok
[07/11/2010 23:16:32] /s pikachu
[07/11/2010 23:16:34] /s raichu
[07/11/2010 23:16:37] /s sandshrew
[07/11/2010 23:16:39] /s sandslash
[07/11/2010 23:16:59] /s nidoran female
[07/11/2010 23:17:03] /s nidoran male
[07/11/2010 23:18:17] /s nidorino
[07/11/2010 23:18:19] /s nidorina
[07/11/2010 23:18:26] /s nidoking
[07/11/2010 23:18:28] /s nidoqueen
[07/11/2010 23:18:42] /s clefairy
[07/11/2010 23:18:44] /s clefable
[07/11/2010 23:18:48] /s vulpix
[07/11/2010 23:18:51] /s ninetales
[07/11/2010 23:19:06] /s jigglypuff
[07/11/2010 23:19:15] /s wygglytuff
[07/11/2010 23:19:21] /s wigglytuff
[07/11/2010 23:19:23] /s zubat
[07/11/2010 23:19:26] /s golbat
[07/11/2010 23:19:44] /s paras
[07/11/2010 23:19:47] /s parasect
[07/11/2010 23:19:53] /s oddish
[07/11/2010 23:19:56] /s gloom
[07/11/2010 23:19:59] /s vileplume
[07/11/2010 23:20:13] /s venonat
[07/11/2010 23:20:14] /s venomoth
[07/11/2010 23:20:17] /s diglett
[07/11/2010 23:20:19] /s dugtrio
[07/11/2010 23:20:34] /s meowth
[07/11/2010 23:20:36] /s persian
[07/11/2010 23:20:40] /s psyduck
[07/11/2010 23:20:43] /s golduck
[07/11/2010 23:20:57] /s growlithe
[07/11/2010 23:21:00] /s arcanine
[07/11/2010 23:21:02] /s mankey
[07/11/2010 23:21:05] /s primeape
[07/11/2010 23:21:23] /s poliwag
[07/11/2010 23:21:26] /s poliwhirl
[07/11/2010 23:21:28] /s poliwrath
[07/11/2010 23:21:30] /s abra
[07/11/2010 23:21:34] /s kadabra
[07/11/2010 23:21:36] /s alakazam
[07/11/2010 23:21:56] /s machop
[07/11/2010 23:21:57] /s machoke
[07/11/2010 23:21:59] /s machamp
[07/11/2010 23:22:01] /s bellsprout
[07/11/2010 23:22:04] /s weepinbell
[07/11/2010 23:22:07] /s victreebel
[07/11/2010 23:22:27] /a 6
[07/11/2010 23:22:29] /s tentacool
[07/11/2010 23:22:31] /s geodude
[07/11/2010 23:22:34] /s tentacruel
[07/11/2010 23:22:36] /s graveler
[07/11/2010 23:22:38] /s golem
[07/11/2010 23:22:56] /s ponyta
[07/11/2010 23:22:58] /s slowpoke
[07/11/2010 23:23:00] /s slowbro
[07/11/2010 23:23:04] /s rapidash
[07/11/2010 23:23:33] /s farfetch'd
[07/11/2010 23:23:36] /s farfetch d
[07/11/2010 23:23:37] /s farfetchd
[07/11/2010 23:23:44] /s magnemite
[07/11/2010 23:23:46] /s magneton
[07/11/2010 23:23:57] /s doduo
[07/11/2010 23:23:59] /s dodrio
[07/11/2010 23:24:10] /s seel
[07/11/2010 23:24:13] /s grimer
[07/11/2010 23:24:31] /s muk
[07/11/2010 23:24:34] /s dewgong
[07/11/2010 23:24:49] /s shellder
[07/11/2010 23:24:53] /s cloyster
[07/11/2010 23:24:59] /s gastly
[07/11/2010 23:25:01] /s haunter
[07/11/2010 23:25:03] /s gengar
[07/11/2010 23:25:23] /s onix
[07/11/2010 23:25:31] /s drowzee
[07/11/2010 23:25:34] /s hypno
[07/11/2010 23:25:42] /s krabby
[07/11/2010 23:25:43] /s kingler
[07/11/2010 23:25:45] /s voltorb
[07/11/2010 23:25:47] /s electrode
[07/11/2010 23:26:03] /s exeggute
[07/11/2010 23:26:09] /s exeggcute
[07/11/2010 23:26:18] /s exeggcutor
[07/11/2010 23:26:25] /s exeggutor
[07/11/2010 23:26:36] /s cubone
[07/11/2010 23:26:39] /s marowak
[07/11/2010 23:26:47] /s hitmonlee
[07/11/2010 23:26:49] /s hitmonchan
[07/11/2010 23:27:02] /s lickitung
[07/11/2010 23:27:04] /s koffing
[07/11/2010 23:27:06] /s weezing
[07/11/2010 23:27:20] /s rhyhorn
[07/11/2010 23:27:22] /s rhydon
[07/11/2010 23:27:24] /s chansey
[07/11/2010 23:27:39] /s tangela
[07/11/2010 23:27:43] /s kangaskhan
[07/11/2010 23:27:58] /s horsea
[07/11/2010 23:28:01] /s seadra
[07/11/2010 23:28:05] /s goldeen
[07/11/2010 23:28:07] /s seaking
[07/11/2010 23:28:20] /s staryu
[07/11/2010 23:28:22] /s starmie
[07/11/2010 23:28:24] /s mr. mime
[07/11/2010 23:28:27] /s mr mime
[07/11/2010 23:28:29] /s mrmime
[07/11/2010 23:28:48] /s mr.mime
[07/11/2010 23:29:18] /s scyther
[07/11/2010 23:29:20] /s jinx
[07/11/2010 23:29:24] /s jynx
[07/11/2010 23:29:27] /s electabuzz
[07/11/2010 23:30:05] /s magmar
[07/11/2010 23:30:06] /s pinsir
[07/11/2010 23:30:08] /s tauros
[07/11/2010 23:30:23] /s lapras
[07/11/2010 23:30:24] /s magikarp
[07/11/2010 23:30:26] /s gyarados
[07/11/2010 23:30:50] /s ditto
[07/11/2010 23:30:55] /s eevee
[07/11/2010 23:30:57] /s jolten
[07/11/2010 23:30:59] /s jolteon
[07/11/2010 23:31:01] /s flareon
[07/11/2010 23:31:06] /s vaporeon
[07/11/2010 23:31:30] /s porygon
[07/11/2010 23:31:33] /s omanyte
[07/11/2010 23:31:35] /s omastar
[07/11/2010 23:31:37] /s kabuto
[07/11/2010 23:31:38] /s kabutops
[07/11/2010 23:32:00] /s aerodactyl
[07/11/2010 23:32:03] /s snorlax
[07/11/2010 23:32:05] /s dratini
[07/11/2010 23:32:07] /s dragonair
[07/11/2010 23:32:10] /s dragonite
[07/11/2010 23:32:53] /s mew
[07/11/2010 23:32:56] /s mewtwo
[07/11/2010 23:32:57] /s moltres
[07/11/2010 23:33:01] /s articuno
[07/11/2010 23:33:04] /s zapdos
[08/11/2010 14:29:27] /s abra
[08/11/2010 14:30:01] /s abra
[08/11/2010 14:40:00] /s abra
[08/11/2010 14:40:56] /s abra
[08/11/2010 14:48:13] /s abra
[08/11/2010 14:50:34] /s abra
[08/11/2010 14:50:37] /s abra
[08/11/2010 14:51:56] /m abra
[08/11/2010 14:58:41] /m abra
[08/11/2010 15:00:31] /s abra
[08/11/2010 15:00:33] /m abra
[08/11/2010 15:03:09] /s abra
[08/11/2010 15:03:11] /m abra
[08/11/2010 15:06:24] /s abra
[08/11/2010 15:06:26] /m abra
[08/11/2010 15:06:29] /s abra
[08/11/2010 15:06:30] /s abra
[08/11/2010 15:06:30] /s abra
[08/11/2010 15:06:30] /s abra
[08/11/2010 15:06:31] /s abra
[08/11/2010 15:06:31] /s abra
[08/11/2010 15:06:32] /s abra
[08/11/2010 15:06:32] /s abra
[08/11/2010 15:06:32] /s abra
[08/11/2010 15:06:33] /s abra
[08/11/2010 15:06:33] /s abra
[08/11/2010 15:09:05] /s abra
[08/11/2010 15:09:06] /s abra
[08/11/2010 15:09:06] /s abra
[08/11/2010 15:09:07] /s abra
[08/11/2010 15:09:07] /s abra
[08/11/2010 15:09:08] /s abra
[08/11/2010 15:09:08] /s abra
[08/11/2010 15:09:08] /s abra
[08/11/2010 15:09:08] /s abra
[08/11/2010 15:09:09] /s abra
[08/11/2010 15:09:09] /s abra
[08/11/2010 15:09:09] /s abra
[08/11/2010 15:09:10] /s abra
[08/11/2010 15:09:12] /m abra
[08/11/2010 15:09:13] /m abra
[08/11/2010 15:09:13] /m abra
[08/11/2010 15:10:02] /i 6019
[08/11/2010 15:11:16] /s abra
[08/11/2010 15:11:17] /s abra
[08/11/2010 15:11:17] /s abra
[08/11/2010 15:11:17] /s abra
[08/11/2010 15:11:17] /s abra
[08/11/2010 15:11:18] /s abra
[08/11/2010 15:11:18] /s abra
[08/11/2010 15:11:19] /m abra
[08/11/2010 15:17:50] /s abra
[08/11/2010 15:17:51] /s abra
[08/11/2010 15:17:51] /s abra
[08/11/2010 15:17:53] /m abra
[08/11/2010 15:17:58] /s abra
[08/11/2010 15:17:59] /s abra
[08/11/2010 15:17:59] /s abra
[08/11/2010 15:18:00] /s abra
[08/11/2010 15:18:00] /s abra
[08/11/2010 15:18:00] /s abra
[08/11/2010 15:18:01] /s abra
[08/11/2010 15:18:01] /s abra
[08/11/2010 15:18:01] /s abra
[08/11/2010 15:18:02] /s abra
[08/11/2010 15:18:02] /s abra
[08/11/2010 15:18:03] /s abra
[08/11/2010 15:19:35] /s abra
[08/11/2010 15:19:35] /s abra
[08/11/2010 15:19:35] /s abra
[08/11/2010 15:19:36] /s abra
[08/11/2010 15:19:36] /s abra
[08/11/2010 15:19:38] /s abra
[08/11/2010 15:19:38] /s abra
[08/11/2010 15:19:39] /s abra
[08/11/2010 15:21:22] /s abra
[08/11/2010 15:21:23] /s abra
[08/11/2010 15:21:24] /s abra
[08/11/2010 15:21:26] /s abra
[08/11/2010 15:21:27] /s abra
[08/11/2010 15:21:28] /s abra
[08/11/2010 15:21:28] /s abra
[08/11/2010 15:21:29] /s abra
[08/11/2010 15:21:29] /s abra
[08/11/2010 15:21:29] /s abra
[08/11/2010 15:21:30] /s abra
[08/11/2010 15:21:30] /s abra
[08/11/2010 15:21:31] /s abra
[08/11/2010 15:21:31] /s abra
[08/11/2010 15:21:34] /s abra
[08/11/2010 15:25:35] /s abra
[08/11/2010 15:25:35] /s abra
[08/11/2010 15:25:36] /s abra
[08/11/2010 15:25:36] /s abra
[08/11/2010 15:25:36] /s abra
[08/11/2010 15:25:38] /s abra
[08/11/2010 15:25:39] /s abra
[08/11/2010 15:25:40] /s abra
[08/11/2010 15:25:40] /s abra
[08/11/2010 15:25:40] /s abra
[08/11/2010 15:32:32] /s abra
[08/11/2010 15:32:33] /s abra
[08/11/2010 15:32:33] /s abra
[08/11/2010 15:32:34] /s abra
[08/11/2010 15:32:34] /s abra
[08/11/2010 15:32:36] /s abra
[08/11/2010 15:32:36] /s abra
[08/11/2010 15:32:37] /s abra
[08/11/2010 15:32:38] /s abra
[08/11/2010 16:53:51] /s abra
[08/11/2010 16:53:53] /m abra
[08/11/2010 16:55:09] /s abra
[08/11/2010 16:55:11] /m abra
[08/11/2010 16:55:18] /a 11
[08/11/2010 16:56:58] /s abra
[08/11/2010 16:57:01] /m abra
[08/11/2010 16:58:41] /s abra
[08/11/2010 16:58:43] /m abra
[08/11/2010 16:59:09] /m abra
[08/11/2010 17:00:27] /s abra
[08/11/2010 17:00:28] /m abra
[08/11/2010 17:02:25] /i 2905
[08/11/2010 17:02:36] /i 2147
[08/11/2010 17:02:45] /i 2905
[08/11/2010 17:02:45] /i 2905
[08/11/2010 17:02:46] /i 2905
[08/11/2010 17:02:46] /i 2905
[08/11/2010 17:02:46] /i 2905
[08/11/2010 17:02:47] /i 2905
[08/11/2010 17:02:47] /i 2905
[08/11/2010 17:02:47] /i 2905
[08/11/2010 17:02:48] /i 2905
[08/11/2010 17:02:48] /i 2905
[08/11/2010 17:02:48] /i 2905
[08/11/2010 17:02:49] /i 2905
[08/11/2010 17:02:49] /i 2905
[08/11/2010 17:02:49] /i 2905
[08/11/2010 17:02:50] /i 2905
[08/11/2010 17:02:50] /i 2905
[08/11/2010 17:02:50] /i 2905
[08/11/2010 17:02:51] /i 2905
[08/11/2010 17:03:13] /i 2147
[08/11/2010 17:03:13] /i 2147
[08/11/2010 17:03:15] /i 2905
[08/11/2010 17:03:16] /i 2905
[08/11/2010 17:03:17] /i 2905
[08/11/2010 17:03:17] /i 2905
[08/11/2010 17:03:18] /i 2905
[08/11/2010 17:03:18] /i 2905
[08/11/2010 17:03:18] /i 2905
[08/11/2010 17:03:19] /i 2905
[08/11/2010 17:03:19] /i 2905
[08/11/2010 17:03:19] /i 2905
[08/11/2010 17:03:20] /i 2905
[08/11/2010 17:03:20] /i 2905
[08/11/2010 17:03:21] /i 2905
[08/11/2010 17:03:21] /i 2905
[08/11/2010 17:03:21] /i 2905
[08/11/2010 17:03:22] /i 2905
[08/11/2010 17:03:22] /i 2905
[08/11/2010 17:10:24] /i 2285
[08/11/2010 17:10:26] /i 2286
[08/11/2010 17:10:27] /i 2288
[08/11/2010 17:16:19] /m kadabra
[08/11/2010 17:18:19] /s kadabra
[08/11/2010 17:18:20] /s kadabra
[08/11/2010 17:18:21] /s kadabra
[08/11/2010 17:18:21] /s kadabra
[08/11/2010 17:18:21] /s kadabra
[08/11/2010 17:18:22] /s kadabra
[08/11/2010 17:19:28] /s abra
[08/11/2010 17:19:31] /r
[08/11/2010 17:21:16] /s kadabra
[08/11/2010 17:48:23] /s kadabra
[08/11/2010 17:48:25] /s abra
[08/11/2010 17:49:01] /r
[08/11/2010 17:49:17] /i 2288
[08/11/2010 18:17:07] /i 2905
[08/11/2010 18:17:09] /i 2905
[08/11/2010 18:17:33] /i 2288
[08/11/2010 18:17:40] /r
[08/11/2010 18:31:30] /r
[08/11/2010 18:31:46] /r
[08/11/2010 18:32:15] /s abra
[08/11/2010 18:33:03] /r
[08/11/2010 18:33:05] /r
[08/11/2010 18:34:33] /r
[08/11/2010 18:35:16] /r
[08/11/2010 18:37:31] /i 6060
[08/11/2010 18:37:32] /i 6060
[08/11/2010 18:37:33] /i 6060
[08/11/2010 18:37:56] /r
[08/11/2010 18:37:57] /r
[08/11/2010 18:37:59] /r
[08/11/2010 18:37:59] /r
[08/11/2010 18:38:00] /r
[08/11/2010 18:38:02] /r
[08/11/2010 18:39:36] /r
[08/11/2010 18:41:08] /r
[08/11/2010 18:41:11] /i 6060
[08/11/2010 18:41:13] /i 6060
[08/11/2010 18:41:15] /i 6060
[08/11/2010 18:44:43] /r
[08/11/2010 18:45:51] /r
[08/11/2010 18:45:52] /i 6060
[08/11/2010 18:45:55] /i 6060
[08/11/2010 18:46:39] /i 2288
[08/11/2010 18:47:02] /s kadabra
[08/11/2010 18:47:38] /i 6060
[08/11/2010 18:47:44] /i 6060
[08/11/2010 18:47:47] /i 6060
[08/11/2010 18:50:48] /i 6060
[08/11/2010 18:50:49] /i 6060
[08/11/2010 18:50:50] /i 6060
[08/11/2010 18:51:29] /m nidoking
[08/11/2010 18:51:29] /m nidoking
[08/11/2010 18:51:30] /m nidoking
[08/11/2010 18:51:30] /m nidoking
[08/11/2010 18:51:30] /m nidoking
[08/11/2010 18:51:31] /m nidoking
[08/11/2010 18:51:31] /m nidoking
[08/11/2010 18:51:31] /m nidoking
[08/11/2010 18:51:32] /m nidoking
[08/11/2010 18:51:32] /m nidoking
[08/11/2010 19:17:19] /i 6060
[08/11/2010 19:17:20] /i 6060
[08/11/2010 19:17:20] /i 6060
[08/11/2010 19:17:20] /i 6060
[08/11/2010 19:17:20] /i 6060
[08/11/2010 19:17:20] /i 6060
[08/11/2010 19:17:20] /i 6060
[08/11/2010 19:17:20] /i 6060
[08/11/2010 19:17:20] /i 6060
[08/11/2010 19:17:20] /i 6060
[08/11/2010 19:17:20] /i 6060
[08/11/2010 19:17:20] /i 6060
[08/11/2010 19:17:20] /i 6060
[08/11/2010 19:17:20] /i 6060
[08/11/2010 19:17:20] /i 6060
[08/11/2010 19:17:21] /i 6060
[08/11/2010 19:17:21] /i 6060
[08/11/2010 19:17:21] /i 6060
[08/11/2010 19:17:21] /i 6060
[08/11/2010 19:17:21] /i 6060
[08/11/2010 19:17:21] /i 6060
[08/11/2010 19:17:21] /i 6060
[08/11/2010 19:17:21] /i 6060
[08/11/2010 19:17:21] /i 6060
[08/11/2010 19:17:21] /i 6060
[08/11/2010 19:17:21] /i 6060
[08/11/2010 19:17:21] /i 6060
[08/11/2010 19:17:21] /i 6060
[08/11/2010 19:17:21] /i 6060
[08/11/2010 19:17:21] /i 6060
[08/11/2010 19:17:21] /i 6060
[08/11/2010 19:17:21] /i 6060
[08/11/2010 19:17:21] /i 6060
[08/11/2010 19:17:21] /i 6060
[08/11/2010 19:17:21] /i 6060
[08/11/2010 19:17:21] /i 6060
[08/11/2010 19:17:21] /i 6060
[08/11/2010 19:17:21] /i 6060
[08/11/2010 19:17:21] /i 6060
[08/11/2010 19:17:21] /i 6060
[08/11/2010 19:17:21] /i 6060
[08/11/2010 19:17:21] /i 6060
[08/11/2010 19:17:21] /i 6060
[08/11/2010 19:17:21] /i 6060
[08/11/2010 19:17:21] /i 6060
[08/11/2010 19:17:21] /i 6060
[08/11/2010 19:17:22] /i 6060
[08/11/2010 19:17:22] /i 6060
[08/11/2010 19:17:22] /i 6060
[08/11/2010 19:17:22] /i 6060
[08/11/2010 19:17:22] /i 6060
[08/11/2010 19:17:22] /i 6060
[08/11/2010 19:17:22] /i 6060
[08/11/2010 19:17:22] /i 6060
[08/11/2010 19:17:22] /i 6060
[08/11/2010 19:17:22] /i 6060
[08/11/2010 19:17:22] /i 6060
[08/11/2010 19:17:22] /i 6060
[08/11/2010 19:17:22] /i 2905
[08/11/2010 19:17:22] /i 2905
[08/11/2010 19:17:22] /i 2905
[08/11/2010 19:17:22] /i 2905
[08/11/2010 19:17:23] /i 2905
[08/11/2010 19:17:23] /i 2905
[08/11/2010 19:17:23] /i 2905
[08/11/2010 19:17:23] /i 2905
[08/11/2010 19:17:23] /i 2905
[08/11/2010 19:17:23] /i 2905
[08/11/2010 19:17:23] /i 2905
[08/11/2010 19:17:23] /i 2905
[08/11/2010 19:17:23] /i 2905
[08/11/2010 19:17:23] /i 2905
[08/11/2010 19:17:23] /i 2905
[08/11/2010 19:17:23] /i 2905
[08/11/2010 19:17:23] /i 2905
[08/11/2010 19:17:23] /i 2905
[08/11/2010 19:17:23] /i 2905
[08/11/2010 19:17:23] /i 2905
[08/11/2010 19:17:23] /i 2905
[08/11/2010 19:17:23] /i 2905
[08/11/2010 19:17:23] /i 2905
[08/11/2010 19:17:23] /i 2905
[08/11/2010 19:17:23] /i 2905
[08/11/2010 19:17:23] /i 2905
[08/11/2010 19:17:23] /i 2905
[08/11/2010 19:17:23] /i 2905
[08/11/2010 19:17:23] /i 2905
[08/11/2010 19:17:23] /i 2905
[08/11/2010 19:17:23] /i 2905
[08/11/2010 19:17:23] /i 2905
[08/11/2010 19:17:23] /i 2905
[08/11/2010 19:17:23] /i 2905
[08/11/2010 19:17:23] /i 2905
[08/11/2010 19:17:23] /i 2905
[08/11/2010 19:17:24] /i 2905
[08/11/2010 19:17:24] /i 2905
[08/11/2010 19:17:24] /i 2905
[08/11/2010 19:17:24] /i 2905
[08/11/2010 19:17:24] /i 2905
[08/11/2010 19:17:24] /i 2905
[08/11/2010 19:17:24] /i 2905
[08/11/2010 19:17:24] /i 2905
[08/11/2010 19:17:24] /i 2905
[08/11/2010 19:17:24] /i 2905
[08/11/2010 19:17:24] /i 2905
[08/11/2010 19:17:24] /i 2905
[08/11/2010 19:17:24] /i 2905
[08/11/2010 19:17:24] /i 2905
[08/11/2010 19:17:24] /i 2905
[08/11/2010 19:17:24] /i 2905
[08/11/2010 19:17:24] /i 2905
[08/11/2010 19:17:24] /i 2905
[08/11/2010 19:17:24] /i 2905
[08/11/2010 19:17:24] /i 2905
[08/11/2010 19:17:24] /i 2905
[08/11/2010 19:17:24] /i 2905
[08/11/2010 19:17:24] /i 2905
[08/11/2010 19:17:24] /i 2905
[08/11/2010 19:17:24] /i 2905
[08/11/2010 19:17:24] /i 2905
[08/11/2010 19:19:39] /i 6060
[08/11/2010 19:19:54] /i 6060
[08/11/2010 19:22:40] /i 6060
[08/11/2010 19:23:55] /i 6060
[08/11/2010 19:23:57] /i 6060
[08/11/2010 19:24:33] /i 6060
[08/11/2010 19:24:44] /i 6060
[08/11/2010 19:24:46] /i 6060
[08/11/2010 19:24:46] /i 6060
[08/11/2010 19:24:46] /i 6060
[08/11/2010 19:24:46] /i 6060
[08/11/2010 19:24:46] /i 6060
[08/11/2010 19:24:46] /i 6060
[08/11/2010 19:24:46] /i 6060
[08/11/2010 19:24:46] /i 6060
[08/11/2010 19:24:46] /i 6060
[08/11/2010 19:24:46] /i 6060
[08/11/2010 19:24:46] /i 6060
[08/11/2010 19:24:47] /i 6060
[08/11/2010 19:24:47] /i 6060
[08/11/2010 19:24:47] /i 6060
[08/11/2010 19:24:47] /i 6060
[08/11/2010 19:24:47] /i 6060
[08/11/2010 19:24:47] /i 6060
[08/11/2010 19:24:47] /i 6060
[08/11/2010 19:24:47] /i 6060
[08/11/2010 19:24:47] /i 6060
[08/11/2010 19:24:47] /i 6060
[08/11/2010 19:24:47] /i 6060
[08/11/2010 19:24:47] /i 6060
[08/11/2010 19:24:47] /i 6060
[08/11/2010 19:24:47] /i 6060
[08/11/2010 19:24:47] /i 6060
[08/11/2010 19:38:16] /i 6060
[08/11/2010 19:44:08] /i 6060
[08/11/2010 19:46:57] /i 6060
[08/11/2010 19:47:02] /i 6060
[08/11/2010 19:47:03] /i 6060
[08/11/2010 19:47:03] /i 6060
[08/11/2010 19:47:03] /i 6060
[08/11/2010 19:47:03] /i 6060
[08/11/2010 19:47:03] /i 6060
[08/11/2010 19:47:03] /i 6060
[08/11/2010 19:47:03] /i 6060
[08/11/2010 19:47:03] /i 6060
[08/11/2010 19:47:03] /i 6060
[08/11/2010 19:47:03] /i 6060
[08/11/2010 19:47:03] /i 6060
[08/11/2010 19:47:03] /i 6060
[08/11/2010 19:47:03] /i 6060
[08/11/2010 19:47:03] /i 6060
[08/11/2010 19:47:03] /i 6060
[08/11/2010 19:47:03] /i 6060
[08/11/2010 19:47:03] /i 6060
[08/11/2010 19:47:03] /i 6060
[08/11/2010 19:47:03] /i 6060
[08/11/2010 19:47:03] /i 6060
[08/11/2010 19:47:03] /i 6060
[08/11/2010 19:47:03] /i 6060
[08/11/2010 19:47:03] /i 6060
[08/11/2010 19:47:03] /i 6060
[08/11/2010 19:47:03] /i 6060
[08/11/2010 19:47:03] /i 6060
[08/11/2010 19:47:03] /i 6060
[08/11/2010 19:47:03] /i 6060
[08/11/2010 19:47:04] /i 6060
[08/11/2010 19:47:04] /i 6060
[08/11/2010 19:47:04] /i 6060
[08/11/2010 19:47:04] /i 6060
[08/11/2010 19:47:17] /i 6060
[08/11/2010 19:48:17] /s abra
[08/11/2010 19:49:08] /r
[08/11/2010 19:49:11] /s abra
[08/11/2010 21:25:54] /m kadabra
[08/11/2010 21:26:50] /s abra
[08/11/2010 21:27:49] /i 2288
[08/11/2010 21:27:56] /r
[08/11/2010 21:29:51] /m kadabra
[08/11/2010 21:30:40] /m kadabra
[08/11/2010 21:34:44] /m kadabra
[08/11/2010 21:35:29] /m kadabra
[08/11/2010 21:41:16] /r
[08/11/2010 21:42:20] /r
[08/11/2010 21:42:36] /m abra
[08/11/2010 21:43:59] /m abra
[08/11/2010 21:48:24] /r
[08/11/2010 21:48:48] /r
[08/11/2010 21:48:58] /r
[08/11/2010 21:49:11] /i 6060
[08/11/2010 21:49:12] /i 2905
[08/11/2010 21:49:15] /i 2905
[08/11/2010 21:49:20] /i 2905
[08/11/2010 21:53:44] /i 2905
[08/11/2010 21:53:44] /i 2905
[08/11/2010 21:53:45] /i 2905
[08/11/2010 21:53:45] /i 2905
[08/11/2010 21:53:45] /i 2905
[08/11/2010 21:56:41] /i 6060
[08/11/2010 21:56:41] /i 2905
[08/11/2010 21:56:41] /i 2905
[08/11/2010 21:56:41] /i 2905
[08/11/2010 21:56:42] /i 2905
[08/11/2010 21:56:42] /i 2905
[08/11/2010 22:03:26] /i 6060
[08/11/2010 22:03:26] /i 2905
[08/11/2010 22:03:26] /i 2905
[08/11/2010 22:03:26] /i 2905
[08/11/2010 22:03:27] /i 2905
[08/11/2010 22:03:27] /i 2905
[08/11/2010 22:05:49] /i 2905
[08/11/2010 22:05:50] /i 2905
[08/11/2010 22:06:06] /m abra
[08/11/2010 22:09:27] /i 6060
[08/11/2010 22:09:27] /i 6060
[08/11/2010 22:09:27] /i 6060
[08/11/2010 22:09:28] /i 6060
[08/11/2010 22:09:28] /i 6060
[08/11/2010 22:09:28] /i 6060
[08/11/2010 22:09:28] /i 6060
[08/11/2010 22:09:28] /i 6060
[08/11/2010 22:09:28] /i 6060
[08/11/2010 22:09:28] /i 6060
[08/11/2010 22:09:28] /i 6060
[08/11/2010 22:09:28] /i 6060
[08/11/2010 22:09:28] /i 6060
[08/11/2010 22:09:28] /i 6060
[08/11/2010 22:09:28] /i 6060
[08/11/2010 22:09:28] /i 6060
[08/11/2010 22:09:28] /i 6060
[08/11/2010 22:09:28] /i 6060
[08/11/2010 22:22:53] /i 6060
[08/11/2010 22:22:55] /i 6060
[08/11/2010 22:23:20] /i 2905
[08/11/2010 22:23:21] /i 2905
[08/11/2010 22:23:21] /i 2905
[08/11/2010 22:23:21] /i 2905
[08/11/2010 22:23:21] /i 2905
[08/11/2010 22:23:40] /m abra
[08/11/2010 22:25:05] /i 2288
[08/11/2010 22:25:19] /m kadabra
[09/11/2010 00:55:29] /i 2275
[09/11/2010 00:56:20] /i 2275
[09/11/2010 00:56:59] /i 2275
[09/11/2010 00:57:44] /i 2275
[09/11/2010 00:58:59] /i 2275
[09/11/2010 00:59:04] /i 2275
[09/11/2010 00:59:29] /i 2275
[09/11/2010 01:00:21] /i 2275
[09/11/2010 01:00:49] /i 2275
[09/11/2010 01:01:13] /m kadarba
[09/11/2010 01:01:16] /m kadabra
[09/11/2010 01:02:24] /m kadabra
[09/11/2010 01:06:05] /s kadabra
[09/11/2010 01:10:45] /s kadabra
[09/11/2010 01:12:33] /s kadabra
[09/11/2010 01:13:20] /s kadabra
[09/11/2010 01:13:21] /s kadabra
[09/11/2010 01:14:31] /s kadabra
[09/11/2010 01:16:05] /i 2905
[09/11/2010 01:16:05] /i 2905
[09/11/2010 01:16:06] /i 2905
[09/11/2010 01:16:06] /i 2905
[09/11/2010 01:16:06] /i 2905
[09/11/2010 01:16:29] /m abra
[09/11/2010 01:24:06] /i 2288
[09/11/2010 01:34:54] /s abra
[09/11/2010 01:35:09] /r
[09/11/2010 19:05:12] /i 2905
[09/11/2010 19:05:12] /i 2905
[09/11/2010 19:05:12] /i 2905
[09/11/2010 19:05:12] /i 2905
[09/11/2010 19:05:12] /i 2905
[09/11/2010 19:05:12] /i 2905
[09/11/2010 19:05:12] /i 2905
[09/11/2010 19:05:12] /i 2905
[09/11/2010 19:05:12] /i 2905
[09/11/2010 19:05:12] /i 2905
[09/11/2010 19:05:12] /i 2905
[09/11/2010 19:05:12] /i 2905
[09/11/2010 19:05:12] /i 2905
[09/11/2010 19:05:12] /i 2905
[09/11/2010 19:05:12] /i 2905
[09/11/2010 19:05:12] /i 2905
[09/11/2010 19:05:12] /i 2905
[09/11/2010 19:05:12] /i 2905
[09/11/2010 19:05:12] /i 2905
[09/11/2010 19:05:12] /i 2905
[09/11/2010 19:05:22] /i 2288
[09/11/2010 19:06:34] /s kadabra
[09/11/2010 19:07:26] /s kadabra
[09/11/2010 19:08:09] /s kadabra
[09/11/2010 19:08:48] /m kadabra
[09/11/2010 19:09:29] /m kadabr
[09/11/2010 19:09:30] /m kadabra
[09/11/2010 20:16:12] /s kadabra
[09/11/2010 20:16:13] /s kadabra
[09/11/2010 20:18:49] /r
[09/11/2010 20:18:51] /r
[09/11/2010 20:19:02] /s kadabra
[09/11/2010 20:19:04] /m kadabra
[09/11/2010 20:19:12] /r
[09/11/2010 20:19:20] /s kadabra
[09/11/2010 20:19:23] /r
[09/11/2010 20:20:28] /i 2905
[09/11/2010 20:20:28] /i 2905
[09/11/2010 20:20:28] /i 2905
[09/11/2010 20:20:28] /i 2905
[09/11/2010 20:20:28] /i 2905
[09/11/2010 20:20:28] /i 2905
[09/11/2010 20:20:28] /i 2905
[09/11/2010 20:20:29] /i 6060
[09/11/2010 20:20:29] /i 6060
[09/11/2010 20:20:29] /i 6060
[09/11/2010 20:20:29] /i 6060
[09/11/2010 20:20:29] /i 6060
[09/11/2010 20:20:29] /i 6060
[09/11/2010 20:20:29] /i 6060
[09/11/2010 20:20:29] /i 6060
[09/11/2010 20:20:29] /i 6060
[09/11/2010 20:20:30] /i 6060
[09/11/2010 20:20:30] /i 6060
[09/11/2010 20:20:35] /m kadabra
[09/11/2010 20:21:40] /i 6060
[09/11/2010 20:21:40] /i 6060
[09/11/2010 20:21:40] /i 6060
[09/11/2010 20:21:40] /i 6060
[09/11/2010 20:21:40] /i 6060
[09/11/2010 20:21:40] /i 6060
[09/11/2010 20:21:40] /i 6060
[09/11/2010 20:21:40] /i 6060
[09/11/2010 20:21:40] /i 6060
[09/11/2010 20:21:40] /i 6060
[09/11/2010 20:21:40] /i 6060
[09/11/2010 20:21:40] /i 6060
[09/11/2010 20:21:40] /i 6060
[09/11/2010 20:21:40] /i 6060
[09/11/2010 20:21:40] /i 2905
[09/11/2010 20:21:41] /i 2905
[09/11/2010 20:21:41] /i 2905
[09/11/2010 20:21:41] /i 2905
[09/11/2010 20:21:41] /i 2905
[09/11/2010 20:21:41] /i 2905
[09/11/2010 20:21:41] /i 2905
[09/11/2010 20:21:41] /i 2905
[09/11/2010 20:21:41] /i 2905
[09/11/2010 20:21:41] /i 2905
[09/11/2010 20:21:41] /i 2905
[09/11/2010 20:21:41] /i 2905
[09/11/2010 20:21:41] /i 2905
[09/11/2010 20:21:41] /i 2905
[09/11/2010 20:21:41] /i 2905
[09/11/2010 20:21:41] /i 2905
[09/11/2010 20:21:41] /i 2905
[09/11/2010 20:21:41] /i 2905
[09/11/2010 20:21:41] /i 2905
[09/11/2010 20:21:41] /i 2905
[09/11/2010 20:21:41] /i 2905
[09/11/2010 20:21:41] /i 2905
[09/11/2010 20:22:03] /m abra
[09/11/2010 20:23:29] /i 2288
[09/11/2010 20:23:40] /m abra
[09/11/2010 20:23:40] /m abra
[09/11/2010 20:23:41] /m abra
[09/11/2010 20:23:41] /m abra
[09/11/2010 20:23:42] /m abra
[09/11/2010 20:42:23] /m abra
[09/11/2010 20:44:49] /s abra
[09/11/2010 20:44:49] /s abra
[09/11/2010 20:44:50] /s abra
[09/11/2010 20:44:54] /r
[09/11/2010 20:44:56] /r
[09/11/2010 20:44:58] /r
[09/11/2010 20:48:29] /s abra
[09/11/2010 20:48:41] /s abra
[09/11/2010 20:48:41] /s abra
[09/11/2010 20:48:42] /s abra
[09/11/2010 20:48:42] /s abra
[09/11/2010 20:48:42] /s abra
[09/11/2010 20:48:47] /r
[09/11/2010 20:48:48] /r
[09/11/2010 20:48:49] /r
[09/11/2010 20:48:50] /r
[09/11/2010 20:48:51] /r
[09/11/2010 20:48:54] /r
[09/11/2010 21:40:41] /i 6060
[09/11/2010 21:40:41] /i 6060
[09/11/2010 21:40:41] /i 6060
[09/11/2010 21:40:41] /i 6060
[09/11/2010 21:40:41] /i 6060
[09/11/2010 21:40:42] /i 6060
[09/11/2010 21:40:42] /i 6060
[09/11/2010 21:40:42] /i 6060
[09/11/2010 21:40:42] /i 6060
[09/11/2010 21:40:42] /i 6060
[09/11/2010 21:41:06] /s kadabra
[09/11/2010 21:41:24] /r
[09/11/2010 21:41:35] /i 2905
[09/11/2010 21:41:35] /i 2905
[09/11/2010 21:41:36] /i 2905
[09/11/2010 21:41:36] /i 2905
[09/11/2010 21:41:36] /i 2905
[09/11/2010 21:41:36] /i 2905
[09/11/2010 21:41:36] /i 2905
[09/11/2010 21:41:36] /i 2905
[09/11/2010 21:41:36] /i 2905
[09/11/2010 21:41:36] /i 2905
[09/11/2010 21:41:53] /i 2288
[09/11/2010 21:45:46] /s abra
[09/11/2010 21:45:52] /i 2288
[09/11/2010 21:51:17] /r
[09/11/2010 21:51:19] /s abra
[09/11/2010 21:52:32] /i 2288
[09/11/2010 21:53:09] /r
[09/11/2010 21:59:52] /i 2288
[09/11/2010 21:59:53] /s abra
[09/11/2010 21:59:59] /i 2288
[09/11/2010 22:00:15] /r
[09/11/2010 22:00:17] /s abra
[09/11/2010 22:00:18] /i 2288
[09/11/2010 22:00:26] /i 2287
[09/11/2010 22:02:07] /r
[09/11/2010 22:02:10] /s abra
[09/11/2010 22:02:17] /i 2288
[09/11/2010 22:02:55] /i 2288
[09/11/2010 22:03:02] /r
[09/11/2010 22:03:03] /s abra
[09/11/2010 22:03:05] /i 2288
[09/11/2010 22:03:06] /i 2288
[09/11/2010 22:03:10] /r
[09/11/2010 22:03:22] /s abra
[09/11/2010 22:03:26] /i 2288
[09/11/2010 22:03:30] /r
[09/11/2010 22:04:40] /i 2905
[09/11/2010 22:04:40] /i 2905
[09/11/2010 22:04:40] /i 2905
[09/11/2010 22:04:40] /i 2905
[09/11/2010 22:04:40] /i 2905
[09/11/2010 22:11:14] /i 2288
[09/11/2010 22:28:51] /r
[09/11/2010 22:35:46] /i 2288
[09/11/2010 22:37:36] /i 2288
[10/11/2010 13:36:05] /m abra
[10/11/2010 14:05:35] /i 2288
[10/11/2010 14:06:14] /s alakazam
[10/11/2010 14:06:32] /s alakazam
[10/11/2010 14:06:53] /s alakazam
[10/11/2010 14:07:30] /m alakazam
[10/11/2010 14:07:30] /m alakazam
[10/11/2010 14:08:10] /s alakazam
[10/11/2010 14:08:39] /r
[10/11/2010 14:10:21] /i 2905
[10/11/2010 14:10:37] /i 2288
[10/11/2010 14:10:41] /i 2288
[10/11/2010 14:10:43] /i 2288
[10/11/2010 14:10:54] /m alakazam
[10/11/2010 14:11:15] /m alakazam
[10/11/2010 14:11:42] /m alakazam
[10/11/2010 14:12:44] /i 6057
[10/11/2010 14:12:45] /i 6057
[10/11/2010 14:12:46] /i 6057
[10/11/2010 14:12:57] /i 6057
[10/11/2010 14:14:24] /m alakazam
[10/11/2010 14:16:15] /m alakazam
[10/11/2010 14:16:37] /m alakazam
[10/11/2010 14:17:07] /m alakazam
[10/11/2010 14:17:32] /m alakazam
[10/11/2010 14:18:08] /m alakazam
[10/11/2010 14:18:24] /m alakazam
[10/11/2010 14:18:43] /m alakazam
[10/11/2010 14:19:00] /m alakazam
[10/11/2010 14:19:37] /m alakazam
[10/11/2010 14:19:58] /m alakazam
[10/11/2010 14:20:31] /m kadabra
[10/11/2010 14:20:41] /m kadabra
[10/11/2010 14:20:51] /m kadabra
[10/11/2010 14:20:59] /m kadabra
[10/11/2010 14:21:13] /m kadabra
[10/11/2010 14:21:23] /m kadabra
[10/11/2010 14:21:25] /m kadabra
[10/11/2010 14:21:42] /m kadabra
[10/11/2010 14:21:54] /m kadabra
[10/11/2010 14:22:04] /m kadabra
[10/11/2010 14:22:15] /m kadabra
[10/11/2010 14:22:42] /m kadabra
[10/11/2010 14:22:42] /m kadabra
[10/11/2010 14:22:43] /m kadabra
[10/11/2010 14:23:01] /m kadabra
[10/11/2010 14:23:02] /m kadabra
[10/11/2010 14:23:03] /m kadabra
[10/11/2010 14:23:04] /m kadabra
[10/11/2010 14:23:35] /m kadabra
[10/11/2010 14:23:49] /m kadabra
[10/11/2010 14:24:02] /m kadabra
[10/11/2010 14:24:12] /m kadabra
[10/11/2010 14:24:17] /m kadabra
[10/11/2010 14:24:55] /m kadabra
[10/11/2010 14:25:04] /m kadabra
[10/11/2010 14:25:14] /m kadabra
[10/11/2010 14:25:26] /m kadabra
[10/11/2010 14:25:37] /m kadabra
[10/11/2010 14:25:45] /m kadabra
[10/11/2010 14:25:56] /m kadabra
[10/11/2010 14:26:03] /m kadabra
[10/11/2010 14:26:12] /m kadabra
[10/11/2010 14:26:13] /m kadabra
[10/11/2010 14:26:27] /m kadabra
[10/11/2010 14:26:28] /m kadabra
[10/11/2010 14:26:29] /m kadabra
[10/11/2010 14:27:17] /m kadabra
[10/11/2010 14:27:49] /m kadabra
[10/11/2010 14:27:49] /m kadabra
[10/11/2010 14:27:49] /m kadabra
[10/11/2010 14:27:52] /m kadabra
[10/11/2010 14:27:53] /m kadabra
[10/11/2010 14:27:53] /m kadabra
[10/11/2010 14:29:30] /m kadabra
[10/11/2010 14:29:37] /m kadabra
[10/11/2010 14:29:56] /m kadabra
[10/11/2010 14:30:10] /m kadabra
[10/11/2010 14:30:22] /m kadabra
[10/11/2010 14:31:18] /s alakazam
[10/11/2010 14:31:18] /s alakazam
[10/11/2010 14:31:19] /s alakazam
[10/11/2010 14:31:21] /m akazam
[10/11/2010 14:31:26] /m alakazam
[10/11/2010 14:31:34] /m alakazam
[10/11/2010 14:31:40] /m alakazam
[10/11/2010 14:31:47] /m alakazam
[10/11/2010 14:31:52] /m alakazam
[10/11/2010 14:31:58] /m alakazam
[10/11/2010 14:32:04] /m alakazam
[10/11/2010 14:32:11] /m alakazam
[10/11/2010 14:32:25] /m alakazam
[10/11/2010 14:32:38] /m alakazam
[10/11/2010 14:32:48] /m alakazam
[10/11/2010 14:33:05] /m alakazam
[10/11/2010 14:33:08] /s alakazam
[10/11/2010 14:33:09] /s alakazam
[10/11/2010 14:33:09] /s alakazam
[10/11/2010 14:33:09] /s alakazam
[10/11/2010 14:33:10] /s alakazam
[10/11/2010 14:33:22] /m alakazam
[10/11/2010 14:33:27] /m alakazam
[10/11/2010 14:33:33] /m alakazam
[10/11/2010 14:33:38] /m alakazam
[10/11/2010 14:33:43] /m alakazam
[10/11/2010 14:33:52] /m alakazam
[10/11/2010 14:34:00] /m alakazam
[10/11/2010 14:34:13] /m alakazam
[10/11/2010 14:34:27] /m alakazam
[10/11/2010 14:35:36] /m alakazam
[10/11/2010 14:35:52] /m alakazam
[10/11/2010 14:36:19] /m alakazam
[10/11/2010 17:07:58] /s abra
[10/11/2010 17:08:04] /m alakazam
[10/11/2010 17:08:09] /m alakazam
[10/11/2010 17:08:18] /m alakazam
[10/11/2010 17:08:27] /m alakazam
[10/11/2010 17:08:29] /s abra
[10/11/2010 17:08:30] /s abra
[10/11/2010 17:08:30] /s abra
[10/11/2010 17:08:31] /s abra
[10/11/2010 17:08:31] /s abra
[10/11/2010 17:08:31] /s abra
[10/11/2010 17:08:32] /s abra
[10/11/2010 17:08:32] /s abra
[10/11/2010 17:08:33] /s abra
[10/11/2010 17:08:34] /s abra
[10/11/2010 17:08:34] /s abra
[10/11/2010 17:08:34] /s abra
[10/11/2010 17:08:39] /m alakazam
[10/11/2010 17:08:43] /m alakazam
[10/11/2010 17:08:46] /m alakazam
[10/11/2010 17:08:48] /m alakazam
[10/11/2010 17:08:51] /m alakazam
[10/11/2010 17:08:54] /m alakazam
[10/11/2010 17:08:57] /m alakazam
[10/11/2010 17:09:00] /m alakazam
[10/11/2010 17:09:01] /m alakazam
[10/11/2010 17:09:04] /m alakazam
[10/11/2010 17:09:06] /m alakazam
[10/11/2010 17:09:08] /m alakazam
[10/11/2010 17:09:10] /m alakazam
[10/11/2010 17:09:12] /m alakazam
[10/11/2010 17:09:14] /m alakazam
[10/11/2010 17:09:15] /m alakazam
[10/11/2010 17:09:17] /m alakazam
[10/11/2010 17:09:37] /m alakazam
[10/11/2010 17:09:39] /m alakazam
[10/11/2010 17:09:41] /m alakazam
[10/11/2010 17:09:44] /m alakazam
[10/11/2010 17:09:46] /m alakazam
[10/11/2010 17:09:48] /m alakazam
[10/11/2010 17:09:51] /m alakazam
[10/11/2010 17:09:53] /m alakazam
[10/11/2010 17:09:55] /m alakazam
[10/11/2010 17:09:57] /m alakazam
[10/11/2010 17:09:58] /m alakazam
[10/11/2010 17:10:00] /m alakazam
[10/11/2010 17:10:02] /m alakazam
[10/11/2010 17:10:05] /m alakazam
[10/11/2010 17:10:06] /m alakazam
[10/11/2010 17:10:09] /m alakazam
[10/11/2010 17:10:10] /m alakazam
[10/11/2010 17:10:22] /m alakazam
[10/11/2010 17:10:24] /m alakazam
[10/11/2010 17:10:26] /m alakazam
[10/11/2010 17:10:28] /m alakazam
[10/11/2010 17:10:30] /m alakazam
[10/11/2010 17:10:32] /m alakazam
[10/11/2010 17:10:34] /m alakazam
[10/11/2010 17:10:36] /m alakazam
[10/11/2010 17:10:38] /m alakazam
[10/11/2010 17:10:40] /m alakazam
[10/11/2010 17:10:42] /m alakazam
[10/11/2010 17:10:44] /m alakazam
[10/11/2010 17:10:46] /m alakazam
[10/11/2010 17:10:47] /m alakazam
[10/11/2010 17:10:50] /m alakazam
[10/11/2010 17:10:50] /m alakazam
[10/11/2010 17:10:51] /m alakazam
[10/11/2010 17:10:51] /m alakazam
[10/11/2010 17:10:52] /m alakazam
[10/11/2010 17:10:54] /m alakazam
[10/11/2010 17:10:59] /m alakazam
[10/11/2010 17:11:02] /m alakazam
[10/11/2010 17:11:05] /m alakazam
[10/11/2010 17:11:19] /m alakazam
[10/11/2010 17:11:21] /m alakazam
[10/11/2010 17:11:22] /m alakazam
[10/11/2010 17:11:24] /m alakazam
[10/11/2010 17:11:26] /m alakazam
[10/11/2010 17:11:29] /m alakazam
[10/11/2010 17:11:31] /m alakazam
[10/11/2010 17:11:34] /m alakazam
[10/11/2010 17:11:37] /m alakazam
[10/11/2010 17:11:39] /m alakazam
[10/11/2010 17:11:42] /m alakazam
[10/11/2010 17:11:44] /m alakazam
[10/11/2010 17:11:47] /m alakazam
[10/11/2010 17:11:49] /m alakazam
[10/11/2010 17:11:51] /m alakazam
[10/11/2010 17:11:53] /m alakazam
[10/11/2010 17:11:55] /m alakazam
[10/11/2010 17:11:58] /m alakazam
[10/11/2010 17:12:00] /m alakazam
[10/11/2010 17:12:01] /m alakazam
[10/11/2010 17:12:03] /m alakazam
[10/11/2010 17:12:05] /m alakazam
[10/11/2010 17:12:08] /m alakazam
[10/11/2010 17:12:10] /m alakazam
[10/11/2010 17:12:13] /m alakazam
[10/11/2010 17:12:15] /m alakazam
[10/11/2010 17:12:17] /m alakazam
[10/11/2010 17:12:19] /m alakazam
[10/11/2010 17:12:21] /m alakazam
[10/11/2010 17:12:23] /m alakazam
[10/11/2010 17:12:25] /m alakazam
[10/11/2010 17:12:27] /m alakazam
[10/11/2010 17:12:56] /m kadabra
[10/11/2010 17:12:58] /m kadabra
[10/11/2010 17:13:00] /m kadabra
[10/11/2010 17:13:01] /m kadabra
[10/11/2010 17:13:03] /m kadabra
[10/11/2010 17:13:05] /m kadabra
[10/11/2010 17:13:06] /m kadabra
[10/11/2010 17:13:08] /m kadabra
[10/11/2010 17:13:10] /m kadabra
[10/11/2010 17:13:11] /m kadabra
[10/11/2010 17:13:13] /m kadabra
[10/11/2010 17:13:14] /m kadabra
[10/11/2010 17:13:17] /m kadabra
[10/11/2010 17:13:18] /m kadabra
[10/11/2010 17:13:20] /m kadabra
[10/11/2010 17:13:24] /m kadabra
[10/11/2010 17:13:26] /m kadabra
[10/11/2010 17:13:28] /m kadabra
[10/11/2010 17:13:30] /m kadabra
[10/11/2010 17:13:31] /m kadabra
[10/11/2010 17:13:33] /m kadabra
[10/11/2010 17:13:36] /m kadabra
[10/11/2010 17:13:38] /m kadabra
[10/11/2010 17:13:40] /m kadabra
[10/11/2010 17:13:42] /m kadabra
[10/11/2010 17:13:43] /m kadabra
[10/11/2010 17:13:45] /m kadabra
[10/11/2010 17:13:46] /m kadabra
[10/11/2010 17:13:47] /m kadabra
[10/11/2010 17:13:50] /m kadabra
[10/11/2010 17:13:51] /m kadabra
[10/11/2010 17:13:54] /m kadabra
[10/11/2010 17:13:56] /m kadabra
[10/11/2010 17:13:59] /m kadabra
[10/11/2010 17:16:40] /r
[10/11/2010 17:17:12] /s alakazam
[10/11/2010 17:17:12] /s alakazam
[10/11/2010 17:17:13] /s alakazam
[10/11/2010 17:17:13] /s alakazam
[10/11/2010 17:17:18] /s alakazam
[10/11/2010 17:17:19] /s alakazam
[10/11/2010 17:17:19] /s alakazam
[10/11/2010 17:17:22] /s alakazam
[10/11/2010 17:17:23] /s alakazam
[10/11/2010 17:17:23] /s alakazam
[10/11/2010 17:17:24] /s alakazam
[10/11/2010 17:17:24] /s alakazam
[10/11/2010 17:17:24] /s alakazam
[10/11/2010 17:17:25] /s alakazam
[10/11/2010 17:17:25] /s alakazam
[10/11/2010 17:19:14] /r
[10/11/2010 17:32:00] /s rattata
[10/11/2010 17:32:01] /s rattata
[10/11/2010 17:33:35] /r
[10/11/2010 17:33:36] /r
[10/11/2010 17:38:24] /s rattata
[10/11/2010 17:38:25] /s rattata
[10/11/2010 17:39:47] /s rattata
[10/11/2010 17:41:23] /s abra
[10/11/2010 17:41:46] /r
[10/11/2010 17:41:49] /m abra
[10/11/2010 17:42:04] /r
[10/11/2010 17:42:08] /r 
[10/11/2010 17:42:12] /s rattata
[10/11/2010 17:42:15] /ghost
[10/11/2010 17:42:18] /m abra
[10/11/2010 17:48:33] /r
[10/11/2010 18:04:41] /m rattata
[10/11/2010 18:05:55] /m rattata
[10/11/2010 18:05:56] /m rattata
[10/11/2010 18:05:57] /m rattata
[10/11/2010 18:06:21] /m rattata
[10/11/2010 18:06:22] /m rattata
[10/11/2010 18:06:23] /m rattata
[10/11/2010 18:06:23] /m rattata
[10/11/2010 18:06:24] /m rattata
[10/11/2010 18:06:49] /m raticate
[10/11/2010 18:07:20] /m raticate
[10/11/2010 18:07:32] /m raticate
[10/11/2010 18:07:56] /m raticate
[10/11/2010 18:08:26] /m raticate
[10/11/2010 18:08:26] /m raticate
[10/11/2010 18:08:27] /m raticate
[10/11/2010 18:08:27] /m raticate
[10/11/2010 18:08:27] /m raticate
[10/11/2010 18:08:28] /m raticate
[10/11/2010 18:08:28] /m raticate
[10/11/2010 18:08:28] /m raticate
[10/11/2010 18:11:12] /m raticate
[10/11/2010 18:11:13] /m raticate
[10/11/2010 18:11:19] /ghost
[10/11/2010 18:11:34] /ghost
[10/11/2010 18:11:36] /m raticate
[10/11/2010 18:11:37] /m raticate
[10/11/2010 18:11:37] /m raticate
[10/11/2010 18:11:59] /m raticate
[10/11/2010 18:12:05] /m raticate
[10/11/2010 18:12:06] /m raticate
[11/11/2010 20:32:53] /ghost
[11/11/2010 20:32:54] /ghost
[11/11/2010 20:32:55] /ghost
[11/11/2010 20:33:20] /s abra
[11/11/2010 20:33:22] /s kadabra
[11/11/2010 20:33:24] /s alakazam
[11/11/2010 20:33:28] /s bellsprout
[11/11/2010 20:33:30] /s weepinbell
[11/11/2010 20:33:34] /s victreebel
[11/11/2010 20:33:39] /s rattata
[11/11/2010 20:33:41] /s raticate
[11/11/2010 20:34:30] /i 2276
[11/11/2010 20:34:32] /i 2276
[11/11/2010 20:34:34] /i 2276
[11/11/2010 20:34:34] /i 2276
[11/11/2010 20:34:39] /i 2288
[11/11/2010 20:34:45] /i 2288
[11/11/2010 20:34:47] /i 2288
[11/11/2010 20:34:49] /i 2288
[11/11/2010 20:35:32] /r
[11/11/2010 20:35:40] /i 2288
[11/11/2010 20:35:41] /i 2288
[11/11/2010 20:35:57] /m weepinbell
[11/11/2010 20:36:05] /m weepinbell
[11/11/2010 20:36:14] /m weepinbell
[11/11/2010 20:36:21] /m weepinbell
[11/11/2010 20:36:30] /m weepinbell
[11/11/2010 20:36:44] /m weepinbell
[11/11/2010 20:36:50] /m weepinbell
[11/11/2010 20:36:58] /m weepinbell
[11/11/2010 20:37:00] /m weepinbell
[11/11/2010 20:37:02] /m weepinbell
[11/11/2010 20:37:24] /m weepinbell
[11/11/2010 20:37:30] /m victreebel
[11/11/2010 20:38:00] /m victreebel
[11/11/2010 20:38:21] /m victreebel
[11/11/2010 20:38:31] /m victreebel
[11/11/2010 20:38:59] /m victreebel
[11/11/2010 20:39:15] /m victreebel
[11/11/2010 20:51:12] /s victreebel
[11/11/2010 20:51:13] /s victreebel
[11/11/2010 20:51:35] /s victreebel
[11/11/2010 20:51:53] /s victreebel
[11/11/2010 20:52:02] /s victreebel
[11/11/2010 20:52:41] /s victreebel
[11/11/2010 20:53:31] /s victreebel
[11/11/2010 20:59:25] /s victreebel
[11/11/2010 21:01:17] /s victreebel
[11/11/2010 21:01:33] /s victreebel
[11/11/2010 21:01:51] /s victreebel
[11/11/2010 23:40:31] /s jynx
[11/11/2010 23:40:39] /s alakazam
[11/11/2010 23:56:50] /s alakazam
[11/11/2010 23:56:51] /s jynx
[12/11/2010 14:06:32] /s jynx
[12/11/2010 14:06:34] /s snorlax
[12/11/2010 14:21:09] /s alakazam
[12/11/2010 14:22:06] /r
[12/11/2010 14:22:49] /s jynx
[12/11/2010 14:22:51] /s snolax
[12/11/2010 14:22:54] /s snorlax
[12/11/2010 14:39:55] /m victreebel
[12/11/2010 14:40:15] /m victreebel
[12/11/2010 14:40:17] /ghost
[12/11/2010 14:40:27] /m victreebel
[12/11/2010 14:40:39] /m victreebel
[12/11/2010 14:40:49] /s snorlax
[12/11/2010 14:40:55] /m victreebel
[12/11/2010 14:41:06] /m victreebel
[12/11/2010 14:41:13] /s snorlax
[12/11/2010 14:41:13] /s snorlax
[12/11/2010 14:41:14] /s snorlax
[12/11/2010 14:41:15] /s snorlax
[12/11/2010 14:41:18] /m victreebel
[12/11/2010 14:41:24] /m victreebel
[12/11/2010 14:41:29] /m victreebel
[12/11/2010 14:41:34] /m victreebel
[12/11/2010 14:41:37] /m victreebel
[12/11/2010 14:41:41] /m victreebel
[12/11/2010 14:41:44] /m victreebel
[12/11/2010 14:41:50] /m victreebel
[12/11/2010 14:41:57] /m victreebel
[12/11/2010 14:42:01] /m victreebel
[12/11/2010 14:42:04] /m victreebel
[12/11/2010 14:42:05] /m victreebel
[12/11/2010 14:42:07] /m victreebel
[12/11/2010 14:42:16] /m victreebel
[12/11/2010 14:42:19] /m victreebel
[12/11/2010 14:42:29] /s victreebel
[12/11/2010 14:42:44] /s snorlax
[12/11/2010 14:43:04] /s victreebel
[12/11/2010 14:43:14] /s snorlax
[12/11/2010 14:43:32] /s snorlax
[12/11/2010 14:43:54] /s snorlax
[12/11/2010 14:44:45] /s snorlax
[12/11/2010 14:45:11] /s snorlax
[12/11/2010 14:45:20] /s snorlax
[12/11/2010 14:45:39] /s snorlax
[12/11/2010 14:45:57] /s victreebel
[12/11/2010 14:45:58] /s victreebel
[12/11/2010 14:45:58] /s victreebel
[12/11/2010 14:45:58] /s victreebel
[12/11/2010 14:45:59] /s victreebel
[12/11/2010 14:46:03] /m victreebel
[12/11/2010 14:46:08] /m victreebel
[12/11/2010 14:46:12] /m victreebel
[12/11/2010 14:46:17] /m victreebel
[12/11/2010 14:46:21] /m victreebel
[12/11/2010 14:46:26] /m victreebel
[12/11/2010 14:46:31] /m victreebel
[12/11/2010 14:46:36] /m victreebel
[12/11/2010 14:46:40] /m victreebel
[12/11/2010 14:46:46] /m victreebel
[12/11/2010 14:46:56] /m victreebel
[12/11/2010 14:47:26] /s snorlax
[12/11/2010 14:47:26] /s snorlax
[12/11/2010 14:47:27] /s snorlax
[12/11/2010 14:47:27] /s snorlax
[12/11/2010 14:47:27] /s snorlax
[12/11/2010 14:47:28] /s snorlax
[12/11/2010 14:47:28] /s snorlax
[12/11/2010 14:47:29] /s snorlax
[12/11/2010 14:47:34] /m victreebel
[12/11/2010 14:47:38] /m victreebel
[12/11/2010 14:47:40] /m victreebel
[12/11/2010 14:47:42] /m victreebel
[12/11/2010 14:47:46] /m victreebel
[12/11/2010 14:47:48] /m victreebel
[12/11/2010 14:47:50] /m victreebel
[12/11/2010 14:47:52] /m victreebel
[12/11/2010 14:47:55] /m victreebel
[12/11/2010 14:48:00] /m victreebel
[12/11/2010 14:48:03] /m victreebel
[12/11/2010 14:48:07] /m victreebel
[12/11/2010 14:48:10] /m victreebel
[12/11/2010 14:48:12] /m victreebel
[12/11/2010 14:48:14] /m victreebel
[12/11/2010 14:48:19] /m victreebel
[12/11/2010 14:48:23] /m victreebel
[12/11/2010 14:48:24] /m victreebel
[12/11/2010 14:48:28] /m victreebel
[12/11/2010 14:48:31] /m victreebel
[12/11/2010 14:48:34] /m victreebel
[12/11/2010 14:48:36] /m victreebel
[12/11/2010 14:48:39] /m victreebel
[12/11/2010 14:48:42] /m victreebel
[12/11/2010 14:48:44] /m victreebel
[12/11/2010 14:48:47] /m victreebel
[12/11/2010 14:48:52] /m victreebel
[12/11/2010 14:48:58] /m victreebel
[12/11/2010 14:49:05] /m victreebel
[12/11/2010 14:49:25] /m victreebel
[12/11/2010 14:49:29] /m victreebel
[12/11/2010 14:49:31] /m victreebel
[12/11/2010 14:49:38] /m victreebel
[12/11/2010 14:49:41] /m victreebel
[12/11/2010 14:49:45] /m victreebel
[12/11/2010 14:49:49] /m victreebel
[12/11/2010 14:49:53] /m victreebel
[12/11/2010 14:49:57] /m victreebel
[12/11/2010 14:50:57] /s snorlax
[12/11/2010 14:50:57] /s snorlax
[12/11/2010 14:50:58] /s snorlax
[12/11/2010 14:50:58] /s snorlax
[12/11/2010 14:50:59] /s snorlax
[12/11/2010 14:51:02] /m victreebel
[12/11/2010 14:51:04] /m victreebel
[12/11/2010 14:51:05] /m victreebel
[12/11/2010 14:52:00] /r
[12/11/2010 14:52:01] /r
[12/11/2010 14:52:04] /r
[12/11/2010 14:52:05] /r
[12/11/2010 14:52:07] /r
[12/11/2010 14:52:09] /r
[12/11/2010 14:52:12] /s alakazam
[12/11/2010 14:52:38] /m alakzam
[12/11/2010 14:52:42] /m alakazam
[12/11/2010 14:56:47] /s snorlax
[12/11/2010 14:56:47] /s snorlax
[12/11/2010 14:56:48] /s snorlax
[12/11/2010 14:56:51] /m victreebel
[12/11/2010 14:57:26] /m victreebel
[12/11/2010 14:57:49] /m victreebel
[12/11/2010 14:58:13] /m victreebel
[12/11/2010 14:58:49] /m victreebel
[12/11/2010 14:59:12] /m victreebel
[12/11/2010 14:59:28] /m victreebel
[12/11/2010 14:59:59] /m victreebel
[12/11/2010 15:00:13] /m victreebel
[12/11/2010 15:00:54] /m victreebel
[12/11/2010 15:01:14] /m victreebel
[12/11/2010 15:01:37] /m victreebel
[12/11/2010 15:02:08] /m victreebel
[12/11/2010 15:02:36] /m victreebel
[12/11/2010 15:03:31] /m victreebel
[12/11/2010 15:03:32] /s snorlax
[12/11/2010 15:03:32] /s snorlax
[12/11/2010 15:05:32] /s snorlax
[12/11/2010 15:05:33] /s snorlax
[12/11/2010 15:05:33] /s snorlax
[12/11/2010 15:05:36] /m victreebel
[12/11/2010 15:06:42] /m victreebel
[12/11/2010 15:06:58] /m victreebel
[12/11/2010 15:07:15] /m victreebel
[12/11/2010 15:07:44] /m victreebel
[12/11/2010 15:08:12] /m victreebel
[12/11/2010 15:08:28] /m victreebel
[12/11/2010 15:08:37] /m victreebel
[12/11/2010 15:09:00] /m victreebel
[12/11/2010 15:09:05] /s snorlax
[12/11/2010 15:09:06] /s snorlax
[12/11/2010 15:09:11] /m victreebel
[12/11/2010 15:09:30] /m victreebel
[12/11/2010 15:09:55] /m victreebel
[12/11/2010 15:10:14] /m victreebel
[12/11/2010 15:10:30] /m victreebel
[12/11/2010 15:10:41] /m victreebel
[12/11/2010 15:10:50] /r
[12/11/2010 15:10:51] /r
[12/11/2010 15:10:53] /r
[12/11/2010 15:10:54] /r
[12/11/2010 15:10:56] /r
[12/11/2010 15:10:57] /r
[12/11/2010 15:10:59] /r
[12/11/2010 15:11:48] /m victreebel
[12/11/2010 15:11:49] /m victreebel
[12/11/2010 15:11:49] /m victreebel
[12/11/2010 15:11:49] /m victreebel
[12/11/2010 15:11:50] /m victreebel
[12/11/2010 15:11:50] /m victreebel
[12/11/2010 15:11:50] /m victreebel
[12/11/2010 15:11:51] /m victreebel
[12/11/2010 15:11:51] /m victreebel
[12/11/2010 15:11:51] /m victreebel
[12/11/2010 15:11:52] /m victreebel
[12/11/2010 15:12:12] /m victreebel
[12/11/2010 15:12:12] /m victreebel
[12/11/2010 15:12:13] /m victreebel
[12/11/2010 15:12:13] /m victreebel
[12/11/2010 15:12:13] /m victreebel
[12/11/2010 15:12:14] /m victreebel
[12/11/2010 15:12:14] /m victreebel
[12/11/2010 15:12:15] /m victreebel
[12/11/2010 15:12:15] /m victreebel
[12/11/2010 15:12:21] /m victreebel
[12/11/2010 15:12:36] /m victreebel
[12/11/2010 15:12:36] /m victreebel
[12/11/2010 15:12:37] /m victreebel
[12/11/2010 15:12:37] /m victreebel
[12/11/2010 15:12:37] /m victreebel
[12/11/2010 15:12:37] /m victreebel
[12/11/2010 15:12:37] /m victreebel
[12/11/2010 15:12:37] /m victreebel
[12/11/2010 15:12:37] /m victreebel
[12/11/2010 15:12:37] /m victreebel
[12/11/2010 15:12:37] /m victreebel
[12/11/2010 15:12:37] /m victreebel
[12/11/2010 15:12:37] /m victreebel
[12/11/2010 15:12:37] /m victreebel
[12/11/2010 15:12:37] /m victreebel
[12/11/2010 15:12:37] /m victreebel
[12/11/2010 15:12:39] /m victreebel
[12/11/2010 15:12:39] /m victreebel
[12/11/2010 15:12:40] /m victreebel
[12/11/2010 15:12:40] /m victreebel
[12/11/2010 15:12:40] /m victreebel
[12/11/2010 15:12:40] /m victreebel
[12/11/2010 15:12:40] /m victreebel
[12/11/2010 15:12:40] /m victreebel
[12/11/2010 15:12:40] /m victreebel
[12/11/2010 15:12:40] /m victreebel
[12/11/2010 15:12:40] /m victreebel
[12/11/2010 15:12:40] /m victreebel
[12/11/2010 15:12:40] /m victreebel
[12/11/2010 15:12:40] /m victreebel
[12/11/2010 15:12:40] /m victreebel
[12/11/2010 15:12:40] /m victreebel
[12/11/2010 15:12:40] /m victreebel
[12/11/2010 15:12:40] /m victreebel
[12/11/2010 15:12:40] /m victreebel
[12/11/2010 15:12:40] /m victreebel
[12/11/2010 15:12:40] /m victreebel
[12/11/2010 15:12:40] /m victreebel
[12/11/2010 15:12:40] /m victreebel
[12/11/2010 15:12:40] /m victreebel
[12/11/2010 15:12:40] /m victreebel
[12/11/2010 15:12:45] /m victreebel
[12/11/2010 15:12:45] /m victreebel
[12/11/2010 15:12:45] /m victreebel
[12/11/2010 15:12:45] /m victreebel
[12/11/2010 15:12:45] /m victreebel
[12/11/2010 15:12:45] /m victreebel
[12/11/2010 15:12:45] /m victreebel
[12/11/2010 15:12:45] /m victreebel
[12/11/2010 15:12:45] /m victreebel
[12/11/2010 15:12:45] /m victreebel
[12/11/2010 15:12:45] /m victreebel
[12/11/2010 15:12:45] /m victreebel
[12/11/2010 15:12:45] /m victreebel
[12/11/2010 15:12:45] /m victreebel
[12/11/2010 15:12:45] /m victreebel
[12/11/2010 15:12:45] /m victreebel
[12/11/2010 15:12:45] /m victreebel
[12/11/2010 15:12:45] /m victreebel
[12/11/2010 15:12:45] /m victreebel
[12/11/2010 15:12:45] /m victreebel
[12/11/2010 15:12:45] /m victreebel
[12/11/2010 15:12:45] /m victreebel
[12/11/2010 15:12:45] /m victreebel
[12/11/2010 15:12:45] /m victreebel
[12/11/2010 15:12:45] /m victreebel
[12/11/2010 15:12:46] /m victreebel
[12/11/2010 15:12:46] /m victreebel
[12/11/2010 15:12:59] /m victreebel
[12/11/2010 15:13:00] /m victreebel
[12/11/2010 15:13:00] /m victreebel
[12/11/2010 15:13:00] /m victreebel
[12/11/2010 15:13:00] /m victreebel
[12/11/2010 15:13:00] /m victreebel
[12/11/2010 15:13:00] /m victreebel
[12/11/2010 15:13:00] /m victreebel
[12/11/2010 15:13:00] /m victreebel
[12/11/2010 15:13:00] /m victreebel
[12/11/2010 15:13:00] /m victreebel
[12/11/2010 15:13:00] /m victreebel
[12/11/2010 15:13:00] /m victreebel
[12/11/2010 15:13:00] /m victreebel
[12/11/2010 15:13:00] /m victreebel
[12/11/2010 15:13:00] /m victreebel
[12/11/2010 15:13:00] /m victreebel
[12/11/2010 15:13:00] /m victreebel
[12/11/2010 15:13:00] /m victreebel
[12/11/2010 15:13:00] /m victreebel
[12/11/2010 15:13:00] /m victreebel
[12/11/2010 15:13:00] /m victreebel
[12/11/2010 15:13:09] /m victreebel
[12/11/2010 15:13:10] /m victreebel
[12/11/2010 15:13:10] /m victreebel
[12/11/2010 15:13:10] /m victreebel
[12/11/2010 15:13:10] /m victreebel
[12/11/2010 15:13:10] /m victreebel
[12/11/2010 15:13:10] /m victreebel
[12/11/2010 15:13:10] /m victreebel
[12/11/2010 15:13:10] /m victreebel
[12/11/2010 15:13:10] /m victreebel
[12/11/2010 15:13:10] /m victreebel
[12/11/2010 15:13:10] /m victreebel
[12/11/2010 15:13:10] /m victreebel
[12/11/2010 15:13:28] /m victreebel
[12/11/2010 15:13:28] /m victreebel
[12/11/2010 15:13:28] /m victreebel
[12/11/2010 15:13:28] /m victreebel
[12/11/2010 15:13:28] /m victreebel
[12/11/2010 15:13:29] /m victreebel
[12/11/2010 15:13:29] /m victreebel
[12/11/2010 15:13:29] /m victreebel
[12/11/2010 15:13:29] /m victreebel
[12/11/2010 15:13:29] /m victreebel
[12/11/2010 15:13:29] /m victreebel
[12/11/2010 15:13:29] /m victreebel
[12/11/2010 15:13:29] /m victreebel
[12/11/2010 15:13:29] /m victreebel
[12/11/2010 15:13:29] /m victreebel
[12/11/2010 15:13:29] /m victreebel
[12/11/2010 15:13:29] /m victreebel
[12/11/2010 15:13:29] /m victreebel
[12/11/2010 15:13:29] /m victreebel
[12/11/2010 15:13:29] /m victreebel
[12/11/2010 15:13:29] /m victreebel
[12/11/2010 15:13:29] /m victreebel
[12/11/2010 15:13:29] /m victreebel
[12/11/2010 15:13:29] /m victreebel
[12/11/2010 15:13:29] /m victreebel
[12/11/2010 15:13:29] /m victreebel
[12/11/2010 15:13:29] /m victreebel
[12/11/2010 15:13:29] /m victreebel
[12/11/2010 15:13:29] /m victreebel
[12/11/2010 15:13:29] /m victreebel
[12/11/2010 15:13:29] /m victreebel
[12/11/2010 15:13:29] /m victreebel
[12/11/2010 15:13:29] /m victreebel
[12/11/2010 15:13:29] /m victreebel
[12/11/2010 15:13:29] /m victreebel
[12/11/2010 15:13:29] /m victreebel
[12/11/2010 15:13:29] /m victreebel
[12/11/2010 15:13:30] /m victreebel
[12/11/2010 15:13:30] /m victreebel
[12/11/2010 15:13:30] /m victreebel
[12/11/2010 15:13:30] /m victreebel
[12/11/2010 15:13:30] /m victreebel
[12/11/2010 15:13:30] /m victreebel
[12/11/2010 15:13:30] /m victreebel
[12/11/2010 15:13:30] /m victreebel
[12/11/2010 15:13:30] /m victreebel
[12/11/2010 15:13:30] /m victreebel
[12/11/2010 15:13:30] /m victreebel
[12/11/2010 15:13:30] /m victreebel
[12/11/2010 15:13:30] /m victreebel
[12/11/2010 15:13:30] /m victreebel
[12/11/2010 15:13:30] /m victreebel
[12/11/2010 15:13:30] /m victreebel
[12/11/2010 15:13:30] /m victreebel
[12/11/2010 15:13:30] /m victreebel
[12/11/2010 15:13:30] /m victreebel
[12/11/2010 15:13:30] /m victreebel
[12/11/2010 15:13:30] /m victreebel
[12/11/2010 15:13:30] /m victreebel
[12/11/2010 15:13:30] /m victreebel
[12/11/2010 15:13:30] /m victreebel
[12/11/2010 15:13:47] /m victreebel
[12/11/2010 15:13:49] /m victreebel
[12/11/2010 15:13:54] /m victreebel
[12/11/2010 15:13:55] /m victreebel
[12/11/2010 15:13:56] /m victreebel
[12/11/2010 15:13:57] /m victreebel
[12/11/2010 15:13:58] /m victreebel
[12/11/2010 15:13:59] /m victreebel
[12/11/2010 15:14:01] /m victreebel
[12/11/2010 15:14:02] /m victreebel
[12/11/2010 15:14:04] /m victreebel
[12/11/2010 15:14:05] /m victreebel
[12/11/2010 15:14:06] /m victreebel
[12/11/2010 15:14:08] /m victreebel
[12/11/2010 15:14:09] /m victreebel
[12/11/2010 15:14:10] /m victreebel
[12/11/2010 15:14:11] /m victreebel
[12/11/2010 15:14:13] /m victreebel
[12/11/2010 15:14:14] /m victreebel
[12/11/2010 15:14:15] /m victreebel
[12/11/2010 15:14:17] /m victreebel
[12/11/2010 15:14:18] /m victreebel
[12/11/2010 15:14:23] /i 2145
[12/11/2010 15:14:29] /i 2146
[12/11/2010 15:14:31] /i 2146
[12/11/2010 15:14:38] /i 2147
[12/11/2010 15:14:47] /i 2148
[12/11/2010 15:14:48] /i 2149
[12/11/2010 15:14:54] /i 2150
[12/11/2010 15:14:56] /i 2151
[12/11/2010 15:14:58] /i 2152
[12/11/2010 15:15:04] /i 2153
[12/11/2010 15:15:10] /i 2154
[12/11/2010 15:15:12] /i 2155
[12/11/2010 15:15:12] /i 2156
[12/11/2010 15:15:14] /i 2157
[12/11/2010 15:15:36] /i 2286
[12/11/2010 15:15:41] /i 2289
[12/11/2010 15:15:45] /i 2279
[12/11/2010 15:16:07] /i 2152
[12/11/2010 15:16:09] /i 2153
[12/11/2010 15:16:11] /i 2156
[12/11/2010 15:16:12] /i 2157
[12/11/2010 15:16:14] /i 2158
[12/11/2010 15:16:16] /i 2159
[12/11/2010 15:16:18] /i 2160
[12/11/2010 15:16:20] /i 216
[12/11/2010 15:16:21] /i 2161
