[06/01/2011 22:31:32] /i 2146
[06/01/2011 22:31:58] /a 4
[06/01/2011 22:31:59] /a 4
[06/01/2011 22:32:00] /a 4
[06/01/2011 22:32:00] /a 4
[06/01/2011 22:32:01] /a 4
[06/01/2011 22:32:02] /a 4
[06/01/2011 22:32:03] /a 4
[06/01/2011 22:32:03] /a 4
[06/01/2011 22:32:06] /a 2
[06/01/2011 22:32:20] /a 12
[06/01/2011 22:32:22] /a 2
[06/01/2011 22:32:23] /a 2
[06/01/2011 22:32:24] /a 2
[06/01/2011 22:32:24] /a 2
[06/01/2011 22:32:24] /a 2
[06/01/2011 22:32:25] /a 2
[06/01/2011 22:32:34] /i defeated pidgey
[06/01/2011 22:32:35] /i defeated pidgey
[06/01/2011 22:32:35] /i defeated pidgey
[06/01/2011 22:32:35] /i defeated pidgey
[06/01/2011 22:32:36] /i defeated pidgey
[06/01/2011 22:32:36] /i defeated pidgey
[06/01/2011 22:32:37] /i defeated pidgey
[06/01/2011 22:32:37] /i defeated pidgey
[06/01/2011 22:32:37] /i defeated pidgey
[06/01/2011 22:32:52] /a 12
[06/01/2011 22:32:53] /a 12
[06/01/2011 22:32:55] /a 3
[06/01/2011 22:32:56] /a 3
[06/01/2011 22:32:57] /a 3
[06/01/2011 22:33:30] /s seadra
[06/01/2011 22:33:37] /r
[06/01/2011 22:33:39] /a 12
[06/01/2011 22:43:16] /i leaf stone
[06/01/2011 22:43:29] /i leaf stone
[06/01/2011 22:43:29] /i leaf stone
[06/01/2011 22:43:33] /i venom stone
[06/01/2011 22:43:45] /addskill eitanois, level, 5
