[01/09/2011 18:37:52] /addskill FRENZI, LEVEL, 100
[01/09/2011 18:37:55] /addskill FRENZI, LEVE, 100
[01/09/2011 18:38:00] /addskill FRENZI, level, 100
[01/09/2011 18:38:04] /addskill FRENZI, LEVE, 100
[01/09/2011 18:38:06] /addskill FRENZI, level, 100
[01/09/2011 18:38:10] /m venusaur
[01/09/2011 18:39:28] /m ekans
[01/09/2011 18:39:47] /m ekans
[01/09/2011 18:40:07] /n nurse
[01/09/2011 18:40:09] /r
[01/09/2011 18:40:13] /m bulbasaur
[01/09/2011 18:40:29] /m bellsprout
[01/09/2011 18:41:10] /m bellsprout
[01/09/2011 18:41:29] /n nurse
[01/09/2011 18:41:30] /r
[01/09/2011 18:41:42] /m bellsprout
[01/09/2011 18:41:52] /r
[01/09/2011 18:45:59] /m ekans
[01/09/2011 18:46:06] /r
[01/09/2011 18:46:07] /r
[01/09/2011 18:46:08] /r
[01/09/2011 18:47:09] /n nurse
[01/09/2011 18:47:11] /r
[01/09/2011 18:47:12] /m ekans
[01/09/2011 18:47:38] /m arbok
[01/09/2011 18:48:29] /m doduo
[01/09/2011 18:49:06] /m bellsprout
[03/09/2011 11:52:04] /t
[03/09/2011 12:40:19] /t
[03/09/2011 12:45:34] /a 2
[03/09/2011 12:45:36] /a 2
[03/09/2011 12:45:38] /a 3
[03/09/2011 12:45:39] /a 3
[03/09/2011 13:08:09] /storage frenzi, 17000
[03/09/2011 13:08:26] /t
[03/09/2011 14:45:42] /t
[04/09/2011 13:58:37] /a 1
[04/09/2011 17:02:39] /s diglett
[04/09/2011 17:03:16] /s digglet
[04/09/2011 17:03:20] /s diglett
[04/09/2011 17:04:12] /m onix
[04/09/2011 17:04:26] /r
[04/09/2011 17:04:50] /n nurse
[04/09/2011 17:04:51] /r
[04/09/2011 23:18:17] /t
[04/09/2011 23:21:31] /m onix
[04/09/2011 23:22:20] /m dragonite
[04/09/2011 23:24:25] /t
[04/09/2011 23:26:57] /t
[04/09/2011 23:27:01] /m venusaur
[04/09/2011 23:28:38] /m charmander
[04/09/2011 23:32:07] /m dragonite
[04/09/2011 23:33:18] /m dragonite
[04/09/2011 23:34:26] /m dragonite
[04/09/2011 23:34:55] /t
[04/09/2011 23:34:58] /m dragonite
[04/09/2011 23:35:16] /m venusaur
[04/09/2011 23:35:24] /m venusaur
[04/09/2011 23:37:26] /m onix
[04/09/2011 23:40:00] /t
[04/09/2011 23:40:06] /m dragonite
[04/09/2011 23:40:15] /m onix
[04/09/2011 23:40:20] /m onix
[04/09/2011 23:40:24] /m onix
[04/09/2011 23:43:02] /m onix
[04/09/2011 23:44:03] /m onix
[04/09/2011 23:44:26] /m onix
[04/09/2011 23:45:14] /m onix
[04/09/2011 23:45:57] /m onix
[04/09/2011 23:46:21] /m onix
[04/09/2011 23:46:48] /m onix
[04/09/2011 23:47:29] /m onix
[04/09/2011 23:48:01] /m onix
[04/09/2011 23:48:31] /m onix
[04/09/2011 23:48:44] /m onix
[04/09/2011 23:52:01] /m onix
[04/09/2011 23:52:52] /m onix
[05/09/2011 00:00:15] /m onix
[05/09/2011 00:04:20] /n nurse
[05/09/2011 00:04:24] /r
[05/09/2011 00:05:31] /n nurse
[05/09/2011 00:05:33] /r
[05/09/2011 00:06:08] /r
[05/09/2011 00:10:59] /n nurse
[05/09/2011 19:02:26] /t
[05/09/2011 19:03:37] /n nurse
[05/09/2011 19:03:40] /r
[05/09/2011 19:06:41] /n nurse
[05/09/2011 19:06:45] /r
[05/09/2011 19:06:47] /r
[05/09/2011 19:07:13] /r
[05/09/2011 19:07:50] /n nurse
[05/09/2011 19:09:24] /n nurse
[05/09/2011 19:09:28] /r
[05/09/2011 19:09:41] /n nurse
[05/09/2011 19:09:46] /r
[05/09/2011 19:09:55] /n nurse
[05/09/2011 19:10:04] /r
[05/09/2011 19:15:33] /n nurse
[05/09/2011 19:18:07] /r
[05/09/2011 19:18:08] /n nurse
[05/09/2011 19:18:09] /r
[05/09/2011 19:18:17] /n nurse
[05/09/2011 19:18:50] /n nurse
[05/09/2011 19:18:51] /r
[05/09/2011 21:42:12] /n nurse
[05/09/2011 21:42:15] /r
[05/09/2011 21:43:42] /n nurse
[05/09/2011 21:43:44] /r
[08/09/2011 12:41:37] /goto glade
[08/09/2011 12:54:51] /goto glade
[08/09/2011 12:54:53] /m oddish
[08/09/2011 12:56:12] /ghost
[08/09/2011 12:56:20] /ghost
[08/09/2011 12:57:48] /goto glade
[08/09/2011 12:57:54] /m vileplume
[08/09/2011 13:14:43] /a 44
[08/09/2011 13:14:45] /a 23
[08/09/2011 13:14:48] /a 88
[08/09/2011 13:15:15] /goto glade
[08/09/2011 13:16:09] /r
[08/09/2011 13:17:10] /r
[08/09/2011 13:25:41] /m dummy
[08/09/2011 13:25:47] /r
[08/09/2011 13:25:51] /r
[08/09/2011 13:25:59] /t
[08/09/2011 13:26:06] /goto glade
[08/09/2011 13:26:09] /r
[08/09/2011 13:26:15] /n namer
[08/09/2011 13:26:17] /n name
[08/09/2011 13:26:31] /i 2160
[08/09/2011 13:27:13] /r
[08/09/2011 23:23:43] /t
[09/09/2011 23:49:54] /a 3
[09/09/2011 23:58:56] /a 3
[09/09/2011 23:59:55] /m dummy
[10/09/2011 00:00:01] /r
[10/09/2011 00:00:05] /m oddish
[10/09/2011 00:02:59] /m oddish
[10/09/2011 00:03:18] /ghost
[10/09/2011 00:03:21] /r
[10/09/2011 00:03:23] /m oddish
[10/09/2011 00:03:24] /ghost
[10/09/2011 00:03:33] /r
[10/09/2011 00:03:35] /m oddis
[10/09/2011 00:03:36] /m oddish
[10/09/2011 00:03:38] /ghost
[10/09/2011 00:03:40] /ghost
[10/09/2011 00:03:45] /r
[10/09/2011 00:03:47] /m oddish
[10/09/2011 00:03:54] /m oddish
[10/09/2011 00:03:58] /ghost
[10/09/2011 00:03:59] /m oddish
[10/09/2011 00:04:03] /r
[10/09/2011 00:04:05] /r
[10/09/2011 00:04:07] /r
[10/09/2011 00:04:08] /r
[10/09/2011 00:04:10] /ghost
[11/09/2011 17:02:12] /goto glade
[11/09/2011 17:02:24] /ghost
[11/09/2011 17:02:44] /ghost
[11/09/2011 18:56:41] /goto glade
[11/09/2011 19:03:41] /ghost
[11/09/2011 19:03:41] /ghost
[11/09/2011 19:03:43] /m dummy
[11/09/2011 19:03:59] /r
[11/09/2011 19:04:09] /m dummy
[11/09/2011 19:04:53] /m dummy
[11/09/2011 19:05:26] /m dummy
[11/09/2011 20:19:48] /m dummy
[11/09/2011 20:21:41] /m dummy
[11/09/2011 20:21:47] /m dummy
[11/09/2011 20:25:58] /m lapras
[11/09/2011 20:26:39] /m lapras
[11/09/2011 20:26:45] /ghost
[11/09/2011 20:26:46] /ghost
[11/09/2011 20:26:49] /ghost
[11/09/2011 20:26:56] /ghost
[11/09/2011 20:27:12] /ghost
[11/09/2011 20:32:41] /ghost
[11/09/2011 20:32:45] /ghost
[11/09/2011 20:35:49] /ghost
[11/09/2011 20:36:32] /ghost
[11/09/2011 20:40:06] /ghost
[11/09/2011 20:40:06] /ghost
[11/09/2011 20:40:08] /m lapras
[11/09/2011 20:40:55] /ghost
[11/09/2011 20:41:34] /ghost
[11/09/2011 20:41:38] /ghost
[11/09/2011 20:42:13] /ghost
[11/09/2011 20:42:25] /ghost
[11/09/2011 20:42:31] /ghost
[11/09/2011 22:10:58] /ghost
[11/09/2011 22:11:00] /ghost
[11/09/2011 22:11:06] /m lapras
[11/09/2011 22:12:42] /ghost
[11/09/2011 22:12:43] /ghost
[11/09/2011 22:33:22] /m lapras
[11/09/2011 22:33:35] /r
[11/09/2011 22:40:20] /m lapras
[11/09/2011 22:46:05] /m lapras
[11/09/2011 22:47:20] /goto glade
[11/09/2011 22:47:22] /m lapras
[11/09/2011 23:50:08] /m lapras
[11/09/2011 23:50:43] /i 2147
[12/09/2011 00:25:52] /m lapras
[12/09/2011 00:27:17] /m lapras
[12/09/2011 00:28:01] /m lapras
[12/09/2011 00:28:17] /m lapras
[12/09/2011 23:38:33] /goto glade
[12/09/2011 23:40:23] /n nurse
[12/09/2011 23:40:26] /r
[12/09/2011 23:42:50] /n nurse
[12/09/2011 23:42:53] /r
[12/09/2011 23:42:55] /r
[13/09/2011 19:42:29] /m venusaur
[13/09/2011 19:43:37] /m onix
[13/09/2011 19:45:06] /m venusaur
[13/09/2011 19:45:07] /n nurse
[13/09/2011 19:45:08] /r
[13/09/2011 19:46:02] /m venusaur
[13/09/2011 19:46:22] /m onix
[13/09/2011 19:46:36] /n nurse
[13/09/2011 19:46:39] /r
[13/09/2011 19:46:56] /n nurse
[13/09/2011 19:46:59] /r
[13/09/2011 19:47:00] /r
[13/09/2011 19:48:39] /m onix
[13/09/2011 19:49:43] /m venusaur
[13/09/2011 19:50:00] /m venusaur
[13/09/2011 19:56:11] /i coin
[13/09/2011 19:56:14] /i cent
[13/09/2011 19:56:45] /i 2148
[13/09/2011 19:58:10] /m caterpie
[13/09/2011 19:59:00] /m caterpie
[13/09/2011 19:59:10] /m caterpie
[13/09/2011 19:59:26] /m caterpie
[13/09/2011 19:59:37] /m caterpie
[13/09/2011 19:59:48] /m caterpie
[13/09/2011 20:00:00] /m metapod
[13/09/2011 20:00:23] /m metapod
[13/09/2011 20:01:15] /m metapod
[13/09/2011 20:02:07] /m metapod
[13/09/2011 20:02:21] /m metapod
[13/09/2011 20:02:35] /m venusaur
[13/09/2011 20:04:43] /i 1285
[13/09/2011 20:04:44] /i 1285
[13/09/2011 20:04:45] /i 1285
[13/09/2011 20:04:46] /i 1285
[13/09/2011 20:04:46] /i 1285
[13/09/2011 20:04:47] /i 1285
[13/09/2011 20:04:47] /i 1285
[13/09/2011 20:04:48] /i 1285
[13/09/2011 20:04:49] /i 1285
[13/09/2011 20:04:50] /i 1285
[13/09/2011 20:04:50] /i 1285
[13/09/2011 20:04:51] /i 1285
[13/09/2011 20:04:51] /i 1285
[13/09/2011 20:04:52] /i 1285
[13/09/2011 20:04:56] /m onix
[13/09/2011 20:05:25] /m onix
[13/09/2011 20:06:08] /r
[13/09/2011 20:06:09] /r
[15/09/2011 23:41:51] /m venusaur
[15/09/2011 23:49:07] /i 11592
[15/09/2011 23:49:08] /i 11593
[16/09/2011 15:26:25] /i 11592
[16/09/2011 15:26:35] /storage frenzi, 878, 1
[16/09/2011 15:27:19] /storage frenzi, 878, 0
[16/09/2011 15:29:17] /m venusaur
[16/09/2011 15:29:33] /m snorlax
[16/09/2011 15:29:57] /n nurse
[16/09/2011 15:29:58] /r
[16/09/2011 15:31:14] /n nurse
[16/09/2011 15:31:17] /r
[16/09/2011 15:46:51] /a 3
[16/09/2011 15:57:15] /i 11593
[16/09/2011 15:57:17] /i 11592
[16/09/2011 15:57:20] /a 1
[16/09/2011 15:58:58] /m snorlax
[16/09/2011 15:59:27] /m snorlax
[16/09/2011 15:59:33] /m snorlax
[16/09/2011 15:59:36] /m snorlax
[16/09/2011 15:59:45] /m snorlax
[16/09/2011 15:59:49] /m snorlax
[16/09/2011 15:59:53] /m snorlax
[16/09/2011 16:00:02] /m snorlax
[16/09/2011 16:00:04] /m snorlax
[16/09/2011 16:00:06] /m snorlax
[16/09/2011 16:00:08] /m snorlax
[16/09/2011 16:00:09] /m snorlax
[16/09/2011 16:00:11] /m snorlax
[16/09/2011 16:00:14] /m snorlax
[16/09/2011 16:00:18] /m snorlax
[16/09/2011 16:04:25] /m onix
[16/09/2011 21:59:52] /m venusaur
[16/09/2011 22:10:01] /m venusaur
[16/09/2011 22:11:02] /m venusaur
[16/09/2011 22:11:13] /r
[16/09/2011 22:11:55] /m venusaur
[16/09/2011 22:13:33] /m venusaur
[16/09/2011 22:14:27] /m venusaur
[16/09/2011 22:14:43] /m venusaur
[16/09/2011 22:14:58] /m venusaur
[16/09/2011 22:19:42] /m venusaur
[16/09/2011 22:20:14] /m venusau
[16/09/2011 22:20:16] /m venusaur
[16/09/2011 22:20:28] /m venusaur
[16/09/2011 22:27:46] /s skarmory
[16/09/2011 22:28:12] /r
[16/09/2011 22:28:22] /t
[17/09/2011 17:51:07] /m charizard
[17/09/2011 17:53:03] /m charizard
[17/09/2011 18:06:08] /s lugia
[17/09/2011 18:06:11] /r
[17/09/2011 18:06:29] /s ho-oh
[17/09/2011 18:06:31] /r
[17/09/2011 18:06:34] /r
[17/09/2011 18:06:37] /r
[17/09/2011 18:13:10] /m charizard
[17/09/2011 18:14:07] /m charizard
[17/09/2011 18:15:23] /m charizard
[17/09/2011 18:16:02] /s celebi
[17/09/2011 18:16:11] /r
[17/09/2011 18:16:13] /r
[17/09/2011 19:58:39] /m venusaur
[17/09/2011 20:00:39] /m onix
[17/09/2011 20:00:53] /m venusaur
[17/09/2011 20:01:04] /r
[17/09/2011 20:01:39] /m venusaur
[17/09/2011 20:05:10] /m venusaur
[17/09/2011 20:07:12] /m venusaur
[17/09/2011 20:07:31] /r
[17/09/2011 20:07:32] /r
[17/09/2011 20:09:02] /r
[17/09/2011 20:25:45] /m venusaur
[17/09/2011 20:26:01] /n nurse
[17/09/2011 20:26:02] /r
[17/09/2011 20:26:10] /r
[17/09/2011 20:26:51] /m venusaur
[17/09/2011 20:38:16] /m onix
[17/09/2011 20:38:33] /m onix
[17/09/2011 20:38:56] /m onix
[17/09/2011 20:41:46] /m venusaur
[18/09/2011 00:24:42] /m onix
[18/09/2011 00:46:15] /m venusaur
[18/09/2011 00:49:11] /m venusaur
[18/09/2011 00:50:22] /m venusaur
[18/09/2011 00:52:16] /m dragonite
[18/09/2011 00:52:57] /m dragonite
[18/09/2011 01:36:40] /m venusaur
[18/09/2011 01:38:03] /m venusaur
[18/09/2011 01:40:36] /m venusaur
[18/09/2011 01:46:37] /m venusaur
[18/09/2011 02:35:53] /m venusaur
[18/09/2011 23:21:45] /s gyarados
[19/09/2011 00:04:26] /storage Frenzi, 1123
[19/09/2011 00:09:15] /m scyther
[19/09/2011 00:09:23] /i ultra ball
[19/09/2011 00:13:09] /m charmander
[19/09/2011 00:13:30] /m charmander
[19/09/2011 00:13:32] /m charmander
[19/09/2011 00:13:45] /m caterpie
[19/09/2011 15:23:50] /goto renezi
[19/09/2011 18:10:16] /m onix
[19/09/2011 18:10:24] /r
[19/09/2011 18:10:50] /m onix
[19/09/2011 18:11:08] /m onix
[19/09/2011 18:11:52] /m onix
[19/09/2011 18:12:27] /m onix
[19/09/2011 18:12:35] /m onix
[19/09/2011 18:13:15] /m onix
[19/09/2011 18:13:33] /m onix
[19/09/2011 18:13:42] /n nurse
[19/09/2011 18:13:45] /r
[19/09/2011 18:16:42] /m onix
[19/09/2011 18:19:23] /m onix
[19/09/2011 18:19:41] /m onix
[19/09/2011 18:20:16] /m onix
[19/09/2011 18:20:43] /m onix
[19/09/2011 18:21:55] /n nurse
[19/09/2011 18:21:57] /r
[19/09/2011 18:23:04] /m onix
[19/09/2011 18:23:14] /m onix
[19/09/2011 18:24:22] /m onix
[19/09/2011 18:24:31] /m onix
[19/09/2011 18:24:50] /m onix
[19/09/2011 18:25:01] /m onix
[19/09/2011 18:25:07] /r
[19/09/2011 18:27:16] /t
[19/09/2011 18:58:56] /m onix
[19/09/2011 18:59:03] /m onix
[19/09/2011 18:59:12] /m onix
[19/09/2011 23:33:35] /goto mastercraft
[19/09/2011 23:33:38] /m lapras
[19/09/2011 23:51:33] /a 9
[19/09/2011 23:57:05] /a 166
[19/09/2011 23:57:12] /a 44
[19/09/2011 23:57:14] /a 12
[19/09/2011 23:57:15] /a 12
[19/09/2011 23:57:16] /a 12
[19/09/2011 23:57:20] /a 12
[19/09/2011 23:57:21] /a 12
[19/09/2011 23:57:22] /a 12
[19/09/2011 23:57:22] /a 12
[19/09/2011 23:57:24] /a 12
[19/09/2011 23:57:47] /a 12
[19/09/2011 23:57:47] /a 12
[19/09/2011 23:57:48] /a 12
[19/09/2011 23:57:48] /a 12
[19/09/2011 23:57:49] /a 12
[19/09/2011 23:57:50] /a 12
[19/09/2011 23:57:51] /a 12
[19/09/2011 23:57:52] /a 12
[19/09/2011 23:57:54] /a 12
[19/09/2011 23:57:56] /a 6
[19/09/2011 23:57:57] /a 6
[19/09/2011 23:57:57] /a 6
[19/09/2011 23:57:58] /a 6
[23/09/2011 20:43:50] /goto real played
[23/09/2011 20:49:30] /r
[23/09/2011 20:50:00] /n nurse
[23/09/2011 20:50:02] /r
[23/09/2011 20:50:03] /r
[23/09/2011 20:52:37] /m alakazam
[23/09/2011 20:53:08] /r
[23/09/2011 20:53:17] /i 1285
[23/09/2011 20:53:19] /i 1285
[23/09/2011 20:53:20] /i 1285
[23/09/2011 20:53:20] /i 1285
[23/09/2011 20:53:21] /i 1285
[23/09/2011 20:53:22] /i 1285
[23/09/2011 20:53:23] /i 1285
[23/09/2011 20:53:23] /i 1285
[23/09/2011 20:53:27] /m alakazam
[23/09/2011 20:53:29] /a 2
[23/09/2011 20:53:31] /ghost
[23/09/2011 20:53:32] /ghost
[23/09/2011 20:55:28] /n nurse
[23/09/2011 20:55:30] /r
[23/09/2011 20:55:33] /m alakazam
[23/09/2011 20:56:12] /ghost
[23/09/2011 20:56:13] /ghost
[23/09/2011 21:34:11] /m onix
[23/09/2011 21:34:21] /r
[23/09/2011 21:35:35] /n nurse
[23/09/2011 21:35:45] /m raticate
[23/09/2011 21:36:24] /r
[23/09/2011 21:36:25] /m onix
[23/09/2011 22:17:43] /m onix
[23/09/2011 22:17:44] /n nurse
[23/09/2011 22:17:46] /r
[23/09/2011 22:56:44] /m unown
[23/09/2011 22:56:51] /m aushuas
[23/09/2011 22:56:56] /m onix
[23/09/2011 22:57:00] /n nurse
[23/09/2011 22:57:02] /r
[23/09/2011 22:58:59] /n nurse
[23/09/2011 22:59:01] /r
[23/09/2011 22:59:04] /m onix
[23/09/2011 23:02:45] /m alakazam
[23/09/2011 23:03:53] /m alakazam
[23/09/2011 23:04:13] /m mr. mime
[23/09/2011 23:04:34] /n nurse
[23/09/2011 23:04:36] /r
[23/09/2011 23:25:12] /a 2
[23/09/2011 23:25:19] /r
[23/09/2011 23:25:21] /r
[23/09/2011 23:25:22] /a 1
[23/09/2011 23:25:24] /a 1
[23/09/2011 23:25:25] /a 1
[23/09/2011 23:25:27] /a 1
[23/09/2011 23:25:30] /a 2
[23/09/2011 23:25:31] /a 2
[23/09/2011 23:26:35] /i 919
[23/09/2011 23:27:23] /i 919
[23/09/2011 23:27:34] /a 1
[23/09/2011 23:27:36] /a 1
[23/09/2011 23:27:47] /i 919
[23/09/2011 23:27:48] /i 919
[23/09/2011 23:27:49] /i 919
[23/09/2011 23:27:50] /i 919
[23/09/2011 23:28:02] /a 1
[23/09/2011 23:28:04] /a 1
[23/09/2011 23:28:06] /a 1
[23/09/2011 23:28:09] /a 1
[23/09/2011 23:28:10] /a 1
[23/09/2011 23:31:26] /i 919
[23/09/2011 23:31:27] /i 919
[23/09/2011 23:31:28] /i 919
[23/09/2011 23:36:43] /i 919
[23/09/2011 23:36:43] /i 919
[23/09/2011 23:36:44] /i 919
[23/09/2011 23:36:46] /i 919
[23/09/2011 23:37:01] /r
[23/09/2011 23:37:06] /r
[23/09/2011 23:37:09] /s gengar
[23/09/2011 23:37:14] /r
[23/09/2011 23:37:16] /r
[23/09/2011 23:37:17] /r
[23/09/2011 23:37:18] /r
[23/09/2011 23:37:19] /r
[23/09/2011 23:37:24] /r
[23/09/2011 23:37:27] /r
[23/09/2011 23:37:27] /r
[23/09/2011 23:37:33] /r
[23/09/2011 23:37:35] /r
[23/09/2011 23:39:11] /a 2
[23/09/2011 23:39:12] /a 2
[23/09/2011 23:39:12] /a 2
[23/09/2011 23:39:12] /a 2
[23/09/2011 23:39:13] /a 2
[23/09/2011 23:39:13] /a 2
[23/09/2011 23:39:14] /a 2
[23/09/2011 23:39:14] /a 2
[23/09/2011 23:39:15] /a 2
[23/09/2011 23:39:15] /a 2
[23/09/2011 23:39:16] /a 2
[23/09/2011 23:39:16] /a 2
[23/09/2011 23:39:17] /a 2
[23/09/2011 23:39:18] /a 2
[23/09/2011 23:39:18] /a 2
[23/09/2011 23:39:18] /a 2
[23/09/2011 23:39:19] /a 2
[23/09/2011 23:39:19] /a 2
[23/09/2011 23:39:20] /a 2
[23/09/2011 23:39:21] /a 2
[23/09/2011 23:39:23] /a 2
[23/09/2011 23:39:24] /a 2
[23/09/2011 23:39:26] /a 2
[23/09/2011 23:39:28] /a 2
[23/09/2011 23:39:29] /r
[23/09/2011 23:39:30] /r
[23/09/2011 23:39:32] /a 1
[23/09/2011 23:39:33] /r
[23/09/2011 23:39:42] /r
[23/09/2011 23:39:43] /r
[23/09/2011 23:39:44] /a 1
[23/09/2011 23:39:47] /i 4526
[23/09/2011 23:39:49] /a 1
[23/09/2011 23:39:50] /i 4526
[23/09/2011 23:39:52] /a 1
[23/09/2011 23:39:53] /i 4526
[23/09/2011 23:39:54] /a 2
[23/09/2011 23:39:55] /i 4526
[23/09/2011 23:39:59] /a 1
[23/09/2011 23:39:59] /i 4526
[23/09/2011 23:40:00] /a 1
[23/09/2011 23:40:01] /i 4526
[23/09/2011 23:40:01] /a 1
[23/09/2011 23:40:02] /i 4526
[23/09/2011 23:40:02] /a 1
[23/09/2011 23:40:04] /i 4526
[23/09/2011 23:40:06] /a 1
[23/09/2011 23:40:06] /i 4526
[23/09/2011 23:40:08] /a 1
[23/09/2011 23:40:08] /i 4526
[23/09/2011 23:40:09] /a 1
[23/09/2011 23:40:11] /i 4526
[23/09/2011 23:40:12] /a 1
[23/09/2011 23:40:13] /i 4526
[23/09/2011 23:50:10] /m onix
[23/09/2011 23:56:27] /m onix
[24/09/2011 00:26:39] /i 919
[24/09/2011 00:26:40] /i 919
[24/09/2011 00:26:40] /i 919
[24/09/2011 16:13:50] /a 12
[24/09/2011 16:13:51] /a 12
[24/09/2011 16:13:51] /a 12
[24/09/2011 16:13:52] /a 12
[24/09/2011 16:17:14] /t
[24/09/2011 16:17:25] /m aerodactyl
[24/09/2011 16:22:21] /m onix
[24/09/2011 16:22:38] /m onix
[24/09/2011 16:24:36] /m onix
[24/09/2011 16:27:20] /m onix
[24/09/2011 16:28:59] /m onix
[24/09/2011 16:29:28] /m onix
[24/09/2011 16:30:01] /m onix
[24/09/2011 16:30:09] /m onix
[24/09/2011 16:30:10] /m onix
[24/09/2011 16:32:53] /m caterpie
[24/09/2011 16:34:23] /m butterfree
[24/09/2011 16:34:28] /n nurse
[24/09/2011 16:34:29] /r
[24/09/2011 16:35:10] /m gengar
[25/09/2011 02:34:16] /m abra
[25/09/2011 02:34:22] /a 2
[25/09/2011 02:35:13] /a 2
[25/09/2011 02:35:15] /a 2
[25/09/2011 02:35:16] /m abra
[25/09/2011 03:02:05] /m alakazam
[25/09/2011 03:26:09] /n nurse
[25/09/2011 03:26:11] /r
[25/09/2011 03:30:05] /m onix
[25/09/2011 03:30:25] /r
[25/09/2011 03:32:07] /m onix
[25/09/2011 03:36:47] /n nurse
[25/09/2011 03:36:49] /r
[25/09/2011 03:37:28] /r
[25/09/2011 13:58:14] /m alakazam
[25/09/2011 14:06:38] /m alakazam
[25/09/2011 14:10:45] /a 2
[25/09/2011 14:10:48] /i 1285
[25/09/2011 14:10:49] /i 1285
[25/09/2011 14:10:50] /a 2
[25/09/2011 14:10:52] /i 1285
[25/09/2011 14:10:53] /i 1285
[25/09/2011 14:13:40] /m alakazam
[25/09/2011 14:17:56] /t
[25/09/2011 14:18:05] /t
[25/09/2011 14:24:51] /m magneton
[25/09/2011 14:39:24] /m geodude
[25/09/2011 14:39:55] /n nurse
[25/09/2011 14:39:56] /r
[25/09/2011 14:40:02] /m geodude
[25/09/2011 14:41:28] /n nurse
[25/09/2011 14:41:30] /r
[25/09/2011 14:41:34] /m geodude
[25/09/2011 14:42:24] /n nurse
[25/09/2011 14:42:25] /r
[25/09/2011 14:42:33] /n nurse
[25/09/2011 14:42:34] /r
[25/09/2011 14:44:25] /m geodude
[25/09/2011 14:44:26] /n nurse
[25/09/2011 14:46:50] /r
[25/09/2011 14:47:29] /m geodude
[25/09/2011 14:48:50] /m geodude
[25/09/2011 14:49:23] /r
[25/09/2011 14:49:25] /m pidgeot
[25/09/2011 14:58:04] /m pidgeot
[25/09/2011 14:58:33] /m pidgeot
[25/09/2011 14:58:42] /m fearow
[25/09/2011 14:59:00] /m pidgeot
[25/09/2011 14:59:17] /m pidgeot
[25/09/2011 14:59:29] /m pidgeot
[25/09/2011 15:51:21] /m caterpie
[25/09/2011 16:43:37] /i coccon stone
[25/09/2011 16:44:11] /i coccon stone
[25/09/2011 16:44:11] /i coccon stone
[26/09/2011 14:42:45] /a 12
[26/09/2011 14:42:46] /a 12
[26/09/2011 14:47:15] /t
[26/09/2011 14:47:17] /i 9228
[26/09/2011 14:47:20] /r
[26/09/2011 14:47:22] /a 2
[26/09/2011 14:47:22] /a 2
[26/09/2011 14:47:23] /a 2
[26/09/2011 14:47:23] /a 2
[26/09/2011 14:47:24] /a 2
[26/09/2011 14:47:24] /a 2
[26/09/2011 14:47:24] /a 2
[26/09/2011 14:47:25] /a 2
[26/09/2011 14:47:25] /a 2
[26/09/2011 14:47:26] /a 2
[26/09/2011 23:17:46] /a 12
[26/09/2011 23:17:54] /a  55
[26/09/2011 23:17:55] /a  55
[26/09/2011 23:18:30] /i 460
[26/09/2011 23:18:34] /i 460
[26/09/2011 23:18:59] /a 12
[26/09/2011 23:19:01] /a 12
[26/09/2011 23:19:02] /a 12
[26/09/2011 23:19:04] /a 12
[26/09/2011 23:19:04] /a 12
[26/09/2011 23:19:05] /a 12
[26/09/2011 23:19:06] /a 12
[26/09/2011 23:19:07] /a 12
[26/09/2011 23:21:28] /a 2
[26/09/2011 23:21:30] /a 2
[26/09/2011 23:22:01] /a 12
[26/09/2011 23:22:26] /i wall
[26/09/2011 23:22:29] /i 1111
[26/09/2011 23:22:30] /i 1111
[26/09/2011 23:22:30] /i 1111
[26/09/2011 23:22:31] /i 1111
[26/09/2011 23:22:33] /i 1111
[26/09/2011 23:22:39] /i 1111
[26/09/2011 23:22:39] /i 1111
[26/09/2011 23:22:40] /i 1111
[26/09/2011 23:22:42] /i 1111
[26/09/2011 23:22:43] /a 2
[26/09/2011 23:22:44] /a 2
[26/09/2011 23:22:48] /i 1111
[26/09/2011 23:23:05] /i 1111
[26/09/2011 23:23:08] /a 2
[26/09/2011 23:45:27] /t
[04/10/2011 22:18:59] /t
[04/10/2011 22:19:03] /goto myfemale
[05/10/2011 00:20:04] /m charizard
[05/10/2011 00:57:02] /i pokedex
[05/10/2011 00:57:12] /i order
[05/10/2011 00:57:17] /i command button order
[05/10/2011 00:57:20] /i button order
[05/10/2011 00:57:24] /i buttom order
[05/10/2011 00:57:29] /i commando buttom order
[05/10/2011 00:57:36] /i order buttom
[05/10/2011 00:57:44] /i portrait
[05/10/2011 00:58:52] /storage frenzi, 17000
[05/10/2011 00:58:55] /storage frenzi, 17000, -1
[05/10/2011 01:43:10] /n nurse
[05/10/2011 01:43:12] /r
[05/10/2011 01:43:16] /m charmander
[05/10/2011 17:53:27] /m pidgeotto, 39
[05/10/2011 17:53:37] /m pidgeotto, 40
[05/10/2011 17:54:03] /m pidgeot, 41
[05/10/2011 17:54:24] /m fearow, 31
[05/10/2011 17:55:19] /m fearow, 44
[05/10/2011 17:57:05] /m fearow
[05/10/2011 17:57:36] /m pidgeot, 54
[05/10/2011 17:57:59] /n nurse
[05/10/2011 17:58:01] /r
[05/10/2011 17:58:16] /m pidgeot, 53
[05/10/2011 17:59:00] /m graveler, 33
[05/10/2011 17:59:56] /m charizard, 44
[05/10/2011 22:01:22] /n tvnpc
[05/10/2011 22:01:25] /n npctv
[05/10/2011 22:01:52] /n tvnpc
[06/10/2011 00:18:16] /a 1
[06/10/2011 00:43:39] /a 1
[06/10/2011 00:43:42] /a 1
[06/10/2011 22:50:18] /t
[07/10/2011 13:57:35] /i recording camera
[07/10/2011 18:08:17] /goto glade
[07/10/2011 18:08:27] /i big television
[07/10/2011 18:08:31] /i big black television
[07/10/2011 18:14:37] /i coin case
[07/10/2011 18:14:45] /i catch info. tool
[07/10/2011 18:21:43] /attr access 2
[07/10/2011 18:23:34] /ghost
[07/10/2011 18:24:03] /ghost
[07/10/2011 19:24:13] /ghost
[07/10/2011 19:24:15] /ghost
[07/10/2011 19:25:33] /i small television
[07/10/2011 19:25:40] /i small black television
[07/10/2011 19:25:49] /i black plasma television
[07/10/2011 19:41:28] /i 11417
[07/10/2011 19:45:11] /i recording camera
[07/10/2011 19:59:10] /t
[07/10/2011 20:11:26] /i recording camera
[07/10/2011 20:13:44] /i recording camera
[07/10/2011 20:17:08] /goto mastercraft
[07/10/2011 20:17:15] /i black television
[07/10/2011 20:17:46] /t
[07/10/2011 20:17:47] /goto glade
[07/10/2011 20:24:24] /a 2
[07/10/2011 20:24:29] /i black television
[07/10/2011 20:26:01] /goto mastercraft
[07/10/2011 20:26:27] /ghost
[07/10/2011 20:26:28] /ghost
[07/10/2011 20:26:30] /a 12
[07/10/2011 20:26:32] /ghost
[07/10/2011 20:26:33] /a 12
[07/10/2011 20:26:34] /ghost
[07/10/2011 20:26:36] /a 12
[07/10/2011 20:26:37] /a 12
[07/10/2011 20:26:38] /t
[07/10/2011 20:26:42] /goto mastercraft
[07/10/2011 20:36:48] /a 13
[07/10/2011 20:36:50] /a 2
[07/10/2011 20:36:50] /a 2
[07/10/2011 20:36:52] /a 2
[07/10/2011 20:38:14] /goto mastercraft
[07/10/2011 20:38:22] /t
[07/10/2011 20:38:43] /goto mastercraft
[07/10/2011 20:38:53] /i black television
[07/10/2011 20:39:16] /r
[07/10/2011 20:39:26] /goto glade
[07/10/2011 20:40:09] /r
[07/10/2011 20:40:10] /r
[07/10/2011 20:40:11] /r
[07/10/2011 20:40:11] /r
[07/10/2011 20:40:12] /r
[07/10/2011 20:40:13] /r
[07/10/2011 20:43:06] /ghost
[07/10/2011 20:43:06] /ghost
[07/10/2011 20:43:18] /ghost
[07/10/2011 20:43:18] /ghost
[07/10/2011 20:43:20] /ghost
[07/10/2011 20:43:20] /ghost
[07/10/2011 20:43:21] /ghost
[07/10/2011 20:43:21] /ghost
[07/10/2011 20:43:26] /a 222
[07/10/2011 20:43:28] /a 124
[07/10/2011 20:43:29] /a 124
[07/10/2011 20:45:12] /a 6
[07/10/2011 20:45:13] /a 6
[07/10/2011 20:45:39] /a 2
[07/10/2011 20:46:55] /a 4
[07/10/2011 20:55:56] /a 12
[07/10/2011 20:55:58] /a 12
[07/10/2011 20:55:58] /a 12
[07/10/2011 20:55:59] /a 12
[07/10/2011 20:56:01] /a 12
[08/10/2011 16:34:28] /storage frenzi, 1200
[08/10/2011 16:34:38] /storage frenzi, 1200, -1
[08/10/2011 16:34:46] /storage frenzi, 1200, 1
[08/10/2011 16:35:22] /storage frenzi, 1200, 1
[08/10/2011 16:35:26] /storage frenzi, 1200, -1
[08/10/2011 16:57:29] /storage frenzi
[08/10/2011 16:57:32] /storage frenzi, 100
[08/10/2011 16:57:36] /storage frenzi, 100, -1
[08/10/2011 16:57:40] /storage frenzi, 100, 1
[12/10/2011 16:54:04] /n nurse
[12/10/2011 16:54:05] /r
[12/10/2011 16:54:10] /m fearow, 56
[12/10/2011 16:54:40] /m fearow, 81
[12/10/2011 16:55:40] /i pokeball
[12/10/2011 16:55:43] /i poke ball
[12/10/2011 16:55:47] /i poke balls
[12/10/2011 16:55:51] /i ultra ball
[12/10/2011 16:55:58] /r
[13/10/2011 12:52:49] /i pokemon prize box +1
[13/10/2011 12:56:52] /i pokemon prize box +1
[13/10/2011 12:57:00] /i pokemon prize box +1
[13/10/2011 12:57:06] /i pokemon prize box +1
[13/10/2011 12:57:12] /i pokemon prize box +1
[13/10/2011 12:57:31] /t
[13/10/2011 12:58:00] /i pokemon prize box +1
[13/10/2011 12:58:07] /i pokemon prize box +2
[13/10/2011 12:58:20] /i pokemon prize box +2
[13/10/2011 12:58:26] /i pokemon prize box +3
[13/10/2011 12:58:35] /i pokemon prize box +4
[13/10/2011 12:58:46] /i pokemon prize box +4
[13/10/2011 13:01:41] /i 11639
[13/10/2011 13:01:47] /i 11639
[13/10/2011 13:01:49] /i 11639
[13/10/2011 13:03:15] /i 11640
[13/10/2011 13:03:24] /i 11640
[13/10/2011 13:06:35] /i 11640
[13/10/2011 13:09:05] /m dragonair, 1
[13/10/2011 13:09:19] /m dragonair, 100
[13/10/2011 13:10:38] /m dragonair, 100
[13/10/2011 13:10:47] /m dragonair, 100
[13/10/2011 13:12:40] /m dragonair, 100
[13/10/2011 13:13:03] /m dragonair, 100
[13/10/2011 13:13:25] /m dragonair, 100
[13/10/2011 13:45:48] /i pokemon prize bos+4
[13/10/2011 13:45:50] /i pokemon prize bos +4
[13/10/2011 13:45:58] /i pokemon prize box +4
[13/10/2011 13:46:04] /a 4
[13/10/2011 13:47:50] /i 11641
[13/10/2011 13:47:54] /i 11641
[13/10/2011 13:48:05] /i 11641
[13/10/2011 13:48:20] /i 11641
[13/10/2011 13:48:23] /i 11641
[13/10/2011 13:48:24] /i 11641
[13/10/2011 13:48:25] /i 11641
[13/10/2011 13:48:26] /i 11641
[13/10/2011 13:48:51] /m venusaur, 54
[13/10/2011 13:50:44] /m nidoking, 52
[13/10/2011 13:51:20] /n nurse
[13/10/2011 13:51:21] /r
[13/10/2011 13:51:30] /m nidoking, 48
[13/10/2011 13:52:07] /m nidoking, 48
[13/10/2011 13:52:09] /ghost
[13/10/2011 13:52:29] /m nidoking, 48
[13/10/2011 13:52:38] /m nidoking, 48
[13/10/2011 13:52:52] /m nidoking, 48
[13/10/2011 13:55:15] /n nurse
[13/10/2011 13:55:19] /r
[13/10/2011 13:55:20] /ghost
[13/10/2011 13:55:35] /m sandshrew, 20
[13/10/2011 13:58:03] /m sandshrew, 20
[13/10/2011 14:05:44] /save
[13/10/2011 14:05:55] /m sandshrew, 20
[13/10/2011 14:06:26] /m sandshrew, 20
[13/10/2011 14:14:18] /m sandshrew, 20
[13/10/2011 14:23:34] /m sandshrew, 20
[13/10/2011 14:25:53] /m sandshrew
[13/10/2011 14:26:48] /m sandshrew, 10
[13/10/2011 14:26:56] /m sandshrew, 10
[13/10/2011 14:28:40] /m sandshrew, 10
[13/10/2011 14:33:23] /i pokemon prize box +4
[13/10/2011 18:41:21] /t
[13/10/2011 18:45:20] /i 2392
[13/10/2011 18:50:36] /t
[13/10/2011 21:34:10] /i bag
[13/10/2011 21:34:29] /i pokebag
[13/10/2011 21:34:37] /i basket
[13/10/2011 21:43:56] /i pokebag
[15/10/2011 00:50:18] /i basket
