[27/08/2011 16:23:47] /addskill glade, level, 100
[27/08/2011 16:43:16] /a 2
[27/08/2011 16:44:21] /storage glade, 63215, 1
[27/08/2011 16:44:30] /r
[27/08/2011 16:45:12] /m onix
[27/08/2011 16:45:32] /m onix
[27/08/2011 16:46:17] /m geodude
[27/08/2011 16:46:22] /m graveler
[27/08/2011 16:46:38] /i ultra ball
[27/08/2011 16:46:48] /m geodude
[27/08/2011 16:46:50] /m geodude
[27/08/2011 16:46:55] /m geodude
[27/08/2011 16:46:56] /m geodude
[27/08/2011 16:46:56] /m geodude
[27/08/2011 16:47:34] /m zubat
[27/08/2011 16:47:45] /m voltorb
[27/08/2011 16:49:52] /save
[27/08/2011 19:03:42] /m onix
[27/08/2011 19:11:18] /m venusaur
[27/08/2011 19:11:57] /m venusaur
[27/08/2011 19:12:12] /m onix
[27/08/2011 19:12:46] /m venusaur
[27/08/2011 19:15:52] /r
[27/08/2011 19:15:53] /r
[27/08/2011 19:15:55] /r
[27/08/2011 19:15:55] /r
[27/08/2011 19:15:59] /m venusaur
[27/08/2011 19:16:38] /m onix
[27/08/2011 19:16:40] /r
[27/08/2011 19:16:43] /m venusaur
[27/08/2011 19:17:57] /r
[27/08/2011 19:17:59] /r
[27/08/2011 19:27:52] /m raticate
[27/08/2011 19:28:19] /m raticate
[27/08/2011 19:28:40] /m raticate
[27/08/2011 19:29:20] /m raticate
[27/08/2011 19:29:21] /n nurse
[27/08/2011 19:29:22] /r
[27/08/2011 19:29:59] /m raticate
[27/08/2011 19:30:49] /m raticate
[27/08/2011 19:31:09] /m raticate
[27/08/2011 19:31:18] /m raticate
[27/08/2011 19:31:26] /m raticate
[27/08/2011 19:32:29] /m raticate
[27/08/2011 19:32:35] /n nurse
[27/08/2011 19:32:37] /r
[27/08/2011 19:32:38] /r
[27/08/2011 19:32:49] /m raticate
[27/08/2011 19:34:08] /m raticate
[27/08/2011 19:34:18] /m raticate
[27/08/2011 19:34:38] /m raticate
[27/08/2011 19:41:25] /m raticate
[27/08/2011 19:41:31] /r
[27/08/2011 19:41:33] /n nurse
[27/08/2011 19:42:04] /m raticate
[27/08/2011 19:42:21] /m raticate
[27/08/2011 19:48:27] /m raticate
[27/08/2011 19:54:25] /m raticate
[27/08/2011 19:55:01] /m raticate
[27/08/2011 19:56:02] /m raticate
[27/08/2011 19:56:20] /n nurse
[27/08/2011 19:56:22] /r
[27/08/2011 19:56:26] /m raticate
[27/08/2011 19:56:43] /m onix
[27/08/2011 19:56:50] /n nurse
[27/08/2011 19:56:52] /r
[27/08/2011 19:56:57] /m onix
[27/08/2011 19:57:00] /n nurse
[27/08/2011 19:57:21] /m onix
[27/08/2011 19:57:31] /m onix
[27/08/2011 19:57:40] /m onix
[27/08/2011 19:57:57] /m charmander
[27/08/2011 19:58:09] /m charmander
[27/08/2011 19:58:28] /m gastly
[27/08/2011 19:58:35] /m gastly
[27/08/2011 19:58:41] /m gastly
[27/08/2011 19:58:48] /m gastly
[27/08/2011 21:08:45] /m gastly
[27/08/2011 21:11:21] /m raticate
[27/08/2011 21:11:48] /m gastly
[27/08/2011 21:12:38] /m gastly
[27/08/2011 21:12:49] /m gastly
[27/08/2011 21:12:59] /m onix
[27/08/2011 21:13:19] /m onix
[27/08/2011 21:13:34] /m onix
[27/08/2011 21:13:38] /m onix
[27/08/2011 21:13:41] /m onix
[27/08/2011 21:13:43] /m onix
[27/08/2011 21:13:48] /m onix
[27/08/2011 21:13:55] /m onix
[27/08/2011 21:13:57] /m onix
[27/08/2011 21:14:00] /m onix
[27/08/2011 21:14:10] /m onix
[27/08/2011 21:17:22] /m onix
[27/08/2011 21:21:08] /a 2
[27/08/2011 21:21:11] /ghost
[27/08/2011 21:22:10] /n nurse
[27/08/2011 21:22:11] /r
[27/08/2011 21:22:12] /ghost
[27/08/2011 21:28:44] /m raticate
[27/08/2011 21:29:09] /m raticate
[27/08/2011 21:29:21] /m raticate
[27/08/2011 21:53:55] /m noexp
[27/08/2011 21:54:05] /m noexp
[27/08/2011 21:54:44] /m noexp
[27/08/2011 21:54:48] /m noexp
[27/08/2011 21:54:53] /m noexp
[27/08/2011 21:55:41] /m no exp
[27/08/2011 21:55:44] /m noexp
[27/08/2011 21:57:16] /m noexp
[27/08/2011 21:57:21] /m noexp
[27/08/2011 21:57:58] /m dummy
[27/08/2011 21:58:34] /m noexp
[27/08/2011 21:58:42] /m dummy
[27/08/2011 21:58:49] /m dummy
[27/08/2011 21:58:52] /m dummy
[27/08/2011 21:58:56] /m dummy
[27/08/2011 21:59:36] /m noexp
[27/08/2011 21:59:41] /m dummy
[27/08/2011 22:10:43] /m noexp
[27/08/2011 22:10:53] /m dummy
[27/08/2011 22:37:43] /m noexp
[27/08/2011 22:40:10] /m noexp
[27/08/2011 22:40:37] /m noexp
[27/08/2011 23:00:37] /m noexp
[27/08/2011 23:01:09] /m dummy
[27/08/2011 23:01:27] /m dummy
[27/08/2011 23:02:36] /m dummy
[27/08/2011 23:02:56] /m noexp
[27/08/2011 23:08:56] /m noexo
[27/08/2011 23:08:59] /m noexp
[27/08/2011 23:09:59] /m abra
[27/08/2011 23:10:10] /m abra
[27/08/2011 23:10:20] /m abra
[28/08/2011 08:42:27] /m caterpie
[28/08/2011 08:42:42] /r
[28/08/2011 08:43:08] /n nurse
[28/08/2011 08:43:09] /r
[28/08/2011 08:43:11] /m caterpie
[28/08/2011 09:24:46] /m caterpie
[28/08/2011 09:25:01] /m caterpie
[28/08/2011 09:25:06] /m caterpie
[28/08/2011 09:25:12] /m caterpie
[28/08/2011 09:25:18] /m caterpie
[28/08/2011 09:25:29] /m caterpie
[28/08/2011 09:25:39] /m caterpie
[28/08/2011 09:25:43] /m caterpie
[28/08/2011 09:25:52] /m caterpie
[28/08/2011 09:25:58] /m caterpie
[28/08/2011 09:26:01] /m caterpie
[28/08/2011 09:26:08] /m caterpie
[28/08/2011 09:27:33] /m caterpie
[28/08/2011 09:27:48] /m caterpie
[28/08/2011 09:27:52] /m caterpie
[28/08/2011 09:27:56] /m caterpie
[28/08/2011 09:28:08] /m caterpie
[28/08/2011 09:28:22] /m wartortle
[28/08/2011 09:28:23] /n nurse
[28/08/2011 09:56:21] /m caterpie
[28/08/2011 10:53:23] /m gastly
[28/08/2011 10:55:19] /m gastly
[28/08/2011 10:56:26] /m gastly
[28/08/2011 11:06:07] /m umbreon
[28/08/2011 11:07:12] /m dummy
[28/08/2011 11:08:12] /m dummy
[28/08/2011 11:08:30] /r
[28/08/2011 11:09:15] /m wartortle
[28/08/2011 11:09:41] /r
[28/08/2011 11:09:42] /r
[28/08/2011 12:39:29] /m caterpie
[28/08/2011 12:39:36] /m caterpie
[28/08/2011 12:39:41] /m caterpie
[28/08/2011 12:39:45] /m caterpie
[28/08/2011 12:39:49] /m caterpie
[28/08/2011 12:39:58] /m onix
[28/08/2011 12:40:22] /m onix
[28/08/2011 13:20:48] /r
[28/08/2011 13:20:49] /i 1285
[28/08/2011 13:20:54] /r
[28/08/2011 13:20:56] /r
[28/08/2011 13:23:28] /r
[28/08/2011 13:40:18] /r
[28/08/2011 14:04:56] /a 2
[28/08/2011 14:07:17] /i 1285
[28/08/2011 14:53:07] /r
[28/08/2011 14:53:08] /r
[28/08/2011 14:53:09] /r
[28/08/2011 15:09:29] /a 2
[28/08/2011 15:09:30] /a 2
[28/08/2011 15:10:30] /m venusaur
[28/08/2011 15:12:58] /m venusaur
[28/08/2011 15:13:47] /m venusaur
[28/08/2011 15:49:39] /m venusaur
[28/08/2011 15:51:08] /m venusaur
[28/08/2011 15:51:31] /m venusaur
[28/08/2011 15:52:28] /m venusaur
[28/08/2011 19:05:41] /m onix
[28/08/2011 19:34:21] /r
[28/08/2011 19:34:22] /r
[28/08/2011 19:34:23] /r
[28/08/2011 19:34:24] /r
[28/08/2011 19:34:24] /r
[28/08/2011 19:34:25] /r
[28/08/2011 19:34:40] /a 3
[28/08/2011 19:34:45] /a 2
[28/08/2011 19:51:12] /m onix
[28/08/2011 19:51:31] /r
[28/08/2011 20:00:29] /m pidgeot
[28/08/2011 20:00:30] /m pidgeot
[28/08/2011 20:00:30] /m pidgeot
[28/08/2011 20:00:30] /m pidgeot
[28/08/2011 20:00:31] /m pidgeot
[28/08/2011 20:00:31] /m pidgeot
[28/08/2011 20:00:32] /m pidgeot
[28/08/2011 20:00:32] /m pidgeot
[28/08/2011 20:00:33] /m pidgeot
[28/08/2011 20:00:33] /m pidgeot
[28/08/2011 20:00:34] /m pidgeot
[28/08/2011 20:01:10] /m fearow
[28/08/2011 20:01:10] /m fearow
[28/08/2011 20:01:10] /m fearow
[28/08/2011 20:01:11] /m fearow
[28/08/2011 20:01:11] /m fearow
[28/08/2011 20:05:38] /m pidgeot
[29/08/2011 16:00:03] /m abra
[29/08/2011 16:00:12] /m onix
[29/08/2011 16:00:25] /r
[29/08/2011 16:00:29] /n nurse
[29/08/2011 16:00:32] /r
[29/08/2011 16:00:37] /m dummy
[29/08/2011 16:01:37] /r
[29/08/2011 16:03:04] /m venusaur
[29/08/2011 16:05:00] /r
[29/08/2011 16:23:54] /m geodude
[29/08/2011 16:24:00] /m geodude
[29/08/2011 17:39:47] /m venusaur
[29/08/2011 17:42:47] /m venusaur
[29/08/2011 17:43:28] /m venusaur
[29/08/2011 17:46:32] /m venusaur
[29/08/2011 17:48:23] /r
[29/08/2011 17:48:47] /m onix
[29/08/2011 17:48:59] /m onix
[29/08/2011 17:49:41] /r
[29/08/2011 17:49:44] /s gengar
[29/08/2011 17:49:46] /r
[29/08/2011 17:49:51] /m venusaur
[29/08/2011 17:51:08] /m venusaur
[29/08/2011 17:52:30] /m venusaur
[29/08/2011 17:53:06] /m onix
[29/08/2011 17:57:16] /m onix
[29/08/2011 17:58:59] /m onix
[29/08/2011 18:00:22] /m onix
[29/08/2011 18:02:08] /m onix
[29/08/2011 18:02:38] /m venusaur
[29/08/2011 18:02:58] /m onix
[29/08/2011 18:04:04] /m pidgeot
[29/08/2011 18:04:19] /m pidgeot
[29/08/2011 18:05:29] /m seel
[29/08/2011 18:05:47] /n nurse
[29/08/2011 18:05:48] /r
[29/08/2011 18:06:05] /m seel
[29/08/2011 18:06:33] /m sell
[29/08/2011 18:06:36] /m seel
[29/08/2011 18:06:52] /m seel
[29/08/2011 18:07:36] /m seel
[29/08/2011 18:07:46] /m seel
[29/08/2011 18:08:23] /m seel
[29/08/2011 18:08:49] /m seel
[29/08/2011 18:08:59] /m pidgey
[29/08/2011 18:11:54] /m onix
[29/08/2011 18:12:12] /n nurse
[29/08/2011 18:14:59] /m pidgeotto
[29/08/2011 18:15:23] /m pidgeotto
[29/08/2011 18:17:26] /m pidgeotto
[29/08/2011 18:18:07] /m pidgeotto
[29/08/2011 18:19:38] /ghost
[29/08/2011 18:22:31] /m shellder
[29/08/2011 18:22:50] /m shellder
[29/08/2011 18:24:36] /a 2
[29/08/2011 18:41:16] /m pidgeotto
[29/08/2011 18:41:51] /m pidgeotto
[30/08/2011 13:22:22] /ghost
[30/08/2011 13:30:45] /i 8260
[30/08/2011 13:30:51] /a 1
[30/08/2011 13:30:53] /a 2
[30/08/2011 13:30:57] /a 2
[30/08/2011 13:30:58] /a 2
[30/08/2011 13:31:15] /i 919
[30/08/2011 13:34:37] /i 919
[30/08/2011 13:35:03] /r
[30/08/2011 13:36:08] /i 919
[30/08/2011 13:37:19] /i 919
[30/08/2011 13:39:34] /i 919
[30/08/2011 17:12:55] /i 919
[30/08/2011 17:13:57] /i 919
[30/08/2011 17:15:27] /pos
[30/08/2011 17:15:30] /i 919
[30/08/2011 17:18:31] /i 919
[30/08/2011 17:19:54] /a 2
[30/08/2011 17:20:09] /a 2
[30/08/2011 17:21:53] /i 919
[30/08/2011 17:23:30] /i 919
[30/08/2011 17:24:39] /i 919
[30/08/2011 17:26:18] /i 919
[30/08/2011 17:27:57] /i 919
[30/08/2011 17:28:05] /pos
[30/08/2011 17:29:04] /a 2
[30/08/2011 17:29:05] /a 2
[30/08/2011 17:29:06] /a 2
[30/08/2011 17:29:09] /a 33
[30/08/2011 17:29:10] /a 2
[30/08/2011 17:29:11] /a 2
[30/08/2011 17:29:11] /a 2
[30/08/2011 17:29:11] /a 2
[30/08/2011 17:29:12] /a 2
[30/08/2011 17:29:12] /a 2
[30/08/2011 17:30:24] /r
[30/08/2011 17:30:26] /r
[30/08/2011 17:30:28] /r
[30/08/2011 17:30:29] /a 1
[30/08/2011 17:30:32] /a 2
[30/08/2011 17:30:34] /a 1
[30/08/2011 17:30:35] /a 1
[30/08/2011 17:30:36] /a 1
[30/08/2011 17:30:37] /a 1
[30/08/2011 17:30:39] /a 1
[30/08/2011 17:30:41] /a 1
[30/08/2011 17:30:42] /a 1
[30/08/2011 17:30:43] /a 1
[30/08/2011 17:30:45] /a 1
[30/08/2011 17:30:47] /a 1
[30/08/2011 17:30:48] /r
[30/08/2011 17:30:49] /r
[30/08/2011 17:30:50] /a 2
[30/08/2011 17:32:06] /i ice stone
[30/08/2011 17:32:10] /i ice stone
[30/08/2011 17:32:18] /n nurse
[30/08/2011 17:32:19] /r
[30/08/2011 17:32:22] /m pidgeotto
[30/08/2011 17:32:56] /m fearow
[30/08/2011 17:33:40] /m weedle
[30/08/2011 17:33:50] /m abra
[30/08/2011 17:34:05] /m bulbasau
[30/08/2011 17:34:07] /m bulbasaur
[30/08/2011 17:34:20] /m graveler
[30/08/2011 17:37:08] /m onix
[30/08/2011 17:38:11] /m venusaur
[30/08/2011 17:48:48] /m venusaur
[30/08/2011 18:01:08] /m onix
[30/08/2011 18:01:23] /m onix
[30/08/2011 18:01:32] /m kabutops
[30/08/2011 18:01:48] /m onix
[30/08/2011 18:05:22] /m venusaur
[30/08/2011 18:05:59] /m venusaur
[30/08/2011 18:06:17] /m venusaur
[30/08/2011 18:11:20] /t
[30/08/2011 18:11:26] /a 2
[30/08/2011 18:11:28] /a  5
[30/08/2011 18:11:56] /a 2
[30/08/2011 18:12:11] /a 3
[30/08/2011 18:12:18] /a 155
[30/08/2011 18:12:19] /a 155
[30/08/2011 18:12:20] /a 2
[30/08/2011 18:12:20] /a 2
[30/08/2011 18:12:22] /a 25
[30/08/2011 18:12:23] /a 25
[30/08/2011 18:12:23] /a 25
[30/08/2011 18:12:24] /a 25
[30/08/2011 18:12:24] /a 25
[30/08/2011 18:12:28] /a 10
[30/08/2011 18:13:20] /t
[31/08/2011 13:32:56] /r
[31/08/2011 13:32:57] /r
[31/08/2011 13:33:02] /m venusaur
[31/08/2011 13:33:38] /m venusaur
[31/08/2011 13:35:59] /m venusaur
[31/08/2011 13:36:15] /n nurse
[31/08/2011 13:37:29] /m venusaur
[31/08/2011 13:38:27] /m venusaur
[31/08/2011 13:43:48] /m venusaur
[31/08/2011 13:44:43] /m venusaur
[31/08/2011 13:45:03] /r
[31/08/2011 13:45:57] /m venusaur
[31/08/2011 13:48:28] /m venusaur
[31/08/2011 13:48:39] /a 5
[31/08/2011 13:48:39] /a 5
[31/08/2011 13:48:44] /m venusaur
[31/08/2011 18:10:27] /m venusaur
[31/08/2011 18:10:28] /m venusaur
[31/08/2011 18:10:28] /m venusaur
[31/08/2011 23:01:54] /m onix
[31/08/2011 23:02:39] /m onix
[31/08/2011 23:02:53] /m onix
[31/08/2011 23:03:09] /m onix
[31/08/2011 23:03:50] /m onix
[31/08/2011 23:04:05] /m pidgeot
[31/08/2011 23:04:37] /m pidgeot
[31/08/2011 23:04:47] /m pidgeot
[31/08/2011 23:05:12] /m pidgeot
[31/08/2011 23:05:21] /m pidgeot
[31/08/2011 23:05:52] /m pidgeot
[31/08/2011 23:05:59] /m pidgeot
[31/08/2011 23:06:05] /m pidgeot
[31/08/2011 23:06:19] /m pidgeot
[31/08/2011 23:06:27] /m pidgeot
[31/08/2011 23:07:20] /m pidgeot
[31/08/2011 23:07:41] /m venusaur
[31/08/2011 23:07:52] /m venusaur
[31/08/2011 23:20:40] /m pidgeot
[31/08/2011 23:20:53] /r
[31/08/2011 23:22:17] /m pidgeot
[31/08/2011 23:22:31] /r
[31/08/2011 23:23:31] /m pidgeot
[31/08/2011 23:23:55] /m pidgeot
[31/08/2011 23:24:07] /m pidgeot
[31/08/2011 23:24:18] /m pidgeot
[31/08/2011 23:24:32] /m pidgeot
[31/08/2011 23:25:04] /m pidgeot
[31/08/2011 23:25:24] /m pidgeot
[31/08/2011 23:25:36] /m pidgeot
[31/08/2011 23:25:49] /m pidgeot
[31/08/2011 23:26:04] /m pidgeot
[31/08/2011 23:26:24] /m pidgeot
[31/08/2011 23:26:40] /m pidgeot
[31/08/2011 23:26:52] /m pidgeot
[31/08/2011 23:27:09] /m pidgeot
[31/08/2011 23:27:50] /m pidgeot
[31/08/2011 23:28:59] /m pidgeot
[31/08/2011 23:29:37] /m pidgeot
[31/08/2011 23:30:09] /m pidgeot
[31/08/2011 23:30:41] /m pidgeot
[31/08/2011 23:31:58] /m pidgeot
[31/08/2011 23:33:03] /m pidgeot
[31/08/2011 23:35:02] /m pidgeot
[31/08/2011 23:38:29] /m pidgeot
[31/08/2011 23:38:55] /m venusaur
[31/08/2011 23:38:56] /r
[31/08/2011 23:53:31] /m onix
[31/08/2011 23:53:46] /m venusaur
[31/08/2011 23:53:54] /m venusaur
[31/08/2011 23:53:59] /m venusaur
[31/08/2011 23:54:06] /m venusaur
[31/08/2011 23:54:13] /n nurse
[31/08/2011 23:54:15] /r
[31/08/2011 23:54:15] /r
[31/08/2011 23:54:16] /r
[31/08/2011 23:54:17] /r
[31/08/2011 23:54:18] /r
[31/08/2011 23:54:19] /r
[31/08/2011 23:54:21] /r
[31/08/2011 23:54:25] /m venusaur
[31/08/2011 23:55:13] /r
[31/08/2011 23:55:15] /n nurse
[31/08/2011 23:55:17] /r
[31/08/2011 23:56:15] /m venusaur
[31/08/2011 23:57:07] /n nurse
[31/08/2011 23:57:09] /r
[31/08/2011 23:57:11] /m venusaur
[31/08/2011 23:57:20] /r
[31/08/2011 23:57:23] /r
[01/09/2011 00:12:23] /r
[01/09/2011 00:20:31] /a 2
[01/09/2011 00:20:33] /a 2
[01/09/2011 00:20:34] /a 2
[01/09/2011 00:20:39] /a 2
[01/09/2011 00:24:31] /a 2
[01/09/2011 00:24:35] /a 2
[01/09/2011 00:35:57] /m onix
[01/09/2011 00:41:04] /m onix
[01/09/2011 00:41:12] /m onix
[01/09/2011 00:43:09] /m onix
[01/09/2011 00:43:34] /m onix
[01/09/2011 00:43:44] /m onix
[01/09/2011 18:51:28] /m bellsprout
[01/09/2011 18:51:41] /n nurse
[01/09/2011 18:52:10] /m bellsprout
[01/09/2011 18:52:42] /m onix
[01/09/2011 18:53:06] /r
[01/09/2011 18:53:08] /m geodude
[01/09/2011 18:53:12] /r
[01/09/2011 18:53:29] /r
[01/09/2011 18:53:31] /r
[01/09/2011 18:54:15] /m venusaur
[01/09/2011 18:54:32] /m venusaur
[01/09/2011 18:55:10] /m onix
[01/09/2011 18:55:22] /m onix
[01/09/2011 18:57:18] /m onix
[01/09/2011 18:57:35] /m onix
[01/09/2011 18:58:01] /m venusaur
[01/09/2011 18:58:15] /m venusaur
[01/09/2011 18:58:27] /m venusaur
[01/09/2011 18:59:54] /m venusaur
[03/09/2011 11:50:17] /m onix
[03/09/2011 12:35:40] /s dummy
[03/09/2011 12:35:47] /r
[03/09/2011 12:35:50] /i void
[03/09/2011 12:35:54] /r
[03/09/2011 12:35:57] /r
[03/09/2011 12:36:14] /i 460
[03/09/2011 12:36:21] /r
[03/09/2011 12:36:21] /r
[03/09/2011 12:36:22] /r
[03/09/2011 12:36:26] /i 460
[03/09/2011 12:36:29] /i 100
[03/09/2011 12:36:32] /a 1
[03/09/2011 12:36:36] /a 4
[03/09/2011 12:36:37] /a 4
[03/09/2011 12:40:22] /t
[03/09/2011 13:44:54] /t
[03/09/2011 13:46:49] /a 2
[03/09/2011 13:47:19] /t
[03/09/2011 14:43:22] /t
[03/09/2011 14:43:30] /a 1
[03/09/2011 14:43:32] /a 1
[03/09/2011 14:43:34] /a 1
[03/09/2011 14:43:34] /a 1
[03/09/2011 14:43:34] /a 1
[03/09/2011 14:43:35] /a 1
[03/09/2011 14:43:35] /a 1
[03/09/2011 14:43:36] /a 1
[03/09/2011 14:43:39] /a 1
[03/09/2011 14:44:07] /a 1
[03/09/2011 14:44:09] /a 1
[03/09/2011 14:44:10] /a 1
[03/09/2011 14:44:12] /a 1
[03/09/2011 14:44:13] /a 1
[03/09/2011 14:44:15] /a 1
[03/09/2011 14:44:16] /a 1
[03/09/2011 14:44:17] /a 1
[03/09/2011 14:44:19] /a 1
[03/09/2011 14:47:58] /a 1
[03/09/2011 14:48:00] /a 1
[03/09/2011 14:48:01] /a 1
[03/09/2011 14:48:03] /r
[03/09/2011 14:48:04] /a 1
[03/09/2011 14:55:17] /t
[03/09/2011 18:04:22] /a 1
[03/09/2011 18:04:24] /a 1
[03/09/2011 18:04:25] /a 1
[03/09/2011 19:17:06] /a 2
[03/09/2011 19:17:08] /t
[03/09/2011 19:17:13] /a 1
[03/09/2011 19:17:16] /a 1
[03/09/2011 19:17:17] /a 1
[03/09/2011 19:17:17] /a 1
[03/09/2011 19:17:18] /a 1
[03/09/2011 19:17:18] /a 1
[03/09/2011 19:17:19] /a 1
[03/09/2011 19:17:19] /a 1
[03/09/2011 19:17:19] /a 1
[03/09/2011 19:17:27] /a 1
[03/09/2011 19:17:28] /a 1
[03/09/2011 19:17:29] /a 1
[03/09/2011 19:17:41] /t
[04/09/2011 12:58:51] /m onix
[04/09/2011 12:59:00] /r
[04/09/2011 13:01:39] /m onix
[04/09/2011 13:03:12] /m onix
[04/09/2011 13:03:27] /m onix
[04/09/2011 13:09:31] /t
[04/09/2011 13:09:40] /m onix
[04/09/2011 13:09:53] /m onix
[04/09/2011 13:33:27] /m onix
[04/09/2011 13:33:36] /m onix
[04/09/2011 13:33:56] /m onix
[04/09/2011 13:34:50] /m onix
[04/09/2011 13:34:57] /m onix
[04/09/2011 13:35:12] /m onix
[04/09/2011 13:36:46] /m bulbasaur
[04/09/2011 13:36:53] /m bulbasaur
[04/09/2011 13:36:57] /m bulbasaur
[04/09/2011 13:37:31] /m bulbasaur
[04/09/2011 13:37:36] /m bulbasaur
[04/09/2011 13:37:49] /m bulbasaur
[04/09/2011 13:37:55] /m bulbasaur
[04/09/2011 13:38:21] /m onix
[04/09/2011 13:38:37] /m onix
[04/09/2011 13:39:10] /m onix
[04/09/2011 13:39:38] /r
[04/09/2011 13:39:39] /r
[04/09/2011 13:39:40] /r
[04/09/2011 13:40:20] /m onix
[04/09/2011 13:40:28] /m onix
[04/09/2011 13:40:36] /m onix
[04/09/2011 13:40:43] /m onix
[04/09/2011 13:40:47] /m onix
[04/09/2011 13:42:00] /m onix
[04/09/2011 13:43:33] /m onix
[04/09/2011 13:44:48] /m onix
[04/09/2011 13:44:53] /m onix
[04/09/2011 13:45:01] /m dragonite
[04/09/2011 13:45:07] /m venusaur
[04/09/2011 13:45:49] /m dragonite
[04/09/2011 13:45:59] /m dragonite
[04/09/2011 13:47:13] /m dragonite
[04/09/2011 13:47:57] /m pidgey
[04/09/2011 13:48:05] /m pidgey
[04/09/2011 13:49:31] /m pidgeotto
[04/09/2011 13:49:53] /m pidgey
[04/09/2011 13:50:00] /m pidgey
[04/09/2011 13:50:31] /n nurse
[04/09/2011 13:50:33] /r
[04/09/2011 13:50:41] /m pidgey
[04/09/2011 13:51:01] /m pidgeotto
[04/09/2011 14:04:02] /m onix
[04/09/2011 14:08:06] /save
[04/09/2011 14:08:14] /s wigglytuff
[04/09/2011 14:08:15] /save
[04/09/2011 14:08:28] /save
[04/09/2011 15:10:13] /a 1
[04/09/2011 15:25:22] /m onix
[04/09/2011 15:25:40] /m onix
[04/09/2011 15:34:27] /m onix
[04/09/2011 15:34:37] /r
[04/09/2011 15:34:39] /r
[04/09/2011 15:35:18] /m onix
[04/09/2011 15:36:20] /m onix
[04/09/2011 15:41:12] /r
[04/09/2011 15:41:14] /s  tangela
[04/09/2011 15:44:03] /m oni
[04/09/2011 15:44:04] /m onix
[04/09/2011 15:44:22] /m onix
[04/09/2011 15:47:32] /m pidgeot
[04/09/2011 15:50:04] /m onix
[04/09/2011 16:00:00] /m onix
[04/09/2011 16:00:12] /r
[04/09/2011 16:00:25] /m venusaur
[04/09/2011 16:01:12] /n nurse
[04/09/2011 16:01:13] /r
[04/09/2011 16:01:26] /m venusaur
[04/09/2011 16:01:45] /r
[04/09/2011 16:26:26] /m onix
[04/09/2011 16:27:55] /m bulbasaur
[04/09/2011 16:28:00] /m dragonite
[04/09/2011 16:28:08] /n nurse
[04/09/2011 16:28:10] /r
[04/09/2011 16:28:57] /m dragonite
[04/09/2011 16:28:58] /n nurse
[04/09/2011 16:29:01] /r
[04/09/2011 16:29:31] /m dragonite
[04/09/2011 16:29:52] /m dragonite
[04/09/2011 16:29:58] /n nurse
[04/09/2011 16:30:08] /m dragonite
[04/09/2011 16:30:11] /r
[04/09/2011 16:30:12] /m dragonite
[04/09/2011 16:30:14] /r
[04/09/2011 16:30:15] /m dragonite
[04/09/2011 16:30:17] /r
[04/09/2011 16:30:18] /m dragonite
[04/09/2011 16:30:20] /r
[04/09/2011 16:30:22] /m dragonite
[04/09/2011 16:30:23] /r
[04/09/2011 16:30:25] /r
[04/09/2011 16:30:26] /m dragonite
[04/09/2011 16:30:31] /r
[04/09/2011 16:30:33] /m dragonite
[04/09/2011 16:30:35] /r
[04/09/2011 16:30:37] /m dragonite
[04/09/2011 16:30:39] /r
[04/09/2011 16:30:41] /m dragonite
[04/09/2011 16:30:42] /r
[04/09/2011 16:30:44] /m dragonite
[04/09/2011 16:30:45] /r
[04/09/2011 16:30:47] /m dragonite
[04/09/2011 16:30:48] /r
[04/09/2011 16:30:50] /m dragonite
[04/09/2011 16:30:51] /r
[04/09/2011 16:30:53] /m dragonite
[04/09/2011 16:30:54] /r
[04/09/2011 16:30:56] /m dragonite
[04/09/2011 16:30:57] /m dragonite
[04/09/2011 16:30:58] /m dragonite
[04/09/2011 16:31:01] /r
[04/09/2011 16:31:02] /r
[04/09/2011 16:34:05] /m pinsir
[04/09/2011 16:34:17] /m scyther
[04/09/2011 16:34:35] /m gengar
[04/09/2011 16:34:44] /r
[04/09/2011 16:48:51] /m gengar
[04/09/2011 16:48:59] /r
[04/09/2011 16:49:29] /save
[04/09/2011 16:49:45] /m gengar
[04/09/2011 16:50:03] /r
[04/09/2011 16:50:04] /r
[04/09/2011 16:50:10] /m tangela
[04/09/2011 16:50:35] /m tangela
[04/09/2011 16:50:49] /r
[04/09/2011 16:52:06] /m gengar
[04/09/2011 16:52:12] /r
[04/09/2011 16:52:13] /m onix
[04/09/2011 16:52:18] /r
[04/09/2011 16:52:21] /m tangela
[04/09/2011 16:52:27] /r
[04/09/2011 16:52:42] /m tangela
[04/09/2011 16:52:50] /r
[04/09/2011 16:52:51] /m onix
[04/09/2011 16:52:58] /r
[04/09/2011 16:54:16] /m onix
[04/09/2011 16:55:08] /m dragonite
[04/09/2011 16:55:13] /m dragonite
[04/09/2011 16:59:37] /s charmander
[04/09/2011 23:18:02] /t
[04/09/2011 23:18:22] /m dragonite
[04/09/2011 23:20:47] /n nurse
[04/09/2011 23:20:51] /r
[04/09/2011 23:22:12] /n nurse
[04/09/2011 23:22:14] /r
[04/09/2011 23:22:24] /ghost
[04/09/2011 23:24:23] /t
[04/09/2011 23:24:41] /m venusaur
[04/09/2011 23:26:44] /t
[04/09/2011 23:34:50] /t
[04/09/2011 23:40:01] /t
[04/09/2011 23:40:31] /n nurse
[04/09/2011 23:41:40] /m venusaur
[04/09/2011 23:41:47] /m venusaur
[04/09/2011 23:57:41] /m venusaur
[04/09/2011 23:57:58] /n nurse
[04/09/2011 23:58:01] /r
[05/09/2011 00:04:10] /m onix
[05/09/2011 00:04:14] /m onix
[05/09/2011 00:04:34] /m venusaur
[05/09/2011 00:04:50] /m dragonite
[05/09/2011 00:05:11] /n nurse
[05/09/2011 00:05:12] /r
[05/09/2011 00:05:15] /m dragonite
[05/09/2011 00:05:57] /m venusaur
[05/09/2011 00:06:51] /m onix
[05/09/2011 00:06:54] /r
[05/09/2011 00:06:56] /m dragonite
[05/09/2011 00:07:10] /m dragonite
[05/09/2011 00:09:26] /n nurse
[05/09/2011 00:09:28] /r
[05/09/2011 18:23:25] /storage glade, 998877
[05/09/2011 18:23:27] /storage glade, 998877, 100
[05/09/2011 18:23:29] /storage glade, 998877,
[05/09/2011 18:23:31] /storage glade, 998877
[05/09/2011 18:23:34] /storage glade, 998877, 100
[05/09/2011 18:23:36] /storage glade, 998877
[05/09/2011 18:23:45] /storage glade, 998877
[05/09/2011 18:49:06] /m venusaur
[05/09/2011 18:49:20] /m venusaur
[05/09/2011 18:49:42] /m venusaur
[05/09/2011 18:50:03] /m venusaur
[05/09/2011 18:51:34] /a 2
[05/09/2011 18:51:35] /a 1
[05/09/2011 18:51:36] /a 1
[05/09/2011 18:51:55] /a down
[05/09/2011 18:54:43] /m onix
[05/09/2011 18:55:19] /m onix
[05/09/2011 18:55:29] /m onix
[05/09/2011 19:01:38] /a 2
[05/09/2011 19:01:54] /a 2
[05/09/2011 19:19:05] /r
[05/09/2011 21:37:22] /a 2
[05/09/2011 21:50:19] /n nurse
[05/09/2011 21:50:21] /r
[06/09/2011 21:44:31] /s pinsir
[06/09/2011 21:44:51] /r
[07/09/2011 14:17:28] /m onix
[07/09/2011 14:20:01] /m onix
[07/09/2011 14:22:39] /m onix
[07/09/2011 14:28:35] /m venusaur
[07/09/2011 14:34:37] /m venusaur
[07/09/2011 14:42:41] /m onix
[07/09/2011 14:42:55] /m onix
[07/09/2011 14:43:05] /m onix
[07/09/2011 14:43:10] /m onix
[07/09/2011 14:43:36] /m onix
[07/09/2011 14:43:42] /r
[07/09/2011 14:43:46] /m onix
[07/09/2011 14:43:48] /a 9
[07/09/2011 14:44:09] /m onix
[07/09/2011 14:44:23] /m onix
[07/09/2011 14:45:59] /m onix
[07/09/2011 14:46:46] /m onix
[07/09/2011 14:48:01] /m venusaur
[07/09/2011 14:49:07] /m onix
[07/09/2011 15:02:22] /r
[07/09/2011 15:02:23] /r
[08/09/2011 12:33:18] /m dummy
[08/09/2011 12:36:42] /m oddish
[08/09/2011 12:36:52] /m oddish
[08/09/2011 12:47:43] /m graveler
[08/09/2011 12:59:40] /m lapras
[08/09/2011 13:09:38] /m dummy
[08/09/2011 13:10:09] /m dummy
[08/09/2011 13:10:11] /r
[08/09/2011 13:10:14] /m dummy
[08/09/2011 13:10:16] /m dummy
[08/09/2011 13:10:17] /a 2
[08/09/2011 13:10:18] /m dummy
[08/09/2011 13:10:19] /a 2
[08/09/2011 13:10:20] /m dummy
[08/09/2011 13:10:21] /a 3
[08/09/2011 13:10:34] /r
[08/09/2011 13:10:35] /r
[08/09/2011 13:10:36] /r
[08/09/2011 13:10:37] /r
[08/09/2011 13:10:38] /r
[08/09/2011 13:10:39] /r
[08/09/2011 13:10:41] /a 2
[08/09/2011 13:10:42] /a 2
[08/09/2011 13:10:43] /a 2
[08/09/2011 13:10:43] /a 2
[08/09/2011 13:10:43] /a 2
[08/09/2011 13:10:45] /a 2
[08/09/2011 13:12:00] /m dummy
[08/09/2011 13:12:02] /a 2
[08/09/2011 13:12:04] /ghost
[08/09/2011 13:12:05] /r
[08/09/2011 13:12:09] /m dummy
[08/09/2011 13:13:01] /m oddish
[08/09/2011 13:13:23] /r
[08/09/2011 13:13:24] /m oddish
[08/09/2011 13:13:26] /r
[08/09/2011 13:13:27] /m dummy
[08/09/2011 13:13:29] /r
[08/09/2011 13:13:32] /m vileplume
[08/09/2011 13:13:35] /r
[08/09/2011 13:13:45] /ghost
[08/09/2011 13:13:46] /ghost
[08/09/2011 13:13:49] /m oddish
[08/09/2011 13:14:13] /r
[08/09/2011 13:14:15] /r
[08/09/2011 13:14:16] /m dummy
[08/09/2011 13:14:21] /t
[08/09/2011 13:14:23] /a 55
[08/09/2011 13:14:51] /r
[08/09/2011 13:14:53] /m aerodactyl
[08/09/2011 13:14:56] /r
[08/09/2011 13:15:01] /m aerodactyl
[08/09/2011 13:15:05] /r
[08/09/2011 13:15:07] /m dummy
[08/09/2011 13:19:08] /m dummy
[08/09/2011 13:19:11] /r
[08/09/2011 13:19:15] /r
[08/09/2011 13:20:21] /m dummy
[08/09/2011 13:21:00] /r
[08/09/2011 13:21:02] /m dummy
[08/09/2011 13:21:06] /r
[08/09/2011 20:54:34] /t
[08/09/2011 21:15:26] /addskill glade, fishing, 20
[08/09/2011 21:15:27] /addskill glade, fishing, 20
[08/09/2011 21:15:28] /addskill glade, fishing, 20
[08/09/2011 21:15:29] /addskill glade, fishing, 20
[09/09/2011 14:27:23] /m venusaur
[09/09/2011 14:29:04] /m venusaur
[09/09/2011 14:31:29] /m venusaur
[09/09/2011 14:31:51] /m onix
[09/09/2011 14:31:57] /m onix
[09/09/2011 14:31:59] /r
[09/09/2011 14:32:03] /m onix
[09/09/2011 14:32:08] /m onix
[09/09/2011 14:32:14] /m onix
[09/09/2011 23:52:49] /n nursehi
[09/09/2011 23:52:52] /n nurse
[09/09/2011 23:52:53] /r
[09/09/2011 23:53:29] /m dummy
[09/09/2011 23:53:45] /n nurs
[09/09/2011 23:53:46] /n nurse
[10/09/2011 16:05:00] /m geodude
[10/09/2011 16:09:08] /m geodude
[10/09/2011 16:12:11] /m onix
[10/09/2011 16:12:21] /m geodude
[10/09/2011 16:12:33] /m geodude
[10/09/2011 16:12:34] /m geodude
[10/09/2011 16:12:35] /m geodude
[10/09/2011 16:12:36] /m geodude
[10/09/2011 16:12:37] /m geodude
[10/09/2011 16:12:37] /m geodude
[10/09/2011 16:13:00] /m geodude
[10/09/2011 16:13:01] /m geodude
[10/09/2011 16:13:01] /m geodude
[10/09/2011 16:13:01] /m geodude
[10/09/2011 16:13:02] /m geodude
[10/09/2011 16:13:02] /m geodude
[10/09/2011 16:13:03] /m geodude
[10/09/2011 16:13:03] /m geodude
[10/09/2011 16:13:03] /m geodude
[10/09/2011 16:13:42] /m pidgeotto
[10/09/2011 16:13:53] /n nurse
[10/09/2011 16:13:54] /r
[10/09/2011 16:14:10] /m rattata
[10/09/2011 16:14:21] /m rattata
[10/09/2011 16:14:43] /i heart stone
[10/09/2011 16:15:06] /m rattata
[10/09/2011 16:15:36] /m rattata
[10/09/2011 16:17:54] /m rattata
[10/09/2011 16:18:06] /m rattata
[10/09/2011 16:18:50] /m nidoran
[10/09/2011 16:18:52] /m nidoran female
[10/09/2011 16:18:53] /m nidoran female
[10/09/2011 16:18:54] /m nidoran female
[10/09/2011 16:18:54] /m nidoran female
[10/09/2011 16:18:55] /m nidoran female
[10/09/2011 16:18:55] /m nidoran female
[10/09/2011 16:18:56] /m nidoran female
[10/09/2011 16:18:59] /m nidoran female
[10/09/2011 16:19:18] /m nidorina
[10/09/2011 16:19:29] /m nidoqueen
[10/09/2011 16:19:56] /m nidoking
[10/09/2011 16:20:20] /m nidoking
[10/09/2011 21:30:16] /m venusaur
[10/09/2011 21:30:55] /m venusaur
[10/09/2011 21:31:05] /m venusaur
[10/09/2011 21:31:33] /m venusaur
[10/09/2011 21:32:44] /a 2
[10/09/2011 21:32:48] /a 2
[10/09/2011 21:35:03] /a 1
[10/09/2011 21:35:05] /a 14
[10/09/2011 21:40:19] /n name
[10/09/2011 21:40:34] /i 2160
[10/09/2011 21:41:36] /n name
[10/09/2011 21:43:18] /a 3
[10/09/2011 21:43:29] /t
[10/09/2011 21:44:23] /a 2
[10/09/2011 21:44:27] /r
[10/09/2011 21:50:17] /m dragonite
[10/09/2011 21:51:29] /r
[10/09/2011 21:51:44] /m gyarados
[10/09/2011 21:52:08] /m venusaur
[10/09/2011 21:52:49] /r
[10/09/2011 21:52:52] /m alakazam
[10/09/2011 21:53:11] /m onix
[10/09/2011 22:54:01] /m dragonite
[10/09/2011 22:57:14] /m onix
[10/09/2011 22:58:08] /m onix
[10/09/2011 22:58:21] /m pidgeot
[10/09/2011 22:58:27] /m pidgeot
[10/09/2011 22:58:34] /m pidgeot
[10/09/2011 23:01:18] /m rapidash
[10/09/2011 23:03:25] /m onix
[10/09/2011 23:03:37] /m onix
[10/09/2011 23:03:52] /m onix
[10/09/2011 23:03:59] /m venusaur
[10/09/2011 23:05:28] /m bulbasaur
[10/09/2011 23:05:36] /m bulbasaur
[10/09/2011 23:05:56] /n nurse
[10/09/2011 23:05:58] /r
[10/09/2011 23:06:11] /i fire stone
[10/09/2011 23:06:20] /m ivysaur
[10/09/2011 23:06:35] /m venusaur
[10/09/2011 23:06:40] /m venusaur
[10/09/2011 23:06:44] /m venusaur
[10/09/2011 23:06:49] /m venusaur
[10/09/2011 23:06:49] /m venusaur
[10/09/2011 23:06:49] /m venusaur
[10/09/2011 23:06:50] /m venusaur
[10/09/2011 23:06:53] /n nurse
[10/09/2011 23:06:57] /r
[10/09/2011 23:08:00] /m venusaur
[10/09/2011 23:08:11] /m venusaur
[10/09/2011 23:08:15] /m venusaur
[10/09/2011 23:08:20] /m venusaur
[10/09/2011 23:08:36] /m venusaur
[10/09/2011 23:10:25] /m venusaur
[10/09/2011 23:10:41] /n nurse
[10/09/2011 23:10:43] /r
[10/09/2011 23:10:52] /m venusaur
[10/09/2011 23:11:01] /m venusaur
[10/09/2011 23:11:09] /m venusaur
[10/09/2011 23:11:16] /m venusaur
[10/09/2011 23:12:09] /m venusaur
[10/09/2011 23:12:25] /m venusaur
[10/09/2011 23:12:26] /m venusaur
[10/09/2011 23:12:28] /r
[10/09/2011 23:13:07] /m venusaur
[10/09/2011 23:13:15] /m venusaur
[10/09/2011 23:13:19] /m venusaur
[10/09/2011 23:17:07] /m venusaur
[10/09/2011 23:17:15] /m venusaur
[10/09/2011 23:17:36] /m venusaur
[10/09/2011 23:18:00] /m venusaur
[10/09/2011 23:18:34] /m venusaur
[10/09/2011 23:21:22] /m onix
[10/09/2011 23:21:43] /m venusaur
[10/09/2011 23:21:52] /m venusaur
[10/09/2011 23:22:01] /m venusaur
[10/09/2011 23:22:07] /m venusaur
[10/09/2011 23:22:14] /m venusaur
[10/09/2011 23:22:40] /i fire stone
[10/09/2011 23:22:40] /i fire stone
[10/09/2011 23:22:43] /m venusaur
[10/09/2011 23:23:09] /m venusaur
[10/09/2011 23:23:15] /m venusaur
[10/09/2011 23:23:16] /m venusaur
[10/09/2011 23:23:16] /m venusaur
[10/09/2011 23:23:16] /m venusaur
[10/09/2011 23:23:17] /m venusaur
[10/09/2011 23:23:29] /m venusaur
[10/09/2011 23:25:43] /i fire stone
[10/09/2011 23:25:43] /i fire stone
[10/09/2011 23:25:44] /i fire stone
[10/09/2011 23:25:46] /n name
[10/09/2011 23:28:57] /m venusaur
[10/09/2011 23:28:58] /m venusaur
[10/09/2011 23:28:58] /m venusaur
[10/09/2011 23:28:59] /m venusaur
[10/09/2011 23:28:59] /m venusaur
[10/09/2011 23:28:59] /m venusaur
[10/09/2011 23:29:00] /m venusaur
[10/09/2011 23:29:10] /n nurse
[10/09/2011 23:29:12] /r
[10/09/2011 23:29:14] /m venusaur
[10/09/2011 23:29:14] /m venusaur
[10/09/2011 23:29:15] /m venusaur
[10/09/2011 23:29:15] /m venusaur
[10/09/2011 23:29:15] /m venusaur
[10/09/2011 23:29:16] /m venusaur
[10/09/2011 23:29:16] /m venusaur
[10/09/2011 23:29:23] /m venusaur
[10/09/2011 23:29:24] /m venusaur
[10/09/2011 23:29:24] /m venusaur
[10/09/2011 23:29:24] /m venusaur
[10/09/2011 23:29:25] /m venusaur
[10/09/2011 23:29:25] /m venusaur
[10/09/2011 23:29:25] /m venusaur
[10/09/2011 23:29:26] /m venusaur
[10/09/2011 23:29:26] /m venusaur
[10/09/2011 23:29:26] /m venusaur
[10/09/2011 23:29:27] /m venusaur
[10/09/2011 23:29:27] /m venusaur
[10/09/2011 23:29:27] /m venusaur
[10/09/2011 23:29:30] /m venusaur
[10/09/2011 23:29:30] /m venusaur
[10/09/2011 23:29:31] /m venusaur
[10/09/2011 23:29:31] /m venusaur
[10/09/2011 23:29:31] /m venusaur
[10/09/2011 23:29:32] /m venusaur
[10/09/2011 23:29:32] /m venusaur
[10/09/2011 23:29:44] /n nurse
[10/09/2011 23:29:46] /r
[10/09/2011 23:29:48] /m venusaur
[10/09/2011 23:30:20] /m scyther
[10/09/2011 23:30:24] /m scyther
[10/09/2011 23:30:31] /m scyther
[10/09/2011 23:30:34] /m scyther
[10/09/2011 23:30:42] /m charizard
[10/09/2011 23:30:49] /m snorlax
[10/09/2011 23:30:56] /m snorlax
[10/09/2011 23:31:01] /m snorlax
[10/09/2011 23:31:06] /m snorlax
[10/09/2011 23:31:11] /n nurse
[10/09/2011 23:31:13] /r
[10/09/2011 23:31:17] /m dragonite
[10/09/2011 23:31:23] /m dragonite
[10/09/2011 23:31:41] /m venusaur
[10/09/2011 23:31:45] /m venusaur
[10/09/2011 23:31:47] /m venusaur
[10/09/2011 23:31:49] /m venusaur
[10/09/2011 23:31:50] /m venusaur
[10/09/2011 23:31:51] /m venusaur
[10/09/2011 23:31:53] /m venusaur
[10/09/2011 23:31:55] /m venusaur
[10/09/2011 23:31:57] /m venusaur
[10/09/2011 23:31:57] /m venusaur
[10/09/2011 23:31:59] /m venusaur
[10/09/2011 23:31:59] /m venusaur
[10/09/2011 23:32:02] /m venusaur
[10/09/2011 23:32:02] /m venusaur
[10/09/2011 23:32:04] /m venusaur
[10/09/2011 23:32:06] /m venusaur
[10/09/2011 23:32:06] /m venusaur
[10/09/2011 23:32:07] /m venusaur
[10/09/2011 23:32:07] /m venusaur
[10/09/2011 23:32:08] /m venusaur
[10/09/2011 23:32:08] /m venusaur
[10/09/2011 23:32:11] /m venusaur
[10/09/2011 23:32:12] /m venusaur
[10/09/2011 23:32:12] /m venusaur
[10/09/2011 23:32:13] /m venusaur
[10/09/2011 23:32:13] /m venusaur
[10/09/2011 23:32:16] /m venusaur
[10/09/2011 23:32:16] /m venusaur
[10/09/2011 23:32:16] /m venusaur
[10/09/2011 23:32:20] /m venusaur
[10/09/2011 23:32:22] /m venusaur
[10/09/2011 23:32:22] /m venusaur
[10/09/2011 23:32:23] /m venusaur
[10/09/2011 23:32:25] /m venusaur
[10/09/2011 23:32:25] /m venusaur
[10/09/2011 23:32:26] /m venusaur
[10/09/2011 23:32:26] /m venusaur
[10/09/2011 23:32:28] /m venusaur
[10/09/2011 23:32:28] /m venusaur
[10/09/2011 23:32:28] /m venusaur
[10/09/2011 23:32:29] /m venusaur
[10/09/2011 23:32:31] /m venusaur
[10/09/2011 23:32:32] /m venusaur
[10/09/2011 23:32:32] /m venusaur
[10/09/2011 23:32:32] /m venusaur
[10/09/2011 23:32:35] /m venusaur
[10/09/2011 23:32:36] /m venusaur
[10/09/2011 23:32:36] /m venusaur
[10/09/2011 23:32:37] /m venusaur
[10/09/2011 23:32:37] /m venusaur
[10/09/2011 23:32:48] /n nurse
[10/09/2011 23:32:53] /i fire stone
[10/09/2011 23:33:02] /m venusaur
[10/09/2011 23:33:04] /m venusaur
[10/09/2011 23:33:06] /m venusaur
[10/09/2011 23:33:08] /m venusaur
[10/09/2011 23:33:11] /m venusaur
[10/09/2011 23:33:12] /m venusaur
[10/09/2011 23:33:13] /m venusaur
[10/09/2011 23:33:13] /m venusaur
[10/09/2011 23:33:15] /m venusaur
[10/09/2011 23:33:16] /m venusaur
[10/09/2011 23:33:18] /m venusaur
[10/09/2011 23:33:21] /m venusaur
[10/09/2011 23:33:30] /m venusaur
[10/09/2011 23:33:31] /m venusaur
[10/09/2011 23:33:31] /m venusaur
[10/09/2011 23:33:32] /m venusaur
[10/09/2011 23:33:32] /m venusaur
[10/09/2011 23:36:41] /n name
[10/09/2011 23:36:52] /a 2
[10/09/2011 23:36:53] /a 2
[10/09/2011 23:36:53] /a 2
[10/09/2011 23:36:54] /a 2
[10/09/2011 23:36:54] /a 2
[10/09/2011 23:36:55] /a 2
[10/09/2011 23:36:55] /a 2
[10/09/2011 23:37:17] /r
[10/09/2011 23:37:18] /n name
[10/09/2011 23:44:13] /r
[10/09/2011 23:44:15] /r
[10/09/2011 23:44:17] /m venusaur
[10/09/2011 23:44:21] /m snorlax
[10/09/2011 23:44:26] /m snorlax
[10/09/2011 23:44:30] /m snorlax
[10/09/2011 23:45:46] /m venusaur
[10/09/2011 23:45:54] /m venusaur
[10/09/2011 23:45:59] /m venusaur
[10/09/2011 23:46:02] /m venusaur
[10/09/2011 23:46:03] /m venusaur
[10/09/2011 23:46:03] /m venusaur
[10/09/2011 23:46:03] /m venusaur
[10/09/2011 23:46:14] /n nurse
[10/09/2011 23:46:15] /r
[10/09/2011 23:46:19] /i fire stone
[10/09/2011 23:48:13] /i fire stone
[10/09/2011 23:50:12] /i fire stone
[10/09/2011 23:50:53] /i fire stone
[10/09/2011 23:51:47] /r
[10/09/2011 23:52:04] /m caterpie
[10/09/2011 23:52:20] /m caterpie
[10/09/2011 23:52:26] /m caterpie
[10/09/2011 23:52:51] /m caterpie
[10/09/2011 23:56:14] /m caterpie
[10/09/2011 23:56:24] /m caterpie
[10/09/2011 23:56:31] /m caterpie
[10/09/2011 23:56:42] /ghost
[10/09/2011 23:56:44] /m caterpie
[10/09/2011 23:58:12] /n nurse
[10/09/2011 23:58:14] /r
[10/09/2011 23:58:16] /m caterpie
[10/09/2011 23:58:26] /r
[11/09/2011 00:00:24] /n nurse
[11/09/2011 00:00:25] /r
[11/09/2011 00:00:28] /m caterpie
[11/09/2011 00:00:34] /ghost
[11/09/2011 00:00:38] /m caterpie
[11/09/2011 00:00:44] /ghost
[11/09/2011 00:03:11] /n nurse
[11/09/2011 00:03:13] /r
[11/09/2011 00:03:17] /m caterpie
[11/09/2011 00:03:23] /ghost
[11/09/2011 00:03:29] /m caterpie
[11/09/2011 00:03:32] /ghost
[11/09/2011 00:05:27] /r
[11/09/2011 00:05:32] /r
[11/09/2011 00:05:35] /m butterfree
[11/09/2011 00:05:42] /ghost
[11/09/2011 00:05:44] /ghost
[11/09/2011 00:05:46] /m butterfree
[11/09/2011 00:05:47] /a 3
[11/09/2011 00:06:59] /m butterfree
[11/09/2011 00:08:31] /m butterfree
[11/09/2011 00:11:39] /m butterfree
[11/09/2011 00:12:45] /m butterfree
[11/09/2011 00:15:41] /m butterfree
[11/09/2011 00:16:37] /m butterfree
[11/09/2011 00:17:02] /m butterfree
[11/09/2011 00:17:58] /m lapras
[11/09/2011 00:29:51] /m dummy
[11/09/2011 00:30:15] /m dummy
[11/09/2011 00:30:16] /m dummy
[11/09/2011 00:52:20] /m dummy
[11/09/2011 00:52:34] /m dummy
[11/09/2011 00:52:42] /m dummy
[11/09/2011 00:53:15] /s dragonite
[11/09/2011 00:53:17] /m dummy
[11/09/2011 01:04:05] /m dummy
[11/09/2011 01:04:14] /m dummy
[11/09/2011 01:04:35] /m noexp
[11/09/2011 01:04:40] /r
[11/09/2011 01:05:07] /m noexp
[11/09/2011 01:05:36] /r
[11/09/2011 01:05:40] /m noexp
[11/09/2011 01:05:43] /ghost
[11/09/2011 01:05:54] /r
[11/09/2011 01:06:34] /ghost
[11/09/2011 01:06:47] /m dummy
[11/09/2011 01:06:51] /m dummy
[11/09/2011 01:17:57] /ghost
[11/09/2011 01:17:58] /ghost
[11/09/2011 01:18:00] /m caterpie
[11/09/2011 01:18:10] /m caterpie
[11/09/2011 01:18:16] /m caterpie
[11/09/2011 01:21:15] /m caterpie
[11/09/2011 01:22:08] /r
[11/09/2011 01:22:11] /m caterpie
[11/09/2011 01:22:41] /r
[11/09/2011 01:22:44] /m caterpie
[11/09/2011 01:23:57] /m caterpie
[11/09/2011 01:24:02] /a 3
[11/09/2011 01:24:03] /r
[11/09/2011 01:24:24] /r
[11/09/2011 01:24:27] /r
[11/09/2011 01:24:35] /m caterpie
[11/09/2011 01:26:25] /a 4
[11/09/2011 01:26:26] /r
[11/09/2011 01:26:29] /m caterpie
[11/09/2011 01:27:10] /a 2
[11/09/2011 01:27:12] /r
[11/09/2011 01:27:15] /a 6
[11/09/2011 01:27:17] /m caterpie
[11/09/2011 01:27:56] /ghost
[11/09/2011 01:28:50] /r
[11/09/2011 01:28:54] /m caterpie
[11/09/2011 01:29:03] /ghost
[11/09/2011 01:29:08] /ghost
[11/09/2011 01:35:16] /ghost
[11/09/2011 01:35:29] /ghost
[11/09/2011 01:35:34] /m lapras
[11/09/2011 02:33:05] /ghost
[11/09/2011 02:47:37] /ghost
[11/09/2011 02:47:51] /ghost
[11/09/2011 03:15:57] /ghost
[11/09/2011 03:20:07] /ghost
[11/09/2011 03:21:40] /ghost
[11/09/2011 03:31:48] /ghost
[11/09/2011 03:31:50] /ghost
[11/09/2011 03:32:11] /ghost
[11/09/2011 03:32:30] /i 1285
[11/09/2011 03:32:34] /i 1285
[11/09/2011 03:32:35] /i 1285
[11/09/2011 03:32:35] /i 1285
[11/09/2011 03:32:36] /i 1285
[11/09/2011 03:32:37] /i 1285
[11/09/2011 03:32:39] /a 2
[11/09/2011 03:32:41] /i 1285
[11/09/2011 03:32:44] /i 1285
[11/09/2011 03:33:21] /ghost
[11/09/2011 03:33:28] /ghost
[11/09/2011 03:35:35] /i 1285
[11/09/2011 03:35:36] /i 1285
[11/09/2011 03:35:38] /a 2
[11/09/2011 03:35:39] /i 1285
[11/09/2011 03:35:39] /i 1285
[11/09/2011 03:35:40] /i 1285
[11/09/2011 03:35:43] /i 1285
[11/09/2011 03:35:43] /i 1285
[11/09/2011 03:35:44] /a 2
[11/09/2011 03:35:45] /i 1285
[11/09/2011 03:35:46] /i 1285
[11/09/2011 03:35:47] /ghost
[11/09/2011 03:36:08] /i 1285
[11/09/2011 03:36:13] /a 3
[11/09/2011 03:36:31] /a 12
[11/09/2011 03:36:38] /a 3
[11/09/2011 03:36:38] /a 3
[11/09/2011 03:37:09] /m dummy
[11/09/2011 03:37:40] /m dummy
[11/09/2011 03:37:40] /m dummy
[11/09/2011 03:37:41] /m dummy
[11/09/2011 03:37:50] /m dummy
[11/09/2011 03:52:14] /m dummy
[11/09/2011 03:52:47] /m dummy
[11/09/2011 03:52:53] /m dummy
[11/09/2011 03:52:59] /m dummy
[11/09/2011 03:52:59] /m dummy
[11/09/2011 03:53:00] /m dummy
[11/09/2011 03:55:21] /m dummy
[11/09/2011 03:55:22] /m dummy
[11/09/2011 03:55:22] /m dummy
[11/09/2011 03:55:23] /m dummy
[11/09/2011 03:55:23] /m dummy
[11/09/2011 03:56:17] /m noexp
[11/09/2011 03:56:23] /m noexp
[11/09/2011 03:56:23] /m noexp
[11/09/2011 03:56:24] /m noexp
[11/09/2011 03:56:38] /m dummy
[11/09/2011 03:56:40] /m dummy
[11/09/2011 03:56:42] /m dummy
[11/09/2011 03:56:51] /m dummy
[11/09/2011 03:56:51] /m dummy
[11/09/2011 03:56:57] /m dummy
[11/09/2011 03:56:57] /m dummy
[11/09/2011 03:57:39] /t
[11/09/2011 03:58:12] /i 1285
[11/09/2011 03:58:13] /a 2
[11/09/2011 03:58:21] /i 1285
[11/09/2011 03:59:11] /ghost
[11/09/2011 03:59:17] /r
[11/09/2011 04:02:06] /ghost
[11/09/2011 04:02:07] /ghost
[11/09/2011 04:02:10] /ghost
[11/09/2011 04:02:11] /ghost
[11/09/2011 04:02:20] /m dummy
[11/09/2011 04:02:45] /m dummy
[11/09/2011 04:02:57] /m dummy
[11/09/2011 04:03:02] /m dummy
[11/09/2011 04:03:04] /m dummy
[11/09/2011 04:03:06] /m dummy
[11/09/2011 04:03:29] /m dummy
[11/09/2011 04:06:37] /reload actions
[11/09/2011 04:19:51] /m dummy
[11/09/2011 04:19:58] /m dummy
[11/09/2011 04:19:59] /m dummy
[11/09/2011 04:20:00] /m dummy
[11/09/2011 04:20:02] /m dummy
[11/09/2011 04:20:03] /m dummy
[11/09/2011 04:20:18] /ghost
[11/09/2011 04:20:19] /ghost
[11/09/2011 16:57:01] /ghost
[11/09/2011 16:59:38] /ghost
[11/09/2011 17:00:08] /m lapras
[11/09/2011 17:00:10] /r
[11/09/2011 17:01:55] /ghost
[11/09/2011 17:01:56] /ghost
[11/09/2011 17:07:40] /m dummy
[11/09/2011 17:07:54] /ghost
[11/09/2011 17:07:59] /a 3
[11/09/2011 17:08:07] /ghost
[11/09/2011 17:10:08] /m dummy
[11/09/2011 17:10:08] /m dummy
[11/09/2011 17:10:09] /m dummy
[11/09/2011 17:10:10] /m dummy
[11/09/2011 17:10:10] /m dummy
[11/09/2011 17:10:11] /m dummy
[11/09/2011 17:10:11] /m dummy
[11/09/2011 17:10:12] /m dummy
[11/09/2011 17:10:14] /m dummy
[11/09/2011 17:10:15] /m dummy
[11/09/2011 17:10:55] /m dummy
[11/09/2011 17:11:19] /ghost
[11/09/2011 17:11:31] /a 66
[11/09/2011 17:11:35] /a 66
[11/09/2011 17:11:44] /ghost
[11/09/2011 17:11:50] /a 66
[11/09/2011 17:11:56] /a 66
[11/09/2011 18:16:00] /m dummy
[11/09/2011 18:16:31] /ghost
[11/09/2011 18:16:33] /a 3
[11/09/2011 18:16:37] /a 77
[11/09/2011 18:16:42] /a 77
[11/09/2011 18:16:45] /a 76
[11/09/2011 18:16:46] /a 75
[11/09/2011 18:16:48] /a 78
[11/09/2011 18:16:52] /ghost
[11/09/2011 18:17:01] /r
[11/09/2011 18:17:10] /m dummy
[11/09/2011 18:17:37] /ghost
[11/09/2011 18:17:38] /ghost
[11/09/2011 18:18:10] /ghost
[11/09/2011 18:18:19] /ghost
[11/09/2011 18:18:23] /r
[11/09/2011 18:18:24] /m dummy
[11/09/2011 18:19:08] /m dummy
[11/09/2011 18:19:09] /m dummy
[11/09/2011 18:19:09] /m dummy
[11/09/2011 18:19:09] /m dummy
[11/09/2011 18:43:27] /ghost
[11/09/2011 18:43:28] /ghost
[11/09/2011 18:43:30] /m dummy
[11/09/2011 18:44:30] /r
[11/09/2011 18:44:35] /m dummy
[11/09/2011 18:45:24] /m dummy
[11/09/2011 18:48:47] /r
[11/09/2011 18:48:49] /m dummy
[11/09/2011 18:49:24] /ghost
[11/09/2011 18:49:25] /ghost
[11/09/2011 18:52:04] /m dummy
[11/09/2011 18:56:47] /ghost
[11/09/2011 18:57:00] /ghost
[11/09/2011 19:00:28] /ghost
[11/09/2011 19:01:31] /m dummy
[11/09/2011 19:01:46] /ghost
[11/09/2011 19:01:50] /r
[11/09/2011 19:01:51] /m dummy
[11/09/2011 19:09:45] /m dummy
[11/09/2011 19:09:56] /r
[11/09/2011 19:10:08] /m dummy
[11/09/2011 19:11:01] /m dummy
[11/09/2011 19:11:09] /m dummy
[11/09/2011 19:16:08] /m dummy
[11/09/2011 19:16:31] /m dummy
[11/09/2011 19:17:05] /m dummy
[11/09/2011 19:17:05] /m dummy
[11/09/2011 19:17:05] /m dummy
[11/09/2011 19:17:06] /m dummy
[11/09/2011 20:41:15] /goto frenzi
[11/09/2011 20:41:20] /ghost
[11/09/2011 20:41:21] /ghost
[11/09/2011 20:42:45] /ghost
[11/09/2011 20:43:22] /ghost
[11/09/2011 20:43:42] /ghost
[11/09/2011 21:03:35] /m lapras
[11/09/2011 21:03:37] /ghost
[11/09/2011 21:03:40] /ghost
[11/09/2011 21:03:43] /ghost
[11/09/2011 21:03:45] /ghost
[11/09/2011 22:10:51] /ghost
[11/09/2011 22:12:16] /n nurse
[11/09/2011 22:12:18] /r
[11/09/2011 22:12:19] /ghost
[11/09/2011 22:12:28] /ghost
[11/09/2011 22:12:55] /ghost
[11/09/2011 22:12:56] /ghost
[11/09/2011 22:30:50] /r
[11/09/2011 22:30:52] /m lapras
[11/09/2011 22:32:42] /n nurse
[11/09/2011 22:32:44] /r
[11/09/2011 22:32:45] /r
[11/09/2011 23:24:33] /m lapras
[11/09/2011 23:24:52] /m lapras
[11/09/2011 23:25:00] /r
[11/09/2011 23:25:01] /m lapras
[11/09/2011 23:25:31] /m lapras
[11/09/2011 23:25:43] /m lapras
[11/09/2011 23:36:56] /m lapras
[11/09/2011 23:36:58] /m lapras
[11/09/2011 23:36:58] /m lapras
[11/09/2011 23:36:58] /m lapras
[11/09/2011 23:37:17] /m lapras
[11/09/2011 23:37:34] /m lapras
[11/09/2011 23:37:46] /m lapras
[11/09/2011 23:37:47] /m lapras
[11/09/2011 23:38:20] /m lapras
[11/09/2011 23:38:33] /m lapras
[11/09/2011 23:38:41] /m lapras
[11/09/2011 23:38:47] /m lapras
[11/09/2011 23:38:51] /m lapras
[11/09/2011 23:39:05] /m lapras
[11/09/2011 23:39:22] /m lapras
[11/09/2011 23:39:30] /m lapras
[11/09/2011 23:39:36] /m lapras
[11/09/2011 23:39:39] /m lapras
[11/09/2011 23:39:52] /m lapras
[11/09/2011 23:40:06] /m lapras
[11/09/2011 23:40:31] /m lapras
[11/09/2011 23:40:31] /m lapras
[11/09/2011 23:40:32] /m lapras
[11/09/2011 23:41:20] /m lapras
[11/09/2011 23:41:50] /m lapras
[11/09/2011 23:42:05] /m lapras
[11/09/2011 23:42:17] /m lapras
[11/09/2011 23:48:28] /m lapras
[11/09/2011 23:48:42] /m lapras
[11/09/2011 23:48:49] /r
[11/09/2011 23:48:51] /m lapras
[11/09/2011 23:48:54] /r
[11/09/2011 23:48:56] /m lapras
[11/09/2011 23:49:00] /r
[11/09/2011 23:49:02] /m lapras
[11/09/2011 23:49:05] /r
[11/09/2011 23:49:07] /m lapras
[11/09/2011 23:49:10] /r
[11/09/2011 23:49:12] /m lapras
[11/09/2011 23:49:18] /m lapras
[11/09/2011 23:49:22] /m lapras
[11/09/2011 23:49:50] /m lapras
[12/09/2011 00:00:24] /m lapras
[12/09/2011 00:00:29] /m lapras
[12/09/2011 00:03:10] /m venusaur
[12/09/2011 00:03:14] /m venusaur
[12/09/2011 00:03:16] /m venusaur
[12/09/2011 00:03:20] /m venusaur
[12/09/2011 00:03:23] /m venusaur
[12/09/2011 00:03:25] /m venusaur
[12/09/2011 00:03:31] /m venusaur
[12/09/2011 00:03:34] /m venusaur
[12/09/2011 00:03:36] /m venusaur
[12/09/2011 00:03:39] /m venusaur
[12/09/2011 00:03:44] /m venusaur
[12/09/2011 00:03:47] /m venusaur
[12/09/2011 00:03:49] /m venusaur
[12/09/2011 00:03:52] /m venusaur
[12/09/2011 00:03:54] /m venusaur
[12/09/2011 00:03:57] /m venusaur
[12/09/2011 00:04:00] /m venusaur
[12/09/2011 00:04:02] /m venusaur
[12/09/2011 00:04:04] /m venusaur
[12/09/2011 00:04:07] /m venusaur
[12/09/2011 00:07:28] /m lapras
[12/09/2011 00:07:58] /m lapras
[12/09/2011 00:18:01] /m lapras
[12/09/2011 00:18:05] /m lapras
[12/09/2011 00:18:08] /m lapras
[12/09/2011 00:18:10] /m lapras
[12/09/2011 00:18:12] /m lapras
[12/09/2011 00:18:15] /m lapras
[12/09/2011 00:18:22] /m lapras
[12/09/2011 00:18:41] /m lapras
[12/09/2011 00:18:42] /m lapras
[12/09/2011 00:18:43] /m lapras
[12/09/2011 00:18:44] /m lapras
[12/09/2011 00:32:53] /goto frenzi
[12/09/2011 18:14:08] /t
[12/09/2011 18:14:56] /m exeggcutor
[12/09/2011 18:14:59] /m exeggutor
[12/09/2011 18:15:30] /m pikachu
[12/09/2011 18:16:01] /m pikachu
[12/09/2011 18:16:17] /m venusaur
[12/09/2011 18:16:58] /m aerodactyl
[12/09/2011 18:17:26] /m venusaur
[12/09/2011 18:18:03] /m omanyte
[12/09/2011 18:18:13] /m omanyte
[12/09/2011 18:18:14] /m omanyte
[12/09/2011 18:18:45] /m exeggcute
[12/09/2011 18:18:49] /m tauros
[12/09/2011 18:19:13] /m lapras
[12/09/2011 18:19:15] /m gloom
[12/09/2011 18:19:17] /m oddish
[12/09/2011 18:20:08] /m mr. mime
[12/09/2011 18:20:48] /m slowbro
[12/09/2011 18:20:51] /m slowpoke
[13/09/2011 13:25:44] /m vileplume
[13/09/2011 18:20:05] /a 1
[13/09/2011 18:22:53] /m onix
[13/09/2011 18:23:26] /r
[13/09/2011 18:23:26] /r
[13/09/2011 18:23:45] /m onix
[13/09/2011 18:23:59] /m onix
[13/09/2011 18:24:14] /m onix
[13/09/2011 18:28:04] /m onix
[13/09/2011 19:19:22] /s dugtrio
[13/09/2011 19:21:19] /m machoke
[13/09/2011 19:22:22] /m venusaur
[13/09/2011 19:24:02] /m venusaur
[14/09/2011 17:46:41] /m venusaur
[14/09/2011 17:47:18] /m venusaur
[14/09/2011 17:47:19] /m venusaur
[14/09/2011 17:47:19] /m venusaur
[14/09/2011 17:47:19] /m venusaur
[14/09/2011 17:47:20] /m venusaur
[14/09/2011 17:47:20] /m venusaur
[14/09/2011 17:47:36] /m venusaur
[14/09/2011 17:47:37] /m venusaur
[14/09/2011 17:47:37] /m venusaur
[14/09/2011 17:47:38] /m venusaur
[14/09/2011 17:47:38] /m venusaur
[14/09/2011 17:47:38] /m venusaur
[14/09/2011 17:47:39] /m venusaur
[14/09/2011 17:47:39] /m venusaur
[14/09/2011 17:48:03] /m venusaur
[14/09/2011 17:48:06] /m venusaur
[14/09/2011 17:48:49] /m venusaur
[14/09/2011 17:48:50] /m venusaur
[14/09/2011 17:48:50] /m venusaur
[14/09/2011 17:48:51] /m venusaur
[14/09/2011 17:48:53] /m venusaur
[14/09/2011 17:49:01] /m venusaur
[14/09/2011 17:49:01] /m venusaur
[14/09/2011 17:49:04] /m venusaur
[14/09/2011 17:49:20] /m venusaur
[14/09/2011 17:49:27] /m venusaur
[14/09/2011 17:49:27] /m venusaur
[14/09/2011 17:49:27] /m venusaur
[14/09/2011 17:49:28] /m venusaur
[14/09/2011 17:49:28] /m venusaur
[14/09/2011 17:49:28] /m venusaur
[14/09/2011 17:49:29] /m venusaur
[14/09/2011 17:49:29] /m venusaur
[14/09/2011 17:49:29] /m venusaur
[14/09/2011 17:49:30] /m venusaur
[14/09/2011 17:49:30] /m venusaur
[14/09/2011 17:49:33] /m venusaur
[14/09/2011 17:49:34] /m venusaur
[14/09/2011 17:49:34] /m venusaur
[14/09/2011 17:49:34] /m venusaur
[14/09/2011 17:49:35] /m venusaur
[14/09/2011 17:49:35] /m venusaur
[14/09/2011 17:49:35] /m venusaur
[14/09/2011 17:49:36] /m venusaur
[14/09/2011 17:49:36] /m venusaur
[14/09/2011 17:49:36] /m venusaur
[14/09/2011 17:49:37] /m venusaur
[14/09/2011 17:49:39] /m venusaur
[14/09/2011 17:49:40] /m venusaur
[14/09/2011 17:49:40] /m venusaur
[14/09/2011 17:49:40] /m venusaur
[14/09/2011 17:49:41] /m venusaur
[14/09/2011 17:49:41] /m venusaur
[14/09/2011 17:49:41] /m venusaur
[14/09/2011 17:49:50] /m snorlax
[14/09/2011 17:49:50] /m snorlax
[14/09/2011 17:49:50] /m snorlax
[14/09/2011 17:49:51] /m snorlax
[14/09/2011 17:49:51] /m snorlax
[14/09/2011 17:50:01] /n nurse
[14/09/2011 17:50:04] /r
[14/09/2011 17:50:16] /m snorlax
[14/09/2011 17:50:19] /m snorlax
[14/09/2011 17:50:21] /m snorlax
[14/09/2011 17:50:23] /m snorlax
[14/09/2011 17:50:23] /m snorlax
[14/09/2011 17:50:26] /m snorlax
[14/09/2011 17:50:28] /m snorlax
[14/09/2011 17:50:30] /m snorlax
[14/09/2011 17:50:31] /m snorlax
[14/09/2011 17:50:33] /m snorlax
[14/09/2011 17:50:49] /m venusaur
[14/09/2011 17:51:08] /m venusaur
[14/09/2011 17:51:51] /m venusaur
[14/09/2011 17:52:49] /m venusaur
[14/09/2011 17:54:04] /m venusaur
[14/09/2011 17:54:18] /m venusaur
[14/09/2011 17:54:31] /m venusaur
[14/09/2011 17:54:52] /m venusaur
[14/09/2011 17:55:02] /m venusaur
[14/09/2011 17:55:10] /m venusaur
[14/09/2011 17:55:23] /m venusaur
[14/09/2011 17:55:31] /m venusaur
[14/09/2011 17:55:37] /m venusaur
[14/09/2011 17:55:41] /m venusaur
[14/09/2011 17:55:47] /m venusaur
[14/09/2011 17:55:53] /m venusaur
[14/09/2011 17:55:55] /m venusaur
[14/09/2011 17:55:56] /m venusaur
[14/09/2011 17:55:57] /m venusaur
[14/09/2011 17:55:57] /m venusaur
[14/09/2011 17:55:57] /m venusaur
[14/09/2011 17:55:58] /m venusaur
[14/09/2011 17:55:58] /m venusaur
[14/09/2011 17:55:58] /m venusaur
[14/09/2011 17:55:59] /m venusaur
[14/09/2011 17:55:59] /m venusaur
[14/09/2011 17:56:00] /m venusaur
[14/09/2011 17:56:00] /m venusaur
[15/09/2011 23:39:33] /m venusaur
[16/09/2011 13:51:41] /i 11593
[16/09/2011 13:52:21] /i 11593
[16/09/2011 13:52:33] /i 11593
[16/09/2011 13:52:36] /i 11593
[16/09/2011 13:52:41] /i 11593
[16/09/2011 13:52:47] /i 11593
[16/09/2011 13:52:55] /i 11592
[16/09/2011 13:53:56] /i 11593
[16/09/2011 13:54:04] /i 11593
[16/09/2011 13:54:39] /i 11593
[16/09/2011 13:55:29] /a 3
[16/09/2011 13:55:30] /a 3
[16/09/2011 13:55:31] /a 3
[16/09/2011 13:55:33] /a 3
[16/09/2011 13:55:34] /a 3
[16/09/2011 13:55:35] /a 3
[16/09/2011 13:55:36] /a 3
[16/09/2011 13:55:37] /t
[17/09/2011 14:28:04] /m pidgeot
[17/09/2011 14:28:16] /n nurse
[17/09/2011 14:28:21] /r
[17/09/2011 14:28:26] /m pidgeot
[17/09/2011 14:28:33] /m pidgeot
[17/09/2011 14:52:28] /m venusaur
[17/09/2011 14:52:48] /m venusaur
[17/09/2011 14:54:01] /m venusaur
[17/09/2011 14:54:37] /m venusaur
[17/09/2011 14:55:34] /m venusaur
[17/09/2011 14:55:56] /m venusaur
[17/09/2011 14:56:16] /m venusaur
[17/09/2011 14:56:33] /m venusaur
[17/09/2011 15:19:56] /n nurse
[17/09/2011 15:19:57] /r
[17/09/2011 15:20:00] /a 4
[17/09/2011 15:20:20] /m venusaur
[17/09/2011 15:21:31] /a 4
[17/09/2011 15:21:36] /m venusaur
[17/09/2011 15:22:04] /m venusaur
[17/09/2011 15:22:15] /m venusaur
[17/09/2011 15:22:48] /m venusaur
[17/09/2011 15:31:18] /m venusaur
[17/09/2011 15:55:22] /m venusaur
[17/09/2011 15:56:02] /m venusaur
[17/09/2011 15:56:41] /m venusaur
[17/09/2011 15:57:16] /m venusaur
[17/09/2011 16:02:46] /m venusaur
[17/09/2011 16:07:43] /m venusaur
[17/09/2011 16:08:31] /m venusaur
[17/09/2011 16:10:18] /m venusaur
[17/09/2011 16:57:26] /m venusaur
[17/09/2011 17:23:06] /m venusaur
[18/09/2011 22:12:17] /storage glade, 54840
[18/09/2011 22:13:08] /storage glade, 9898
[18/09/2011 22:13:11] /storage glade, 9898, 1
[18/09/2011 22:13:49] /storage glade, 9898
[18/09/2011 22:13:57] /storage glade, 9898, -1
[18/09/2011 22:14:46] /storage glade, 54840
[18/09/2011 22:16:39] /storage glade, 54840
[18/09/2011 22:20:11] /storage glade, 9898
[18/09/2011 22:27:48] /storage glade, 54840
[18/09/2011 22:27:51] /storage glade, 54840, -1
[18/09/2011 22:27:52] /storage glade, 54840
[18/09/2011 22:28:04] /storage glade, 54840
[18/09/2011 22:34:06] /m lapras
[18/09/2011 22:34:09] /m vileplume
[18/09/2011 22:34:11] /m tangela
[18/09/2011 22:34:13] /m exeggcute
[18/09/2011 22:34:16] /m exeggutor
[18/09/2011 22:34:20] /m oddish
[18/09/2011 22:34:22] /m gloom
[18/09/2011 22:34:24] /m weepinbell
[18/09/2011 22:34:26] /m pidgey
[18/09/2011 22:34:28] /m bellsprout
[18/09/2011 22:37:35] /m lapras
[18/09/2011 22:38:27] /m venusaur
[18/09/2011 22:42:25] /m gyarados
[18/09/2011 22:44:28] /m gyarados
[18/09/2011 22:45:47] /m gyarados
[18/09/2011 23:11:39] /m charizard
[18/09/2011 23:11:49] /m charizard
[18/09/2011 23:12:00] /m charizard
[18/09/2011 23:13:36] /m charizard
[18/09/2011 23:15:14] /m gyarados
[18/09/2011 23:15:36] /m venusaur
[25/09/2011 02:08:38] /m alakazam
[25/09/2011 02:10:28] /m abra
[25/09/2011 02:14:58] /m alakazam
[25/09/2011 02:16:36] /m caterpie
[25/09/2011 02:17:02] /m alakazam
[25/09/2011 02:17:28] /m alakazam
[25/09/2011 02:19:42] /m alakazam
[25/09/2011 02:23:29] /m alakazam
[25/09/2011 02:24:40] /m caterpie
[25/09/2011 02:24:42] /s alakazam
[25/09/2011 02:24:51] /r
[25/09/2011 02:24:56] /r
[25/09/2011 02:25:18] /s alakazam
[25/09/2011 02:25:20] /m caterpie
[25/09/2011 02:25:37] /r
[25/09/2011 02:25:40] /r
[25/09/2011 02:25:44] /r
[25/09/2011 02:26:10] /m caterpie
[25/09/2011 02:26:22] /r
[25/09/2011 02:26:44] /m caterpie
[25/09/2011 02:27:24] /r
[25/09/2011 02:33:33] /goto frenzi
[25/09/2011 02:33:35] /i 1285
[25/09/2011 02:33:36] /i 1285
[25/09/2011 02:33:36] /i 1285
[25/09/2011 02:33:38] /a 2
[25/09/2011 02:33:38] /i 1285
[25/09/2011 02:33:40] /a 2
[25/09/2011 02:33:42] /a 2
[25/09/2011 02:33:43] /i 1285
[25/09/2011 02:33:44] /i 1285
[25/09/2011 02:33:44] /i 1285
[25/09/2011 02:33:45] /i 1285
[25/09/2011 02:33:47] /i 1285
[25/09/2011 02:33:48] /i 1285
[25/09/2011 02:33:50] /i 1285
[25/09/2011 02:33:51] /i 1285
[25/09/2011 02:33:53] /i 1285
[25/09/2011 02:33:54] /i 1285
[25/09/2011 02:33:55] /i 1285
[25/09/2011 02:33:58] /i 1285
[25/09/2011 02:33:59] /i 1285
[25/09/2011 03:02:36] /n nurse
[25/09/2011 03:02:38] /r
[25/09/2011 03:19:04] /m alakazam
[25/09/2011 03:24:26] /n nurse
[25/09/2011 03:24:28] /r
[25/09/2011 03:33:05] /n nurse
[25/09/2011 03:33:07] /r
[25/09/2011 15:36:34] /n nurse
[25/09/2011 15:36:36] /r
[27/09/2011 23:24:53] /a 44
[27/09/2011 23:24:55] /a 12
[28/09/2011 17:28:49] /a 12
[28/09/2011 17:28:50] /a 12
[28/09/2011 17:28:50] /a 12
[28/09/2011 17:28:51] /a 12
[28/09/2011 17:35:28] /a 12
[28/09/2011 17:35:30] /a 12
[28/09/2011 17:35:31] /a 12
[28/09/2011 17:35:32] /a 12
[28/09/2011 17:35:34] /a 12
[28/09/2011 17:35:35] /a 12
[28/09/2011 17:35:38] /i 1285
[28/09/2011 17:35:39] /i 1285
[28/09/2011 17:35:40] /i 1285
[28/09/2011 17:35:41] /i 1285
[28/09/2011 17:35:41] /i 1285
[28/09/2011 17:35:42] /i 1285
[28/09/2011 17:35:43] /i 1285
[28/09/2011 17:35:44] /i 1285
[28/09/2011 17:35:45] /i 1285
[28/09/2011 17:35:47] /i 1285
[28/09/2011 17:35:49] /i 1285
[28/09/2011 17:35:51] /i 1285
[28/09/2011 17:35:53] /i 1285
[06/10/2011 13:27:40] /a 
[06/10/2011 13:27:43] /a 4
[06/10/2011 13:27:45] /a 2
[06/10/2011 13:27:46] /t
[06/10/2011 13:32:01] /a 7
[06/10/2011 13:36:27] /a 12
[06/10/2011 22:23:44] /i 1947
[06/10/2011 22:24:53] /i 1947
[06/10/2011 22:42:26] /i 1947
[06/10/2011 22:45:40] /i 1947
[06/10/2011 22:45:52] /i 1947
[06/10/2011 22:47:13] /i 1947
[06/10/2011 23:36:23] /i recording camera
[07/10/2011 14:01:16] /i small television
[07/10/2011 14:01:24] /i 11416
[07/10/2011 14:01:26] /i 11417
[07/10/2011 14:01:28] /i 11418
[07/10/2011 18:13:20] /i 2386
[07/10/2011 18:13:39] /i pokedex
[07/10/2011 18:13:46] /i portrait
[07/10/2011 18:13:49] /i order
[07/10/2011 18:13:54] /i order buttom
[07/10/2011 18:13:59] /i pokeinfo
[07/10/2011 18:14:07] /i catch info. tool
[07/10/2011 18:14:13] /i coincase
[07/10/2011 18:14:16] /i coin case
[07/10/2011 19:59:31] /i small black television
[07/10/2011 19:59:34] /i black small television
[07/10/2011 19:59:39] /i black television
[07/10/2011 20:06:13] /i recording camera
[07/10/2011 20:25:04] /a 2
[07/10/2011 20:25:05] /a 2
[07/10/2011 20:45:19] /goto mastercraft
[08/10/2011 16:37:13] /storage glade, 1200
[08/10/2011 16:37:18] /storage glade, 1200, 1
[08/10/2011 16:37:22] /storage glade, 1200, -1
[08/10/2011 21:32:13] /m charizard, 1
[08/10/2011 21:39:59] /storage glade, 100
[08/10/2011 21:40:04] /storage glade, 100, 1
[08/10/2011 21:40:08] /storage glade, 100, -1
[09/10/2011 14:57:24] /t
[09/10/2011 15:12:49] /r
[09/10/2011 15:51:33] /m graveler, 40
[09/10/2011 15:51:41] /r
[09/10/2011 15:59:18] /r
[09/10/2011 15:59:47] /r
[09/10/2011 16:00:15] /r
[09/10/2011 16:06:28] /storage glade, 100
[09/10/2011 16:06:56] /storage glade, 100, 1
[09/10/2011 16:07:01] /storage glade, 100, -1
[09/10/2011 16:09:16] /storage glade, 1
[09/10/2011 16:09:20] /storage glade, 1, 1
[09/10/2011 16:09:29] /storage glade, 1, -1
[09/10/2011 16:11:42] /storage 1
[09/10/2011 16:11:45] /storage glade, 1
[09/10/2011 16:11:50] /storage glade, 1, 1
[09/10/2011 16:11:54] /storage glade, 1, 12
[09/10/2011 16:11:56] /storage glade, 1, 12
[09/10/2011 16:11:57] /storage glade, 1,
[09/10/2011 16:12:01] /storage glade, 1
[09/10/2011 16:12:04] /storage glade, 1, 12
[09/10/2011 16:12:07] /storage glade, 1
[09/10/2011 16:14:07] /storage
[09/10/2011 18:10:24] /m bulbasaur
[09/10/2011 18:11:46] /m bulbasaur
[09/10/2011 18:12:24] /m bulbasaur
[09/10/2011 18:12:24] /m bulbasaur
[09/10/2011 18:12:24] /m bulbasaur
[09/10/2011 18:12:25] /m bulbasaur
[09/10/2011 18:12:41] /i great ball
[09/10/2011 18:13:13] /m arcanine
[09/10/2011 18:15:54] /i 2391
[09/10/2011 18:19:18] /m abra, 43
[09/10/2011 18:23:33] /m alakazam, 100
[09/10/2011 18:28:01] /m alakazam, 100
[09/10/2011 18:28:14] /n nurse
[09/10/2011 18:28:54] /m alakazam, 100
[09/10/2011 18:36:40] /n nurse
[09/10/2011 18:36:48] /m alakazam, 100
[09/10/2011 18:37:29] /m alakazam, 53
[09/10/2011 18:40:07] /i 11826
[09/10/2011 18:40:19] /i 11827
[09/10/2011 18:41:41] /n nurse
[09/10/2011 18:41:50] /m alakazam, 40
[09/10/2011 18:42:38] /m alakazam
[09/10/2011 18:43:55] /n nurse
[09/10/2011 18:43:57] /r
[09/10/2011 18:44:00] /m onix
[09/10/2011 18:44:34] /m onix
[09/10/2011 18:44:44] /m onix
[09/10/2011 18:48:18] /m alakazam, 100
[09/10/2011 18:52:29] /m alakazam, 100
[09/10/2011 18:55:01] /m alakazam, 100
[09/10/2011 18:57:54] /m alakazam
[09/10/2011 18:58:19] /m alakazam, 100
[09/10/2011 18:59:32] /m kadabra, 45
[09/10/2011 18:59:46] /m kadabra, 42
[09/10/2011 19:00:25] /m kadabra
[09/10/2011 19:00:36] /m abra, 21
[09/10/2011 19:01:02] /m kadabra, 25
[09/10/2011 19:01:25] /m bulbasaur, 22
[09/10/2011 19:01:42] /m charmeleon, 42
[09/10/2011 19:02:33] /m charizard, 60
[09/10/2011 19:03:49] /m abra, 17
[09/10/2011 19:03:59] /m alakazam, 40
[09/10/2011 19:06:41] /m machoke
[09/10/2011 19:06:54] /m machoke, 35
[09/10/2011 19:07:59] /m caterpie, 3
[09/10/2011 19:08:54] /m caterpie, 100
[09/10/2011 19:09:48] /r
[09/10/2011 19:17:31] /s gengar
[09/10/2011 19:18:53] /r
[09/10/2011 19:19:02] /m haunter, 33
[09/10/2011 19:19:13] /m haunter
[09/10/2011 19:22:31] /m haunter, 33
[09/10/2011 19:23:37] /m kadabra, 30
[09/10/2011 19:24:13] /m haunter, 30
[09/10/2011 19:30:56] /m haunter, 30
[09/10/2011 19:31:19] /m gastly
[09/10/2011 19:35:04] /m haunter
[09/10/2011 19:35:35] /m pidgeotto, 38
[09/10/2011 19:35:47] /m pidgeot, 42
[09/10/2011 19:36:24] /m pidgeot, 34
[09/10/2011 19:36:54] /m pidgeot, 40
[09/10/2011 19:37:33] /m pidgeotto, 33
[09/10/2011 19:37:42] /m pidgeot, 34
[09/10/2011 19:38:21] /m snorlax, 45
[09/10/2011 19:38:41] /m snorlax, 45
[09/10/2011 19:39:02] /m snorlax, 50
[09/10/2011 19:41:22] /m venusaur, 60
[09/10/2011 19:42:07] /m venusaur
[09/10/2011 19:42:20] /m snorlax, 60
[09/10/2011 19:44:20] /m snorlax
[09/10/2011 19:49:14] /m snorlax
[12/10/2011 23:45:44] /storage glade, 100
[12/10/2011 23:45:48] /storage glade, 100, 1
[12/10/2011 23:45:52] /storage glade, 100, 0
[12/10/2011 23:45:56] /storage glade, 100, -1
[12/10/2011 23:50:18] /storage glade
[12/10/2011 23:50:20] /storage glade, 100
[12/10/2011 23:50:25] /storage glade, 100, 10
[13/10/2011 21:14:40] /t
[13/10/2011 21:21:44] /storage glade, 100
[13/10/2011 21:21:50] /storage glade, 100, 1
[13/10/2011 21:56:49] /storage glade, 100
[13/10/2011 21:56:53] /storage glade, 100, 1
[13/10/2011 22:28:02] /i basket
[14/10/2011 00:07:21] /storage glade, 100
[14/10/2011 00:07:23] /storage glade, 100, -1
[15/10/2011 00:48:53] /i basket
[15/10/2011 00:48:54] /i basket
[15/10/2011 00:48:54] /i basket
[15/10/2011 00:54:52] /storage glade, 100
[15/10/2011 00:54:53] /storage glade, 100, 1
[15/10/2011 00:55:02] /storage glade, 100, -1
[15/10/2011 02:17:10] /storage glade, 100
[15/10/2011 02:17:41] /storage glade, 100
[15/10/2011 13:06:54] /t
[15/10/2011 13:08:38] /i 2146
[15/10/2011 14:10:14] /i gold coin
[15/10/2011 14:10:21] /i crystal coin
[15/10/2011 14:10:32] /i platinum coin
[15/10/2011 14:12:01] /m nidorino, 23
[15/10/2011 16:58:08] /m haunter, 32
[15/10/2011 18:13:48] /i 11737
[15/10/2011 18:19:49] /i 11462
[15/10/2011 18:19:51] /r
[15/10/2011 18:23:18] /i 11462
[15/10/2011 18:24:06] /i 11462
[15/10/2011 18:26:21] /i 11462
[15/10/2011 18:32:14] /i 11462
[15/10/2011 18:54:53] /i 11462
[15/10/2011 18:56:27] /r
