[20/09/2025 00:12:04] /c gus
[20/09/2025 00:14:33] /i fire store
[20/09/2025 00:14:41] /i fire stone
[20/09/2025 00:14:57] /i fire stone
[20/09/2025 00:17:57] /i ultra ball
[20/09/2025 00:28:12] /c gus
[20/09/2025 14:22:01] /i camera
[20/09/2025 14:22:23] /i 12330
[20/09/2025 15:00:52] /t
[20/09/2025 15:00:54] /c gus
[23/09/2025 00:18:07] /t
[23/09/2025 09:49:27] /c gus
[23/09/2025 09:49:53] /t gus
[23/09/2025 17:54:18] /c gus
[23/09/2025 19:23:40] /c Guga
[23/09/2025 20:09:43] /c gus
[23/09/2025 21:27:54] /c Gus
[24/09/2025 18:56:10] /i 12330
[25/09/2025 18:40:54] /i fire stone
[25/09/2025 18:41:18] /i recording camera
[25/09/2025 19:03:25] /i ultra ball
[25/09/2025 19:05:05] /i life orb
[25/09/2025 19:05:10] /i move increaser
[29/09/2025 17:50:04] /t
[30/09/2025 12:03:37] /r
[02/10/2025 11:24:57] /r
[02/10/2025 11:25:10] /r
[02/10/2025 11:25:15] /m charizard
[02/10/2025 11:25:38] /r
[02/10/2025 11:25:39] /r
[02/10/2025 11:25:45] /m moltres
[02/10/2025 11:26:00] /r
[02/10/2025 11:26:03] /r
[02/10/2025 11:26:42] /goto ditto
[02/10/2025 11:26:46] /goto charmander
[02/10/2025 11:26:48] /t
[02/10/2025 11:37:24] /r
[02/10/2025 11:48:08] /r
[02/10/2025 11:49:49] /r
[02/10/2025 12:05:27] /i move increaser
[02/10/2025 12:05:47] /r
[02/10/2025 14:25:00] /t
[02/10/2025 14:25:08] /i ten thousand dollar note
[02/10/2025 14:25:39] /r
[02/10/2025 14:27:18] /r
[02/10/2025 17:07:37] /c gus
[02/10/2025 17:09:38] /t
[02/10/2025 17:09:39] /c gus
[02/10/2025 18:05:06] /c gus
[02/10/2025 18:06:34] /t gus
[02/10/2025 18:14:05] /t gus
[02/10/2025 21:31:04] /n DailyCatcher
[02/10/2025 21:32:09] /m magikarp
[02/10/2025 21:32:37] /m magikarp
[02/10/2025 21:40:07] /n dailycatcher
[02/10/2025 21:44:38] /n dailycatcher
[02/10/2025 21:47:51] /r
[02/10/2025 21:47:53] /goto snealser
[02/10/2025 21:47:55] /goto snealsel
[02/10/2025 21:48:00] /goto sneasel
[02/10/2025 21:48:05] /goto nidoran M
[02/10/2025 21:48:08] /goto nidoran
[02/10/2025 21:48:12] /m nidoran
[02/10/2025 21:48:25] /m nidoran male
[02/10/2025 21:48:29] /goto nidoran male
[02/10/2025 21:48:47] /t
[02/10/2025 21:48:55] /goto murkrow
[02/10/2025 21:50:31] /goto lapras
[02/10/2025 21:50:32] /t
[02/10/2025 21:50:39] /goto eevee
[02/10/2025 21:50:41] /t
[02/10/2025 21:50:49] /goto shellder
[02/10/2025 21:50:51] /t
[02/10/2025 22:03:11] /n dailykiller
[02/10/2025 22:03:55] /m clefairy
[02/10/2025 22:04:03] /m clefairy
[02/10/2025 22:04:04] /m clefairy
[02/10/2025 22:04:04] /m clefairy
[02/10/2025 22:04:04] /m clefairy
[02/10/2025 22:04:05] /m clefairy
[02/10/2025 22:04:05] /m clefairy
[02/10/2025 22:04:06] /m clefairy
[02/10/2025 22:04:07] /m clefairy
[02/10/2025 22:04:23] /t
[02/10/2025 22:04:41] /m clefairy
[02/10/2025 22:04:45] /m clefairy
[02/10/2025 22:04:46] /m clefairy
[02/10/2025 22:04:47] /m clefairy
[02/10/2025 22:04:47] /m clefairy
[02/10/2025 22:04:48] /m clefairy
[02/10/2025 22:04:49] /m clefairy
[02/10/2025 22:04:49] /m clefairy
[02/10/2025 22:04:50] /m clefairy
[02/10/2025 22:04:58] /m clefairy
[02/10/2025 22:04:58] /m clefairy
[02/10/2025 22:05:14] /m clefairy
[02/10/2025 22:05:15] /m clefairy
[02/10/2025 22:05:17] /m clefairy
[02/10/2025 22:05:18] /m clefairy
[02/10/2025 22:05:18] /m clefairy
[02/10/2025 22:05:19] /m clefairy
[02/10/2025 22:05:20] /m clefairy
[02/10/2025 22:05:20] /m clefairy
[02/10/2025 22:05:22] /m clefairy
[02/10/2025 22:05:23] /m clefairy
[02/10/2025 22:05:27] /m clefairy
[02/10/2025 22:05:28] /m clefairy
[02/10/2025 22:05:38] /t
[02/10/2025 22:06:28] /m clefairy
[02/10/2025 23:00:53] /i ten thousand dollar note
[02/10/2025 23:21:10] /t
[02/10/2025 23:21:16] /i ten thousand dollar note
[02/10/2025 23:22:12] /i million dollar note
[02/10/2025 23:26:45] /i million dollar note
[03/10/2025 00:15:10] /i million dollar note
[03/10/2025 00:42:16] /i million dollar note
[03/10/2025 00:46:44] /i million dollar note
[03/10/2025 00:51:12] /i million dollar note
[03/10/2025 10:27:10] /i water stone
[03/10/2025 10:27:13] /i leaf stone
[03/10/2025 10:27:15] /i venom stone
[03/10/2025 10:27:27] /i fire stone
[03/10/2025 10:27:47] /i enigma stone
[03/10/2025 10:27:53] /i dusk stone
[03/10/2025 10:27:57] /i darkness stone
[03/10/2025 10:28:00] /i venom stone
[03/10/2025 10:28:13] /i earth stone
[03/10/2025 10:28:16] /i rock stone
[03/10/2025 10:28:20] /i blank tm
[03/10/2025 10:28:28] /i rocky helmet
[03/10/2025 10:28:42] /i leftovers
[03/10/2025 10:28:45] /i life orb
[03/10/2025 10:28:50] /i move increaser
[03/10/2025 10:28:53] /i bottle cap
[03/10/2025 10:29:05] /i move increaser
[03/10/2025 10:30:05] /i move increaser
[03/10/2025 10:34:46] /i ultra ball
[03/10/2025 10:34:46] /i ultra ball
[03/10/2025 10:36:32] /clean
[03/10/2025 10:38:28] /i move increaser
[03/10/2025 10:39:09] /clean
[03/10/2025 10:39:25] /clean
[03/10/2025 10:47:02] /i move increaser
[03/10/2025 10:47:02] /i move increaser
[03/10/2025 10:48:27] /t
[03/10/2025 10:48:41] /i rocky helmety
[03/10/2025 10:48:42] /i rocky helmet
[03/10/2025 10:48:43] /i rocky helmet
[03/10/2025 10:48:43] /i rocky helmet
[03/10/2025 10:48:44] /i rocky helmet
[03/10/2025 10:48:44] /i rocky helmet
[03/10/2025 10:48:45] /i rocky helmet
[03/10/2025 10:48:45] /i rocky helmet
[03/10/2025 10:48:46] /i rocky helmet
[03/10/2025 10:48:46] /i rocky helmet
[03/10/2025 10:48:47] /i rocky helmet
[03/10/2025 10:48:47] /i rocky helmet
[03/10/2025 10:48:48] /i rocky helmet
[03/10/2025 10:48:49] /i rocky helmet
[03/10/2025 10:48:49] /i rocky helmet
[03/10/2025 10:48:50] /i rocky helmet
[03/10/2025 10:48:50] /i rocky helmet
[03/10/2025 10:48:51] /i rocky helmet
[03/10/2025 10:48:52] /i rocky helmet
[03/10/2025 10:48:53] /i rocky helmet
[03/10/2025 10:48:54] /i rocky helmet
[03/10/2025 10:48:55] /i rocky helmet
[03/10/2025 10:48:55] /i rocky helmet
[03/10/2025 10:48:56] /i rocky helmet
[03/10/2025 10:48:57] /i rocky helmet
[03/10/2025 10:48:59] /r
[03/10/2025 10:49:29] /r
[03/10/2025 10:53:35] /t
[03/10/2025 10:59:02] /i life orb
[03/10/2025 11:00:21] /i life orb
[03/10/2025 11:03:12] /i move increaser
[03/10/2025 11:07:57] /i rocky helmet
[03/10/2025 11:08:15] /i move increaser
[03/10/2025 11:11:16] /i serious mint
[03/10/2025 11:19:26] /i rocky helmet
[03/10/2025 11:19:42] /i move increaser
[03/10/2025 11:23:24] /i rocky helmet
[03/10/2025 11:25:00] /i rocky helmet
[03/10/2025 11:25:18] /i rocky helmet
[03/10/2025 11:25:25] /i rocky helmet
[03/10/2025 11:25:25] /i rocky helmet
[03/10/2025 11:25:27] /i rocky helmet
[03/10/2025 11:25:27] /i rocky helmet
[03/10/2025 11:25:28] /i rocky helmet
[03/10/2025 11:25:28] /i rocky helmet
[03/10/2025 11:25:29] /i rocky helmet
[03/10/2025 11:25:29] /i rocky helmet
[03/10/2025 11:25:30] /i rocky helmet
[03/10/2025 11:25:31] /i rocky helmet
[03/10/2025 11:25:31] /i rocky helmet
[03/10/2025 11:25:32] /i rocky helmet
[03/10/2025 11:25:32] /i rocky helmet
[03/10/2025 11:25:33] /i rocky helmet
[03/10/2025 11:25:34] /i rocky helmet
[03/10/2025 11:25:34] /i rocky helmet
[03/10/2025 11:25:35] /i rocky helmet
[03/10/2025 11:25:36] /i rocky helmet
[03/10/2025 11:25:36] /i rocky helmet
[03/10/2025 11:25:37] /i rocky helmet
[03/10/2025 11:25:37] /i rocky helmet
[03/10/2025 11:25:38] /i rocky helmet
[03/10/2025 11:25:38] /i rocky helmet
[03/10/2025 11:25:39] /i rocky helmet
[03/10/2025 11:25:40] /i rocky helmet
[03/10/2025 11:25:41] /i rocky helmet
[03/10/2025 11:25:41] /i rocky helmet
[03/10/2025 11:25:42] /i rocky helmet
[03/10/2025 11:30:56] /i blank tm
[03/10/2025 11:31:33] /clean
[03/10/2025 13:29:15] /m charizard
[03/10/2025 13:29:19] /m charizard
[03/10/2025 13:29:22] /m charizard
[03/10/2025 14:12:11] /i shiny charm
[03/10/2025 14:12:28] /m magikarp
[03/10/2025 14:12:33] /m magikarp
[03/10/2025 14:12:33] /m magikarp
[03/10/2025 14:12:34] /m magikarp
[03/10/2025 14:12:34] /m magikarp
[03/10/2025 14:12:36] /m magikarp
[03/10/2025 14:13:03] /m magikarp
[03/10/2025 14:13:27] /t
[03/10/2025 14:13:30] /m magikarp
[03/10/2025 14:13:59] /m magikarp
[03/10/2025 14:14:00] /m magikarp
[03/10/2025 14:14:00] /m magikarp
[03/10/2025 14:14:01] /m magikarp
[03/10/2025 14:14:10] /m magikarp
[03/10/2025 14:14:11] /m magikarp
[03/10/2025 14:14:11] /m magikarp
[03/10/2025 14:14:12] /m magikarp
[03/10/2025 14:14:13] /m magikarp
[03/10/2025 14:14:13] /m magikarp
[03/10/2025 14:51:46] /i gengarite
[03/10/2025 15:44:45] /i gengarite
[03/10/2025 15:44:56] /r
[03/10/2025 15:46:29] /m moltres
[03/10/2025 15:46:35] /r
[03/10/2025 15:58:27] /m moltres
[03/10/2025 15:58:34] /r
[03/10/2025 15:58:45] /m moltres
[03/10/2025 15:58:56] /r
[03/10/2025 15:59:00] /m moltres
[03/10/2025 15:59:05] /r
[03/10/2025 15:59:35] /m moltres
[03/10/2025 15:59:42] /r
[03/10/2025 15:59:58] /i gengarite
[03/10/2025 16:00:07] /r
[03/10/2025 21:12:18] /i gengarite
[03/10/2025 23:11:17] /m magikarp
[03/10/2025 23:11:17] /m magikarp
[03/10/2025 23:11:18] /m magikarp
[03/10/2025 23:11:18] /m magikarp
[04/10/2025 00:53:20] /i 675
[04/10/2025 00:53:35] /i 674
[04/10/2025 00:53:38] /i 673
[04/10/2025 00:53:39] /i 672
[04/10/2025 00:58:57] /i rocky helmet
[04/10/2025 17:00:43] /m mega gengar
[04/10/2025 17:00:47] /m shiny mega gengar
[04/10/2025 17:00:50] /r
[04/10/2025 17:00:52] /r
[04/10/2025 17:06:10] /m mega gengar
[04/10/2025 17:06:13] /m shiny mega gengar
[04/10/2025 17:06:15] /r
[04/10/2025 17:06:17] /r
[04/10/2025 17:11:46] /i ultra ball
[04/10/2025 17:17:28] /m gengar
[04/10/2025 17:17:40] /m magikarp
[04/10/2025 17:19:12] /m gengar
[04/10/2025 17:19:17] /i normal ball
[04/10/2025 17:19:41] /m gengar
[04/10/2025 17:19:54] /m gengar
[04/10/2025 17:20:56] /m shiny mega gengar
[04/10/2025 17:21:53] /t
[04/10/2025 17:22:34] /m gengar
[04/10/2025 17:24:42] /m shiny mega gengar
[04/10/2025 17:24:42] /m shiny mega gengar
[04/10/2025 17:24:43] /m shiny mega gengar
[04/10/2025 17:24:43] /m shiny mega gengar
[04/10/2025 17:24:44] /m shiny mega gengar
[04/10/2025 17:25:57] /r
[04/10/2025 17:25:58] /r
[04/10/2025 17:26:01] /r
[04/10/2025 17:26:03] /r
[04/10/2025 17:26:04] /r
[04/10/2025 17:26:11] /m shiny mega gengar
[04/10/2025 17:26:52] /m mega gengar
[04/10/2025 17:27:32] /m shiny mega gengar
[04/10/2025 17:32:58] /m shiny mega gengar
[04/10/2025 17:32:59] /m shiny mega gengar
[04/10/2025 17:33:00] /m shiny mega gengar
[04/10/2025 17:33:39] /m mega gengar
[04/10/2025 17:39:07] /i great ball
[04/10/2025 17:39:13] /i super ball
[04/10/2025 17:39:16] /i saffari ball
[04/10/2025 17:39:21] /i safari ball
[04/10/2025 17:40:06] /i 12617
[04/10/2025 17:42:31] /m gastly
[04/10/2025 17:44:26] /i normal ball
[04/10/2025 17:44:28] /m gengar
[04/10/2025 17:44:40] /m gengar
[04/10/2025 17:44:52] /m gengar
[04/10/2025 17:44:55] /r
[04/10/2025 21:39:19] /i gengarite
[04/10/2025 21:39:35] /i blastoisinite
[04/10/2025 21:39:35] /i blastoisinite
[04/10/2025 21:44:53] /m moltres
[04/10/2025 21:44:58] /t
[04/10/2025 21:45:08] /r
[04/10/2025 21:45:11] /m moltres
[04/10/2025 21:45:21] /r
[04/10/2025 21:45:30] /m moltres
[04/10/2025 21:45:35] /r
[04/10/2025 21:45:42] /m moltres
[04/10/2025 21:45:46] /r
[04/10/2025 21:48:38] /i charizardite y
[04/10/2025 21:48:40] /i charizardite x
[04/10/2025 21:48:46] /r
[04/10/2025 21:49:07] /i charizardite x
[04/10/2025 21:49:29] /r
[04/10/2025 21:49:30] /i charizardite x
[04/10/2025 21:59:36] /t
[04/10/2025 22:14:18] /i charizardite x
[04/10/2025 22:18:33] /i charizardite x
[04/10/2025 23:13:42] /m blastoise
[04/10/2025 23:13:47] /r
[04/10/2025 23:13:53] /m venusaur
[04/10/2025 23:13:57] /r
[04/10/2025 23:14:02] /m charizard
[04/10/2025 23:14:08] /r
[04/10/2025 23:14:13] /m electabuzz
[04/10/2025 23:14:23] /m snorlax
[04/10/2025 23:14:30] /r
[04/10/2025 23:14:32] /m venusaur
[04/10/2025 23:14:35] /r
[04/10/2025 23:14:50] /m charizard
[04/10/2025 23:14:57] /m venusaur
[04/10/2025 23:15:03] /m blastoise
[04/10/2025 23:15:08] /r
[04/10/2025 23:15:10] /r
[04/10/2025 23:15:11] /r
[04/10/2025 23:17:18] /i charzardite Y
[04/10/2025 23:17:22] /i charizardite y
[04/10/2025 23:17:33] /i charizardite x
[04/10/2025 23:17:49] /r
[05/10/2025 01:09:30] /i venusaurite
[05/10/2025 01:09:52] /i venusaurite
[05/10/2025 14:25:28] /i blastoisinite
[06/10/2025 13:23:28] /i bike
[06/10/2025 13:23:32] /i bike
[06/10/2025 15:40:56] /i 14130
[06/10/2025 15:51:30] /i small emerald
[06/10/2025 16:19:32] /i small emerald
[06/10/2025 16:19:32] /i small emerald
[06/10/2025 16:33:11] /i small emerald
[06/10/2025 16:42:23] /i small emerald
[06/10/2025 16:51:08] /i shiny charm
[06/10/2025 17:06:42] /i small emeralds
[06/10/2025 17:06:44] /i small emerald
[06/10/2025 20:48:09] /i 14114
[06/10/2025 20:48:14] /i 14115
[06/10/2025 20:48:20] /i 14116
[06/10/2025 21:05:18] /i small emerald
[07/10/2025 10:38:03] /reload globalevents
[07/10/2025 10:44:55] /reload takactions
[07/10/2025 10:45:02] /reload talkactions
[07/10/2025 10:45:17] /reload talkactions
[07/10/2025 20:10:45] /i pidgeotite
[07/10/2025 20:11:48] /i kangaskhanite
[07/10/2025 20:12:22] /i alakazite
[07/10/2025 20:13:33] /i gyaradosite
[07/10/2025 20:14:08] /i bedrilite
[07/10/2025 20:14:45] /i Beedrillite
[07/10/2025 20:17:25] /i pinsirite
[07/10/2025 20:18:03] /i beedrilite
[07/10/2025 20:18:09] /i Beedrillite
[07/10/2025 20:18:23] /i Beedrillite
[07/10/2025 20:18:53] /m beedrill
[07/10/2025 20:18:56] /m shiny beedrill
[07/10/2025 20:18:58] /r
[07/10/2025 20:18:59] /r
[07/10/2025 20:22:32] /i alakazite
[07/10/2025 20:23:02] /i beedrilite
[07/10/2025 20:23:05] /i beedrillite
[07/10/2025 20:23:20] /i beedrillite
[07/10/2025 20:30:51] /i beedrillite
[07/10/2025 20:34:30] /i pidgeotite
[08/10/2025 00:00:27] /m magikarp
[08/10/2025 00:14:36] /m shiny kangaskhan
[08/10/2025 00:15:03] /i kangaskhanite
[08/10/2025 00:25:29] /i kanghaskanite
[08/10/2025 00:25:33] /i kangaskhanite
[08/10/2025 00:25:56] /m snorlax
[08/10/2025 00:26:06] /t
[08/10/2025 00:26:11] /m moltres
[08/10/2025 00:26:23] /r
[08/10/2025 00:26:33] /m moltres
[08/10/2025 00:26:46] /r
[08/10/2025 00:26:50] /m moltres
[08/10/2025 00:27:04] /r
[08/10/2025 00:27:12] /m moltres
[08/10/2025 00:27:35] /m moltres
[08/10/2025 00:27:43] /r
[08/10/2025 00:27:49] /m moltres
[08/10/2025 00:27:59] /r
[08/10/2025 00:28:04] /m moltres
[08/10/2025 00:28:20] /m moltres
[08/10/2025 14:49:56] /t
[08/10/2025 14:52:26] /t
[08/10/2025 14:55:59] /t
[08/10/2025 15:33:08] /t
[08/10/2025 15:36:41] /t
[08/10/2025 15:38:47] /t
[08/10/2025 16:38:41] /t
[08/10/2025 16:40:32] /t
[08/10/2025 16:40:41] /t
[08/10/2025 16:47:30] /r
[08/10/2025 16:47:42] /m charizard
[08/10/2025 16:47:45] /r
[08/10/2025 16:48:22] /c gus
[08/10/2025 16:48:24] /c guga
[08/10/2025 16:48:52] /t guga
[08/10/2025 16:48:53] /t
[08/10/2025 16:50:01] /r
[08/10/2025 16:50:06] /t
[08/10/2025 17:39:45] /i 12227
[08/10/2025 17:39:53] /r
[08/10/2025 17:40:01] /i 11641
[08/10/2025 17:40:23] /i 12331
[08/10/2025 17:40:28] /r
[08/10/2025 17:41:37] /i 11641
[08/10/2025 17:41:40] /i 12331
[08/10/2025 17:41:45] /i 12227
[08/10/2025 17:42:04] /r
[08/10/2025 17:42:06] /r
[08/10/2025 17:48:15] /t
[08/10/2025 17:55:37] /i small emerald
[08/10/2025 21:35:42] /i ultra ball
[08/10/2025 21:35:48] /m shiny gyarados
[08/10/2025 21:36:12] /m shiny gyarados
[08/10/2025 21:37:15] /m magikarp
[08/10/2025 21:37:33] /r
[08/10/2025 21:37:34] /r
[08/10/2025 21:38:04] /m magikarp
[08/10/2025 21:38:30] /m magikarp
[08/10/2025 21:38:48] /m magiklarp
[08/10/2025 21:38:51] /m magikarp
[08/10/2025 22:02:09] /t
[08/10/2025 22:02:52] /i shining water stone
[08/10/2025 22:03:07] /i water stone
[08/10/2025 22:04:56] /i 11453
[08/10/2025 23:29:25] /i shining heart stone
[08/10/2025 23:29:58] /i shining water stone
[08/10/2025 23:30:25] /i heart stone
[08/10/2025 23:37:07] /m raticate
[08/10/2025 23:37:14] /m raticate
[08/10/2025 23:37:15] /m raticate
[08/10/2025 23:37:16] /m raticate
[08/10/2025 23:37:16] /m raticate
[08/10/2025 23:50:44] /i shiny dust
[08/10/2025 23:50:47] /i fire stone
[08/10/2025 23:52:36] /i water stone
[08/10/2025 23:55:47] /i small emerald
[10/10/2025 15:08:19] /i 12734
[10/10/2025 15:08:42] /i tm for bubles
[10/10/2025 15:08:45] /i tm for bubbles
[10/10/2025 15:10:19] /i tm for water gun
[10/10/2025 15:10:36] /i tm for fire blast
[10/10/2025 15:33:47] /t
[10/10/2025 15:34:02] /i tm for bubbles
[10/10/2025 15:34:45] /i tm for headbut
[10/10/2025 15:34:48] /i tm for headbutt
[10/10/2025 15:38:01] /i tm for bubbles
[10/10/2025 15:38:09] /i tm for water gun
[10/10/2025 15:53:26] /r
[10/10/2025 15:53:42] /i tm for water gun
[10/10/2025 15:53:45] /i tm for bubbles
[10/10/2025 15:54:38] /r
[10/10/2025 15:54:40] /r
[10/10/2025 15:55:33] /t
[10/10/2025 15:55:49] /i tm for bubbles
[10/10/2025 15:56:19] /r
[10/10/2025 16:00:09] /i tm for fireblast
[10/10/2025 16:00:13] /i tm for fire blast
[10/10/2025 16:00:20] /i tm for bubbles
[10/10/2025 20:30:50] /i tm for water gun
[10/10/2025 22:09:49] /i ultra ball
[11/10/2025 00:29:37] /r
[11/10/2025 00:29:38] /r
[11/10/2025 00:29:40] /r
[11/10/2025 00:29:41] /r
[11/10/2025 00:33:13] /i normal ball
[11/10/2025 00:34:00] /r
[11/10/2025 00:34:01] /r
[11/10/2025 00:34:02] /r
[11/10/2025 00:34:31] /i move increaser
[11/10/2025 00:34:41] /i normal ball
[11/10/2025 00:43:01] /i move increaser
[11/10/2025 00:43:50] /i tm for aerial ace
[11/10/2025 00:44:01] /r
[11/10/2025 00:44:23] /r
[11/10/2025 00:45:54] /i tm for fear
[11/10/2025 00:47:20] /r
[11/10/2025 00:47:22] /r
[11/10/2025 00:53:38] /i tm for megahorn
[11/10/2025 00:53:41] /i move increaser
[13/10/2025 09:35:23] /m shiny charizard
[13/10/2025 09:35:34] /m shiny charizard
[13/10/2025 09:35:34] /m shiny charizard
[13/10/2025 09:35:35] /m shiny charizard
[13/10/2025 09:35:35] /m shiny charizard
[13/10/2025 09:36:02] /m shiny magikarp
[13/10/2025 09:37:34] /m shiny charizard
[13/10/2025 09:37:34] /m shiny charizard
[13/10/2025 09:37:35] /m shiny charizard
[13/10/2025 09:37:35] /m shiny charizard
[13/10/2025 09:37:36] /m shiny charizard
[13/10/2025 09:37:36] /m shiny charizard
[13/10/2025 09:45:41] /m shiny charizard
[13/10/2025 09:45:42] /m shiny charizard
[13/10/2025 09:45:42] /m shiny charizard
[13/10/2025 09:45:43] /m shiny charizard
[13/10/2025 09:45:43] /m shiny charizard
[13/10/2025 09:46:14] /i revive
[13/10/2025 09:48:08] /m shiny charizard
[13/10/2025 09:48:09] /m shiny charizard
[13/10/2025 09:48:10] /m shiny charizard
[13/10/2025 09:48:10] /m shiny charizard
[13/10/2025 09:49:57] /m shiny charizard
[13/10/2025 09:50:00] /i max potion
[13/10/2025 09:50:03] /i potino
[13/10/2025 09:50:07] /i potion
[13/10/2025 09:50:30] /i "12348
[13/10/2025 09:50:36] /i 12348
[13/10/2025 10:10:25] /m shiny charizard
[13/10/2025 10:10:26] /m shiny charizard
[13/10/2025 10:10:26] /m shiny charizard
[13/10/2025 10:10:28] /m shiny charizard
[13/10/2025 10:10:28] /m shiny charizard
[13/10/2025 10:18:38] /m shiny charizard
[13/10/2025 10:23:40] /m shiny charizard
[13/10/2025 10:23:41] /m shiny charizard
[13/10/2025 10:23:41] /m shiny charizard
[13/10/2025 10:24:56] /r
[13/10/2025 10:24:57] /r
[13/10/2025 10:24:59] /r
[13/10/2025 10:32:32] /i life orb
[13/10/2025 18:13:29] /i ten thousand dollar note
[13/10/2025 18:51:18] /i bike
[13/10/2025 18:53:08] /i small potion
[13/10/2025 18:53:11] /i hyper potion
[13/10/2025 18:53:17] /m gyarados
[13/10/2025 18:53:25] /r
[13/10/2025 19:03:55] /i yellow robot
[13/10/2025 19:17:20] /i yellow robot
[13/10/2025 19:32:54] /i small emerald
[13/10/2025 19:39:19] /i small emerald
[13/10/2025 19:53:33] /i ultra ball
[13/10/2025 19:53:52] /m bulbasaur
[13/10/2025 19:54:01] /m bulbasaur
[13/10/2025 19:54:02] /m bulbasaur
[13/10/2025 19:54:02] /m bulbasaur
[13/10/2025 19:54:03] /m bulbasaur
[13/10/2025 19:54:03] /m bulbasaur
[13/10/2025 19:54:04] /m bulbasaur
[13/10/2025 19:54:04] /m bulbasaur
[13/10/2025 19:54:05] /m bulbasaur
[13/10/2025 19:54:05] /m bulbasaur
[13/10/2025 19:54:06] /m bulbasaur
[13/10/2025 19:54:06] /m bulbasaur
[13/10/2025 19:54:30] /m bulbasaur
[13/10/2025 19:54:31] /m bulbasaur
[13/10/2025 19:54:31] /m bulbasaur
[13/10/2025 19:54:31] /m bulbasaur
[13/10/2025 19:54:32] /m bulbasaur
[13/10/2025 19:54:32] /m bulbasaur
[13/10/2025 19:54:33] /m bulbasaur
[13/10/2025 19:54:33] /m bulbasaur
[13/10/2025 19:54:34] /m bulbasaur
[13/10/2025 19:54:34] /m bulbasaur
[13/10/2025 19:54:35] /m bulbasaur
[13/10/2025 19:54:35] /m bulbasaur
[13/10/2025 19:54:36] /m bulbasaur
[13/10/2025 19:54:36] /m bulbasaur
[13/10/2025 19:54:50] /m bulbasaur
[13/10/2025 19:54:51] /m bulbasaur
[13/10/2025 19:54:51] /m bulbasaur
[13/10/2025 19:54:51] /m bulbasaur
[13/10/2025 19:54:52] /m bulbasaur
[13/10/2025 19:54:53] /m bulbasaur
[13/10/2025 19:54:53] /m bulbasaur
[13/10/2025 19:54:54] /m bulbasaur
[13/10/2025 19:54:54] /m bulbasaur
[13/10/2025 19:54:55] /m bulbasaur
[13/10/2025 19:54:55] /m bulbasaur
[13/10/2025 19:54:56] /m bulbasaur
[13/10/2025 19:58:14] /m bulbasaur
[13/10/2025 19:58:34] /m bulbasaur
[13/10/2025 19:58:34] /m bulbasaur
[13/10/2025 19:58:35] /m bulbasaur
[13/10/2025 19:58:35] /m bulbasaur
[13/10/2025 19:58:36] /m bulbasaur
[13/10/2025 19:58:36] /m bulbasaur
[13/10/2025 19:58:37] /m bulbasaur
[13/10/2025 19:58:37] /m bulbasaur
[13/10/2025 19:58:38] /m bulbasaur
[13/10/2025 19:59:11] /m bulbasaur
[13/10/2025 19:59:12] /m bulbasaur
[13/10/2025 19:59:12] /m bulbasaur
[13/10/2025 19:59:13] /m bulbasaur
[13/10/2025 19:59:13] /m bulbasaur
[13/10/2025 19:59:13] /m bulbasaur
[13/10/2025 19:59:14] /m bulbasaur
[13/10/2025 19:59:14] /m bulbasaur
[13/10/2025 19:59:15] /m bulbasaur
[13/10/2025 19:59:15] /m bulbasaur
[13/10/2025 19:59:16] /m bulbasaur
[13/10/2025 20:00:38] /m bellsprout
[13/10/2025 20:00:38] /m bellsprout
[13/10/2025 20:00:39] /m bellsprout
[13/10/2025 20:00:39] /m bellsprout
[13/10/2025 20:00:40] /m bellsprout
[13/10/2025 20:00:40] /m bellsprout
[13/10/2025 20:06:12] /m bulbasaur
[13/10/2025 20:06:24] /m bulbasaur
[13/10/2025 20:06:24] /m bulbasaur
[13/10/2025 20:07:21] /m bulbasaur
[13/10/2025 20:08:01] /m bulbasaur
[13/10/2025 20:08:01] /m bulbasaur
[13/10/2025 20:08:02] /m bulbasaur
[13/10/2025 20:08:02] /m bulbasaur
[13/10/2025 20:08:03] /m bulbasaur
[13/10/2025 20:08:42] /m bulbasaur
[13/10/2025 20:08:43] /m bulbasaur
[13/10/2025 20:08:43] /m bulbasaur
[13/10/2025 20:49:23] /m shiny kangaskhan
[14/10/2025 19:23:12] /i pidgeotite
[14/10/2025 19:26:15] /m gyarados
[14/10/2025 19:26:22] /r
[14/10/2025 19:26:28] /m gyarados
[14/10/2025 19:26:33] /r
[14/10/2025 19:26:47] /m gyarados
[14/10/2025 19:26:53] /r
[14/10/2025 19:33:35] /m gyarados
[14/10/2025 19:33:39] /r
[14/10/2025 19:33:47] /m gyarados
[14/10/2025 19:33:51] /r
[14/10/2025 19:33:56] /r
[14/10/2025 19:44:41] /m gyarados
[14/10/2025 19:44:52] /r
[14/10/2025 19:45:07] /m gyarados
[14/10/2025 19:45:15] /r
[14/10/2025 20:00:11] /m gyarados
[14/10/2025 20:00:27] /r
[14/10/2025 20:05:51] /m gyarados
[14/10/2025 20:06:08] /r
[14/10/2025 20:18:16] /m blastoise
[14/10/2025 20:18:37] /r
[14/10/2025 20:18:48] /m bulbasaur
[14/10/2025 20:18:49] /m bulbasaur
[14/10/2025 20:18:49] /m bulbasaur
[14/10/2025 20:18:50] /m bulbasaur
[14/10/2025 20:18:50] /m bulbasaur
[14/10/2025 20:18:50] /m bulbasaur
[14/10/2025 20:18:51] /m bulbasaur
[14/10/2025 20:18:51] /m bulbasaur
[14/10/2025 20:18:52] /m bulbasaur
[14/10/2025 20:18:52] /m bulbasaur
[14/10/2025 20:19:20] /m bulbasaur
[14/10/2025 20:19:21] /m bulbasaur
[14/10/2025 20:19:22] /m bulbasaur
[14/10/2025 20:19:22] /m bulbasaur
[14/10/2025 20:19:23] /m bulbasaur
[14/10/2025 20:19:23] /m bulbasaur
[14/10/2025 20:19:24] /m bulbasaur
[14/10/2025 20:19:24] /m bulbasaur
[14/10/2025 20:19:27] /i ultra ball
[14/10/2025 20:19:29] /i ultra ball
[14/10/2025 20:19:30] /i ultra ball
[14/10/2025 20:19:32] /m bulbasaur
[14/10/2025 20:19:32] /m bulbasaur
[14/10/2025 20:19:33] /m bulbasaur
[14/10/2025 20:20:08] /m bulbasaur
[14/10/2025 20:20:09] /m bulbasaur
[14/10/2025 20:20:10] /m bulbasaur
[14/10/2025 20:20:26] /m bulbasaur
[14/10/2025 20:20:27] /m bulbasaur
[14/10/2025 20:20:27] /m bulbasaur
[14/10/2025 20:20:28] /m bulbasaur
[14/10/2025 20:20:28] /m bulbasaur
[14/10/2025 20:20:28] /m bulbasaur
[14/10/2025 20:20:29] /m bulbasaur
[14/10/2025 20:20:29] /m bulbasaur
[14/10/2025 20:20:30] /m bulbasaur
[14/10/2025 20:20:30] /m bulbasaur
[14/10/2025 20:20:31] /m bulbasaur
[14/10/2025 20:20:31] /m bulbasaur
[14/10/2025 20:20:32] /m bulbasaur
[14/10/2025 20:20:32] /m bulbasaur
[14/10/2025 20:20:32] /m bulbasaur
[14/10/2025 20:20:33] /m bulbasaur
[14/10/2025 20:20:33] /m bulbasaur
[14/10/2025 20:20:34] /m bulbasaur
[14/10/2025 20:20:34] /m bulbasaur
[14/10/2025 20:20:35] /m bulbasaur
[14/10/2025 20:20:35] /m bulbasaur
[14/10/2025 20:20:35] /m bulbasaur
[14/10/2025 20:20:36] /m bulbasaur
[14/10/2025 20:20:36] /m bulbasaur
[14/10/2025 20:20:37] /m bulbasaur
[14/10/2025 20:20:38] /m bulbasaur
[14/10/2025 20:21:08] /m bulbasaur
[14/10/2025 20:21:09] /m bulbasaur
[14/10/2025 20:21:10] /m bulbasaur
[14/10/2025 20:21:10] /m bulbasaur
[14/10/2025 20:21:21] /m bulbasaur
[14/10/2025 20:21:22] /m bulbasaur
[14/10/2025 20:21:22] /m bulbasaur
[14/10/2025 20:21:23] /m bulbasaur
[14/10/2025 20:21:23] /m bulbasaur
[14/10/2025 20:21:24] /m bulbasaur
[14/10/2025 20:21:24] /m bulbasaur
[14/10/2025 20:21:25] /m bulbasaur
[14/10/2025 20:21:25] /m bulbasaur
[14/10/2025 20:21:26] /m bulbasaur
[14/10/2025 20:21:26] /m bulbasaur
[14/10/2025 20:21:40] /m bulbasaur
[14/10/2025 20:21:40] /m bulbasaur
[14/10/2025 20:21:41] /m bulbasaur
[14/10/2025 20:21:41] /m bulbasaur
[14/10/2025 20:21:42] /m bulbasaur
[14/10/2025 20:21:42] /m bulbasaur
[14/10/2025 20:21:42] /m bulbasaur
[14/10/2025 20:21:43] /m bulbasaur
[15/10/2025 20:36:21] /i fire stone
[15/10/2025 20:36:55] /i fire stone
[15/10/2025 20:36:55] /i fire stone
[15/10/2025 20:36:56] /i fire stone
[15/10/2025 20:37:13] /i fire stone
[15/10/2025 20:37:14] /i fire stone
[15/10/2025 20:39:37] /i heart stone
[15/10/2025 21:19:18] /t
[15/10/2025 21:19:24] /m raid venusauer
[15/10/2025 21:19:26] /m raid venusaur
[15/10/2025 21:19:40] /r
[15/10/2025 21:20:03] /r
[15/10/2025 21:27:55] /i fire stone
[15/10/2025 21:27:56] /i fire stone
[15/10/2025 21:27:56] /i fire stone
[15/10/2025 21:27:57] /i fire stone
[15/10/2025 21:27:57] /i fire stone
[15/10/2025 21:27:58] /i fire stone
[15/10/2025 21:27:58] /i fire stone
[15/10/2025 21:27:59] /i fire stone
[15/10/2025 21:27:59] /i fire stone
[15/10/2025 21:28:31] /t
[15/10/2025 21:28:33] /i life orb
[15/10/2025 21:28:38] /m raid venusaur
[15/10/2025 21:28:58] /i charizardite y
[15/10/2025 21:29:36] /r
[15/10/2025 21:29:52] /i fire stone
[15/10/2025 21:29:53] /i fire stone
[15/10/2025 21:29:53] /i fire stone
[15/10/2025 21:31:04] /i charizardite y
[15/10/2025 21:31:45] /i mild mint
[15/10/2025 21:31:50] /t
[15/10/2025 21:32:07] /i move increaser
[15/10/2025 21:32:08] /i move increaser
[15/10/2025 21:32:09] /i move increaser
[15/10/2025 21:32:09] /i move increaser
[15/10/2025 21:32:15] /i move increaser
[15/10/2025 21:32:33] /m raid vensaur
[15/10/2025 21:32:38] /m raid venusaur
[15/10/2025 21:33:19] /m raid venusaur
[15/10/2025 21:39:21] /m raid venusaur
[15/10/2025 21:39:44] /r
[15/10/2025 21:39:53] /m raid bulbasaur
[15/10/2025 21:40:05] /r
[17/10/2025 13:02:39] /t
[17/10/2025 13:02:57] /t
[17/10/2025 13:50:55] /t
[17/10/2025 13:56:32] /c gus
[17/10/2025 13:56:43] /t gus
[17/10/2025 13:56:57] /t
[17/10/2025 14:20:59] /t
[17/10/2025 14:25:06] /t
[17/10/2025 14:29:39] /t
[17/10/2025 14:39:16] /m shiny charizard
[17/10/2025 14:39:19] /r
[17/10/2025 14:45:00] /m ancient meganium
[17/10/2025 17:07:40] /i blastoisinite
[17/10/2025 17:07:44] /i move increaser
[17/10/2025 17:07:45] /i move increaser
[17/10/2025 17:07:45] /i move increaser
[17/10/2025 17:07:45] /i move increaser
[17/10/2025 17:08:39] /m charizard
[17/10/2025 17:08:50] /m charizard
[17/10/2025 17:08:51] /m charizard
[17/10/2025 17:08:51] /m charizard
[17/10/2025 17:08:52] /m charizard
[17/10/2025 17:08:52] /m charizard
[17/10/2025 17:09:33] /m charizard
[17/10/2025 17:09:33] /m charizard
[17/10/2025 17:09:34] /m charizard
[17/10/2025 17:09:34] /m charizard
[17/10/2025 17:09:35] /m charizard
[17/10/2025 17:09:36] /m charizard
[17/10/2025 17:09:36] /m charizard
[17/10/2025 17:09:37] /m charizard
[17/10/2025 17:09:37] /m charizard
[17/10/2025 17:09:38] /m charizard
[17/10/2025 17:11:12] /m charizard
[17/10/2025 17:11:13] /m charizard
[17/10/2025 17:11:13] /m charizard
[17/10/2025 17:12:49] /m charizard
[17/10/2025 17:12:49] /m charizard
[17/10/2025 17:12:52] /m charizard
[17/10/2025 17:13:07] /m charizard
[17/10/2025 17:13:08] /m charizard
[17/10/2025 17:13:08] /m charizard
[17/10/2025 17:13:09] /m charizard
[17/10/2025 17:14:16] /m charizard
[17/10/2025 17:14:17] /m charizard
[17/10/2025 17:14:17] /m charizard
[17/10/2025 17:14:17] /m charizard
[17/10/2025 17:14:18] /m charizard
[17/10/2025 17:15:51] /m enranged typhlosion
[17/10/2025 17:16:02] /m Enraged Typhlosion
[17/10/2025 17:16:06] /r
[17/10/2025 17:16:12] /m evil cloyster
[17/10/2025 17:16:14] /r
[17/10/2025 17:16:25] /m dark raichu
[17/10/2025 17:16:36] /m dark crobat
[17/10/2025 17:16:38] /r
[17/10/2025 17:54:22] /i amulet coin
[17/10/2025 17:55:41] /m charizard
[17/10/2025 17:56:35] /m charizard
[17/10/2025 17:59:53] /m charizard
[17/10/2025 18:05:43] /m charizard
[17/10/2025 18:09:50] /m charizard
[17/10/2025 18:10:26] /i amulet coin
[17/10/2025 18:10:47] /m charizard
[17/10/2025 18:10:48] /m charizard
[17/10/2025 18:10:48] /m charizard
[17/10/2025 18:10:49] /m charizard
[17/10/2025 18:10:49] /m charizard
[17/10/2025 18:10:50] /m charizard
[17/10/2025 18:10:50] /m charizard
[17/10/2025 18:10:51] /m charizard
[17/10/2025 18:10:51] /m charizard
[17/10/2025 18:10:52] /m charizard
[17/10/2025 18:11:39] /m charizard
[17/10/2025 18:11:40] /m charizard
[17/10/2025 18:11:40] /m charizard
[17/10/2025 18:11:41] /m charizard
[17/10/2025 18:11:41] /m charizard
[17/10/2025 18:11:42] /m charizard
[17/10/2025 18:11:42] /m charizard
[17/10/2025 18:34:11] /m charizard
[17/10/2025 18:34:12] /m charizard
[17/10/2025 18:34:12] /m charizard
[17/10/2025 18:34:13] /m charizard
[17/10/2025 18:34:13] /m charizard
[17/10/2025 18:34:13] /m charizard
[17/10/2025 18:34:14] /m charizard
[17/10/2025 18:39:22] /m charizard
[17/10/2025 18:39:23] /m charizard
[17/10/2025 18:39:24] /m charizard
[17/10/2025 18:39:24] /m charizard
[17/10/2025 18:39:25] /m charizard
[17/10/2025 18:40:45] /m charizard
[17/10/2025 18:40:46] /m charizard
[17/10/2025 18:40:46] /m charizard
[17/10/2025 18:40:47] /m charizard
[17/10/2025 18:40:47] /m charizard
[17/10/2025 18:45:40] /i boost stone
[17/10/2025 18:49:41] /i small emerald
[17/10/2025 18:54:06] /t
[17/10/2025 18:54:12] /m ancient meganium
[17/10/2025 18:55:15] /i charizardite y
[17/10/2025 18:55:39] /attr set, boost 50
[17/10/2025 18:56:27] /m ancient meganium
[17/10/2025 18:58:01] /m brave charizard
[17/10/2025 18:58:19] /m brave charizard
[17/10/2025 18:58:19] /m brave charizard
[17/10/2025 18:58:20] /m brave charizard
[17/10/2025 18:58:20] /m brave charizard
[17/10/2025 19:37:16] /m charizard
[17/10/2025 19:37:25] /m charizard
[17/10/2025 19:37:32] /m charizard
[17/10/2025 19:38:37] /i exp boost
[17/10/2025 19:38:52] /m charizard
[17/10/2025 19:39:03] /m charizard
[17/10/2025 19:39:05] /r
[17/10/2025 19:39:07] /m charizard
[17/10/2025 19:40:20] /m charizard
[17/10/2025 19:40:28] /m charizard
[17/10/2025 20:08:17] /m charizard
[17/10/2025 20:08:55] /m charizard
[17/10/2025 20:09:08] /i exp boost
[17/10/2025 20:09:16] /m charizard
[17/10/2025 20:13:14] /m charizard
[17/10/2025 20:15:02] /m charizard
[17/10/2025 20:18:06] /m charizard
[18/10/2025 22:48:44] /m moltres
[18/10/2025 22:48:51] /m moltres
[18/10/2025 22:48:58] /r
[18/10/2025 22:49:41] /m moltres
[18/10/2025 22:49:50] /m moltres
[18/10/2025 22:49:51] /t
[18/10/2025 22:55:03] /m moltres
[18/10/2025 22:55:38] /m moltres
[18/10/2025 23:11:09] /i tm for quick attack
[18/10/2025 23:11:13] /i move increaser
[18/10/2025 23:12:19] /m moltres
[18/10/2025 23:12:46] /m moltres
[18/10/2025 23:12:52] /r
[19/10/2025 13:29:06] /m raid charizard
[19/10/2025 14:50:07] /m ancient meganium
[19/10/2025 14:50:19] /m raid venusaur
[19/10/2025 14:56:54] /m raid venusaur
[19/10/2025 15:01:18] /m raid venusaur
[19/10/2025 22:47:04] /m charizard
[19/10/2025 22:51:07] /m vulpix[
[19/10/2025 22:51:09] /m vulpix
[20/10/2025 18:54:22] /t
[20/10/2025 20:34:48] /i fire stone
[20/10/2025 20:34:55] /i shiny dust
[20/10/2025 20:35:10] /i punch stone
[20/10/2025 20:43:16] /i venom stone
[20/10/2025 20:43:19] /i shiny dust
[31/10/2025 09:19:55] /t
[31/10/2025 09:20:18] /i ten thousand dollar note
[31/10/2025 09:21:17] /i ten thousand dollar note
[31/10/2025 09:47:27] /i thousand dollar note
[31/10/2025 09:47:33] /i thousand dollar note
[31/10/2025 09:47:39] /i ten thousand dollar note
[22/12/2025 11:33:39] /t
[22/12/2025 11:33:44] /m ponyta
[22/12/2025 11:33:56] /m ponyta
[22/12/2025 11:33:58] /m ponyta
[22/12/2025 11:33:58] /m ponyta
[22/12/2025 11:45:08] /m ponyta
[23/12/2025 11:49:13] /i 2002
[23/12/2025 14:48:04] /i chariardite y
[23/12/2025 14:48:10] /i charizardite x
[24/12/2025 11:13:22] /i 14106
[24/12/2025 11:14:41] /t
[24/12/2025 12:01:19] /i 14106
[24/12/2025 12:01:25] /i 14106
[24/12/2025 12:01:25] /i 14106
[24/12/2025 17:54:54] /n erika
[24/12/2025 17:58:51] /n erika
[24/12/2025 18:00:05] /r
[24/12/2025 18:32:06] /t
[24/12/2025 18:32:54] /i revive
[24/12/2025 18:40:40] /m raid charizard
[24/12/2025 18:40:41] /m raid charizard
[24/12/2025 18:40:41] /m raid charizard
[24/12/2025 18:40:46] /r
[24/12/2025 18:40:47] /r
[24/12/2025 18:40:48] /r
[24/12/2025 18:41:11] /m raid blastoise
[24/12/2025 18:41:12] /m raid blastoise
[24/12/2025 18:41:12] /m raid blastoise
[24/12/2025 18:41:21] /r
[24/12/2025 18:41:22] /r
[24/12/2025 18:41:23] /r
[24/12/2025 19:28:56] /t
[24/12/2025 19:29:07] /goto pewter
[24/12/2025 19:34:48] /goto surge
[24/12/2025 19:35:25] /goto koga
[24/12/2025 19:36:13] /goto blaine
[24/12/2025 19:37:00] /goto surge
[24/12/2025 19:37:39] /goto koga
[24/12/2025 19:37:46] /goto surge
[24/12/2025 19:43:05] /n surge
[24/12/2025 19:43:10] /n giovani
[24/12/2025 19:43:13] /t
[24/12/2025 19:43:39] /n surge
[24/12/2025 19:44:25] /n surge
[24/12/2025 19:47:58] /n surge
[25/12/2025 02:13:59] /i 14159
[25/12/2025 02:14:08] /m shiny blastoise
[25/12/2025 02:15:10] /m shiny blastoise
[25/12/2025 02:19:50] /m zapdos
[25/12/2025 02:20:03] /r
[25/12/2025 02:20:13] /m shiny blastoise
[25/12/2025 02:20:56] /m shiny blastoise
[25/12/2025 02:25:18] /m zapdois
[25/12/2025 02:25:20] /m zapdos
[25/12/2025 02:32:37] /m shiny blastoise
[25/12/2025 03:06:09] /m shiny venusaur
[25/12/2025 16:08:12] /n lorelei
[25/12/2025 16:08:17] /n bruno
[25/12/2025 16:10:25] /r
[25/12/2025 16:10:27] /r
[25/12/2025 16:10:31] /n agatha
[25/12/2025 16:11:09] /r
[25/12/2025 16:11:10] /r
[25/12/2025 16:11:26] /n lance
[25/12/2025 16:11:59] /r
[25/12/2025 16:12:01] /n green
[25/12/2025 16:12:58] /r
[25/12/2025 16:13:01] /m venusaur
[25/12/2025 16:13:09] /r
[25/12/2025 16:13:11] /m venusaur
[25/12/2025 16:13:25] /r
[25/12/2025 16:13:26] /r
[25/12/2025 16:24:52] /n misty
[25/12/2025 16:27:23] /n misty
[25/12/2025 16:30:55] /n misty
[25/12/2025 16:31:51] /r
[25/12/2025 16:39:54] /n misty
[25/12/2025 21:37:29] /c guga
[25/12/2025 21:37:48] /n brock
[25/12/2025 21:37:51] /n misty
[25/12/2025 21:37:53] /n sabrina
[25/12/2025 21:37:56] /n erika
[25/12/2025 21:38:00] /n kira
[25/12/2025 21:38:03] /n surge
[25/12/2025 21:38:13] /n blane
[25/12/2025 21:38:17] /n blaine
[25/12/2025 21:38:32] /attr set boost 50
[25/12/2025 21:38:40] /i life orb
[25/12/2025 21:38:43] /r
[25/12/2025 21:38:47] /i venusaurite
[25/12/2025 21:42:08] /r
[25/12/2025 21:42:09] /r
[25/12/2025 21:42:11] /r
[25/12/2025 21:42:12] /r
[25/12/2025 21:42:14] /r
[25/12/2025 21:42:15] /r
[25/12/2025 21:42:16] /r
[25/12/2025 21:42:20] /n kira
[25/12/2025 21:42:43] /r
[25/12/2025 21:42:45] /n koga
[25/12/2025 21:44:09] /r
[25/12/2025 21:53:39] /n lorelei
[25/12/2025 22:20:43] /n lorelei
[25/12/2025 22:21:29] /n lorelei
[25/12/2025 22:29:05] /n lorelei
[25/12/2025 22:30:22] /m venusaur
[25/12/2025 22:32:37] /n lorelei
[25/12/2025 22:36:30] /n lorelei
[25/12/2025 22:37:25] /n lorelei
[25/12/2025 22:37:56] /r
[25/12/2025 22:37:59] /m blastoise
[25/12/2025 22:41:21] /n lorelei
[25/12/2025 22:41:28] /m blastoise
[25/12/2025 22:48:43] /n lorelei
[25/12/2025 22:48:47] /m blastoise
[25/12/2025 22:50:03] /m blastoise
[25/12/2025 22:53:12] /n lorelei
[25/12/2025 22:54:01] /n lorelei
[25/12/2025 22:54:06] /m bulbasaur
[25/12/2025 22:56:05] /n lorelei
[25/12/2025 22:57:48] /n lorelei
[25/12/2025 22:58:40] /n lorelei
[25/12/2025 23:09:25] /n lorelei
[25/12/2025 23:16:05] /n lorelei
[25/12/2025 23:17:19] /m bulbasaur
[25/12/2025 23:22:22] /n lorelei
[25/12/2025 23:26:34] /n lorelei
[25/12/2025 23:30:32] /n lorelei
[25/12/2025 23:36:51] /n lorelei
[25/12/2025 23:42:56] /n lorelei
[25/12/2025 23:44:06] /n lorelei
[25/12/2025 23:45:30] /n lorelei
[25/12/2025 23:47:21] /n lorelei
[25/12/2025 23:54:29] /n lorelei
[25/12/2025 23:55:30] /r
[25/12/2025 23:56:15] /m bulbasaur
[25/12/2025 23:56:51] /m bulbasaur
[25/12/2025 23:58:51] /m bulbasaur
[26/12/2025 00:03:24] /m venusaur
[26/12/2025 00:05:06] /n lorelei
[26/12/2025 00:14:25] /t
[26/12/2025 00:14:30] /m bulbasaur
[26/12/2025 00:15:02] /m rattata
[26/12/2025 00:20:18] /i shiny charm
[26/12/2025 00:21:16] /m magikarp
[26/12/2025 00:21:17] /m magikarp
[26/12/2025 00:21:17] /m magikarp
[26/12/2025 00:21:18] /m magikarp
[26/12/2025 00:21:18] /m magikarp
[26/12/2025 00:21:19] /m magikarp
[26/12/2025 00:21:19] /m magikarp
[26/12/2025 00:21:20] /m magikarp
[26/12/2025 00:26:12] /m rattata
[26/12/2025 00:27:15] /m rattata
[26/12/2025 00:30:55] /m rattata
[26/12/2025 00:31:00] /r
[26/12/2025 00:40:41] /n lorelei
[26/12/2025 00:52:08] /m rattata
[26/12/2025 00:52:53] /n bruno
[26/12/2025 09:45:35] /n lorelei
[26/12/2025 09:46:14] /r
[26/12/2025 09:46:15] /n bruno
[26/12/2025 09:53:16] /n bruno
[26/12/2025 09:56:00] /n bruno
[26/12/2025 09:58:06] /t
[26/12/2025 10:02:39] /n lorelei
[26/12/2025 10:02:43] /n bruno
[26/12/2025 10:06:55] /n lorelei
[26/12/2025 10:08:24] /n lorelei
[26/12/2025 17:47:11] /t
[26/12/2025 17:52:38] /t
[26/12/2025 17:52:54] /goto 1055 1055 7
[26/12/2025 17:53:14] /goto 1055 1050 7
[26/12/2025 17:53:32] /r
[26/12/2025 17:57:05] /goto 1121,1097,9
[26/12/2025 17:57:34] /goto 1107,1029,11
[26/12/2025 17:57:40] /goto 1107,1029,11
[26/12/2025 17:58:09] /c Guga
[26/12/2025 17:58:36] /c Guga
[26/12/2025 17:58:42] /t guga
[26/12/2025 17:58:43] /t
[26/12/2025 17:58:50] /goto viridian
[26/12/2025 17:59:20] /c guga
[26/12/2025 17:59:56] /goto 1008,1100,15
[26/12/2025 18:00:00] /c guga
[26/12/2025 18:00:39] /t
[26/12/2025 18:00:40] /t guga
[26/12/2025 18:51:44] /c guga
[26/12/2025 18:52:01] /goto guga
[26/12/2025 18:54:03] /attr set boost 50
[26/12/2025 18:54:11] /i move increaser
[26/12/2025 18:54:12] /i move increaser
[26/12/2025 18:54:12] /i move increaser
[26/12/2025 18:54:13] /i move increaser
[26/12/2025 18:54:24] /i charizardite x
[26/12/2025 18:56:43] /goto guga
[26/12/2025 18:57:17] /t
[26/12/2025 18:57:30] /t
[26/12/2025 18:57:38] /goto guga
[26/12/2025 18:57:43] /t
[26/12/2025 18:57:45] /t guga
[26/12/2025 18:58:02] /c guga
[26/12/2025 18:58:31] /c guga
[26/12/2025 21:40:29] /t
[26/12/2025 21:40:33] /m dewgong
[26/12/2025 21:40:51] /c guga
[26/12/2025 21:42:07] /m dewgong
[26/12/2025 21:43:58] /m dewgong
[26/12/2025 21:45:04] /m dewgong
[26/12/2025 22:20:50] /n lorelei
[26/12/2025 22:21:00] /r
[26/12/2025 22:22:29] /goto shiny growlithe
[26/12/2025 22:22:37] /t
[26/12/2025 22:22:44] /n lorelei
[26/12/2025 22:23:07] /r
[26/12/2025 22:55:00] /n lorelei
[26/12/2025 22:55:20] /r
[26/12/2025 23:01:27] /n lorelei
[26/12/2025 23:01:45] /r
[26/12/2025 23:01:48] /n lorelei
[26/12/2025 23:02:15] /r
[26/12/2025 23:02:18] /n lorelei
[26/12/2025 23:02:32] /r
[26/12/2025 23:35:35] /n lorelei
[26/12/2025 23:35:49] /r
[26/12/2025 23:35:51] /n lorelei
[26/12/2025 23:36:11] /r
[26/12/2025 23:36:13] /n lorelei
[26/12/2025 23:36:33] /r
[26/12/2025 23:37:30] /goto shiny charizard
[27/12/2025 18:44:18] /goto viridian
[27/12/2025 18:44:19] /t
[27/12/2025 18:46:52] /i charizardite x
[27/12/2025 18:47:17] /i golden bottle cap
[27/12/2025 18:47:29] /n capsmith
[27/12/2025 18:47:44] /r
[27/12/2025 18:48:15] /i quiet mint
[27/12/2025 18:48:27] /i move increaser
[27/12/2025 18:48:28] /i move increaser
[27/12/2025 18:48:28] /i move increaser
[27/12/2025 18:48:29] /i move increaser
[27/12/2025 19:00:27] /i 1991
[28/12/2025 16:35:56] /i 6527
[28/12/2025 17:17:46] /c guga
[28/12/2025 17:19:28] /c finaltester
[28/12/2025 17:28:21] /i normal ball
[28/12/2025 17:31:10] /t finaltester
[28/12/2025 17:31:12] /t guga
[28/12/2025 17:31:13] /t
[28/12/2025 17:35:17] /t
[28/12/2025 17:35:58] /goto guga
[28/12/2025 17:36:01] /t
[28/12/2025 17:36:03] /t guga
[28/12/2025 17:36:19] /t finaltester
[28/12/2025 17:40:22] /t
[28/12/2025 17:40:26] /t finaltester
[28/12/2025 17:40:33] /t guga
[28/12/2025 17:54:55] /t
[28/12/2025 18:22:47] /t guga
[28/12/2025 18:25:40] /t guga
[28/12/2025 21:36:57] /goto 1157,1412,7
[28/12/2025 21:40:25] /i saffari ball
[28/12/2025 21:40:28] /i safari call
[28/12/2025 21:40:31] /i safari ball
[28/12/2025 21:41:31] /i 12617
[28/12/2025 21:41:50] /m bulbasaur
[28/12/2025 21:42:01] /r
[28/12/2025 21:42:13] /goto 1157,1412,7
[28/12/2025 21:43:15] /i 12617
[28/12/2025 21:43:28] /m nidoran male
[28/12/2025 21:43:39] /m nidoran male
[28/12/2025 21:44:55] /i 12617
[28/12/2025 21:44:58] /m kangaskhan
[28/12/2025 21:46:46] /m nidoran male
[28/12/2025 21:46:59] /m nidoran female
[28/12/2025 21:47:45] /m nidoran female
[28/12/2025 21:48:06] /goto 1157,1412,7
[28/12/2025 21:57:29] /m shiny scyther
[28/12/2025 21:57:30] /m shiny scyther
[28/12/2025 21:57:36] /i ultra balls
[28/12/2025 21:57:39] /i ultraball
[28/12/2025 21:57:43] /i ultraballs
[28/12/2025 21:58:08] /i 2392
[28/12/2025 21:58:14] /r
[28/12/2025 22:00:53] /i empty master ball
[28/12/2025 22:00:59] /m blastoise
[28/12/2025 22:01:26] /m nidoran male
[28/12/2025 22:05:49] /t
[29/12/2025 12:13:26] /i 2149
[29/12/2025 12:17:41] /t guga
[29/12/2025 19:10:37] /m charizard
[08/01/2026 19:50:36] /m brave meganium
[08/01/2026 19:51:18] /m ancient meganium
[08/01/2026 19:51:19] /m ancient meganium
[08/01/2026 19:51:20] /m ancient meganium
[08/01/2026 19:51:20] /m ancient meganium
[08/01/2026 19:51:21] /m ancient meganium
[08/01/2026 19:52:15] /m ancient meganium
[08/01/2026 19:54:57] /m ancient meganium
[08/01/2026 19:55:03] /m ancient meganium
[08/01/2026 19:55:29] /m ancient meganium
[08/01/2026 19:55:34] /m ancient meganium
[08/01/2026 19:55:41] /m ancient meganium
[08/01/2026 19:55:46] /m ancient meganium
[08/01/2026 20:07:32] /m ancient meganium
[08/01/2026 20:07:37] /m ancient meganium
[08/01/2026 20:07:44] /m ancient meganium
[08/01/2026 20:07:50] /m ancient meganium
[08/01/2026 20:07:56] /m ancient meganium
[08/01/2026 20:08:02] /m ancient meganium
[08/01/2026 20:08:09] /m ancient meganium
[08/01/2026 20:08:16] /m ancient meganium
[08/01/2026 20:08:22] /m ancient meganium
[08/01/2026 20:08:27] /m ancient meganium
[08/01/2026 20:08:36] /m ancient meganium
[08/01/2026 20:08:43] /m ancient meganium
[08/01/2026 20:08:48] /m ancient meganium
[08/01/2026 20:08:55] /m ancient meganium
[08/01/2026 20:09:00] /m ancient meganium
[08/01/2026 20:09:05] /m ancient meganium
[08/01/2026 20:09:12] /m ancient meganium
[08/01/2026 20:09:17] /m ancient meganium
[08/01/2026 20:09:21] /m ancient meganium
[08/01/2026 20:09:28] /m ancient meganium
[08/01/2026 20:09:34] /m ancient meganium
[08/01/2026 20:10:26] /m ancient meganium
[08/01/2026 20:10:27] /m ancient meganium
[08/01/2026 20:10:28] /m ancient meganium
[08/01/2026 20:10:42] /m ancient meganium
[08/01/2026 20:10:42] /m ancient meganium
[08/01/2026 20:10:43] /m ancient meganium
[08/01/2026 20:10:43] /m ancient meganium
[08/01/2026 20:11:01] /m ancient meganium
[08/01/2026 20:11:01] /m ancient meganium
[08/01/2026 20:11:02] /m ancient meganium
[08/01/2026 20:11:14] /m ancient meganium
[08/01/2026 20:11:15] /m ancient meganium
[08/01/2026 20:11:15] /m ancient meganium
[08/01/2026 20:11:28] /m ancient meganium
[08/01/2026 20:11:34] /m ancient meganium
[08/01/2026 20:11:41] /m ancient meganium
[08/01/2026 20:11:46] /m ancient meganium
[08/01/2026 20:11:51] /m ancient meganium
[08/01/2026 20:11:59] /m ancient meganium
[08/01/2026 20:12:05] /m ancient meganium
[08/01/2026 20:12:10] /m ancient meganium
[08/01/2026 20:12:39] /m ancient meganium
[08/01/2026 20:12:39] /m ancient meganium
[08/01/2026 20:12:41] /m ancient meganium
[08/01/2026 20:12:51] /m ancient meganium
[08/01/2026 20:12:52] /m ancient meganium
[08/01/2026 20:12:52] /m ancient meganium
[08/01/2026 20:12:53] /m ancient meganium
[08/01/2026 20:13:02] /m ancient meganium
[08/01/2026 20:13:03] /m ancient meganium
[08/01/2026 20:13:03] /m ancient meganium
[08/01/2026 20:13:20] /m ancient meganium
[08/01/2026 20:13:21] /m ancient meganium
[08/01/2026 20:13:21] /m ancient meganium
[08/01/2026 20:13:35] /m ancient meganium
[08/01/2026 20:13:35] /m ancient meganium
[08/01/2026 20:13:36] /m ancient meganium
[08/01/2026 20:13:44] /m ancient meganium
[08/01/2026 20:13:45] /m ancient meganium
[08/01/2026 20:13:46] /m ancient meganium
[08/01/2026 20:13:46] /m ancient meganium
[08/01/2026 20:13:58] /m ancient meganium
[08/01/2026 20:13:58] /m ancient meganium
[08/01/2026 20:14:00] /m ancient meganium
[08/01/2026 20:14:00] /m ancient meganium
[08/01/2026 20:14:02] /m ancient meganium
[08/01/2026 20:14:15] /m ancient meganium
[08/01/2026 20:14:15] /m ancient meganium
[08/01/2026 20:14:17] /m ancient meganium
[08/01/2026 20:14:27] /m ancient meganium
[08/01/2026 20:14:27] /m ancient meganium
[08/01/2026 20:14:28] /m ancient meganium
[08/01/2026 20:14:28] /m ancient meganium
[08/01/2026 20:22:13] /m ancient meganium
[08/01/2026 20:22:14] /m ancient meganium
[08/01/2026 20:22:15] /m ancient meganium
[08/01/2026 20:22:21] /m ancient meganium
[08/01/2026 20:22:22] /m ancient meganium
[08/01/2026 20:22:33] /m ancient meganium
[08/01/2026 20:22:42] /m ancient meganium
[08/01/2026 20:22:42] /m ancient meganium
[08/01/2026 20:22:43] /m ancient meganium
[08/01/2026 20:22:44] /m ancient meganium
[08/01/2026 20:22:44] /m ancient meganium
[08/01/2026 20:22:55] /m ancient meganium
[08/01/2026 20:22:56] /m ancient meganium
[08/01/2026 20:22:56] /m ancient meganium
[08/01/2026 20:22:57] /m ancient meganium
[08/01/2026 20:22:57] /m ancient meganium
[08/01/2026 20:23:12] /m ancient meganium
[08/01/2026 20:23:12] /m ancient meganium
[08/01/2026 20:23:13] /m ancient meganium
[08/01/2026 20:23:13] /m ancient meganium
[08/01/2026 20:23:14] /m ancient meganium
[08/01/2026 20:23:27] /m ancient meganium
[08/01/2026 20:23:32] /m ancient meganium
[08/01/2026 20:23:40] /m ancient meganium
[08/01/2026 20:23:45] /m ancient meganium
[08/01/2026 20:23:50] /m ancient meganium
[08/01/2026 20:34:46] /m ancient meganium
[08/01/2026 20:34:53] /m ancient meganium
[08/01/2026 20:34:53] /m ancient meganium
[08/01/2026 20:34:54] /m ancient meganium
[08/01/2026 20:34:54] /m ancient meganium
