[23/01/2011 02:43:40] /t
[23/01/2011 02:43:47] /addskill Kaihuisa, level, 20
[23/01/2011 02:43:50] /i coccon stone
[23/01/2011 02:43:51] /i coccon stone
[23/01/2011 02:43:51] /i coccon stone
[23/01/2011 02:43:56] /m weepinbell s
[23/01/2011 02:44:25] /r
[23/01/2011 02:46:07] /m weepinbell s
[23/01/2011 02:46:49] /r
[23/01/2011 02:47:00] /r
[23/01/2011 02:47:39] /m exp
[23/01/2011 02:47:42] /m test
[23/01/2011 02:51:23] /addskill Kaihuisa, level, 300000000000
[23/01/2011 02:51:26] /addskill Kaihuisa, level, 30000
[23/01/2011 02:51:28] /addskill Kaihuisa, level, 30000
[23/01/2011 02:51:29] /addskill Kaihuisa, level, 30000
[23/01/2011 02:51:30] /addskill Kaihuisa, level, 30000
[23/01/2011 02:54:10] /m test
[23/01/2011 03:00:43] /r
[23/01/2011 03:01:52] /m test
[23/01/2011 03:02:12] /r
