[06/11/2010 18:23:19] /s demon
[06/11/2010 18:23:41] /a 1
[06/11/2010 18:23:42] /a 1
[06/11/2010 18:23:42] /a 1
[06/11/2010 18:23:43] /a 1
[06/11/2010 18:23:44] /a 1
[06/11/2010 18:23:44] /a 1
[06/11/2010 18:23:44] /a 1
[06/11/2010 18:23:44] /a 1
[06/11/2010 18:23:44] /a 1
[06/11/2010 18:23:44] /a 1
[06/11/2010 18:23:44] /a 1
[06/11/2010 18:23:44] /a 1
[06/11/2010 18:23:44] /a 1
[06/11/2010 18:23:44] /a 1
[06/11/2010 18:23:44] /a 1
[06/11/2010 18:23:44] /a 1
[06/11/2010 18:23:44] /a 1
[06/11/2010 18:23:44] /a 1
[06/11/2010 18:23:44] /a 1
[06/11/2010 18:23:44] /a 1
[06/11/2010 18:23:45] /a 1
[06/11/2010 18:23:45] /a 1
[06/11/2010 18:23:45] /a 1
[06/11/2010 18:23:45] /a 1
[06/11/2010 18:23:45] /a 1
[06/11/2010 18:23:45] /a 1
[06/11/2010 18:23:45] /a 1
[06/11/2010 18:23:45] /a 1
[06/11/2010 18:23:45] /a 1
[06/11/2010 18:23:45] /a 1
[06/11/2010 18:23:45] /a 1
[06/11/2010 18:23:45] /a 1
[06/11/2010 18:23:45] /a 1
[06/11/2010 18:23:45] /a 1
[06/11/2010 18:23:45] /a 1
[06/11/2010 18:23:45] /a 1
[06/11/2010 18:23:45] /a 1
[06/11/2010 18:23:47] /a 1
[06/11/2010 18:23:47] /a 1
[06/11/2010 18:23:47] /a 1
[06/11/2010 18:23:47] /a 1
[06/11/2010 18:23:47] /a 1
[06/11/2010 18:23:47] /a 1
[06/11/2010 18:23:47] /a 1
[06/11/2010 18:23:47] /a 1
[06/11/2010 18:23:47] /a 1
[06/11/2010 18:23:47] /a 1
[06/11/2010 18:23:47] /a 1
[06/11/2010 18:23:47] /a 1
[06/11/2010 18:23:47] /a 1
[06/11/2010 18:23:47] /a 1
[06/11/2010 18:23:48] /a 1
[06/11/2010 18:23:48] /a 1
[06/11/2010 18:23:48] /a 1
[06/11/2010 18:23:49] /a 1
[06/11/2010 18:23:49] /a 1
[06/11/2010 18:23:49] /a 1
[06/11/2010 18:23:49] /a 1
[06/11/2010 18:23:49] /a 1
[06/11/2010 18:23:49] /a 1
[06/11/2010 18:23:49] /a 1
[06/11/2010 18:23:49] /a 1
[06/11/2010 18:23:49] /a 1
[06/11/2010 18:23:49] /a 1
[06/11/2010 18:23:49] /a 1
[06/11/2010 18:23:49] /a 1
[06/11/2010 18:23:49] /a 1
[06/11/2010 18:23:49] /a 1
[06/11/2010 18:23:49] /a 1
[06/11/2010 18:23:49] /a 1
[06/11/2010 18:23:49] /a 1
[06/11/2010 18:23:49] /a 1
[06/11/2010 18:23:49] /a 1
[06/11/2010 18:23:49] /a 1
[06/11/2010 18:23:49] /a 1
[06/11/2010 18:23:49] /a 1
[06/11/2010 18:23:49] /a 1
[06/11/2010 18:23:49] /a 1
[06/11/2010 18:23:49] /a 1
[06/11/2010 18:23:49] /a 1
[06/11/2010 18:23:49] /a 1
[06/11/2010 18:23:50] /a 1
[06/11/2010 18:23:50] /a 1
[06/11/2010 18:23:50] /a 1
[06/11/2010 18:23:50] /a 1
[06/11/2010 18:23:50] /a 1
[06/11/2010 18:23:50] /a 1
[06/11/2010 18:23:50] /a 1
[06/11/2010 18:23:50] /a 1
[06/11/2010 18:23:57] /i 2223
[06/11/2010 18:24:05] /i 2147
[06/11/2010 18:24:09] /r
[06/11/2010 18:24:12] /s demon
[06/11/2010 18:24:12] /s demon
[06/11/2010 18:24:15] /s demon
[06/11/2010 18:24:15] /s demon
[06/11/2010 18:24:15] /s demon
[06/11/2010 18:24:16] /s demon
[06/11/2010 18:24:16] /s demon
[06/11/2010 18:24:16] /s demon
[06/11/2010 18:24:24] /s demon
[06/11/2010 18:24:46] /s dragon
[06/11/2010 18:24:54] /s dragon lord
[06/11/2010 18:28:17] /s demon
[06/11/2010 18:28:30] /i 2283
[06/11/2010 18:28:40] /s dragon
[06/11/2010 18:28:43] /s demon
[06/11/2010 18:28:49] /s demon
[06/11/2010 18:28:50] /s demon
[06/11/2010 18:28:54] /r 
[06/11/2010 18:28:57] /r 
[06/11/2010 18:28:59] /r 
[06/11/2010 18:29:02] /r 
[06/11/2010 18:30:35] /s dragon
[06/11/2010 18:30:37] /s demon
[06/11/2010 18:30:37] /s demon
[06/11/2010 18:30:37] /s demon
[06/11/2010 18:30:45] /r
[06/11/2010 18:30:50] /r
[06/11/2010 18:30:52] /r
[06/11/2010 18:31:07] /i 2283
[06/11/2010 18:49:55] /i 2283
[06/11/2010 18:50:02] /i 2283
[06/11/2010 18:50:09] /s demon
[06/11/2010 18:50:10] /s demon
[06/11/2010 18:50:11] /s demon
[06/11/2010 18:50:13] /s dragon
[06/11/2010 18:50:17] /r
[06/11/2010 18:50:20] /r
[06/11/2010 18:50:27] /r
[06/11/2010 18:50:59] /i 2283
[06/11/2010 19:01:25] /s demon
[06/11/2010 19:01:28] /s demon
[06/11/2010 19:01:28] /s demon
[06/11/2010 19:01:28] /s demon
[06/11/2010 19:01:29] /s demon
[06/11/2010 19:01:30] /s demon
[06/11/2010 19:01:31] /s demon
[06/11/2010 19:01:31] /s demon
[06/11/2010 19:01:33] /s demon
[06/11/2010 19:02:05] /r
[06/11/2010 19:02:05] /r
[06/11/2010 19:02:06] /r
[06/11/2010 19:02:07] /r
[06/11/2010 19:02:08] /r
[06/11/2010 19:02:09] /r
[06/11/2010 19:02:11] /r
[06/11/2010 19:02:12] /r
[06/11/2010 19:02:52] /s dragon
[06/11/2010 19:02:55] /s demon
[06/11/2010 19:03:21] /r
[06/11/2010 19:03:35] /i 2376
[09/11/2010 01:35:21] /m abra
[09/11/2010 01:52:38] /s abra
[09/11/2010 02:04:19] /i 6060
[09/11/2010 02:04:20] /i 2905
[09/11/2010 02:04:24] /i 2146
[09/11/2010 02:04:42] /s kadabra
[09/11/2010 02:05:00] /r
[09/11/2010 02:09:17] /i 2905
[09/11/2010 02:09:19] /i 2905
[09/11/2010 02:09:24] /i 2905
[09/11/2010 02:09:26] /i 2905
[09/11/2010 02:09:26] /i 2905
[09/11/2010 02:11:47] /i 2905
[09/11/2010 02:11:47] /i 2905
[09/11/2010 02:11:47] /i 2905
[09/11/2010 02:11:47] /i 2905
[09/11/2010 02:11:47] /i 2905
[09/11/2010 02:11:47] /i 2905
[09/11/2010 02:11:48] /i 2905
[09/11/2010 02:11:48] /i 2905
[09/11/2010 02:12:22] /i 2905
[09/11/2010 02:12:22] /i 2905
[09/11/2010 02:12:22] /i 2905
[09/11/2010 02:12:22] /i 2905
[09/11/2010 02:12:22] /i 2905
[09/11/2010 02:12:22] /i 2905
[09/11/2010 02:12:22] /i 2905
[09/11/2010 02:12:22] /i 2905
[09/11/2010 02:12:22] /i 2905
[09/11/2010 02:12:22] /i 2905
[09/11/2010 02:12:22] /i 2905
[09/11/2010 02:12:22] /i 2905
[09/11/2010 02:12:22] /i 2905
[09/11/2010 02:12:22] /i 2905
[09/11/2010 02:12:22] /i 2905
[09/11/2010 02:12:22] /i 2905
[09/11/2010 02:12:22] /i 2905
[09/11/2010 02:12:22] /i 2905
[09/11/2010 02:12:34] /i 2905
[09/11/2010 02:12:34] /i 2905
[09/11/2010 02:12:34] /i 2905
[09/11/2010 02:12:34] /i 2905
[09/11/2010 02:12:34] /i 2905
[09/11/2010 02:12:34] /i 2905
[09/11/2010 02:12:34] /i 2905
[09/11/2010 02:12:34] /i 2905
[09/11/2010 02:12:34] /i 2905
[09/11/2010 02:12:34] /i 2905
[09/11/2010 02:12:34] /i 2905
[09/11/2010 02:12:34] /i 2905
[09/11/2010 02:12:34] /i 2905
[09/11/2010 02:12:34] /i 2905
[09/11/2010 02:12:34] /i 2905
[09/11/2010 02:12:34] /i 2905
[09/11/2010 02:12:34] /i 2905
[09/11/2010 02:12:34] /i 2905
[09/11/2010 02:12:34] /i 2905
[09/11/2010 02:19:56] /i 2905
[09/11/2010 02:19:56] /i 2905
[09/11/2010 02:19:56] /i 2905
[09/11/2010 02:19:56] /i 2905
[09/11/2010 02:19:56] /i 2905
[09/11/2010 02:19:56] /i 2905
[09/11/2010 02:19:57] /i 2905
[09/11/2010 02:19:57] /i 2905
[09/11/2010 02:19:57] /i 2905
[09/11/2010 02:19:57] /i 2905
[09/11/2010 02:19:57] /i 2905
[09/11/2010 02:19:57] /i 2905
[09/11/2010 02:19:57] /i 2905
[09/11/2010 02:19:57] /i 2905
[09/11/2010 02:19:57] /i 2905
[09/11/2010 02:19:57] /i 2905
[09/11/2010 02:19:57] /i 2905
[09/11/2010 02:19:57] /i 2905
[09/11/2010 02:19:57] /i 2905
[09/11/2010 02:19:57] /i 2905
[09/11/2010 02:19:57] /i 2905
[09/11/2010 02:19:57] /i 2905
[09/11/2010 02:19:57] /i 2905
[09/11/2010 02:22:33] /i 2905
[09/11/2010 02:22:33] /i 2905
[09/11/2010 02:22:33] /i 2905
[09/11/2010 02:22:33] /i 2905
[09/11/2010 02:22:34] /i 2905
[09/11/2010 02:22:34] /i 2905
[09/11/2010 02:22:34] /i 2905
[09/11/2010 02:22:34] /i 2905
[09/11/2010 02:22:34] /i 2905
[09/11/2010 02:22:34] /i 2905
[09/11/2010 02:22:34] /i 2905
[09/11/2010 02:22:34] /i 2905
[09/11/2010 02:22:34] /i 2905
[09/11/2010 02:22:34] /i 2905
[09/11/2010 02:22:34] /i 2905
[09/11/2010 02:22:34] /i 2905
[09/11/2010 02:22:34] /i 2905
[09/11/2010 02:22:34] /i 2905
[09/11/2010 02:22:34] /i 2905
[09/11/2010 02:22:34] /i 2905
[09/11/2010 02:22:34] /i 2905
[09/11/2010 02:22:34] /i 2905
[09/11/2010 02:22:34] /i 2905
[09/11/2010 02:22:34] /i 2905
[09/11/2010 02:22:34] /i 2905
[09/11/2010 02:22:34] /i 2905
[09/11/2010 02:22:34] /i 2905
[09/11/2010 02:22:34] /i 2905
[09/11/2010 02:22:34] /i 2905
[09/11/2010 02:22:34] /i 2905
[09/11/2010 02:22:34] /i 2905
[09/11/2010 02:22:34] /i 2905
[09/11/2010 02:22:34] /i 2905
[09/11/2010 02:22:34] /i 2905
[09/11/2010 02:22:34] /i 2905
[09/11/2010 02:22:35] /i 2905
[09/11/2010 02:22:35] /i 2905
[09/11/2010 02:22:35] /i 2905
[09/11/2010 02:22:35] /i 2905
[09/11/2010 02:22:36] /i 2905
[09/11/2010 02:25:24] /i 2905
[09/11/2010 02:25:25] /i 2905
[09/11/2010 02:25:25] /i 2905
[09/11/2010 02:25:25] /i 2905
[09/11/2010 02:25:25] /i 2905
[09/11/2010 02:25:25] /i 2905
[09/11/2010 02:25:25] /i 2905
[09/11/2010 02:25:25] /i 2905
[09/11/2010 02:25:25] /i 2905
[09/11/2010 02:25:25] /i 2905
[09/11/2010 02:25:25] /i 2905
[09/11/2010 02:25:25] /i 2905
[09/11/2010 02:25:25] /i 2905
[09/11/2010 02:25:25] /i 2905
[09/11/2010 02:25:25] /i 2905
[09/11/2010 02:25:25] /i 2905
[09/11/2010 02:25:25] /i 2905
[09/11/2010 02:25:25] /i 2905
[09/11/2010 02:25:25] /i 2905
[09/11/2010 02:25:25] /i 2905
[09/11/2010 02:25:25] /i 2905
[09/11/2010 02:25:25] /i 2905
[09/11/2010 02:25:25] /i 2905
[09/11/2010 02:25:25] /i 2905
[10/11/2010 18:14:59] /ghost
[10/11/2010 18:15:00] /ghost
[10/11/2010 18:15:13] /i 2288
[10/11/2010 18:15:23] /m abra
[10/11/2010 18:16:34] /m rattata
[10/11/2010 18:16:48] /m rattata
[10/11/2010 18:16:58] /m rattata
[10/11/2010 18:17:08] /m rattata
[10/11/2010 18:17:21] /m rattata
[10/11/2010 18:17:25] /m rattata
[10/11/2010 18:17:30] /i 2288
[10/11/2010 18:17:30] /i 2288
[10/11/2010 18:18:09] /m raticate
[10/11/2010 18:18:09] /m raticate
[10/11/2010 18:18:09] /m raticate
[10/11/2010 18:18:10] /m raticate
[10/11/2010 18:18:10] /m raticate
[10/11/2010 18:18:43] /m raticate
[10/11/2010 18:19:14] /m raticate
[10/11/2010 18:19:17] /m raticate
[10/11/2010 18:19:18] /m raticate
[10/11/2010 18:19:18] /m raticate
[10/11/2010 18:19:19] /m raticate
[10/11/2010 18:19:20] /m raticate
[10/11/2010 18:19:20] /m raticate
[10/11/2010 18:19:55] /m raticate
[10/11/2010 18:19:55] /m raticate
[10/11/2010 18:19:56] /m raticate
[10/11/2010 18:19:57] /m raticate
[10/11/2010 18:19:57] /m raticate
[10/11/2010 18:19:58] /m raticate
[10/11/2010 18:19:59] /m raticate
[10/11/2010 18:24:57] /r
[10/11/2010 18:25:03] /a 44
[10/11/2010 18:25:31] /m raticate
[10/11/2010 18:25:33] /m raticate
[10/11/2010 18:25:34] /m raticate
[10/11/2010 18:25:34] /m raticate
[10/11/2010 18:25:35] /m raticate
[10/11/2010 18:25:36] /m raticate
[10/11/2010 18:25:36] /m raticate
[10/11/2010 18:25:37] /m raticate
[10/11/2010 18:26:58] /m alakazam
[10/11/2010 18:27:54] /m kadabra
[10/11/2010 18:28:45] /m kadabra
[10/11/2010 18:33:59] /s alakazam
[10/11/2010 18:50:41] /i 6060
[10/11/2010 18:50:42] /i 6060
[10/11/2010 18:50:43] /i 6060
[10/11/2010 18:50:47] /i 6060
[10/11/2010 18:50:48] /i 6060
[10/11/2010 18:50:48] /i 6060
[10/11/2010 18:50:48] /i 6060
[10/11/2010 18:50:48] /i 6060
[10/11/2010 18:50:48] /i 6060
[10/11/2010 18:50:48] /i 6060
[10/11/2010 18:50:48] /i 6060
[10/11/2010 18:50:48] /i 6060
[10/11/2010 18:51:01] /i 6060
[10/11/2010 18:51:02] /i 6060
[10/11/2010 18:51:02] /i 6060
[10/11/2010 18:51:02] /i 6060
[10/11/2010 18:51:02] /i 6060
[10/11/2010 18:51:02] /i 6060
[10/11/2010 18:51:02] /i 6060
[10/11/2010 18:51:02] /i 6060
[10/11/2010 18:51:02] /i 6060
[10/11/2010 18:51:02] /i 6060
[10/11/2010 18:51:02] /i 6060
[10/11/2010 18:51:02] /i 6060
[10/11/2010 18:51:02] /i 6060
[10/11/2010 18:51:02] /i 6060
[10/11/2010 18:51:02] /i 6060
[10/11/2010 18:51:02] /i 6060
[10/11/2010 18:51:02] /i 6060
[10/11/2010 18:51:02] /i 6060
[10/11/2010 18:51:02] /i 6060
[10/11/2010 18:51:02] /i 6060
[10/11/2010 18:51:02] /i 6060
[10/11/2010 18:51:02] /i 6060
[10/11/2010 18:51:02] /i 6060
[10/11/2010 18:51:02] /i 6060
[10/11/2010 18:51:02] /i 6060
[10/11/2010 18:51:02] /i 6060
[10/11/2010 18:51:02] /i 6060
[10/11/2010 18:51:03] /i 6060
[10/11/2010 18:51:03] /i 6060
[10/11/2010 18:51:03] /i 6060
[10/11/2010 18:51:03] /i 6060
[10/11/2010 18:51:03] /i 6060
[10/11/2010 18:51:03] /i 6060
[10/11/2010 18:51:03] /i 6060
[10/11/2010 18:51:03] /i 6060
[10/11/2010 18:51:03] /i 6060
[10/11/2010 18:51:03] /i 6060
[10/11/2010 18:51:03] /i 6060
[10/11/2010 18:51:03] /i 6060
[10/11/2010 18:51:03] /i 6060
[10/11/2010 18:51:03] /i 6060
[10/11/2010 18:51:03] /i 6060
[10/11/2010 18:51:03] /i 6060
[10/11/2010 18:53:55] /i 6060
[10/11/2010 18:53:55] /i 6060
[10/11/2010 18:53:55] /i 6060
[10/11/2010 18:53:55] /i 6060
[10/11/2010 18:53:56] /i 6060
[10/11/2010 18:53:56] /i 6060
[10/11/2010 18:53:56] /i 6060
[10/11/2010 18:53:56] /i 6060
[10/11/2010 18:53:56] /i 6060
[10/11/2010 18:53:56] /i 6060
[10/11/2010 18:53:56] /i 6060
[10/11/2010 18:53:56] /i 6060
[10/11/2010 18:53:56] /i 6060
[10/11/2010 18:53:56] /i 6060
[10/11/2010 18:53:56] /i 6060
[10/11/2010 18:53:56] /i 6060
[10/11/2010 18:53:56] /i 6060
[10/11/2010 18:53:56] /i 6060
[10/11/2010 18:53:56] /i 6060
[10/11/2010 18:56:57] /i 2905
[10/11/2010 18:56:57] /i 2905
[10/11/2010 18:56:57] /i 2905
[10/11/2010 18:56:57] /i 2905
[10/11/2010 18:56:57] /i 2905
[10/11/2010 18:56:57] /i 2905
[10/11/2010 18:56:57] /i 2905
[10/11/2010 18:56:57] /i 2905
[10/11/2010 18:56:57] /i 2905
[10/11/2010 18:56:57] /i 2905
[10/11/2010 18:56:57] /i 2905
[10/11/2010 18:56:57] /i 2905
[10/11/2010 18:56:57] /i 2905
[10/11/2010 18:56:57] /i 2905
[10/11/2010 18:56:57] /i 2905
[10/11/2010 18:56:57] /i 2905
[10/11/2010 18:56:57] /i 2905
[10/11/2010 18:56:57] /i 2905
[10/11/2010 18:56:57] /i 2905
[10/11/2010 18:56:57] /i 2905
[10/11/2010 18:56:57] /i 2905
[10/11/2010 18:56:57] /i 2905
[10/11/2010 18:56:57] /i 2905
[10/11/2010 18:56:57] /i 2905
[10/11/2010 18:56:57] /i 2905
[10/11/2010 18:56:58] /i 2905
[10/11/2010 18:56:58] /i 2905
[10/11/2010 18:57:30] /m alakazam
[10/11/2010 18:57:45] /r
[10/11/2010 18:59:15] /i 2905
[10/11/2010 18:59:15] /i 2905
[10/11/2010 18:59:15] /i 2905
[10/11/2010 18:59:15] /i 2905
[10/11/2010 18:59:15] /i 2905
[10/11/2010 18:59:15] /i 2905
[10/11/2010 18:59:15] /i 2905
[10/11/2010 18:59:15] /i 2905
[10/11/2010 18:59:15] /i 2905
[10/11/2010 18:59:15] /i 2905
[10/11/2010 18:59:15] /i 2905
[10/11/2010 18:59:15] /i 2905
[10/11/2010 18:59:15] /i 2905
[10/11/2010 18:59:15] /i 2905
[10/11/2010 18:59:16] /i 2905
[10/11/2010 18:59:16] /i 2905
[10/11/2010 18:59:16] /i 2905
[10/11/2010 18:59:16] /i 2905
[10/11/2010 18:59:16] /i 2905
[10/11/2010 19:47:45] /i 7655
[10/11/2010 19:54:52] /i 8485
[10/11/2010 20:18:07] /i 2288
[10/11/2010 20:19:22] /i 2288
[10/11/2010 20:19:24] /i 2288
[10/11/2010 20:30:04] /i 300
[10/11/2010 20:31:05] /i 100
[10/11/2010 20:31:07] /i 101
[10/11/2010 20:31:08] /i 102
[10/11/2010 20:31:10] /i 103
[10/11/2010 20:37:14] /i 8423
[10/11/2010 20:37:15] /i 8424
[10/11/2010 20:37:17] /i 8425
[10/11/2010 20:43:36] /s rattata
[10/11/2010 20:44:04] /i 2289
[10/11/2010 20:44:16] /r
[10/11/2010 20:44:40] /m raticate
[10/11/2010 20:45:00] /m raticate
[10/11/2010 20:45:27] /m raticate
[10/11/2010 20:45:39] /m raticate
[10/11/2010 20:45:54] /m raticate
[10/11/2010 20:46:16] /m raticate
[10/11/2010 20:46:33] /m raticate
[10/11/2010 20:47:06] /m kadabra
[10/11/2010 20:47:39] /m kadabra
[10/11/2010 21:00:54] /s raticate
[10/11/2010 21:07:15] /r
[10/11/2010 21:07:16] /r
[10/11/2010 21:07:21] /s abra
[10/11/2010 21:12:48] /s abra
[10/11/2010 21:35:12] /s abra
[10/11/2010 21:35:17] /s abra
[10/11/2010 21:35:18] /s abra
[10/11/2010 21:35:18] /s abra
[10/11/2010 21:35:19] /s abra
[10/11/2010 21:35:19] /s abra
[10/11/2010 21:35:19] /s abra
[10/11/2010 21:35:20] /s abra
[10/11/2010 21:35:20] /s abra
[10/11/2010 21:35:22] /s abra
[10/11/2010 21:35:22] /s abra
[10/11/2010 21:35:23] /s abra
[10/11/2010 21:35:23] /s abra
[10/11/2010 21:35:24] /s abra
[10/11/2010 21:35:24] /s abra
[10/11/2010 21:35:24] /s abra
[10/11/2010 21:35:25] /s abra
[10/11/2010 21:35:25] /s abra
[10/11/2010 21:35:25] /s abra
[10/11/2010 21:35:26] /s abra
[10/11/2010 21:35:26] /s abra
[10/11/2010 21:35:26] /s abra
[10/11/2010 21:35:27] /s abra
[10/11/2010 21:35:27] /s abra
[10/11/2010 21:43:29] /s alakazam
[10/11/2010 21:43:59] /s raticate
[10/11/2010 21:44:35] /s alakazam
[10/11/2010 21:44:40] /r
[10/11/2010 21:44:43] /s raticate
[10/11/2010 21:44:48] /r
[10/11/2010 21:44:51] /r
[10/11/2010 21:45:14] /s alakazam
[10/11/2010 21:45:19] /s raticate
[11/11/2010 00:31:09] /s alakazam
[11/11/2010 00:35:48] /s bellsprout
[11/11/2010 00:47:07] /s alakazam
[11/11/2010 00:47:11] /s bellsprout
[11/11/2010 00:53:43] /s alakazam
[11/11/2010 00:53:45] /s bellsprout
[11/11/2010 00:57:04] /s alakazam
[11/11/2010 00:57:06] /s bellsprout
[11/11/2010 00:59:08] /s alakazam
[11/11/2010 00:59:11] /s weepinbell
[11/11/2010 00:59:24] /s victreebel
[11/11/2010 13:02:21] /s bellsprout
[11/11/2010 13:02:24] /s alakazam
[11/11/2010 13:07:23] /i 2807
[11/11/2010 13:07:38] /i 2808
[11/11/2010 13:07:44] /i 2809
[11/11/2010 13:14:16] /i 2928
[11/11/2010 13:19:13] /s bellsprout
[11/11/2010 13:32:53] /r
[11/11/2010 13:32:56] /m bellsprout
[11/11/2010 13:34:58] /m bellsprout
[11/11/2010 13:35:27] /s bellsprout
[11/11/2010 13:37:17] /s bellsprout
[11/11/2010 13:37:20] /m bellsprout
[11/11/2010 13:37:58] /s bellsprout
[11/11/2010 13:38:22] /s alakazam
[11/11/2010 13:38:24] /i 2905
[11/11/2010 13:40:11] /s bellsprout
[11/11/2010 13:46:08] /i 2806
[11/11/2010 18:38:24] /s bellsprout
[11/11/2010 18:38:26] /s alakazam
[11/11/2010 18:42:21] /s bellsprout
[11/11/2010 18:50:26] /i weepinbell
[11/11/2010 18:50:32] /s weepinbell
[11/11/2010 18:51:55] /r
[11/11/2010 18:52:01] /s alakazam
[11/11/2010 19:12:18] /r
[11/11/2010 19:56:18] /i 2276
[11/11/2010 19:56:30] /i 2276
[11/11/2010 19:56:33] /i 2276
[11/11/2010 19:56:45] /s bellsprout
[11/11/2010 19:56:48] /s weepinbell
[11/11/2010 19:57:32] /m alakazam
[11/11/2010 19:57:40] /r
[11/11/2010 19:58:08] /m alakazam
[11/11/2010 19:58:24] /m alakazam
[11/11/2010 19:59:10] /m alakazam
[11/11/2010 19:59:38] /m alakazam
[11/11/2010 20:00:25] /m alakazam
[11/11/2010 20:08:36] /m bellsprout
[11/11/2010 20:08:39] /m weepinbell
[11/11/2010 20:09:03] /m weepinbell
[11/11/2010 20:09:03] /m weepinbell
[11/11/2010 20:09:13] /m weepinbell
[11/11/2010 20:09:20] /m weepinbell
[11/11/2010 20:09:30] /m weepinbell
[11/11/2010 20:09:31] /m weepinbell
[11/11/2010 20:10:40] /i 2276
[11/11/2010 20:10:40] /i 2276
[11/11/2010 20:11:18] /m victreebel
[11/11/2010 20:11:40] /m victreebel
[11/11/2010 20:11:58] /m victreebel
[11/11/2010 20:12:21] /m victreebel
[11/11/2010 20:12:38] /m victreebel
[11/11/2010 20:12:56] /m victreebel
[11/11/2010 20:14:12] /m victreebel
[11/11/2010 20:14:31] /m weepinbell
[11/11/2010 20:14:37] /m golem
[11/11/2010 20:14:56] /m onix
[11/11/2010 20:15:11] /m graveler
[11/11/2010 20:15:12] /m graveler
[11/11/2010 20:15:12] /m graveler
[11/11/2010 20:15:13] /m graveler
[11/11/2010 20:15:13] /m graveler
[11/11/2010 20:15:14] /m graveler
[11/11/2010 20:15:15] /m onix
[11/11/2010 20:15:50] /m rhydon
[11/11/2010 20:16:07] /m articuno
[11/11/2010 20:16:15] /m mew
[11/11/2010 20:16:31] /r
[11/11/2010 20:16:38] /r
[11/11/2010 20:16:39] /r
[11/11/2010 20:16:47] /r
[11/11/2010 20:16:52] /r
[11/11/2010 20:17:11] /m machamp
[11/11/2010 20:17:30] /m machoke
[11/11/2010 20:18:04] /m zapdos
[11/11/2010 20:18:25] /m charizard
[11/11/2010 20:18:51] /m blastoise
[11/11/2010 20:19:18] /m snorlax
[11/11/2010 20:19:49] /m magmar
[11/11/2010 20:20:01] /m jynx
[11/11/2010 20:20:07] /m electabuzz
[11/11/2010 20:20:17] /m golbat
[11/11/2010 20:20:28] /m gyarados
[11/11/2010 20:25:09] /m weepinbell
[11/11/2010 20:25:18] /i 2288
[11/11/2010 20:29:27] /m jynx
[11/11/2010 20:29:58] /r
