[25/01/2011 14:54:23] /addskill Klait, level, 300
[25/01/2011 14:54:24] /m pidgeot s
[25/01/2011 14:57:53] /m weepinbell s
[25/01/2011 14:57:56] /m grimer s
[25/01/2011 14:58:26] /addskill klait, level, 200
[25/01/2011 14:58:28] /m weepinbell s
[25/01/2011 14:58:30] /m grimer s
[25/01/2011 14:59:40] /addskill klait, level, 200
[25/01/2011 14:59:45] /m pidgeot s
[25/01/2011 14:59:46] /m muk s
[25/01/2011 14:59:50] /m weepinbell s
[25/01/2011 15:00:21] /m weepinbell s
[25/01/2011 15:00:25] /m muk s
[25/01/2011 15:00:28] /m pidgeot s
[25/01/2011 15:00:30] /m sandslash s
[25/01/2011 15:00:40] /addskill klait, level, 30000
[25/01/2011 15:01:07] /s alakazam
[25/01/2011 15:01:12] /r
[25/01/2011 15:16:25] /m pidgeot s
[25/01/2011 15:16:27] /m grimer s
[25/01/2011 15:16:50] /m grimer s
[25/01/2011 15:16:53] /m bellsprout s
[25/01/2011 15:16:58] /m pidgeot s
[26/01/2011 00:39:22] /i heart stone
[26/01/2011 00:40:05] /i fire stone
[26/01/2011 00:44:41] /m zubat s
[26/01/2011 00:45:45] /m grimer s
[26/01/2011 00:46:37] /r
[26/01/2011 00:46:39] /m zubat s
[26/01/2011 00:47:51] /r
[26/01/2011 00:47:54] /r
[26/01/2011 00:48:14] /a 2
[26/01/2011 00:48:16] /a 2
[26/01/2011 00:48:16] /a 2
[26/01/2011 00:48:18] /a 2
[26/01/2011 00:48:19] /a 2
[26/01/2011 00:49:16] /m zubat s
[26/01/2011 00:49:17] /m zubat s
[26/01/2011 00:49:18] /m zubat s
[26/01/2011 00:49:18] /m zubat s
[26/01/2011 13:45:11] /r
[26/01/2011 13:59:12] /a 6
[27/01/2011 11:29:51] /m zubat s
[27/01/2011 11:29:53] /m grimer s
[27/01/2011 11:30:01] /m zubat s
[27/01/2011 11:30:02] /m zubat s
[27/01/2011 11:30:03] /m zubat s
[27/01/2011 11:30:32] /m zubat s
[27/01/2011 11:30:33] /m zubat s
[27/01/2011 11:30:34] /m zubat s
[27/01/2011 11:30:35] /m zubat s
[27/01/2011 11:30:36] /m zubat s
[27/01/2011 11:31:19] /r
[27/01/2011 11:31:22] /r
[27/01/2011 11:31:25] /r
[27/01/2011 11:31:30] /r
[27/01/2011 11:31:31] /r
[27/01/2011 11:31:33] /r
[27/01/2011 11:31:35] /r
[27/01/2011 11:31:36] /r
[27/01/2011 11:31:37] /r
[27/01/2011 11:31:38] /r
[27/01/2011 11:37:54] /m zubat s
[27/01/2011 11:37:57] /m grimer s
[27/01/2011 11:37:58] /m zubat s
[27/01/2011 11:37:58] /m zubat s
[27/01/2011 11:37:59] /m zubat s
[27/01/2011 11:37:59] /m zubat s
[27/01/2011 11:38:00] /m zubat s
[27/01/2011 11:38:01] /m zubat s
[27/01/2011 13:09:21] /n pokemonseller
[27/01/2011 13:09:49] /r
[27/01/2011 13:59:41] /i 5969
[27/01/2011 13:59:44] /i 2146
[27/01/2011 14:01:44] /i 2147
[27/01/2011 14:01:50] /r
[27/01/2011 14:01:53] /i 5969
[27/01/2011 14:03:56] /i 6035
[27/01/2011 14:06:48] /i 5969
[27/01/2011 14:07:25] /i 5969
[27/01/2011 14:08:43] /i 5969
[27/01/2011 14:08:45] /i 6035
[27/01/2011 14:09:10] /i 5969
[27/01/2011 14:09:49] /i 6035
[27/01/2011 14:09:51] /i 5969
[27/01/2011 14:10:18] /i defeated charmander
[27/01/2011 14:10:22] /i fainted charmander
[27/01/2011 14:10:43] /i 2876
[27/01/2011 14:12:44] /i 5962
[27/01/2011 14:12:46] /i 5962
[27/01/2011 14:12:48] /i 5962
[27/01/2011 14:12:54] /i 5962
[27/01/2011 14:12:56] /i 5962
[27/01/2011 14:12:59] /i 5962
[27/01/2011 14:13:34] /i 5962
[27/01/2011 14:16:16] /a 5
[27/01/2011 14:16:16] /a 5
[27/01/2011 14:16:16] /a 5
[27/01/2011 14:16:20] /n pokemonseller
[27/01/2011 14:16:45] /r
[27/01/2011 14:16:49] /n pokemonseller
[27/01/2011 20:07:14] /m zubat s
[27/01/2011 20:07:16] /m grimer s
[27/01/2011 20:08:14] /r
[27/01/2011 20:08:15] /r
[27/01/2011 20:08:19] /i 1285
[27/01/2011 20:08:19] /i 1285
[27/01/2011 20:08:20] /i 1285
[27/01/2011 20:08:21] /i 1285
[27/01/2011 20:08:22] /i 1285
[27/01/2011 20:08:22] /i 1285
[27/01/2011 20:08:23] /i 1285
[27/01/2011 20:08:24] /i 1285
[27/01/2011 20:08:25] /i 1285
[27/01/2011 20:08:25] /i 1285
[27/01/2011 20:08:26] /i 1285
[27/01/2011 20:08:27] /i 1285
[27/01/2011 20:08:27] /i 1285
[27/01/2011 20:08:28] /i 1285
[27/01/2011 20:08:28] /i 1285
[28/01/2011 17:58:24] /i 919
[28/01/2011 17:58:25] /i 919
[28/01/2011 17:58:26] /i 919
[28/01/2011 17:58:28] /s gengar
[28/01/2011 18:18:34] /i 919
[28/01/2011 18:18:35] /i 919
[28/01/2011 18:18:35] /i 919
[28/01/2011 18:18:36] /i 919
[28/01/2011 18:18:38] /s gengar
[28/01/2011 18:25:33] /a 2
[28/01/2011 18:25:35] /r
[28/01/2011 18:36:04] /i 919
[28/01/2011 18:36:05] /i 919
[28/01/2011 18:36:05] /i 919
[28/01/2011 18:36:12] /s gengar
[28/01/2011 18:47:35] /i 919
[28/01/2011 18:47:35] /i 919
[28/01/2011 18:47:36] /i 919
[28/01/2011 18:47:44] /s gengar
[28/01/2011 18:51:52] /s gengar
[28/01/2011 18:52:28] /a 1
[28/01/2011 18:53:44] /r
[28/01/2011 18:53:49] /n nurse
[28/01/2011 18:53:52] /r
[30/01/2011 08:47:32] /a 2
[30/01/2011 08:47:33] /a 2
[30/01/2011 08:47:34] /a 2
[30/01/2011 08:47:42] /a 2
[30/01/2011 08:47:44] /n nurse
[30/01/2011 08:49:24] /a 3
[30/01/2011 08:49:24] /a 3
[30/01/2011 08:49:25] /a 3
[30/01/2011 08:49:25] /a 3
[30/01/2011 08:49:27] /n nurse
[30/01/2011 08:49:30] /r
[30/01/2011 08:50:21] /n nurse
[30/01/2011 08:50:25] /a 4
[30/01/2011 08:50:27] /a 2
[30/01/2011 08:54:50] /a 4
[30/01/2011 08:54:53] /n nurse
[30/01/2011 08:55:04] /r
[30/01/2011 09:02:20] /addskill Klait,level, 1
[30/01/2011 10:39:39] /r
[30/01/2011 10:39:39] /r
[30/01/2011 10:39:40] /r
[30/01/2011 10:39:41] /r
[30/01/2011 10:39:41] /r
[30/01/2011 10:39:42] /r
[30/01/2011 10:39:42] /r
[10/02/2011 19:53:06] /n nurse
[10/02/2011 19:53:08] /r
[10/02/2011 19:53:14] /a 44
[10/02/2011 19:53:16] /m oddish s
[10/02/2011 19:53:17] /m oddish s
[10/02/2011 19:53:17] /m oddish s
[10/02/2011 19:53:17] /m oddish s
[10/02/2011 19:53:18] /m oddish s
[10/02/2011 19:53:18] /m oddish s
[10/02/2011 19:53:53] /m grimer s
[10/02/2011 19:53:55] /m muk s
[10/02/2011 19:53:58] /m golbat s
[10/02/2011 19:54:00] /m zubat s
[10/02/2011 19:54:05] /m bellsprout s
[10/02/2011 19:54:08] /m weepinbell s
[10/02/2011 20:04:19] /m weepinbell s
[10/02/2011 20:04:23] /m grimer s
[10/02/2011 20:04:25] /m muk s
[10/02/2011 20:04:29] /m bellsprout s
[10/02/2011 20:04:45] /m sandslash s
[10/02/2011 20:05:31] /m muk s
[10/02/2011 20:05:33] /m grimer s
[10/02/2011 20:05:35] /m sandslash s
[10/02/2011 20:05:39] /m bellsprout s
[10/02/2011 20:05:42] /m weepinbell s
[11/02/2011 13:56:42] /m grmier s
[11/02/2011 13:58:54] /m bellsprout s
[11/02/2011 13:58:55] /m bellsprout s
[11/02/2011 13:58:55] /m bellsprout s
[11/02/2011 13:58:56] /m bellsprout s
[11/02/2011 13:58:57] /m bellsprout s
[11/02/2011 13:59:00] /m bellsprout s
[11/02/2011 13:59:24] /m bellsprout s
[11/02/2011 13:59:37] /m bellsprout s
[11/02/2011 13:59:51] /m bellsprout s
[11/02/2011 14:02:01] /m bellsprout s
[11/02/2011 14:02:02] /m bellsprout s
[11/02/2011 14:02:03] /m bellsprout s
[11/02/2011 14:02:03] /m bellsprout s
[11/02/2011 14:02:03] /m bellsprout s
[11/02/2011 14:02:04] /m bellsprout s
[11/02/2011 14:02:07] /m bellsprout s
[11/02/2011 14:09:02] /m bellsprout s
[11/02/2011 14:09:07] /m bellsprout s
[11/02/2011 14:09:07] /m bellsprout s
[11/02/2011 14:09:08] /m bellsprout s
[11/02/2011 14:09:08] /m bellsprout s
[11/02/2011 14:09:09] /m bellsprout s
[11/02/2011 14:09:10] /m bellsprout s
[11/02/2011 14:09:13] /m bellsprout s
[11/02/2011 14:09:31] /r
[11/02/2011 14:09:32] /r
[11/02/2011 14:09:33] /r
[11/02/2011 14:09:34] /r
[11/02/2011 14:09:35] /r
[11/02/2011 14:09:37] /r
[11/02/2011 14:09:37] /r
[11/02/2011 14:12:46] /m bellsprout s
[11/02/2011 14:12:46] /m bellsprout s
[11/02/2011 14:12:47] /m bellsprout s
[11/02/2011 14:12:48] /m bellsprout s
[11/02/2011 14:12:48] /m bellsprout s
[11/02/2011 14:12:49] /m bellsprout s
[11/02/2011 14:12:49] /m bellsprout s
[11/02/2011 14:12:51] /m bellsprout s
[11/02/2011 14:13:21] /m bellsprout s
[11/02/2011 14:13:21] /m bellsprout s
[11/02/2011 14:13:21] /m bellsprout s
[11/02/2011 14:13:22] /m bellsprout s
[11/02/2011 14:13:22] /m bellsprout s
[11/02/2011 14:13:23] /m bellsprout s
[11/02/2011 14:13:23] /m bellsprout s
[11/02/2011 14:13:43] /m bellsprout s
[11/02/2011 14:13:43] /m bellsprout s
[11/02/2011 14:13:44] /m bellsprout s
[11/02/2011 14:17:10] /m bellsprout s
[11/02/2011 14:17:14] /m bellsprout s
[12/02/2011 02:06:55] /m bellsprot s
[12/02/2011 02:06:58] /m bellsprout s
[12/02/2011 02:06:58] /m bellsprout s
[12/02/2011 02:06:58] /m bellsprout s
[12/02/2011 02:06:59] /m bellsprout s
[12/02/2011 02:06:59] /m bellsprout s
[12/02/2011 02:06:59] /m bellsprout s
[12/02/2011 02:07:00] /m bellsprout s
[12/02/2011 02:07:00] /m bellsprout s
[12/02/2011 02:07:00] /m bellsprout s
[12/02/2011 02:07:44] /a 45
[12/02/2011 02:08:13] /r
[12/02/2011 02:08:16] /r
[12/02/2011 02:08:17] /r
[12/02/2011 02:10:40] /save
[12/02/2011 02:18:53] /t
[12/02/2011 02:18:57] /m oddish s
[12/02/2011 02:19:42] /m oddish s
[19/02/2011 10:29:53] /m grimer s
[19/02/2011 10:30:04] /r
[20/02/2011 11:29:13] /m charmander s
[20/02/2011 11:31:19] /i hyper potion
[20/02/2011 11:31:24] /n nurse
[20/02/2011 11:31:26] /r
[20/02/2011 11:32:15] /n nurse
[20/02/2011 11:32:17] /r
[20/02/2011 11:34:05] /n nurse
[20/02/2011 11:34:06] /r
[20/02/2011 11:41:50] /m articuno
[20/02/2011 12:44:30] /m grimer s
[20/02/2011 12:45:20] /m grimer s
[20/02/2011 12:46:13] /m grimer s
[20/02/2011 12:46:24] /m grimer s
[20/02/2011 12:49:13] /m pidgeot s
[20/02/2011 20:46:39] /m weedle s
[05/03/2011 20:10:19] /m articuno
[05/03/2011 20:10:42] /r
[05/03/2011 23:06:41] /s jynx
[05/03/2011 23:06:49] /r
[05/03/2011 23:06:50] /s jynx
[05/03/2011 23:13:01] /s jynx
[05/03/2011 23:13:30] /r
[05/03/2011 23:13:32] /s dragonite
[05/03/2011 23:13:49] /m articuno
[05/03/2011 23:13:57] /m articuno
[05/03/2011 23:14:02] /m articuno
[05/03/2011 23:14:07] /m articuno
[05/03/2011 23:14:13] /m articuno
[11/03/2011 19:40:10] /t
[11/03/2011 19:40:11] /t
[15/03/2011 17:01:04] /m grimer s
[15/03/2011 17:01:57] /s Pidgey
[15/03/2011 17:03:42] /m grimer s
[15/03/2011 17:03:45] /m grimer s
[15/03/2011 17:04:35] /m grimer s
[10/05/2011 19:29:01] /t 1
[24/05/2011 18:39:33] /t
