[03/01/2012 22:35:32] /i rare candy
[03/01/2012 22:49:37] /n nurse
[03/01/2012 22:51:33] /n nurse
[03/01/2012 22:56:59] /reload actions
[03/01/2012 23:04:32] /i great ball, 20
[03/01/2012 23:07:04] /m digglet, 7
[03/01/2012 23:07:09] /m diglett, 7
[03/01/2012 23:07:35] /m diglett, 10
[03/01/2012 23:12:23] /ghost
[03/01/2012 23:12:47] /ghost
[03/01/2012 23:12:50] /ghost
[03/01/2012 23:12:54] /i pizza
[03/01/2012 23:14:30] /addskill klein, level, 22
[03/01/2012 23:32:45] /r
[03/01/2012 23:32:48] /r
[03/01/2012 23:33:19] /i pizza
[03/01/2012 23:33:22] /ghost
[03/01/2012 23:33:23] /ghost
[03/01/2012 23:36:40] /r
[03/01/2012 23:36:45] /r
[03/01/2012 23:36:48] /r
[03/01/2012 23:36:49] /r
[03/01/2012 23:36:50] /r
[03/01/2012 23:36:50] /r
[03/01/2012 23:36:54] /r
[03/01/2012 23:36:55] /r
[04/01/2012 16:36:31] /a 4
[04/01/2012 16:40:57] /i 1111
[04/01/2012 16:40:59] /i 1111
[04/01/2012 16:41:00] /i 1111
[04/01/2012 16:41:01] /i 1111
[04/01/2012 16:41:03] /i 1111
[04/01/2012 16:41:04] /i 1111
[04/01/2012 16:41:06] /a 2
[04/01/2012 16:41:08] /i 1111
[04/01/2012 16:41:11] /a 2
[04/01/2012 16:41:12] /i 1111
[04/01/2012 16:41:14] /a 3
[04/01/2012 16:46:35] /m bellsprout, 2
[04/01/2012 16:54:40] /m bellsprout, 1
[04/01/2012 16:54:51] /m bellsprout, 1
[04/01/2012 16:54:57] /r
[04/01/2012 16:54:59] /r
[05/01/2012 15:36:24] /addskill klein, level, 10
[05/01/2012 15:36:37] /addskill klein, level, 100
[05/01/2012 15:38:14] /save
[05/01/2012 15:45:33] /a 1
[05/01/2012 15:45:40] /a 1
[05/01/2012 17:19:09] /i recording camera
[05/01/2012 18:23:44] /t
[05/01/2012 19:06:35] /goto bellsprout
[05/01/2012 23:20:38] /t
[05/01/2012 23:21:26] /r
[06/01/2012 16:04:53] /a 12
[06/01/2012 16:04:54] /a 12
[06/01/2012 16:04:54] /a 12
[06/01/2012 16:04:54] /a 12
[06/01/2012 16:04:55] /a 12
[06/01/2012 16:04:55] /a 12
[06/01/2012 16:04:56] /a 12
[06/01/2012 16:04:56] /a 12
[06/01/2012 16:04:56] /a 12
[06/01/2012 16:04:57] /a 12
[06/01/2012 16:04:57] /a 12
[06/01/2012 16:04:57] /a 12
[06/01/2012 16:04:58] /a 12
[06/01/2012 16:04:58] /a 12
[06/01/2012 16:04:58] /a 12
[06/01/2012 16:04:59] /a 12
[06/01/2012 16:04:59] /a 12
[06/01/2012 16:05:01] /a 44
[06/01/2012 16:05:02] /a 66
[06/01/2012 16:05:03] /a 88
[06/01/2012 16:10:52] /t
[06/01/2012 16:10:55] /n brock
[06/01/2012 16:41:42] /m bellsprout, 10
[06/01/2012 16:42:33] /m bellsprout, 1
[06/01/2012 16:42:48] /m bellsprout, 1
[06/01/2012 16:43:10] /n brock
[06/01/2012 16:43:52] /n brock
[06/01/2012 16:51:51] /m golem, 10
[06/01/2012 17:21:43] /n brock
[06/01/2012 17:23:17] /i 1111
[06/01/2012 17:23:17] /i 1111
[06/01/2012 17:23:19] /i 1111
[06/01/2012 17:23:19] /i 1111
[06/01/2012 17:24:13] /r
[06/01/2012 17:24:14] /r
[06/01/2012 17:35:59] /n brock
[06/01/2012 17:36:03] /i 1111
[06/01/2012 17:36:04] /i 1111
[06/01/2012 17:36:04] /i 1111
[06/01/2012 17:36:05] /i 1111
[06/01/2012 17:36:13] /a 2
[06/01/2012 17:36:22] /a 2
[06/01/2012 17:36:25] /a 2
[06/01/2012 17:36:35] /a 2
[06/01/2012 17:36:46] /storage klein, 990
[06/01/2012 17:36:47] /a 2
[06/01/2012 17:47:39] /i 1111
[06/01/2012 17:47:39] /i 1111
[06/01/2012 17:47:40] /i 1111
[06/01/2012 17:47:42] /a 3
[06/01/2012 17:47:43] /i 1111
[06/01/2012 17:47:46] /n brock
[06/01/2012 17:48:37] /a 2
[06/01/2012 17:48:46] /r
[06/01/2012 17:48:51] /i 1111
[06/01/2012 17:52:26] /a 2
[06/01/2012 17:52:32] /a 2
[06/01/2012 17:58:15] /i 1111
[06/01/2012 17:58:16] /r
[06/01/2012 17:58:18] /i 1111
[06/01/2012 17:58:19] /i 1111
[06/01/2012 17:58:20] /i 1111
[06/01/2012 17:58:39] /n brock
[06/01/2012 17:59:04] /a 2
[06/01/2012 17:59:26] /a 2
[06/01/2012 18:00:24] /a 2
[06/01/2012 18:01:15] /i 111
[06/01/2012 18:01:16] /i 1111
[06/01/2012 18:01:16] /i 1111
[06/01/2012 18:01:17] /i 1111
[06/01/2012 18:01:21] /n brock
[06/01/2012 18:01:36] /storage klein, 990
[06/01/2012 18:01:50] /storage klein, 990
[06/01/2012 18:02:30] /storage klein, 990
[06/01/2012 18:06:03] /i 1111
[06/01/2012 18:06:04] /i 1111
[06/01/2012 18:06:04] /i 1111
[06/01/2012 18:06:07] /n brock
[06/01/2012 18:18:00] /i tree
[06/01/2012 18:18:33] /i 1111
[06/01/2012 18:18:34] /i 1111
[06/01/2012 18:18:35] /i 1111
[06/01/2012 18:37:42] /n brock
[06/01/2012 18:59:08] /a 77
[06/01/2012 18:59:13] /a 5
[06/01/2012 18:59:13] /a 5
[06/01/2012 18:59:15] /a 88
[06/01/2012 18:59:15] /a 88
[06/01/2012 18:59:16] /a 88
[06/01/2012 18:59:22] /i grass
[06/01/2012 19:01:47] /t
[06/01/2012 19:12:57] /i 1285
[06/01/2012 19:12:58] /i 1285
[06/01/2012 19:12:58] /i 1285
[06/01/2012 19:12:59] /i 1285
[06/01/2012 19:12:59] /i 1285
[06/01/2012 19:13:00] /i 1285
[06/01/2012 19:13:00] /i 1285
[06/01/2012 19:13:01] /i 1285
[06/01/2012 19:16:16] /a 2
[06/01/2012 19:16:22] /i stone floor
[06/01/2012 19:16:39] /i 431
[06/01/2012 19:20:40] /i 1285
[06/01/2012 19:20:41] /i 1285
[06/01/2012 19:20:42] /i 1285
[06/01/2012 19:20:42] /i 1285
[06/01/2012 19:20:43] /i 1285
[06/01/2012 19:20:43] /i 1285
[06/01/2012 19:20:44] /i 1285
[06/01/2012 19:20:44] /i 1285
[06/01/2012 19:20:51] /r
[06/01/2012 19:21:23] /i 1285
[06/01/2012 19:21:26] /r
[06/01/2012 19:23:12] /i 1285
[06/01/2012 19:23:13] /i 1285
[06/01/2012 19:23:14] /i 1285
[06/01/2012 19:23:14] /i 1285
[06/01/2012 19:23:15] /i 1285
[06/01/2012 19:23:19] /i 1285
[06/01/2012 19:23:20] /a 2
[06/01/2012 19:23:21] /i 1285
[06/01/2012 19:24:54] /i computer
[06/01/2012 19:25:29] /addskill klein, level, 20
