[24/01/2011 13:42:58] /addskill Laks, level, 300
[24/01/2011 13:43:01] /m pidgeot s
[24/01/2011 13:43:30] /m sandslash s
[24/01/2011 13:43:47] /m charizard s
[24/01/2011 13:44:04] /r
[24/01/2011 13:44:07] /m golbat s
[24/01/2011 13:44:45] /r
[24/01/2011 13:44:47] /r
[24/01/2011 13:44:48] /r
[24/01/2011 13:44:49] /r
[24/01/2011 13:44:53] /r
[24/01/2011 15:10:59] /m pidgeot s
[24/01/2011 15:11:15] /r
[24/01/2011 15:11:17] /m sandslash s
[24/01/2011 15:11:50] /r
[24/01/2011 15:11:54] /m muk s
[24/01/2011 15:23:22] /m bellsprout s
[24/01/2011 15:23:31] /r
[24/01/2011 15:25:44] /m bellsprout s
[24/01/2011 15:26:30] /r
[24/01/2011 15:26:31] /m bellsprout s
[24/01/2011 15:28:35] /m bellsprout s
[24/01/2011 15:29:45] /r
[24/01/2011 15:29:47] /m bellsprout s
[24/01/2011 15:31:01] /r
[24/01/2011 15:31:04] /m bellsprout s
[24/01/2011 15:32:49] /m bellsprout s
[24/01/2011 15:35:33] /m bellsprout s
[24/01/2011 15:35:57] /r
[24/01/2011 15:36:00] /m bellsprout s
[24/01/2011 15:36:54] /r
[24/01/2011 15:36:56] /m bellsprout s
[24/01/2011 15:37:13] /m bellsprout s
[24/01/2011 15:45:16] /m bellsprout s
[24/01/2011 15:46:31] /m bellsprout s
[24/01/2011 15:48:45] /m bellsprout s
[24/01/2011 15:48:56] /r
[24/01/2011 15:50:35] /m bellsprout s
[24/01/2011 15:53:08] /m bellsprout s
[24/01/2011 15:54:27] /m bellsprout s
[24/01/2011 17:06:10] /goto nums
[24/01/2011 17:09:47] /a 55
[24/01/2011 17:09:49] /a 4
[24/01/2011 17:09:49] /a 4
[24/01/2011 17:09:50] /a 4
[24/01/2011 17:11:31] /m oddish s
[24/01/2011 17:13:11] /m oddish s
[24/01/2011 17:13:11] /m oddish s
[24/01/2011 17:13:12] /m oddish s
[24/01/2011 17:13:13] /m oddish s
[24/01/2011 17:13:14] /m oddish s
[24/01/2011 17:15:10] /r
[24/01/2011 17:15:12] /r
[24/01/2011 17:15:13] /r
[24/01/2011 17:15:14] /r
[24/01/2011 17:15:14] /r
[24/01/2011 17:15:16] /r
[24/01/2011 17:15:21] /m oddish s
[24/01/2011 17:16:37] /a 45
[24/01/2011 17:17:26] /r
[24/01/2011 17:17:29] /m oddish s
[24/01/2011 17:21:58] /i 1285
[24/01/2011 17:21:59] /i 1285
[24/01/2011 17:22:01] /i 1285
[24/01/2011 17:22:04] /i 1285
[24/01/2011 17:22:09] /i 1285
[24/01/2011 17:22:10] /i 1285
[24/01/2011 17:22:10] /i 1285
[24/01/2011 17:22:12] /a 2
[24/01/2011 17:22:12] /i 1285
[24/01/2011 17:22:14] /i 1285
[24/01/2011 17:22:14] /i 1285
[24/01/2011 17:22:16] /i 1285
[24/01/2011 17:22:20] /i 1285
[24/01/2011 17:22:24] /a 1
[24/01/2011 17:22:27] /r
[24/01/2011 17:22:28] /r
[24/01/2011 17:22:29] /r
[24/01/2011 17:22:32] /r
[24/01/2011 17:22:36] /r
[24/01/2011 17:22:47] /r
[24/01/2011 17:22:49] /r
[24/01/2011 17:23:04] /r
[24/01/2011 17:23:06] /r
[24/01/2011 17:23:06] /r
[24/01/2011 17:23:07] /r
[24/01/2011 17:23:08] /r
[24/01/2011 17:23:09] /r
[24/01/2011 17:23:13] /r
[24/01/2011 17:23:16] /r
[24/01/2011 17:23:16] /r
[24/01/2011 17:23:17] /r
[24/01/2011 17:23:18] /r
[24/01/2011 17:24:21] /r
[24/01/2011 17:24:30] /r
[24/01/2011 17:27:36] /goto dodrio
[24/01/2011 17:28:55] /i 1101
[24/01/2011 17:28:56] /i 1101
[24/01/2011 17:28:56] /i 1101
[24/01/2011 17:28:59] /r
[24/01/2011 17:29:00] /i 1101
[24/01/2011 17:29:01] /r
[24/01/2011 17:29:02] /r
[24/01/2011 17:29:04] /i 1101
[24/01/2011 17:29:05] /i 1101
[24/01/2011 17:29:06] /i 1101
[24/01/2011 17:29:21] /r
[24/01/2011 17:32:07] /r
[24/01/2011 17:32:09] /a 1
[24/01/2011 17:32:16] /r
[24/01/2011 17:32:55] /r
[24/01/2011 17:32:58] /r
[24/01/2011 17:33:01] /m doduo s
[24/01/2011 17:33:14] /i 1102
[24/01/2011 17:33:16] /i 1102
[24/01/2011 17:33:17] /i 1102
[24/01/2011 17:33:18] /i 1102
[24/01/2011 17:33:18] /i 1102
[24/01/2011 17:33:23] /i 1101
[24/01/2011 17:33:24] /i 1101
[24/01/2011 17:33:27] /i 1101
[24/01/2011 17:34:48] /r
[24/01/2011 21:07:49] /t
[24/01/2011 21:07:53] /m bellsprout s
[24/01/2011 21:12:10] /i 1102
[24/01/2011 21:12:11] /i 1102
[24/01/2011 21:12:13] /i 1102
[24/01/2011 21:12:15] /i 1102
[24/01/2011 21:12:19] /s gengar
[24/01/2011 21:12:25] /r
[24/01/2011 21:12:37] /r
[24/01/2011 21:12:38] /r
[24/01/2011 21:12:51] /i 919
[24/01/2011 21:12:57] /r
[24/01/2011 21:12:58] /a 1
[24/01/2011 21:13:01] /i 100
[24/01/2011 21:37:35] /t
[24/01/2011 21:37:55] /a 3
[24/01/2011 21:37:56] /a 3
[24/01/2011 21:37:56] /a 3
[24/01/2011 21:37:58] /ghost
[24/01/2011 21:37:59] /a 2
[24/01/2011 21:38:00] /a 2
[24/01/2011 21:38:00] /a 2
[24/01/2011 21:38:00] /a 2
[24/01/2011 21:38:01] /a 2
[24/01/2011 21:38:08] /a 2
[24/01/2011 21:38:09] /a 2
[24/01/2011 21:38:10] /a 2
[24/01/2011 21:40:29] /ghost
[24/01/2011 21:48:55] /ghost
[24/01/2011 21:48:56] /ghost
[24/01/2011 21:48:59] /ghost
[24/01/2011 21:49:28] /ghost
[24/01/2011 21:49:29] /ghost
[24/01/2011 21:49:47] /ghost
[24/01/2011 21:49:52] /ghost
[24/01/2011 21:51:29] /ghost
[24/01/2011 21:51:46] /ghost
[24/01/2011 21:59:42] /ghost
[24/01/2011 22:01:56] /ghost
[24/01/2011 22:03:58] /ghost
[24/01/2011 22:04:09] /ghost
[24/01/2011 22:04:41] /ghost
[24/01/2011 22:04:49] /ghost
[24/01/2011 22:06:02] /ghost
[24/01/2011 22:22:32] /t
[24/01/2011 22:22:35] /m bellsprout s
[24/01/2011 22:23:15] /r
[24/01/2011 22:23:15] /m bellsprout s
[24/01/2011 22:23:18] /r
[24/01/2011 22:23:19] /m bellsprout s
[24/01/2011 22:24:13] /t
[24/01/2011 22:24:15] /m bellsprout s
[24/01/2011 23:18:13] /m bellsprout s
[24/01/2011 23:18:14] /m bellsprout s
[24/01/2011 23:18:14] /m bellsprout s
[24/01/2011 23:18:15] /m bellsprout s
[24/01/2011 23:18:22] /i 2146
[24/01/2011 23:18:41] /m bellsprout s
[24/01/2011 23:18:48] /m bellsprout s
[24/01/2011 23:18:52] /m bellsprout s
[24/01/2011 23:19:04] /m bellsprout s
[24/01/2011 23:50:40] /m charizard s
[24/01/2011 23:50:44] /i coccon stone
[24/01/2011 23:50:45] /i coccon stone
[24/01/2011 23:50:45] /i coccon stone
[24/01/2011 23:52:22] /m charizard s
[24/01/2011 23:53:09] /m charizard s
[24/01/2011 23:54:50] /m weedle s
[24/01/2011 23:55:39] /m grimer s
[24/01/2011 23:55:52] /m articuno
[24/01/2011 23:56:22] /s grimer s
[24/01/2011 23:56:31] /r
[24/01/2011 23:58:28] /s beedrill
[24/01/2011 23:58:30] /m articuno
[24/01/2011 23:58:34] /r
[24/01/2011 23:58:37] /r
[24/01/2011 23:58:40] /m grimer s
[24/01/2011 23:58:44] /m grimer s
[24/01/2011 23:58:48] /m pidgeot s
[24/01/2011 23:58:53] /m sandslash s
[24/01/2011 23:58:54] /m golem s
[25/01/2011 00:00:39] /i coccon stone
[25/01/2011 00:00:58] /i coccon stone
[25/01/2011 00:00:58] /i coccon stone
[25/01/2011 00:05:21] /i 2230
[25/01/2011 00:16:22] /i 1022
[25/01/2011 00:16:24] /i 1023
[25/01/2011 00:20:35] /a 3
[25/01/2011 00:20:35] /a 3
[25/01/2011 00:20:36] /a 3
[25/01/2011 00:20:38] /i 2160
[25/01/2011 00:20:58] /m bellsprout s
[25/01/2011 00:20:59] /m bellsprout s
[25/01/2011 00:21:00] /m bellsprout s
[25/01/2011 00:21:01] /m bellsprout s
[25/01/2011 00:21:02] /m bellsprout s
[25/01/2011 00:21:03] /m bellsprout s
[25/01/2011 00:21:04] /m bellsprout s
[25/01/2011 00:21:07] /m bellsprout s
[25/01/2011 00:21:08] /m bellsprout s
[25/01/2011 00:21:09] /m bellsprout s
[25/01/2011 00:21:12] /m bellsprout s
[25/01/2011 00:21:13] /m bellsprout s
[25/01/2011 00:21:15] /m bellsprout s
[25/01/2011 00:45:06] /m articuno
[25/01/2011 01:08:51] /r
[25/01/2011 01:09:55] /t
[25/01/2011 01:10:04] /t 0
[25/01/2011 01:14:11] /t
[25/01/2011 01:14:12] /a 2
[25/01/2011 01:14:13] /a 2
[25/01/2011 01:14:13] /a 2
[25/01/2011 01:14:14] /a 2
[25/01/2011 01:14:14] /a 2
[25/01/2011 01:14:14] /a 2
[25/01/2011 01:14:31] /t
[25/01/2011 01:14:32] /a 2
[25/01/2011 01:14:32] /a 2
[25/01/2011 01:14:33] /a 2
[25/01/2011 01:14:34] /a 2
[25/01/2011 01:14:34] /a 2
[25/01/2011 01:14:35] /a 2
[25/01/2011 01:14:35] /a 2
[25/01/2011 01:14:36] /a 2
[25/01/2011 01:14:40] /t
[25/01/2011 01:14:40] /a 2
[25/01/2011 01:14:41] /a 2
[25/01/2011 01:14:41] /a 2
[25/01/2011 01:14:42] /a 2
[25/01/2011 01:14:42] /a 2
[25/01/2011 01:14:43] /a 2
[25/01/2011 01:15:25] /m bellsprout s
[25/01/2011 01:15:27] /m bellsprout s
[25/01/2011 01:15:28] /m bellsprout s
[25/01/2011 01:15:29] /m bellsprout s
[25/01/2011 01:15:30] /m bellsprout s
[25/01/2011 01:16:25] /t
[25/01/2011 01:16:26] /a 
[25/01/2011 01:16:28] /a 2
[25/01/2011 01:16:28] /a 2
[25/01/2011 01:16:28] /a 2
[25/01/2011 01:16:29] /a 2
[25/01/2011 01:16:29] /a 2
[25/01/2011 01:16:50] /storage Laks, 9506
[25/01/2011 01:16:52] /storage Laks, 9506, 0
[25/01/2011 01:17:02] /storage Laks, 9507, 0
[25/01/2011 01:17:08] /storage Laks, 9499, 0
[25/01/2011 01:17:16] /m bellsrout s
[25/01/2011 01:17:19] /m bellsprout s
[25/01/2011 01:17:20] /r
