[20/12/2010 17:28:24] /i 1015
[20/12/2010 17:28:25] /i 1015
[20/12/2010 17:28:28] /i 1015
[20/12/2010 17:28:30] /i 1015
[20/12/2010 17:28:38] /newtype 301
[20/12/2010 17:28:44] /i 1015
[20/12/2010 17:28:45] /i 1015
[20/12/2010 17:28:46] /i 1015
[20/12/2010 17:28:47] /i 1015
[20/12/2010 17:28:48] /i 1015
[20/12/2010 17:28:49] /i 1015
[20/12/2010 17:28:50] /i 1015
[20/12/2010 17:28:50] /i 1015
[20/12/2010 17:28:52] /i 1015
[20/12/2010 17:28:53] /i 1015
[20/12/2010 17:28:54] /i 1015
[20/12/2010 17:28:55] /i 1015
[20/12/2010 17:28:56] /i 1015
[20/12/2010 17:28:57] /i 1015
[20/12/2010 17:28:58] /i 1015
[20/12/2010 17:28:59] /i 1015
[20/12/2010 17:29:01] /i 1015
[20/12/2010 17:29:02] /r
[20/12/2010 17:29:07] /r
[20/12/2010 17:29:09] /a
[20/12/2010 17:29:12] /a
[20/12/2010 17:29:14] /a
[20/12/2010 17:29:37] /r
[20/12/2010 17:29:39] /r
[20/12/2010 17:29:40] /r
[20/12/2010 17:29:42] /r
[20/12/2010 17:29:46] /r
[20/12/2010 17:29:48] /r
[20/12/2010 17:29:50] /r
[20/12/2010 17:29:57] /r
[20/12/2010 17:29:59] /r
[20/12/2010 17:30:01] /r
[20/12/2010 17:30:02] /r
[20/12/2010 17:30:03] /r
[20/12/2010 17:30:05] /r
[20/12/2010 17:30:29] /i 2160
[20/12/2010 17:30:29] /i 2160
[20/12/2010 17:30:29] /i 2160
[20/12/2010 17:30:29] /i 2160
[20/12/2010 17:30:29] /i 2160
[20/12/2010 17:30:29] /i 2160
[20/12/2010 17:30:29] /i 2160
[20/12/2010 17:30:29] /i 2160
[20/12/2010 17:30:30] /i 2160
[20/12/2010 17:30:30] /i 2160
[20/12/2010 17:30:30] /i 2160
[20/12/2010 17:30:30] /i 2160
[20/12/2010 17:30:30] /i 2160
[20/12/2010 17:30:30] /i 2160
[20/12/2010 17:30:30] /i 2160
[20/12/2010 17:30:30] /i 2160
[20/12/2010 17:30:31] /i 2160
[20/12/2010 17:30:31] /i 2160
[20/12/2010 17:30:31] /i 2160
[20/12/2010 17:30:31] /i 2160
[20/12/2010 17:30:32] /i 2160
[20/12/2010 17:30:33] /i 2160
[20/12/2010 17:30:33] /i 2160
[20/12/2010 17:30:33] /i 2160
[20/12/2010 17:30:34] /i 2160
[20/12/2010 17:30:35] /i 2160
[20/12/2010 17:30:36] /i 2160
[20/12/2010 17:30:37] /i 2160
[20/12/2010 17:30:38] /i 2160
[20/12/2010 17:30:40] /i 2160
[20/12/2010 17:30:41] /i 2160
[20/12/2010 17:30:42] /i 2160
[20/12/2010 17:30:42] /i 2160
[20/12/2010 17:30:42] /i 2160
[20/12/2010 17:30:42] /i 2160
[20/12/2010 17:30:43] /i 2160
[20/12/2010 17:30:43] /i 2160
[20/12/2010 17:30:43] /i 2160
[20/12/2010 17:30:44] /i 2160
[20/12/2010 17:30:44] /i 2160
[20/12/2010 17:30:44] /i 2160
[20/12/2010 17:30:44] /i 2160
[20/12/2010 17:30:44] /i 2160
[20/12/2010 17:30:44] /i 2160
[20/12/2010 17:30:44] /i 2160
[20/12/2010 17:30:45] /i 2160
[20/12/2010 17:30:45] /i 2160
[20/12/2010 17:30:45] /i 2160
[20/12/2010 17:30:45] /i 2160
[20/12/2010 17:30:45] /i 2160
[20/12/2010 17:30:46] /i 2160
[20/12/2010 17:30:46] /i 2160
[20/12/2010 17:30:46] /i 2160
[20/12/2010 17:30:46] /i 2160
[20/12/2010 17:30:47] /i 2160
[20/12/2010 17:30:47] /i 2160
[20/12/2010 17:30:47] /i 2160
[20/12/2010 17:30:47] /i 2160
[20/12/2010 17:30:48] /i 2160
[20/12/2010 17:30:48] /i 2160
[20/12/2010 17:30:48] /i 2160
[20/12/2010 17:30:48] /i 2160
[20/12/2010 17:30:48] /i 2160
[20/12/2010 17:30:48] /i 2160
[20/12/2010 17:30:48] /i 2160
[20/12/2010 17:30:49] /i 2160
[20/12/2010 17:30:49] /i 2160
[20/12/2010 17:30:49] /i 2160
[20/12/2010 17:30:50] /i 2160
[20/12/2010 17:30:50] /i 2160
[20/12/2010 17:30:50] /i 2160
[20/12/2010 17:30:50] /i 2160
[20/12/2010 17:30:50] /i 2160
[20/12/2010 17:30:50] /i 2160
[20/12/2010 17:30:50] /i 2160
[20/12/2010 17:30:51] /i 2160
[20/12/2010 17:30:51] /i 2160
[20/12/2010 17:30:51] /i 2160
[20/12/2010 17:30:51] /i 2160
[20/12/2010 17:30:51] /i 2160
[20/12/2010 17:30:52] /i 2160
[20/12/2010 17:30:52] /i 2160
[20/12/2010 17:30:52] /i 2160
[20/12/2010 17:30:52] /i 2160
[20/12/2010 17:30:53] /i 2160
[20/12/2010 17:30:53] /i 2160
[20/12/2010 17:30:53] /i 2160
[20/12/2010 17:30:53] /i 2160
[20/12/2010 17:30:53] /i 2160
[20/12/2010 17:30:54] /i 2160
[20/12/2010 17:30:54] /i 2160
[20/12/2010 17:30:54] /i 2160
[20/12/2010 17:30:54] /i 2160
[20/12/2010 17:30:55] /i 2160
[20/12/2010 17:30:55] /i 2160
[20/12/2010 17:30:55] /i 2160
[20/12/2010 17:30:55] /i 2160
[20/12/2010 17:30:55] /i 2160
[20/12/2010 17:30:55] /i 2160
[20/12/2010 17:30:56] /i 2160
[20/12/2010 17:30:56] /i 2160
[20/12/2010 17:30:56] /i 2160
[20/12/2010 17:30:57] /i 2160
[20/12/2010 17:30:57] /i 2160
[20/12/2010 17:30:57] /i 2160
[20/12/2010 17:30:57] /i 2160
[20/12/2010 17:30:57] /i 2160
[20/12/2010 17:30:57] /i 2160
[20/12/2010 17:30:57] /i 2160
[20/12/2010 17:30:58] /i 2160
[20/12/2010 17:30:58] /i 2160
[20/12/2010 17:30:58] /i 2160
[20/12/2010 17:30:58] /i 2160
[20/12/2010 17:30:59] /i 2160
[20/12/2010 17:30:59] /i 2160
[20/12/2010 17:30:59] /i 2160
[20/12/2010 17:30:59] /i 2160
[20/12/2010 17:30:59] /i 2160
[20/12/2010 17:31:00] /i 2160
[20/12/2010 17:31:00] /i 2160
[20/12/2010 17:31:00] /i 2160
[20/12/2010 17:31:00] /i 2160
[20/12/2010 17:31:01] /i 2160
[20/12/2010 17:31:01] /i 2160
[20/12/2010 17:31:01] /i 2160
[20/12/2010 17:31:01] /i 2160
[20/12/2010 17:31:01] /i 2160
[20/12/2010 17:31:02] /i 2160
[20/12/2010 17:31:02] /i 2160
[20/12/2010 17:31:02] /i 2160
[20/12/2010 17:31:03] /i 2160
[20/12/2010 17:31:03] /i 2160
[20/12/2010 17:31:03] /i 2160
[20/12/2010 17:31:03] /i 2160
[20/12/2010 17:31:03] /i 2160
[20/12/2010 17:31:03] /i 2160
[20/12/2010 17:31:04] /i 2160
[20/12/2010 17:31:04] /i 2160
[20/12/2010 17:31:04] /i 2160
[20/12/2010 17:31:04] /i 2160
[20/12/2010 17:31:05] /i 2160
[20/12/2010 17:31:05] /i 2160
[20/12/2010 17:31:05] /i 2160
[20/12/2010 17:31:05] /i 2160
[20/12/2010 17:31:05] /i 2160
[20/12/2010 17:31:06] /i 2160
[20/12/2010 17:31:06] /i 2160
[20/12/2010 17:31:06] /i 2160
[20/12/2010 17:31:06] /i 2160
[20/12/2010 17:31:06] /i 2160
[20/12/2010 17:31:07] /i 2160
[20/12/2010 17:31:07] /i 2160
[20/12/2010 17:31:07] /i 2160
[20/12/2010 17:31:07] /i 2160
[20/12/2010 17:31:08] /i 2160
[20/12/2010 17:31:08] /i 2160
[20/12/2010 17:31:08] /i 2160
[20/12/2010 17:31:08] /i 2160
[20/12/2010 17:31:09] /i 2160
[20/12/2010 17:31:09] /i 2160
[20/12/2010 17:31:09] /i 2160
[20/12/2010 17:31:10] /i 2160
[20/12/2010 17:31:10] /i 2160
[20/12/2010 17:31:10] /i 2160
[20/12/2010 17:31:10] /i 2160
[20/12/2010 17:31:11] /i 2160
[20/12/2010 17:31:11] /i 2160
[20/12/2010 17:31:11] /i 2160
[20/12/2010 17:31:11] /i 2160
[20/12/2010 17:31:11] /i 2160
[20/12/2010 17:31:11] /i 2160
[20/12/2010 17:31:12] /i 2160
[20/12/2010 17:31:12] /i 2160
[20/12/2010 17:31:13] /i 2160
[20/12/2010 17:31:13] /i 2160
[20/12/2010 17:31:13] /i 2160
[20/12/2010 17:31:13] /i 2160
[20/12/2010 17:31:13] /i 2160
[20/12/2010 17:31:13] /i 2160
[20/12/2010 17:31:14] /i 2160
[20/12/2010 17:31:14] /i 2160
[20/12/2010 17:31:14] /i 2160
[20/12/2010 17:31:15] /i 2160
[20/12/2010 17:31:15] /i 2160
[20/12/2010 17:31:15] /i 2160
[20/12/2010 17:31:15] /i 2160
[20/12/2010 17:31:16] /i 2160
[20/12/2010 17:31:16] /i 2160
[20/12/2010 17:31:16] /i 2160
[20/12/2010 17:31:16] /i 2160
[20/12/2010 17:31:16] /i 2160
[20/12/2010 17:31:17] /i 2160
[20/12/2010 17:31:17] /i 2160
[20/12/2010 17:31:17] /i 2160
[20/12/2010 17:31:18] /i 2160
[20/12/2010 17:31:18] /i 2160
[20/12/2010 17:31:18] /i 2160
[20/12/2010 17:31:18] /i 2160
[20/12/2010 17:31:18] /i 2160
[20/12/2010 17:31:18] /i 2160
[20/12/2010 17:31:19] /i 2160
[20/12/2010 17:31:19] /i 2160
[20/12/2010 17:31:19] /i 2160
[20/12/2010 17:31:20] /i 2160
[20/12/2010 17:31:20] /i 2160
[20/12/2010 17:31:20] /i 2160
[20/12/2010 17:31:20] /i 2160
[20/12/2010 17:31:21] /i 2160
[20/12/2010 17:31:21] /i 2160
[20/12/2010 17:31:21] /i 2160
[20/12/2010 17:31:21] /i 2160
[20/12/2010 17:31:21] /i 2160
[20/12/2010 17:31:23] /i 2160
[20/12/2010 17:31:24] /i 2160
[20/12/2010 17:31:24] /i 2160
[20/12/2010 17:31:24] /i 2160
[20/12/2010 17:31:24] /i 2160
[20/12/2010 17:31:25] /i 2160
[20/12/2010 17:31:25] /i 2160
[20/12/2010 17:31:25] /i 2160
[20/12/2010 17:31:25] /i 2160
[20/12/2010 17:31:25] /i 2160
[20/12/2010 17:31:26] /i 2160
[20/12/2010 17:31:26] /i 2160
[20/12/2010 17:31:27] /i 2160
[20/12/2010 17:31:27] /i 2160
[20/12/2010 17:31:36] /i 2160
[20/12/2010 17:31:37] /i 2160
[20/12/2010 17:31:37] /i 2160
[20/12/2010 17:31:37] /i 2160
[20/12/2010 17:31:37] /i 2160
[20/12/2010 17:31:37] /i 2160
[20/12/2010 17:31:38] /i 2160
[20/12/2010 17:31:38] /i 2160
[20/12/2010 17:31:38] /i 2160
[20/12/2010 17:31:38] /i 2160
[20/12/2010 17:31:38] /i 2160
[20/12/2010 17:31:39] /i 2160
[20/12/2010 17:31:39] /i 2160
[20/12/2010 17:31:39] /i 2160
[20/12/2010 17:31:39] /i 2160
[20/12/2010 17:31:40] /i 2160
[20/12/2010 17:31:40] /i 2160
[20/12/2010 17:31:40] /i 2160
[20/12/2010 17:31:40] /i 2160
[20/12/2010 17:31:40] /i 2160
[20/12/2010 17:31:41] /i 2160
[20/12/2010 17:31:41] /i 2160
[20/12/2010 17:31:41] /i 2160
[20/12/2010 17:31:41] /i 2160
[20/12/2010 17:31:41] /i 2160
[20/12/2010 17:31:42] /i 2160
[20/12/2010 17:31:42] /i 2160
[20/12/2010 17:31:42] /i 2160
[20/12/2010 17:31:43] /i 2160
[20/12/2010 17:31:43] /i 2160
[20/12/2010 17:31:43] /i 2160
[20/12/2010 17:31:43] /i 2160
[20/12/2010 17:31:43] /i 2160
[20/12/2010 17:31:44] /i 2160
[20/12/2010 17:31:44] /i 2160
[20/12/2010 17:31:44] /i 2160
[20/12/2010 17:31:44] /i 2160
[20/12/2010 17:31:44] /i 2160
[20/12/2010 17:31:44] /i 2160
[20/12/2010 17:31:45] /i 2160
[20/12/2010 17:31:45] /i 2160
[20/12/2010 17:31:45] /i 2160
[20/12/2010 17:31:45] /i 2160
[20/12/2010 17:31:45] /i 2160
[20/12/2010 17:31:46] /i 2160
[20/12/2010 17:31:50] /i 1112
[20/12/2010 17:31:51] /i 1112
[20/12/2010 17:31:52] /i 1112
[20/12/2010 17:31:55] /i 2160
[20/12/2010 17:31:56] /i 2160
[20/12/2010 17:31:56] /i 2160
[20/12/2010 17:31:56] /i 2160
[20/12/2010 17:31:56] /i 2160
[20/12/2010 17:31:56] /i 2160
[20/12/2010 17:31:56] /i 2160
[20/12/2010 17:31:57] /i 2160
[20/12/2010 17:31:57] /i 2160
[20/12/2010 17:31:57] /i 2160
[20/12/2010 17:31:57] /i 2160
[20/12/2010 17:31:58] /i 2160
[20/12/2010 17:31:58] /i 2160
[20/12/2010 17:31:58] /i 2160
[20/12/2010 17:31:58] /i 2160
[20/12/2010 17:31:58] /i 2160
[20/12/2010 17:31:59] /i 2160
[20/12/2010 17:31:59] /i 2160
[20/12/2010 17:31:59] /i 2160
[20/12/2010 17:32:00] /i 2160
[20/12/2010 17:32:00] /i 2160
[20/12/2010 17:32:00] /i 2160
[20/12/2010 17:32:00] /i 2160
[20/12/2010 17:32:00] /i 2160
[20/12/2010 17:32:00] /i 2160
[20/12/2010 17:32:00] /i 2160
[20/12/2010 17:32:01] /i 2160
[20/12/2010 17:32:01] /i 2160
[20/12/2010 17:32:01] /i 2160
[20/12/2010 17:32:01] /i 2160
[20/12/2010 17:32:02] /i 2160
[20/12/2010 17:32:02] /i 2160
[20/12/2010 17:32:02] /i 2160
[20/12/2010 17:32:02] /i 2160
[20/12/2010 17:32:02] /i 2160
[20/12/2010 17:32:02] /i 2160
[20/12/2010 17:32:03] /i 2160
[20/12/2010 17:32:03] /i 2160
[20/12/2010 17:32:03] /i 2160
[20/12/2010 17:32:03] /i 2160
[20/12/2010 17:32:03] /i 2160
[20/12/2010 17:32:04] /i 2160
[20/12/2010 17:32:04] /i 2160
[20/12/2010 17:32:04] /i 2160
[20/12/2010 17:32:04] /i 2160
[20/12/2010 17:32:05] /i 2160
[20/12/2010 17:32:05] /i 2160
[20/12/2010 17:32:05] /i 2160
[20/12/2010 17:32:05] /i 2160
[20/12/2010 17:32:05] /i 2160
[20/12/2010 17:32:05] /i 2160
[20/12/2010 17:32:06] /i 2160
[20/12/2010 17:32:06] /i 2160
[20/12/2010 17:32:06] /i 2160
[20/12/2010 17:32:07] /i 2160
[20/12/2010 17:32:07] /i 2160
[20/12/2010 17:32:07] /i 2160
[20/12/2010 17:32:07] /i 2160
[20/12/2010 17:32:07] /i 2160
[20/12/2010 17:32:07] /i 2160
[20/12/2010 17:32:08] /i 2160
[20/12/2010 17:32:08] /i 2160
[20/12/2010 17:32:08] /i 2160
[20/12/2010 17:32:08] /i 2160
[20/12/2010 17:32:08] /i 2160
[20/12/2010 17:32:09] /i 2160
[20/12/2010 17:32:09] /i 2160
[20/12/2010 17:32:09] /i 2160
[20/12/2010 17:32:10] /i 2160
[20/12/2010 17:32:10] /i 2160
[20/12/2010 17:32:10] /i 2160
[20/12/2010 17:32:10] /i 2160
[20/12/2010 17:32:10] /i 2160
[20/12/2010 17:32:11] /i 2160
[20/12/2010 17:32:11] /i 2160
[20/12/2010 17:32:11] /i 2160
[20/12/2010 17:32:11] /i 2160
[20/12/2010 17:32:11] /i 2160
[20/12/2010 17:32:12] /i 2160
[20/12/2010 17:32:12] /i 2160
[20/12/2010 17:32:12] /i 2160
[20/12/2010 17:32:12] /i 2160
[20/12/2010 17:32:12] /i 2160
[20/12/2010 17:32:13] /i 2160
[20/12/2010 17:32:13] /i 2160
[20/12/2010 17:32:13] /i 2160
[20/12/2010 17:32:13] /i 2160
[20/12/2010 17:32:13] /i 2160
[20/12/2010 17:32:14] /i 2160
[20/12/2010 17:32:14] /i 2160
[20/12/2010 17:32:14] /i 2160
[20/12/2010 17:32:14] /i 2160
[20/12/2010 17:32:15] /i 2160
[20/12/2010 17:32:15] /i 2160
[20/12/2010 17:32:15] /i 2160
[20/12/2010 17:32:16] /i 2160
[20/12/2010 17:32:16] /i 2160
[20/12/2010 17:32:16] /i 2160
[20/12/2010 17:32:16] /i 2160
[20/12/2010 17:32:17] /i 2160
[20/12/2010 17:32:17] /i 2160
[20/12/2010 17:32:17] /i 2160
[20/12/2010 17:32:17] /i 2160
[20/12/2010 17:32:17] /i 2160
[20/12/2010 17:32:18] /i 2160
[20/12/2010 17:32:18] /i 2160
[20/12/2010 17:32:18] /i 2160
[20/12/2010 17:32:18] /i 2160
[20/12/2010 17:32:19] /i 2160
[20/12/2010 17:32:19] /i 2160
[20/12/2010 17:32:19] /i 2160
[20/12/2010 17:32:19] /i 2160
[20/12/2010 17:32:19] /i 2160
[20/12/2010 17:32:21] /i 2160
[20/12/2010 17:32:21] /i 2160
[20/12/2010 17:32:21] /i 2160
[20/12/2010 17:32:21] /i 2160
[20/12/2010 17:32:21] /i 2160
[20/12/2010 17:32:21] /i 2160
[20/12/2010 17:32:21] /i 2160
[20/12/2010 17:32:21] /i 2160
[20/12/2010 17:32:21] /i 2160
[20/12/2010 17:32:22] /i 2160
[20/12/2010 17:32:22] /i 2160
[20/12/2010 17:32:22] /i 2160
[20/12/2010 17:32:22] /i 2160
[20/12/2010 17:32:22] /i 2160
[20/12/2010 17:32:22] /i 2160
[20/12/2010 17:32:23] /i 2160
[20/12/2010 17:32:23] /i 2160
[20/12/2010 17:32:23] /i 2160
[20/12/2010 17:32:23] /i 2160
[20/12/2010 17:32:24] /i 2160
[20/12/2010 17:32:24] /i 2160
[20/12/2010 17:32:24] /i 2160
[20/12/2010 17:32:24] /i 2160
[20/12/2010 17:32:25] /i 2160
[20/12/2010 17:32:25] /i 2160
[20/12/2010 17:32:25] /i 2160
[20/12/2010 17:32:25] /i 2160
[20/12/2010 17:32:25] /i 2160
[20/12/2010 17:32:25] /i 2160
[20/12/2010 17:32:26] /i 2160
[20/12/2010 17:32:26] /i 2160
[20/12/2010 17:32:26] /i 2160
[20/12/2010 17:32:26] /i 2160
[20/12/2010 17:32:27] /i 2160
[20/12/2010 17:32:27] /i 2160
[20/12/2010 17:32:27] /i 2160
[20/12/2010 17:32:27] /i 2160
[20/12/2010 17:32:27] /i 2160
[20/12/2010 17:32:28] /i 2160
[20/12/2010 17:32:28] /i 2160
[20/12/2010 17:32:28] /i 2160
[20/12/2010 17:32:29] /i 2160
[20/12/2010 17:32:29] /i 2160
[20/12/2010 17:32:29] /i 2160
[20/12/2010 17:32:29] /i 2160
[20/12/2010 17:32:30] /i 2160
[20/12/2010 17:32:30] /i 2160
[20/12/2010 17:32:30] /i 2160
[20/12/2010 17:32:30] /i 2160
[20/12/2010 17:32:30] /i 2160
[20/12/2010 17:32:31] /i 2160
[20/12/2010 17:32:31] /i 2160
[20/12/2010 17:32:31] /i 2160
[20/12/2010 17:32:31] /i 2160
[20/12/2010 17:32:32] /i 2160
[20/12/2010 17:32:32] /i 2160
[20/12/2010 17:32:32] /i 2160
[20/12/2010 17:32:32] /i 2160
[20/12/2010 17:32:33] /i 2160
[20/12/2010 17:32:33] /i 2160
[20/12/2010 17:32:33] /i 2160
[20/12/2010 17:32:33] /i 2160
[20/12/2010 17:32:33] /i 2160
[20/12/2010 17:32:34] /i 2160
[20/12/2010 17:32:34] /i 2160
[20/12/2010 17:32:34] /i 2160
[20/12/2010 17:32:34] /i 2160
[20/12/2010 17:32:35] /i 2160
[20/12/2010 17:32:35] /i 2160
[20/12/2010 17:32:35] /i 2160
[20/12/2010 17:32:35] /i 2160
[20/12/2010 17:32:35] /i 2160
[20/12/2010 17:32:36] /i 2160
[20/12/2010 17:32:36] /i 2160
[20/12/2010 17:32:36] /i 2160
[20/12/2010 17:32:36] /i 2160
[20/12/2010 17:32:37] /i 2160
[20/12/2010 17:32:37] /i 2160
[20/12/2010 17:32:37] /i 2160
[20/12/2010 17:32:39] /i 2160
[20/12/2010 17:32:39] /i 2160
[20/12/2010 17:32:40] /i 2160
[20/12/2010 17:32:40] /i 2160
[20/12/2010 17:32:40] /i 2160
[20/12/2010 17:32:41] /i 2160
[20/12/2010 17:32:41] /i 2160
[20/12/2010 17:32:41] /i 2160
[20/12/2010 17:32:41] /i 2160
[20/12/2010 17:32:41] /i 2160
[20/12/2010 17:32:42] /i 2160
[20/12/2010 17:32:42] /i 2160
[20/12/2010 17:32:42] /i 2160
[20/12/2010 17:32:42] /i 2160
[20/12/2010 17:32:42] /i 2160
[20/12/2010 17:32:42] /i 2160
[20/12/2010 17:32:43] /i 2160
[20/12/2010 17:32:43] /i 2160
[20/12/2010 17:32:43] /i 2160
[20/12/2010 17:32:43] /i 2160
[20/12/2010 17:32:44] /i 2160
[20/12/2010 17:32:44] /i 2160
[20/12/2010 17:32:44] /i 2160
[20/12/2010 17:32:44] /i 2160
[20/12/2010 17:32:44] /i 2160
[20/12/2010 17:32:45] /i 2160
[20/12/2010 17:32:45] /i 2160
[20/12/2010 17:32:46] /i 2160
[20/12/2010 17:32:46] /i 2160
[20/12/2010 17:32:46] /i 2160
[20/12/2010 17:32:46] /i 2160
[20/12/2010 17:32:46] /i 2160
[20/12/2010 17:32:47] /i 2160
[20/12/2010 17:32:47] /i 2160
[20/12/2010 17:32:47] /i 2160
[20/12/2010 17:32:47] /i 2160
[20/12/2010 17:32:47] /i 2160
[20/12/2010 17:32:49] /i 2160
[20/12/2010 17:32:49] /i 2160
[20/12/2010 17:32:49] /i 2160
[20/12/2010 17:32:49] /i 2160
[20/12/2010 17:32:49] /i 2160
[20/12/2010 17:32:49] /i 2160
[20/12/2010 17:32:49] /i 2160
[20/12/2010 17:32:53] /i 2160
[20/12/2010 17:32:54] /i 2160
[20/12/2010 17:32:55] /i 2160
[20/12/2010 17:32:55] /i 2160
[20/12/2010 17:32:55] /i 2160
[20/12/2010 17:32:55] /i 2160
[20/12/2010 17:32:56] /i 2160
[20/12/2010 17:32:56] /i 2160
[20/12/2010 17:32:56] /i 2160
[20/12/2010 17:32:56] /i 2160
[20/12/2010 17:32:57] /i 2160
[20/12/2010 17:32:57] /i 2160
[20/12/2010 17:32:57] /i 2160
[20/12/2010 17:32:57] /i 2160
[20/12/2010 17:32:58] /i 2160
[20/12/2010 17:32:58] /i 2160
[20/12/2010 17:32:58] /i 2160
[20/12/2010 17:33:00] /i 2160
[20/12/2010 17:33:00] /i 2160
[20/12/2010 17:33:01] /i 2160
[20/12/2010 17:33:01] /i 2160
[20/12/2010 17:33:01] /i 2160
[20/12/2010 17:33:01] /i 2160
[20/12/2010 17:33:01] /i 2160
[20/12/2010 17:33:02] /i 2160
[20/12/2010 17:33:02] /i 2160
[20/12/2010 17:33:02] /i 2160
[20/12/2010 17:33:02] /i 2160
[20/12/2010 17:33:02] /i 2160
[20/12/2010 17:33:03] /i 2160
[20/12/2010 17:33:03] /i 2160
[20/12/2010 17:33:03] /i 2160
[20/12/2010 17:33:03] /i 2160
[20/12/2010 17:33:03] /i 2160
[20/12/2010 17:33:04] /i 2160
[20/12/2010 17:33:04] /i 2160
[20/12/2010 17:33:04] /i 2160
[20/12/2010 17:33:04] /i 2160
[20/12/2010 17:33:05] /i 2160
[20/12/2010 17:33:05] /i 2160
[20/12/2010 17:33:05] /i 2160
[20/12/2010 17:33:05] /i 2160
[20/12/2010 17:33:05] /i 2160
[20/12/2010 17:33:06] /i 2160
[20/12/2010 17:33:06] /i 2160
[20/12/2010 17:33:07] /i 2160
[20/12/2010 17:33:07] /i 2160
[20/12/2010 17:33:07] /i 2160
[20/12/2010 17:33:07] /i 2160
[20/12/2010 17:33:08] /i 2160
[20/12/2010 17:33:08] /i 2160
[20/12/2010 17:33:08] /i 2160
[20/12/2010 17:33:08] /i 2160
[20/12/2010 17:33:08] /i 2160
[20/12/2010 17:33:08] /i 2160
[20/12/2010 17:33:09] /i 2160
[20/12/2010 17:33:09] /i 2160
[20/12/2010 17:33:09] /i 2160
[20/12/2010 17:33:10] /i 2160
[20/12/2010 17:33:10] /i 2160
[20/12/2010 17:33:10] /i 2160
[20/12/2010 17:33:10] /i 2160
[20/12/2010 17:33:10] /i 2160
[20/12/2010 17:33:11] /i 2160
[20/12/2010 17:33:11] /i 2160
[20/12/2010 17:33:11] /i 2160
[20/12/2010 17:33:11] /i 2160
[20/12/2010 17:33:11] /i 2160
[20/12/2010 17:33:12] /i 2160
[20/12/2010 17:33:12] /i 2160
[20/12/2010 17:33:12] /i 2160
[20/12/2010 17:33:13] /i 2160
[20/12/2010 17:33:13] /i 2160
[20/12/2010 17:33:13] /i 2160
[20/12/2010 17:33:13] /i 2160
[20/12/2010 17:33:13] /i 2160
[20/12/2010 17:33:14] /i 2160
[20/12/2010 17:33:14] /i 2160
[20/12/2010 17:33:14] /i 2160
[20/12/2010 17:33:14] /i 2160
[20/12/2010 17:33:14] /i 2160
[20/12/2010 17:33:15] /i 2160
[20/12/2010 17:33:15] /i 2160
[20/12/2010 17:33:15] /i 2160
[20/12/2010 17:33:15] /i 2160
[20/12/2010 17:33:16] /i 2160
[20/12/2010 17:33:16] /i 2160
[20/12/2010 17:33:16] /i 2160
[20/12/2010 17:33:16] /i 2160
[20/12/2010 17:33:17] /i 2160
[20/12/2010 17:33:17] /i 2160
[20/12/2010 17:33:17] /i 2160
[20/12/2010 17:33:17] /i 2160
[20/12/2010 17:33:17] /i 2160
[20/12/2010 17:33:18] /i 2160
[20/12/2010 17:33:18] /i 2160
[20/12/2010 17:33:18] /i 2160
[20/12/2010 17:33:19] /i 2160
[20/12/2010 17:33:19] /i 2160
[20/12/2010 17:33:19] /i 2160
[20/12/2010 17:33:19] /i 2160
[20/12/2010 17:33:19] /i 2160
[20/12/2010 17:33:19] /i 2160
[20/12/2010 17:33:19] /i 2160
[20/12/2010 17:33:20] /i 2160
[20/12/2010 17:33:20] /i 2160
[20/12/2010 17:33:20] /i 2160
[20/12/2010 17:33:20] /i 2160
[20/12/2010 17:33:21] /i 2160
[20/12/2010 17:33:21] /i 2160
[20/12/2010 17:33:21] /i 2160
[20/12/2010 17:33:21] /i 2160
[20/12/2010 17:33:21] /i 2160
[20/12/2010 17:33:21] /i 2160
[20/12/2010 17:33:22] /i 2160
[20/12/2010 17:33:22] /i 2160
[20/12/2010 17:33:22] /i 2160
[20/12/2010 17:33:23] /i 2160
[20/12/2010 17:33:23] /i 2160
[20/12/2010 17:33:23] /i 2160
[20/12/2010 17:33:24] /i 2160
[20/12/2010 17:33:24] /i 2160
[20/12/2010 17:33:24] /i 2160
[20/12/2010 17:33:24] /i 2160
[20/12/2010 17:33:26] /i 2160
[20/12/2010 17:33:29] /i 2160
[20/12/2010 17:33:29] /i 2160
[20/12/2010 17:33:29] /i 2160
[20/12/2010 17:33:29] /i 2160
[20/12/2010 17:33:29] /i 2160
[20/12/2010 17:33:30] /i 2160
[20/12/2010 17:33:30] /i 2160
[20/12/2010 17:33:30] /i 2160
[20/12/2010 17:33:31] /i 2160
[20/12/2010 17:33:31] /i 2160
[20/12/2010 17:33:31] /i 2160
[20/12/2010 17:33:31] /i 2160
[20/12/2010 17:33:32] /i 2160
[20/12/2010 17:33:32] /i 2160
[20/12/2010 17:33:34] /i 2160
[20/12/2010 17:33:34] /i 2160
[20/12/2010 17:33:34] /i 2160
[20/12/2010 17:33:34] /i 2160
[20/12/2010 17:33:35] /i 2160
[20/12/2010 17:33:35] /i 2160
[20/12/2010 17:33:35] /i 2160
[20/12/2010 17:33:35] /i 2160
[20/12/2010 17:33:35] /i 2160
[20/12/2010 17:33:35] /i 2160
[20/12/2010 17:33:36] /i 2160
[20/12/2010 17:33:36] /i 2160
[20/12/2010 17:33:37] /i 2160
[20/12/2010 17:33:37] /i 2160
[20/12/2010 17:33:37] /i 2160
[20/12/2010 17:33:37] /i 2160
[20/12/2010 17:33:37] /i 2160
[20/12/2010 17:33:38] /i 2160
[20/12/2010 17:33:38] /i 2160
[20/12/2010 17:33:38] /i 2160
[20/12/2010 17:33:38] /i 2160
[20/12/2010 17:33:38] /i 2160
[20/12/2010 17:33:38] /i 2160
[20/12/2010 17:33:39] /i 2160
[20/12/2010 17:33:39] /i 2160
[20/12/2010 17:33:39] /i 2160
[20/12/2010 17:33:39] /i 2160
[20/12/2010 17:33:42] /i 2160
[20/12/2010 17:33:42] /i 2160
[20/12/2010 17:33:42] /i 2160
[20/12/2010 17:33:42] /i 2160
[20/12/2010 17:33:42] /i 2160
[20/12/2010 17:33:43] /i 2160
[20/12/2010 17:33:43] /i 2160
[20/12/2010 17:33:43] /i 2160
[20/12/2010 17:33:43] /i 2160
[20/12/2010 17:33:47] /i 2160
[20/12/2010 17:33:48] /i 2160
[20/12/2010 17:33:48] /i 2160
[20/12/2010 17:33:48] /i 2160
[20/12/2010 17:33:48] /i 2160
[20/12/2010 17:33:48] /i 2160
[20/12/2010 17:33:48] /i 2160
[20/12/2010 17:33:49] /i 2160
[20/12/2010 17:33:49] /i 2160
[20/12/2010 17:33:49] /i 2160
[20/12/2010 17:33:49] /i 2160
[20/12/2010 17:33:50] /i 2160
[20/12/2010 17:33:50] /i 2160
[20/12/2010 17:33:50] /i 2160
[20/12/2010 17:33:50] /i 2160
[20/12/2010 17:33:51] /i 2160
[20/12/2010 17:33:51] /i 2160
[20/12/2010 17:33:51] /i 2160
[20/12/2010 17:33:51] /i 2160
[20/12/2010 17:33:51] /i 2160
[20/12/2010 17:33:51] /i 2160
[20/12/2010 17:33:58] /ghost
[20/12/2010 17:34:07] /a 10
[20/12/2010 17:34:10] /a 10
[20/12/2010 17:34:19] /a 10
[20/12/2010 17:34:27] /a 20
[20/12/2010 17:34:35] /a 10
[20/12/2010 17:34:41] /up
[20/12/2010 17:34:49] /a 20
[20/12/2010 17:43:10] /i crystal
[20/12/2010 17:43:11] /r
[20/12/2010 17:43:23] /r
[20/12/2010 17:43:25] /i crystal
[20/12/2010 17:43:34] /i statue
[20/12/2010 17:43:40] /r
[20/12/2010 17:43:48] /i trone
[20/12/2010 17:43:58] /i tusk chair
[20/12/2010 17:44:00] /i tusk chair
[20/12/2010 17:44:15] /i statue
[20/12/2010 17:44:17] /i statue
[20/12/2010 17:44:19] /r
[20/12/2010 17:44:21] /r
[20/12/2010 17:44:43] /i 3805
[20/12/2010 17:44:46] /i statue
[20/12/2010 17:44:49] /i 3805
[20/12/2010 17:44:50] /i statue
[20/12/2010 17:45:05] /i red carpet
[20/12/2010 17:45:15] /i 17 98
[20/12/2010 17:45:20] /i 1798
[20/12/2010 17:45:22] /r
[20/12/2010 17:45:25] /i 1798
[20/12/2010 17:45:26] /i 1798
[20/12/2010 17:45:27] /i 1798
[20/12/2010 17:45:29] /i 1798
[20/12/2010 17:45:30] /i 1798
[20/12/2010 17:45:31] /i 1798
[20/12/2010 17:45:33] /i 1798
[20/12/2010 17:45:37] /i 1798
[20/12/2010 17:45:37] /i 1798
[20/12/2010 17:45:41] /i 1798
[20/12/2010 17:45:42] /i 1798
[20/12/2010 17:45:43] /i 1798
[20/12/2010 17:45:44] /i 1798
[20/12/2010 17:45:45] /i 1798
[20/12/2010 17:45:46] /i 1798
[20/12/2010 17:55:31] /i 2160
[20/12/2010 17:55:31] /i 2160
[20/12/2010 17:55:31] /i 2160
[20/12/2010 17:55:31] /i 2160
[20/12/2010 17:55:32] /i 2160
[20/12/2010 17:55:32] /i 2160
[20/12/2010 17:55:32] /i 2160
[20/12/2010 17:55:36] /r 100
[20/12/2010 17:55:37] /r 100
[20/12/2010 17:55:39] /r 100
[20/12/2010 17:55:42] /r 100
[20/12/2010 17:55:43] /r 100
[20/12/2010 17:55:44] /r 100
[20/12/2010 17:55:46] /r 100
[20/12/2010 17:55:47] /r 100
[20/12/2010 17:56:03] /i 1798
[20/12/2010 17:56:03] /i 1798
[20/12/2010 17:56:04] /i 1798
[20/12/2010 17:56:04] /i 1798
[20/12/2010 17:56:05] /i 1798
[20/12/2010 17:56:05] /i 1798
[20/12/2010 17:56:05] /i 1798
[20/12/2010 17:56:05] /i 1798
[20/12/2010 17:56:05] /i 1798
[20/12/2010 17:56:05] /i 1798
[20/12/2010 17:56:06] /i 1798
[20/12/2010 17:56:06] /i 1798
[20/12/2010 17:56:06] /i 1798
[20/12/2010 17:56:06] /i 1798
[20/12/2010 17:56:07] /i 1798
[20/12/2010 17:56:07] /i 1798
[20/12/2010 17:56:07] /i 1798
[20/12/2010 17:56:07] /i 1798
[20/12/2010 17:56:07] /i 1798
[20/12/2010 17:56:08] /i 1798
[20/12/2010 17:56:08] /i 1798
[20/12/2010 17:56:08] /i 1798
[20/12/2010 17:56:08] /i 1798
[20/12/2010 17:56:09] /i 1798
[20/12/2010 17:56:09] /i 1798
[20/12/2010 17:56:09] /i 1798
[20/12/2010 17:56:09] /i 1798
[20/12/2010 17:56:10] /i 1798
[20/12/2010 17:56:10] /i 1798
[20/12/2010 17:56:10] /i 1798
[20/12/2010 17:56:11] /i 1798
[20/12/2010 17:56:12] /i 1798
[20/12/2010 17:56:14] /i 1798
[20/12/2010 17:56:15] /i 1798
[20/12/2010 17:56:16] /i 1798
[20/12/2010 17:56:19] /i 1798
[20/12/2010 17:56:20] /i 1798
[20/12/2010 17:56:23] /i 1798
[20/12/2010 17:56:24] /i 1798
[20/12/2010 17:56:25] /i 1798
[20/12/2010 17:56:26] /i 1798
[20/12/2010 17:56:37] /i 1798
[20/12/2010 17:56:38] /i 1798
[20/12/2010 17:56:39] /i 1798
[20/12/2010 17:56:40] /i 1798
[20/12/2010 17:56:41] /i 1798
[20/12/2010 17:56:42] /i 1798
[20/12/2010 17:56:42] /i 1798
[20/12/2010 17:56:43] /i 1798
[20/12/2010 17:56:45] /i 1798
[20/12/2010 17:56:46] /i 1798
[20/12/2010 17:56:47] /i 1798
[20/12/2010 17:56:47] /i 1798
[20/12/2010 17:56:49] /i 1798
[20/12/2010 17:56:49] /i 1798
[20/12/2010 17:56:50] /i 1798
[20/12/2010 17:56:51] /i 1798
[20/12/2010 17:56:52] /i 1798
[20/12/2010 17:56:52] /i 1798
[20/12/2010 17:56:53] /i 1798
[20/12/2010 17:56:53] /i 1798
[20/12/2010 17:56:53] /i 1798
[20/12/2010 17:56:53] /i 1798
[20/12/2010 17:56:53] /i 1798
[20/12/2010 17:56:54] /i 1798
[20/12/2010 17:56:54] /i 1798
[20/12/2010 17:56:54] /i 1798
[20/12/2010 17:56:54] /i 1798
[20/12/2010 17:56:55] /i 1798
[20/12/2010 17:56:55] /i 1798
[20/12/2010 17:56:55] /i 1798
[20/12/2010 17:56:55] /i 1798
[20/12/2010 17:56:56] /i 1798
[20/12/2010 17:56:56] /i 1798
[20/12/2010 17:56:56] /i 1798
[20/12/2010 17:56:57] /i 1798
[20/12/2010 17:56:58] /i 1798
[20/12/2010 17:56:58] /i 1798
[20/12/2010 17:56:58] /i 1798
[20/12/2010 17:56:59] /i 1798
[20/12/2010 17:56:59] /i 1798
[20/12/2010 17:56:59] /i 1798
[20/12/2010 17:56:59] /i 1798
[20/12/2010 17:56:59] /i 1798
[20/12/2010 17:57:00] /i 1798
[20/12/2010 17:57:00] /i 1798
[20/12/2010 17:57:00] /i 1798
[20/12/2010 17:57:00] /i 1798
[20/12/2010 17:57:01] /i 1798
[20/12/2010 17:57:01] /i 1798
[20/12/2010 17:57:01] /i 1798
[20/12/2010 17:57:01] /i 1798
[20/12/2010 17:57:01] /i 1798
[20/12/2010 17:57:02] /i 1798
[20/12/2010 17:57:02] /i 1798
[20/12/2010 17:57:03] /i 1798
[20/12/2010 17:57:03] /i 1798
[20/12/2010 17:57:03] /i 1798
[20/12/2010 17:57:03] /i 1798
[20/12/2010 17:57:03] /i 1798
[20/12/2010 17:57:03] /i 1798
[20/12/2010 17:57:04] /i 1798
[20/12/2010 17:57:04] /i 1798
[20/12/2010 17:57:04] /i 1798
[20/12/2010 17:57:04] /i 1798
[20/12/2010 17:57:05] /i 1798
[20/12/2010 17:57:05] /i 1798
[20/12/2010 17:57:06] /i 1798
[20/12/2010 17:57:06] /i 1798
[20/12/2010 17:57:06] /i 1798
[20/12/2010 17:57:06] /i 1798
[20/12/2010 17:57:06] /i 1798
[20/12/2010 17:57:06] /i 1798
[20/12/2010 17:57:07] /i 1798
[20/12/2010 17:57:07] /i 1798
[20/12/2010 17:57:07] /i 1798
[20/12/2010 17:57:08] /i 1798
[20/12/2010 17:57:08] /i 1798
[20/12/2010 17:57:08] /i 1798
[20/12/2010 17:57:09] /i 1798
[20/12/2010 17:57:09] /i 1798
[20/12/2010 17:57:09] /i 1798
[20/12/2010 17:57:10] /i 1798
[20/12/2010 17:57:10] /i 1798
[20/12/2010 17:57:10] /i 1798
[20/12/2010 17:57:10] /i 1798
[20/12/2010 17:57:10] /i 1798
[20/12/2010 17:57:11] /i 1798
[20/12/2010 17:57:11] /i 1798
[20/12/2010 17:57:11] /i 1798
[20/12/2010 17:57:11] /i 1798
[20/12/2010 17:57:11] /i 1798
[20/12/2010 17:57:12] /i 1798
[20/12/2010 17:57:12] /i 1798
[20/12/2010 17:57:13] /i 1798
[20/12/2010 17:57:13] /i 1798
[20/12/2010 17:57:13] /i 1798
[20/12/2010 17:57:14] /i 1798
[20/12/2010 17:57:14] /i 1798
[20/12/2010 17:57:14] /i 1798
[20/12/2010 17:57:15] /i 1798
[20/12/2010 17:57:15] /i 1798
[20/12/2010 17:57:15] /i 1798
[20/12/2010 17:57:15] /i 1798
[20/12/2010 17:57:16] /i 1798
[20/12/2010 17:57:16] /i 1798
[20/12/2010 17:57:17] /i 1798
[20/12/2010 17:57:17] /i 1798
[20/12/2010 17:57:17] /i 1798
[20/12/2010 17:57:17] /i 1798
[20/12/2010 17:57:18] /i 1798
[20/12/2010 17:57:18] /i 1798
[20/12/2010 17:57:18] /i 1798
[20/12/2010 17:57:18] /i 1798
[20/12/2010 17:57:19] /i 1798
[20/12/2010 17:57:20] /i 1798
[20/12/2010 17:57:20] /i 1798
[20/12/2010 17:57:20] /i 1798
[20/12/2010 17:57:20] /i 1798
[20/12/2010 17:57:21] /i 1798
[20/12/2010 17:57:21] /i 1798
[20/12/2010 17:57:21] /i 1798
[20/12/2010 17:57:21] /i 1798
[20/12/2010 17:57:21] /i 1798
[20/12/2010 17:57:22] /i 1798
[20/12/2010 17:57:22] /i 1798
[20/12/2010 17:57:22] /i 1798
[20/12/2010 17:57:22] /i 1798
[20/12/2010 17:57:23] /i 1798
[20/12/2010 17:57:23] /i 1798
[20/12/2010 17:57:23] /i 1798
[20/12/2010 17:57:23] /i 1798
[20/12/2010 17:57:23] /i 1798
[20/12/2010 17:57:24] /i 1798
[20/12/2010 17:57:24] /i 1798
[20/12/2010 17:57:24] /i 1798
[20/12/2010 17:57:24] /i 1798
[20/12/2010 17:57:24] /i 1798
[20/12/2010 17:57:25] /i 1798
[20/12/2010 17:57:25] /i 1798
[20/12/2010 17:57:25] /i 1798
[20/12/2010 17:57:27] /i 1798
[20/12/2010 17:57:27] /i 1798
[20/12/2010 17:57:27] /i 1798
[20/12/2010 17:57:28] /i 1798
[20/12/2010 17:57:28] /i 1798
[20/12/2010 17:57:28] /i 1798
[20/12/2010 17:57:28] /i 1798
[20/12/2010 17:57:28] /i 1798
[20/12/2010 17:57:29] /i 1798
[20/12/2010 17:57:29] /i 1798
[20/12/2010 17:57:29] /i 1798
[20/12/2010 17:57:29] /i 1798
[20/12/2010 17:57:29] /i 1798
[20/12/2010 17:57:30] /i 1798
[20/12/2010 17:57:30] /i 1798
[20/12/2010 17:57:30] /i 1798
[20/12/2010 17:57:30] /i 1798
[20/12/2010 17:57:30] /i 1798
[20/12/2010 17:57:30] /i 1798
[20/12/2010 17:57:30] /i 1798
[20/12/2010 17:57:31] /i 1798
[20/12/2010 17:57:31] /i 1798
[20/12/2010 17:57:31] /i 1798
[20/12/2010 17:57:32] /i 1798
[20/12/2010 17:57:32] /i 1798
[20/12/2010 17:57:32] /i 1798
[20/12/2010 17:57:32] /i 1798
[20/12/2010 17:57:33] /i 1798
[20/12/2010 17:57:33] /i 1798
[20/12/2010 17:57:33] /i 1798
[20/12/2010 17:57:33] /i 1798
[20/12/2010 17:57:34] /i 1798
[20/12/2010 17:57:34] /i 1798
[20/12/2010 17:57:34] /i 1798
[20/12/2010 17:57:34] /i 1798
[20/12/2010 17:57:34] /i 1798
[20/12/2010 17:57:34] /i 1798
[20/12/2010 17:57:34] /i 1798
[20/12/2010 17:57:35] /i 1798
[20/12/2010 17:57:35] /i 1798
[20/12/2010 17:57:35] /i 1798
[20/12/2010 17:57:35] /i 1798
[20/12/2010 17:57:35] /i 1798
[20/12/2010 17:57:36] /i 1798
[20/12/2010 17:57:38] /i 1798
[20/12/2010 17:57:38] /i 1798
[20/12/2010 17:57:39] /i 1798
[20/12/2010 17:57:39] /i 1798
[20/12/2010 17:57:39] /i 1798
[20/12/2010 17:57:40] /i 1798
[20/12/2010 17:57:40] /i 1798
[20/12/2010 17:57:40] /i 1798
[20/12/2010 17:57:40] /i 1798
[20/12/2010 17:57:40] /i 1798
[20/12/2010 17:57:40] /i 1798
[20/12/2010 17:57:40] /i 1798
[20/12/2010 17:57:40] /i 1798
[20/12/2010 17:57:41] /i 1798
[20/12/2010 17:57:41] /i 1798
[20/12/2010 17:57:41] /i 1798
[20/12/2010 17:57:41] /i 1798
[20/12/2010 17:57:41] /i 1798
[20/12/2010 17:57:42] /i 1798
[20/12/2010 17:57:42] /i 1798
[20/12/2010 17:57:42] /i 1798
[20/12/2010 17:57:42] /i 1798
[20/12/2010 17:57:42] /i 1798
[20/12/2010 17:57:43] /i 1798
[20/12/2010 17:57:44] /i 1798
[20/12/2010 17:57:44] /i 1798
[20/12/2010 17:57:44] /i 1798
[20/12/2010 17:57:44] /i 1798
[20/12/2010 17:57:44] /i 1798
[20/12/2010 17:57:44] /i 1798
[20/12/2010 17:57:44] /i 1798
[20/12/2010 17:57:44] /i 1798
[20/12/2010 17:57:45] /i 1798
[20/12/2010 17:57:45] /i 1798
[20/12/2010 17:57:45] /i 1798
[20/12/2010 17:57:45] /i 1798
[20/12/2010 17:57:46] /i 1798
[20/12/2010 17:57:46] /i 1798
[20/12/2010 17:57:46] /i 1798
[20/12/2010 17:57:46] /i 1798
[20/12/2010 17:57:47] /i 1798
[20/12/2010 17:57:47] /i 1798
[20/12/2010 17:57:47] /i 1798
[20/12/2010 17:57:47] /i 1798
[20/12/2010 17:57:48] /i 1798
[20/12/2010 17:57:48] /i 1798
[20/12/2010 17:57:48] /i 1798
[20/12/2010 17:57:48] /i 1798
[20/12/2010 17:57:48] /i 1798
[20/12/2010 17:57:49] /i 1798
[20/12/2010 17:57:49] /i 1798
[20/12/2010 17:57:49] /i 1798
[20/12/2010 17:57:49] /i 1798
[20/12/2010 17:57:50] /i 1798
[20/12/2010 17:57:50] /i 1798
[20/12/2010 17:57:50] /i 1798
[20/12/2010 17:57:50] /i 1798
[20/12/2010 17:57:50] /i 1798
[20/12/2010 17:57:50] /i 1798
[20/12/2010 17:57:51] /i 1798
[20/12/2010 17:57:51] /i 1798
[20/12/2010 17:57:51] /i 1798
[20/12/2010 17:57:51] /i 1798
[20/12/2010 17:57:51] /i 1798
[20/12/2010 17:57:52] /i 1798
[20/12/2010 17:57:52] /i 1798
[20/12/2010 17:57:52] /i 1798
[20/12/2010 17:57:52] /i 1798
[20/12/2010 17:57:52] /i 1798
[20/12/2010 17:57:53] /i 1798
[20/12/2010 17:57:53] /i 1798
[20/12/2010 17:57:53] /i 1798
[20/12/2010 17:57:53] /i 1798
[20/12/2010 17:57:53] /i 1798
[20/12/2010 17:57:53] /i 1798
[20/12/2010 17:57:54] /i 1798
[20/12/2010 17:57:54] /i 1798
[20/12/2010 17:57:54] /i 1798
[20/12/2010 17:57:55] /i 1798
[20/12/2010 17:57:55] /i 1798
[20/12/2010 17:57:55] /i 1798
[20/12/2010 17:57:55] /i 1798
[20/12/2010 17:57:55] /i 1798
[20/12/2010 17:57:55] /i 1798
[20/12/2010 17:57:55] /i 1798
[20/12/2010 17:57:55] /i 1798
[20/12/2010 17:57:56] /i 1798
[20/12/2010 17:57:56] /i 1798
[20/12/2010 17:57:56] /i 1798
[20/12/2010 17:57:57] /i 1798
[20/12/2010 17:57:57] /i 1798
[20/12/2010 17:57:57] /i 1798
[20/12/2010 17:57:57] /i 1798
[20/12/2010 17:57:57] /i 1798
[20/12/2010 17:57:57] /i 1798
[20/12/2010 17:57:57] /i 1798
[20/12/2010 17:57:58] /i 1798
[20/12/2010 17:57:58] /i 1798
[20/12/2010 17:57:58] /i 1798
[20/12/2010 17:57:58] /i 1798
[20/12/2010 17:57:58] /i 1798
[20/12/2010 17:57:59] /i 1798
[20/12/2010 17:57:59] /i 1798
[20/12/2010 17:57:59] /i 1798
[20/12/2010 17:57:59] /i 1798
[20/12/2010 17:58:00] /i 1798
[20/12/2010 17:58:00] /i 1798
[20/12/2010 17:58:00] /i 1798
[20/12/2010 17:58:00] /i 1798
[20/12/2010 17:58:00] /i 1798
[20/12/2010 17:58:00] /i 1798
[20/12/2010 17:58:01] /i 1798
[20/12/2010 17:58:01] /i 1798
[20/12/2010 17:58:01] /i 1798
[20/12/2010 17:58:02] /i 1798
[20/12/2010 17:58:02] /i 1798
[20/12/2010 17:58:02] /i 1798
[20/12/2010 17:58:02] /i 1798
[20/12/2010 17:58:02] /i 1798
[20/12/2010 17:58:02] /i 1798
[20/12/2010 17:58:03] /i 1798
[20/12/2010 17:58:03] /i 1798
[20/12/2010 17:58:03] /i 1798
[20/12/2010 17:58:03] /i 1798
[20/12/2010 17:58:03] /i 1798
[20/12/2010 17:58:04] /i 1798
[20/12/2010 17:58:04] /i 1798
[20/12/2010 17:58:04] /i 1798
[20/12/2010 17:58:04] /i 1798
[20/12/2010 17:58:04] /i 1798
[20/12/2010 17:58:05] /i 1798
[20/12/2010 17:58:05] /i 1798
[20/12/2010 17:58:05] /i 1798
[20/12/2010 17:58:05] /i 1798
[20/12/2010 17:58:06] /i 1798
[20/12/2010 17:58:06] /i 1798
[20/12/2010 17:58:06] /i 1798
[20/12/2010 17:58:06] /i 1798
[20/12/2010 17:58:06] /i 1798
[20/12/2010 17:58:06] /i 1798
[20/12/2010 17:58:06] /i 1798
[20/12/2010 17:58:07] /i 1798
[20/12/2010 17:58:07] /i 1798
[20/12/2010 17:58:07] /i 1798
[20/12/2010 17:58:08] /i 1798
[20/12/2010 17:58:08] /i 1798
[20/12/2010 17:58:08] /i 1798
[20/12/2010 17:58:09] /i 1798
[20/12/2010 17:58:09] /i 1798
[20/12/2010 17:58:09] /i 1798
[20/12/2010 17:58:09] /i 1798
[20/12/2010 17:58:09] /i 1798
[20/12/2010 17:58:10] /i 1798
[20/12/2010 17:58:10] /i 1798
[20/12/2010 17:58:10] /i 1798
[20/12/2010 17:58:10] /i 1798
[20/12/2010 17:58:10] /i 1798
[20/12/2010 17:58:10] /i 1798
[20/12/2010 17:58:10] /i 1798
[20/12/2010 17:58:11] /i 1798
[20/12/2010 17:58:11] /i 1798
[20/12/2010 17:58:11] /i 1798
[20/12/2010 17:58:11] /i 1798
[20/12/2010 17:58:12] /i 1798
[20/12/2010 17:58:12] /i 1798
[20/12/2010 17:58:12] /i 1798
[20/12/2010 17:58:12] /i 1798
[20/12/2010 17:58:13] /i 1798
[20/12/2010 17:58:13] /i 1798
[20/12/2010 17:58:13] /i 1798
[20/12/2010 17:58:13] /i 1798
[20/12/2010 17:58:14] /i 1798
[20/12/2010 17:58:14] /i 1798
[20/12/2010 17:58:14] /i 1798
[20/12/2010 17:58:14] /i 1798
[20/12/2010 17:58:14] /i 1798
[20/12/2010 17:58:14] /i 1798
[20/12/2010 17:58:16] /i 1798
[20/12/2010 17:58:16] /i 1798
[20/12/2010 17:58:16] /i 1798
[20/12/2010 17:58:16] /i 1798
[20/12/2010 17:58:16] /i 1798
[20/12/2010 17:58:16] /i 1798
[20/12/2010 17:58:16] /i 1798
[20/12/2010 17:58:16] /i 1798
[20/12/2010 17:58:16] /i 1798
[20/12/2010 17:58:17] /i 1798
[20/12/2010 17:58:17] /i 1798
[20/12/2010 17:58:17] /i 1798
[20/12/2010 17:58:18] /i 1798
[20/12/2010 17:58:18] /i 1798
[20/12/2010 17:58:18] /i 1798
[20/12/2010 17:58:18] /i 1798
[20/12/2010 17:58:18] /i 1798
[20/12/2010 17:58:18] /i 1798
[20/12/2010 17:58:19] /i 1798
[20/12/2010 17:58:19] /i 1798
[20/12/2010 17:58:19] /i 1798
[20/12/2010 17:58:19] /i 1798
[20/12/2010 17:58:19] /i 1798
[20/12/2010 17:58:19] /i 1798
[20/12/2010 17:58:20] /i 1798
[20/12/2010 17:58:20] /i 1798
[20/12/2010 17:58:20] /i 1798
[20/12/2010 17:58:20] /i 1798
[20/12/2010 17:58:21] /i 1798
[20/12/2010 17:58:21] /i 1798
[20/12/2010 17:58:21] /i 1798
[20/12/2010 17:58:21] /i 1798
[20/12/2010 17:58:21] /i 1798
[20/12/2010 17:58:22] /i 1798
[20/12/2010 17:58:22] /i 1798
[20/12/2010 17:58:22] /i 1798
[20/12/2010 17:58:22] /i 1798
[20/12/2010 17:58:22] /i 1798
[20/12/2010 17:58:22] /i 1798
[20/12/2010 17:58:23] /i 1798
[20/12/2010 17:58:23] /i 1798
[20/12/2010 17:58:23] /i 1798
[20/12/2010 17:58:24] /i 1798
[20/12/2010 17:58:24] /i 1798
[20/12/2010 17:58:24] /i 1798
[20/12/2010 17:58:24] /i 1798
[20/12/2010 17:58:24] /i 1798
[20/12/2010 17:58:24] /i 1798
[20/12/2010 17:58:25] /i 1798
[20/12/2010 17:58:25] /i 1798
[20/12/2010 17:58:25] /i 1798
[20/12/2010 17:58:25] /i 1798
[20/12/2010 17:58:25] /i 1798
[20/12/2010 17:58:25] /i 1798
[20/12/2010 17:58:26] /i 1798
[20/12/2010 17:58:26] /i 1798
[20/12/2010 17:58:26] /i 1798
[20/12/2010 17:58:26] /i 1798
[20/12/2010 17:58:26] /i 1798
[20/12/2010 17:58:27] /i 1798
[20/12/2010 17:58:27] /i 1798
[20/12/2010 17:58:27] /i 1798
[20/12/2010 17:58:28] /i 1798
[20/12/2010 17:58:28] /i 1798
[20/12/2010 17:58:28] /i 1798
[20/12/2010 17:58:28] /i 1798
[20/12/2010 17:58:28] /i 1798
[20/12/2010 17:58:29] /i 1798
[20/12/2010 17:58:29] /i 1798
[20/12/2010 17:58:29] /i 1798
[20/12/2010 17:58:30] /i 1798
[20/12/2010 17:58:30] /i 1798
[20/12/2010 17:58:30] /i 1798
[20/12/2010 17:58:30] /i 1798
[20/12/2010 17:58:31] /i 1798
[20/12/2010 17:58:31] /i 1798
[20/12/2010 17:58:31] /i 1798
[20/12/2010 17:58:31] /i 1798
[20/12/2010 17:58:31] /i 1798
[20/12/2010 17:58:31] /i 1798
[20/12/2010 17:58:32] /i 1798
[20/12/2010 17:58:32] /i 1798
[20/12/2010 17:58:32] /i 1798
[20/12/2010 17:58:32] /i 1798
[20/12/2010 17:58:32] /i 1798
[20/12/2010 17:58:32] /i 1798
[20/12/2010 17:58:32] /i 1798
[20/12/2010 17:58:33] /i 1798
[20/12/2010 17:58:33] /i 1798
[20/12/2010 17:58:33] /i 1798
[20/12/2010 17:58:33] /i 1798
[20/12/2010 17:58:33] /i 1798
[20/12/2010 17:58:34] /i 1798
[20/12/2010 17:58:34] /i 1798
[20/12/2010 17:58:34] /i 1798
[20/12/2010 17:58:35] /i 1798
[20/12/2010 17:58:35] /i 1798
[20/12/2010 17:58:35] /i 1798
[20/12/2010 17:58:35] /i 1798
[20/12/2010 17:58:35] /i 1798
[20/12/2010 17:58:35] /i 1798
[20/12/2010 17:58:36] /i 1798
[20/12/2010 17:58:36] /i 1798
[20/12/2010 17:58:36] /i 1798
[20/12/2010 17:58:36] /i 1798
[20/12/2010 17:58:36] /i 1798
[20/12/2010 17:58:37] /i 1798
[20/12/2010 17:58:37] /i 1798
[20/12/2010 17:58:38] /i 1798
[20/12/2010 17:58:39] /i 1798
[20/12/2010 17:58:39] /i 1798
[20/12/2010 17:58:39] /i 1798
[20/12/2010 17:58:39] /i 1798
[20/12/2010 17:58:39] /i 1798
[20/12/2010 17:58:40] /i 1798
[20/12/2010 17:58:40] /i 1798
[20/12/2010 17:58:40] /i 1798
[20/12/2010 17:58:40] /i 1798
[20/12/2010 17:58:40] /i 1798
[20/12/2010 17:58:41] /i 1798
[20/12/2010 17:58:41] /i 1798
[20/12/2010 17:58:41] /i 1798
[20/12/2010 17:58:41] /i 1798
[20/12/2010 17:58:42] /i 1798
[20/12/2010 17:58:42] /i 1798
[20/12/2010 17:58:42] /i 1798
[20/12/2010 17:58:42] /i 1798
[20/12/2010 17:58:42] /i 1798
[20/12/2010 17:58:43] /i 1798
[20/12/2010 17:58:43] /i 1798
[20/12/2010 17:58:43] /i 1798
[20/12/2010 17:58:43] /i 1798
[20/12/2010 17:58:43] /i 1798
[20/12/2010 17:58:44] /i 1798
[20/12/2010 17:58:44] /i 1798
[20/12/2010 17:58:44] /i 1798
[20/12/2010 17:58:44] /i 1798
[20/12/2010 17:58:45] /i 1798
[20/12/2010 17:58:45] /i 1798
[20/12/2010 17:58:45] /i 1798
[20/12/2010 17:58:45] /i 1798
[20/12/2010 17:58:45] /i 1798
[20/12/2010 17:58:45] /i 1798
[20/12/2010 17:58:46] /i 1798
[20/12/2010 17:58:49] /i 1798
[20/12/2010 17:58:49] /i 1798
[20/12/2010 17:58:49] /i 1798
[20/12/2010 17:58:49] /i 1798
[20/12/2010 17:58:49] /i 1798
[20/12/2010 17:58:49] /i 1798
[20/12/2010 17:58:50] /i 1798
[20/12/2010 17:58:50] /i 1798
[20/12/2010 17:58:50] /i 1798
[20/12/2010 17:58:50] /i 1798
[20/12/2010 17:58:50] /i 1798
[20/12/2010 17:58:51] /i 1798
[20/12/2010 17:58:51] /i 1798
[20/12/2010 17:58:51] /i 1798
[20/12/2010 17:58:51] /i 1798
[20/12/2010 17:58:51] /i 1798
[20/12/2010 17:58:52] /i 1798
[20/12/2010 17:58:52] /i 1798
[20/12/2010 17:58:52] /i 1798
[20/12/2010 17:58:52] /i 1798
[20/12/2010 17:58:52] /i 1798
[20/12/2010 17:58:53] /i 1798
[20/12/2010 17:58:53] /i 1798
[20/12/2010 17:58:53] /i 1798
[20/12/2010 17:58:53] /i 1798
[20/12/2010 17:58:54] /i 1798
[20/12/2010 17:58:54] /i 1798
[20/12/2010 17:58:54] /i 1798
[20/12/2010 17:58:54] /i 1798
[20/12/2010 17:58:54] /i 1798
[20/12/2010 17:58:55] /i 1798
[20/12/2010 17:58:55] /i 1798
[20/12/2010 17:58:55] /i 1798
[20/12/2010 17:58:55] /i 1798
[20/12/2010 17:58:55] /i 1798
[20/12/2010 17:58:55] /i 1798
[20/12/2010 17:58:56] /i 1798
[20/12/2010 17:58:56] /i 1798
[20/12/2010 17:58:56] /i 1798
[20/12/2010 17:58:56] /i 1798
[20/12/2010 17:58:56] /i 1798
[20/12/2010 17:58:57] /i 1798
[20/12/2010 17:58:57] /i 1798
[20/12/2010 17:58:57] /i 1798
[20/12/2010 17:58:57] /i 1798
[20/12/2010 17:59:01] /a
[20/12/2010 17:59:04] /i 1798
[20/12/2010 17:59:12] /a
[20/12/2010 17:59:13] /i 1798
[20/12/2010 17:59:17] /a
[20/12/2010 17:59:18] /i 1798
[20/12/2010 17:59:21] /a
[20/12/2010 17:59:22] /i 1798
[20/12/2010 17:59:27] /a
[20/12/2010 17:59:28] /i 1798
[20/12/2010 17:59:32] /a
[20/12/2010 17:59:33] /i 1798
[20/12/2010 17:59:37] /a
[20/12/2010 17:59:38] /i 1798
[20/12/2010 17:59:38] /i 1798
[20/12/2010 17:59:38] /i 1798
[20/12/2010 17:59:39] /i 1798
[20/12/2010 17:59:39] /i 1798
[20/12/2010 17:59:39] /i 1798
[20/12/2010 17:59:47] /a
[20/12/2010 17:59:48] /i 1798
[20/12/2010 17:59:56] /a
[20/12/2010 17:59:56] /i 1798
[20/12/2010 18:16:14] /attr health 5000
[20/12/2010 18:16:41] /attr health +5000
[20/12/2010 18:17:00] /attr +health 6000
[20/12/2010 18:17:18] /attr health 6000
[20/12/2010 18:30:02] /a 10
[20/12/2010 18:30:03] /a 10
[20/12/2010 18:30:05] /a 10
[20/12/2010 18:30:06] /a 10
[20/12/2010 18:30:10] /a 5
[20/12/2010 18:30:11] /up
[20/12/2010 18:30:32] /up
[20/12/2010 18:30:42] /up
[20/12/2010 18:30:46] /down
[20/12/2010 18:30:52] /up
[20/12/2010 18:30:57] /up
[20/12/2010 18:31:05] /down
[20/12/2010 18:32:07] /m charizard
[20/12/2010 18:32:13] /r
[20/12/2010 18:32:16] /m charizard
[20/12/2010 18:32:30] /r
[20/12/2010 18:33:10] /i dead charizard
[20/12/2010 18:33:19] /i dead mewtwo
[20/12/2010 18:33:25] /i dead kadabra
[20/12/2010 18:33:29] /i dead abra
[20/12/2010 18:33:37] /m alakazan
[20/12/2010 18:33:47] /m abra
[20/12/2010 18:33:52] /m kadabra
[20/12/2010 18:33:59] /m alakazan
[20/12/2010 18:34:02] /r
[20/12/2010 18:34:04] /r
[20/12/2010 18:34:10] /m kadabra
[20/12/2010 18:34:24] /m abra
[20/12/2010 18:34:25] /r
[20/12/2010 18:34:35] /r
[20/12/2010 18:34:39] /i alakazam
[20/12/2010 18:34:45] /i dead kadabra
[20/12/2010 18:37:00] /m blastoise
[20/12/2010 18:37:37] /i stone
[20/12/2010 18:37:43] /r
[20/12/2010 18:37:47] /i stones
[20/12/2010 18:37:50] /r
[20/12/2010 18:37:59] /i 1111
[20/12/2010 18:38:00] /i 1111
[20/12/2010 18:38:01] /i 1111
[20/12/2010 18:38:03] /i 1112
[20/12/2010 18:38:04] /i 1112
[20/12/2010 18:38:08] /i 1112
[20/12/2010 18:38:09] /i 1112
[20/12/2010 18:38:16] /r
[20/12/2010 18:38:35] /r
[20/12/2010 18:38:38] /i 1111
[20/12/2010 18:38:39] /i 1111
[20/12/2010 18:38:42] /i 1111
[20/12/2010 18:39:07] /i 1111
[20/12/2010 18:39:12] /ghost
[20/12/2010 18:39:23] /a
[20/12/2010 18:39:49] /i 5999
[20/12/2010 18:39:51] /i 5999
[20/12/2010 18:39:59] /r
[20/12/2010 18:40:01] /r
[20/12/2010 18:40:02] /r
[20/12/2010 18:40:05] /m charizard
[20/12/2010 18:40:11] /a
[20/12/2010 18:40:14] /a
[20/12/2010 18:40:30] /r
[20/12/2010 18:40:34] /i dead golem
[20/12/2010 18:40:39] /i golem
[20/12/2010 18:40:46] /m golem
[20/12/2010 18:41:15] /r
[20/12/2010 18:41:22] /i shiny charizard
[20/12/2010 18:41:26] /i shiny arcanine
[20/12/2010 18:41:29] /i shiny arcanine
[20/12/2010 18:41:33] /i shiny rattata
[20/12/2010 18:41:36] /r
[20/12/2010 18:41:38] /r
[20/12/2010 18:41:40] /r
[20/12/2010 18:41:42] /r
[20/12/2010 18:41:42] /r
[20/12/2010 18:41:44] /r
[20/12/2010 18:41:45] /r
[20/12/2010 18:41:45] /r
[20/12/2010 18:41:47] /r
[20/12/2010 18:41:48] /r
[20/12/2010 18:41:50] /r
[20/12/2010 18:41:51] /r
[20/12/2010 18:41:56] /i dead abra
[20/12/2010 18:42:00] /i abra
[20/12/2010 18:42:53] /i abra
[20/12/2010 18:42:56] /i abra
[20/12/2010 18:42:58] /i abra
[20/12/2010 18:43:03] /m abra
[20/12/2010 18:43:04] /m abra
[20/12/2010 18:43:04] /m abra
[20/12/2010 18:43:05] /m abra
[20/12/2010 18:43:06] /m abra
[20/12/2010 18:43:27] /r
[20/12/2010 18:43:28] /r
[20/12/2010 18:44:01] /r
[20/12/2010 18:44:05] /r
[20/12/2010 18:44:07] /r
[20/12/2010 18:44:12] /m hitmonlee
[20/12/2010 18:44:25] /r
[20/12/2010 18:44:31] /mode 3
[20/12/2010 18:44:36] /mode 1
[20/12/2010 18:45:11] /a 100
[20/12/2010 18:45:14] /a 100
[20/12/2010 18:47:36] /m articuno
[20/12/2010 18:47:42] /i 1798
[20/12/2010 18:47:42] /i 1798
[20/12/2010 18:47:43] /i 1798
[20/12/2010 18:47:43] /i 1798
[20/12/2010 18:47:43] /i 1798
[20/12/2010 18:47:43] /i 1798
[20/12/2010 18:47:43] /i 1798
[20/12/2010 18:47:43] /i 1798
[20/12/2010 18:47:43] /i 1798
[20/12/2010 18:47:43] /i 1798
[20/12/2010 18:47:43] /i 1798
[20/12/2010 18:47:43] /i 1798
[20/12/2010 18:47:43] /i 1798
[20/12/2010 18:47:43] /i 1798
[20/12/2010 18:47:43] /i 1798
[20/12/2010 18:47:43] /i 1798
[20/12/2010 18:47:43] /i 1798
[20/12/2010 18:47:43] /i 1798
[20/12/2010 18:47:43] /i 1798
[20/12/2010 18:47:43] /i 1798
[20/12/2010 18:47:43] /i 1798
[20/12/2010 18:47:43] /i 1798
[20/12/2010 18:47:43] /i 1798
[20/12/2010 18:47:43] /i 1798
[20/12/2010 18:47:43] /i 1798
[20/12/2010 18:47:43] /i 1798
[20/12/2010 18:47:43] /i 1798
[20/12/2010 18:47:43] /i 1798
[20/12/2010 18:47:43] /i 1798
[20/12/2010 18:47:43] /i 1798
[20/12/2010 18:47:43] /i 1798
[20/12/2010 18:47:44] /i 1798
[20/12/2010 18:47:47] /r
[20/12/2010 18:47:48] /r
[20/12/2010 18:47:48] /r
[20/12/2010 18:47:48] /r
[20/12/2010 18:47:49] /r
[20/12/2010 18:47:49] /r
[20/12/2010 18:47:50] /r
[20/12/2010 18:47:50] /r
[20/12/2010 18:47:51] /r
[20/12/2010 18:47:51] /r
[20/12/2010 18:47:52] /r
[20/12/2010 18:47:53] /r
[20/12/2010 18:47:53] /r
[20/12/2010 18:47:53] /r
[20/12/2010 18:47:54] /r
[20/12/2010 18:47:55] /r
[20/12/2010 18:47:55] /r
[20/12/2010 18:47:55] /r
[20/12/2010 18:47:55] /r
[20/12/2010 18:47:56] /r
[20/12/2010 18:47:57] /r
[20/12/2010 18:47:57] /r
[20/12/2010 18:47:58] /r
[20/12/2010 18:47:58] /r
[20/12/2010 18:47:59] /r
[20/12/2010 18:47:59] /r
[20/12/2010 18:48:00] /r
[20/12/2010 18:48:00] /r
[20/12/2010 18:48:01] /r
[20/12/2010 18:48:01] /r
[20/12/2010 18:48:02] /r
[20/12/2010 18:48:02] /r
[20/12/2010 18:48:03] /r
[20/12/2010 18:48:51] /r
[20/12/2010 18:48:53] /r
[20/12/2010 18:49:31] /attr set name rattata
[20/12/2010 18:49:49] /attr set name filha da puta
[20/12/2010 18:49:59] /attr set name filhadaputa
[20/12/2010 18:50:08] /attr set name filha-da-puta
[20/12/2010 18:50:18] /r
[20/12/2010 18:50:28] /i heavy package
[20/12/2010 18:50:47] /attr set name juliana
[20/12/2010 18:51:09] /attr set name rattata
[20/12/2010 18:51:14] /attr set name rattata
[20/12/2010 18:52:02] /attr set name god
[20/12/2010 18:52:16] /attr set name gay
[20/12/2010 18:52:43] /attr set name Masterball-com-meu-pinto.
[20/12/2010 18:52:49] /attr set name Masterball-com-meu-pinto..
[20/12/2010 18:53:15] /attr set name simone
[20/12/2010 18:53:41] /attr set name mewtwo
[20/12/2010 18:53:52] /attr set name dead mewtwo
[20/12/2010 18:54:01] /attr set name deadrattata
[20/12/2010 18:54:28] /attr set name Masterball
[20/12/2010 18:54:36] /r
[20/12/2010 18:54:37] /r
[20/12/2010 18:54:50] /c nuse joy
[20/12/2010 18:54:57] /n nuse joy
[20/12/2010 18:55:04] /n nurse joy
[20/12/2010 18:55:09] /c nurse joy
[20/12/2010 18:55:28] /r
[20/12/2010 18:56:00] /goto elith hero
[20/12/2010 18:56:02] /goto elith hero
[20/12/2010 18:56:34] /a 100
[20/12/2010 18:57:08] /attr set name teu-pai-arrombado
[20/12/2010 18:57:20] /r
[20/12/2010 19:19:49] /i table
[20/12/2010 19:19:52] /r
[20/12/2010 19:19:55] /r
[20/12/2010 19:19:56] /r
[20/12/2010 19:20:19] /i 3805
[20/12/2010 19:20:25] /i 3806
[20/12/2010 19:20:29] /i 3804
[20/12/2010 19:20:32] /r
[20/12/2010 19:20:34] /r
[20/12/2010 19:20:36] /r
[20/12/2010 19:20:44] /r
[20/12/2010 19:21:00] /i 1798
[20/12/2010 19:21:01] /i 1798
[20/12/2010 19:21:02] /i 1798
[20/12/2010 19:21:03] /i 1798
[20/12/2010 19:21:04] /i 1798
[20/12/2010 19:21:07] /r
[20/12/2010 19:21:08] /r
[20/12/2010 19:21:10] /i 1798
[20/12/2010 19:21:13] /r
[20/12/2010 19:21:15] /r
[20/12/2010 19:21:18] /i table
[20/12/2010 19:21:20] /i table
[20/12/2010 19:21:29] /i 1621
[20/12/2010 19:21:32] /i 1621
[20/12/2010 19:21:34] /i 1621
[20/12/2010 19:21:35] /i 1621
[20/12/2010 19:21:38] /i 1621
[20/12/2010 19:21:38] /i 1621
[20/12/2010 19:21:39] /i 1621
[20/12/2010 19:21:41] /i 1621
[20/12/2010 19:21:42] /i 1621
[20/12/2010 19:21:42] /i 1621
[20/12/2010 19:21:57] /r
[20/12/2010 19:21:58] /r
[20/12/2010 19:21:59] /r
[20/12/2010 19:22:00] /r
[20/12/2010 19:22:01] /r
[20/12/2010 19:22:03] /i 1621
[20/12/2010 19:22:05] /r
[20/12/2010 19:22:06] /r
[20/12/2010 19:22:07] /r
[20/12/2010 19:22:08] /r
[20/12/2010 19:22:10] /r
[20/12/2010 19:22:11] /r
[20/12/2010 19:22:12] /r
[20/12/2010 19:22:14] /r
[20/12/2010 19:22:15] /r
[20/12/2010 19:22:22] /r
[20/12/2010 19:22:23] /r
[20/12/2010 19:22:25] /r
[20/12/2010 19:22:26] /r
[20/12/2010 19:22:30] /i table
[20/12/2010 19:22:30] /i table
[20/12/2010 19:22:40] /i 1623
[20/12/2010 19:22:41] /i 1623
[20/12/2010 19:22:43] /i 1623
[20/12/2010 19:22:44] /i 1623
[20/12/2010 19:22:45] /i 1623
[20/12/2010 19:22:46] /i 1623
[20/12/2010 19:22:52] /r
[20/12/2010 19:23:00] /r
[20/12/2010 19:23:01] /r
[20/12/2010 19:23:05] /i table
[20/12/2010 19:23:06] /i table
[20/12/2010 19:23:07] /r
[20/12/2010 19:23:09] /r
[20/12/2010 19:23:12] /i 1621
