[11/02/2011 13:57:05] /m grimer s
[11/02/2011 13:57:33] /addskill loko, level, 200
[12/02/2011 00:35:43] /addskill loko, level, 30
[12/02/2011 00:35:45] /a 45
[19/02/2011 10:30:37] /addskill loko, level, 50
[19/02/2011 10:30:43] /m grimer s
[19/02/2011 10:30:50] /save
[19/02/2011 10:31:10] /r
[19/02/2011 10:31:12] /r
[19/02/2011 10:34:49] /r
[19/02/2011 10:37:43] /r
[05/03/2011 20:15:16] /m sandslash s
[05/03/2011 22:48:07] /m articuno
[05/03/2011 22:48:18] /r
[05/03/2011 22:48:21] /m sandslash s
[05/03/2011 22:49:10] /r
[06/03/2011 21:26:37] /m charizard
[06/03/2011 21:26:40] /r
[06/03/2011 21:26:43] /m charizard s
[06/03/2011 21:26:58] /r
[16/03/2011 22:56:44] /t 11
[16/03/2011 23:15:11] /i 324
[16/03/2011 23:20:19] /s gyarados
[16/03/2011 23:20:39] /r
[19/03/2011 13:01:45] /t
[19/03/2011 15:36:20] /addskill Loko, level, 10
[19/03/2011 15:37:16] /n nurse
[19/03/2011 15:37:18] /r
[19/03/2011 16:49:12] /i 1222
[19/03/2011 16:49:14] /r
[19/03/2011 16:49:16] /i 1212
[20/03/2011 00:56:06] /i fainted charizard
[20/03/2011 01:02:37] /t
[20/03/2011 01:02:50] /i 2247
[20/03/2011 01:02:53] /i 2147
[20/03/2011 01:05:29] /m grimer s
[20/03/2011 01:05:41] /m grimer s
[20/03/2011 01:05:53] /i defeated grimer
[20/03/2011 01:06:01] /m grimer s
[20/03/2011 01:06:02] /m grimer s
[20/03/2011 01:06:02] /m grimer s
[20/03/2011 01:06:03] /m grimer s
[20/03/2011 01:06:33] /addskill Loko, level, 40
[20/03/2011 01:06:34] /m grimer s
[20/03/2011 01:06:35] /m grimer s
[20/03/2011 01:06:35] /m grimer s
[20/03/2011 01:06:35] /m grimer s
[20/03/2011 01:06:36] /m grimer s
[20/03/2011 01:06:36] /m grimer s
[20/03/2011 01:06:36] /m grimer s
[20/03/2011 01:06:37] /m grimer s
[20/03/2011 01:07:23] /m muk s
[20/03/2011 01:07:23] /m muk s
[20/03/2011 01:07:23] /m muk s
[20/03/2011 01:07:24] /m muk s
[20/03/2011 01:08:00] /m charmander s
[20/03/2011 01:08:01] /m charmander s
[20/03/2011 01:08:01] /m charmander s
[20/03/2011 01:08:02] /m charmander s
[20/03/2011 01:09:09] /m charmeleon s
[20/03/2011 01:09:22] /m charmeleon s
[20/03/2011 01:09:45] /m charmeleon s
[20/03/2011 01:09:59] /m charmeleon s
[20/03/2011 01:10:16] /m charmeleon s
[20/03/2011 01:10:35] /m charmeleon s
[20/03/2011 01:10:52] /m charmeleon s
[20/03/2011 01:11:17] /m charmeleon s
[20/03/2011 01:11:24] /m charmeleon s
[20/03/2011 01:11:50] /m charmeleon s
[20/03/2011 01:11:57] /m charmeleon s
[20/03/2011 01:11:57] /m charmeleon s
[20/03/2011 01:11:58] /m charmeleon s
[20/03/2011 01:12:22] /m charmeleon s
[20/03/2011 01:12:23] /m charmeleon s
[20/03/2011 01:12:23] /m charmeleon s
[20/03/2011 01:12:31] /m charmeleon s
[20/03/2011 01:12:32] /m charmeleon s
[20/03/2011 01:13:45] /i fire stone
[20/03/2011 01:13:46] /i fire stone
[20/03/2011 01:14:38] /m victreebel s
[20/03/2011 01:14:46] /i ultra ball
[20/03/2011 01:14:56] /m victreebel s
[20/03/2011 01:15:45] /m victreebel s
[20/03/2011 01:15:57] /m vileplume s
[20/03/2011 01:16:26] /m vileplume s
[20/03/2011 01:16:46] /m vileplume s
[20/03/2011 01:17:08] /m victreebel s
