[21/01/2011 18:16:57] /i coccon stone
[21/01/2011 18:16:57] /i coccon stone
[21/01/2011 18:16:58] /i coccon stone
[21/01/2011 18:17:45] /i 2146
[21/01/2011 18:18:33] /m oddish s
[21/01/2011 18:21:11] /m oddish s
[21/01/2011 18:21:20] /m oddish s
[21/01/2011 18:21:46] /m oddish s
[21/01/2011 18:22:00] /m oddish s
[21/01/2011 18:22:16] /m oddish s
[21/01/2011 18:23:41] /m oddish s
[21/01/2011 18:23:53] /m oddish s
[21/01/2011 18:27:43] /m oddish s
[21/01/2011 18:28:26] /m oddish s
[21/01/2011 18:29:00] /m oddish s
[21/01/2011 18:30:56] /n nurse
[21/01/2011 18:30:59] /r
[21/01/2011 18:36:49] /m articuno
[21/01/2011 18:37:14] /storage Lucci, 6300004, 0
[21/01/2011 18:37:17] /storage Lucci, 6300004, 0
[21/01/2011 18:37:19] /storage Lucci, 6300004, 0
[21/01/2011 18:37:22] /storage Lucci, 6300004, 0
[21/01/2011 18:37:23] /storage Lucci, 6300004, 0
[21/01/2011 18:37:25] /storage Lucci, 6300004, 0
[21/01/2011 18:37:27] /storage Lucci, 6300004, 0
[21/01/2011 18:37:29] /storage Lucci, 6300004, 0
[21/01/2011 18:37:31] /storage Lucci, 6300004, 0
[21/01/2011 18:37:32] /storage Lucci, 6300004, 0
[21/01/2011 18:37:35] /storage Lucci, 6300004, 0
[21/01/2011 18:37:37] /storage Lucci, 6300004, 0
[21/01/2011 18:37:39] /storage Lucci, 6300004, 0
[21/01/2011 18:39:33] /storage Lucci, 6300004, 0
[21/01/2011 18:39:35] /storage Lucci, 6300004, 0
[21/01/2011 18:39:36] /storage Lucci, 6300004, 0
[21/01/2011 18:39:38] /storage Lucci, 6300004, 0
[21/01/2011 18:39:40] /storage Lucci, 6300004, 0
[21/01/2011 18:39:42] /storage Lucci, 6300004, 0
[21/01/2011 18:39:43] /storage Lucci, 6300004, 0
[21/01/2011 18:39:45] /storage Lucci, 6300004, 0
[21/01/2011 18:39:47] /storage Lucci, 6300004, 0
[21/01/2011 18:39:48] /storage Lucci, 6300004, 0
[21/01/2011 18:39:50] /storage Lucci, 6300004, 0
[21/01/2011 18:39:52] /storage Lucci, 6300004, 0
[21/01/2011 18:39:54] /storage Lucci, 6300004, 0
[21/01/2011 18:39:55] /storage Lucci, 6300004, 0
[21/01/2011 18:39:57] /storage Lucci, 6300004, 0
[21/01/2011 18:39:59] /storage Lucci, 6300004, 0
[21/01/2011 18:40:00] /storage Lucci, 6300004, 0
[21/01/2011 18:40:01] /storage Lucci, 6300004, 0
[21/01/2011 18:40:03] /storage Lucci, 6300004, 0
[21/01/2011 18:40:06] /storage Lucci, 6300004, 0
[21/01/2011 18:40:09] /storage Lucci, 6300004, 0
[21/01/2011 18:40:10] /storage Lucci, 6300004, 0
[21/01/2011 18:40:12] /storage Lucci, 6300004, 0
[21/01/2011 18:40:14] /storage Lucci, 6300004, 0
[21/01/2011 18:40:16] /storage Lucci, 6300004, 0
[21/01/2011 18:40:17] /storage Lucci, 6300004, 0
[21/01/2011 18:40:20] /storage Lucci, 6300004, 0
[21/01/2011 18:40:32] /storage Lucci, 6300004, 0
[21/01/2011 18:40:34] /storage Lucci, 6300004, 0
[21/01/2011 18:40:36] /storage Lucci, 6300004, 0
[21/01/2011 18:40:37] /storage Lucci, 6300004, 0
[21/01/2011 18:40:39] /storage Lucci, 6300004, 0
[21/01/2011 18:40:40] /storage Lucci, 6300004, 0
[21/01/2011 18:43:18] /storage Lucci, 9501, 0
[21/01/2011 18:43:21] /storage Lucci, 9501, 0
[21/01/2011 18:43:24] /storage Lucci, 9501, 0
[21/01/2011 18:43:27] /storage Lucci, 9501, 0
[21/01/2011 18:43:28] /storage Lucci, 9501, 0
[21/01/2011 18:43:31] /storage Lucci, 9501, 0
[21/01/2011 18:43:33] /storage Lucci, 9501, 0
[21/01/2011 18:43:37] /storage Lucci, 9501, 0
[21/01/2011 18:43:40] /storage Lucci, 9501, 0
[21/01/2011 18:43:49] /storage Lucci, 9501, 0
[21/01/2011 18:43:53] /storage Lucci, 9501, 0
[21/01/2011 18:43:56] /storage Lucci, 9501, 0
[21/01/2011 18:43:59] /storage Lucci, 9501, 0
[21/01/2011 18:44:03] /storage Lucci, 9501, 0
[21/01/2011 18:51:44] /storage Lucci, 6300004, 0
[21/01/2011 18:51:48] /m oddish s
[21/01/2011 18:51:52] /storage Lucci, 6300004, 0
[21/01/2011 18:51:55] /storage Lucci, 6300004, 0
[21/01/2011 18:51:58] /m oddish s
[21/01/2011 18:59:15] /storage Lucci, 6300004, 0
[21/01/2011 18:59:29] /a 4
[21/01/2011 18:59:30] /a 4
[21/01/2011 18:59:30] /a 4
[21/01/2011 18:59:31] /a 4
[21/01/2011 18:59:32] /a 4
[21/01/2011 18:59:33] /a 4
[21/01/2011 18:59:33] /a 4
[21/01/2011 18:59:34] /a 4
[21/01/2011 18:59:41] /m articuno
[21/01/2011 18:59:50] /goto articuno
[21/01/2011 18:59:54] /r
[21/01/2011 18:59:55] /goto articuno
[21/01/2011 18:59:57] /a 2
[21/01/2011 18:59:58] /a 2
[21/01/2011 18:59:59] /a 2
[21/01/2011 18:59:59] /a 2
[21/01/2011 19:00:00] /a 2
[21/01/2011 19:00:00] /a 2
[21/01/2011 19:00:01] /a 2
[21/01/2011 19:00:01] /a 2
[21/01/2011 19:00:02] /a 2
[21/01/2011 19:00:02] /a 2
[21/01/2011 19:00:03] /a 2
[21/01/2011 19:00:03] /a 2
[21/01/2011 19:00:04] /a 2
[21/01/2011 19:00:05] /a 2
[21/01/2011 19:00:07] /a 2
[21/01/2011 19:00:08] /a 2
[21/01/2011 19:00:08] /a 2
[21/01/2011 19:00:09] /a 2
[21/01/2011 19:00:10] /a 2
[21/01/2011 19:00:11] /a 2
[21/01/2011 19:00:12] /a 2
[21/01/2011 19:00:12] /a 2
[21/01/2011 19:00:12] /a 2
[21/01/2011 19:00:13] /a 2
[21/01/2011 19:00:14] /a 2
[21/01/2011 19:00:14] /a 2
[21/01/2011 19:00:14] /a 2
[21/01/2011 19:00:15] /a 2
[21/01/2011 19:00:16] /a 2
[21/01/2011 19:00:17] /a 2
[21/01/2011 19:00:18] /a 2
[21/01/2011 19:00:19] /a 2
[21/01/2011 19:00:19] /a 2
[21/01/2011 19:00:20] /a 2
[21/01/2011 19:00:21] /a 2
[21/01/2011 19:00:22] /a 2
[21/01/2011 19:00:24] /a 2
[21/01/2011 19:00:25] /a 2
[21/01/2011 19:00:26] /a 2
[21/01/2011 19:00:27] /a 2
[21/01/2011 19:00:47] /m articuno
[21/01/2011 19:00:52] /m articuno
[21/01/2011 19:03:01] /m articuno
[21/01/2011 19:03:14] /a 1
[21/01/2011 19:03:15] /a 2
[21/01/2011 19:03:19] /a 2
[21/01/2011 19:03:24] /i 919
[21/01/2011 19:03:37] /r
[21/01/2011 19:03:38] /a 1
[21/01/2011 19:03:42] /i grass
[21/01/2011 19:04:03] /m articuno
[21/01/2011 19:04:43] /m articuno
[21/01/2011 19:04:52] /m articuno
[21/01/2011 19:05:56] /a 3
[21/01/2011 19:05:57] /a 3
[21/01/2011 19:05:59] /m articuno
[21/01/2011 19:06:33] /i enigma stone
[21/01/2011 19:14:40] /i 6060
[21/01/2011 19:14:43] /r
[21/01/2011 19:44:49] /m articuno
[21/01/2011 21:00:41] /i 2289
[21/01/2011 21:00:45] /i 2288
[21/01/2011 21:17:32] /m kadabra s
[21/01/2011 21:19:55] /m kadabra s
[21/01/2011 21:21:18] /m abra s
[21/01/2011 21:23:42] /m kadabra s
[21/01/2011 21:24:22] /m kadabra s
[21/01/2011 21:24:30] /m kadabra s
[21/01/2011 21:24:30] /m kadabra s
[21/01/2011 21:24:31] /m kadabra s
[21/01/2011 21:24:31] /m kadabra s
[21/01/2011 21:24:31] /m kadabra s
[21/01/2011 21:24:32] /m kadabra s
[21/01/2011 21:27:23] /i fainted charizard
[21/01/2011 21:27:23] /i fainted charizard
[21/01/2011 21:27:23] /i fainted charizard
[21/01/2011 21:27:23] /i fainted charizard
[21/01/2011 21:27:23] /i fainted charizard
[21/01/2011 21:27:23] /i fainted charizard
[21/01/2011 21:27:23] /i fainted charizard
[21/01/2011 21:27:23] /i fainted charizard
[21/01/2011 21:27:23] /i fainted charizard
[21/01/2011 21:27:23] /i fainted charizard
[21/01/2011 21:27:23] /i fainted charizard
[21/01/2011 21:27:23] /i fainted charizard
[21/01/2011 21:27:23] /i fainted charizard
[21/01/2011 21:27:23] /i fainted charizard
[21/01/2011 21:27:23] /i fainted charizard
[21/01/2011 21:27:23] /i fainted charizard
[21/01/2011 21:27:23] /i fainted charizard
[21/01/2011 21:27:23] /i fainted charizard
[21/01/2011 21:27:23] /i fainted charizard
[21/01/2011 21:27:24] /i fainted charizard
[21/01/2011 21:27:24] /i fainted charizard
[21/01/2011 21:27:24] /i fainted charizard
[21/01/2011 21:27:24] /i fainted charizard
[21/01/2011 21:27:24] /i fainted charizard
[21/01/2011 21:27:24] /i fainted charizard
[21/01/2011 21:27:24] /i fainted charizard
[21/01/2011 21:27:24] /i fainted charizard
[21/01/2011 21:27:24] /i fainted charizard
[21/01/2011 21:27:24] /i fainted charizard
[21/01/2011 21:27:24] /i fainted charizard
[21/01/2011 21:27:24] /i fainted charizard
[21/01/2011 21:27:24] /i fainted charizard
[21/01/2011 21:27:24] /i fainted charizard
[21/01/2011 21:27:24] /i fainted charizard
[21/01/2011 21:27:24] /i fainted charizard
[21/01/2011 21:27:24] /i fainted charizard
[21/01/2011 21:27:24] /i fainted charizard
[21/01/2011 21:27:24] /i fainted charizard
[21/01/2011 21:27:24] /i fainted charizard
[21/01/2011 21:27:24] /i fainted charizard
[21/01/2011 21:27:24] /i fainted charizard
[21/01/2011 21:27:24] /i fainted charizard
[21/01/2011 21:27:24] /i fainted charizard
[21/01/2011 21:27:24] /i fainted charizard
[21/01/2011 21:27:24] /i fainted charizard
[21/01/2011 21:27:24] /i fainted charizard
[21/01/2011 21:27:24] /i fainted charizard
[21/01/2011 21:27:24] /i fainted charizard
[21/01/2011 21:27:24] /i fainted charizard
[21/01/2011 21:27:24] /i fainted charizard
[21/01/2011 21:27:25] /i fainted charizard
[21/01/2011 21:27:25] /i fainted charizard
[21/01/2011 21:27:25] /i fainted charizard
[21/01/2011 21:27:25] /i fainted charizard
[21/01/2011 21:27:25] /i fainted charizard
[21/01/2011 21:27:25] /i fainted charizard
[21/01/2011 21:27:25] /i fainted charizard
[21/01/2011 21:27:25] /i fainted charizard
[21/01/2011 21:27:25] /i fainted charizard
[21/01/2011 21:27:25] /i fainted charizard
[21/01/2011 21:27:25] /i fainted charizard
[21/01/2011 21:27:25] /i fainted charizard
[21/01/2011 21:27:25] /i fainted charizard
[21/01/2011 21:27:25] /i fainted charizard
[21/01/2011 21:27:25] /i fainted charizard
[21/01/2011 21:27:25] /i fainted charizard
[21/01/2011 21:27:25] /i fainted charizard
[21/01/2011 21:27:25] /i fainted charizard
[21/01/2011 21:27:25] /i fainted charizard
[21/01/2011 21:27:25] /i fainted charizard
[21/01/2011 21:27:25] /i fainted charizard
[21/01/2011 21:28:39] /i fainted charizard
[21/01/2011 21:28:39] /i fainted charizard
[21/01/2011 21:28:39] /i fainted charizard
[21/01/2011 21:28:39] /i fainted charizard
[21/01/2011 21:28:39] /i fainted charizard
[21/01/2011 21:28:39] /i fainted charizard
[21/01/2011 21:28:39] /i fainted charizard
[21/01/2011 21:28:39] /i fainted charizard
[21/01/2011 21:28:39] /i fainted charizard
[21/01/2011 21:28:39] /i fainted charizard
[21/01/2011 21:28:39] /i fainted charizard
[21/01/2011 21:28:39] /i fainted charizard
[21/01/2011 21:28:39] /i fainted charizard
[21/01/2011 21:28:39] /i fainted charizard
[21/01/2011 21:28:39] /i fainted charizard
[21/01/2011 21:28:39] /i fainted charizard
[21/01/2011 21:28:39] /i fainted charizard
[21/01/2011 21:28:39] /i fainted charizard
[21/01/2011 21:28:39] /i fainted charizard
[21/01/2011 21:28:39] /i fainted charizard
[21/01/2011 21:28:39] /i fainted charizard
[21/01/2011 21:28:39] /i fainted charizard
[21/01/2011 21:28:39] /i fainted charizard
[21/01/2011 21:28:40] /i fainted charizard
[21/01/2011 21:28:40] /i fainted charizard
[21/01/2011 21:28:40] /i fainted charizard
[21/01/2011 21:28:40] /i fainted charizard
[21/01/2011 21:28:40] /i fainted charizard
[21/01/2011 21:28:40] /i fainted charizard
[21/01/2011 21:28:40] /i fainted charizard
[21/01/2011 21:28:40] /i fainted charizard
[21/01/2011 21:28:40] /i fainted charizard
[21/01/2011 21:28:40] /i fainted charizard
[21/01/2011 21:28:40] /i fainted charizard
[21/01/2011 21:28:40] /i fainted charizard
[21/01/2011 21:28:40] /i fainted charizard
[21/01/2011 21:28:40] /i fainted charizard
[21/01/2011 21:28:40] /i fainted charizard
[21/01/2011 21:29:20] /i fainted charizard
[21/01/2011 21:29:20] /i fainted charizard
[21/01/2011 21:29:20] /i fainted charizard
[21/01/2011 21:29:20] /i fainted charizard
[21/01/2011 21:29:20] /i fainted charizard
[21/01/2011 21:29:20] /i fainted charizard
[21/01/2011 21:29:20] /i fainted charizard
[21/01/2011 21:29:20] /i fainted charizard
[21/01/2011 21:29:20] /i fainted charizard
[21/01/2011 21:29:20] /i fainted charizard
[21/01/2011 21:29:20] /i fainted charizard
[21/01/2011 21:29:20] /i fainted charizard
[21/01/2011 21:29:20] /i fainted charizard
[21/01/2011 21:29:20] /i fainted charizard
[21/01/2011 21:29:20] /i fainted charizard
[21/01/2011 21:29:20] /i fainted charizard
[21/01/2011 21:29:20] /i fainted charizard
[21/01/2011 21:29:21] /i fainted charizard
[21/01/2011 21:29:21] /i fainted charizard
[21/01/2011 21:29:21] /i fainted charizard
[21/01/2011 21:29:21] /i fainted charizard
[21/01/2011 21:29:21] /i fainted charizard
[21/01/2011 21:29:21] /i fainted charizard
[21/01/2011 21:29:21] /i fainted charizard
[21/01/2011 21:29:21] /i fainted charizard
[21/01/2011 21:29:21] /i fainted charizard
[21/01/2011 21:29:21] /i fainted charizard
[21/01/2011 21:29:21] /i fainted charizard
[21/01/2011 21:29:21] /i fainted charizard
[21/01/2011 21:29:21] /i fainted charizard
[21/01/2011 21:29:21] /i fainted charizard
[21/01/2011 21:29:21] /i fainted charizard
[21/01/2011 21:29:21] /i fainted charizard
[21/01/2011 21:29:21] /i fainted charizard
[21/01/2011 21:29:21] /i fainted charizard
[21/01/2011 21:29:21] /i fainted charizard
[21/01/2011 21:29:21] /i fainted charizard
[21/01/2011 21:29:21] /i fainted charizard
[21/01/2011 21:29:21] /i fainted charizard
[21/01/2011 21:29:21] /i fainted charizard
[21/01/2011 21:29:21] /i fainted charizard
[21/01/2011 21:29:21] /i fainted charizard
[21/01/2011 21:29:21] /i fainted charizard
[21/01/2011 21:29:21] /i fainted charizard
[21/01/2011 21:29:21] /i fainted charizard
[21/01/2011 21:29:21] /i fainted charizard
[21/01/2011 21:29:21] /i fainted charizard
[21/01/2011 21:29:21] /i fainted charizard
[21/01/2011 21:29:21] /i fainted charizard
[21/01/2011 21:29:22] /i fainted charizard
[21/01/2011 21:29:22] /i fainted charizard
[21/01/2011 21:29:22] /i fainted charizard
[21/01/2011 21:43:50] /i 6057
[21/01/2011 21:44:00] /i enigma stone
[21/01/2011 21:44:01] /i enigma stone
[21/01/2011 22:12:29] /m charizard s
[21/01/2011 22:12:40] /r
[21/01/2011 22:13:15] /m charizard s
[21/01/2011 22:14:05] /s alakazam
[21/01/2011 22:14:17] /r
[21/01/2011 22:15:52] /r
[21/01/2011 22:15:56] /s alakazam
[21/01/2011 22:16:04] /m charizard s
[21/01/2011 22:18:34] /r
[21/01/2011 22:18:36] /r
[21/01/2011 22:18:38] /s alakazam
[21/01/2011 22:18:43] /m charizard s
[21/01/2011 22:18:56] /s alakazam
[21/01/2011 22:20:02] /r
[21/01/2011 22:20:05] /s alakazam
[21/01/2011 22:20:07] /r
[21/01/2011 22:24:41] /r
[21/01/2011 22:24:43] /m charizard s
[21/01/2011 22:25:34] /r
[21/01/2011 22:26:16] /m charizard s
[21/01/2011 22:26:34] /r
[21/01/2011 22:27:45] /m charizard s
[21/01/2011 22:27:45] /m charizard s
[21/01/2011 22:28:07] /r
[21/01/2011 22:36:21] /m charizard s
[21/01/2011 22:36:22] /m charizard s
[21/01/2011 22:36:22] /m charizard s
[21/01/2011 22:36:43] /r
[21/01/2011 22:37:16] /m charizard s
[21/01/2011 22:37:21] /m charizard s
[21/01/2011 22:37:22] /m charizard s
[21/01/2011 22:38:24] /r
[21/01/2011 22:38:27] /r
[21/01/2011 23:07:57] /t
[21/01/2011 23:09:26] /m weepinbell s
[21/01/2011 23:11:15] /m articuno
[21/01/2011 23:11:41] /m charizard s
[21/01/2011 23:24:36] /m articuno
[21/01/2011 23:43:12] /m charizard s
[21/01/2011 23:43:38] /r
[21/01/2011 23:44:28] /m kadabra s
[21/01/2011 23:45:56] /n pokemonseller
[21/01/2011 23:46:00] /n pokemon seller
[21/01/2011 23:46:21] /n PokemonSeller
[21/01/2011 23:46:31] /n PokemonSeller
[21/01/2011 23:48:13] /n PokemonSeller
[21/01/2011 23:49:23] /n PokemonSeller
[21/01/2011 23:49:50] /n pokemonseller
[21/01/2011 23:50:19] /n pokemonseller
[21/01/2011 23:52:14] /r
[21/01/2011 23:52:18] /n pokemonseller
[21/01/2011 23:53:03] /r
[21/01/2011 23:53:05] /n pokemonseller
[21/01/2011 23:53:16] /n pokemonseller
[21/01/2011 23:53:51] /n pokemonseller
[21/01/2011 23:58:16] /n nurse
[21/01/2011 23:58:17] /r
[21/01/2011 23:58:58] /n nurse
[22/01/2011 00:20:14] /n nurse
[22/01/2011 00:20:16] /r
[22/01/2011 00:20:23] /m charizard s
[22/01/2011 00:25:35] /i psychic spoon
[22/01/2011 00:25:43] /n danny
[22/01/2011 00:28:12] /r
[22/01/2011 00:28:13] /n danny
[22/01/2011 00:29:35] /i essence of fire
[22/01/2011 00:32:27] /i psychic spoon
