[30/10/2011 15:23:54] /m caterpie, 3
[30/10/2011 15:24:21] /m caterpie, 4
[30/10/2011 15:24:56] /m caterpie, 2
[30/10/2011 15:25:20] /m caterpie, 5
[30/10/2011 15:28:45] /n nurse
[30/10/2011 15:28:46] /r
[30/10/2011 15:28:49] /m bellsprout, 5
[30/10/2011 15:29:20] /m bellsprout, 5
[30/10/2011 15:29:52] /m magikarp, 2
[30/10/2011 15:30:04] /m magikarp, 11
[30/10/2011 15:32:56] /m oddish, 7
[30/10/2011 15:33:26] /n nurse
[30/10/2011 15:33:28] /r
[30/10/2011 15:33:30] /m rattata, 6
[30/10/2011 15:35:17] /m poliwag, 7
[30/10/2011 15:35:59] /m bellsprout, 7
[30/10/2011 15:36:29] /m bellsprout, 10
[30/10/2011 15:39:30] /m weepinbell, 11
[30/10/2011 15:40:15] /m machop, 9
[30/10/2011 15:42:08] /m bellsprout, 11
[30/10/2011 15:42:20] /m rattata, 12
[30/10/2011 15:42:41] /m raticate, 12
[30/10/2011 15:43:38] /m geodude, 10
[30/10/2011 15:44:10] /m kakuna, 12
[30/10/2011 15:45:05] /m clefable, 17
[30/10/2011 15:47:19] /r
[30/10/2011 15:47:45] /m clefairy, 13
[30/10/2011 15:48:14] /m wigglytuff, 14
[30/10/2011 15:48:56] /r
[30/10/2011 15:52:54] /m clefable, 16
[30/10/2011 15:54:18] /m snorlax, 40
[30/10/2011 15:54:31] /a 55
[30/10/2011 15:54:33] /ghost
[30/10/2011 15:54:33] /a 44
[30/10/2011 15:54:36] /a 222
[30/10/2011 15:54:39] /a 22
[30/10/2011 15:54:41] /a 12
[30/10/2011 15:54:43] /a 4
[30/10/2011 15:54:44] /a 4
[30/10/2011 15:54:47] /a 4
[30/10/2011 15:55:01] /r
[30/10/2011 15:55:05] /m machoke, 22
[30/10/2011 15:55:23] /r
[30/10/2011 15:56:59] /m machoke, 22
[30/10/2011 15:58:44] /m snorlax
[30/10/2011 15:58:52] /ghost
[30/10/2011 16:03:22] /t
[24/12/2011 16:35:40] /n nurse
[24/12/2011 16:35:45] /r
[24/12/2011 16:36:20] /a 12
[24/12/2011 16:36:22] /n misty
[24/12/2011 16:37:53] /r
[24/12/2011 16:37:55] /n misty
[24/12/2011 16:39:00] /n brock
[24/12/2011 16:39:27] /a 24
[24/12/2011 16:39:29] /a 24
[24/12/2011 16:39:34] /n misty
[24/12/2011 16:43:00] /r
[24/12/2011 16:43:02] /n misty
[24/12/2011 16:48:10] /r
[24/12/2011 16:48:12] /n brock
[24/12/2011 16:49:19] /r
[24/12/2011 16:49:21] /n misty
[24/12/2011 16:52:42] /r
[24/12/2011 16:52:44] /n misty
[24/12/2011 16:53:41] /r
[24/12/2011 16:53:42] /n misty
[24/12/2011 16:55:01] /r
[24/12/2011 16:55:32] /n misty
[24/12/2011 16:55:54] /r
[24/12/2011 16:55:58] /n misty
[24/12/2011 16:56:05] /r
[24/12/2011 16:56:25] /n misty
[24/12/2011 16:57:13] /r
[24/12/2011 16:57:15] /n misty
[24/12/2011 16:58:30] /r
[24/12/2011 16:58:31] /n misty
[24/12/2011 16:59:10] /n misty
[24/12/2011 17:07:49] /a 50
[24/12/2011 17:07:53] /n brock
[24/12/2011 17:09:57] /r
[24/12/2011 17:09:58] /n brock
[24/12/2011 17:10:29] /n misty
[24/12/2011 17:10:58] /r
[24/12/2011 17:11:01] /r
[24/12/2011 17:12:33] /n misty
[24/12/2011 17:12:36] /n brock
[24/12/2011 17:18:44] /r
[24/12/2011 17:18:46] /r
[24/12/2011 17:18:47] /n brock
[24/12/2011 17:18:50] /n misty
[24/12/2011 17:19:48] /r
[24/12/2011 17:19:48] /r
[24/12/2011 17:19:49] /n brock
[24/12/2011 17:19:53] /n misty
[24/12/2011 17:21:45] /r
[24/12/2011 17:21:46] /r
[24/12/2011 17:21:49] /n misty
[24/12/2011 17:21:50] /n brock
[24/12/2011 17:23:05] /r
[24/12/2011 17:23:08] /r
[24/12/2011 17:23:09] /n brock
[24/12/2011 17:23:10] /n misty
[24/12/2011 17:24:09] /r
[24/12/2011 17:24:11] /r
[24/12/2011 17:31:09] /n misty
[24/12/2011 17:31:45] /r
[24/12/2011 17:31:47] /n misty
[24/12/2011 17:33:11] /r
[24/12/2011 17:33:12] /n misty
[24/12/2011 17:33:52] /r
[24/12/2011 17:33:53] /n misty
[24/12/2011 17:34:16] /r
[24/12/2011 17:34:17] /n misty
[24/12/2011 17:34:56] /n misty
[24/12/2011 17:40:31] /n brock
[24/12/2011 17:41:05] /addskill lupus, level, 30
[24/12/2011 17:41:07] /a 40
[24/12/2011 17:41:08] /n misty
[24/12/2011 17:43:23] /a 50
[24/12/2011 17:43:24] /n brock
[24/12/2011 17:43:26] /n misty
[24/12/2011 17:47:16] /a 5
[24/12/2011 17:47:17] /a 5
[24/12/2011 17:47:20] /a 5
[24/12/2011 17:47:21] /a 5
[24/12/2011 17:47:31] /m magikarp, 1
[24/12/2011 17:47:31] /m magikarp, 1
[24/12/2011 17:47:37] /m magikarp, 1
[24/12/2011 17:47:38] /m magikarp, 1
[24/12/2011 17:47:39] /m magikarp, 1
[24/12/2011 17:47:45] /a 2
[24/12/2011 17:47:59] /i normal ball
[24/12/2011 17:48:02] /i great ball
[24/12/2011 17:48:04] /i ultra ball
[24/12/2011 17:48:07] /i super ball
[24/12/2011 17:48:40] /m magikarp, 1
[24/12/2011 17:48:40] /m magikarp, 1
[24/12/2011 17:48:41] /m magikarp, 1
[24/12/2011 17:48:41] /m magikarp, 1
[24/12/2011 17:49:30] /a 
[24/12/2011 17:51:16] /m magikarp, 1
[24/12/2011 17:51:22] /m magikarp, 1
[24/12/2011 17:51:23] /m magikarp, 1
[24/12/2011 17:52:22] /m magikarp, 1
[24/12/2011 17:52:31] /m magikarp, 1
[24/12/2011 17:52:38] /m magikarp, 1
[24/12/2011 17:52:39] /m magikarp, 1
[24/12/2011 17:53:00] /m magikarp, 1
[24/12/2011 17:53:04] /m magikarp, 1
[24/12/2011 17:53:57] /i 11825
[24/12/2011 17:53:59] /r
[24/12/2011 17:56:00] /i 11825
[24/12/2011 17:57:57] /i 11781
[24/12/2011 18:00:01] /i 11783
[24/12/2011 18:00:03] /i 11785
[24/12/2011 18:00:05] /r
[24/12/2011 18:00:06] /r
[24/12/2011 18:00:08] /r
[24/12/2011 18:00:10] /r
[24/12/2011 18:03:45] /t
[24/12/2011 18:03:48] /m magikarp, 1
[24/12/2011 18:03:48] /m magikarp, 1
[24/12/2011 18:03:49] /m magikarp, 1
[24/12/2011 18:03:49] /m magikarp, 1
[24/12/2011 18:04:16] /m magikarp, 1
[24/12/2011 18:04:17] /m magikarp, 1
[24/12/2011 18:04:17] /m magikarp, 1
[24/12/2011 18:04:37] /m magikarp, 1
[24/12/2011 18:07:38] /m magikarp, 1
[24/12/2011 18:27:58] /m onix
[29/12/2011 19:27:06] /m dragonite, 100
[29/12/2011 19:30:11] /m dragonite, 100
[29/12/2011 19:31:05] /r
[29/12/2011 19:36:00] /a 12
[29/12/2011 19:36:03] /m dragonite , 100
[29/12/2011 19:36:43] /m dragonite, 100
[29/12/2011 19:37:04] /a 12
[29/12/2011 19:37:05] /a 12
[29/12/2011 19:37:07] /m dragonite, 100
[29/12/2011 19:37:12] /a 2
[29/12/2011 19:39:23] /m dragonite, 100
[29/12/2011 19:39:40] /a 2
[29/12/2011 19:39:42] /m dragonite, 100
[29/12/2011 19:43:06] /m dragonite, 100
[29/12/2011 19:44:29] /m dragonite, 100
[29/12/2011 19:44:38] /a 2
[29/12/2011 19:45:59] /m dragonite, 100
[29/12/2011 19:46:14] /a 2
[29/12/2011 19:46:15] /a 2
[29/12/2011 19:46:15] /a 2
[29/12/2011 19:46:15] /a 2
[29/12/2011 19:46:18] /r
[29/12/2011 19:47:46] /m dragonite, 100
[29/12/2011 19:47:58] /r
[29/12/2011 19:48:00] /r
[29/12/2011 19:49:24] /m dragonite, 100
[29/12/2011 19:50:07] /m dragonite, 100
[29/12/2011 19:50:20] /r
[29/12/2011 19:50:41] /m dragonite, 100
[29/12/2011 19:51:58] /m dragonite, 100
[29/12/2011 19:52:11] /a 2
[29/12/2011 19:52:43] /m dragonite, 100
[29/12/2011 19:53:08] /m dragonite, 100
[29/12/2011 19:53:15] /a 2
[29/12/2011 19:53:49] /m dragonite, 100
[29/12/2011 19:53:56] /a 2
[29/12/2011 19:54:25] /m dragonite, 100
[29/12/2011 19:55:10] /m dragonite, 100
[29/12/2011 19:57:29] /m dragonite, 100
[29/12/2011 19:57:30] /m dragonite, 100
[29/12/2011 19:57:30] /m dragonite, 100
[29/12/2011 20:09:11] /n henry
[29/12/2011 20:18:39] /m dragonite, 100
[29/12/2011 20:18:57] /a 2
[29/12/2011 20:19:31] /addskill lupus, level, 40
[29/12/2011 20:19:34] /m dragonite, 100
[29/12/2011 20:19:42] /a 2
[29/12/2011 20:19:51] /r
[29/12/2011 20:19:55] /m dragonite, 100
[29/12/2011 20:19:56] /a 3
[29/12/2011 20:20:05] /a 2
[29/12/2011 20:20:07] /a 3
[29/12/2011 20:20:23] /t
[29/12/2011 20:20:27] /ghost
[29/12/2011 20:22:10] /addskill lupus, 100
[29/12/2011 20:22:14] /addskill lupus, level, 100
[29/12/2011 20:22:20] /m magikarp, 1
[29/12/2011 20:22:29] /m magikarp, 1
[29/12/2011 20:22:47] /m magikarp, 1
[29/12/2011 20:23:02] /t
[29/12/2011 20:23:05] /ghost
[29/12/2011 20:23:10] /r
[29/12/2011 20:24:48] /n namer
[29/12/2011 20:25:12] /i thousand dollar note
[29/12/2011 20:25:20] /i ten thousand dollar note
[29/12/2011 20:26:54] /r
[29/12/2011 20:26:55] /n namer
[29/12/2011 20:28:02] /i recording camera
[29/12/2011 20:28:07] /a 2
[29/12/2011 20:32:21] /a 50
[29/12/2011 20:32:32] /m gastly, 4
[29/12/2011 20:32:43] /m machop, 5
[29/12/2011 20:36:58] /m dragonite, 100
[29/12/2011 20:37:01] /r
[29/12/2011 20:37:03] /m dragonite, 100
