[15/03/2011 18:11:31] /addskill Luuci, level, 55
[15/03/2011 18:11:39] /i coccon stone
[15/03/2011 18:11:43] /i coccon stone
[15/03/2011 18:11:44] /i coccon stone
[15/03/2011 18:30:57] /i 1387
[24/05/2011 18:39:39] /t
[24/05/2011 18:39:46] /n nurse
[24/05/2011 18:39:50] /r
[24/05/2011 18:41:34] /n nurse
[24/05/2011 18:41:36] /r
[24/05/2011 18:42:07] /i potion
[24/05/2011 18:42:08] /i 2272
[24/05/2011 18:42:25] /save
[24/05/2011 18:42:41] /n nurse
[24/05/2011 18:42:42] /r
[24/05/2011 18:42:48] /n brock
[24/05/2011 18:42:52] /r
[24/05/2011 18:43:03] /r
[27/05/2011 21:08:22] /n nurse
[27/05/2011 21:08:23] /r
[27/05/2011 21:08:38] /m weedle s
[27/05/2011 21:09:48] /m weedle s
[27/05/2011 21:14:05] /m weedle s
[27/05/2011 21:17:02] /m weedle s
[27/05/2011 21:17:08] /m weedle s
[27/05/2011 21:18:37] /m weedle s
[27/05/2011 21:19:07] /m Pidgeot s
[27/05/2011 21:30:58] /m pidgeot s
[27/05/2011 21:31:28] /m pidgeotto s
[28/05/2011 00:40:32] /m articuno
[28/05/2011 00:47:34] /m articuno
[28/05/2011 00:58:59] /i smashable rock
[28/05/2011 01:13:16] /r
[28/05/2011 01:16:33] /m articuno
[28/05/2011 01:39:08] /i cuttable bush
[28/05/2011 01:39:13] /r
[28/05/2011 02:11:30] /i 2767
[28/05/2011 02:12:31] /i 2767
[28/05/2011 02:15:27] /r
[28/05/2011 02:15:51] /i 2767
[28/05/2011 02:20:14] /m articuno
[28/05/2011 02:35:57] /i 2257
[28/05/2011 02:36:06] /r
[28/05/2011 02:36:08] /i stone
[28/05/2011 02:36:09] /i stones
[28/05/2011 02:36:13] /r
[28/05/2011 02:36:16] /i stones
[28/05/2011 02:36:21] /i 3611
[28/05/2011 02:36:23] /i 3612
[28/05/2011 02:36:25] /i 3613
[28/05/2011 02:36:26] /i 3614
[28/05/2011 02:36:27] /i 3615
[28/05/2011 02:36:30] /i 3609
[28/05/2011 02:36:34] /i 3608
[28/05/2011 02:36:38] /i 3607
[28/05/2011 02:36:40] /a 2
[28/05/2011 02:38:24] /r
[28/05/2011 02:38:26] /r
[28/05/2011 02:38:28] /i 1285
[28/05/2011 03:27:59] /i ultra balls
[28/05/2011 03:28:00] /i ultra ball
[28/05/2011 03:28:05] /i defeated magikarp
[28/05/2011 03:47:05] /m pidgeot s
[28/05/2011 03:47:10] /r
[28/05/2011 03:47:13] /r
[28/05/2011 03:47:16] /r
[28/05/2011 03:47:48] /m oddish s
[28/05/2011 03:47:53] /r
[28/05/2011 04:02:30] /m charizard s
[28/05/2011 04:02:32] /m pidgeot s
[28/05/2011 04:03:56] /m charizard s
[28/05/2011 04:03:58] /m muk s
[28/05/2011 04:03:59] /r
[28/05/2011 04:04:01] /m muk s
[28/05/2011 04:04:01] /m muk s
[28/05/2011 04:04:02] /m muk s
[28/05/2011 04:04:02] /m muk s
[28/05/2011 04:04:03] /m muk s
[28/05/2011 04:04:35] /m muk s
[28/05/2011 04:04:36] /m muk s
[28/05/2011 04:04:36] /m muk s
[28/05/2011 04:04:36] /m muk s
[28/05/2011 04:04:37] /m muk s
[28/05/2011 04:04:37] /m muk s
[28/05/2011 04:04:38] /m muk s
[28/05/2011 04:04:38] /m muk s
[28/05/2011 04:05:08] /m muk s
[28/05/2011 04:05:09] /m muk s
[28/05/2011 04:05:09] /m muk s
[28/05/2011 04:05:09] /m muk s
[28/05/2011 04:05:10] /m muk s
[28/05/2011 04:05:15] /m muk s
[28/05/2011 04:05:17] /m muk s
[28/05/2011 04:05:57] /reload creatureevents
[28/05/2011 04:06:13] /m muk s
[28/05/2011 04:06:16] /m muk s
[28/05/2011 04:06:18] /m muk s
