[05/01/2012 18:45:53] /a 2
[05/01/2012 18:46:18] /a 2
[05/01/2012 18:46:20] /a 2
[05/01/2012 18:51:15] /i 12220
[05/01/2012 18:52:10] /i pokemon bag
[05/01/2012 18:52:14] /i white pokemon bag
[05/01/2012 18:52:25] /i green backpack
[05/01/2012 18:53:01] /i camouflage backpack
[05/01/2012 18:53:06] /i backpack of holding
[05/01/2012 18:53:11] /i golden backpack
[05/01/2012 18:53:28] /i old and used backpack
[05/01/2012 18:53:47] /i pirate backpack
[05/01/2012 18:53:53] /i beach backpack
[05/01/2012 18:54:04] /i fur backpack
[05/01/2012 18:54:10] /i hasudahsu
[05/01/2012 18:54:19] /i 0
[05/01/2012 18:54:41] /i brocade backpack
[05/01/2012 18:55:07] /i demon backpack
[05/01/2012 18:55:12] /i orange backpack
[05/01/2012 18:55:15] /i demon backpack
[05/01/2012 18:55:20] /i moon backpack
[05/01/2012 18:56:05] /i crown backpack
[05/01/2012 18:56:08] /i heart backpack
[05/01/2012 18:56:20] /i expedition backpack
[05/01/2012 18:56:31] /i lizard backpack
[05/01/2012 18:56:44] /i minotaur backpack
[05/01/2012 18:56:50] /i fluffy santa backpack
[05/01/2012 18:57:30] /i white pokemon bag
[05/01/2012 18:57:34] /i white pokemon bag
[05/01/2012 18:57:37] /i white pokemon bag
[05/01/2012 18:57:52] /i stairs
[05/01/2012 18:58:46] /i 11808
[05/01/2012 18:58:48] /i 11808
[05/01/2012 18:58:49] /r
[05/01/2012 18:59:09] /i yellow maple
[05/01/2012 18:59:12] /r
[05/01/2012 19:08:08] /i 2672
[05/01/2012 19:08:28] /i dragon ham
[05/01/2012 19:09:27] /i 2677
[05/01/2012 19:09:38] /i 2679
[05/01/2012 19:09:46] /i 2689
[05/01/2012 19:10:07] /i 2362
[05/01/2012 19:10:25] /i carrot of doom
[06/01/2012 16:11:20] /a 2
[06/01/2012 16:11:21] /a 2
[06/01/2012 16:11:21] /a 2
[06/01/2012 16:11:21] /a 2
[06/01/2012 16:11:45] /addskill maooslelpa, level, 100
[06/01/2012 16:29:38] /m geodude, 2
[06/01/2012 16:29:46] /r
[06/01/2012 16:31:45] /a 2
[06/01/2012 16:31:45] /a 2
[06/01/2012 16:31:45] /a 2
[06/01/2012 16:31:49] /a 2
[06/01/2012 16:31:51] /r
[06/01/2012 16:35:05] /n brock
[06/01/2012 16:40:47] /r
[06/01/2012 16:53:55] /n brock
[06/01/2012 17:15:43] /n nurse
[06/01/2012 17:15:45] /r
[06/01/2012 17:15:46] /n brock
[06/01/2012 17:19:43] /n nurse
[06/01/2012 17:20:00] /n nurse
[06/01/2012 17:20:04] /r
[06/01/2012 17:21:54] /n nruse
[06/01/2012 17:21:57] /n nurse
[06/01/2012 17:21:58] /r
