[19/09/2011 23:13:30] /addskill mastercraft, level, 200
[19/09/2011 23:13:49] /m lapras
[19/09/2011 23:13:51] /m lapras
[19/09/2011 23:13:52] /m lapras
[19/09/2011 23:13:54] /m lapras
[19/09/2011 23:13:55] /m lapras
[19/09/2011 23:13:56] /m lapras
[19/09/2011 23:14:00] /r
[19/09/2011 23:14:01] /r
[19/09/2011 23:14:02] /r
[19/09/2011 23:20:03] /m snorlax
[19/09/2011 23:34:22] /r
[19/09/2011 23:34:27] /m lapras
[19/09/2011 23:37:01] /a 19
[19/09/2011 23:37:02] /a 19
[19/09/2011 23:37:48] /a 12
[19/09/2011 23:37:52] /a 12
[19/09/2011 23:37:56] /a 18
[19/09/2011 23:51:10] /a 16
[19/09/2011 23:51:12] /a 16
[20/09/2011 17:06:39] /m onix
[20/09/2011 17:26:29] /m venusaur
[20/09/2011 17:26:47] /r
[20/09/2011 17:26:50] /r
[20/09/2011 18:03:49] /m abra
[20/09/2011 18:04:02] /m kadabra
[20/09/2011 18:04:26] /m kadabra
[20/09/2011 18:04:50] /m kadabra
[20/09/2011 18:05:19] /m onix
[22/09/2011 18:41:38] /m onix
[22/09/2011 18:48:18] /m onix
[22/09/2011 18:49:49] /m venusaur
[22/09/2011 18:51:17] /m venusaur
[22/09/2011 18:53:37] /m venusaur
[22/09/2011 18:54:47] /m venusaur
[22/09/2011 19:04:05] /goto scyther
[22/09/2011 19:04:11] /a 25
[22/09/2011 19:04:56] /a 2
[22/09/2011 19:04:56] /a 2
[22/09/2011 19:04:57] /a 2
[22/09/2011 19:04:58] /a 2
[22/09/2011 19:04:59] /a 2
[22/09/2011 19:04:59] /a 2
[22/09/2011 19:05:00] /a 2
[22/09/2011 19:05:00] /a 2
[22/09/2011 19:05:20] /m venusaur
[22/09/2011 19:07:59] /m onix
[22/09/2011 19:08:31] /n nurse
[22/09/2011 19:08:33] /r
[22/09/2011 19:09:08] /n nurse
[22/09/2011 19:09:09] /r
[22/09/2011 19:09:17] /m alakazam
[22/09/2011 19:09:38] /m alakazam
[22/09/2011 19:09:57] /m alakazam
[22/09/2011 19:10:25] /m venusaur
[22/09/2011 19:24:37] /m venusaur
[22/09/2011 19:25:25] /m venusaur
[22/09/2011 19:25:39] /m venusaur
[22/09/2011 19:26:46] /m venusaur
[22/09/2011 19:29:30] /m venusaur
[22/09/2011 19:32:42] /m venusaur
[22/09/2011 19:33:57] /m alakazam
[22/09/2011 19:34:25] /m alakazam
[22/09/2011 19:34:42] /m machamp
[22/09/2011 19:34:58] /m c
[22/09/2011 19:35:01] /m machamp
[22/09/2011 19:35:20] /i ultra ball
[22/09/2011 19:35:33] /m machamp
[22/09/2011 19:35:34] /m machamp
[22/09/2011 19:35:34] /m machamp
[22/09/2011 19:35:35] /m machamp
[22/09/2011 19:35:35] /m machamp
[22/09/2011 19:35:36] /m machamp
[22/09/2011 19:35:37] /m machamp
[22/09/2011 19:35:37] /m machamp
[22/09/2011 19:35:38] /m machamp
[22/09/2011 19:35:38] /m machamp
[22/09/2011 19:35:39] /m machamp
[22/09/2011 19:35:40] /m machamp
[22/09/2011 19:35:40] /m machamp
[22/09/2011 19:35:41] /m machamp
[22/09/2011 19:35:41] /m machamp
[22/09/2011 19:35:42] /m machamp
[22/09/2011 19:35:42] /m machamp
[22/09/2011 19:35:42] /m machamp
[22/09/2011 19:35:43] /m machamp
[22/09/2011 19:35:43] /m machamp
[22/09/2011 19:35:44] /m machamp
[22/09/2011 19:35:44] /m machamp
[22/09/2011 19:35:45] /m machamp
[22/09/2011 19:35:47] /m machamp
[22/09/2011 19:35:48] /m machamp
[22/09/2011 19:35:48] /m machamp
[22/09/2011 19:35:49] /m machamp
[22/09/2011 19:35:56] /m machamp
[22/09/2011 19:35:56] /m machamp
[22/09/2011 19:35:57] /m machamp
[22/09/2011 19:35:57] /m machamp
[22/09/2011 19:35:57] /m machamp
[22/09/2011 19:35:58] /m machamp
[22/09/2011 19:35:58] /m machamp
[22/09/2011 19:35:58] /m machamp
[22/09/2011 19:35:59] /m machamp
[22/09/2011 19:35:59] /m machamp
[22/09/2011 19:35:59] /m machamp
[22/09/2011 19:36:00] /m machamp
[22/09/2011 19:36:00] /m machamp
[22/09/2011 19:36:00] /m machamp
[22/09/2011 19:36:01] /m machamp
[22/09/2011 19:36:01] /m machamp
[22/09/2011 19:36:02] /m machamp
[22/09/2011 19:36:02] /m machamp
[22/09/2011 19:36:02] /m machamp
[22/09/2011 19:36:03] /m machamp
[22/09/2011 19:36:03] /m machamp
[22/09/2011 19:36:03] /m machamp
[22/09/2011 19:36:04] /m machamp
[22/09/2011 19:38:31] /m machamp
[22/09/2011 19:38:44] /m machamp
[22/09/2011 19:38:49] /m machamp
[22/09/2011 19:42:01] /m machamp
[22/09/2011 19:42:14] /m machamp
[22/09/2011 19:42:26] /i pokeball
[22/09/2011 19:42:30] /i poke ball
[22/09/2011 19:42:34] /m machamp
[22/09/2011 19:42:38] /m machamp
[22/09/2011 19:42:40] /m machamp
[22/09/2011 19:42:41] /m machamp
[22/09/2011 19:42:41] /m machamp
[22/09/2011 19:44:47] /m venusaur
[22/09/2011 19:44:55] /m venusaur
[22/09/2011 19:44:55] /m venusaur
[22/09/2011 19:46:43] /m venusau
[22/09/2011 19:46:45] /m venusaur
[22/09/2011 19:46:58] /m gastly
[22/09/2011 19:48:13] /m gastly
[22/09/2011 19:49:13] /m venusaur
[22/09/2011 19:49:18] /m venusaur
[22/09/2011 19:49:18] /m venusaur
[23/09/2011 14:03:58] /i 2160
[23/09/2011 14:07:40] /m venusaur
[23/09/2011 14:14:19] /goto scyther
[23/09/2011 14:14:32] /a 4
[23/09/2011 14:14:33] /a 4
[23/09/2011 14:14:35] /a 4
[23/09/2011 14:14:35] /a 4
[23/09/2011 14:14:36] /a 4
[23/09/2011 14:14:37] /a 4
[23/09/2011 14:14:38] /a 4
[23/09/2011 14:14:38] /a 4
[23/09/2011 14:14:39] /a 4
[23/09/2011 14:16:16] /m alakazam
[23/09/2011 14:16:28] /m alakazam
[23/09/2011 18:46:03] /t
[23/09/2011 18:46:12] /a 24
[23/09/2011 18:49:40] /a 80
[23/09/2011 18:59:01] /m gastly
[23/09/2011 18:59:11] /m gastly
[25/09/2011 15:11:12] /m alakazam
[25/09/2011 15:18:03] /m pidgeot
[25/09/2011 15:18:23] /m pidgeot
[25/09/2011 15:18:36] /m pidgeot
[25/09/2011 15:19:02] /m pidgeot
[25/09/2011 15:21:09] /m onix
[25/09/2011 15:22:02] /r
[25/09/2011 15:25:21] /m onix
[25/09/2011 15:25:29] /n nurse
[25/09/2011 15:25:41] /r
[25/09/2011 15:25:57] /m pidgey
[25/09/2011 15:26:24] /m persian
[25/09/2011 15:26:49] /m onix
[25/09/2011 15:27:08] /m onix
[25/09/2011 15:28:44] /m onix
[25/09/2011 15:29:34] /m onix
[25/09/2011 15:29:44] /m onix
[25/09/2011 15:30:28] /m onix
[25/09/2011 15:31:54] /m onix
[04/10/2011 13:09:30] /a 12
[04/10/2011 13:09:32] /a 12
[04/10/2011 13:09:33] /a 12
[04/10/2011 13:09:37] /a 12
[04/10/2011 13:09:38] /a 12
[04/10/2011 13:09:39] /a 12
[04/10/2011 13:09:40] /a 12
[04/10/2011 13:09:41] /a 12
[04/10/2011 13:09:43] /a 12
[04/10/2011 13:09:45] /a 4
[04/10/2011 13:09:47] /a 4
[04/10/2011 13:09:47] /a 4
[04/10/2011 13:09:48] /a 4
[04/10/2011 13:09:48] /a 4
[04/10/2011 13:09:49] /a 4
[07/10/2011 13:58:01] /i big black television
[07/10/2011 14:00:55] /i big plasma television
[07/10/2011 14:01:02] /i big black plasma television
[07/10/2011 14:01:07] /i black plasma television
[07/10/2011 14:55:07] /i black plasma television
[07/10/2011 18:15:03] /i pokedex
[07/10/2011 18:15:07] /i order buttom
[07/10/2011 18:15:10] /i portrait
[07/10/2011 18:15:17] /i catch info. tool
[07/10/2011 18:15:22] /i coin case
[07/10/2011 18:16:56] /goto glade
[07/10/2011 18:21:15] /ghost
[07/10/2011 18:23:15] /attr group id 4
[07/10/2011 18:23:19] /attr group 4
[07/10/2011 18:23:58] /attr group 1
[07/10/2011 18:24:07] /attr group 1
[07/10/2011 19:24:19] /ghost
[07/10/2011 19:59:20] /i recording camera
[07/10/2011 20:16:23] /t
[07/10/2011 20:16:33] /a 12
[07/10/2011 20:16:42] /a 12
[07/10/2011 20:16:48] /a 55
[07/10/2011 20:17:03] /goto glade
[07/10/2011 20:25:53] /a 3
[07/10/2011 20:25:54] /a 3
[07/10/2011 20:25:54] /a 3
[07/10/2011 20:38:04] /goto glade
[07/10/2011 20:38:06] /a 13
[07/10/2011 20:38:08] /a 2
[07/10/2011 20:38:29] /goto glade
[07/10/2011 20:38:36] /a 23
[07/10/2011 20:39:31] /goto glade
[07/10/2011 20:56:14] /a 12
[07/10/2011 20:56:15] /a 12
[07/10/2011 20:56:16] /a 12
[09/10/2011 14:45:56] /m poliwrath, 75
[09/10/2011 14:46:57] /m poliwrath, 75
[09/10/2011 14:47:22] /n nurse
[09/10/2011 14:47:37] /r
[09/10/2011 14:48:51] /m poliwrath, 75
[09/10/2011 14:50:38] /m poliwrath, 75
[09/10/2011 14:52:47] /r
[09/10/2011 14:52:51] /m aerodactyl, 95
[09/10/2011 14:57:53] /m onix 43
[09/10/2011 14:57:56] /m onix, 43
[09/10/2011 15:06:10] /m arcanine, 61
[09/10/2011 15:59:12] /n nurse
[09/10/2011 15:59:27] /m graveler, 55
[09/10/2011 15:59:55] /r
[09/10/2011 16:00:03] /m golem
[09/10/2011 16:00:48] /n nurse
[09/10/2011 16:00:49] /r
[09/10/2011 16:00:51] /r
[09/10/2011 16:00:51] /r
[09/10/2011 16:00:55] /m golem
[09/10/2011 16:01:10] /i ultra ball
[09/10/2011 16:02:29] /m poliwrath
[09/10/2011 16:02:31] /r
[09/10/2011 16:02:39] /m poliwrath, 57
[09/10/2011 16:02:52] /m poliwrath, 63
[09/10/2011 16:07:42] /storage mastercraft, 100
[09/10/2011 16:07:46] /storage mastercraft, 100, 1
[09/10/2011 16:07:51] /storage mastercraft, 100, -1
[09/10/2011 16:14:36] /m charizard, 99
[09/10/2011 16:15:01] /n nurse
[09/10/2011 16:15:09] /goto glade
[09/10/2011 16:16:26] /m charizard, 99
[09/10/2011 16:16:47] /m charizard, 99
[09/10/2011 16:17:14] /m venusaur, 77
[09/10/2011 16:17:26] /m victreebel, 100
[09/10/2011 16:18:54] /m victreebel, 100
[09/10/2011 16:19:09] /m weepinbell, 32
[09/10/2011 16:19:26] /m weepinbell, 82
[09/10/2011 16:19:50] /m scyther, 100
[09/10/2011 16:20:09] /m raichu, 89
[09/10/2011 16:20:23] /m raichu, 87
[09/10/2011 16:20:46] /m pidgeot, 100
[09/10/2011 16:21:05] /m fearow, 100
[09/10/2011 16:23:30] /m pikachu, 89
[09/10/2011 16:23:49] /m charizard, 65
[09/10/2011 16:26:51] /save
[09/10/2011 16:27:46] /m gyarados, 88
[09/10/2011 16:28:45] /m gyarados, 70
[09/10/2011 16:29:27] /r
[09/10/2011 16:30:10] /n nurse
[09/10/2011 16:30:11] /r
[09/10/2011 16:30:15] /m gyarados, 55
[09/10/2011 16:32:50] /m gyarados
[09/10/2011 16:32:59] /n nurse
[09/10/2011 16:45:06] /m gyarados, 56
[09/10/2011 16:45:47] /m tentacruel, 42
[09/10/2011 16:46:11] /m dragonair, 45
[09/10/2011 16:46:50] /m hitmonlee, 45
[09/10/2011 16:48:11] /m graveler, 33
[09/10/2011 16:50:04] /m tangela, 40
[09/10/2011 16:50:49] /m graveler, 38
[09/10/2011 16:52:10] /m graveler, 39
[09/10/2011 16:53:47] /m graveler, 43
[09/10/2011 16:54:56] /m graveler, 32
[09/10/2011 16:55:26] /m machoke, 41
[09/10/2011 16:55:54] /m machoke, 45
[09/10/2011 16:56:26] /m machoke, 42
[09/10/2011 16:56:56] /m weepinbell, 32
[09/10/2011 16:57:14] /m victreebel, 52
[09/10/2011 16:58:09] /m onix, 41
[09/10/2011 16:59:38] /m victreebel
[09/10/2011 16:59:41] /r
[09/10/2011 16:59:44] /n nurse
[09/10/2011 16:59:45] /r
[09/10/2011 16:59:51] /m victreebel, 45
[09/10/2011 17:00:44] /m weepinbell, 29
[09/10/2011 17:00:57] /m weepinbell, 31
[09/10/2011 17:01:18] /m victreebel
[09/10/2011 17:01:37] /m victreebel, 46
[09/10/2011 17:03:33] /m poliwhirl, 28
[09/10/2011 17:03:46] /m tentacool, 22
[09/10/2011 17:04:01] /m tentacruel, 43
[09/10/2011 22:35:54] /m vulpix
[09/10/2011 22:36:21] /m vulpix
[09/10/2011 22:36:39] /m vulpix
[09/10/2011 22:38:50] /r
[09/10/2011 22:38:53] /m vulpix, 50
[09/10/2011 22:39:06] /r
[09/10/2011 22:39:09] /m ninetales, 56
[09/10/2011 22:39:27] /r
[09/10/2011 22:39:30] /m bulbasaur
[09/10/2011 22:40:20] /m vulpix
[09/10/2011 22:41:57] /m vulpix
[09/10/2011 22:49:56] /m vulpix
[09/10/2011 22:59:27] /m vulpix
[09/10/2011 22:59:29] /m vulpix
[09/10/2011 22:59:30] /m vulpix
[09/10/2011 22:59:37] /m vulpix
[09/10/2011 22:59:38] /m vulpix
[12/10/2011 15:59:41] /m shellder, 100
[12/10/2011 16:02:42] /m shellder, 10
[12/10/2011 16:04:14] /m shellder, 10
[12/10/2011 16:05:19] /m shellder, 10
[12/10/2011 16:06:14] /m shellder, 10
[12/10/2011 16:08:33] /m shellder, 100
[12/10/2011 16:14:53] /m shellder, 200
[12/10/2011 16:18:50] /m shellder
[12/10/2011 16:18:58] /r
[12/10/2011 16:19:23] /m shellder
[12/10/2011 16:19:28] /r
[12/10/2011 16:20:56] /m shellder
[12/10/2011 16:21:33] /m shellder
[12/10/2011 16:25:55] /m shellder
[12/10/2011 16:26:12] /m onix
[12/10/2011 16:26:30] /m onix
[12/10/2011 16:26:34] /r
[12/10/2011 16:27:14] /r
[12/10/2011 16:27:16] /m onix
[12/10/2011 16:29:13] /m onix
[12/10/2011 16:30:36] /m onix
[12/10/2011 16:31:38] /m onix
[12/10/2011 16:31:57] /m onix
[12/10/2011 16:33:21] /m onix
[12/10/2011 16:34:45] /m shellder
[12/10/2011 16:36:02] /m shellder
[12/10/2011 16:36:10] /r
[12/10/2011 16:36:12] /r
[12/10/2011 16:36:13] /r
[12/10/2011 16:36:13] /r
[12/10/2011 16:36:14] /r
[12/10/2011 16:36:19] /r
[12/10/2011 16:36:22] /r
[12/10/2011 16:36:23] /r
[12/10/2011 16:36:24] /r
[12/10/2011 16:36:24] /r
[12/10/2011 16:36:36] /m shellder
[12/10/2011 16:37:15] /m shellder
[12/10/2011 16:37:33] /m shellder
[12/10/2011 16:38:08] /i great ball
[12/10/2011 16:38:10] /m rattata
[12/10/2011 16:39:23] /m onix
[12/10/2011 16:43:51] /t
[13/10/2011 18:41:17] /t
[13/10/2011 18:50:37] /t
[14/10/2011 15:28:03] /i pokemon prize box +6
[14/10/2011 15:28:23] /i pokemon prize box +4
[14/10/2011 15:28:25] /i pokemon prize box +3
[14/10/2011 15:28:26] /i pokemon prize box +2
[14/10/2011 15:28:27] /i pokemon prize box +1
[14/10/2011 15:29:14] /i yellow shell
[14/10/2011 20:11:24] /i basket
[14/10/2011 20:49:32] /i basket
[14/10/2011 20:50:34] /i basket
[14/10/2011 22:15:05] /m venusaur, 82
[14/10/2011 22:15:32] /m charizard, 100
[14/10/2011 22:16:29] /n nurse
[14/10/2011 22:16:31] /r
[14/10/2011 22:16:34] /m venusaur, 100
[14/10/2011 22:17:26] /m arcanine, 78
[14/10/2011 22:18:03] /m arcanine, 81
[14/10/2011 22:18:23] /m arcanine, 52
[14/10/2011 22:30:48] /m vulpix
[15/10/2011 01:06:31] /t
[15/10/2011 01:16:57] /r
[15/10/2011 01:16:58] /r
[15/10/2011 01:16:59] /r
[15/10/2011 01:17:00] /r
[15/10/2011 01:17:01] /r
[15/10/2011 01:17:04] /r
[15/10/2011 01:17:05] /r
[15/10/2011 01:40:53] /i ultra ball, 1
[15/10/2011 01:41:47] /i ultra ball, 1
[15/10/2011 02:17:14] /storage glade, 100
[15/10/2011 02:17:16] /storage glade, 100, 10
[15/10/2011 02:17:31] /storage glade, 100, 1
[15/10/2011 04:34:27] /storage mastercraft, 8900
[15/10/2011 04:34:30] /storage mastercraft, 8900, 1
[15/10/2011 04:34:42] /storage mastercraft, 8900, -1
[15/10/2011 04:36:38] /m fearow, 32
[15/10/2011 04:36:58] /i great ball
[15/10/2011 04:37:16] /m fearow, 42
[15/10/2011 04:37:57] /m farfetch'd, 32
[15/10/2011 04:38:11] /m geodude, 12
[15/10/2011 04:38:27] /m graveler, 27
[15/10/2011 04:39:22] /m kakuna, 9
[15/10/2011 04:40:39] /r
[15/10/2011 04:40:40] /r
