[23/07/2011 00:02:56] /addskill Mega test, level, 10
[23/07/2011 00:03:03] /addskill Mega tets, level, 10
[23/07/2011 00:05:24] /i ultra ball
[23/07/2011 00:05:25] /m charmander
[23/07/2011 00:05:36] /m charmander
[23/07/2011 00:05:45] /m charmander
[23/07/2011 00:05:49] /m charmander
[23/07/2011 00:05:50] /m charmander
[23/07/2011 00:05:51] /m charmander
[23/07/2011 00:07:53] /m charmander
[23/07/2011 00:11:53] /m charmander
[23/07/2011 00:12:31] /m charmander
[23/07/2011 00:13:21] /m charmander
[23/07/2011 00:15:07] /addskill Mega tets, level, 10
[23/07/2011 00:15:15] /m charmander
[23/07/2011 00:17:36] /addskill Mega tets, level 5
[23/07/2011 00:17:39] /addskill Mega tets, level, 5
[23/07/2011 00:17:47] /m charmander
[23/07/2011 00:19:27] /m charmander
[23/07/2011 00:20:15] /m charmander
[23/07/2011 00:21:54] /m charmander
[23/07/2011 00:25:19] /m charmander
[23/07/2011 00:25:58] /m charmander
[23/07/2011 00:26:08] /m charmander
[23/07/2011 00:26:27] /m charmander
[23/07/2011 00:26:28] /m charmander
[23/07/2011 00:26:29] /m charmander
[23/07/2011 00:26:29] /m charmander
[23/07/2011 00:26:50] /m charmander
[23/07/2011 00:26:54] /m charmander
[23/07/2011 16:54:32] /addskill mega tets, level, 200
[23/07/2011 16:54:48] /m ekans
[23/07/2011 16:56:49] /addskill mega tets, level , 10
[23/07/2011 16:56:58] /addskill mega tets, level, 44
[23/07/2011 16:57:04] /m ekans
[23/07/2011 16:59:56] /m ekans
[23/07/2011 17:00:44] /r
[23/07/2011 17:01:21] /n nurse
[23/07/2011 17:01:23] /r
[23/07/2011 17:01:25] /m ekans
[23/07/2011 17:02:05] /addskill Mega tets, level, 100
[23/07/2011 17:02:55] /m scyther
[23/07/2011 17:03:15] /m dragonite
[23/07/2011 17:04:12] /r
[23/07/2011 17:04:34] /m charizard
[23/07/2011 17:05:01] /r
[23/07/2011 17:05:10] /m pidgey
[23/07/2011 17:05:40] /r
[23/07/2011 17:08:52] /r
[23/07/2011 17:08:54] /r
[23/07/2011 17:09:08] /n eirc
[23/07/2011 17:09:10] /n eric
[23/07/2011 17:09:18] /r
[23/07/2011 17:09:42] /r
[23/07/2011 17:10:27] /a 2
[23/07/2011 17:10:28] /r
[23/07/2011 17:10:29] /r
[23/07/2011 17:10:31] /a 2
[23/07/2011 17:10:32] /r
[23/07/2011 17:10:32] /r
[23/07/2011 17:10:33] /r
[23/07/2011 17:10:34] /r
[23/07/2011 17:10:35] /r
[23/07/2011 17:10:36] /a 2
[27/07/2011 17:46:18] /m snorlax
[27/07/2011 17:46:47] /r
[27/07/2011 17:46:58] /n nurse
[27/07/2011 17:46:59] /r
[27/07/2011 17:47:09] /m snorlax
[27/07/2011 17:47:29] /n nurse
[27/07/2011 17:49:02] /m bellsprout
[27/07/2011 17:49:24] /m bellsprout
[27/07/2011 17:49:50] /m bellsprout
[31/07/2011 20:00:20] /t
[31/07/2011 20:20:33] /t
[31/07/2011 20:20:50] /m onix
[31/07/2011 20:22:26] /s ivysaur
[31/07/2011 20:22:31] /r
[31/07/2011 20:22:34] /n nurse
[31/07/2011 20:22:37] /r
[31/07/2011 20:22:38] /r
[31/07/2011 20:22:43] /n nurse
[31/07/2011 20:22:44] /r
[31/07/2011 20:23:04] /m onix
[31/07/2011 20:23:14] /r
[31/07/2011 20:23:15] /r
[31/07/2011 20:23:16] /r
[31/07/2011 20:25:44] /m onix
[31/07/2011 20:26:03] /n nurse
[31/07/2011 20:26:09] /r
[31/07/2011 20:26:28] /r
[22/08/2011 16:04:51] /m charmander
[22/08/2011 16:07:42] /goto admin
[22/08/2011 16:10:08] /m charmander
[23/08/2011 22:31:01] /m onix
[25/08/2011 20:12:36] /t
[27/08/2011 16:21:45] /t
