[13/11/2010 16:14:20] /i 3777
[13/11/2010 16:25:24] /i 3777
[13/11/2010 17:51:12] /i 2147
[13/11/2010 17:51:49] /s bellsprout
[13/11/2010 17:51:51] /s alakazam
[13/11/2010 17:51:59] /i 2905
[13/11/2010 17:51:59] /i 2905
[13/11/2010 17:51:59] /i 2905
[13/11/2010 17:51:59] /i 2905
[13/11/2010 17:51:59] /i 2905
[13/11/2010 17:51:59] /i 2905
[13/11/2010 17:51:59] /i 2905
[13/11/2010 17:51:59] /i 2905
[13/11/2010 17:51:59] /i 2905
[13/11/2010 17:51:59] /i 2905
[13/11/2010 17:52:22] /r
[13/11/2010 17:52:24] /r
[13/11/2010 17:52:31] /s abra
[13/11/2010 17:54:01] /s bellsprout
[13/11/2010 17:54:30] /i 2276
[13/11/2010 17:54:34] /i 2278
[13/11/2010 17:54:45] /m abra
[13/11/2010 17:54:52] /a 5
[13/11/2010 17:54:56] /ghost
[13/11/2010 17:54:58] /a 6
[13/11/2010 17:55:28] /s alakazam
[13/11/2010 17:55:32] /m snorlax
[13/11/2010 17:55:40] /s alakazam
[13/11/2010 17:56:02] /m graveler
[13/11/2010 17:56:05] /m graveler
[13/11/2010 17:56:06] /m graveler
[13/11/2010 17:56:07] /m graveler
