[13/11/2010 20:14:40] /i 2649
[13/11/2010 20:15:04] /i 2905
[13/11/2010 20:15:04] /i 2905
[13/11/2010 20:15:05] /i 2905
[13/11/2010 20:15:05] /i 2905
[13/11/2010 20:15:05] /i 2905
[13/11/2010 20:15:19] /i 2147
[13/11/2010 20:17:20] /i 8423
[13/11/2010 20:19:33] /i 2905
[13/11/2010 20:19:33] /i 2905
[13/11/2010 20:19:33] /i 2905
[13/11/2010 20:19:34] /i 2905
[13/11/2010 20:19:34] /i 2905
[13/11/2010 20:19:34] /i 2905
[13/11/2010 20:19:34] /i 2905
[13/11/2010 20:19:34] /i 2905
[13/11/2010 20:19:34] /i 2905
[13/11/2010 20:19:34] /i 2905
[13/11/2010 20:19:34] /i 2905
[13/11/2010 20:19:34] /i 2905
[13/11/2010 20:19:34] /i 2905
[13/11/2010 20:19:34] /i 2905
[13/11/2010 20:19:39] /i 2143
[13/11/2010 20:19:41] /i 2144
[13/11/2010 20:19:41] /i 2145
[13/11/2010 20:19:42] /i 2146
[13/11/2010 20:22:27] /i 2649
[13/11/2010 20:22:29] /i 2469
[13/11/2010 20:22:39] /i 2222
[13/11/2010 20:29:40] /i 2905
[13/11/2010 20:29:40] /i 2905
[13/11/2010 20:29:41] /i 2905
[13/11/2010 20:29:41] /i 2905
[13/11/2010 20:29:41] /i 2905
[13/11/2010 20:29:43] /i 2147
[13/11/2010 20:31:03] /i 2905
[13/11/2010 20:31:03] /i 2905
[13/11/2010 20:31:03] /i 2905
[13/11/2010 20:31:03] /i 2905
[13/11/2010 20:31:03] /i 2905
[13/11/2010 20:31:04] /i 2905
[13/11/2010 20:31:04] /i 2905
[13/11/2010 20:31:04] /i 2905
[13/11/2010 20:31:04] /i 2905
[13/11/2010 20:31:04] /i 2905
[13/11/2010 20:31:09] /i 2147
[13/11/2010 20:31:23] /i 2905
[13/11/2010 20:31:23] /i 2905
[13/11/2010 20:31:23] /i 2905
[13/11/2010 20:31:23] /i 2905
[13/11/2010 20:31:23] /i 2905
[13/11/2010 20:31:24] /i 2905
[13/11/2010 20:31:24] /i 2905
[13/11/2010 20:31:24] /i 2905
[13/11/2010 20:31:24] /i 2905
[13/11/2010 20:31:24] /i 2905
[13/11/2010 20:31:24] /i 2905
[13/11/2010 20:31:24] /i 2905
[13/11/2010 20:31:24] /i 2905
[13/11/2010 20:31:24] /i 2905
[13/11/2010 20:31:24] /i 2905
[13/11/2010 20:31:24] /i 2905
[13/11/2010 20:31:24] /i 2905
[13/11/2010 20:31:24] /i 2905
[13/11/2010 20:31:24] /i 2905
[13/11/2010 20:31:24] /i 2905
[13/11/2010 20:31:24] /i 2905
[13/11/2010 20:31:24] /i 2905
[13/11/2010 20:31:24] /i 2905
[13/11/2010 20:31:24] /i 2905
[13/11/2010 20:31:24] /i 2905
[13/11/2010 20:31:24] /i 2905
[13/11/2010 20:31:24] /i 2905
[13/11/2010 20:31:24] /i 2905
[13/11/2010 20:31:24] /i 2905
[13/11/2010 20:31:24] /i 2905
[13/11/2010 20:31:24] /i 2905
[13/11/2010 20:31:24] /i 2905
[13/11/2010 20:31:24] /i 2905
[13/11/2010 20:31:24] /i 2905
[13/11/2010 20:31:24] /i 2905
[13/11/2010 20:31:24] /i 2905
[13/11/2010 20:31:25] /i 2905
[13/11/2010 20:31:25] /i 2905
[13/11/2010 21:05:27] /i 2905
[13/11/2010 21:05:28] /i 2905
[13/11/2010 21:05:28] /i 2905
[13/11/2010 21:05:28] /i 2905
[13/11/2010 21:05:28] /i 2905
[13/11/2010 21:05:28] /i 2905
[13/11/2010 21:05:28] /i 2905
[13/11/2010 21:05:28] /i 2905
[13/11/2010 21:05:35] /i 2649
[13/11/2010 21:08:49] /i 6015
[13/11/2010 21:08:49] /i 6015
[13/11/2010 21:08:50] /i 6015
[13/11/2010 21:08:51] /i 6015
[13/11/2010 21:08:51] /i 6015
[13/11/2010 21:08:54] /i 2905
[13/11/2010 21:08:55] /i 2905
[13/11/2010 21:08:55] /i 2905
[13/11/2010 21:08:55] /i 2905
[13/11/2010 21:08:55] /i 2905
[13/11/2010 21:08:55] /i 2905
[13/11/2010 21:08:55] /i 2905
[13/11/2010 21:08:55] /i 2905
[13/11/2010 21:08:55] /i 2905
[13/11/2010 21:08:55] /i 2905
[13/11/2010 21:08:55] /i 2905
[13/11/2010 21:08:55] /i 2905
[13/11/2010 21:08:55] /i 2905
[13/11/2010 21:08:55] /i 2905
[13/11/2010 21:08:55] /i 2905
[13/11/2010 21:08:55] /i 2905
[13/11/2010 21:08:55] /i 2905
[13/11/2010 21:08:55] /i 2905
[13/11/2010 21:08:55] /i 2905
[13/11/2010 21:08:55] /i 2905
[13/11/2010 21:08:55] /i 2905
[13/11/2010 21:08:55] /i 2905
[13/11/2010 21:08:55] /i 2905
[13/11/2010 21:08:55] /i 2905
[13/11/2010 21:08:55] /i 2905
[13/11/2010 21:08:55] /i 2905
[13/11/2010 21:08:55] /i 2905
[13/11/2010 21:08:55] /i 2905
[13/11/2010 21:08:56] /i 2905
[13/11/2010 21:08:56] /i 2905
[13/11/2010 21:08:56] /i 2905
[13/11/2010 21:08:56] /i 2905
[13/11/2010 21:08:58] /i 2146
[13/11/2010 21:11:52] /i 2649
[13/11/2010 21:14:32] /i 2649
[13/11/2010 21:15:33] /i 2649
[13/11/2010 21:26:00] /i 2649
[13/11/2010 21:32:40] /i 2222
[13/11/2010 21:32:46] /i 2905
[13/11/2010 21:32:46] /i 2905
[13/11/2010 21:32:46] /i 2905
[13/11/2010 21:32:46] /i 2905
[13/11/2010 21:32:46] /i 2905
[13/11/2010 21:32:46] /i 2905
[13/11/2010 21:32:46] /i 2905
[13/11/2010 21:32:46] /i 2905
[13/11/2010 21:32:46] /i 2905
[13/11/2010 21:32:46] /i 2905
[13/11/2010 21:32:46] /i 2905
[13/11/2010 21:32:46] /i 2905
[13/11/2010 21:32:46] /i 2905
[13/11/2010 21:32:46] /i 2905
[13/11/2010 21:32:46] /i 2905
[13/11/2010 21:32:47] /i 2905
[13/11/2010 21:32:47] /i 2905
[13/11/2010 21:32:47] /i 2905
[13/11/2010 21:32:47] /i 2905
[13/11/2010 21:32:47] /i 2905
[13/11/2010 21:32:47] /i 2905
[13/11/2010 21:44:15] /i 2649
[13/11/2010 21:51:29] /i 2649
[13/11/2010 22:57:04] /i 2649
[13/11/2010 22:59:20] /s alakazam
[13/11/2010 22:59:26] /s bellsprout
[13/11/2010 22:59:32] /i 2146
[13/11/2010 22:59:34] /s bellsprout
[07/12/2010 01:33:33] /s poliwrath
[07/12/2010 01:33:42] /r
