[03/01/2012 12:15:53] /i 12344
[03/01/2012 12:16:40] /m caterpie, 4
[03/01/2012 12:16:48] /m caterpie, 10
[03/01/2012 22:31:08] /n nurse
[03/01/2012 22:31:31] /r
[03/01/2012 22:31:34] /r
[03/01/2012 22:32:11] /i ultra ball
[04/01/2012 00:21:03] /a 6
[04/01/2012 13:35:39] /r
[04/01/2012 13:35:42] /n nurse
[04/01/2012 13:35:45] /r
[04/01/2012 13:35:59] /i pizza
[04/01/2012 13:36:20] /a 12
[04/01/2012 13:36:22] /a 12
[04/01/2012 13:36:23] /a 12
[04/01/2012 13:36:24] /a 12
[04/01/2012 13:36:25] /a 12
[04/01/2012 13:36:46] /m weepinbell, 15
[04/01/2012 13:37:00] /addskill menin, level, 20
[04/01/2012 13:39:43] /t
[04/01/2012 13:40:05] /addskill menin, level, 50
[04/01/2012 13:40:19] /i crystal stone
[04/01/2012 13:40:20] /i crystal stone
[04/01/2012 13:40:20] /i crystal stone
[04/01/2012 13:40:22] /i crystal stone
[04/01/2012 13:40:22] /i crystal stone
[04/01/2012 13:40:45] /r
[04/01/2012 13:40:47] /r
[04/01/2012 13:40:48] /r
[04/01/2012 13:40:49] /r
[04/01/2012 13:40:49] /r
[04/01/2012 13:40:50] /r
[04/01/2012 13:40:59] /n namer
[04/01/2012 13:41:38] /i thousand dollar note
[04/01/2012 13:41:47] /i ten thousand dollar note
[04/01/2012 13:42:03] /r
[04/01/2012 13:43:37] /a 12
[04/01/2012 13:43:38] /a 12
[04/01/2012 13:43:38] /a 12
[04/01/2012 13:43:39] /a 12
[04/01/2012 13:43:40] /a 12
[04/01/2012 13:43:43] /a 12
[04/01/2012 13:43:43] /a 12
[04/01/2012 13:43:45] /a 12
[04/01/2012 13:43:46] /a 12
[04/01/2012 13:43:47] /a 12
[04/01/2012 13:43:48] /a 12
[04/01/2012 13:43:49] /a 12
[04/01/2012 13:43:50] /a 12
[04/01/2012 13:43:51] /a 12
[04/01/2012 13:43:51] /a 12
[04/01/2012 13:43:52] /a 12
[04/01/2012 13:43:54] /a 12
[04/01/2012 13:43:55] /a 12
[04/01/2012 13:43:56] /a 12
[04/01/2012 13:43:57] /a 12
[04/01/2012 13:43:58] /a 12
[04/01/2012 13:43:58] /a 12
[04/01/2012 13:44:00] /a 12
[04/01/2012 13:44:04] /a 12
[04/01/2012 13:44:05] /a 12
[04/01/2012 13:44:07] /a 12
[04/01/2012 13:44:07] /a 12
[04/01/2012 13:44:08] /a 12
[04/01/2012 13:44:08] /a 12
[04/01/2012 13:44:09] /a 12
[04/01/2012 13:44:09] /a 12
[04/01/2012 13:44:10] /a 12
[04/01/2012 13:44:11] /a 12
[04/01/2012 13:44:11] /a 12
[04/01/2012 13:44:12] /a 12
[04/01/2012 13:44:12] /a 12
[04/01/2012 13:44:13] /a 12
[04/01/2012 13:44:13] /a 12
[04/01/2012 13:44:14] /a 12
[04/01/2012 13:44:15] /a 12
[04/01/2012 13:44:16] /a 12
[04/01/2012 13:44:18] /a 12
[04/01/2012 13:44:21] /a 5
[04/01/2012 13:45:14] /a 13
[04/01/2012 13:45:16] /a 13
[04/01/2012 13:45:17] /a 13
[04/01/2012 13:45:18] /a 13
[04/01/2012 13:48:59] /addskill menin, level, 100
[04/01/2012 13:49:15] /m tangela, 45
[04/01/2012 14:01:34] /t
[04/01/2012 14:01:36] /a 4
[04/01/2012 14:01:38] /a 4
[04/01/2012 14:01:38] /a 4
[04/01/2012 14:01:39] /a 4
[04/01/2012 14:01:39] /a 4
[04/01/2012 14:01:40] /a 4
[04/01/2012 14:01:41] /a 4
[04/01/2012 14:01:58] /m butterfree, 32
[04/01/2012 14:02:38] /m butterfree, 40
[04/01/2012 14:03:25] /n nurse
[04/01/2012 14:03:28] /r
[04/01/2012 14:03:31] /r
[04/01/2012 14:03:58] /n nurse
[04/01/2012 14:04:01] /r
[04/01/2012 14:04:30] /a 12
[04/01/2012 14:04:31] /a 12
[04/01/2012 14:04:31] /a 12
[04/01/2012 14:04:32] /a 12
[04/01/2012 14:04:32] /a 12
[04/01/2012 14:04:33] /a 12
[04/01/2012 14:04:35] /a 12
[04/01/2012 14:04:35] /a 12
[04/01/2012 14:04:35] /a 12
[04/01/2012 14:04:36] /a 12
[04/01/2012 14:04:36] /a 12
[04/01/2012 14:04:37] /a 12
[04/01/2012 14:04:37] /a 12
[04/01/2012 14:04:37] /a 12
[04/01/2012 14:04:38] /a 12
[04/01/2012 14:04:38] /a 12
[04/01/2012 14:04:39] /a 12
[04/01/2012 14:04:42] /a 40
[04/01/2012 14:04:46] /a 5
[04/01/2012 14:04:46] /a 5
[04/01/2012 14:04:46] /a 5
[04/01/2012 14:04:47] /a 5
[04/01/2012 14:04:48] /a 5
[04/01/2012 14:04:49] /a 5
[04/01/2012 14:04:49] /a 5
[04/01/2012 14:04:49] /a 5
[04/01/2012 14:04:50] /a 5
[04/01/2012 14:04:50] /a 5
[04/01/2012 14:04:50] /a 5
[04/01/2012 14:04:52] /a 5
[04/01/2012 14:04:52] /a 5
[04/01/2012 14:04:53] /a 5
[04/01/2012 14:04:57] /a 5
[04/01/2012 14:04:58] /a 5
[04/01/2012 14:04:59] /a 5
[04/01/2012 14:05:01] /a 23
[04/01/2012 14:05:03] /a 17
[04/01/2012 14:05:05] /a 45
[04/01/2012 14:05:08] /a 4
[04/01/2012 14:05:08] /a 4
[04/01/2012 14:05:08] /a 4
[04/01/2012 14:05:10] /a 4
[04/01/2012 14:05:13] /a 4
[04/01/2012 14:05:13] /a 4
[04/01/2012 14:05:14] /a 4
[04/01/2012 14:05:15] /a 4
[04/01/2012 14:05:16] /a 4
[04/01/2012 14:05:16] /a 4
[04/01/2012 14:05:17] /a 4
[04/01/2012 14:05:17] /a 4
[04/01/2012 14:05:24] /m onix, 39
[04/01/2012 14:05:26] /m graveler
[04/01/2012 14:05:28] /m graveler
[04/01/2012 14:05:29] /m graveler
[04/01/2012 14:05:32] /m rhyhorn
[04/01/2012 14:06:31] /t
[04/01/2012 14:06:32] /a 55
[04/01/2012 14:06:56] /m machoke, 30
[04/01/2012 14:08:46] /m dugtrio, 28
[04/01/2012 14:09:27] /r
[04/01/2012 14:09:46] /m drowzee, 20
[04/01/2012 14:10:49] /m wartortle
[04/01/2012 14:12:10] /m magmar, 30
[04/01/2012 14:14:27] /m pidgeot, 38
[04/01/2012 14:18:56] /m jolteon, 35
[04/01/2012 14:20:15] /m wartortle, 40
[04/01/2012 14:20:50] /r
[04/01/2012 14:22:12] /m onix, 56
[04/01/2012 14:23:36] /m graveler, 15
[04/01/2012 14:24:09] /t
[04/01/2012 14:24:11] /a 12
[04/01/2012 14:24:22] /m haunter, 50
[04/01/2012 14:24:33] /a 4
[04/01/2012 14:56:25] /t
[04/01/2012 14:56:33] /i recording camera
