[15/12/2010 20:51:14] /a 4
[15/12/2010 20:51:15] /a 4
[15/12/2010 20:51:16] /a 4
[15/12/2010 20:58:40] /a 14
[15/12/2010 20:58:41] /a 3
[15/12/2010 20:59:33] /a 4
[15/12/2010 20:59:33] /a 4
[15/12/2010 20:59:34] /a 4
[15/12/2010 20:59:34] /a 4
[15/12/2010 20:59:35] /a 4
[15/12/2010 20:59:36] /a 4
[15/12/2010 20:59:36] /a 4
[15/12/2010 20:59:36] /a 4
[15/12/2010 20:59:37] /a 4
[15/12/2010 20:59:38] /a 4
[15/12/2010 21:02:21] /a 4
[15/12/2010 21:02:21] /a 4
[15/12/2010 21:02:22] /a 4
[15/12/2010 21:02:23] /a 4
[15/12/2010 21:02:23] /a 4
[15/12/2010 21:02:23] /a 4
[15/12/2010 21:02:24] /a 4
[15/12/2010 21:02:24] /a 4
[15/12/2010 21:02:25] /a 4
[15/12/2010 21:02:26] /a 4
[15/12/2010 21:02:26] /a 4
[15/12/2010 21:02:27] /a 4
[15/12/2010 21:02:32] /n receptionist
[15/12/2010 21:02:35] /a 2
[15/12/2010 21:03:20] /n receptionist
[15/12/2010 21:06:04] /a 5
[15/12/2010 21:06:04] /a 5
[15/12/2010 21:06:05] /a 5
[15/12/2010 21:06:05] /a 5
[15/12/2010 21:06:06] /a 5
[15/12/2010 21:06:07] /a 5
[15/12/2010 21:06:08] /a 5
[15/12/2010 21:06:08] /a 5
[15/12/2010 21:06:14] /a 6
[15/12/2010 21:06:14] /a 6
[15/12/2010 21:06:16] /a 3
[15/12/2010 21:06:17] /a 5
[15/12/2010 21:06:19] /a 2
[15/12/2010 21:06:23] /n receptinist
[15/12/2010 21:06:28] /n receptionist
[15/12/2010 21:06:31] /a 2
[15/12/2010 21:09:15] /n hiker
[15/12/2010 21:09:17] /n hiker johnny
[15/12/2010 21:11:26] /n receptionist
[15/12/2010 21:11:28] /n receptionist
[15/12/2010 21:11:44] /a 2
[15/12/2010 22:43:44] /a 2
[15/12/2010 22:43:46] /a 2
[15/12/2010 22:43:46] /a 2
[15/12/2010 22:43:46] /a 2
[17/12/2010 22:32:13] /a 14
[17/12/2010 22:32:18] /a q4
[17/12/2010 22:32:20] /a 1
[17/12/2010 22:32:21] /a 14
[17/12/2010 22:32:22] /a 14
[17/12/2010 22:32:24] /a 7
[17/12/2010 22:34:45] /n fisher patrick
[17/12/2010 22:35:08] /a 14
[17/12/2010 22:35:09] /a 14
[17/12/2010 22:35:34] /s alakazam
[17/12/2010 22:35:37] /r
[17/12/2010 22:35:53] /s alakazam
[17/12/2010 22:35:56] /i 2147
[17/12/2010 22:36:01] /r
[17/12/2010 22:36:04] /a 15
[17/12/2010 22:36:05] /a 15
[17/12/2010 22:36:07] /a 65
[17/12/2010 22:36:09] /a 65
[17/12/2010 22:36:11] /a 6
[17/12/2010 23:02:33] /a 15
[17/12/2010 23:02:34] /a 15
[17/12/2010 23:02:35] /a 15
[17/12/2010 23:02:39] /m beedrill
[17/12/2010 23:02:41] /s alakazam
[17/12/2010 23:03:23] /s alakazam
[17/12/2010 23:03:25] /m beedrill
[17/12/2010 23:03:31] /m beedrill
[17/12/2010 23:03:32] /m beedrill
[17/12/2010 23:03:33] /m beedrill
[17/12/2010 23:03:57] /m beedrill
[17/12/2010 23:04:02] /m beedrill
[17/12/2010 23:04:03] /m beedrill
[17/12/2010 23:04:10] /i 6528, 8
[17/12/2010 23:04:17] /i 6528, 63
[17/12/2010 23:04:22] /n fisher patrick
[17/12/2010 23:04:26] /r
[18/12/2010 11:49:20] /i 9956
[18/12/2010 12:05:41] /r
[18/12/2010 12:05:43] /r
[18/12/2010 12:05:56] /s magikarp
[18/12/2010 12:06:07] /s magikarp
[18/12/2010 12:06:15] /r
[18/12/2010 12:07:32] /s magikarp
[18/12/2010 12:08:38] /r
[18/12/2010 12:19:46] /r
[18/12/2010 12:19:57] /s magikarp
[18/12/2010 12:31:29] /m bellsprout s
[18/12/2010 12:34:33] /a 4
[18/12/2010 12:48:55] /a 4
[18/12/2010 12:59:39] /a 44
[18/12/2010 13:01:04] /a 44
[18/12/2010 13:01:05] /a 44
[18/12/2010 13:01:07] /a 12
[18/12/2010 13:01:08] /a 12
[20/12/2010 20:59:10] /t
[20/12/2010 21:00:27] /a 
[20/12/2010 21:00:28] /a 4
[21/12/2010 03:19:36] /t
[21/12/2010 03:20:19] /s seadra
[21/12/2010 03:20:49] /m weepinbell s
[21/12/2010 03:20:54] /m weepinbell s
[21/12/2010 03:20:59] /m weepinbell s
[21/12/2010 03:21:01] /m weepinbell s
[21/12/2010 03:25:45] /s seadra
[21/12/2010 03:42:23] /s seadra
[21/12/2010 03:42:26] /m weepinbell s
[23/12/2010 17:57:08] /a 2
[23/12/2010 17:57:09] /a 2
[23/12/2010 17:57:09] /a 2
[23/12/2010 17:57:10] /a 2
[23/12/2010 17:57:10] /a 2
[23/12/2010 17:57:13] /m caterpie
[23/12/2010 17:57:14] /a 2
[25/12/2010 22:22:13] /s porygon
[25/12/2010 22:22:21] /r
[25/12/2010 22:22:23] /a 2
[25/12/2010 22:22:24] /a 2
[25/12/2010 22:22:24] /a 2
[25/12/2010 22:22:24] /a 2
[25/12/2010 22:22:24] /a 2
[25/12/2010 22:22:25] /a 2
[25/12/2010 22:22:28] /a 2
[25/12/2010 22:22:28] /a 2
[25/12/2010 22:22:29] /a 2
[25/12/2010 22:22:30] /a 2
[25/12/2010 22:22:35] /i 2160
[25/12/2010 22:22:55] /s weedle
[25/12/2010 22:22:57] /s weedle
[25/12/2010 22:30:02] /s fearow
[25/12/2010 22:31:36] /r
[25/12/2010 22:31:38] /s fearow
[30/12/2010 03:15:04] /r
[30/12/2010 15:07:26] /s porygon
[31/12/2010 20:17:30] /t
[31/12/2010 20:17:31] /a 66
[31/12/2010 20:17:49] /a 55
[31/12/2010 20:17:50] /a 12
[31/12/2010 20:17:50] /a 12
[31/12/2010 20:17:51] /a 12
[31/12/2010 20:17:52] /a 4
[31/12/2010 20:17:53] /a 4
[31/12/2010 20:17:53] /a 4
[31/12/2010 20:17:54] /a 4
[31/12/2010 20:17:56] /a 4
[31/12/2010 20:17:57] /a 4
[31/12/2010 20:17:58] /a 4
[31/12/2010 20:17:59] /a 4
[31/12/2010 20:18:01] /n nurse
[31/12/2010 20:19:00] /goto golbat
[31/12/2010 20:19:02] /a 12
[31/12/2010 20:19:05] /ghost
[31/12/2010 20:19:08] /a 2
[31/12/2010 20:19:12] /a 2
[31/12/2010 20:19:15] /a 2
[31/12/2010 20:19:16] /a 2
[31/12/2010 20:19:17] /a 2
[31/12/2010 20:19:18] /a 2
[31/12/2010 20:20:06] /r
[31/12/2010 20:20:12] /t
[31/12/2010 20:20:26] /t
[31/12/2010 20:20:31] /a 5
[31/12/2010 20:20:33] /a 5
[31/12/2010 20:20:36] /a 55
[31/12/2010 20:20:43] /ghost
