[30/09/2011 23:31:09] /a 1
[01/10/2011 00:24:03] /s abra
[01/10/2011 00:24:06] /m abra
[01/10/2011 00:24:19] /r
[01/10/2011 00:24:55] /i 11838
[01/10/2011 00:40:17] /m abra
[01/10/2011 00:41:03] /i ultra ball
[01/10/2011 00:42:15] /m abra
[01/10/2011 00:46:56] /a 2
[01/10/2011 00:48:19] /a 3
[01/10/2011 00:48:20] /a 3
[01/10/2011 04:05:46] /m snorlax
[01/10/2011 04:05:57] /a 2
[01/10/2011 04:05:58] /ghost
[01/10/2011 04:07:03] /m onix
[01/10/2011 04:09:57] /m butterfree
[01/10/2011 04:14:28] /m lapras
[01/10/2011 04:15:45] /m lapras
[01/10/2011 04:16:01] /m lapras
[01/10/2011 04:16:11] /ghost
[01/10/2011 21:03:39] /a 12
[01/10/2011 21:03:39] /a 12
[01/10/2011 21:03:40] /a 12
[01/10/2011 21:03:40] /a 12
[01/10/2011 21:03:40] /a 12
[01/10/2011 21:03:41] /a 12
[01/10/2011 21:03:41] /a 12
[01/10/2011 21:03:42] /a 12
[01/10/2011 21:03:42] /a 12
[01/10/2011 21:03:43] /a 12
[01/10/2011 21:03:44] /a 12
[01/10/2011 21:03:54] /a 1
[01/10/2011 21:03:57] /a 1
[01/10/2011 21:03:58] /r
[01/10/2011 21:03:59] /r
[01/10/2011 21:08:16] /n nurse
[01/10/2011 21:09:26] /n nurse
[01/10/2011 21:09:29] /r
[01/10/2011 21:09:34] /n nurse
[01/10/2011 21:10:52] /r
[01/10/2011 21:10:54] /n nurse
[01/10/2011 21:11:36] /r
[01/10/2011 21:11:37] /n nurse
[01/10/2011 21:11:47] /r
[02/10/2011 12:08:13] /i under deep sea
[02/10/2011 12:08:18] /i under sea
[02/10/2011 12:08:22] /i under deepsea
[02/10/2011 12:09:03] /i 11749
[02/10/2011 12:09:04] /i 11749
[02/10/2011 12:09:04] /i 11749
[02/10/2011 12:09:05] /i 11749
[02/10/2011 12:09:06] /i 11749
[02/10/2011 12:09:06] /i 11749
[02/10/2011 12:09:15] /i 11749
[02/10/2011 12:09:16] /i 11749
[02/10/2011 12:09:16] /i 11749
[02/10/2011 12:09:17] /i 11749
[02/10/2011 12:09:17] /i 11749
[02/10/2011 12:09:20] /i 11749
[02/10/2011 12:09:20] /i 11749
[02/10/2011 12:09:21] /i 11749
[02/10/2011 12:09:22] /i 11749
[02/10/2011 12:09:22] /i 11749
[02/10/2011 12:09:23] /i 11749
[02/10/2011 12:09:24] /i 11749
[02/10/2011 12:09:32] /i 11749
[02/10/2011 12:09:33] /i 11749
[02/10/2011 12:09:34] /i 11749
[02/10/2011 12:09:35] /i 11749
[02/10/2011 12:09:36] /i 11749
[02/10/2011 12:09:37] /i 11749
[02/10/2011 12:09:37] /i 11749
[02/10/2011 12:09:38] /i 11749
[02/10/2011 12:09:39] /i 11749
[02/10/2011 12:09:41] /i 11749
[02/10/2011 12:09:42] /i 11749
[02/10/2011 12:09:44] /i 11749
[02/10/2011 12:09:45] /i 11749
[02/10/2011 12:09:45] /i 11749
[02/10/2011 12:09:46] /i 11749
[02/10/2011 12:09:46] /i 11749
[02/10/2011 12:09:47] /i 11749
[02/10/2011 12:09:48] /i 11749
[02/10/2011 12:14:58] /i 11449
[02/10/2011 12:26:29] /i 11749
[02/10/2011 12:26:30] /i 11749
[02/10/2011 12:26:31] /i 11749
[02/10/2011 12:26:31] /i 11749
[02/10/2011 12:26:33] /i 11749
[02/10/2011 12:26:33] /i 11749
[02/10/2011 12:26:34] /i 11749
[02/10/2011 12:26:34] /i 11749
[02/10/2011 12:26:35] /i 11749
[02/10/2011 12:26:36] /i 11749
[02/10/2011 12:26:37] /i 11749
[02/10/2011 12:26:38] /i 11749
[02/10/2011 12:26:41] /i 11749
[02/10/2011 12:26:42] /i 11749
[02/10/2011 12:26:43] /i 11749
[02/10/2011 12:26:44] /i 11749
[02/10/2011 12:26:45] /i 11749
[02/10/2011 12:26:46] /i 11749
[02/10/2011 12:26:46] /i 11749
[02/10/2011 12:26:47] /i 11749
[02/10/2011 12:26:47] /i 11749
[02/10/2011 12:26:48] /i 11749
[02/10/2011 12:26:50] /i 11749
[02/10/2011 12:26:50] /i 11749
[02/10/2011 12:26:51] /i 11749
[02/10/2011 12:26:51] /i 11749
[02/10/2011 12:26:52] /i 11749
[02/10/2011 12:32:13] /m caterpie
[02/10/2011 12:32:44] /n nurse
[02/10/2011 12:32:46] /r
[02/10/2011 12:32:48] /m caterpie
[02/10/2011 12:39:17] /m caterpie
[02/10/2011 12:40:26] /m caterpie
[02/10/2011 13:18:24] /n nurse
[02/10/2011 13:18:26] /r
[02/10/2011 13:18:31] /r
[02/10/2011 13:24:42] /m caterpie
[02/10/2011 13:25:53] /m caterpie
[02/10/2011 13:26:07] /n nurse
[02/10/2011 13:26:09] /r
[02/10/2011 13:26:42] /m aerodactyl
[02/10/2011 13:27:54] /m venusaur
[02/10/2011 13:27:56] /m venusaur
[02/10/2011 13:30:02] /m venusaur
[02/10/2011 13:50:04] /t
[02/10/2011 13:59:31] /m caterpie
[02/10/2011 15:26:19] /m dragonite
[02/10/2011 15:27:27] /m golem
[02/10/2011 15:27:49] /n nurse
[02/10/2011 15:27:51] /r
[02/10/2011 15:28:07] /m snorlax
[02/10/2011 15:28:27] /m snorlax
[02/10/2011 15:29:47] /n nurse
[02/10/2011 15:29:48] /r
[02/10/2011 15:30:05] /m snorlax
[02/10/2011 15:30:06] /ghost
[02/10/2011 15:31:06] /m pidgeotto
[02/10/2011 15:31:25] /n nurse
[02/10/2011 15:31:26] /r
[02/10/2011 15:33:13] /n nurse
[02/10/2011 15:33:15] /r
[02/10/2011 15:33:27] /n nurse
[02/10/2011 15:33:29] /r
[02/10/2011 15:33:31] /m pidgeotto
[02/10/2011 15:33:55] /n nurse
[02/10/2011 15:33:56] /r
[02/10/2011 15:34:01] /m pidgeotto
[02/10/2011 15:34:21] /n nurse
[02/10/2011 15:34:23] /r
[02/10/2011 15:34:50] /ghost
[02/10/2011 15:34:51] /ghost
[02/10/2011 15:34:53] /m pidgeotto
[02/10/2011 15:35:42] /n nurse
[02/10/2011 15:35:44] /r
[02/10/2011 15:35:47] /m pidgeotto
[02/10/2011 15:36:19] /m pidgeotto
[02/10/2011 15:36:33] /n nurse
[02/10/2011 15:37:45] /m pidgeotto
[02/10/2011 15:38:35] /m pidgeotto
[02/10/2011 15:42:05] /n nurse
[02/10/2011 15:42:06] /r
[02/10/2011 15:42:11] /m pidgeotto
[02/10/2011 15:42:59] /n nurse
[02/10/2011 15:43:00] /r
[02/10/2011 15:43:35] /n nurse
[02/10/2011 15:43:38] /r
[02/10/2011 15:43:42] /m pidgeotto
[02/10/2011 15:44:09] /m pidgeotto
[02/10/2011 15:44:40] /m pidgeotto
[02/10/2011 15:45:03] /n nurse
[02/10/2011 15:47:06] /m pidgeotto
[02/10/2011 15:47:35] /m pidgeotto
[02/10/2011 15:48:50] /m pidgeotto
[02/10/2011 15:49:17] /n nurse
[02/10/2011 15:49:19] /r
[02/10/2011 15:49:24] /m pidgey
[02/10/2011 15:49:42] /m pidgey
[02/10/2011 15:51:10] /m pidgeotto
[02/10/2011 15:51:53] /m pidgeotto
[02/10/2011 15:52:42] /m pidgeotto
[02/10/2011 15:53:04] /m pidgeotto
[02/10/2011 15:54:32] /m pidgeotto
[02/10/2011 15:55:53] /m pidgeotto
[02/10/2011 15:56:18] /m pidgeotto
[02/10/2011 15:56:37] /m pidgeotto
[02/10/2011 16:03:39] /n nurse
[02/10/2011 16:03:41] /r
[02/10/2011 16:04:19] /i 11454
[02/10/2011 16:21:39] /i ice stone
[02/10/2011 16:22:35] /m pidgey
[02/10/2011 16:22:54] /m pidgey
[02/10/2011 16:23:05] /m pidgey
[02/10/2011 16:23:26] /m pidgeotto
[02/10/2011 16:24:13] /m pidgeotto
[02/10/2011 16:24:24] /m pidgeotto
[02/10/2011 16:31:39] /save
[02/10/2011 16:32:01] /m pidgeotto
[02/10/2011 16:33:25] /save
[02/10/2011 16:34:03] /m pidgeotto
[02/10/2011 16:35:13] /n nurse
[02/10/2011 16:35:15] /r
[02/10/2011 16:35:18] /m pidgeotto
[02/10/2011 16:37:18] /m pidgeotto
[02/10/2011 16:37:28] /n nurse
[02/10/2011 16:37:30] /r
[02/10/2011 16:37:33] /m pidgeotto
[02/10/2011 16:45:27] /n nurse
[02/10/2011 16:45:28] /r
[02/10/2011 16:45:29] /m pidgeotto
[02/10/2011 16:46:01] /m snorlax
[02/10/2011 16:46:31] /r
[02/10/2011 16:50:55] /m snorlax
[02/10/2011 16:58:28] /n nurse
[02/10/2011 16:58:30] /m snorlax
[02/10/2011 16:59:05] /m pidgeotto
[02/10/2011 16:59:39] /m pidgeotto
[02/10/2011 17:00:06] /m pidgey
[02/10/2011 17:00:19] /m pidgeotto
[02/10/2011 17:03:47] /m pidgeoto
[02/10/2011 17:03:49] /m pidgeotto
[02/10/2011 17:03:52] /r
[02/10/2011 17:05:11] /n nurse
[02/10/2011 17:05:14] /m pidgeotto
[02/10/2011 17:05:45] /m pidgeotto
[02/10/2011 17:05:53] /r
[02/10/2011 17:05:55] /m pidgeotto
[02/10/2011 17:06:01] /r
[02/10/2011 17:06:04] /m pidgeotto
[02/10/2011 17:06:06] /r
[02/10/2011 17:06:09] /r
[02/10/2011 17:06:14] /m pidgeotto
[02/10/2011 17:06:32] /m pidgeotto
[02/10/2011 17:06:35] /r
[02/10/2011 17:06:39] /m pidgeotto
[02/10/2011 17:06:40] /r
[02/10/2011 17:06:42] /m pidgeotto
[02/10/2011 17:06:43] /r
[02/10/2011 17:10:30] /m pidgeotto, 20
[02/10/2011 17:10:53] /m pidgeotto, 30
[02/10/2011 17:11:52] /m dragonite, 85
[02/10/2011 17:12:13] /m snorlax, 85
[02/10/2011 17:16:23] /m caterpie 5
[02/10/2011 17:16:26] /m caterpie, 5
[02/10/2011 17:18:01] /m caterpie, 5
[02/10/2011 17:18:09] /n nurse
[02/10/2011 17:18:15] /r
[02/10/2011 17:19:17] /n nurse
[02/10/2011 17:19:21] /r
[02/10/2011 17:19:35] /n nurse, 1
[02/10/2011 17:19:37] /r
[02/10/2011 17:20:55] /n nurse
[02/10/2011 17:20:56] /r
[02/10/2011 17:21:35] /n nurse
[02/10/2011 17:21:36] /r
[02/10/2011 17:23:54] /m caterpie, 5
[02/10/2011 17:24:17] /n nurse
[02/10/2011 17:24:19] /r
[02/10/2011 17:24:23] /n nurse
[02/10/2011 17:24:26] /r
[02/10/2011 17:25:22] /m caterpie, 5
[02/10/2011 17:25:52] /m caterpie, 10
[02/10/2011 17:25:55] /n nurse
[02/10/2011 17:26:07] /r
[02/10/2011 17:26:17] /m metapod
[02/10/2011 17:26:19] /r
[02/10/2011 17:26:21] /m metapod, 10
[02/10/2011 17:26:47] /m pidgeotto
[02/10/2011 17:27:08] /m pidgeotto
[02/10/2011 17:29:24] /n nurse
[02/10/2011 17:29:25] /r
[02/10/2011 17:29:27] /m pidgeotto
[02/10/2011 17:29:40] /n nurse
[02/10/2011 17:29:43] /r
[02/10/2011 17:29:51] /m pidgeotto
[02/10/2011 17:30:01] /m snorlax
[02/10/2011 17:30:56] /m pidgeotto, 60
[02/10/2011 17:31:06] /m pidgeotto, 20
[02/10/2011 17:31:13] /n nurse
[02/10/2011 17:31:16] /m pidgeotto, 10
[02/10/2011 17:31:26] /m pidgeotto, 20
[02/10/2011 17:31:35] /m pidgeotto, 80
[02/10/2011 17:32:14] /m pidgeotto, 20
[02/10/2011 17:32:22] /m pidgeotto, 60
[02/10/2011 17:32:34] /m pidgeotto, 100
[02/10/2011 17:33:23] /n nurse
[02/10/2011 17:33:26] /r
[02/10/2011 17:33:29] /m pidgeotto, 100
[02/10/2011 17:35:31] /m pidgeotto, 20
[02/10/2011 17:43:25] /m pidgeotto, 100
[02/10/2011 17:43:33] /m pidgeotto, 20
[02/10/2011 17:45:08] /m pidgeotto, 20
[02/10/2011 17:45:15] /m pidgeotto, 100
[02/10/2011 17:45:42] /save
[02/10/2011 17:45:59] /n nurse
[02/10/2011 17:46:00] /r
[02/10/2011 17:46:02] /m pidgeotto, 20
[02/10/2011 17:46:09] /m pidgeotto, 100
[02/10/2011 17:46:17] /r
[02/10/2011 17:46:28] /m pidgeotto, 20
[02/10/2011 17:48:33] /m pidgeotoo, 20
[02/10/2011 17:48:36] /m pidgeotto, 20
[02/10/2011 17:48:45] /m pidgeotto, 100
[02/10/2011 17:49:00] /m pidgeotto, 100
[02/10/2011 17:49:16] /m snorlax, 20
[02/10/2011 17:49:31] /m snorlax, 85
[02/10/2011 17:49:39] /n nurse
[02/10/2011 17:49:41] /r
[02/10/2011 17:50:16] /n nurse
[02/10/2011 17:50:17] /r
[02/10/2011 17:58:40] /n nurse
[02/10/2011 17:58:47] /m dragonite, 85
[02/10/2011 17:59:36] /m dragonite, 85
[02/10/2011 18:00:59] /m dragonite, 85
[02/10/2011 18:01:31] /r
[02/10/2011 18:01:59] /m pidgeotto, 20
[02/10/2011 18:05:22] /m venusaur, 85
[02/10/2011 18:06:31] /m venusaur
[02/10/2011 18:06:49] /m venusaur, 85
[02/10/2011 18:08:02] /m venusaur, 85
[02/10/2011 18:09:04] /m snorlax, 85
[02/10/2011 18:14:51] /m dragonite, 85
[02/10/2011 18:15:41] /m charizard
[02/10/2011 18:15:52] /m charizard, 77
[02/10/2011 18:16:16] /m charizard, 100
[02/10/2011 18:21:08] /n nurse
[02/10/2011 18:21:09] /r
[02/10/2011 18:21:11] /m charizard, 70
[02/10/2011 18:22:37] /m charizard, 20
[02/10/2011 18:22:54] /m charizard, 20
[02/10/2011 18:23:31] /m charizard, 20
[02/10/2011 18:23:53] /m charizard, 20
[02/10/2011 18:24:11] /m caterpie
[02/10/2011 18:24:32] /m caterpie
[02/10/2011 18:25:47] /m caterpie
[02/10/2011 18:26:00] /m charmeleon
[02/10/2011 18:26:13] /m charmeleon
[02/10/2011 18:26:21] /m charmeleon
[02/10/2011 18:26:28] /m charmeleon
[02/10/2011 18:26:35] /m charmeleon
[02/10/2011 18:26:53] /m charmeleon
[02/10/2011 18:27:01] /m charmeleon
[02/10/2011 18:27:12] /m charmeleon
[02/10/2011 18:27:23] /m charizard
[02/10/2011 18:27:32] /n nurse
[02/10/2011 18:27:35] /r
[02/10/2011 18:27:39] /m charizard, 50
[02/10/2011 18:27:54] /m charizard, 50
[02/10/2011 18:28:05] /m charizard, 50
[02/10/2011 18:28:18] /m charizard, 50
[02/10/2011 18:28:31] /m charizard, 50
[02/10/2011 18:28:44] /m charizard, 50
[02/10/2011 18:32:38] /i ultra ball
[04/10/2011 00:32:01] /ghost
[04/10/2011 00:32:12] /m charizard
[04/10/2011 00:33:14] /i 1285
[04/10/2011 00:33:15] /i 1285
[04/10/2011 00:33:20] /i 1285
[04/10/2011 00:33:22] /a 2
[04/10/2011 00:33:23] /i 1285
[04/10/2011 00:33:24] /i 1285
[04/10/2011 00:33:24] /a 2
[04/10/2011 00:33:26] /a 1
[04/10/2011 00:33:30] /a 2
[04/10/2011 00:33:32] /a 2
[04/10/2011 00:36:41] /r
[04/10/2011 00:36:43] /r
[04/10/2011 00:43:35] /r
[04/10/2011 21:40:06] /m charizard
[04/10/2011 21:56:49] /m pidgeotto, 20
[04/10/2011 21:57:25] /n nurse
[04/10/2011 21:57:33] /m pidgeotto, 20
[04/10/2011 21:59:13] /m pidgeotto, 15
[04/10/2011 21:59:44] /m pidgeotto, 25
[04/10/2011 22:02:10] /m poliwag, 15
[04/10/2011 22:06:08] /m pidgeotto, 1
[04/10/2011 22:06:31] /m pidgeotto, 30
[04/10/2011 22:06:42] /r
[04/10/2011 22:06:56] /m pidgeotto, 20
[04/10/2011 23:11:09] /m charmander, 20
[04/10/2011 23:11:44] /m charmander, 20
[04/10/2011 23:12:07] /m charmander, 20
[04/10/2011 23:12:26] /m charmander, 20
[04/10/2011 23:12:40] /m charmander, 20
[04/10/2011 23:13:07] /m charmeleon, 27
[04/10/2011 23:13:27] /n nurse
[04/10/2011 23:15:26] /m charizard
[04/10/2011 23:21:55] /m charizard
[04/10/2011 23:23:03] /m charizard
[04/10/2011 23:23:19] /ghost
[04/10/2011 23:23:22] /m charizard
[04/10/2011 23:23:40] /m charizard
[04/10/2011 23:23:57] /ghost
[04/10/2011 23:24:03] /m charizard
[04/10/2011 23:24:38] /ghost
[04/10/2011 23:44:20] /ghost
[04/10/2011 23:44:22] /m charizard
[04/10/2011 23:45:05] /m charizard
[04/10/2011 23:45:34] /s dragonite
[04/10/2011 23:45:59] /s dragonite
[04/10/2011 23:46:08] /r
[04/10/2011 23:46:09] /ghost
[04/10/2011 23:46:11] /m dragonite
[04/10/2011 23:47:42] /ghost
[04/10/2011 23:47:47] /m charizard
[05/10/2011 00:48:22] /m charizard, 100
[05/10/2011 00:48:35] /m charizard, 100
[05/10/2011 00:49:05] /m seel
[05/10/2011 00:49:44] /m seel
[05/10/2011 00:50:02] /m seel
[05/10/2011 00:50:38] /m shellder
[05/10/2011 00:51:06] /m shellder
[05/10/2011 00:51:27] /m shellder
[05/10/2011 00:52:00] /m pidgey
[05/10/2011 00:52:36] /m charmander
[05/10/2011 00:53:05] /m charmander
[05/10/2011 00:55:34] /m charmander
[05/10/2011 13:48:28] /ghost
[05/10/2011 13:48:32] /m charizard
[05/10/2011 16:23:38] /n nurse
[05/10/2011 16:23:42] /r
[05/10/2011 16:23:46] /m poliwrath
[05/10/2011 16:24:00] /m poliwrath, 48
[05/10/2011 16:24:33] /m poliwrath, 39
[05/10/2011 22:44:22] /r
[06/10/2011 16:50:22] /a 1
[06/10/2011 16:50:25] /a 1
[06/10/2011 16:50:27] /a 1
[06/10/2011 22:55:27] /t
[06/10/2011 23:51:37] /i recording camera
[07/10/2011 00:05:58] /m charizard, 44
[07/10/2011 13:57:43] /t
[07/10/2011 19:41:47] /a 1
[11/10/2011 17:52:40] /a 3
[11/10/2011 17:55:11] /t
[11/10/2011 21:27:21] /m muk, 32
[11/10/2011 21:28:07] /m muk, 32
[11/10/2011 21:29:52] /m muk, 32
[11/10/2011 21:30:03] /n nurse
[11/10/2011 21:30:24] /m pidgeotto, 34
[11/10/2011 21:30:36] /m pidgeot, 40
[11/10/2011 21:33:02] /m pidgeot, 40
[11/10/2011 21:33:23] /n nurse
[11/10/2011 21:33:24] /r
[11/10/2011 21:33:38] /m pidgeot, 50
[11/10/2011 21:34:10] /m pidgeot, 52
[11/10/2011 21:34:37] /m muk, 20
