[09/09/2025 19:01:55] /t
[09/09/2025 20:17:57] /i 2149
[09/09/2025 20:36:36] /i ultra ball
[09/09/2025 20:38:19] /i leftovers
[09/09/2025 20:38:20] /i leftovers
[09/09/2025 20:38:21] /i leftovers
[09/09/2025 20:38:21] /i leftovers
[09/09/2025 20:38:22] /i leftovers
[09/09/2025 21:26:58] /i leftovers
[10/09/2025 20:14:33] /i leftovers
[11/09/2025 11:20:07] /t
[11/09/2025 11:48:20] /m zapdos
[11/09/2025 11:48:36] /r
[11/09/2025 11:48:40] /i master ball
[11/09/2025 11:48:44] /i ultra ball
[11/09/2025 11:48:47] /m magikarp
[11/09/2025 13:40:37] /m venusaur
[11/09/2025 14:03:52] /m venusaur
[11/09/2025 14:19:45] /m venusaur
[11/09/2025 15:34:27] /t
[11/09/2025 15:41:56] /m bellsprout
[11/09/2025 15:42:08] /m aerodactyl
[11/09/2025 15:42:52] /m aerodactyl
[11/09/2025 15:43:13] /r
[11/09/2025 15:57:48] /m aerodactyl
[11/09/2025 16:06:33] /m aerodactyl
[11/09/2025 16:06:45] /m aerodactyl
[11/09/2025 16:36:31] /m moltres
[12/09/2025 00:17:42] /t
[12/09/2025 00:17:48] /m bellsprout
[12/09/2025 10:32:04] /m aerodactyl
[12/09/2025 10:32:30] /t
[12/09/2025 10:32:40] /r
[12/09/2025 10:32:47] /i tm for water pulse
[12/09/2025 11:44:53] /m venusaur
[12/09/2025 11:45:00] /m venusaur
[12/09/2025 11:45:00] /m venusaur
[12/09/2025 11:56:09] /m mega blastoise
[12/09/2025 11:56:14] /m shiny blastoise
[12/09/2025 11:57:27] /m magikarp
[12/09/2025 11:57:34] /m magikarp
[12/09/2025 11:58:32] /r
[12/09/2025 11:58:33] /r
[12/09/2025 11:58:34] /r
[12/09/2025 11:58:36] /r
[12/09/2025 11:58:37] /r
[12/09/2025 11:58:37] /r
[12/09/2025 11:58:41] /r
[12/09/2025 12:00:09] /m blastoise
[12/09/2025 12:00:09] /m blastoise
[12/09/2025 12:00:10] /m blastoise
[12/09/2025 12:00:58] /r
[12/09/2025 12:01:00] /r
[12/09/2025 12:01:02] /r
[12/09/2025 12:01:04] /t
[12/09/2025 12:02:34] /m shiny arcanine
[12/09/2025 12:02:37] /r
[12/09/2025 13:45:18] /m venusaur
[12/09/2025 14:15:07] /m shiny arcanine
[12/09/2025 14:15:16] /m shiny arcanine
[12/09/2025 14:26:09] /m shiny arcanine
[12/09/2025 14:26:12] /r
[12/09/2025 14:26:25] /r
[12/09/2025 14:26:26] /r
[12/09/2025 14:26:27] /r
[12/09/2025 14:49:41] /m shiny blastoise
[12/09/2025 14:49:54] /r
[12/09/2025 14:49:55] /r
[12/09/2025 14:50:00] /m shiny arcanine
[12/09/2025 14:50:11] /m shiny blastoise
[12/09/2025 14:50:16] /r
[12/09/2025 14:56:38] /m shiny blastoise
[14/09/2025 23:07:38] /t
[15/09/2025 07:43:10] /c testing
[15/09/2025 07:49:41] /t
[15/09/2025 07:49:44] /c testing
[15/09/2025 14:58:58] /m arcanine
[15/09/2025 14:59:00] /r
[15/09/2025 15:00:06] /t
[15/09/2025 15:04:06] /t
[15/09/2025 15:27:41] /t
[15/09/2025 15:28:07] /c testing
[15/09/2025 15:28:56] /c testing
[15/09/2025 15:29:32] /c testing
[15/09/2025 15:30:08] /c testing
[15/09/2025 15:30:39] /t testing
[15/09/2025 15:30:40] /t
[15/09/2025 15:45:44] /m blastoise
[15/09/2025 15:45:44] /m blastoise
[15/09/2025 15:45:45] /m blastoise
[15/09/2025 15:46:00] /r
[15/09/2025 15:46:02] /r
[15/09/2025 15:46:03] /r
[15/09/2025 16:36:19] /r
[15/09/2025 16:37:36] /m magikarp
[15/09/2025 16:37:38] /r
[15/09/2025 16:37:47] /m electabuzz
[15/09/2025 16:37:47] /m electabuzz
[15/09/2025 16:37:48] /m electabuzz
[15/09/2025 16:37:48] /m electabuzz
[15/09/2025 16:38:50] /i poke ball
[15/09/2025 16:38:52] /i poke balls
[15/09/2025 17:41:02] /m guru
[15/09/2025 17:41:04] /n guru
[15/09/2025 17:41:16] /i thousand dollar note
[15/09/2025 17:41:46] /i 2148
[15/09/2025 17:41:54] /i 2148
[15/09/2025 18:24:05] /t
[15/09/2025 18:26:12] /t
[15/09/2025 19:31:39] /i 2120
[15/09/2025 19:31:53] /i 7731
[15/09/2025 20:23:06] /m shiny arcanine
[15/09/2025 20:23:08] /m shiny arcanine
[15/09/2025 20:23:09] /r
[15/09/2025 20:23:11] /r
[15/09/2025 20:25:17] /n namer
[15/09/2025 20:25:41] /i hundred dollar notes
[15/09/2025 20:25:50] /i hundred dollar note
[15/09/2025 20:53:34] /i bottle cap
[15/09/2025 20:53:37] /i golden bottle cap
[15/09/2025 20:53:51] /i Lonely Mint
[15/09/2025 20:53:59] /i Impish Mint
[15/09/2025 20:54:08] /i Rash Mint
[15/09/2025 20:54:24] /i Gentle Mint
[15/09/2025 20:54:27] /i serious mint
[15/09/2025 20:55:30] /i TM for Water Gun
[15/09/2025 20:55:36] /i TM for fire blast
[15/09/2025 20:55:43] /i TM for psychic
[15/09/2025 20:55:46] /i blank tm
[15/09/2025 20:56:44] /i rocky helmet
[15/09/2025 20:56:46] /i life orb
[15/09/2025 20:56:53] /i leftovers
[15/09/2025 20:57:17] /i Sharp Beak
[15/09/2025 20:57:26] /i assault vest
[15/09/2025 22:21:51] /i leftovers
[15/09/2025 22:22:07] /i assault vest
[16/09/2025 10:58:44] /m charizard
[16/09/2025 10:58:57] /m charizard
[16/09/2025 10:58:58] /m charizard
[16/09/2025 10:58:58] /m charizard
[16/09/2025 10:58:59] /m charizard
[16/09/2025 10:58:59] /m charizard
[16/09/2025 10:58:59] /m charizard
[16/09/2025 10:59:00] /m charizard
[16/09/2025 10:59:24] /m chamrander
[16/09/2025 10:59:26] /m charmander
[16/09/2025 10:59:27] /m charmander
[16/09/2025 10:59:27] /m charmander
[16/09/2025 10:59:28] /m charmander
[16/09/2025 10:59:28] /m charmander
[16/09/2025 10:59:29] /m charmander
[16/09/2025 10:59:29] /m charmander
[16/09/2025 10:59:29] /m charmander
[16/09/2025 10:59:30] /m charmander
[16/09/2025 10:59:30] /m charmander
[16/09/2025 15:39:03] /m blastoise
[16/09/2025 15:39:04] /m blastoise
[16/09/2025 15:39:04] /m blastoise
[16/09/2025 16:38:19] /r
[16/09/2025 16:40:07] /t
[16/09/2025 18:26:56] /c testing
[16/09/2025 18:27:58] /c testing
[16/09/2025 20:31:14] /t
[16/09/2025 20:32:08] /t
[16/09/2025 21:50:12] /t
[17/09/2025 13:30:49] /m raid charizard
[17/09/2025 13:32:13] /m raid charizard
[17/09/2025 13:32:33] /m charizard
[17/09/2025 13:34:59] /m raid charizard
[17/09/2025 13:39:37] /m raid charizard
[17/09/2025 13:39:55] /r
[17/09/2025 13:40:03] /m raid charizard
[17/09/2025 13:40:13] /r
[17/09/2025 13:44:24] /m raid charizard
[17/09/2025 13:44:46] /i assault vest
[17/09/2025 13:45:58] /t
[17/09/2025 13:48:37] /m raid charizard
[17/09/2025 13:51:25] /m raid charizard
[17/09/2025 13:51:33] /r
[17/09/2025 13:51:36] /t
[17/09/2025 13:52:34] /i assault vest
[17/09/2025 13:52:39] /m raid charizard
[17/09/2025 13:52:59] /r
[17/09/2025 14:01:31] /t
[17/09/2025 14:02:04] /r
[17/09/2025 14:02:29] /r
[17/09/2025 14:03:07] /r
[17/09/2025 14:18:00] /i life orb
[17/09/2025 14:22:09] /i revive
[17/09/2025 14:22:47] /i move increaser
[17/09/2025 14:22:48] /i move increaser
[17/09/2025 14:22:48] /i move increaser
[17/09/2025 14:22:49] /i move increaser
[17/09/2025 14:22:55] /i move increaser
[17/09/2025 14:23:35] /r
[17/09/2025 14:49:22] /i bright powder
[17/09/2025 14:49:31] /m venusaur
[17/09/2025 14:49:52] /r
[17/09/2025 14:50:36] /m venusaur
[17/09/2025 14:50:49] /r
[17/09/2025 16:20:11] /i wide lens
[17/09/2025 16:20:28] /m venusaur
[17/09/2025 16:20:49] /m alakazam
[17/09/2025 16:21:25] /t
[17/09/2025 16:31:40] /m pidgey
[17/09/2025 16:35:03] /i 14088
[17/09/2025 16:35:11] /t
[17/09/2025 16:36:44] /i 11754
[17/09/2025 16:37:00] /i 11752
[17/09/2025 16:37:21] /i 11752
[17/09/2025 16:37:28] /i 11753
[17/09/2025 16:37:34] /i 11753
[17/09/2025 16:37:50] /i 11754
[17/09/2025 16:45:32] /i 13010
[17/09/2025 16:47:41] /i 13162
[17/09/2025 19:03:30] /i fire stone
[17/09/2025 19:05:07] /i fire stone
[17/09/2025 19:05:08] /i fire stone
[17/09/2025 19:05:08] /i fire stone
[17/09/2025 19:06:40] /i fire stone
[17/09/2025 19:06:40] /i fire stone
[17/09/2025 19:06:40] /i fire stone
[17/09/2025 19:07:09] /t
[17/09/2025 19:08:07] /t
[17/09/2025 19:09:38] /t
[17/09/2025 19:25:43] /i fire stone
[17/09/2025 19:25:53] /i fire stone
[17/09/2025 19:25:53] /i fire stone
[17/09/2025 19:25:54] /i fire stone
[17/09/2025 19:26:13] /i fire stone
[17/09/2025 19:26:59] /t
[17/09/2025 19:37:54] /t
[17/09/2025 20:13:16] /t
[17/09/2025 20:13:19] /m geodude
[17/09/2025 20:14:58] /m geodude
[17/09/2025 20:16:13] /t
[17/09/2025 20:20:58] /m venusaur
[17/09/2025 20:21:06] /m magikarp
[17/09/2025 20:21:54] /i life orb
[17/09/2025 20:22:29] /m blastoise
[17/09/2025 20:23:45] /m blastoise
[17/09/2025 20:24:00] /m arcanine
[17/09/2025 22:48:44] /t
[17/09/2025 22:50:05] /i quircky mint
[17/09/2025 22:50:11] /i naivy mint
[17/09/2025 22:50:17] /i naive mint
[17/09/2025 22:50:22] /i adamant mint
[17/09/2025 22:50:26] /i docile mint
[17/09/2025 22:51:04] /i golden bottle cap
[17/09/2025 22:51:06] /i bottle cap
[17/09/2025 22:51:17] /r
[17/09/2025 22:51:18] /r
[17/09/2025 22:51:19] /r
[17/09/2025 22:51:20] /r
[17/09/2025 22:51:23] /r 99
[17/09/2025 22:51:24] /r 99
[17/09/2025 22:51:25] /r 99
[17/09/2025 22:51:30] /i leftovers
[17/09/2025 22:51:33] /i life orb
[17/09/2025 22:51:35] /i assault vest
[17/09/2025 22:51:41] /i wide lens
[17/09/2025 22:51:45] /i bright powder
[17/09/2025 22:51:47] /i rocky helmet
[17/09/2025 22:51:54] /i silk scarf
[17/09/2025 22:51:58] /i charcoal
[17/09/2025 22:52:01] /i poison barb
[17/09/2025 22:52:34] /i spell tag
[17/09/2025 22:52:54] /i tm for fire blast
[17/09/2025 22:52:57] /i tm for thunder
[17/09/2025 22:53:01] /i tm for shadow ball
[17/09/2025 22:53:03] /i blank tm
[17/09/2025 22:53:14] /i tm for close combat
[18/09/2025 19:21:06] /t
[18/09/2025 19:22:54] /t
[18/09/2025 20:28:08] /c testing
[18/09/2025 20:28:10] /c gus
[18/09/2025 20:29:17] /c gus
[18/09/2025 20:29:52] /t
[18/09/2025 20:29:54] /c gus
[19/09/2025 00:17:47] /t
[19/09/2025 11:07:53] /i fire stone
[19/09/2025 14:28:06] /i 12330
[19/09/2025 14:28:18] /i 11416
[19/09/2025 14:28:20] /i 11417
[19/09/2025 14:28:22] /i 11418
[19/09/2025 14:44:10] /i 11416
[19/09/2025 14:44:12] /i 11417
[19/09/2025 14:44:13] /i 11418
[19/09/2025 14:57:28] /i 11416
[19/09/2025 14:57:29] /i 11417
[19/09/2025 14:57:31] /i 11418
[19/09/2025 15:07:22] /i 11416
[19/09/2025 15:07:23] /i 11417
[19/09/2025 15:07:25] /i 11418
[19/09/2025 15:16:39] /i 11416
[19/09/2025 15:16:41] /i 11417
[19/09/2025 15:16:42] /i 11418
[19/09/2025 15:22:48] /i 12330
[19/09/2025 15:23:07] /i 11416
[19/09/2025 15:23:08] /i 11417
[19/09/2025 15:23:12] /i 11418
[19/09/2025 15:24:41] /i 11418
[19/09/2025 15:24:43] /i 11417
[19/09/2025 15:24:45] /i 11418
[19/09/2025 15:24:48] /r
[19/09/2025 15:24:50] /i 11416
[19/09/2025 19:24:55] /i 11416
[19/09/2025 19:24:57] /i 11417
[19/09/2025 19:24:59] /i 11418
[19/09/2025 19:33:10] /i 11418
[19/09/2025 19:33:12] /i 11417
[19/09/2025 19:33:13] /i 11416
