[30/10/2010 20:22:55] /i 2147
[30/10/2010 20:23:00] /s dragon
[30/10/2010 20:23:10] /i thunder hammer
[30/10/2010 20:23:49] /s dragon
[30/10/2010 20:23:49] /s dragon
[30/10/2010 20:23:50] /s dragon
[30/10/2010 20:23:50] /s dragon
[30/10/2010 20:25:23] /up
[30/10/2010 20:25:26] /down
[30/10/2010 20:25:27] /down
[30/10/2010 20:25:28] /a 2
[30/10/2010 20:26:05] /a 2
[30/10/2010 20:26:23] /s dragon
[30/10/2010 20:26:35] /s dragon
[30/10/2010 20:26:35] /s dragon
[30/10/2010 20:26:35] /s dragon
[30/10/2010 20:26:36] /s dragon
[30/10/2010 20:26:36] /s dragon
[30/10/2010 20:26:36] /s dragon
[30/10/2010 20:26:37] /s dragon
[30/10/2010 20:26:37] /s dragon
[30/10/2010 20:26:38] /s dragon
[30/10/2010 20:26:38] /s dragon
[30/10/2010 20:26:38] /s dragon
[30/10/2010 20:26:39] /s dragon
[30/10/2010 20:26:39] /s dragon
[30/10/2010 20:26:39] /s dragon
[30/10/2010 20:26:40] /s dragon
[30/10/2010 20:26:40] /s dragon
[30/10/2010 20:26:41] /s dragon
[30/10/2010 20:26:41] /s dragon
[30/10/2010 20:26:41] /s dragon
[30/10/2010 20:26:42] /s dragon
[30/10/2010 20:26:42] /s dragon
[30/10/2010 20:26:43] /s dragon
[30/10/2010 20:27:31] /a 2
[30/10/2010 20:27:41] /a 2
[30/10/2010 20:27:43] /a 2
[30/10/2010 20:27:44] /a 2
[30/10/2010 20:27:45] /a 2
[30/10/2010 20:27:46] /a 2
[30/10/2010 20:28:45] /t
[30/10/2010 20:28:49] /s demon
[30/10/2010 20:28:50] /s demon
[30/10/2010 20:28:50] /s demon
[30/10/2010 20:28:51] /s demon
[30/10/2010 20:28:51] /s demon
[30/10/2010 20:28:51] /s demon
[30/10/2010 20:28:52] /s demon
[30/10/2010 20:28:52] /s demon
[30/10/2010 20:28:52] /s demon
[30/10/2010 20:28:53] /s demon
[30/10/2010 20:28:53] /s demon
[30/10/2010 20:28:54] /s demon
[30/10/2010 20:28:55] /s demon
[30/10/2010 20:28:55] /s demon
[30/10/2010 20:28:56] /s demon
[30/10/2010 20:28:56] /s demon
[30/10/2010 20:28:56] /s demon
[30/10/2010 20:28:57] /s demon
[30/10/2010 20:28:57] /s demon
[30/10/2010 20:28:58] /s demon
[30/10/2010 20:28:58] /s demon
[30/10/2010 20:38:49] /t
[30/10/2010 21:01:37] /s demon
[30/10/2010 21:02:03] /s demon
[30/10/2010 21:02:07] /s demon
[30/10/2010 21:02:08] /s demon
[30/10/2010 21:02:09] /s demon
[30/10/2010 21:02:09] /s demon
[30/10/2010 21:02:26] /s demon
[30/10/2010 21:02:27] /s demon
[30/10/2010 21:02:27] /s demon
[30/10/2010 21:02:27] /s demon
[30/10/2010 21:02:28] /s demon
[30/10/2010 21:02:28] /s demon
[30/10/2010 21:02:28] /s demon
[30/10/2010 21:02:29] /s demon
[30/10/2010 21:02:29] /s demon
[30/10/2010 21:02:30] /s demon
[30/10/2010 21:02:30] /s demon
[30/10/2010 21:02:30] /s demon
[30/10/2010 21:02:31] /s demon
[30/10/2010 21:03:00] /s dragon
[30/10/2010 21:03:00] /s dragon
[30/10/2010 21:03:01] /s dragon
[30/10/2010 21:03:01] /s dragon
[30/10/2010 21:03:01] /s dragon
[30/10/2010 21:03:02] /s dragon
[30/10/2010 21:03:02] /s dragon
[30/10/2010 21:03:02] /s dragon
[30/10/2010 21:03:03] /s dragon
[30/10/2010 21:03:03] /s dragon
[30/10/2010 21:03:03] /s dragon
[30/10/2010 21:05:07] /s demon
[30/10/2010 21:19:46] /s demon
[30/10/2010 21:21:57] /s demon
[30/10/2010 21:24:03] /s demon
[30/10/2010 21:28:08] /s demon
[30/10/2010 21:30:13] /s demon
[30/10/2010 21:30:59] /s demon
[30/10/2010 21:31:55] /s demon
[30/10/2010 21:32:50] /s demon
[30/10/2010 21:33:30] /s demon
[30/10/2010 21:34:02] /s demon
[30/10/2010 21:37:24] /s demon
[30/10/2010 21:42:42] /s demon
[30/10/2010 21:43:35] /s demon
[30/10/2010 21:44:02] /s demon
[30/10/2010 21:44:52] /s demon
[30/10/2010 21:45:18] /s demon
[30/10/2010 21:45:50] /s demon
[30/10/2010 21:48:17] /s demon
[30/10/2010 21:49:56] /s demon
[30/10/2010 21:52:21] /s demon
[30/10/2010 21:53:20] /s demon
[30/10/2010 21:58:16] /s demon
[30/10/2010 21:59:25] /s demon
[30/10/2010 21:59:48] /s demon
[30/10/2010 22:00:38] /s demon
[30/10/2010 22:01:35] /s demon
[30/10/2010 22:01:50] /s demon
[30/10/2010 22:03:04] /s demon
[30/10/2010 22:04:44] /s demon
[30/10/2010 22:05:17] /s demon
[30/10/2010 22:06:56] /s demon
[30/10/2010 22:18:05] /s dragon
[30/10/2010 22:18:07] /s demon
[30/10/2010 22:18:07] /s dragon
[30/10/2010 22:18:33] /s dragon
[30/10/2010 22:18:36] /s dragon
[30/10/2010 22:18:39] /s demon
[30/10/2010 22:18:40] /s dragon
[30/10/2010 22:18:41] /s demon
[30/10/2010 22:21:31] /s dragon
[30/10/2010 22:21:31] /s dragon
[30/10/2010 22:21:32] /s dragon
[30/10/2010 22:21:32] /s dragon
[30/10/2010 22:21:33] /s dragon
[30/10/2010 22:21:34] /s dragon
[30/10/2010 22:21:34] /s dragon
[30/10/2010 22:21:35] /s dragon
[30/10/2010 22:21:35] /s dragon
[30/10/2010 22:22:26] /s dragon
[30/10/2010 22:23:06] /s dragon
[30/10/2010 22:23:17] /s demon
[30/10/2010 22:24:29] /s demon
[30/10/2010 22:24:49] /s dragon
[30/10/2010 22:24:51] /s demon
[30/10/2010 22:24:51] /s dragon
[30/10/2010 22:24:53] /s demon
[30/10/2010 22:25:39] /s demon
[30/10/2010 22:25:41] /s demon
[30/10/2010 22:25:43] /s dragon
[30/10/2010 22:25:43] /s dragon
[30/10/2010 22:26:16] /s demon
[30/10/2010 22:26:18] /s dragon
[30/10/2010 22:27:32] /s demon
[30/10/2010 22:27:43] /s dragon
[30/10/2010 22:29:16] /s dragon
[30/10/2010 22:29:18] /s dragon
[30/10/2010 22:29:20] /s demon
[30/10/2010 22:31:01] /s demon
[30/10/2010 22:31:04] /s dragon
[30/10/2010 22:31:30] /s dragon
[30/10/2010 22:31:58] /s dragon
[30/10/2010 22:32:00] /s dragon
[30/10/2010 22:32:02] /s demon
[30/10/2010 22:32:03] /s demon
[30/10/2010 22:32:54] /s demon
[30/10/2010 22:34:35] /s demon
[30/10/2010 22:48:20] /s dragon
[30/10/2010 22:56:37] /i 2283
[30/10/2010 22:58:51] /s dragon
[30/10/2010 22:58:52] /s demon
[30/10/2010 23:08:23] /i 2383
[30/10/2010 23:08:31] /i 2382
[30/10/2010 23:08:49] /i 2283
[30/10/2010 23:08:52] /i 2283
[30/10/2010 23:08:54] /s dragon
[30/10/2010 23:09:46] /s dragon
[30/10/2010 23:10:06] /a dragon
[30/10/2010 23:10:09] /a 1
[30/10/2010 23:10:10] /a 2
[30/10/2010 23:10:13] /a 3
[30/10/2010 23:10:16] /a 4
[30/10/2010 23:10:24] /m dragon
[30/10/2010 23:10:54] /m dragon
[30/10/2010 23:10:56] /i 2283
[30/10/2010 23:11:21] /i 2283
[30/10/2010 23:11:26] /m dragon
[30/10/2010 23:11:37] /m dragon
[30/10/2010 23:12:09] /m cyclop
[30/10/2010 23:12:11] /m cyclops
[30/10/2010 23:12:30] /m juggernaut
[31/10/2010 00:30:27] /s demon
[31/10/2010 00:30:49] /s dragon lord
[31/10/2010 00:30:52] /s dragon
[31/10/2010 00:33:31] /s dragon
[31/10/2010 00:40:26] /m demon
[31/10/2010 00:44:12] /i 2580
[31/10/2010 00:45:58] /i 2120
[31/10/2010 00:47:21] /i 2120
[31/10/2010 00:47:27] /i 2580
[31/10/2010 00:51:10] /s drago
[31/10/2010 00:51:11] /s dragon
[31/10/2010 00:51:13] /s demon
[31/10/2010 00:51:13] /s demon
[31/10/2010 00:51:14] /s dragon
[31/10/2010 00:51:15] /s dragon
[07/12/2010 19:07:17] /s pidgeot
[07/12/2010 19:07:25] /r
