[30/10/2010 20:45:49] /s dragon
[30/10/2010 20:45:50] /s dragon
[30/10/2010 20:45:50] /s dragon
[30/10/2010 20:45:50] /s dragon
[30/10/2010 20:45:51] /s dragon
[30/10/2010 20:45:51] /s dragon
[30/10/2010 20:45:52] /s dragon
[30/10/2010 20:45:52] /s dragon
[30/10/2010 20:45:52] /s dragon
[30/10/2010 20:45:53] /s dragon
[30/10/2010 20:45:53] /s dragon
[30/10/2010 20:45:54] /s dragon
[30/10/2010 20:45:54] /s dragon
[30/10/2010 20:45:54] /s dragon
[30/10/2010 20:45:55] /s dragon
[30/10/2010 20:45:55] /s dragon
[30/10/2010 20:45:55] /s dragon
[30/10/2010 20:45:56] /s dragon
[30/10/2010 20:45:56] /s dragon
[30/10/2010 20:45:56] /s dragon
[30/10/2010 20:45:57] /s dragon
[30/10/2010 20:45:57] /s dragon
[30/10/2010 20:45:58] /s dragon
[30/10/2010 20:45:58] /s dragon
[30/10/2010 20:46:14] /i 2147
[30/10/2010 20:49:34] /s demon
[30/10/2010 20:55:11] /s frog
[30/10/2010 20:55:20] /s dragon lord
[30/10/2010 20:55:29] /s cyclops
[30/10/2010 20:55:35] /s ferumbas
[30/10/2010 20:57:39] /i thunder hammer
