[22/01/2011 14:28:15] /addskill Nosfferat, level, 60
[22/01/2011 14:29:50] /m alakazam s
[22/01/2011 14:30:41] /addskill Nosfferat, level, 20
[22/01/2011 14:31:37] /n nurse
[22/01/2011 14:31:39] /r
[22/01/2011 14:31:59] /m alakazam s
[22/01/2011 14:32:40] /m charizard s
[22/01/2011 14:33:21] /n nurse
[22/01/2011 14:33:23] /r
[22/01/2011 14:33:24] /r
[22/01/2011 14:33:33] /n nurse
[22/01/2011 14:33:36] /r
[22/01/2011 14:33:43] /m charizard s
[22/01/2011 14:33:44] /m charizard s
[22/01/2011 14:34:37] /m charizard s
[22/01/2011 14:35:22] /m charizard s
[22/01/2011 14:37:22] /m alakazam s
[22/01/2011 15:31:16] /a 5
[22/01/2011 15:31:17] /a 5
[22/01/2011 15:31:19] /a 5
[22/01/2011 15:31:20] /a 5
[22/01/2011 15:31:20] /a 5
[22/01/2011 15:31:22] /a 2
[22/01/2011 15:31:23] /a 2
[22/01/2011 15:31:24] /a 5
[22/01/2011 15:31:25] /a 2
[22/01/2011 15:35:46] /r
[22/01/2011 15:43:18] /r
[22/01/2011 22:29:01] /t
[22/01/2011 22:29:03] /a 2
[22/01/2011 22:29:03] /a 2
[22/01/2011 22:29:04] /a 2
[22/01/2011 22:29:04] /a 2
[22/01/2011 22:29:04] /a 2
[22/01/2011 22:29:05] /a 2
[23/01/2011 01:57:26] /m weepinbell s
[23/01/2011 01:57:26] /m weepinbell s
[23/01/2011 01:57:26] /m weepinbell s
[23/01/2011 01:58:47] /m weepinbell s
[23/01/2011 01:58:48] /m weepinbell s
[23/01/2011 01:59:58] /m weepinbell s
[23/01/2011 01:59:59] /m weepinbell s
[23/01/2011 02:01:04] /m charizard s
[23/01/2011 02:01:05] /m charizard s
[23/01/2011 02:04:33] /a 2
[23/01/2011 02:04:34] /a 2
[23/01/2011 02:04:34] /a 2
[23/01/2011 02:04:35] /a 2
[23/01/2011 02:04:35] /a 2
