[21/01/2011 21:23:29] /t
[22/01/2011 21:47:07] /n nurse
[22/01/2011 21:47:09] /r
[22/01/2011 21:47:12] /a 3
[22/01/2011 21:47:13] /a 3
[22/01/2011 21:47:13] /a 3
[22/01/2011 21:47:15] /ghost
[22/01/2011 21:47:17] /a 2
[22/01/2011 21:47:17] /a 2
[22/01/2011 21:47:18] /a 2
[22/01/2011 21:47:18] /a 2
[22/01/2011 21:48:02] /r
[22/01/2011 21:48:05] /r
[22/01/2011 21:48:54] /r
[22/01/2011 21:52:19] /a 66
[22/01/2011 21:52:38] /ghost
[22/01/2011 21:52:43] /r
[22/01/2011 21:52:52] /r
[22/01/2011 21:52:55] /r
[22/01/2011 21:53:56] /a 44
[22/01/2011 21:54:01] /ghost
[22/01/2011 21:54:03] /r
[22/01/2011 21:54:05] /n nurse
[22/01/2011 21:54:07] /r
[22/01/2011 21:54:45] /a 3
[22/01/2011 21:54:49] /ghost
[22/01/2011 21:54:50] /ghost
[22/01/2011 21:55:02] /r
[22/01/2011 21:55:03] /r
[22/01/2011 21:55:05] /r
[22/01/2011 21:56:33] /r
[22/01/2011 21:57:09] /m oddish s
[22/01/2011 21:57:21] /r
[22/01/2011 21:57:44] /m oddish s
[22/01/2011 21:58:26] /r
[22/01/2011 21:59:43] /m oddish s
[22/01/2011 21:59:51] /r
[22/01/2011 22:00:10] /m oddish s
[22/01/2011 22:00:14] /r
[22/01/2011 22:00:30] /m oddish s
[22/01/2011 22:00:42] /r
[22/01/2011 22:00:59] /m oddish s
[22/01/2011 22:01:07] /r
[22/01/2011 22:01:33] /m oddish s
[22/01/2011 22:01:37] /r
[22/01/2011 22:02:18] /a 44
[22/01/2011 22:03:32] /r
[22/01/2011 22:30:12] /t
[22/01/2011 22:30:13] /a 2
[22/01/2011 22:30:13] /a 2
[22/01/2011 22:30:14] /a 2
[22/01/2011 22:30:14] /a 2
[22/01/2011 22:30:14] /a 2
[22/01/2011 22:30:15] /a 2
[22/01/2011 22:30:16] /a 2
