[03/01/2011 00:19:57] /a 55
[03/01/2011 00:20:11] /r
[03/01/2011 00:20:12] /t
[03/01/2011 00:20:42] /a 55
[03/01/2011 00:21:47] /t
[03/01/2011 00:42:16] /s bellsprout
[03/01/2011 00:44:17] /r
[03/01/2011 00:45:18] /goto doduo
[03/01/2011 00:45:24] /goto dodrio
[03/01/2011 00:45:30] /goto weepinbell
[03/01/2011 00:45:36] /goto gloom
[03/01/2011 00:45:39] /t
[03/01/2011 00:46:00] /goto gloom
[03/01/2011 00:47:56] /goto pidgeotto
[03/01/2011 00:48:00] /t
[03/01/2011 00:48:10] /m kakuna s
[03/01/2011 00:48:41] /m kakuna s
[03/01/2011 00:49:16] /m kakuna s
[03/01/2011 00:49:59] /m kakuna s
[03/01/2011 00:56:10] /m kakuna s
[03/01/2011 00:56:41] /m kakuna s
[03/01/2011 00:57:14] /m kakuna s
[03/01/2011 00:57:44] /m kakuna s
[03/01/2011 00:58:21] /a 2
[03/01/2011 00:58:22] /a 2
[03/01/2011 00:58:22] /a 2
[03/01/2011 00:58:22] /a 2
[03/01/2011 00:58:23] /a 2
[03/01/2011 00:58:23] /a 2
[03/01/2011 00:58:24] /a 2
[03/01/2011 00:58:24] /a 2
[03/01/2011 00:58:24] /a 2
[03/01/2011 00:58:25] /a 2
[03/01/2011 00:58:25] /a 2
[03/01/2011 00:58:44] /m magnemite
[03/01/2011 00:58:59] /m magnemite
[03/01/2011 00:59:18] /m magnemite
[03/01/2011 00:59:39] /goto weepinbell
[03/01/2011 01:00:12] /m magnemite
[03/01/2011 01:05:08] /m weepinbell s
[03/01/2011 01:07:39] /t
[03/01/2011 01:07:40] /a 4
[03/01/2011 01:07:41] /a 4
[03/01/2011 01:07:41] /a 4
[03/01/2011 01:07:42] /a 4
[03/01/2011 01:08:06] /a 66
[03/01/2011 01:18:11] /m weepinbell s
[03/01/2011 01:22:21] /goto doduo
[03/01/2011 01:22:30] /t
[03/01/2011 01:22:35] /goto doduo
[03/01/2011 01:29:26] /t
[03/01/2011 01:32:26] /goto weepinbell s
[03/01/2011 01:32:28] /goto weepinbell
[03/01/2011 01:38:34] /s pidgeot
[03/01/2011 01:39:18] /t
[03/01/2011 01:39:36] /r
[03/01/2011 01:39:38] /t
[03/01/2011 03:16:56] /t
[03/01/2011 04:21:35] /m magneton s
[03/01/2011 04:21:37] /s golem
[03/01/2011 04:22:01] /r
[03/01/2011 04:22:07] /r
[03/01/2011 04:22:09] /r
[03/01/2011 04:24:52] /s golem
[03/01/2011 04:24:54] /m magnemite s
[03/01/2011 04:28:12] /r
[03/01/2011 04:30:52] /a 55
[03/01/2011 04:31:38] /m pidgey s
[03/01/2011 04:36:05] /a 55
[03/01/2011 20:23:55] /addskill Nsujte, level, 11
[03/01/2011 20:24:05] /i thunder stone
[03/01/2011 20:24:41] /m pidgeot s
[03/01/2011 20:25:44] /m pidgeot s
[03/01/2011 20:26:16] /a 2
[03/01/2011 20:26:16] /a 2
[03/01/2011 20:26:16] /a 2
[03/01/2011 20:26:18] /a 2
[03/01/2011 20:26:27] /m pidgeot s
[03/01/2011 20:27:00] /m pidgeot s
[03/01/2011 20:27:24] /i 2147
[03/01/2011 20:27:36] /m pidgeot s
[03/01/2011 20:27:53] /m fearow
[03/01/2011 20:28:10] /ghost
[03/01/2011 20:28:30] /r
[03/01/2011 20:28:36] /m pidgeot s
[03/01/2011 20:29:22] /m pidgeot s
[03/01/2011 20:29:45] /addskill Nsujte, level, 25
[03/01/2011 20:29:55] /m pidgeot s
[03/01/2011 20:30:07] /m pidgeot s
[03/01/2011 20:31:49] /m pidgeot s
[03/01/2011 20:32:55] /m pidgeot s
[03/01/2011 20:33:04] /i potion
[03/01/2011 20:33:05] /i potion
[03/01/2011 20:33:19] /m pidgeot s
[03/01/2011 20:33:40] /m pidgeotto s
[03/01/2011 20:33:58] /m pidgeot s
[03/01/2011 20:34:20] /m pidgeot s
[03/01/2011 20:35:13] /m pidgeot s
[03/01/2011 20:37:14] /i mega potion
[03/01/2011 20:38:11] /i mega potion
[03/01/2011 20:38:22] /i mega potion
[03/01/2011 20:38:27] /m pidgeot s
[03/01/2011 21:09:47] /m pidgeot s
[03/01/2011 21:11:13] /m pidgeot s
[03/01/2011 21:11:27] /m articuno
[03/01/2011 21:11:31] /r
[03/01/2011 21:13:44] /m bellsprout s
[03/01/2011 21:13:47] /r
[03/01/2011 21:14:08] /m test
[03/01/2011 21:14:19] /r
[03/01/2011 21:14:46] /m pidgeot s
[03/01/2011 21:29:29] /m pidgeot s
[03/01/2011 21:29:42] /m pidgeotto s
[03/01/2011 21:29:42] /m pidgeotto s
[03/01/2011 21:30:06] /m pidgeotto s
[03/01/2011 21:30:12] /m pidgeotto s
[03/01/2011 21:30:30] /m pidgeotto s
[03/01/2011 21:30:31] /m pidgeotto s
[03/01/2011 21:30:31] /m pidgeotto s
[03/01/2011 21:30:31] /m pidgeotto s
[03/01/2011 21:35:20] /m pidgeot s
[03/01/2011 21:35:41] /t
[03/01/2011 21:37:02] /a 12
[03/01/2011 21:37:04] /a 12
[03/01/2011 21:37:05] /a 12
[03/01/2011 21:37:06] /a 12
[03/01/2011 21:37:07] /a 12
[03/01/2011 21:37:09] /a 12
[03/01/2011 21:37:13] /a 12
[03/01/2011 21:37:18] /a 12
[03/01/2011 21:37:19] /a 12
[03/01/2011 21:37:20] /a 12
[03/01/2011 21:37:21] /a 12
[03/01/2011 21:37:22] /a 12
[03/01/2011 21:37:24] /a 12
[03/01/2011 21:37:25] /a 12
[03/01/2011 21:37:26] /a 12
[03/01/2011 21:37:28] /a 12
[03/01/2011 21:41:19] /s sandslash
[03/01/2011 21:41:33] /i 1285
[03/01/2011 23:44:19] /i 469
[03/01/2011 23:44:23] /r
[03/01/2011 23:44:27] /s sandslash
[03/01/2011 23:47:58] /a 2
[03/01/2011 23:48:00] /i 268
[03/01/2011 23:48:03] /i 468
[03/01/2011 23:48:20] /s sandslash
[03/01/2011 23:48:39] /t
[03/01/2011 23:49:03] /i 1285
[03/01/2011 23:52:45] /i 481
[03/01/2011 23:52:49] /i 479
[03/01/2011 23:52:51] /a 1
[03/01/2011 23:52:54] /i 483
[03/01/2011 23:52:56] /i 483
[03/01/2011 23:52:59] /r
[03/01/2011 23:53:00] /r
[03/01/2011 23:53:01] /r
[03/01/2011 23:53:02] /r
[03/01/2011 23:56:28] /t
[03/01/2011 23:58:25] /r
[03/01/2011 23:58:27] /s sandslash
[03/01/2011 23:58:41] /t
[03/01/2011 23:58:43] /a 2
[03/01/2011 23:58:43] /a 2
[03/01/2011 23:58:44] /a 2
[03/01/2011 23:58:44] /a 2
[03/01/2011 23:58:45] /a 2
[03/01/2011 23:59:23] /r
[03/01/2011 23:59:24] /r
[03/01/2011 23:59:27] /s sandslash
[03/01/2011 23:59:55] /r
[03/01/2011 23:59:57] /s sandslash
[04/01/2011 00:00:41] /r
[04/01/2011 00:00:44] /s sandslash
[04/01/2011 00:09:53] /r
[04/01/2011 00:09:57] /r
[04/01/2011 00:10:11] /s sandslash
[04/01/2011 00:10:42] /i heart stone
[04/01/2011 00:11:13] /m pidgeot s
[04/01/2011 00:11:31] /m magneton s
[04/01/2011 00:12:13] /m magnemite s
[04/01/2011 00:12:30] /m magnemite s
[04/01/2011 00:12:46] /m magneton s
[04/01/2011 00:14:17] /s sandslash
[04/01/2011 00:15:56] /r
[04/01/2011 00:17:25] /goto dodrio
[04/01/2011 00:18:20] /t
[04/01/2011 00:18:22] /a 55
[04/01/2011 00:18:38] /m pidgey s
[04/01/2011 00:18:45] /m pidgey s
[04/01/2011 00:18:55] /i heart stone
[04/01/2011 00:19:08] /i heart stone
[04/01/2011 00:19:08] /i heart stone
[04/01/2011 02:35:56] /t
[04/01/2011 02:37:50] /ghost
[04/01/2011 02:40:29] /t
[04/01/2011 02:47:06] /m magnemite s
[04/01/2011 03:10:52] /m pidgeot s
[04/01/2011 03:11:18] /m pidgeot s
[04/01/2011 03:11:32] /m pidgeot s
[04/01/2011 03:11:56] /m pidgeot s
[04/01/2011 03:13:45] /m pidgeot s
[04/01/2011 03:14:31] /m voltorb
[04/01/2011 03:14:48] /m voltorb
[04/01/2011 03:15:13] /m voltorb
[04/01/2011 03:20:26] /r
[04/01/2011 03:20:30] /r
[04/01/2011 03:20:31] /r
[04/01/2011 03:29:59] /m test
[04/01/2011 03:30:16] /m test
[04/01/2011 09:18:31] /s electrode
[04/01/2011 09:21:16] /s voltorb
[04/01/2011 09:21:24] /r
[04/01/2011 09:21:26] /r
[04/01/2011 09:23:53] /s electrode
[04/01/2011 09:24:35] /s voltorb
[04/01/2011 09:25:43] /s electrode
[04/01/2011 09:29:38] /m electrode
[04/01/2011 09:29:42] /r
[04/01/2011 09:29:43] /s electrode
[04/01/2011 09:34:59] /s electrode
[04/01/2011 09:36:01] /s electrode
[04/01/2011 09:36:11] /s electrode
[04/01/2011 09:36:46] /i defeated voltorb
[04/01/2011 09:36:47] /i defeated voltorb
[04/01/2011 09:36:47] /i defeated voltorb
[04/01/2011 09:36:47] /i defeated voltorb
[04/01/2011 09:36:48] /i defeated voltorb
[04/01/2011 09:36:48] /i defeated voltorb
[04/01/2011 09:36:48] /i defeated voltorb
[04/01/2011 09:36:49] /i defeated voltorb
[04/01/2011 09:37:00] /i defeated voltorb
[04/01/2011 09:37:01] /i defeated voltorb
[04/01/2011 09:37:01] /i defeated voltorb
[04/01/2011 09:37:02] /i defeated voltorb
[04/01/2011 09:37:02] /i defeated voltorb
[04/01/2011 09:37:02] /i defeated voltorb
[04/01/2011 09:37:03] /i defeated voltorb
[04/01/2011 09:37:03] /i defeated voltorb
[04/01/2011 09:37:03] /i defeated voltorb
[04/01/2011 09:37:04] /i defeated voltorb
[04/01/2011 09:37:04] /i defeated voltorb
[04/01/2011 09:37:04] /i defeated voltorb
[04/01/2011 09:37:05] /i defeated voltorb
[04/01/2011 09:37:43] /i thunder stone
[04/01/2011 09:37:56] /m pidgeot s
[04/01/2011 09:38:30] /m pidgeot s
[04/01/2011 09:39:02] /m pidgeotto s
[04/01/2011 09:39:16] /r
[04/01/2011 09:39:17] /r
[04/01/2011 09:39:23] /m pidgeot s
[04/01/2011 09:39:37] /i 2147
[04/01/2011 09:39:49] /m pidgeot s
[04/01/2011 09:40:50] /m pidgeot s
[04/01/2011 09:41:00] /i super potion
[04/01/2011 09:41:06] /i super potion
[04/01/2011 09:41:37] /i mega potion
[04/01/2011 09:41:50] /m pidgeot s
[04/01/2011 09:42:15] /m pidgeot s
[04/01/2011 09:43:06] /m pidgeot s
[04/01/2011 09:43:37] /m pidgeot s
[04/01/2011 09:43:52] /m pidgeot s
[04/01/2011 09:44:27] /m pidgeot s
[04/01/2011 09:45:13] /m pidgeot s
[04/01/2011 09:48:03] /m pidgeot s
[04/01/2011 09:49:26] /t
[04/01/2011 09:54:34] /m pidgeot s
[04/01/2011 10:18:35] /a 55
[04/01/2011 10:20:36] /m pidgeot s
[04/01/2011 10:20:56] /m pidgeot s
[04/01/2011 10:21:44] /m pidgeot s
[04/01/2011 10:21:56] /m magneton s
[04/01/2011 10:22:47] /m pidgeot s
[04/01/2011 10:23:04] /m pidgeot s
[04/01/2011 10:23:30] /m pidgeot s
[04/01/2011 10:27:21] /n nurse
[04/01/2011 10:27:24] /r
[04/01/2011 10:27:28] /m pidgeot s
[04/01/2011 10:29:21] /m pidgeot s
[04/01/2011 10:29:32] /m pidgeot s
[04/01/2011 10:29:47] /m pidgeot s
[04/01/2011 10:31:07] /m pidgeot s
[04/01/2011 10:31:17] /t
