[24/01/2011 15:28:28] /addskill Nums, level, 300
[24/01/2011 15:32:39] /addskill Nums, level, 300
[24/01/2011 15:34:47] /r
[24/01/2011 15:34:49] /r
[24/01/2011 15:34:52] /m bellsprout s
[24/01/2011 15:39:05] /m bellsprout s
[24/01/2011 15:41:51] /r
[24/01/2011 15:55:13] /m bellsprout s
[24/01/2011 16:04:30] /m bellsprout s
[24/01/2011 16:13:03] /m bellsprout s
[24/01/2011 16:13:50] /m bellsprout s
[24/01/2011 16:15:00] /m bellsprout s
[24/01/2011 16:16:32] /m bellsprout s
[24/01/2011 16:16:33] /m bellsprout s
[24/01/2011 16:22:03] /t
[24/01/2011 16:35:04] /a 45
[24/01/2011 16:39:55] /t
[24/01/2011 16:39:58] /m pidgeot s
[24/01/2011 16:40:18] /r
[24/01/2011 16:54:16] /m bellsprout s
[24/01/2011 17:01:58] /m bellsprout s
[24/01/2011 17:02:06] /r
[24/01/2011 17:03:44] /a 45
[24/01/2011 22:24:09] /t
