[23/09/2011 19:00:33] /addskill real playerd, level, 9
[23/09/2011 19:01:15] /m caterpie
[23/09/2011 19:01:25] /m caterpie
[23/09/2011 19:01:58] /m metapod
[23/09/2011 19:02:13] /r
[23/09/2011 19:02:17] /m weedle
[23/09/2011 19:02:42] /m weedle
[23/09/2011 19:02:59] /n nurse
[23/09/2011 19:03:01] /r
[23/09/2011 19:03:04] /i pokeball
[23/09/2011 19:03:06] /i poke ball
[23/09/2011 19:03:12] /a 2
[23/09/2011 19:03:12] /r
[23/09/2011 19:04:10] /m caterpie
[23/09/2011 19:05:00] /m weedle
[23/09/2011 19:05:17] /m weedle
[23/09/2011 19:05:39] /m weedle
[23/09/2011 19:05:48] /n nurse
[23/09/2011 19:05:50] /r
[23/09/2011 19:07:41] /m venusaur
[23/09/2011 19:07:48] /n nurse
[23/09/2011 19:18:58] /m venusaur
[23/09/2011 19:19:01] /n nurse
[23/09/2011 19:20:45] /m venusaur
[23/09/2011 19:21:17] /m venusaur
[23/09/2011 19:21:30] /m venusaur
[23/09/2011 19:21:37] /m venusaur
[23/09/2011 19:22:41] /r
[23/09/2011 19:22:44] /r
[23/09/2011 19:22:59] /r
[23/09/2011 19:23:12] /r
[23/09/2011 20:00:17] /m alakazam
[23/09/2011 20:00:50] /n nurse
[23/09/2011 20:00:53] /r
[23/09/2011 20:01:14] /m alakazam
[23/09/2011 20:03:30] /m gengar
[23/09/2011 20:03:38] /r
[23/09/2011 20:03:44] /m alakazam
[23/09/2011 20:04:48] /m alakazam
[23/09/2011 20:05:05] /i 1285
[23/09/2011 20:05:05] /i 1285
[23/09/2011 20:05:06] /i 1285
[23/09/2011 20:05:07] /i 1285
[23/09/2011 20:05:07] /i 1285
[23/09/2011 20:05:08] /i 1285
[23/09/2011 20:05:08] /i 1285
[23/09/2011 20:05:23] /i 1285
[23/09/2011 20:05:24] /i 1285
[23/09/2011 20:05:26] /a 2
[23/09/2011 20:05:27] /i 1285
[23/09/2011 20:05:27] /i 1285
[23/09/2011 20:05:28] /i 1285
[23/09/2011 20:05:29] /i 1285
[23/09/2011 20:05:48] /n nurse
[23/09/2011 20:05:49] /r
[23/09/2011 20:06:09] /a 4
[23/09/2011 20:06:10] /i 1285
[23/09/2011 20:06:11] /i 1285
[23/09/2011 20:06:12] /i 1285
[23/09/2011 20:14:18] /m alakazam
[23/09/2011 20:14:31] /i 1285
[23/09/2011 20:14:31] /i 1285
[23/09/2011 20:14:32] /i 1285
[23/09/2011 20:14:33] /i 1285
[23/09/2011 20:14:33] /i 1285
[23/09/2011 20:14:34] /i 1285
[23/09/2011 20:14:35] /i 1285
[23/09/2011 20:14:36] /i 1285
[23/09/2011 20:14:38] /a 2
[23/09/2011 20:14:39] /n nurse
[23/09/2011 20:14:41] /r
[23/09/2011 20:14:43] /a 2
[23/09/2011 20:14:46] /a 2
[23/09/2011 20:16:40] /n nurse
[23/09/2011 20:16:45] /r
[23/09/2011 20:19:44] /n nurse
[23/09/2011 20:19:46] /r
[23/09/2011 20:43:56] /r
[23/09/2011 20:43:59] /m alakazam
[23/09/2011 20:44:03] /i 1285
[23/09/2011 20:55:46] /n nurse
[23/09/2011 20:57:16] /ghost
[23/09/2011 20:57:19] /ghost
[06/10/2011 16:20:49] /t
[06/10/2011 16:20:54] /a 2
[06/10/2011 16:20:56] /a 3
[06/10/2011 16:20:57] /a 3
[06/10/2011 16:20:57] /a 3
[06/10/2011 16:20:58] /a 3
[06/10/2011 16:22:45] /a 1
[06/10/2011 17:41:05] /a 1
[06/10/2011 21:49:15] /a 12
[06/10/2011 21:49:17] /a 44
[06/10/2011 21:49:18] /a 44
[06/10/2011 21:49:20] /a 44
[06/10/2011 21:49:20] /a 44
[06/10/2011 21:49:21] /a 44
[06/10/2011 22:50:31] /t
[06/10/2011 22:50:33] /r
