[10/11/2011 16:26:12] /a 12
[10/11/2011 16:26:13] /a 12
[10/11/2011 16:30:45] /a 12
[10/11/2011 16:30:48] /a 4
[10/11/2011 16:31:58] /m oddish, 5
[10/11/2011 16:32:13] /m bellsprout, 9
[10/11/2011 16:32:23] /m pidgey, 8
[10/11/2011 16:32:39] /m caterpie, 1
[10/11/2011 16:32:59] /m rattata, 9]
[10/11/2011 16:33:10] /n nurse
[10/11/2011 16:33:19] /r
[10/11/2011 16:33:22] /m pidgey, 8
[10/11/2011 16:33:28] /m pidgey, 10
[10/11/2011 16:34:20] /m pidgey, 10
[10/11/2011 16:34:42] /m ekans, 11
[10/11/2011 16:36:57] /a 12
[10/11/2011 16:36:58] /a 12
[10/11/2011 16:37:00] /a 6
[10/11/2011 16:37:00] /a 6
[10/11/2011 16:37:02] /a 6
[10/11/2011 16:37:04] /a 6
[10/11/2011 16:37:05] /a 6
[10/11/2011 16:37:06] /a 6
[10/11/2011 16:37:07] /a 6
[10/11/2011 16:37:18] /m pidgeotto, 14
[10/11/2011 16:37:40] /m pidgeotto, 14
[10/11/2011 16:46:50] /m pidgeotto, 5
[10/11/2011 16:47:13] /m pidgeot, 5
[10/11/2011 16:47:42] /m pidgeotto, 2
[10/11/2011 16:48:41] /m pidgeotto, 1
[11/11/2011 14:02:10] /m pidgeotto, 25
[11/11/2011 14:02:12] /n nurse
[11/11/2011 14:02:21] /r
[11/11/2011 14:02:26] /m pidgeotto, 25
[11/11/2011 14:03:48] /m pidgeotto, 25
[11/11/2011 14:05:28] /m pidgey, 1
[11/11/2011 14:05:37] /m pidgey, 2
[11/11/2011 14:05:39] /m pidgey, 3
[11/11/2011 14:05:40] /m pidgey, 4
[11/11/2011 14:05:40] /m pidgey, 5
[11/11/2011 14:05:41] /m pidgey, 6
[11/11/2011 14:07:01] /m pidgey, 1
[11/11/2011 14:07:06] /m pidgey, 2
[11/11/2011 14:07:37] /m snorlax, 70
[11/11/2011 14:07:51] /m snorlax, 20
[11/11/2011 14:07:56] /m snorlax, 21
[11/11/2011 14:09:05] /m snorlax, 80
[11/11/2011 14:09:13] /m snorlax, 20
[11/11/2011 14:09:44] /m caterpie, 2
[11/11/2011 14:10:03] /m snorlax, 100
[11/11/2011 14:10:03] /m snorlax, 100
[11/11/2011 14:10:03] /m snorlax, 100
[11/11/2011 14:10:11] /m snorlax, 100
[11/11/2011 14:10:12] /m snorlax, 100
[11/11/2011 14:10:12] /m snorlax, 100
[11/11/2011 14:10:12] /m snorlax, 100
[11/11/2011 14:10:32] /m dragonite, 100
[11/11/2011 14:10:37] /m dragonite, 100
[11/11/2011 14:10:38] /m dragonite, 100
[11/11/2011 14:10:38] /m dragonite, 100
[11/11/2011 14:10:38] /m dragonite, 100
[11/11/2011 14:22:44] /m snorlax, 1
[11/11/2011 14:22:48] /m snorlax, 10
[11/11/2011 14:22:54] /m snorlax, 100
[11/11/2011 14:32:54] /m caterpie, 1
[11/11/2011 14:33:00] /m caterpie, 2
[11/11/2011 14:48:33] /m caterpie, 1
[11/11/2011 14:48:40] /m caterpie, 2
[11/11/2011 14:49:06] /m dragonite, 100
[11/11/2011 14:49:18] /m dragonite, 50
[11/11/2011 14:49:28] /m dragonite, 1
[11/11/2011 14:49:37] /m lapras, 1
[11/11/2011 16:44:02] /m caterpie, 4
[11/11/2011 16:44:11] /m caterpie, 2
[11/11/2011 16:46:36] /m pidgey, 1
[11/11/2011 16:46:41] /m pidgey, 2
[11/11/2011 16:47:22] /m pidgey, 1
[11/11/2011 16:47:26] /m pidgey, 2
[11/11/2011 16:47:31] /m pidgey, 3
[11/11/2011 16:47:39] /m pidgey, 30
[11/11/2011 16:47:53] /m pidgeotto, 25
[11/11/2011 16:48:06] /m pidgeotto, 1
[11/11/2011 16:48:11] /m pidgeotto, 2
[11/11/2011 16:48:46] /m pidgey, 1
[11/11/2011 16:48:52] /m pidgey, 2
[11/11/2011 16:48:56] /m pidgey, 3
[11/11/2011 16:49:04] /m pidgei, 4
[11/11/2011 16:49:10] /m pidgey, 4
[11/11/2011 16:49:18] /m pidgey, 5
[11/11/2011 16:49:28] /m pidgeotto, 1
[11/11/2011 16:49:32] /m pidgeotto, 2
[11/11/2011 16:49:37] /m pidgeotto, 3
[11/11/2011 16:49:43] /m pidgeotto, 25
[11/11/2011 16:50:09] /m pidgeotto, 10
[11/11/2011 16:50:18] /m caterpie, 2
[11/11/2011 16:50:22] /m caterpie, 3
[11/11/2011 16:50:52] /m pidgeotto, 25
[11/11/2011 16:51:01] /m pidgeotto, 30
[11/11/2011 16:51:28] /m pidgeotto, 10
[11/11/2011 16:51:33] /m pidgeotto, 20
[11/11/2011 16:51:40] /m pidgeotto, 20
[11/11/2011 16:51:51] /n nurse
[11/11/2011 16:51:53] /m pidgeotto, 20
[11/11/2011 16:52:00] /m pidgeotto, 20
[11/11/2011 16:52:09] /m pidgeotto, 20
[11/11/2011 16:52:24] /m snorlax, 100
[11/11/2011 16:53:16] /m snorlax, 50
[11/11/2011 16:54:30] /m snorlax, 100
[11/11/2011 16:55:26] /m snorlax, 100
[11/11/2011 16:55:35] /m snorlax, 50
[11/11/2011 16:55:40] /m caterpie, 1
[11/11/2011 16:55:50] /m caterpie, 2
[11/11/2011 16:56:57] /m snorlax, 100
[11/11/2011 16:57:02] /m snorlax, 50
[11/11/2011 16:57:09] /m caterpie, 1
[11/11/2011 16:57:14] /m caterpie, 2
[11/11/2011 16:58:55] /m snorlax, 50
[11/11/2011 16:59:00] /m snorlax, 100
[11/11/2011 16:59:33] /m caterpie, 1
[11/11/2011 16:59:37] /m caterpie, 2
[11/11/2011 17:00:04] /m pidgeot, 40
[11/11/2011 17:00:59] /m pidgeot, 35
[11/11/2011 17:04:05] /n nurse
[11/11/2011 17:04:06] /r
[11/11/2011 17:04:23] /m pidgeotto, 20
[11/11/2011 17:05:28] /m poliwag, 22
[11/11/2011 17:05:47] /m poliwag, 22
[11/11/2011 17:06:28] /m poliwag, 1
[11/11/2011 17:06:52] /m caterpie, 100
[11/11/2011 17:10:01] /m poliwag, 100
[11/11/2011 17:10:20] /m poliwag, 20
[11/11/2011 17:10:28] /m poliwag, 1
[11/11/2011 17:10:37] /m snorlax, 100
[11/11/2011 17:10:43] /ghost
[11/11/2011 17:11:07] /addskill Refutado, level, 80
[11/11/2011 17:11:48] /m onix, 100
[11/11/2011 17:11:54] /m snorlax, 100
[11/11/2011 17:13:06] /ghost
[11/11/2011 17:13:25] /m snorlax, 100
[11/11/2011 17:13:32] /m onix, 100
[11/11/2011 17:13:43] /m poliwag, 100
[11/11/2011 17:13:49] /m poliwag, 1
[11/11/2011 17:15:50] /m pidgeotto, 15
[11/11/2011 17:16:17] /m pidgeotto, 1
[11/11/2011 17:16:22] /m pidgey, 1
[11/11/2011 17:16:26] /m pidgeotto, 10
[11/11/2011 17:16:40] /m pidgeotto, 100
[11/11/2011 17:19:50] /m butterfree, 20
[11/11/2011 23:03:42] /m pidgeotto, 20
[11/11/2011 23:04:01] /m pidgeotto, 20
[11/11/2011 23:05:17] /n nurse
[11/11/2011 23:05:21] /r
[11/11/2011 23:05:35] /m pidgeotto, 20
[11/11/2011 23:06:33] /m pidgeotto, 20
[11/11/2011 23:07:02] /m pidgeotto, 18
[12/11/2011 17:08:27] /m pidgeotto, 17
[12/11/2011 17:09:11] /m spearow, 16
[12/11/2011 17:09:21] /m spearow, 17
[12/11/2011 17:09:40] /m pidgeotto, 17
[12/11/2011 17:11:08] /m pidgeotto, 17
[12/11/2011 17:21:23] /m pidgey, 2
[12/11/2011 17:22:32] /i pokeball
[12/11/2011 17:22:35] /i pokeballs
[12/11/2011 17:23:24] /i 2394
[12/11/2011 17:23:32] /m pidgey, 2
[12/11/2011 17:23:42] /m pidgey, 2
[12/11/2011 17:25:25] /m pidgey, 2
[12/11/2011 17:26:03] /m pidgeotto, 17
