[21/01/2011 14:03:40] /a 1
[21/01/2011 14:03:45] /goto biell [ice]
[21/01/2011 14:03:47] /a 1
[21/01/2011 14:05:12] /addskill Soldier, exp 100000
[21/01/2011 14:05:12] /addskill Soldier, exp 100000
[21/01/2011 14:05:12] /addskill Soldier, exp 100000
[21/01/2011 14:05:13] /addskill Soldier, exp 100000
[21/01/2011 14:05:13] /addskill Soldier, exp 100000
[21/01/2011 14:05:13] /addskill Soldier, exp 100000
[21/01/2011 14:05:13] /addskill Soldier, exp 100000
[21/01/2011 14:05:13] /addskill Soldier, exp 100000
[21/01/2011 14:05:14] /addskill Soldier, exp 100000
[21/01/2011 14:05:14] /addskill Soldier, exp 100000
[21/01/2011 14:05:14] /addskill Soldier, exp 100000
[21/01/2011 14:05:14] /addskill Soldier, exp 100000
[21/01/2011 14:05:14] /addskill Soldier, exp 100000
[21/01/2011 14:05:15] /addskill Soldier, exp 100000
[21/01/2011 14:05:15] /addskill Soldier, exp 100000
[21/01/2011 14:05:15] /addskill Soldier, exp 100000
[21/01/2011 14:05:15] /addskill Soldier, exp 100000
[21/01/2011 14:05:15] /addskill Soldier, exp 100000
[21/01/2011 14:05:15] /addskill Soldier, exp 100000
[21/01/2011 14:05:15] /addskill Soldier, exp 100000
[21/01/2011 14:05:15] /addskill Soldier, exp 100000
[21/01/2011 14:05:16] /addskill Soldier, exp 100000
[21/01/2011 14:05:16] /addskill Soldier, exp 100000
[21/01/2011 14:05:17] /addskill Soldier, exp 100000
[21/01/2011 14:05:17] /addskill Soldier, exp 100000
[21/01/2011 14:05:17] /addskill Soldier, exp 100000
[21/01/2011 14:05:17] /addskill Soldier, exp 100000
[21/01/2011 14:05:17] /addskill Soldier, exp 100000
[21/01/2011 14:05:17] /addskill Soldier, exp 100000
[21/01/2011 14:05:17] /addskill Soldier, exp 100000
[21/01/2011 14:05:17] /addskill Soldier, exp 100000
[21/01/2011 14:05:17] /addskill Soldier, exp 100000
[21/01/2011 14:05:17] /addskill Soldier, exp 100000
[21/01/2011 14:05:18] /addskill Soldier, exp 100000
[21/01/2011 14:05:18] /addskill Soldier, exp 100000
[21/01/2011 14:05:18] /addskill Soldier, exp 100000
[21/01/2011 14:05:19] /addskill Soldier, exp 100000
[21/01/2011 14:05:19] /addskill Soldier, exp 100000
[21/01/2011 14:05:19] /addskill Soldier, exp 100000
[21/01/2011 14:05:19] /addskill Soldier, exp 100000
[21/01/2011 14:05:19] /addskill Soldier, exp 100000
[21/01/2011 14:05:19] /addskill Soldier, exp 100000
[21/01/2011 14:05:19] /addskill Soldier, exp 100000
[21/01/2011 14:05:19] /addskill Soldier, exp 100000
[21/01/2011 14:05:19] /addskill Soldier, exp 100000
[21/01/2011 14:05:19] /addskill Soldier, exp 100000
[21/01/2011 14:05:19] /addskill Soldier, exp 100000
[21/01/2011 14:05:19] /addskill Soldier, exp 100000
[21/01/2011 14:05:19] /addskill Soldier, exp 100000
[21/01/2011 14:05:19] /addskill Soldier, exp 100000
[21/01/2011 14:05:19] /addskill Soldier, exp 100000
[21/01/2011 14:05:19] /addskill Soldier, exp 100000
[21/01/2011 14:05:19] /addskill Soldier, exp 100000
[21/01/2011 14:05:20] /addskill Soldier, exp 100000
[21/01/2011 14:05:20] /addskill Soldier, exp 100000
[21/01/2011 14:05:20] /addskill Soldier, exp 100000
[21/01/2011 14:05:20] /addskill Soldier, exp 100000
[21/01/2011 14:05:20] /addskill Soldier, exp 100000
[21/01/2011 14:05:20] /addskill Soldier, exp 100000
[21/01/2011 14:05:20] /addskill Soldier, exp 100000
[21/01/2011 14:05:20] /addskill Soldier, exp 100000
[21/01/2011 14:05:21] /addskill Soldier, exp 100000
[21/01/2011 14:05:21] /addskill Soldier, exp 100000
[21/01/2011 14:05:21] /addskill Soldier, exp 100000
[21/01/2011 14:05:21] /addskill Soldier, exp 100000
[21/01/2011 14:05:21] /addskill Soldier, exp 100000
[21/01/2011 14:05:21] /addskill Soldier, exp 100000
[21/01/2011 14:05:21] /addskill Soldier, exp 100000
[21/01/2011 14:05:21] /addskill Soldier, exp 100000
[21/01/2011 14:05:21] /addskill Soldier, exp 100000
[21/01/2011 14:05:21] /addskill Soldier, exp 100000
[21/01/2011 14:05:22] /addskill Soldier, exp 100000
[21/01/2011 14:05:22] /addskill Soldier, exp 100000
[21/01/2011 14:05:22] /addskill Soldier, exp 100000
[21/01/2011 14:05:22] /addskill Soldier, exp 100000
[21/01/2011 14:05:22] /addskill Soldier, exp 100000
[21/01/2011 14:05:22] /addskill Soldier, exp 100000
[21/01/2011 14:05:22] /addskill Soldier, exp 100000
[21/01/2011 14:05:22] /addskill Soldier, exp 100000
[21/01/2011 14:05:22] /addskill Soldier, exp 100000
[21/01/2011 14:05:22] /addskill Soldier, exp 100000
[21/01/2011 14:05:22] /addskill Soldier, exp 100000
[21/01/2011 14:05:22] /addskill Soldier, exp 100000
[21/01/2011 14:05:22] /addskill Soldier, exp 100000
[21/01/2011 14:05:22] /addskill Soldier, exp 100000
[21/01/2011 14:05:25] /addskill Soldier, exp 100000
[21/01/2011 14:05:26] /addskill Soldier, exp 100000
[21/01/2011 14:05:26] /addskill Soldier, exp 100000
[21/01/2011 14:05:26] /addskill Soldier, exp 100000
[21/01/2011 14:05:26] /addskill Soldier, exp 100000
[21/01/2011 14:05:26] /addskill Soldier, exp 100000
[21/01/2011 14:05:26] /addskill Soldier, exp 100000
[21/01/2011 14:05:26] /addskill Soldier, exp 100000
[21/01/2011 14:05:26] /addskill Soldier, exp 100000
[21/01/2011 14:05:26] /addskill Soldier, exp 100000
[21/01/2011 14:05:26] /addskill Soldier, exp 100000
[21/01/2011 14:05:26] /addskill Soldier, exp 100000
[21/01/2011 14:05:26] /addskill Soldier, exp 100000
[21/01/2011 14:05:26] /addskill Soldier, exp 100000
[21/01/2011 14:05:27] /addskill Soldier, exp 100000
[21/01/2011 14:05:28] /addskill Soldier, exp 100000
[21/01/2011 14:05:28] /addskill Soldier, exp 100000
[21/01/2011 14:05:28] /addskill Soldier, exp 100000
[21/01/2011 14:05:28] /addskill Soldier, exp 100000
[21/01/2011 14:05:28] /addskill Soldier, exp 100000
[21/01/2011 14:05:28] /addskill Soldier, exp 100000
[21/01/2011 14:05:28] /addskill Soldier, exp 100000
[21/01/2011 14:05:29] /addskill Soldier, exp 100000
[21/01/2011 14:05:29] /addskill Soldier, exp 100000
[21/01/2011 14:05:29] /addskill Soldier, exp 100000
[21/01/2011 14:05:29] /addskill Soldier, exp 100000
[21/01/2011 14:05:29] /addskill Soldier, exp 100000
[21/01/2011 14:05:30] /addskill Soldier, exp 100000
[21/01/2011 14:05:30] /addskill Soldier, exp 100000
[21/01/2011 14:05:30] /addskill Soldier, exp 100000
[21/01/2011 14:05:44] /t
[21/01/2011 14:06:16] /goto biell [ice]
[21/01/2011 14:06:56] /ghost
[21/01/2011 14:29:57] /goto biell [ice]
[21/01/2011 14:30:01] /a 1
[21/01/2011 14:30:16] /goto charizard
[21/01/2011 14:30:31] /n nurse joy
[21/01/2011 14:30:47] /r
[21/01/2011 14:31:55] /i ultra ball
[21/01/2011 14:35:11] /s nurse joy
[21/01/2011 14:35:22] /n nurse joy
[21/01/2011 14:36:56] /t
[21/01/2011 14:36:59] /goto biell [ice]
[21/01/2011 14:37:00] /a 1
[21/01/2011 14:39:12] /goto biell [ice]
[21/01/2011 14:39:14] /a 1
[21/01/2011 14:39:39] /s Nurse Joy
[21/01/2011 14:39:48] /n Nurse Joy
[21/01/2011 14:39:50] /t
[21/01/2011 14:39:57] /a m1
[21/01/2011 14:42:46] /m Nurse Joy
[21/01/2011 14:42:49] /s Nurse Joy
[21/01/2011 14:43:52] /m bellsprout s
[21/01/2011 14:44:33] /r
[21/01/2011 14:45:48] /r
[21/01/2011 14:45:53] /r
[21/01/2011 14:46:11] /m gloom s
[21/01/2011 14:46:18] /r
[21/01/2011 14:49:58] /s Nurse Joy
[21/01/2011 14:50:02] /n Nurse Joy
[21/01/2011 14:50:44] /s nurse
[21/01/2011 14:50:58] /goto biell [ice]
[21/01/2011 14:50:59] /a 1
[21/01/2011 14:51:46] /goto biell [ice]
[21/01/2011 14:51:47] /a 1
[21/01/2011 14:51:52] /r
[21/01/2011 14:52:00] /goto biell [ice]
[21/01/2011 14:52:01] /a 1
[21/01/2011 14:52:28] /info Bruninho
[21/01/2011 14:52:46] /goto biell [ice]
[21/01/2011 14:52:49] /a 1
[21/01/2011 14:52:50] /addskill Bruninho, exp 100000
[21/01/2011 14:52:51] /addskill Bruninho, exp 100000
[21/01/2011 14:52:52] /addskill Bruninho, exp 100000
[21/01/2011 14:52:52] /addskill Bruninho, exp 100000
[21/01/2011 14:52:52] /addskill Bruninho, exp 100000
[21/01/2011 14:52:52] /addskill Bruninho, exp 100000
[21/01/2011 14:52:53] /addskill Bruninho, exp 100000
[21/01/2011 14:52:53] /addskill Bruninho, exp 100000
[21/01/2011 14:52:53] /addskill Bruninho, exp 100000
[21/01/2011 14:52:53] /addskill Bruninho, exp 100000
[21/01/2011 14:52:53] /addskill Bruninho, exp 100000
[21/01/2011 14:52:56] /addskill Bruninho, exp 100000
[21/01/2011 14:53:04] /m weepinbel s
