[24/03/2011 18:39:02] /n nurse
[24/03/2011 18:39:04] /r
[26/03/2011 18:36:08] /t
[26/03/2011 19:25:18] /n celadon
[26/03/2011 19:26:25] /r
[26/03/2011 19:26:27] /n celadon
[26/03/2011 19:27:01] /r
[26/03/2011 19:27:04] /n celadon
[26/03/2011 19:28:22] /r
[26/03/2011 19:28:24] /n celadon
[26/03/2011 19:28:49] /i 2146
[26/03/2011 19:28:50] /i 2147
[26/03/2011 19:28:52] /i 2160
[26/03/2011 19:31:22] /r
[26/03/2011 19:31:24] /n celadon
[26/03/2011 19:33:25] /r
[26/03/2011 19:33:27] /n celadon
[26/03/2011 19:35:06] /r
[26/03/2011 19:35:07] /n celadon
[26/03/2011 19:35:59] /r
[26/03/2011 19:36:01] /n celadon
[26/03/2011 19:37:24] /r
[26/03/2011 19:37:26] /n celadon
[26/03/2011 19:37:52] /r
[27/03/2011 18:11:53] /addskill splpa, level, 100
[27/03/2011 18:12:11] /n nurse
[27/03/2011 18:12:14] /r
[27/03/2011 18:12:22] /n nurse
[27/03/2011 18:12:24] /r
[27/03/2011 18:12:29] /n nurse
[27/03/2011 18:12:32] /r
[27/03/2011 18:14:18] /n nurse
[27/03/2011 18:14:29] /addskill splpa, level, 100
[27/03/2011 18:14:32] /r
[27/03/2011 18:14:39] /n nurse
[27/03/2011 18:14:41] /r
[27/03/2011 18:14:47] /n brock
[27/03/2011 18:18:30] /storage splpa, 990
[27/03/2011 18:20:18] /storage splpa, 990
[27/03/2011 18:20:33] /n nurse
[27/03/2011 18:20:34] /r
[27/03/2011 18:22:04] /n brock
[27/03/2011 18:22:08] /n nurse
[27/03/2011 18:22:14] /r
[27/03/2011 18:27:09] /n nurse
[27/03/2011 18:27:11] /r
[27/03/2011 18:27:22] /n brock
[27/03/2011 18:28:23] /n brock
[27/03/2011 18:34:26] /n brock
[27/03/2011 18:48:26] /n brock
[27/03/2011 18:49:18] /storage splpa, 990
[27/03/2011 19:58:53] /t a
[27/03/2011 20:00:52] /n brock
[27/03/2011 20:00:54] /storage
[27/03/2011 20:00:59] /storage splpa, 990, 0
[27/03/2011 20:03:13] /m brock golem
[27/03/2011 20:03:41] /n nurse
[27/03/2011 20:03:43] /r
[27/03/2011 20:03:44] /storage
[27/03/2011 20:03:52] /storage splpa, 990, 0
[27/03/2011 20:04:02] /storage splpa, 990, 1
[27/03/2011 20:06:18] /i 2307
[27/03/2011 20:06:38] /storage splpa, 990, 1
[27/03/2011 20:08:02] /m brock golem
[27/03/2011 20:08:15] /n nurse
[27/03/2011 20:08:17] /r
[27/03/2011 21:17:29] /addskill splpa, level, 30390
[27/03/2011 21:17:37] /storage splpa, 990, 0
[27/03/2011 21:17:38] /n brock
[27/03/2011 21:18:06] /addskill splpa, level, -20
[27/03/2011 21:18:08] /addskill splpa, level, -2
[27/03/2011 21:18:09] /addskill splpa, level, -2
[27/03/2011 21:18:10] /addskill splpa, level, -2
[27/03/2011 21:19:06] /storage splpa, 990, 0
[29/03/2011 17:48:18] /info
[29/03/2011 17:48:20] /info s
[22/05/2011 21:33:02] /addskill Splpa, level, =500
[22/05/2011 21:33:37] /storage Splpa, 990
[22/05/2011 21:33:40] /storage Splpa, 990, -1
[22/05/2011 21:38:33] /n nurse
[22/05/2011 21:38:35] /r
[22/05/2011 21:40:12] /storage Splpa, 990, -1
[22/05/2011 21:40:57] /storage Splpa, 990, -1
[22/05/2011 21:40:59] /n brock
[22/05/2011 21:41:03] /a 6
[22/05/2011 21:42:38] /r
[22/05/2011 21:42:40] /n brock
[22/05/2011 21:42:56] /a 5
[22/05/2011 21:45:31] /r
[22/05/2011 21:45:33] /n brock
[22/05/2011 21:45:49] /a 2
[22/05/2011 21:45:50] /a 2
[22/05/2011 21:46:03] /storage Splpa, 990
[22/05/2011 21:46:48] /storage Splpa, 990
[22/05/2011 21:46:49] /storage Splpa, 991
[22/05/2011 21:47:28] /a 7
[22/05/2011 21:47:30] /a 7
[22/05/2011 21:47:54] /a 2
[22/05/2011 21:49:28] /a 
[22/05/2011 21:49:31] /a 6
[22/05/2011 21:50:38] /r
[22/05/2011 21:50:40] /n brock
[22/05/2011 21:50:43] /a 4
[22/05/2011 21:50:47] /a 5
[22/05/2011 21:50:52] /a 2
[22/05/2011 21:50:57] /a 4
[22/05/2011 21:51:02] /a 6
[22/05/2011 21:51:04] /a 3
[22/05/2011 21:51:09] /a 
[22/05/2011 21:51:11] /a 2
[22/05/2011 21:51:18] /a 5
[22/05/2011 21:51:22] /a 6
[22/05/2011 21:52:15] /a 6
[22/05/2011 21:55:00] /i casino machine
[22/05/2011 21:55:02] /i slot machine
[22/05/2011 21:55:09] /i 3772
[22/05/2011 21:55:12] /r
[22/05/2011 21:55:13] /r
