[28/05/2011 19:21:50] /t
[28/05/2011 19:22:32] /addskill Zzzetst, level, 40
[28/05/2011 19:37:38] /a 2
[28/05/2011 19:37:38] /a 2
[28/05/2011 19:37:39] /a 2
[28/05/2011 19:37:39] /a 2
[28/05/2011 19:37:39] /a 2
[28/05/2011 19:39:29] /i 2377
[28/05/2011 19:39:31] /i 2378
[28/05/2011 19:39:32] /i 2379
[28/05/2011 19:39:34] /i 2380
[28/05/2011 19:39:38] /i 11389
[28/05/2011 19:39:41] /i 11390
[28/05/2011 19:39:42] /i 11391
[28/05/2011 19:39:43] /i 11392
[28/05/2011 19:39:43] /i 11393
[28/05/2011 19:39:44] /i 11394
[28/05/2011 19:39:45] /i 11395
[28/05/2011 19:39:45] /i 11396
[28/05/2011 19:39:46] /i 11397
[28/05/2011 19:39:46] /i 11398
[28/05/2011 19:39:47] /i 11399
[28/05/2011 19:39:52] /i 11400
[28/05/2011 19:39:52] /i 11401
[28/05/2011 19:39:53] /i 11402
[28/05/2011 19:39:54] /i 11403
[28/05/2011 19:39:54] /i 11404
[28/05/2011 19:39:55] /i 11405
[28/05/2011 19:39:56] /i 11406
[28/05/2011 19:39:56] /i 11407
[28/05/2011 19:39:57] /i 11408
[28/05/2011 19:39:57] /i 11409
[28/05/2011 19:40:00] /i 11410
[28/05/2011 19:40:01] /i 11411
[28/05/2011 19:40:01] /i 11412
[28/05/2011 19:40:02] /i 11413
[28/05/2011 19:40:07] /i 11414
[28/05/2011 19:40:07] /i 11415
[28/05/2011 19:40:09] /i 11413
[28/05/2011 19:40:10] /i 11416
[28/05/2011 19:40:11] /i 11417
[28/05/2011 19:40:12] /i 11418
[28/05/2011 19:40:12] /i 11419
[28/05/2011 19:40:14] /i 11420
[28/05/2011 19:40:16] /i 11421
[28/05/2011 19:40:18] /i 11422
[28/05/2011 19:40:19] /i 11423
[28/05/2011 19:40:21] /i 11424
[28/05/2011 19:40:22] /i 11425
[28/05/2011 19:40:22] /i 11426
[28/05/2011 19:40:24] /i 11427
[28/05/2011 19:40:25] /i 11428
[28/05/2011 19:40:26] /i 11429
[28/05/2011 19:40:29] /i 11430
[28/05/2011 19:40:30] /i 11431
[28/05/2011 19:40:31] /i 11432
[28/05/2011 19:40:32] /i 11433
[28/05/2011 19:40:33] /i 11434
[28/05/2011 19:40:34] /i 11435
[28/05/2011 19:40:35] /i 11436
[28/05/2011 19:40:36] /i 11437
[28/05/2011 19:40:38] /i 11438
[28/05/2011 19:40:40] /i 11439
[28/05/2011 19:40:42] /i 11440
[28/05/2011 19:40:43] /i 11441
[28/05/2011 19:40:44] /i 11442
[28/05/2011 19:40:46] /i 11443
[28/05/2011 19:40:47] /i 11444
[28/05/2011 19:40:49] /i 11445
[28/05/2011 19:40:50] /i 11446
[28/05/2011 19:40:51] /i 11447
[28/05/2011 19:40:53] /i 11448
[28/05/2011 19:40:54] /i 11449
[28/05/2011 19:40:56] /i 11450
[28/05/2011 19:40:58] /i 11451
[28/05/2011 19:40:59] /i 11452
[28/05/2011 19:41:00] /i 11453
[28/05/2011 19:41:03] /i 11454
[28/05/2011 19:41:04] /i 11455
[28/05/2011 19:41:06] /i 11456
[28/05/2011 19:41:09] /i 11457
[28/05/2011 19:41:11] /i 11458
[28/05/2011 19:41:12] /i 11459
[28/05/2011 19:41:14] /i 11460
[28/05/2011 19:41:15] /i 11461
[28/05/2011 19:41:16] /i 11462
[28/05/2011 19:41:17] /i 11463
[28/05/2011 19:41:18] /i 11464
[28/05/2011 19:41:19] /i 11465
[28/05/2011 19:41:20] /i 11466
[28/05/2011 19:41:22] /i 11467
[28/05/2011 19:41:23] /i 11468
[28/05/2011 19:41:24] /i 11469
[28/05/2011 19:41:26] /i 11470
[28/05/2011 19:41:27] /i 11471
[28/05/2011 19:41:28] /i 11472
[28/05/2011 19:41:29] /i 11473
[28/05/2011 19:41:31] /i 11474
[28/05/2011 19:41:32] /i 11475
[28/05/2011 19:41:33] /i 11476
[28/05/2011 19:41:34] /i 11477
[28/05/2011 19:41:35] /i 11478
[28/05/2011 19:41:36] /i 11479
[28/05/2011 19:41:40] /i 11480
[28/05/2011 19:41:41] /i 11481
[28/05/2011 19:41:42] /i 11482
[28/05/2011 19:41:43] /i 11483
[28/05/2011 19:41:45] /i 11484
[28/05/2011 19:41:46] /i 11485
[28/05/2011 19:41:47] /i 11486
[28/05/2011 19:41:48] /i 11487
[28/05/2011 19:41:49] /i 11488
[28/05/2011 19:41:52] /i 11489
[28/05/2011 19:44:22] /i 2530
[28/05/2011 19:44:23] /i 2531
[28/05/2011 19:44:24] /i 2532
[28/05/2011 19:44:25] /i 2533
[28/05/2011 19:44:26] /i 2534
[28/05/2011 19:44:26] /i 2535
[28/05/2011 19:44:27] /i 2536
[28/05/2011 19:44:28] /i 2537
[28/05/2011 19:44:28] /i 2538
[28/05/2011 19:44:29] /i 2539
[28/05/2011 19:44:30] /i 2540
[28/05/2011 19:44:31] /i 2541
[28/05/2011 19:44:32] /i 2542
[28/05/2011 19:44:32] /i 2543
[28/05/2011 19:44:33] /i 2544
[28/05/2011 19:44:34] /i 2545
[28/05/2011 19:44:34] /i 2546
[28/05/2011 19:44:35] /i 2547
[28/05/2011 19:44:35] /i 2548
[28/05/2011 19:44:37] /i 2549
[28/05/2011 19:44:39] /i 2550
[28/05/2011 19:44:39] /i 2551
[28/05/2011 19:44:40] /i 2552
[28/05/2011 19:44:41] /i 2553
[28/05/2011 19:44:41] /i 2554
[28/05/2011 19:44:42] /i 2555
[28/05/2011 19:44:42] /i 2556
[28/05/2011 19:44:43] /i 2557
[28/05/2011 19:44:44] /i 2558
[28/05/2011 19:44:49] /i 2559
[28/05/2011 19:44:50] /i 2560
[28/05/2011 19:44:51] /i 2561
[28/05/2011 19:44:51] /i 2562
[28/05/2011 19:44:55] /i 2572
[28/05/2011 19:45:13] /i 2562
[28/05/2011 19:57:00] /i 2543
[29/05/2011 14:51:26] /addskill Zzzetst, level, 54
[29/05/2011 14:51:37] /n brock
[29/05/2011 14:52:19] /m pidgeot s
[29/05/2011 14:52:20] /m pidgeot s
[29/05/2011 14:52:27] /r
[29/05/2011 14:52:29] /r
[29/05/2011 14:55:59] /addskill Zzzetst, level, 54
[29/05/2011 14:56:06] /n brock
[29/05/2011 14:57:37] /a 2
[29/05/2011 14:57:38] /n nurse
[29/05/2011 14:57:40] /a 2
[29/05/2011 14:59:39] /r
[29/05/2011 15:03:48] /i 1223
[29/05/2011 15:03:49] /r
[29/05/2011 15:11:49] /i 1285
[29/05/2011 15:11:51] /i 1285
[29/05/2011 15:12:06] /addskill Zzzetst, level, 30
[29/05/2011 15:12:17] /m weedle s
[29/05/2011 15:12:23] /a 2
[29/05/2011 15:12:24] /a 2
[29/05/2011 15:12:24] /a 2
[29/05/2011 15:12:25] /a 2
[29/05/2011 15:12:29] /i 1285
[29/05/2011 15:12:30] /i 1285
[29/05/2011 15:12:31] /i 1285
[29/05/2011 15:12:32] /r
[29/05/2011 15:12:33] /i 1285
[29/05/2011 15:12:37] /i 1285
[29/05/2011 15:12:40] /m weedle s
[29/05/2011 15:12:41] /a 2
[29/05/2011 15:12:49] /a 1
[29/05/2011 15:12:51] /a 3
[29/05/2011 15:12:58] /r
[29/05/2011 15:12:59] /r
[29/05/2011 15:13:01] /i 1285
[29/05/2011 15:13:01] /r
[29/05/2011 15:13:02] /r
[29/05/2011 15:13:10] /i 1285
[29/05/2011 15:41:17] /t
[29/05/2011 15:41:44] /i super ball
[29/05/2011 15:41:49] /i great ball
[29/05/2011 15:41:57] /i ultra ball
[29/05/2011 15:42:01] /i poke ball
[29/05/2011 15:42:27] /a 12
[29/05/2011 15:42:30] /a 5
[29/05/2011 15:42:55] /i defeated magikarp
[29/05/2011 15:44:39] /i defeated magikarp
[29/05/2011 15:44:59] /i defeated charizard
[29/05/2011 15:45:02] /i fainted charizard
[29/05/2011 15:45:06] /i fainted charizard
[29/05/2011 15:45:16] /i defeated magikarp
[29/05/2011 15:45:23] /i defeated magikarp
[29/05/2011 15:45:26] /i defeated magikarp
[29/05/2011 15:45:51] /t
[29/05/2011 15:45:59] /i defeated magikarp
[29/05/2011 15:46:01] /i defeated magikarp
[29/05/2011 15:46:12] /t
[29/05/2011 15:46:14] /a 12
[29/05/2011 15:46:15] /a 12
[29/05/2011 15:46:16] /a 12
[29/05/2011 15:46:16] /a 12
[29/05/2011 15:46:17] /a 12
[29/05/2011 15:47:11] /i defeated magikarp
[29/05/2011 15:47:14] /i defeated magikarp
[29/05/2011 15:48:23] /i defeated magikarp
[29/05/2011 15:48:25] /i defeated magikarp
[29/05/2011 15:48:49] /i defeated magikarp
[29/05/2011 15:48:49] /i defeated magikarp
[29/05/2011 15:50:00] /storage Zzzetst, 54842
[29/05/2011 15:51:37] /a 2
[29/05/2011 15:51:38] /a 2
[29/05/2011 15:53:52] /i super ball
[29/05/2011 15:53:55] /i great ball
[29/05/2011 15:54:00] /i defeated magikarp
[29/05/2011 15:54:03] /i defeated magikarp
[29/05/2011 15:54:23] /m pidgey s
[29/05/2011 15:54:26] /a 12
[29/05/2011 15:54:28] /m pidgey s
[29/05/2011 15:54:53] /a 2
[29/05/2011 15:54:57] /n nurse
[29/05/2011 15:55:16] /r
[29/05/2011 15:55:24] /storage Zzzetst, 54842
[29/05/2011 15:55:27] /a 2
[29/05/2011 15:55:30] /r
[29/05/2011 15:55:34] /a 2
[29/05/2011 15:55:41] /i defeated magikarp
[29/05/2011 15:55:41] /i defeated magikarp
[29/05/2011 15:55:42] /i defeated magikarp
[29/05/2011 15:55:43] /i defeated magikarp
[29/05/2011 15:55:54] /t
[29/05/2011 15:56:05] /i defeated magikarp
[29/05/2011 15:56:08] /i ultra ball
[29/05/2011 15:56:12] /i defeated magikarp
[29/05/2011 15:56:14] /i pokeball
[29/05/2011 15:56:21] /i poke ball
